[I 2025-08-01 12:07:12,975] Trial 357 finished with value: 0.03084919216786689 and parameters: {'min_abs_corr': 0.04967016047416855, 'max_pair_corr': 0.9845520776180742, 'iterations': 2000, 'learning_rate': 0.04333862180048547, 'depth': 5, 'l2_leaf_reg': 6.370171183115117, 'subsample': 0.552486881491851, 'rsm': 0.9634244706384898, 'bagging_temperature': 0.450247900726172}. Best is trial 88 with value: 0.02933544222538914.
[I 2025-08-01 12:07:32,977] Trial 358 finished with value: 0.030257155670795444 and parameters: {'min_abs_corr': 0.028179643622544152, 'max_pair_corr': 0.9778448106276437, 'iterations': 1929, 'learning_rate': 0.030773065414357762, 'depth': 4, 'l2_leaf_reg': 3.2290137899589686, 'subsample': 0.5790313651692899, 'rsm': 0.9198078352201661, 'bagging_temperature': 0.571862531106595}. Best is trial 88 with value: 0.02933544222538914.
[I 2025-08-01 12:07:45,235] Trial 359 finished with value: 0.030828873005758105 and parameters: {'min_abs_corr': 0.024565745793938103, 'max_pair_corr': 0.950755718072614, 'iterations': 1966, 'learning_rate': 0.051940991124891624, 'depth': 3, 'l2_leaf_reg': 5.5873840909222805, 'subsample': 0.5157193706290218, 'rsm': 0.8685587317291791, 'bagging_temperature': 0.5916871945457519}. Best is trial 88 with value: 0.02933544222538914.
[I 2025-08-01 12:08:05,820] Trial 360 finished with value: 0.030596148185114268 and parameters: {'min_abs_corr': 0.03193912684537224, 'max_pair_corr': 0.9821853285080658, 'iterations': 1916, 'learning_rate': 0.03897619114613071, 'depth': 4, 'l2_leaf_reg': 3.610118940706424, 'subsample': 0.5433680382415693, 'rsm': 0.8873792115739514, 'bagging_temperature': 0.35289326393665277}. Best is trial 88 with value: 0.02933544222538914.
[I 2025-08-01 12:10:25,196] Trial 361 finished with value: 0.03311927001272894 and parameters: {'min_abs_corr': 0.05212089633511693, 'max_pair_corr': 0.9732800330928998, 'iterations': 1974, 'learning_rate': 0.06637265474298201, 'depth': 8, 'l2_leaf_reg': 5.242056487924246, 'subsample': 0.5702926715322081, 'rsm': 0.9365826306159036, 'bagging_temperature': 0.4040500955430605}. Best is trial 88 with value: 0.02933544222538914.
[I 2025-08-01 12:10:55,681] Trial 362 finished with value: 0.029405447396330976 and parameters: {'min_abs_corr': 0.021178463493926044, 'max_pair_corr': 0.980694055966395, 'iterations': 1885, 'learning_rate': 0.02498519325638006, 'depth': 5, 'l2_leaf_reg': 3.365873772133333, 'subsample': 0.5602621223324182, 'rsm': 0.9143346573646965, 'bagging_temperature': 0.4834714600575544}. Best is trial 88 with value: 0.02933544222538914.
[I 2025-08-01 12:11:24,517] Trial 363 finished with value: 0.02966063397859297 and parameters: {'min_abs_corr': 0.044719741281266684, 'max_pair_corr': 0.9806393263903859, 'iterations': 1871, 'learning_rate': 0.025665467994904437, 'depth': 5, 'l2_leaf_reg': 3.4881143848443115, 'subsample': 0.560430643817474, 'rsm': 0.8426914272363232, 'bagging_temperature': 0.48461534780771637}. Best is trial 88 with value: 0.02933544222538914.
[I 2025-08-01 12:11:54,240] Trial 364 finished with value: 0.029783376255780657 and parameters: {'min_abs_corr': 0.01592771218893233, 'max_pair_corr': 0.9804725984439482, 'iterations': 1866, 'learning_rate': 0.02449939334864321, 'depth': 5, 'l2_leaf_reg': 3.511769482136803, 'subsample': 0.5643540722909597, 'rsm': 0.8278599692488879, 'bagging_temperature': 0.4868965425288342}. Best is trial 88 with value: 0.02933544222538914.
[I 2025-08-01 12:12:24,356] Trial 365 finished with value: 0.029535278440465516 and parameters: {'min_abs_corr': 0.04595994335959138, 'max_pair_corr': 0.9832259433485318, 'iterations': 1869, 'learning_rate': 0.02639337422906505, 'depth': 5, 'l2_leaf_reg': 3.4057611312910034, 'subsample': 0.5554866173165824, 'rsm': 0.8484498344080436, 'bagging_temperature': 0.5143065216758579}. Best is trial 88 with value: 0.02933544222538914.
[I 2025-08-01 12:12:53,951] Trial 366 finished with value: 0.029979779160606894 and parameters: {'min_abs_corr': 0.04827028941720058, 'max_pair_corr': 0.9840076246337914, 'iterations': 1821, 'learning_rate': 0.022234751340953617, 'depth': 5, 'l2_leaf_reg': 3.4016416506353213, 'subsample': 0.869418155656788, 'rsm': 0.8417944203788638, 'bagging_temperature': 0.519688568116102}. Best is trial 88 with value: 0.02933544222538914.
[I 2025-08-01 12:13:24,434] Trial 367 finished with value: 0.02984511788524482 and parameters: {'min_abs_corr': 0.04752637072460568, 'max_pair_corr': 0.9863564115356022, 'iterations': 1848, 'learning_rate': 0.026096241806421873, 'depth': 5, 'l2_leaf_reg': 3.2628018597190604, 'subsample': 0.5585401871697497, 'rsm': 0.8486612088032649, 'bagging_temperature': 0.5097844164264026}. Best is trial 88 with value: 0.02933544222538914.
[I 2025-08-01 12:13:54,038] Trial 368 finished with value: 0.030025303825476447 and parameters: {'min_abs_corr': 0.0188730382812528, 'max_pair_corr': 0.9808508814981647, 'iterations': 1861, 'learning_rate': 0.022915840255701894, 'depth': 5, 'l2_leaf_reg': 3.4429684585904576, 'subsample': 0.5595577873336376, 'rsm': 0.8379604434176243, 'bagging_temperature': 0.49209586046044046}. Best is trial 88 with value: 0.02933544222538914.
[I 2025-08-01 12:14:24,493] Trial 369 finished with value: 0.030368715734952756 and parameters: {'min_abs_corr': 0.015370776763508717, 'max_pair_corr': 0.9836961464098191, 'iterations': 1793, 'learning_rate': 0.02829845250337665, 'depth': 5, 'l2_leaf_reg': 3.638140547097674, 'subsample': 0.5514335673616954, 'rsm': 0.826001424564253, 'bagging_temperature': 0.5304444878085409}. Best is trial 88 with value: 0.02933544222538914.
[I 2025-08-01 12:15:12,270] Trial 370 finished with value: 0.029669506808466296 and parameters: {'min_abs_corr': 0.04570525277369611, 'max_pair_corr': 0.9856189032747005, 'iterations': 1830, 'learning_rate': 0.025923955252014692, 'depth': 6, 'l2_leaf_reg': 3.1894382092892624, 'subsample': 0.5818262859289973, 'rsm': 0.8486177909014694, 'bagging_temperature': 0.5109069259562606}. Best is trial 88 with value: 0.02933544222538914.
[I 2025-08-01 12:15:42,167] Trial 371 finished with value: 0.047655870803698416 and parameters: {'min_abs_corr': 0.04900781100105475, 'max_pair_corr': 0.9815900595494393, 'iterations': 1900, 'learning_rate': 0.0012304200421441036, 'depth': 5, 'l2_leaf_reg': 3.4580291902481566, 'subsample': 0.563469946641825, 'rsm': 0.8406734620998138, 'bagging_temperature': 0.47693384489281637}. Best is trial 88 with value: 0.02933544222538914.
[I 2025-08-01 12:16:14,556] Trial 372 finished with value: 0.029964140170551705 and parameters: {'min_abs_corr': 0.020392565541030576, 'max_pair_corr': 0.9878167710027974, 'iterations': 1892, 'learning_rate': 0.030780818524031424, 'depth': 5, 'l2_leaf_reg': 3.7933852345678485, 'subsample': 0.5407207252177487, 'rsm': 0.8165945589023409, 'bagging_temperature': 0.5453740197164691}. Best is trial 88 with value: 0.02933544222538914.
[I 2025-08-01 12:16:42,586] Trial 373 finished with value: 0.03010467837650511 and parameters: {'min_abs_corr': 0.05378427173496526, 'max_pair_corr': 0.9792731240021739, 'iterations': 1858, 'learning_rate': 0.02340011585346487, 'depth': 5, 'l2_leaf_reg': 3.631943865955216, 'subsample': 0.5733267861373962, 'rsm': 0.8589555891298889, 'bagging_temperature': 0.49287713474770345}. Best is trial 88 with value: 0.02933544222538914.
[I 2025-08-01 12:17:17,867] Trial 374 finished with value: 0.0303928733322414 and parameters: {'min_abs_corr': 0.05050910825632672, 'max_pair_corr': 0.9553870604515431, 'iterations': 1782, 'learning_rate': 0.029029555283099508, 'depth': 6, 'l2_leaf_reg': 3.9291978319483976, 'subsample': 0.5845634062198989, 'rsm': 0.6892770585158804, 'bagging_temperature': 0.4648809087084527}. Best is trial 88 with value: 0.02933544222538914.
[I 2025-08-01 12:17:42,570] Trial 375 finished with value: 0.030231012712075477 and parameters: {'min_abs_corr': 0.0447661370438099, 'max_pair_corr': 0.9831010807083234, 'iterations': 1449, 'learning_rate': 0.03278579864530767, 'depth': 5, 'l2_leaf_reg': 3.280760639604236, 'subsample': 0.7469413829054448, 'rsm': 0.9567100786657143, 'bagging_temperature': 0.5290120590793383}. Best is trial 88 with value: 0.02933544222538914.
[I 2025-08-01 12:18:10,526] Trial 376 finished with value: 0.03014384734935398 and parameters: {'min_abs_corr': 0.046856131316543176, 'max_pair_corr': 0.9782257722815181, 'iterations': 1824, 'learning_rate': 0.02616903062900267, 'depth': 5, 'l2_leaf_reg': 3.5125796485972094, 'subsample': 0.5515591215054315, 'rsm': 0.8612216247936793, 'bagging_temperature': 0.5038299070575821}. Best is trial 88 with value: 0.02933544222538914.
[I 2025-08-01 12:18:40,651] Trial 377 finished with value: 0.030061730779749368 and parameters: {'min_abs_corr': 0.021879401057860466, 'max_pair_corr': 0.9808148817545305, 'iterations': 1880, 'learning_rate': 0.020954153737560967, 'depth': 5, 'l2_leaf_reg': 3.701031287176282, 'subsample': 0.5371198969523155, 'rsm': 0.836617754296568, 'bagging_temperature': 0.4712059275988823}. Best is trial 88 with value: 0.02933544222538914.
[I 2025-08-01 12:19:14,390] Trial 378 finished with value: 0.03060843211452366 and parameters: {'min_abs_corr': 0.011707996159135467, 'max_pair_corr': 0.9850134947001875, 'iterations': 1923, 'learning_rate': 0.034413174244608664, 'depth': 5, 'l2_leaf_reg': 4.044975563645963, 'subsample': 0.5657607459013139, 'rsm': 0.8552838698796565, 'bagging_temperature': 0.5472585718003357}. Best is trial 88 with value: 0.02933544222538914.
[I 2025-08-01 12:19:33,655] Trial 379 finished with value: 0.029887968617655046 and parameters: {'min_abs_corr': 0.03305208136101281, 'max_pair_corr': 0.9770078960709712, 'iterations': 1881, 'learning_rate': 0.02384128465375909, 'depth': 4, 'l2_leaf_reg': 3.1526083584802813, 'subsample': 0.5069553796877566, 'rsm': 0.9464209462513824, 'bagging_temperature': 0.42932964981919874}. Best is trial 88 with value: 0.02933544222538914.
[I 2025-08-01 12:20:05,097] Trial 380 finished with value: 0.030493344005977436 and parameters: {'min_abs_corr': 0.020221292419990777, 'max_pair_corr': 0.9832917776202249, 'iterations': 1795, 'learning_rate': 0.0287261330385035, 'depth': 5, 'l2_leaf_reg': 3.3941121371276677, 'subsample': 0.5244742625559488, 'rsm': 0.9217721886886778, 'bagging_temperature': 0.514048781517772}. Best is trial 88 with value: 0.02933544222538914.
[I 2025-08-01 12:20:25,286] Trial 381 finished with value: 0.030426226037876168 and parameters: {'min_abs_corr': 0.03454844042714701, 'max_pair_corr': 0.9795476582688524, 'iterations': 1931, 'learning_rate': 0.03116789495039419, 'depth': 4, 'l2_leaf_reg': 3.743001832745183, 'subsample': 0.5856163351957315, 'rsm': 0.9341775118178112, 'bagging_temperature': 0.4840528549614627}. Best is trial 88 with value: 0.02933544222538914.
[I 2025-08-01 12:20:44,652] Trial 382 finished with value: 0.029551061430236614 and parameters: {'min_abs_corr': 0.04608849705277627, 'max_pair_corr': 0.9810942250180101, 'iterations': 1852, 'learning_rate': 0.02722332950068151, 'depth': 4, 'l2_leaf_reg': 3.873296627486014, 'subsample': 0.5738589717637276, 'rsm': 0.8683777006720407, 'bagging_temperature': 0.45513277782668715}. Best is trial 88 with value: 0.02933544222538914.
[I 2025-08-01 12:21:04,097] Trial 383 finished with value: 0.02989416445001624 and parameters: {'min_abs_corr': 0.05173088897606068, 'max_pair_corr': 0.9887442304531209, 'iterations': 1739, 'learning_rate': 0.03245182230333407, 'depth': 4, 'l2_leaf_reg': 4.1043334805524045, 'subsample': 0.592099867815036, 'rsm': 0.8664942518099606, 'bagging_temperature': 0.4545506035873227}. Best is trial 88 with value: 0.02933544222538914.
[I 2025-08-01 12:21:24,785] Trial 384 finished with value: 0.029723066287129583 and parameters: {'min_abs_corr': 0.04877252101263645, 'max_pair_corr': 0.9826873249099612, 'iterations': 2000, 'learning_rate': 0.035522952275556484, 'depth': 4, 'l2_leaf_reg': 3.9816588420586774, 'subsample': 0.5775289765953943, 'rsm': 0.8752152323918727, 'bagging_temperature': 0.39065715940651025}. Best is trial 88 with value: 0.02933544222538914.
[I 2025-08-01 12:21:38,579] Trial 385 finished with value: 0.03063404533828439 and parameters: {'min_abs_corr': 0.025942501043287724, 'max_pair_corr': 0.9853515836944096, 'iterations': 1196, 'learning_rate': 0.028318373578140075, 'depth': 4, 'l2_leaf_reg': 3.821897956500443, 'subsample': 0.5022173433219551, 'rsm': 0.9123865900173878, 'bagging_temperature': 0.43249029392484317}. Best is trial 88 with value: 0.02933544222538914.
[I 2025-08-01 12:21:51,523] Trial 386 finished with value: 0.030728384381892265 and parameters: {'min_abs_corr': 0.035863735053957034, 'max_pair_corr': 0.9777681917270507, 'iterations': 1251, 'learning_rate': 0.02173884552256963, 'depth': 4, 'l2_leaf_reg': 3.896127506706924, 'subsample': 0.5161851827096743, 'rsm': 0.9207070108516381, 'bagging_temperature': 0.41368707896753704}. Best is trial 88 with value: 0.02933544222538914.
[I 2025-08-01 12:22:11,857] Trial 387 finished with value: 0.030118760039129833 and parameters: {'min_abs_corr': 0.017888862407213733, 'max_pair_corr': 0.9818038909311012, 'iterations': 1835, 'learning_rate': 0.035993243872669556, 'depth': 4, 'l2_leaf_reg': 4.0487830890268, 'subsample': 0.5699676241695396, 'rsm': 0.9721503058943266, 'bagging_temperature': 0.45323362953555596}. Best is trial 88 with value: 0.02933544222538914.
[I 2025-08-01 12:22:31,240] Trial 388 finished with value: 0.03025826609946473 and parameters: {'min_abs_corr': 0.0467549302571557, 'max_pair_corr': 0.9840271720428139, 'iterations': 1802, 'learning_rate': 0.026562429368649637, 'depth': 4, 'l2_leaf_reg': 3.724919738158658, 'subsample': 0.5911397685295049, 'rsm': 0.8992276610856437, 'bagging_temperature': 0.44294116552436824}. Best is trial 88 with value: 0.02933544222538914.
[I 2025-08-01 12:22:50,660] Trial 389 finished with value: 0.03004709438194403 and parameters: {'min_abs_corr': 0.04961383051312384, 'max_pair_corr': 0.9758398861093645, 'iterations': 1916, 'learning_rate': 0.030177223609374363, 'depth': 4, 'l2_leaf_reg': 5.395525623472342, 'subsample': 0.5285648199185605, 'rsm': 0.9334661632669867, 'bagging_temperature': 0.4173287084458099}. Best is trial 88 with value: 0.02933544222538914.
[I 2025-08-01 12:23:09,470] Trial 390 finished with value: 0.030371747911787306 and parameters: {'min_abs_corr': 0.027397684504234687, 'max_pair_corr': 0.9793274801959213, 'iterations': 1767, 'learning_rate': 0.022947264916693452, 'depth': 4, 'l2_leaf_reg': 5.140951439614836, 'subsample': 0.5457293702303778, 'rsm': 0.9083319135400888, 'bagging_temperature': 0.561745184206425}. Best is trial 88 with value: 0.02933544222538914.
[I 2025-08-01 12:23:27,883] Trial 391 finished with value: 0.03070487220505045 and parameters: {'min_abs_corr': 0.050709057164444966, 'max_pair_corr': 0.9663732767166796, 'iterations': 1943, 'learning_rate': 0.01914558808156317, 'depth': 4, 'l2_leaf_reg': 3.6332200202425593, 'subsample': 0.5798186393848485, 'rsm': 0.9487748188588194, 'bagging_temperature': 0.39005066395684973}. Best is trial 88 with value: 0.02933544222538914.
[I 2025-08-01 12:23:48,302] Trial 392 finished with value: 0.029617596499914585 and parameters: {'min_abs_corr': 0.030711582386521368, 'max_pair_corr': 0.9813602648664684, 'iterations': 1898, 'learning_rate': 0.03779959740877073, 'depth': 4, 'l2_leaf_reg': 4.172957835849511, 'subsample': 0.5987608552997782, 'rsm': 0.880616212987123, 'bagging_temperature': 0.4645994855330828}. Best is trial 88 with value: 0.02933544222538914.
[I 2025-08-01 12:24:08,567] Trial 393 finished with value: 0.029896599101301925 and parameters: {'min_abs_corr': 0.030181866297650014, 'max_pair_corr': 0.9821339538592077, 'iterations': 1891, 'learning_rate': 0.0405970097469247, 'depth': 4, 'l2_leaf_reg': 4.186807007711046, 'subsample': 0.6097892497717734, 'rsm': 0.871564664664711, 'bagging_temperature': 0.4639143878983928}. Best is trial 88 with value: 0.02933544222538914.
[I 2025-08-01 12:24:30,263] Trial 394 finished with value: 0.029323265800569542 and parameters: {'min_abs_corr': 0.03158087320401884, 'max_pair_corr': 0.986739738178347, 'iterations': 1935, 'learning_rate': 0.03626076245775622, 'depth': 4, 'l2_leaf_reg': 4.05087235971559, 'subsample': 0.600511279367694, 'rsm': 0.8802528462054575, 'bagging_temperature': 0.4631073877624558}. Best is trial 394 with value: 0.029323265800569542.
[I 2025-08-01 12:24:51,739] Trial 395 finished with value: 0.02969664081335756 and parameters: {'min_abs_corr': 0.031105592799609207, 'max_pair_corr': 0.9863354904078161, 'iterations': 1903, 'learning_rate': 0.036445263663864, 'depth': 4, 'l2_leaf_reg': 3.8793945567118344, 'subsample': 0.6065583665398099, 'rsm': 0.8849262856117575, 'bagging_temperature': 0.4639035177870231}. Best is trial 394 with value: 0.029323265800569542.
[I 2025-08-01 12:25:06,342] Trial 396 finished with value: 0.031136746158223094 and parameters: {'min_abs_corr': 0.03280705578405077, 'max_pair_corr': 0.9869955578664167, 'iterations': 1938, 'learning_rate': 0.03977970302100703, 'depth': 3, 'l2_leaf_reg': 4.162215145164114, 'subsample': 0.5994477217172015, 'rsm': 0.8821166854990448, 'bagging_temperature': 0.9756283340027092}. Best is trial 394 with value: 0.029323265800569542.
[I 2025-08-01 12:25:29,068] Trial 397 finished with value: 0.029976456111722415 and parameters: {'min_abs_corr': 0.027579300944475513, 'max_pair_corr': 0.987930172314732, 'iterations': 1960, 'learning_rate': 0.04657763535649181, 'depth': 4, 'l2_leaf_reg': 4.379874350694488, 'subsample': 0.5987599544121922, 'rsm': 0.8918993039861424, 'bagging_temperature': 0.4333968532725872}. Best is trial 394 with value: 0.029323265800569542.
[I 2025-08-01 12:25:51,827] Trial 398 finished with value: 0.030332221801920543 and parameters: {'min_abs_corr': 0.028911718864896907, 'max_pair_corr': 0.9896103537399779, 'iterations': 1860, 'learning_rate': 0.03747772143359729, 'depth': 4, 'l2_leaf_reg': 3.8708883263350824, 'subsample': 0.5850506823668146, 'rsm': 0.8694056891454434, 'bagging_temperature': 0.017137611956129506}. Best is trial 394 with value: 0.029323265800569542.
[I 2025-08-01 12:26:07,872] Trial 399 finished with value: 0.031138361162571553 and parameters: {'min_abs_corr': 0.023626452550578422, 'max_pair_corr': 0.9846971848144679, 'iterations': 1397, 'learning_rate': 0.04294050703556547, 'depth': 4, 'l2_leaf_reg': 4.060738511625743, 'subsample': 0.5730525823304079, 'rsm': 0.893833143112663, 'bagging_temperature': 0.45168187474595245}. Best is trial 394 with value: 0.029323265800569542.
[I 2025-08-01 12:26:24,139] Trial 400 finished with value: 0.030596952475671034 and parameters: {'min_abs_corr': 0.03108115055783957, 'max_pair_corr': 0.9853646526056163, 'iterations': 1914, 'learning_rate': 0.033749759391004004, 'depth': 4, 'l2_leaf_reg': 3.3385184869526214, 'subsample': 0.5958642698037099, 'rsm': 0.5372837480622831, 'bagging_temperature': 0.47278210363320433}. Best is trial 394 with value: 0.029323265800569542.
[I 2025-08-01 12:26:45,906] Trial 401 finished with value: 0.030673880245809887 and parameters: {'min_abs_corr': 0.034247622089154536, 'max_pair_corr': 0.9830310587809776, 'iterations': 2000, 'learning_rate': 0.03603460369783076, 'depth': 4, 'l2_leaf_reg': 6.6419829388246185, 'subsample': 0.6119073537557205, 'rsm': 0.8837156208340116, 'bagging_temperature': 0.4422114164777786}. Best is trial 394 with value: 0.029323265800569542.
[I 2025-08-01 12:27:07,851] Trial 402 finished with value: 0.030501906383494048 and parameters: {'min_abs_corr': 0.03742192633493707, 'max_pair_corr': 0.9883869621734453, 'iterations': 1947, 'learning_rate': 0.040583386121696416, 'depth': 4, 'l2_leaf_reg': 4.332213089274627, 'subsample': 0.5820770486177229, 'rsm': 0.8612615044890303, 'bagging_temperature': 0.4181387953628627}. Best is trial 394 with value: 0.029323265800569542.
[I 2025-08-01 12:27:29,964] Trial 403 finished with value: 0.030293091531788413 and parameters: {'min_abs_corr': 0.02483796444023753, 'max_pair_corr': 0.9836794097142846, 'iterations': 1966, 'learning_rate': 0.03131281609536078, 'depth': 4, 'l2_leaf_reg': 3.1062798003496432, 'subsample': 0.5690919086263175, 'rsm': 0.8999213360856676, 'bagging_temperature': 0.4922479520331917}. Best is trial 394 with value: 0.029323265800569542.
[I 2025-08-01 12:27:45,271] Trial 404 finished with value: 0.032065491054212594 and parameters: {'min_abs_corr': 0.02873830919182478, 'max_pair_corr': 0.986390618503805, 'iterations': 1328, 'learning_rate': 0.11858932605885787, 'depth': 4, 'l2_leaf_reg': 3.706243589583497, 'subsample': 0.5587988438310786, 'rsm': 0.9116176118961962, 'bagging_temperature': 0.4646637570606104}. Best is trial 394 with value: 0.029323265800569542.
[I 2025-08-01 12:29:08,975] Trial 405 finished with value: 0.031238864151110157 and parameters: {'min_abs_corr': 0.03909655913665966, 'max_pair_corr': 0.9813804979182638, 'iterations': 1900, 'learning_rate': 0.044180341719973704, 'depth': 7, 'l2_leaf_reg': 3.9851459265615707, 'subsample': 0.5922676572141117, 'rsm': 0.9217295179826199, 'bagging_temperature': 0.3609769991683623}. Best is trial 394 with value: 0.029323265800569542.
[I 2025-08-01 12:29:28,130] Trial 406 finished with value: 0.03042283858328243 and parameters: {'min_abs_corr': 0.03420995823614047, 'max_pair_corr': 0.9799305925193295, 'iterations': 1861, 'learning_rate': 0.02799789656962482, 'depth': 4, 'l2_leaf_reg': 3.488955859330931, 'subsample': 0.5126457134178911, 'rsm': 0.8784009088739388, 'bagging_temperature': 0.6771289331761426}. Best is trial 394 with value: 0.029323265800569542.
[I 2025-08-01 12:29:50,497] Trial 407 finished with value: 0.030651707998888646 and parameters: {'min_abs_corr': 0.0414819401192917, 'max_pair_corr': 0.9848104608474259, 'iterations': 2000, 'learning_rate': 0.033809236625438104, 'depth': 4, 'l2_leaf_reg': 4.23732353776856, 'subsample': 0.5748017609998176, 'rsm': 0.9315972707368677, 'bagging_temperature': 0.4376425089797499}. Best is trial 394 with value: 0.029323265800569542.
