[I 2025-08-01 11:46:42,739] Trial 306 finished with value: 0.029833659884244662 and parameters: {'min_abs_corr': 0.0326449290200421, 'max_pair_corr': 0.9749918998194558, 'iterations': 1744, 'learning_rate': 0.03792082999659674, 'depth': 4, 'l2_leaf_reg': 4.533168263870598, 'subsample': 0.5760972738769101, 'rsm': 0.8968884123901133, 'bagging_temperature': 0.5196908909272769}. Best is trial 88 with value: 0.02933544222538914.
[I 2025-08-01 11:46:59,446] Trial 307 finished with value: 0.02975125297128913 and parameters: {'min_abs_corr': 0.026806675730686444, 'max_pair_corr': 0.9762455459600784, 'iterations': 1943, 'learning_rate': 0.04109178147514742, 'depth': 4, 'l2_leaf_reg': 4.294913906836477, 'subsample': 0.5644976439091794, 'rsm': 0.6032305132232237, 'bagging_temperature': 0.4763085668007403}. Best is trial 88 with value: 0.02933544222538914.
[I 2025-08-01 11:47:17,990] Trial 308 finished with value: 0.030045918338805117 and parameters: {'min_abs_corr': 0.04503084626999488, 'max_pair_corr': 0.9772599447840935, 'iterations': 1855, 'learning_rate': 0.03272378034905264, 'depth': 4, 'l2_leaf_reg': 4.591601346059778, 'subsample': 0.5929943033685888, 'rsm': 0.8850404568583443, 'bagging_temperature': 0.4668100482135174}. Best is trial 88 with value: 0.02933544222538914.
[I 2025-08-01 11:47:36,293] Trial 309 finished with value: 0.030543963742238927 and parameters: {'min_abs_corr': 0.031231953623364932, 'max_pair_corr': 0.9710869024576344, 'iterations': 1914, 'learning_rate': 0.02062829396706499, 'depth': 4, 'l2_leaf_reg': 4.465171782626903, 'subsample': 0.5750675895502914, 'rsm': 0.871914658465575, 'bagging_temperature': 0.4958081403971791}. Best is trial 88 with value: 0.02933544222538914.
[I 2025-08-01 11:47:53,880] Trial 310 finished with value: 0.03037844685180046 and parameters: {'min_abs_corr': 0.041165469727130664, 'max_pair_corr': 0.9742189688066393, 'iterations': 1808, 'learning_rate': 0.02895880997610281, 'depth': 4, 'l2_leaf_reg': 4.014781663735833, 'subsample': 0.5446034844204539, 'rsm': 0.8438488479950769, 'bagging_temperature': 0.5316541233420741}. Best is trial 88 with value: 0.02933544222538914.
[I 2025-08-01 11:48:14,382] Trial 311 finished with value: 0.02946659387949275 and parameters: {'min_abs_corr': 0.047437600442058116, 'max_pair_corr': 0.9785287469221237, 'iterations': 1998, 'learning_rate': 0.035816448147974286, 'depth': 4, 'l2_leaf_reg': 3.5598567920620736, 'subsample': 0.561815150436029, 'rsm': 0.9242399174201449, 'bagging_temperature': 0.5618328389741132}. Best is trial 88 with value: 0.02933544222538914.
[I 2025-08-01 11:48:34,657] Trial 312 finished with value: 0.030426364092447512 and parameters: {'min_abs_corr': 0.047329059095559754, 'max_pair_corr': 0.9788205593413957, 'iterations': 1975, 'learning_rate': 0.042859255352154645, 'depth': 4, 'l2_leaf_reg': 3.3866174398238997, 'subsample': 0.5823719483734928, 'rsm': 0.928430746563548, 'bagging_temperature': 0.5570394138582414}. Best is trial 88 with value: 0.02933544222538914.
[I 2025-08-01 11:48:55,768] Trial 313 finished with value: 0.030352696415513764 and parameters: {'min_abs_corr': 0.04749980037455672, 'max_pair_corr': 0.981145229932051, 'iterations': 1997, 'learning_rate': 0.01783887964786115, 'depth': 4, 'l2_leaf_reg': 3.7679058699383865, 'subsample': 0.5589343621482643, 'rsm': 0.9158976002735161, 'bagging_temperature': 0.5822617121037362}. Best is trial 88 with value: 0.02933544222538914.
[I 2025-08-01 11:49:13,732] Trial 314 finished with value: 0.030321711191710454 and parameters: {'min_abs_corr': 0.04859503610812013, 'max_pair_corr': 0.9596486810815519, 'iterations': 1953, 'learning_rate': 0.03639490721997616, 'depth': 4, 'l2_leaf_reg': 3.4633656172562315, 'subsample': 0.5683786610912037, 'rsm': 0.939827964936245, 'bagging_temperature': 0.5454982777742429}. Best is trial 88 with value: 0.02933544222538914.
[I 2025-08-01 11:49:34,125] Trial 315 finished with value: 0.03064858591784949 and parameters: {'min_abs_corr': 0.044937470136096586, 'max_pair_corr': 0.9800565851904808, 'iterations': 1972, 'learning_rate': 0.02447257112452525, 'depth': 4, 'l2_leaf_reg': 9.078266627432878, 'subsample': 0.5557275537559334, 'rsm': 0.9207494530544026, 'bagging_temperature': 0.5144444443180669}. Best is trial 88 with value: 0.02933544222538914.
[I 2025-08-01 11:49:54,075] Trial 316 finished with value: 0.029929667503421086 and parameters: {'min_abs_corr': 0.04229414350053355, 'max_pair_corr': 0.978397563724989, 'iterations': 1923, 'learning_rate': 0.04061991062451173, 'depth': 4, 'l2_leaf_reg': 3.588482316556699, 'subsample': 0.5292588735823369, 'rsm': 0.9035571070920241, 'bagging_temperature': 0.5671433869330259}. Best is trial 88 with value: 0.02933544222538914.
[I 2025-08-01 11:50:05,434] Trial 317 finished with value: 0.04093528119273796 and parameters: {'min_abs_corr': 0.03568884305481958, 'max_pair_corr': 0.9768409945872039, 'iterations': 1884, 'learning_rate': 0.0031386156983674177, 'depth': 3, 'l2_leaf_reg': 4.752660297504882, 'subsample': 0.5447478749201522, 'rsm': 0.674651593010213, 'bagging_temperature': 0.4413599415669885}. Best is trial 88 with value: 0.02933544222538914.
[I 2025-08-01 11:50:37,284] Trial 318 finished with value: 0.029874401149157088 and parameters: {'min_abs_corr': 0.045732608840943614, 'max_pair_corr': 0.9821591905299936, 'iterations': 1965, 'learning_rate': 0.02762184625880846, 'depth': 5, 'l2_leaf_reg': 3.813065676576364, 'subsample': 0.5672628242971746, 'rsm': 0.894917150411613, 'bagging_temperature': 0.46756227537843276}. Best is trial 88 with value: 0.02933544222538914.
[I 2025-08-01 11:50:57,940] Trial 319 finished with value: 0.030524528314793426 and parameters: {'min_abs_corr': 0.05033458430797776, 'max_pair_corr': 0.9801028417809534, 'iterations': 1996, 'learning_rate': 0.015228206453102522, 'depth': 4, 'l2_leaf_reg': 3.6120822704473463, 'subsample': 0.5888777763291344, 'rsm': 0.9305603417075616, 'bagging_temperature': 0.4858310320313515}. Best is trial 88 with value: 0.02933544222538914.
[I 2025-08-01 11:51:19,626] Trial 320 finished with value: 0.030053085174163007 and parameters: {'min_abs_corr': 0.03333459037466614, 'max_pair_corr': 0.9867127626229625, 'iterations': 1940, 'learning_rate': 0.02131455143544454, 'depth': 4, 'l2_leaf_reg': 4.960781815510343, 'subsample': 0.5800807129697652, 'rsm': 0.9085187659505536, 'bagging_temperature': 0.5320219714419662}. Best is trial 88 with value: 0.02933544222538914.
[I 2025-08-01 11:51:50,335] Trial 321 finished with value: 0.03029615160285981 and parameters: {'min_abs_corr': 0.02899618013762495, 'max_pair_corr': 0.9784743599065493, 'iterations': 1899, 'learning_rate': 0.031441549177642934, 'depth': 5, 'l2_leaf_reg': 4.656612574474916, 'subsample': 0.5418707022263889, 'rsm': 0.9456874979836354, 'bagging_temperature': 0.4291463907821948}. Best is trial 88 with value: 0.02933544222538914.
[I 2025-08-01 11:52:21,200] Trial 322 finished with value: 0.030035819138965074 and parameters: {'min_abs_corr': 0.04385634646820988, 'max_pair_corr': 0.9836133840834016, 'iterations': 1861, 'learning_rate': 0.02492266066507749, 'depth': 5, 'l2_leaf_reg': 8.379979423913614, 'subsample': 0.556731672204741, 'rsm': 0.887849132578, 'bagging_temperature': 0.387184049679693}. Best is trial 88 with value: 0.02933544222538914.
[I 2025-08-01 11:52:41,468] Trial 323 finished with value: 0.02946920317823316 and parameters: {'min_abs_corr': 0.04043884169841074, 'max_pair_corr': 0.9759327373155878, 'iterations': 2000, 'learning_rate': 0.0356080481200768, 'depth': 4, 'l2_leaf_reg': 3.2610360520755863, 'subsample': 0.5249785709807508, 'rsm': 0.9171374827944081, 'bagging_temperature': 0.454172591961885}. Best is trial 88 with value: 0.02933544222538914.
[I 2025-08-01 11:53:02,504] Trial 324 finished with value: 0.03245898706845781 and parameters: {'min_abs_corr': 0.04019298133257296, 'max_pair_corr': 0.9810864028408662, 'iterations': 1970, 'learning_rate': 0.18267833541218875, 'depth': 4, 'l2_leaf_reg': 2.7808743758821297, 'subsample': 0.5276791264391579, 'rsm': 0.9013846348112639, 'bagging_temperature': 0.5583766420575823}. Best is trial 88 with value: 0.02933544222538914.
[I 2025-08-01 11:54:22,314] Trial 325 finished with value: 0.03196690073976169 and parameters: {'min_abs_corr': 0.042946415073849116, 'max_pair_corr': 0.975970933179459, 'iterations': 1939, 'learning_rate': 0.0363057382461829, 'depth': 7, 'l2_leaf_reg': 3.4176537354944028, 'subsample': 0.519769119801755, 'rsm': 0.9150967338096121, 'bagging_temperature': 0.4447843495802351}. Best is trial 88 with value: 0.02933544222538914.
[I 2025-08-01 11:54:42,788] Trial 326 finished with value: 0.030353400391622588 and parameters: {'min_abs_corr': 0.024940424911504784, 'max_pair_corr': 0.9778878453894492, 'iterations': 1993, 'learning_rate': 0.042920401376371646, 'depth': 4, 'l2_leaf_reg': 3.1411624912915928, 'subsample': 0.5322722670185025, 'rsm': 0.875818528253715, 'bagging_temperature': 0.5059664332945392}. Best is trial 88 with value: 0.02933544222538914.
[I 2025-08-01 11:55:14,658] Trial 327 finished with value: 0.029636907787958133 and parameters: {'min_abs_corr': 0.046809003904367236, 'max_pair_corr': 0.9825791841813483, 'iterations': 1972, 'learning_rate': 0.04661248500784649, 'depth': 5, 'l2_leaf_reg': 3.3088738313711414, 'subsample': 0.5165642890555037, 'rsm': 0.9188664693380699, 'bagging_temperature': 0.41993064067344976}. Best is trial 88 with value: 0.02933544222538914.
[I 2025-08-01 11:55:48,296] Trial 328 finished with value: 0.029871693896614815 and parameters: {'min_abs_corr': 0.03726028323861922, 'max_pair_corr': 0.9854496817931417, 'iterations': 1958, 'learning_rate': 0.04676072499223392, 'depth': 5, 'l2_leaf_reg': 2.491640947599163, 'subsample': 0.5259162663863073, 'rsm': 0.9255904006859415, 'bagging_temperature': 0.45425676657937736}. Best is trial 88 with value: 0.02933544222538914.
[I 2025-08-01 11:56:37,755] Trial 329 finished with value: 0.031209525648123005 and parameters: {'min_abs_corr': 0.04036723713923301, 'max_pair_corr': 0.980348934973418, 'iterations': 1998, 'learning_rate': 0.038833960127776845, 'depth': 6, 'l2_leaf_reg': 3.2810823173199894, 'subsample': 0.5380765394574082, 'rsm': 0.9173766396131899, 'bagging_temperature': 0.5904833540409111}. Best is trial 88 with value: 0.02933544222538914.
[I 2025-08-01 11:56:57,902] Trial 330 finished with value: 0.03080514359708143 and parameters: {'min_abs_corr': 0.04398981334227775, 'max_pair_corr': 0.9790643212563924, 'iterations': 1951, 'learning_rate': 0.049248438167203715, 'depth': 4, 'l2_leaf_reg': 3.0876904029437613, 'subsample': 0.5092845473012366, 'rsm': 0.9071006286978198, 'bagging_temperature': 0.39807996911866567}. Best is trial 88 with value: 0.02933544222538914.
[I 2025-08-01 11:57:30,263] Trial 331 finished with value: 0.02954254452831167 and parameters: {'min_abs_corr': 0.030748357766520584, 'max_pair_corr': 0.9837241325454812, 'iterations': 1920, 'learning_rate': 0.0431970244124362, 'depth': 5, 'l2_leaf_reg': 3.5156918460429942, 'subsample': 0.5186446538029268, 'rsm': 0.9343229630417031, 'bagging_temperature': 0.4798279027870063}. Best is trial 88 with value: 0.02933544222538914.
[I 2025-08-01 11:57:50,754] Trial 332 finished with value: 0.030003455676908077 and parameters: {'min_abs_corr': 0.03401610976087688, 'max_pair_corr': 0.9839246361728432, 'iterations': 1919, 'learning_rate': 0.044546025702113946, 'depth': 4, 'l2_leaf_reg': 3.2630917107036432, 'subsample': 0.5158757212164201, 'rsm': 0.8332937860661294, 'bagging_temperature': 0.4853487988740989}. Best is trial 88 with value: 0.02933544222538914.
[I 2025-08-01 11:58:23,641] Trial 333 finished with value: 0.03008709917464103 and parameters: {'min_abs_corr': 0.03120084326102304, 'max_pair_corr': 0.9872951698362683, 'iterations': 1889, 'learning_rate': 0.04601277421229995, 'depth': 5, 'l2_leaf_reg': 3.4327085788114133, 'subsample': 0.501912930976814, 'rsm': 0.9278103128933435, 'bagging_temperature': 0.5151263151794869}. Best is trial 88 with value: 0.02933544222538914.
[I 2025-08-01 11:58:56,745] Trial 334 finished with value: 0.03067178484706129 and parameters: {'min_abs_corr': 0.028527077644961103, 'max_pair_corr': 0.9853612870668922, 'iterations': 1924, 'learning_rate': 0.04072546546127481, 'depth': 5, 'l2_leaf_reg': 5.992535452064823, 'subsample': 0.5916592833761575, 'rsm': 0.8619313011436712, 'bagging_temperature': 0.47268567052090305}. Best is trial 88 with value: 0.02933544222538914.
[I 2025-08-01 11:59:19,513] Trial 335 finished with value: 0.030488789224311447 and parameters: {'min_abs_corr': 0.026824408981556094, 'max_pair_corr': 0.9829994676006969, 'iterations': 1999, 'learning_rate': 0.051241234455311646, 'depth': 4, 'l2_leaf_reg': 2.9084898025109824, 'subsample': 0.7089688676635796, 'rsm': 0.9151628559645051, 'bagging_temperature': 0.5013639087001903}. Best is trial 88 with value: 0.02933544222538914.
[I 2025-08-01 11:59:40,021] Trial 336 finished with value: 0.03018992279099888 and parameters: {'min_abs_corr': 0.030580604740285622, 'max_pair_corr': 0.9823016955424105, 'iterations': 1900, 'learning_rate': 0.03690945213376978, 'depth': 4, 'l2_leaf_reg': 6.168705665901539, 'subsample': 0.5982278549113984, 'rsm': 0.9016899642626691, 'bagging_temperature': 0.5308659250466593}. Best is trial 88 with value: 0.02933544222538914.
[I 2025-08-01 11:59:54,937] Trial 337 finished with value: 0.031858032315192304 and parameters: {'min_abs_corr': 0.032283336126169834, 'max_pair_corr': 0.9840179835232838, 'iterations': 2000, 'learning_rate': 0.039470596056816326, 'depth': 3, 'l2_leaf_reg': 3.3072956585767037, 'subsample': 0.5484251964726272, 'rsm': 0.8849926656649745, 'bagging_temperature': 0.5641130758777024}. Best is trial 88 with value: 0.02933544222538914.
[I 2025-08-01 12:00:26,427] Trial 338 finished with value: 0.030355505473187112 and parameters: {'min_abs_corr': 0.03619829484553833, 'max_pair_corr': 0.9808420011142834, 'iterations': 1939, 'learning_rate': 0.031313931432902835, 'depth': 5, 'l2_leaf_reg': 3.1416249387432162, 'subsample': 0.5369057343195631, 'rsm': 0.9297806704410015, 'bagging_temperature': 0.4625570246149131}. Best is trial 88 with value: 0.02933544222538914.
[I 2025-08-01 12:00:49,214] Trial 339 finished with value: 0.02948415311733412 and parameters: {'min_abs_corr': 0.02931344180989808, 'max_pair_corr': 0.9863740179479864, 'iterations': 1964, 'learning_rate': 0.03491072932427278, 'depth': 4, 'l2_leaf_reg': 3.545517329446359, 'subsample': 0.5171505348785556, 'rsm': 0.9125855864491683, 'bagging_temperature': 0.35858725811653486}. Best is trial 88 with value: 0.02933544222538914.
[I 2025-08-01 12:01:11,737] Trial 340 finished with value: 0.030680751989114945 and parameters: {'min_abs_corr': 0.027815073419829996, 'max_pair_corr': 0.9860446987849358, 'iterations': 1960, 'learning_rate': 0.035275052318610424, 'depth': 4, 'l2_leaf_reg': 3.6028738043552853, 'subsample': 0.5125998860195632, 'rsm': 0.9537220026585058, 'bagging_temperature': 0.36903344978413627}. Best is trial 88 with value: 0.02933544222538914.
[I 2025-08-01 12:01:32,262] Trial 341 finished with value: 0.03062990778108581 and parameters: {'min_abs_corr': 0.029609219042723286, 'max_pair_corr': 0.9749899725917064, 'iterations': 1969, 'learning_rate': 0.0428244756784099, 'depth': 4, 'l2_leaf_reg': 5.919128186577634, 'subsample': 0.520366112507912, 'rsm': 0.9344936647321157, 'bagging_temperature': 0.34569280331704333}. Best is trial 88 with value: 0.02933544222538914.
[I 2025-08-01 12:01:50,599] Trial 342 finished with value: 0.02975755034944576 and parameters: {'min_abs_corr': 0.0981070669747631, 'max_pair_corr': 0.988538712085885, 'iterations': 1863, 'learning_rate': 0.0531929135135021, 'depth': 4, 'l2_leaf_reg': 3.5113169535310726, 'subsample': 0.5009788051819296, 'rsm': 0.9188133125697009, 'bagging_temperature': 0.547032243105687}. Best is trial 88 with value: 0.02933544222538914.
[I 2025-08-01 12:02:12,880] Trial 343 finished with value: 0.02976471781019946 and parameters: {'min_abs_corr': 0.024277064841581535, 'max_pair_corr': 0.9869446037944727, 'iterations': 1942, 'learning_rate': 0.03123557223717617, 'depth': 4, 'l2_leaf_reg': 3.788045267496664, 'subsample': 0.5301467779620407, 'rsm': 0.9065268007918532, 'bagging_temperature': 0.4970532283764204}. Best is trial 88 with value: 0.02933544222538914.
[I 2025-08-01 12:02:32,150] Trial 344 finished with value: 0.030584486854698605 and parameters: {'min_abs_corr': 0.02736155580306336, 'max_pair_corr': 0.9765630235985003, 'iterations': 1895, 'learning_rate': 0.03544593558286984, 'depth': 4, 'l2_leaf_reg': 5.747897593919587, 'subsample': 0.5216526158443261, 'rsm': 0.8528312534549003, 'bagging_temperature': 0.48273554315270756}. Best is trial 88 with value: 0.02933544222538914.
[I 2025-08-01 12:02:53,628] Trial 345 finished with value: 0.031299327826664176 and parameters: {'min_abs_corr': 0.030854327936616674, 'max_pair_corr': 0.9807763493033954, 'iterations': 1998, 'learning_rate': 0.04782151289042846, 'depth': 4, 'l2_leaf_reg': 5.528441096432294, 'subsample': 0.9520681843815143, 'rsm': 0.9167059279929326, 'bagging_temperature': 0.5189474762120077}. Best is trial 88 with value: 0.02933544222538914.
[I 2025-08-01 12:03:15,081] Trial 346 finished with value: 0.0308995104828234 and parameters: {'min_abs_corr': 0.02564162737241466, 'max_pair_corr': 0.9820089092301555, 'iterations': 1963, 'learning_rate': 0.039924822624820035, 'depth': 4, 'l2_leaf_reg': 3.2714556486805755, 'subsample': 0.5120788267878718, 'rsm': 0.9393380464501581, 'bagging_temperature': 0.31746197946511584}. Best is trial 88 with value: 0.02933544222538914.
[I 2025-08-01 12:03:35,579] Trial 347 finished with value: 0.029979124287818442 and parameters: {'min_abs_corr': 0.04137407500879683, 'max_pair_corr': 0.9850317297804595, 'iterations': 1843, 'learning_rate': 0.028823403141066826, 'depth': 4, 'l2_leaf_reg': 3.885906531706424, 'subsample': 0.544004463518609, 'rsm': 0.9258253969371257, 'bagging_temperature': 0.5356040131837588}. Best is trial 88 with value: 0.02933544222538914.
[I 2025-08-01 12:03:55,273] Trial 348 finished with value: 0.030570527813072946 and parameters: {'min_abs_corr': 0.03854339948029474, 'max_pair_corr': 0.9793024826612722, 'iterations': 1911, 'learning_rate': 0.03361280772142913, 'depth': 4, 'l2_leaf_reg': 5.320201535084491, 'subsample': 0.5314755074188956, 'rsm': 0.8782578822530908, 'bagging_temperature': 0.6082731990312128}. Best is trial 88 with value: 0.02933544222538914.
[I 2025-08-01 12:04:06,141] Trial 349 finished with value: 0.030181960773996087 and parameters: {'min_abs_corr': 0.03294403523709924, 'max_pair_corr': 0.9767486310366298, 'iterations': 1047, 'learning_rate': 0.028522811894431635, 'depth': 4, 'l2_leaf_reg': 3.374797003977795, 'subsample': 0.5605164165490482, 'rsm': 0.8966117122630882, 'bagging_temperature': 0.4553680114950729}. Best is trial 88 with value: 0.02933544222538914.
[I 2025-08-01 12:04:25,776] Trial 350 finished with value: 0.029698442925933554 and parameters: {'min_abs_corr': 0.0296175594998057, 'max_pair_corr': 0.9737664100641537, 'iterations': 1962, 'learning_rate': 0.05616405552296745, 'depth': 4, 'l2_leaf_reg': 2.9717767519224014, 'subsample': 0.5731270514714119, 'rsm': 0.9038926270468572, 'bagging_temperature': 0.5910823362874483}. Best is trial 88 with value: 0.02933544222538914.
[I 2025-08-01 12:04:45,219] Trial 351 finished with value: 0.031114128230493938 and parameters: {'min_abs_corr': 0.029329252746513605, 'max_pair_corr': 0.9720954801108315, 'iterations': 1964, 'learning_rate': 0.057746240412419575, 'depth': 4, 'l2_leaf_reg': 2.727248343714683, 'subsample': 0.5744717386353745, 'rsm': 0.9096156454047297, 'bagging_temperature': 0.6234142908038618}. Best is trial 88 with value: 0.02933544222538914.
[I 2025-08-01 12:05:05,403] Trial 352 finished with value: 0.030225033741912172 and parameters: {'min_abs_corr': 0.02933059806058306, 'max_pair_corr': 0.9751987521417651, 'iterations': 1940, 'learning_rate': 0.053598310581020915, 'depth': 4, 'l2_leaf_reg': 3.6537067667764274, 'subsample': 0.5515908490011878, 'rsm': 0.9244016666166146, 'bagging_temperature': 0.5845403495913783}. Best is trial 88 with value: 0.02933544222538914.
[I 2025-08-01 12:05:27,051] Trial 353 finished with value: 0.03011663592991845 and parameters: {'min_abs_corr': 0.03037213074247935, 'max_pair_corr': 0.9824032622840709, 'iterations': 1998, 'learning_rate': 0.06039068721699851, 'depth': 4, 'l2_leaf_reg': 2.9316845364024697, 'subsample': 0.5234712245538097, 'rsm': 0.9452910766774161, 'bagging_temperature': 0.47411502352372303}. Best is trial 88 with value: 0.02933544222538914.
[I 2025-08-01 12:05:46,545] Trial 354 finished with value: 0.03057636520984498 and parameters: {'min_abs_corr': 0.026753993424993544, 'max_pair_corr': 0.9699798765091225, 'iterations': 1964, 'learning_rate': 0.0460966842254752, 'depth': 4, 'l2_leaf_reg': 3.022656292814891, 'subsample': 0.5672359642286726, 'rsm': 0.9125380763370101, 'bagging_temperature': 0.4376059776967226}. Best is trial 88 with value: 0.02933544222538914.
[I 2025-08-01 12:06:07,247] Trial 355 finished with value: 0.030497490581061437 and parameters: {'min_abs_corr': 0.022897350517825276, 'max_pair_corr': 0.9796342305522214, 'iterations': 1930, 'learning_rate': 0.026598899098259854, 'depth': 4, 'l2_leaf_reg': 3.0400380580776334, 'subsample': 0.5352760618720622, 'rsm': 0.9322766262191775, 'bagging_temperature': 0.5018537816006504}. Best is trial 88 with value: 0.02933544222538914.
[I 2025-08-01 12:06:39,888] Trial 356 finished with value: 0.029750443385779597 and parameters: {'min_abs_corr': 0.03200796314619243, 'max_pair_corr': 0.986937255409908, 'iterations': 1884, 'learning_rate': 0.023623395054681442, 'depth': 5, 'l2_leaf_reg': 2.7159808676934976, 'subsample': 0.5094954084307204, 'rsm': 0.900371379022781, 'bagging_temperature': 0.37010750508675216}. Best is trial 88 with value: 0.02933544222538914.
