[I 2025-08-01 13:45:48,952] Trial 558 finished with value: 0.02999920670859154 and parameters: {'min_abs_corr': 0.03417419426287172, 'max_pair_corr': 0.9831281180352547, 'iterations': 2000, 'learning_rate': 0.029881733404288124, 'depth': 5, 'l2_leaf_reg': 5.853273110748224, 'subsample': 0.5107460307594195, 'rsm': 0.9307649125637719, 'bagging_temperature': 0.4478666911565903}. Best is trial 431 with value: 0.028803817637518454.
[I 2025-08-01 13:46:08,740] Trial 559 finished with value: 0.030544386063603147 and parameters: {'min_abs_corr': 0.043904656402404284, 'max_pair_corr': 0.985748408160643, 'iterations': 1789, 'learning_rate': 0.04353222377743769, 'depth': 4, 'l2_leaf_reg': 3.5645733646649718, 'subsample': 0.5725996582920998, 'rsm': 0.922024900705346, 'bagging_temperature': 0.47532423499935295}. Best is trial 431 with value: 0.028803817637518454.
[I 2025-08-01 13:47:29,313] Trial 560 finished with value: 0.03299780429101938 and parameters: {'min_abs_corr': 0.0071883767132017926, 'max_pair_corr': 0.9783748997493871, 'iterations': 1059, 'learning_rate': 0.036128678859054075, 'depth': 8, 'l2_leaf_reg': 3.24296571247593, 'subsample': 0.5226769007770413, 'rsm': 0.9026054306262586, 'bagging_temperature': 0.5176698989482886}. Best is trial 431 with value: 0.028803817637518454.
[I 2025-08-01 13:47:56,906] Trial 561 finished with value: 0.030833177837816195 and parameters: {'min_abs_corr': 0.0359285953335584, 'max_pair_corr': 0.967738559403695, 'iterations': 1899, 'learning_rate': 0.03170234007223648, 'depth': 5, 'l2_leaf_reg': 4.906881875585854, 'subsample': 0.5448840824240755, 'rsm': 0.8925256806124519, 'bagging_temperature': 0.4157180108564963}. Best is trial 431 with value: 0.028803817637518454.
[I 2025-08-01 13:48:16,145] Trial 562 finished with value: 0.02947049748621705 and parameters: {'min_abs_corr': 0.045988874371552635, 'max_pair_corr': 0.9811336384825505, 'iterations': 1825, 'learning_rate': 0.039945577932812136, 'depth': 4, 'l2_leaf_reg': 5.433431665786956, 'subsample': 0.5168092654935438, 'rsm': 0.9380941388081568, 'bagging_temperature': 0.3731785287259271}. Best is trial 431 with value: 0.028803817637518454.
[I 2025-08-01 13:48:35,401] Trial 563 finished with value: 0.030522026248349272 and parameters: {'min_abs_corr': 0.04595649400723308, 'max_pair_corr': 0.9819190363347112, 'iterations': 1816, 'learning_rate': 0.053713693461646006, 'depth': 4, 'l2_leaf_reg': 5.356556445615165, 'subsample': 0.7026515525577491, 'rsm': 0.9635485350005021, 'bagging_temperature': 0.35355142265624495}. Best is trial 431 with value: 0.028803817637518454.
[I 2025-08-01 13:48:59,835] Trial 564 finished with value: 0.03126782824129424 and parameters: {'min_abs_corr': 0.048372824820078264, 'max_pair_corr': 0.9529552976608169, 'iterations': 1757, 'learning_rate': 0.04223157679639078, 'depth': 5, 'l2_leaf_reg': 5.694701717463423, 'subsample': 0.5155951793782302, 'rsm': 0.944538886572055, 'bagging_temperature': 0.39883105282135656}. Best is trial 431 with value: 0.028803817637518454.
[I 2025-08-01 13:49:19,504] Trial 565 finished with value: 0.029814834369742804 and parameters: {'min_abs_corr': 0.04541029342780658, 'max_pair_corr': 0.9845388370790493, 'iterations': 1820, 'learning_rate': 0.04745498709935142, 'depth': 4, 'l2_leaf_reg': 6.023361811610857, 'subsample': 0.5250555085221997, 'rsm': 0.9389655379467443, 'bagging_temperature': 0.37620867653985895}. Best is trial 431 with value: 0.028803817637518454.
[I 2025-08-01 13:49:48,558] Trial 566 finished with value: 0.030335445729514188 and parameters: {'min_abs_corr': 0.047400838999614864, 'max_pair_corr': 0.980852589931335, 'iterations': 1848, 'learning_rate': 0.039190365249082496, 'depth': 5, 'l2_leaf_reg': 5.574506337283983, 'subsample': 0.5060873137159773, 'rsm': 0.9303641040092796, 'bagging_temperature': 0.3785651346711068}. Best is trial 431 with value: 0.028803817637518454.
[I 2025-08-01 13:50:13,694] Trial 567 finished with value: 0.03011184426111575 and parameters: {'min_abs_corr': 0.05793109252956235, 'max_pair_corr': 0.9832404449543102, 'iterations': 1598, 'learning_rate': 0.04421249788653507, 'depth': 5, 'l2_leaf_reg': 5.26901872841112, 'subsample': 0.5342962186906155, 'rsm': 0.9525278672235816, 'bagging_temperature': 0.36314567873680664}. Best is trial 431 with value: 0.028803817637518454.
[I 2025-08-01 13:50:32,097] Trial 568 finished with value: 0.029992274288534505 and parameters: {'min_abs_corr': 0.05122957205430781, 'max_pair_corr': 0.9803917817098334, 'iterations': 1802, 'learning_rate': 0.039937381381321316, 'depth': 4, 'l2_leaf_reg': 5.659376406021385, 'subsample': 0.5214900848626268, 'rsm': 0.9166428517120141, 'bagging_temperature': 0.3450211959421985}. Best is trial 431 with value: 0.028803817637518454.
[I 2025-08-01 13:51:45,420] Trial 569 finished with value: 0.031226565426944613 and parameters: {'min_abs_corr': 0.04390983143594868, 'max_pair_corr': 0.9825112965902821, 'iterations': 1705, 'learning_rate': 0.0371195544346822, 'depth': 7, 'l2_leaf_reg': 5.544364515667319, 'subsample': 0.5013005016908452, 'rsm': 0.9321193099656946, 'bagging_temperature': 0.3662643030723531}. Best is trial 431 with value: 0.028803817637518454.
[I 2025-08-01 13:51:58,966] Trial 570 finished with value: 0.030976376293287245 and parameters: {'min_abs_corr': 0.04994566210219139, 'max_pair_corr': 0.9878904890487807, 'iterations': 1783, 'learning_rate': 0.03411503336595105, 'depth': 3, 'l2_leaf_reg': 5.32484783666677, 'subsample': 0.5095700160136101, 'rsm': 0.9455666502154633, 'bagging_temperature': 0.3837135171776124}. Best is trial 431 with value: 0.028803817637518454.
[I 2025-08-01 13:52:19,474] Trial 571 finished with value: 0.030777016739270757 and parameters: {'min_abs_corr': 0.05337913587861929, 'max_pair_corr': 0.9851013016475317, 'iterations': 1867, 'learning_rate': 0.06451211297578514, 'depth': 4, 'l2_leaf_reg': 5.854484635241825, 'subsample': 0.5311115503158209, 'rsm': 0.9221765728466893, 'bagging_temperature': 0.8423367298274359}. Best is trial 431 with value: 0.028803817637518454.
[I 2025-08-01 13:52:48,709] Trial 572 finished with value: 0.03029176975650059 and parameters: {'min_abs_corr': 0.04692449942319532, 'max_pair_corr': 0.9794374503224729, 'iterations': 1841, 'learning_rate': 0.0521211440089007, 'depth': 5, 'l2_leaf_reg': 5.482066533028954, 'subsample': 0.5161435729848507, 'rsm': 0.9063362132201148, 'bagging_temperature': 0.32140847374271136}. Best is trial 431 with value: 0.028803817637518454.
[I 2025-08-01 13:53:07,361] Trial 573 finished with value: 0.03030408556364355 and parameters: {'min_abs_corr': 0.045118701694885, 'max_pair_corr': 0.9820605837374498, 'iterations': 1747, 'learning_rate': 0.047336518273250604, 'depth': 4, 'l2_leaf_reg': 3.552081340866659, 'subsample': 0.539260015809605, 'rsm': 0.915147690842881, 'bagging_temperature': 0.5364700121948817}. Best is trial 431 with value: 0.028803817637518454.
[I 2025-08-01 13:53:31,785] Trial 574 finished with value: 0.03033698918188362 and parameters: {'min_abs_corr': 0.048875714335938944, 'max_pair_corr': 0.9367268823340176, 'iterations': 1776, 'learning_rate': 0.03505740933960322, 'depth': 5, 'l2_leaf_reg': 5.207118631885232, 'subsample': 0.5187155121054906, 'rsm': 0.9327125603711747, 'bagging_temperature': 0.5685097940571338}. Best is trial 431 with value: 0.028803817637518454.
[I 2025-08-01 13:53:51,593] Trial 575 finished with value: 0.029923188012207707 and parameters: {'min_abs_corr': 0.05641968515939995, 'max_pair_corr': 0.9841250303952566, 'iterations': 1873, 'learning_rate': 0.04191289134535621, 'depth': 4, 'l2_leaf_reg': 2.9991396146963374, 'subsample': 0.5284129115278984, 'rsm': 0.8988699501989752, 'bagging_temperature': 0.5001755151787879}. Best is trial 431 with value: 0.028803817637518454.
[I 2025-08-01 13:54:22,918] Trial 576 finished with value: 0.03044422893235336 and parameters: {'min_abs_corr': 0.0425176750626062, 'max_pair_corr': 0.9863607228788167, 'iterations': 1818, 'learning_rate': 0.0327300800028443, 'depth': 5, 'l2_leaf_reg': 6.894787030647727, 'subsample': 0.51101843358039, 'rsm': 0.8796529566324222, 'bagging_temperature': 0.4826873730228798}. Best is trial 431 with value: 0.028803817637518454.
[I 2025-08-01 13:54:41,443] Trial 577 finished with value: 0.030195282512842224 and parameters: {'min_abs_corr': 0.04851407584145421, 'max_pair_corr': 0.9813069432418247, 'iterations': 1729, 'learning_rate': 0.060041802978451006, 'depth': 4, 'l2_leaf_reg': 5.440096057456987, 'subsample': 0.5464849125306849, 'rsm': 0.9588015259443355, 'bagging_temperature': 0.3971827626893565}. Best is trial 431 with value: 0.028803817637518454.
[I 2025-08-01 13:55:10,667] Trial 578 finished with value: 0.02935879136212279 and parameters: {'min_abs_corr': 0.046391594862835936, 'max_pair_corr': 0.9791893490437424, 'iterations': 1840, 'learning_rate': 0.03766827601256652, 'depth': 5, 'l2_leaf_reg': 3.3375312228378844, 'subsample': 0.5237725432394786, 'rsm': 0.9249690149974652, 'bagging_temperature': 0.5553687163586056}. Best is trial 431 with value: 0.028803817637518454.
[I 2025-08-01 13:55:38,922] Trial 579 finished with value: 0.029852903856402456 and parameters: {'min_abs_corr': 0.052053650433253856, 'max_pair_corr': 0.9784030978381605, 'iterations': 1774, 'learning_rate': 0.038922402296116446, 'depth': 5, 'l2_leaf_reg': 2.838322266972391, 'subsample': 0.773111758615687, 'rsm': 0.9433102633397955, 'bagging_temperature': 0.5762731806773191}. Best is trial 431 with value: 0.028803817637518454.
[I 2025-08-01 13:56:08,082] Trial 580 finished with value: 0.030574850578440886 and parameters: {'min_abs_corr': 0.04366758759587106, 'max_pair_corr': 0.978976292824416, 'iterations': 1821, 'learning_rate': 0.04521651616076652, 'depth': 5, 'l2_leaf_reg': 3.1697531756827146, 'subsample': 0.5249956966042991, 'rsm': 0.9247330388187411, 'bagging_temperature': 0.5654610490852275}. Best is trial 431 with value: 0.028803817637518454.
[I 2025-08-01 13:56:37,210] Trial 581 finished with value: 0.03061276113236234 and parameters: {'min_abs_corr': 0.04807182857523276, 'max_pair_corr': 0.976753378848576, 'iterations': 1889, 'learning_rate': 0.04104113835554714, 'depth': 5, 'l2_leaf_reg': 3.3381138818231135, 'subsample': 0.5152824201517006, 'rsm': 0.934483509128242, 'bagging_temperature': 0.5506724718528349}. Best is trial 431 with value: 0.028803817637518454.
[I 2025-08-01 13:57:05,581] Trial 582 finished with value: 0.030142153466761752 and parameters: {'min_abs_corr': 0.05080641897651112, 'max_pair_corr': 0.9793774363891262, 'iterations': 1798, 'learning_rate': 0.049273089422086726, 'depth': 5, 'l2_leaf_reg': 3.0297430730479102, 'subsample': 0.5332943940087936, 'rsm': 0.9142547068047777, 'bagging_temperature': 0.5508857437705461}. Best is trial 431 with value: 0.028803817637518454.
[I 2025-08-01 13:57:39,322] Trial 583 finished with value: 0.029860059916128112 and parameters: {'min_abs_corr': 0.04630839786235343, 'max_pair_corr': 0.9894878750033689, 'iterations': 1846, 'learning_rate': 0.035520564644829764, 'depth': 5, 'l2_leaf_reg': 3.1782622285613544, 'subsample': 0.5073010250871753, 'rsm': 0.9493685968055204, 'bagging_temperature': 0.51708281223252}. Best is trial 431 with value: 0.028803817637518454.
[I 2025-08-01 13:58:08,341] Trial 584 finished with value: 0.03014846181299551 and parameters: {'min_abs_corr': 0.04245390847306073, 'max_pair_corr': 0.9855241369975306, 'iterations': 1678, 'learning_rate': 0.03860116879202775, 'depth': 5, 'l2_leaf_reg': 3.372886125597964, 'subsample': 0.5233500604363801, 'rsm': 0.9226867826569721, 'bagging_temperature': 0.5351704308422423}. Best is trial 431 with value: 0.028803817637518454.
[I 2025-08-01 13:58:37,020] Trial 585 finished with value: 0.0303842145003367 and parameters: {'min_abs_corr': 0.04942288570274158, 'max_pair_corr': 0.9827905789003517, 'iterations': 1717, 'learning_rate': 0.05390790509037565, 'depth': 5, 'l2_leaf_reg': 5.013771520026355, 'subsample': 0.5340340921546964, 'rsm': 0.9084027193278199, 'bagging_temperature': 0.5232051769646343}. Best is trial 431 with value: 0.028803817637518454.
[I 2025-08-01 13:59:07,526] Trial 586 finished with value: 0.030318690450857243 and parameters: {'min_abs_corr': 0.04459482249957476, 'max_pair_corr': 0.9801483647358802, 'iterations': 1911, 'learning_rate': 0.04467748548743552, 'depth': 5, 'l2_leaf_reg': 5.139863512481534, 'subsample': 0.5003617509050386, 'rsm': 0.9360957656906987, 'bagging_temperature': 0.5927681652579452}. Best is trial 431 with value: 0.028803817637518454.
[I 2025-08-01 13:59:36,173] Trial 587 finished with value: 0.02979699686376011 and parameters: {'min_abs_corr': 0.054854409863745346, 'max_pair_corr': 0.983719260567914, 'iterations': 1764, 'learning_rate': 0.03486413003621493, 'depth': 5, 'l2_leaf_reg': 3.5380011534938163, 'subsample': 0.5170970595205223, 'rsm': 0.9240082592622959, 'bagging_temperature': 0.5426531075617016}. Best is trial 431 with value: 0.028803817637518454.
[I 2025-08-01 13:59:43,364] Trial 588 finished with value: 0.03185157509902282 and parameters: {'min_abs_corr': 0.008256811242858708, 'max_pair_corr': 0.9777349418176939, 'iterations': 411, 'learning_rate': 0.03856526397472905, 'depth': 5, 'l2_leaf_reg': 6.172807056099815, 'subsample': 0.5421873019516147, 'rsm': 0.9685690414926424, 'bagging_temperature': 0.5656996952482696}. Best is trial 431 with value: 0.028803817637518454.
[I 2025-08-01 14:00:16,118] Trial 589 finished with value: 0.030112703422829522 and parameters: {'min_abs_corr': 0.013230691093333892, 'max_pair_corr': 0.9811503470144801, 'iterations': 1882, 'learning_rate': 0.042539832839269855, 'depth': 5, 'l2_leaf_reg': 3.084318654339665, 'subsample': 0.5260389048547667, 'rsm': 0.9058475701141341, 'bagging_temperature': 0.3548492492503696}. Best is trial 431 with value: 0.028803817637518454.
[I 2025-08-01 14:00:58,324] Trial 590 finished with value: 0.03089757391876562 and parameters: {'min_abs_corr': 0.04083189013272888, 'max_pair_corr': 0.9423349918432565, 'iterations': 1831, 'learning_rate': 0.031992689010359274, 'depth': 6, 'l2_leaf_reg': 5.749173630161765, 'subsample': 0.5125280197231575, 'rsm': 0.9172851737961589, 'bagging_temperature': 0.5119317844698436}. Best is trial 431 with value: 0.028803817637518454.
[I 2025-08-01 14:01:32,464] Trial 591 finished with value: 0.03327983234244797 and parameters: {'min_abs_corr': 0.04746291948728898, 'max_pair_corr': 0.9872103428752342, 'iterations': 1973, 'learning_rate': 0.003980840050187232, 'depth': 5, 'l2_leaf_reg': 3.340096404003377, 'subsample': 0.539078836734855, 'rsm': 0.9369877067873849, 'bagging_temperature': 0.3302062488887413}. Best is trial 431 with value: 0.028803817637518454.
[I 2025-08-01 14:02:05,175] Trial 592 finished with value: 0.02980284796574979 and parameters: {'min_abs_corr': 0.04569151382098346, 'max_pair_corr': 0.9836968853993446, 'iterations': 1938, 'learning_rate': 0.04684429802277695, 'depth': 5, 'l2_leaf_reg': 2.532128942683664, 'subsample': 0.5216642278639864, 'rsm': 0.9013873776741228, 'bagging_temperature': 0.58407067523584}. Best is trial 431 with value: 0.028803817637518454.
[I 2025-08-01 14:02:33,137] Trial 593 finished with value: 0.03036042711161217 and parameters: {'min_abs_corr': 0.052238375062876416, 'max_pair_corr': 0.9765826275302794, 'iterations': 1791, 'learning_rate': 0.03680191131037288, 'depth': 5, 'l2_leaf_reg': 5.406515237478969, 'subsample': 0.5318271639103125, 'rsm': 0.925906630304427, 'bagging_temperature': 0.4932177301621075}. Best is trial 431 with value: 0.028803817637518454.
[I 2025-08-01 14:03:02,512] Trial 594 finished with value: 0.030740278483226968 and parameters: {'min_abs_corr': 0.049573440146321576, 'max_pair_corr': 0.9792399330771278, 'iterations': 1863, 'learning_rate': 0.05316003809406596, 'depth': 5, 'l2_leaf_reg': 5.092098380131853, 'subsample': 0.5006067491739469, 'rsm': 0.9540938560551345, 'bagging_temperature': 0.40649529860505523}. Best is trial 431 with value: 0.028803817637518454.
[I 2025-08-01 14:03:34,051] Trial 595 finished with value: 0.029817118492490434 and parameters: {'min_abs_corr': 0.03238549977501427, 'max_pair_corr': 0.9814486316352153, 'iterations': 1904, 'learning_rate': 0.03096230042031447, 'depth': 5, 'l2_leaf_reg': 5.215142265154544, 'subsample': 0.512371453451967, 'rsm': 0.9112370174405712, 'bagging_temperature': 0.43442109179241223}. Best is trial 431 with value: 0.028803817637518454.
[I 2025-08-01 14:03:57,872] Trial 596 finished with value: 0.030197663332295576 and parameters: {'min_abs_corr': 0.044567959666342784, 'max_pair_corr': 0.9392301135019774, 'iterations': 1741, 'learning_rate': 0.03342359302932975, 'depth': 5, 'l2_leaf_reg': 3.408739531706744, 'subsample': 0.5258060560482893, 'rsm': 0.8933062356982416, 'bagging_temperature': 0.5118955796038458}. Best is trial 431 with value: 0.028803817637518454.
[I 2025-08-01 14:04:44,114] Trial 597 finished with value: 0.030876497721594252 and parameters: {'min_abs_corr': 0.046729149285059765, 'max_pair_corr': 0.982473105239025, 'iterations': 1803, 'learning_rate': 0.04200910828939019, 'depth': 6, 'l2_leaf_reg': 2.9392433022423328, 'subsample': 0.5493830278192835, 'rsm': 0.944003676852292, 'bagging_temperature': 0.5561995773360402}. Best is trial 431 with value: 0.028803817637518454.
[I 2025-08-01 14:05:18,021] Trial 598 finished with value: 0.030629104331366775 and parameters: {'min_abs_corr': 0.041307114035875336, 'max_pair_corr': 0.9858573248535459, 'iterations': 1968, 'learning_rate': 0.02894088431988967, 'depth': 5, 'l2_leaf_reg': 3.2408389916825695, 'subsample': 0.5143149135664324, 'rsm': 0.9266467460731905, 'bagging_temperature': 0.5325033700191183}. Best is trial 431 with value: 0.028803817637518454.
[I 2025-08-01 14:05:48,913] Trial 599 finished with value: 0.03010610391959493 and parameters: {'min_abs_corr': 0.04337427262816852, 'max_pair_corr': 0.9844867315843542, 'iterations': 1838, 'learning_rate': 0.03732099876829576, 'depth': 5, 'l2_leaf_reg': 4.768680836467731, 'subsample': 0.5325578531305539, 'rsm': 0.9156074918856916, 'bagging_temperature': 0.37980921481748725}. Best is trial 431 with value: 0.028803817637518454.
[I 2025-08-01 14:06:18,661] Trial 600 finished with value: 0.031166907343283694 and parameters: {'min_abs_corr': 0.053909443207071, 'max_pair_corr': 0.9804895512614088, 'iterations': 1928, 'learning_rate': 0.04737660413880187, 'depth': 5, 'l2_leaf_reg': 5.494743571526675, 'subsample': 0.5393425401596448, 'rsm': 0.9028109053533085, 'bagging_temperature': 0.46603628583130075}. Best is trial 431 with value: 0.028803817637518454.
[I 2025-08-01 14:06:46,345] Trial 601 finished with value: 0.030734126580431988 and parameters: {'min_abs_corr': 0.05007685817682695, 'max_pair_corr': 0.9788548130878924, 'iterations': 1763, 'learning_rate': 0.058370443291909886, 'depth': 5, 'l2_leaf_reg': 5.065722787169264, 'subsample': 0.5222480180369949, 'rsm': 0.9346024497237301, 'bagging_temperature': 0.480153838613283}. Best is trial 431 with value: 0.028803817637518454.
[I 2025-08-01 14:07:15,489] Trial 602 finished with value: 0.03074354174667181 and parameters: {'min_abs_corr': 0.04803142234326768, 'max_pair_corr': 0.9751761783960041, 'iterations': 1889, 'learning_rate': 0.042185293850758, 'depth': 5, 'l2_leaf_reg': 5.658462230138777, 'subsample': 0.50842559671501, 'rsm': 0.891001368950033, 'bagging_temperature': 0.42053443704932486}. Best is trial 431 with value: 0.028803817637518454.
[I 2025-08-01 14:07:36,253] Trial 603 finished with value: 0.03004535005003297 and parameters: {'min_abs_corr': 0.051407360957544945, 'max_pair_corr': 0.9877215102998386, 'iterations': 1863, 'learning_rate': 0.03283755261231566, 'depth': 4, 'l2_leaf_reg': 3.5631913957721544, 'subsample': 0.5560478334659037, 'rsm': 0.9198030138914067, 'bagging_temperature': 0.13030166150709788}. Best is trial 431 with value: 0.028803817637518454.
[I 2025-08-01 14:08:10,935] Trial 604 finished with value: 0.030042918637338607 and parameters: {'min_abs_corr': 0.030015252575808928, 'max_pair_corr': 0.9828700481137838, 'iterations': 2000, 'learning_rate': 0.03818542476601853, 'depth': 5, 'l2_leaf_reg': 5.917124748890105, 'subsample': 0.5002483002004664, 'rsm': 0.9074744720738159, 'bagging_temperature': 0.7672397962999867}. Best is trial 431 with value: 0.028803817637518454.
[I 2025-08-01 14:08:30,656] Trial 605 finished with value: 0.0301938043163908 and parameters: {'min_abs_corr': 0.04534614868490386, 'max_pair_corr': 0.977256375808248, 'iterations': 1950, 'learning_rate': 0.049192934134381104, 'depth': 4, 'l2_leaf_reg': 5.357322898801237, 'subsample': 0.5479781271640538, 'rsm': 0.9409615464881846, 'bagging_temperature': 0.49904211317976754}. Best is trial 431 with value: 0.028803817637518454.
[I 2025-08-01 14:09:00,314] Trial 606 finished with value: 0.030259764782899944 and parameters: {'min_abs_corr': 0.04712815576221016, 'max_pair_corr': 0.981086111760324, 'iterations': 1831, 'learning_rate': 0.029807940480492692, 'depth': 5, 'l2_leaf_reg': 4.8744181422853154, 'subsample': 0.5199632899679016, 'rsm': 0.9279944208533685, 'bagging_temperature': 0.4422058488160602}. Best is trial 431 with value: 0.028803817637518454.
[I 2025-08-01 14:09:19,212] Trial 607 finished with value: 0.030380857085917583 and parameters: {'min_abs_corr': 0.04216704318842548, 'max_pair_corr': 0.9847872117966129, 'iterations': 1695, 'learning_rate': 0.035355783288246734, 'depth': 4, 'l2_leaf_reg': 3.3084915559672186, 'subsample': 0.5356128633636431, 'rsm': 0.9156263467525289, 'bagging_temperature': 0.3068154738555628}. Best is trial 431 with value: 0.028803817637518454.
