Best trial: 431. Best value: 0.0288038: 100%
 1000/1000 [7:52:59<00:00, 29.78s/it]
[I 2025-08-01 09:18:27,617] Trial 0 finished with value: 0.030710942287058507 and parameters: {'min_abs_corr': 0.04058131129049943, 'max_pair_corr': 0.9855642875768924, 'iterations': 1545, 'learning_rate': 0.030405325392865647, 'depth': 4, 'l2_leaf_reg': 2.403950683025824, 'subsample': 0.5290418060840998, 'rsm': 0.9197056874649611, 'bagging_temperature': 0.6011150117432088}. Best is trial 0 with value: 0.030710942287058507.
[I 2025-08-01 09:18:38,619] Trial 1 finished with value: 0.03246840486048289 and parameters: {'min_abs_corr': 0.07226689489062432, 'max_pair_corr': 0.9018526044866222, 'iterations': 1949, 'learning_rate': 0.11536162338241392, 'depth': 4, 'l2_leaf_reg': 2.636424704863906, 'subsample': 0.5917022549267169, 'rsm': 0.5825453457757226, 'bagging_temperature': 0.5247564316322378}. Best is trial 0 with value: 0.030710942287058507.
[I 2025-08-01 09:18:54,609] Trial 2 finished with value: 0.04416342154655185 and parameters: {'min_abs_corr': 0.046034776771001, 'max_pair_corr': 0.9262106226178238, 'iterations': 1340, 'learning_rate': 0.0022158645374549917, 'depth': 5, 'l2_leaf_reg': 4.297256589643226, 'subsample': 0.728034992108518, 'rsm': 0.8711055768358081, 'bagging_temperature': 0.19967378215835974}. Best is trial 0 with value: 0.030710942287058507.
[I 2025-08-01 09:18:58,286] Trial 3 finished with value: 0.033555914776814064 and parameters: {'min_abs_corr': 0.0538522716492931, 'max_pair_corr': 0.9533173111975838, 'iterations': 379, 'learning_rate': 0.03198617182203562, 'depth': 4, 'l2_leaf_reg': 1.5854643368675156, 'subsample': 0.9744427686266666, 'rsm': 0.9793792198447356, 'bagging_temperature': 0.8083973481164611}. Best is trial 0 with value: 0.030710942287058507.
[I 2025-08-01 09:19:06,308] Trial 4 finished with value: 0.03520069410163303 and parameters: {'min_abs_corr': 0.03393830807147021, 'max_pair_corr': 0.9087904902605746, 'iterations': 1463, 'learning_rate': 0.012311503632415646, 'depth': 3, 'l2_leaf_reg': 5.456592191001432, 'subsample': 0.5171942605576092, 'rsm': 0.9455922412472693, 'bagging_temperature': 0.2587799816000169}. Best is trial 0 with value: 0.030710942287058507.
[I 2025-08-01 09:19:15,257] Trial 5 finished with value: 0.032191662169991676 and parameters: {'min_abs_corr': 0.06793961701362829, 'max_pair_corr': 0.928053996848047, 'iterations': 1184, 'learning_rate': 0.02260828676373495, 'depth': 4, 'l2_leaf_reg': 9.726261649881026, 'subsample': 0.8875664116805573, 'rsm': 0.9636993649385135, 'bagging_temperature': 0.8948273504276488}. Best is trial 0 with value: 0.030710942287058507.
[I 2025-08-01 09:19:17,969] Trial 6 finished with value: 0.06541634320698593 and parameters: {'min_abs_corr': 0.06180049798705309, 'max_pair_corr': 0.9829686811520805, 'iterations': 450, 'learning_rate': 0.0030582523213789677, 'depth': 3, 'l2_leaf_reg': 3.927972976869379, 'subsample': 0.6943386448447411, 'rsm': 0.5628094190643376, 'bagging_temperature': 0.8287375091519293}. Best is trial 0 with value: 0.030710942287058507.
[I 2025-08-01 09:21:24,031] Trial 7 finished with value: 0.04110071284332332 and parameters: {'min_abs_corr': 0.03889156603589098, 'max_pair_corr': 0.9252841058718643, 'iterations': 1223, 'learning_rate': 0.0022340165853190056, 'depth': 9, 'l2_leaf_reg': 1.6709557931179373, 'subsample': 0.9934434683002586, 'rsm': 0.8633468615779945, 'bagging_temperature': 0.1987156815341724}. Best is trial 0 with value: 0.030710942287058507.
[I 2025-08-01 09:23:44,066] Trial 8 finished with value: 0.03367611502318 and parameters: {'min_abs_corr': 0.005524601126742228, 'max_pair_corr': 0.973391528560935, 'iterations': 1502, 'learning_rate': 0.06394979414183315, 'depth': 9, 'l2_leaf_reg': 1.6664018656068134, 'subsample': 0.6792328642721364, 'rsm': 0.4695214357150779, 'bagging_temperature': 0.8631034258755935}. Best is trial 0 with value: 0.030710942287058507.
[I 2025-08-01 09:23:49,188] Trial 9 finished with value: 0.047122292285368815 and parameters: {'min_abs_corr': 0.064213322048618, 'max_pair_corr': 0.9297808222367384, 'iterations': 408, 'learning_rate': 0.005893060761114622, 'depth': 5, 'l2_leaf_reg': 7.566455605042576, 'subsample': 0.8187787356776066, 'rsm': 0.932327645545796, 'bagging_temperature': 0.4722149251619493}. Best is trial 0 with value: 0.030710942287058507.
[I 2025-08-01 09:24:12,836] Trial 10 finished with value: 0.03434617046554953 and parameters: {'min_abs_corr': 0.09478797170188676, 'max_pair_corr': 0.9615875461333189, 'iterations': 823, 'learning_rate': 0.20389013879996032, 'depth': 7, 'l2_leaf_reg': 7.212223662122305, 'subsample': 0.5075721185513784, 'rsm': 0.7740259111776793, 'bagging_temperature': 0.5705478648816832}. Best is trial 0 with value: 0.030710942287058507.
[I 2025-08-01 09:25:03,808] Trial 11 finished with value: 0.03136938505337983 and parameters: {'min_abs_corr': 0.0837292818934479, 'max_pair_corr': 0.9409148011370054, 'iterations': 1779, 'learning_rate': 0.022048474574021502, 'depth': 7, 'l2_leaf_reg': 9.621785574168793, 'subsample': 0.8545872489236955, 'rsm': 0.7470524387818742, 'bagging_temperature': 0.9984343511458478}. Best is trial 0 with value: 0.030710942287058507.
[I 2025-08-01 09:25:55,405] Trial 12 finished with value: 0.031243351936251728 and parameters: {'min_abs_corr': 0.09384365350515796, 'max_pair_corr': 0.9454960389819146, 'iterations': 1851, 'learning_rate': 0.010302834190011413, 'depth': 7, 'l2_leaf_reg': 9.288437068251673, 'subsample': 0.8138214726279748, 'rsm': 0.7228002311397947, 'bagging_temperature': 0.6678528230841825}. Best is trial 0 with value: 0.030710942287058507.
[I 2025-08-01 09:26:37,450] Trial 13 finished with value: 0.031068737062572134 and parameters: {'min_abs_corr': 0.02183053685064641, 'max_pair_corr': 0.9883720605717335, 'iterations': 1751, 'learning_rate': 0.008112772069175324, 'depth': 6, 'l2_leaf_reg': 6.936967725841046, 'subsample': 0.6207774664901697, 'rsm': 0.6433989305657242, 'bagging_temperature': 0.6569779332267137}. Best is trial 0 with value: 0.030710942287058507.
[I 2025-08-01 09:27:15,424] Trial 14 finished with value: 0.05216389774296535 and parameters: {'min_abs_corr': 0.019964416587195305, 'max_pair_corr': 0.986880415145891, 'iterations': 1674, 'learning_rate': 0.0010506750130181586, 'depth': 6, 'l2_leaf_reg': 6.861051379380694, 'subsample': 0.6011077254505661, 'rsm': 0.6309807418734319, 'bagging_temperature': 0.379580016292726}. Best is trial 0 with value: 0.030710942287058507.
[I 2025-08-01 09:27:29,387] Trial 15 finished with value: 0.031519153802964786 and parameters: {'min_abs_corr': 0.01807318573621923, 'max_pair_corr': 0.9707965084592999, 'iterations': 930, 'learning_rate': 0.04376583173137419, 'depth': 6, 'l2_leaf_reg': 5.538520061611656, 'subsample': 0.6033074733835516, 'rsm': 0.4093062291965363, 'bagging_temperature': 0.6696242694360999}. Best is trial 0 with value: 0.030710942287058507.
[I 2025-08-01 09:29:21,847] Trial 16 finished with value: 0.03190854803748604 and parameters: {'min_abs_corr': 0.023855455035773448, 'max_pair_corr': 0.9759181788412696, 'iterations': 1613, 'learning_rate': 0.007981658053000643, 'depth': 8, 'l2_leaf_reg': 8.205950922561545, 'subsample': 0.6482399184284903, 'rsm': 0.8190582900093191, 'bagging_temperature': 0.013179214380923399}. Best is trial 0 with value: 0.030710942287058507.
[I 2025-08-01 09:29:36,895] Trial 17 finished with value: 0.03754774869307231 and parameters: {'min_abs_corr': 0.007377779581227137, 'max_pair_corr': 0.9887645568125365, 'iterations': 1011, 'learning_rate': 0.005068091489427169, 'depth': 5, 'l2_leaf_reg': 5.860855181022345, 'subsample': 0.5638267243086724, 'rsm': 0.5996944977197007, 'bagging_temperature': 0.6870297216515022}. Best is trial 0 with value: 0.030710942287058507.
[I 2025-08-01 09:30:14,409] Trial 18 finished with value: 0.03063106777047105 and parameters: {'min_abs_corr': 0.032008923497677054, 'max_pair_corr': 0.9622683970119122, 'iterations': 1957, 'learning_rate': 0.07323648011504652, 'depth': 6, 'l2_leaf_reg': 3.3776735691325372, 'subsample': 0.5426500152578743, 'rsm': 0.6764530625578404, 'bagging_temperature': 0.39929464831880623}. Best is trial 18 with value: 0.03063106777047105.
[I 2025-08-01 09:31:41,111] Trial 19 finished with value: 0.03899278809235127 and parameters: {'min_abs_corr': 0.031543134289582095, 'max_pair_corr': 0.9627608203384251, 'iterations': 1510, 'learning_rate': 0.28543932907365643, 'depth': 8, 'l2_leaf_reg': 3.205261547968543, 'subsample': 0.5471058024403759, 'rsm': 0.6721963214501724, 'bagging_temperature': 0.37450911778403134}. Best is trial 18 with value: 0.03063106777047105.
[I 2025-08-01 09:36:00,581] Trial 20 finished with value: 0.03516706796535043 and parameters: {'min_abs_corr': 0.048326375320964544, 'max_pair_corr': 0.9634084395047997, 'iterations': 1994, 'learning_rate': 0.08185694209975167, 'depth': 10, 'l2_leaf_reg': 2.7161740047247798, 'subsample': 0.7674195240307888, 'rsm': 0.5299546454851451, 'bagging_temperature': 0.3778724642450836}. Best is trial 18 with value: 0.03063106777047105.
[I 2025-08-01 09:36:37,477] Trial 21 finished with value: 0.03076591086588907 and parameters: {'min_abs_corr': 0.027934073731294647, 'max_pair_corr': 0.9779290876985756, 'iterations': 1746, 'learning_rate': 0.0420907191271974, 'depth': 6, 'l2_leaf_reg': 4.293151790830884, 'subsample': 0.6370856607038602, 'rsm': 0.6744504010207161, 'bagging_temperature': 0.6201058168016762}. Best is trial 18 with value: 0.03063106777047105.
[I 2025-08-01 09:37:04,058] Trial 22 finished with value: 0.032837869645952436 and parameters: {'min_abs_corr': 0.04010274897499706, 'max_pair_corr': 0.9778007169877181, 'iterations': 1894, 'learning_rate': 0.12457070567838487, 'depth': 5, 'l2_leaf_reg': 4.407189443360613, 'subsample': 0.531539729644655, 'rsm': 0.7107140641956242, 'bagging_temperature': 0.45313587778084835}. Best is trial 18 with value: 0.03063106777047105.
[I 2025-08-01 09:37:37,521] Trial 23 finished with value: 0.030872033229804342 and parameters: {'min_abs_corr': 0.03174755050811971, 'max_pair_corr': 0.9687115070786944, 'iterations': 1614, 'learning_rate': 0.046969909713005485, 'depth': 6, 'l2_leaf_reg': 3.506855571305615, 'subsample': 0.5663998603513306, 'rsm': 0.6767060534617073, 'bagging_temperature': 0.5775770542784776}. Best is trial 18 with value: 0.03063106777047105.
[I 2025-08-01 09:37:49,251] Trial 24 finished with value: 0.03059163128774394 and parameters: {'min_abs_corr': 0.05721737152203368, 'max_pair_corr': 0.9554753878714226, 'iterations': 1384, 'learning_rate': 0.027775612848399345, 'depth': 4, 'l2_leaf_reg': 4.710274858116028, 'subsample': 0.6547846811572764, 'rsm': 0.8034757184854484, 'bagging_temperature': 0.7515890783350885}. Best is trial 24 with value: 0.03059163128774394.
[I 2025-08-01 09:37:57,130] Trial 25 finished with value: 0.0334024087278861 and parameters: {'min_abs_corr': 0.056448905943389485, 'max_pair_corr': 0.9528865450269777, 'iterations': 1371, 'learning_rate': 0.016079204870000082, 'depth': 3, 'l2_leaf_reg': 1.0139090374696158, 'subsample': 0.6690375769768253, 'rsm': 0.8050573498795579, 'bagging_temperature': 0.7209450360651625}. Best is trial 24 with value: 0.03059163128774394.
[I 2025-08-01 09:38:09,153] Trial 26 finished with value: 0.03094729099784968 and parameters: {'min_abs_corr': 0.04306629387630643, 'max_pair_corr': 0.9535895950036756, 'iterations': 1333, 'learning_rate': 0.07943844483676701, 'depth': 4, 'l2_leaf_reg': 4.895825742621078, 'subsample': 0.5018178165952063, 'rsm': 0.8821627781310816, 'bagging_temperature': 0.7306171006433202}. Best is trial 24 with value: 0.03059163128774394.
[I 2025-08-01 09:38:14,847] Trial 27 finished with value: 0.03207135072178425 and parameters: {'min_abs_corr': 0.052387669209537725, 'max_pair_corr': 0.9388362739040967, 'iterations': 627, 'learning_rate': 0.03213741170741568, 'depth': 4, 'l2_leaf_reg': 2.5322728527164853, 'subsample': 0.7445336234823469, 'rsm': 0.8998989450216746, 'bagging_temperature': 0.27420685496960906}. Best is trial 24 with value: 0.03059163128774394.
[I 2025-08-01 09:38:20,334] Trial 28 finished with value: 0.032955982947738514 and parameters: {'min_abs_corr': 0.0810560588464712, 'max_pair_corr': 0.957186193268364, 'iterations': 1004, 'learning_rate': 0.15342930535780508, 'depth': 3, 'l2_leaf_reg': 3.3824547982421107, 'subsample': 0.5721842082705831, 'rsm': 0.8229526860004285, 'bagging_temperature': 0.759318000231373}. Best is trial 24 with value: 0.03059163128774394.
[I 2025-08-01 09:38:44,414] Trial 29 finished with value: 0.031671271869095026 and parameters: {'min_abs_corr': 0.07245374276354483, 'max_pair_corr': 0.9451733475466151, 'iterations': 1914, 'learning_rate': 0.09180558119046318, 'depth': 5, 'l2_leaf_reg': 2.4341795655127956, 'subsample': 0.7025855468498016, 'rsm': 0.9176427611109903, 'bagging_temperature': 0.5390118077879235}. Best is trial 24 with value: 0.03059163128774394.
[I 2025-08-01 09:38:55,901] Trial 30 finished with value: 0.031720029908012023 and parameters: {'min_abs_corr': 0.012938656648738958, 'max_pair_corr': 0.9666781952265658, 'iterations': 1239, 'learning_rate': 0.018040263116365658, 'depth': 4, 'l2_leaf_reg': 6.100506545137383, 'subsample': 0.5840023435828883, 'rsm': 0.7750837558241308, 'bagging_temperature': 0.95783360241375}. Best is trial 24 with value: 0.03059163128774394.
[I 2025-08-01 09:39:21,912] Trial 31 finished with value: 0.030473683760241267 and parameters: {'min_abs_corr': 0.03441020702996205, 'max_pair_corr': 0.9818816833469625, 'iterations': 1738, 'learning_rate': 0.049828885533515554, 'depth': 5, 'l2_leaf_reg': 5.015559604437332, 'subsample': 0.6331992248290198, 'rsm': 0.7439885726180906, 'bagging_temperature': 0.5012967521944066}. Best is trial 31 with value: 0.030473683760241267.
[I 2025-08-01 09:39:47,359] Trial 32 finished with value: 0.030842654315116413 and parameters: {'min_abs_corr': 0.046722088320917766, 'max_pair_corr': 0.9814225665263735, 'iterations': 1603, 'learning_rate': 0.05875927553850926, 'depth': 5, 'l2_leaf_reg': 4.862828917796795, 'subsample': 0.6490185986709496, 'rsm': 0.8460354579854794, 'bagging_temperature': 0.4810235778491666}. Best is trial 31 with value: 0.030473683760241267.
[I 2025-08-01 09:40:10,502] Trial 33 finished with value: 0.02960832058324651 and parameters: {'min_abs_corr': 0.03696927853162136, 'max_pair_corr': 0.9815977468367165, 'iterations': 1437, 'learning_rate': 0.0283687731173045, 'depth': 5, 'l2_leaf_reg': 3.893852141324669, 'subsample': 0.5482675941042775, 'rsm': 0.9976206153923604, 'bagging_temperature': 0.4444757844879261}. Best is trial 33 with value: 0.02960832058324651.
[I 2025-08-01 09:40:28,321] Trial 34 finished with value: 0.030191203136169076 and parameters: {'min_abs_corr': 0.03524266445113069, 'max_pair_corr': 0.9586005906625074, 'iterations': 1391, 'learning_rate': 0.028822304689430277, 'depth': 5, 'l2_leaf_reg': 4.6290771883846435, 'subsample': 0.5450691262276026, 'rsm': 0.7527718888343153, 'bagging_temperature': 0.3173935193027144}. Best is trial 33 with value: 0.02960832058324651.
[I 2025-08-01 09:40:48,246] Trial 35 finished with value: 0.030046856560168294 and parameters: {'min_abs_corr': 0.03643883210856598, 'max_pair_corr': 0.9494708902359836, 'iterations': 1440, 'learning_rate': 0.029531707749853545, 'depth': 5, 'l2_leaf_reg': 5.056490089210801, 'subsample': 0.6191335423640459, 'rsm': 0.9943531540389864, 'bagging_temperature': 0.27451713916857085}. Best is trial 33 with value: 0.02960832058324651.
[I 2025-08-01 09:41:08,502] Trial 36 finished with value: 0.03058503126539368 and parameters: {'min_abs_corr': 0.03987704933689461, 'max_pair_corr': 0.9477245004867219, 'iterations': 1449, 'learning_rate': 0.015942596473713926, 'depth': 5, 'l2_leaf_reg': 6.219878779825851, 'subsample': 0.6175883788334383, 'rsm': 0.9908182414574238, 'bagging_temperature': 0.15108373365112437}. Best is trial 33 with value: 0.02960832058324651.
[I 2025-08-01 09:41:24,115] Trial 37 finished with value: 0.030146580222100282 and parameters: {'min_abs_corr': 0.03601205487222742, 'max_pair_corr': 0.9155114443699143, 'iterations': 1288, 'learning_rate': 0.03324558380982855, 'depth': 5, 'l2_leaf_reg': 5.330464763850488, 'subsample': 0.5439584380592132, 'rsm': 0.9675103220330311, 'bagging_temperature': 0.3040693786920827}. Best is trial 33 with value: 0.02960832058324651.
[I 2025-08-01 09:41:37,718] Trial 38 finished with value: 0.031649966321092404 and parameters: {'min_abs_corr': 0.026616405735723714, 'max_pair_corr': 0.9126686548243779, 'iterations': 1136, 'learning_rate': 0.027781509543265002, 'depth': 5, 'l2_leaf_reg': 3.947061571862063, 'subsample': 0.522636016979941, 'rsm': 0.998736713484772, 'bagging_temperature': 0.29592950400652723}. Best is trial 33 with value: 0.02960832058324651.
[I 2025-08-01 09:41:47,896] Trial 39 finished with value: 0.03312153125609567 and parameters: {'min_abs_corr': 0.05027248994921409, 'max_pair_corr': 0.9020276830950402, 'iterations': 1278, 'learning_rate': 0.012068561107919786, 'depth': 4, 'l2_leaf_reg': 5.316289619428717, 'subsample': 0.5513759863081817, 'rsm': 0.9591313070101961, 'bagging_temperature': 0.10910706020677974}. Best is trial 33 with value: 0.02960832058324651.
[I 2025-08-01 09:41:54,363] Trial 40 finished with value: 0.03296876799537744 and parameters: {'min_abs_corr': 0.03600695048536545, 'max_pair_corr': 0.9193210518570124, 'iterations': 1124, 'learning_rate': 0.03227453009033354, 'depth': 3, 'l2_leaf_reg': 3.980481194935182, 'subsample': 0.5852287871519356, 'rsm': 0.9543062989433455, 'bagging_temperature': 0.3320194236444492}. Best is trial 33 with value: 0.02960832058324651.
[I 2025-08-01 09:42:13,706] Trial 41 finished with value: 0.029773137280748114 and parameters: {'min_abs_corr': 0.04497693198028547, 'max_pair_corr': 0.9344321886465786, 'iterations': 1414, 'learning_rate': 0.05185278319154483, 'depth': 5, 'l2_leaf_reg': 5.412874080427476, 'subsample': 0.6214928123409995, 'rsm': 0.9303309057990045, 'bagging_temperature': 0.2388295564171164}. Best is trial 33 with value: 0.02960832058324651.
[I 2025-08-01 09:42:33,464] Trial 42 finished with value: 0.030599952984098056 and parameters: {'min_abs_corr': 0.045136618153985696, 'max_pair_corr': 0.9339987442095629, 'iterations': 1459, 'learning_rate': 0.022838284705104055, 'depth': 5, 'l2_leaf_reg': 5.637121108791442, 'subsample': 0.5248928548099677, 'rsm': 0.9299685394071351, 'bagging_temperature': 0.21286635221015582}. Best is trial 33 with value: 0.02960832058324651.
[I 2025-08-01 09:42:58,283] Trial 43 finished with value: 0.03121888235597829 and parameters: {'min_abs_corr': 0.042699461399835145, 'max_pair_corr': 0.917523963162359, 'iterations': 1311, 'learning_rate': 0.037716654955141114, 'depth': 6, 'l2_leaf_reg': 6.429968984864771, 'subsample': 0.6082712976864239, 'rsm': 0.974682730983709, 'bagging_temperature': 0.24085570607331572}. Best is trial 33 with value: 0.02960832058324651.
[I 2025-08-01 09:43:17,626] Trial 44 finished with value: 0.030575320136342815 and parameters: {'min_abs_corr': 0.03688678433203733, 'max_pair_corr': 0.933321030764744, 'iterations': 1402, 'learning_rate': 0.020080389863790335, 'depth': 5, 'l2_leaf_reg': 4.50061152349982, 'subsample': 0.9301194397249982, 'rsm': 0.9035381163593419, 'bagging_temperature': 0.3175566380469467}. Best is trial 33 with value: 0.02960832058324651.
[I 2025-08-01 09:43:30,895] Trial 45 finished with value: 0.0313593192910928 and parameters: {'min_abs_corr': 0.029242393520774644, 'max_pair_corr': 0.9227588721677037, 'iterations': 1541, 'learning_rate': 0.052668829793116954, 'depth': 4, 'l2_leaf_reg': 5.211357920593071, 'subsample': 0.7086074895738587, 'rsm': 0.9431245187159432, 'bagging_temperature': 0.13844513758989557}. Best is trial 33 with value: 0.02960832058324651.
[I 2025-08-01 09:43:42,012] Trial 46 finished with value: 0.032834529328817155 and parameters: {'min_abs_corr': 0.016484736863475256, 'max_pair_corr': 0.9407528211062738, 'iterations': 1183, 'learning_rate': 0.10417246528078135, 'depth': 4, 'l2_leaf_reg': 4.12334212540289, 'subsample': 0.5775930473541606, 'rsm': 0.8776208492627537, 'bagging_temperature': 0.43463299524367177}. Best is trial 33 with value: 0.02960832058324651.
[I 2025-08-01 09:44:20,092] Trial 47 finished with value: 0.0319666098517331 and parameters: {'min_abs_corr': 0.025381323627119163, 'max_pair_corr': 0.9057285780272771, 'iterations': 1263, 'learning_rate': 0.013528380400117378, 'depth': 7, 'l2_leaf_reg': 2.9022539742204847, 'subsample': 0.5513962234588754, 'rsm': 0.9974744124144357, 'bagging_temperature': 0.3424655713663049}. Best is trial 33 with value: 0.02960832058324651.
[I 2025-08-01 09:44:41,707] Trial 48 finished with value: 0.03091176474725889 and parameters: {'min_abs_corr': 0.05949977389356021, 'max_pair_corr': 0.9353421890709243, 'iterations': 1069, 'learning_rate': 0.025268465056188974, 'depth': 6, 'l2_leaf_reg': 6.671251735072179, 'subsample': 0.7738110405700757, 'rsm': 0.8540952204865189, 'bagging_temperature': 0.07287867522426256}. Best is trial 33 with value: 0.02960832058324651.
[I 2025-08-01 09:45:01,966] Trial 49 finished with value: 0.030558951246915843 and parameters: {'min_abs_corr': 0.03794365647698954, 'max_pair_corr': 0.9499463397869021, 'iterations': 1418, 'learning_rate': 0.03478936855792174, 'depth': 5, 'l2_leaf_reg': 5.792765673669072, 'subsample': 0.5006403754430931, 'rsm': 0.9715516898500421, 'bagging_temperature': 0.17913934902192102}. Best is trial 33 with value: 0.02960832058324651.
[I 2025-08-01 09:45:31,680] Trial 50 finished with value: 0.032197824290969665 and parameters: {'min_abs_corr': 0.05311930297254998, 'max_pair_corr': 0.9270013236546464, 'iterations': 1565, 'learning_rate': 0.06373506218752586, 'depth': 6, 'l2_leaf_reg': 2.0278853757622564, 'subsample': 0.6714606245099594, 'rsm': 0.9168418426447227, 'bagging_temperature': 0.2290499368693087}. Best is trial 33 with value: 0.02960832058324651.
