[I 2025-08-01 12:30:06,910] Trial 408 finished with value: 0.02988658249263032 and parameters: {'min_abs_corr': 0.032235417586112265, 'max_pair_corr': 0.9786186271335658, 'iterations': 1549, 'learning_rate': 0.037873909382026054, 'depth': 4, 'l2_leaf_reg': 4.836805376139647, 'subsample': 0.6045286132749471, 'rsm': 0.8949436895318642, 'bagging_temperature': 0.4887535527609219}. Best is trial 394 with value: 0.029323265800569542.
[I 2025-08-01 12:30:27,676] Trial 409 finished with value: 0.030813012138036562 and parameters: {'min_abs_corr': 0.026044083641334974, 'max_pair_corr': 0.9828921306917003, 'iterations': 1830, 'learning_rate': 0.047993182070285925, 'depth': 4, 'l2_leaf_reg': 4.6095275142999625, 'subsample': 0.5840899812271079, 'rsm': 0.9069770945747299, 'bagging_temperature': 0.39976335545087166}. Best is trial 394 with value: 0.029323265800569542.
[I 2025-08-01 12:30:45,242] Trial 410 finished with value: 0.02972153447584728 and parameters: {'min_abs_corr': 0.04333042648514868, 'max_pair_corr': 0.9805712576830045, 'iterations': 1705, 'learning_rate': 0.029989778133021592, 'depth': 4, 'l2_leaf_reg': 3.7659444152816977, 'subsample': 0.5540364528794638, 'rsm': 0.8759894053613851, 'bagging_temperature': 0.451061154218612}. Best is trial 394 with value: 0.029323265800569542.
[I 2025-08-01 12:31:04,170] Trial 411 finished with value: 0.029985064148486125 and parameters: {'min_abs_corr': 0.03043026093200544, 'max_pair_corr': 0.9841446165579961, 'iterations': 1938, 'learning_rate': 0.025163243432662637, 'depth': 4, 'l2_leaf_reg': 3.2752302476593353, 'subsample': 0.6780548654971702, 'rsm': 0.6661517112235082, 'bagging_temperature': 0.47408559072749057}. Best is trial 394 with value: 0.029323265800569542.
[I 2025-08-01 12:31:15,803] Trial 412 finished with value: 0.03128667485375227 and parameters: {'min_abs_corr': 0.036546993880934596, 'max_pair_corr': 0.9899597584417255, 'iterations': 1500, 'learning_rate': 0.03243328135425179, 'depth': 3, 'l2_leaf_reg': 3.600618045251479, 'subsample': 0.5010747923098323, 'rsm': 0.8530555684151871, 'bagging_temperature': 0.4272014054416973}. Best is trial 394 with value: 0.029323265800569542.
[I 2025-08-01 12:31:38,041] Trial 413 finished with value: 0.029884725094831477 and parameters: {'min_abs_corr': 0.03921674659368544, 'max_pair_corr': 0.9868281505525897, 'iterations': 1969, 'learning_rate': 0.02698451721361227, 'depth': 4, 'l2_leaf_reg': 3.982649729951126, 'subsample': 0.5192762267883984, 'rsm': 0.9276509335406578, 'bagging_temperature': 0.40682910019667606}. Best is trial 394 with value: 0.029323265800569542.
[I 2025-08-01 12:31:52,907] Trial 414 finished with value: 0.030948459638223746 and parameters: {'min_abs_corr': 0.04571645251327405, 'max_pair_corr': 0.9128180743398293, 'iterations': 1884, 'learning_rate': 0.03878082625811037, 'depth': 4, 'l2_leaf_reg': 4.337075514337535, 'subsample': 0.5903832767569159, 'rsm': 0.9420540657957086, 'bagging_temperature': 0.30358407999210824}. Best is trial 394 with value: 0.029323265800569542.
[I 2025-08-01 12:32:07,351] Trial 415 finished with value: 0.03027229642932412 and parameters: {'min_abs_corr': 0.027846093932315817, 'max_pair_corr': 0.9779469721220754, 'iterations': 1923, 'learning_rate': 0.02050782217066128, 'depth': 4, 'l2_leaf_reg': 5.008357957989305, 'subsample': 0.5622591546440732, 'rsm': 0.46780255955737604, 'bagging_temperature': 0.3820531058453025}. Best is trial 394 with value: 0.029323265800569542.
[I 2025-08-01 12:32:26,454] Trial 416 finished with value: 0.029686345230861853 and parameters: {'min_abs_corr': 0.03491493448436986, 'max_pair_corr': 0.9817066966876112, 'iterations': 1797, 'learning_rate': 0.024187027606162214, 'depth': 4, 'l2_leaf_reg': 4.148205653988115, 'subsample': 0.6020385345382969, 'rsm': 0.8932173402079984, 'bagging_temperature': 0.4663119964843662}. Best is trial 394 with value: 0.029323265800569542.
[I 2025-08-01 12:32:45,983] Trial 417 finished with value: 0.0301588915490121 and parameters: {'min_abs_corr': 0.031972779497089196, 'max_pair_corr': 0.9798287081599323, 'iterations': 1853, 'learning_rate': 0.02984981070448162, 'depth': 4, 'l2_leaf_reg': 3.5309995988593488, 'subsample': 0.5004887020747537, 'rsm': 0.9138152106992607, 'bagging_temperature': 0.4953653800910536}. Best is trial 394 with value: 0.029323265800569542.
[I 2025-08-01 12:32:59,290] Trial 418 finished with value: 0.033602609500670004 and parameters: {'min_abs_corr': 0.042910434238092654, 'max_pair_corr': 0.9766900718279754, 'iterations': 1969, 'learning_rate': 0.008844472620550416, 'depth': 3, 'l2_leaf_reg': 4.499675381649554, 'subsample': 0.570777387819324, 'rsm': 0.8711419833991878, 'bagging_temperature': 0.44989137522900274}. Best is trial 394 with value: 0.029323265800569542.
[I 2025-08-01 12:33:19,876] Trial 419 finished with value: 0.02994973993157114 and parameters: {'min_abs_corr': 0.021447947325824755, 'max_pair_corr': 0.9852718762046583, 'iterations': 1904, 'learning_rate': 0.034411491352935204, 'depth': 4, 'l2_leaf_reg': 3.116597144520287, 'subsample': 0.6246671784018206, 'rsm': 0.8038594303766949, 'bagging_temperature': 0.4266635385520791}. Best is trial 394 with value: 0.029323265800569542.
[I 2025-08-01 12:33:33,104] Trial 420 finished with value: 0.030848328228637183 and parameters: {'min_abs_corr': 0.029549424094404777, 'max_pair_corr': 0.98297698827802, 'iterations': 1156, 'learning_rate': 0.044394737103016134, 'depth': 4, 'l2_leaf_reg': 3.832148363803059, 'subsample': 0.5110313956651862, 'rsm': 0.9050976358508088, 'bagging_temperature': 0.5092073698164163}. Best is trial 394 with value: 0.029323265800569542.
[I 2025-08-01 12:34:02,030] Trial 421 finished with value: 0.030647037396522886 and parameters: {'min_abs_corr': 0.04100865433719207, 'max_pair_corr': 0.9814201298106826, 'iterations': 1757, 'learning_rate': 0.02814307877144757, 'depth': 5, 'l2_leaf_reg': 4.704195878141803, 'subsample': 0.5348032550190795, 'rsm': 0.9247207674529022, 'bagging_temperature': 0.4777431062347908}. Best is trial 394 with value: 0.029323265800569542.
[I 2025-08-01 12:34:05,539] Trial 422 finished with value: 0.0322554089953224 and parameters: {'min_abs_corr': 0.03851321234603797, 'max_pair_corr': 0.9782776668498456, 'iterations': 312, 'learning_rate': 0.03980007274386012, 'depth': 4, 'l2_leaf_reg': 3.3686274659067226, 'subsample': 0.6124397071131402, 'rsm': 0.9611224323177059, 'bagging_temperature': 0.4450037320366633}. Best is trial 394 with value: 0.029323265800569542.
[I 2025-08-01 12:38:51,035] Trial 423 finished with value: 0.03245435756440927 and parameters: {'min_abs_corr': 0.047293231076611465, 'max_pair_corr': 0.9876791793540579, 'iterations': 1934, 'learning_rate': 0.022721351387203135, 'depth': 9, 'l2_leaf_reg': 4.821466313819062, 'subsample': 0.5467814693056219, 'rsm': 0.8598811845929801, 'bagging_temperature': 0.4170674990676855}. Best is trial 394 with value: 0.029323265800569542.
[I 2025-08-01 12:39:36,339] Trial 424 finished with value: 0.030166738539880278 and parameters: {'min_abs_corr': 0.03690981881830125, 'max_pair_corr': 0.9797551109466791, 'iterations': 1827, 'learning_rate': 0.0345898086191487, 'depth': 6, 'l2_leaf_reg': 6.146139233633456, 'subsample': 0.5795392956835624, 'rsm': 0.8870298054855665, 'bagging_temperature': 0.4993463561782615}. Best is trial 394 with value: 0.029323265800569542.
[I 2025-08-01 12:39:58,196] Trial 425 finished with value: 0.030301103929655675 and parameters: {'min_abs_corr': 0.03312585791793456, 'max_pair_corr': 0.982894268225218, 'iterations': 1972, 'learning_rate': 0.025727109419101214, 'depth': 4, 'l2_leaf_reg': 4.068444154114333, 'subsample': 0.5211907304381725, 'rsm': 0.9407659171831092, 'bagging_temperature': 0.33787133869086583}. Best is trial 394 with value: 0.029323265800569542.
[I 2025-08-01 12:40:28,138] Trial 426 finished with value: 0.03042664831004522 and parameters: {'min_abs_corr': 0.026402732008450246, 'max_pair_corr': 0.9757365541740521, 'iterations': 1871, 'learning_rate': 0.03138025261186523, 'depth': 5, 'l2_leaf_reg': 5.003224121322751, 'subsample': 0.7247944547663299, 'rsm': 0.9160066161015684, 'bagging_temperature': 0.46305461944767773}. Best is trial 394 with value: 0.029323265800569542.
[I 2025-08-01 12:40:35,233] Trial 427 finished with value: 0.030658098859066472 and parameters: {'min_abs_corr': 0.0439669804933176, 'max_pair_corr': 0.985071536858009, 'iterations': 610, 'learning_rate': 0.04745809366619676, 'depth': 4, 'l2_leaf_reg': 3.6624710287526563, 'subsample': 0.5878000165423256, 'rsm': 0.9047559354037292, 'bagging_temperature': 0.40273064376343276}. Best is trial 394 with value: 0.029323265800569542.
[I 2025-08-01 12:41:02,682] Trial 428 finished with value: 0.030643406781246524 and parameters: {'min_abs_corr': 0.030425901503588523, 'max_pair_corr': 0.9811090310174136, 'iterations': 1631, 'learning_rate': 0.018288431780046507, 'depth': 5, 'l2_leaf_reg': 4.462549894556267, 'subsample': 0.5614034106155665, 'rsm': 0.9314065353847849, 'bagging_temperature': 0.5178650078051432}. Best is trial 394 with value: 0.029323265800569542.
[I 2025-08-01 12:41:20,408] Trial 429 finished with value: 0.030274552496985158 and parameters: {'min_abs_corr': 0.0353512254852416, 'max_pair_corr': 0.9773154807872341, 'iterations': 1727, 'learning_rate': 0.037093464791269355, 'depth': 4, 'l2_leaf_reg': 3.880501926193542, 'subsample': 0.7595796427954947, 'rsm': 0.8918777216352781, 'bagging_temperature': 0.9147038248577658}. Best is trial 394 with value: 0.029323265800569542.
[I 2025-08-01 12:41:34,179] Trial 430 finished with value: 0.030247819079175654 and parameters: {'min_abs_corr': 0.04016051648666196, 'max_pair_corr': 0.9790960555371753, 'iterations': 1913, 'learning_rate': 0.028563222752391187, 'depth': 4, 'l2_leaf_reg': 4.236205318939117, 'subsample': 0.5996993831269826, 'rsm': 0.44395079693511297, 'bagging_temperature': 0.47974905593189004}. Best is trial 394 with value: 0.029323265800569542.
[I 2025-08-01 12:42:06,694] Trial 431 finished with value: 0.028803817637518454 and parameters: {'min_abs_corr': 0.045961078085801015, 'max_pair_corr': 0.984116338014203, 'iterations': 1945, 'learning_rate': 0.04210917073435799, 'depth': 5, 'l2_leaf_reg': 3.3589050636381215, 'subsample': 0.5755135995102634, 'rsm': 0.9211613562010944, 'bagging_temperature': 0.7092317139361574}. Best is trial 431 with value: 0.028803817637518454.
[I 2025-08-01 12:42:37,965] Trial 432 finished with value: 0.03070552906620653 and parameters: {'min_abs_corr': 0.04596221134404726, 'max_pair_corr': 0.9845798035048361, 'iterations': 1878, 'learning_rate': 0.04303638839337571, 'depth': 5, 'l2_leaf_reg': 3.226026480234545, 'subsample': 0.5545375340387254, 'rsm': 0.9500593601436356, 'bagging_temperature': 0.7043360259012633}. Best is trial 431 with value: 0.028803817637518454.
[I 2025-08-01 12:43:08,705] Trial 433 finished with value: 0.030257857686665595 and parameters: {'min_abs_corr': 0.044027623140144134, 'max_pair_corr': 0.9871324832951154, 'iterations': 1787, 'learning_rate': 0.05085831976088833, 'depth': 5, 'l2_leaf_reg': 2.9241435845845523, 'subsample': 0.5383675754126003, 'rsm': 0.9183403055732354, 'bagging_temperature': 0.7792818729434882}. Best is trial 431 with value: 0.028803817637518454.
[I 2025-08-01 12:43:39,219] Trial 434 finished with value: 0.029337999828987254 and parameters: {'min_abs_corr': 0.04645260463236544, 'max_pair_corr': 0.9834029330062264, 'iterations': 1844, 'learning_rate': 0.045177681663122624, 'depth': 5, 'l2_leaf_reg': 3.393648577701085, 'subsample': 0.5728835430689893, 'rsm': 0.9272442354173788, 'bagging_temperature': 0.4306320352796761}. Best is trial 431 with value: 0.028803817637518454.
[I 2025-08-01 12:44:10,361] Trial 435 finished with value: 0.030443145058860165 and parameters: {'min_abs_corr': 0.04791541774529557, 'max_pair_corr': 0.9856531007611412, 'iterations': 1827, 'learning_rate': 0.040724780701348696, 'depth': 5, 'l2_leaf_reg': 3.4799157365705615, 'subsample': 0.5716534413395484, 'rsm': 0.935718698182817, 'bagging_temperature': 0.7175027972849893}. Best is trial 431 with value: 0.028803817637518454.
[I 2025-08-01 12:44:41,180] Trial 436 finished with value: 0.030183931321966416 and parameters: {'min_abs_corr': 0.04243189433196692, 'max_pair_corr': 0.9837361700709911, 'iterations': 1841, 'learning_rate': 0.03696096293382203, 'depth': 5, 'l2_leaf_reg': 3.466095833670558, 'subsample': 0.5657675563261247, 'rsm': 0.9546969540240805, 'bagging_temperature': 0.7194770467931407}. Best is trial 431 with value: 0.028803817637518454.
[I 2025-08-01 12:45:12,022] Trial 437 finished with value: 0.03034576167305636 and parameters: {'min_abs_corr': 0.045641928507419126, 'max_pair_corr': 0.98695115880814, 'iterations': 1786, 'learning_rate': 0.04276690272116128, 'depth': 5, 'l2_leaf_reg': 3.135565106482649, 'subsample': 0.5755334253133744, 'rsm': 0.9293713728236557, 'bagging_temperature': 0.43666267478866294}. Best is trial 431 with value: 0.028803817637518454.
[I 2025-08-01 12:45:41,418] Trial 438 finished with value: 0.0299048909999573 and parameters: {'min_abs_corr': 0.0446236326290141, 'max_pair_corr': 0.9820346744769775, 'iterations': 1814, 'learning_rate': 0.034089685364442936, 'depth': 5, 'l2_leaf_reg': 3.6275110807002537, 'subsample': 0.5872021479737266, 'rsm': 0.973010099977769, 'bagging_temperature': 0.6499952721631825}. Best is trial 431 with value: 0.028803817637518454.
[I 2025-08-01 12:46:12,283] Trial 439 finished with value: 0.02970944406553593 and parameters: {'min_abs_corr': 0.04852940779771266, 'max_pair_corr': 0.9836200494855508, 'iterations': 1869, 'learning_rate': 0.039207049031938376, 'depth': 5, 'l2_leaf_reg': 3.376871569733736, 'subsample': 0.5581636366913608, 'rsm': 0.9080471213819803, 'bagging_temperature': 0.4535761437030949}. Best is trial 431 with value: 0.028803817637518454.
[I 2025-08-01 12:46:33,426] Trial 440 finished with value: 0.030741100467107936 and parameters: {'min_abs_corr': 0.05286740798577849, 'max_pair_corr': 0.9168824652451172, 'iterations': 1758, 'learning_rate': 0.03187427757192238, 'depth': 5, 'l2_leaf_reg': 5.186272393002214, 'subsample': 0.5688630064549662, 'rsm': 0.9255779826355222, 'bagging_temperature': 0.8302229491669647}. Best is trial 431 with value: 0.028803817637518454.
[I 2025-08-01 12:47:00,539] Trial 441 finished with value: 0.030723627515602987 and parameters: {'min_abs_corr': 0.04191728139981146, 'max_pair_corr': 0.9880827438066203, 'iterations': 967, 'learning_rate': 0.05114511329339363, 'depth': 6, 'l2_leaf_reg': 4.891092913876973, 'subsample': 0.5792877512129128, 'rsm': 0.94897093307858, 'bagging_temperature': 0.3793809973173532}. Best is trial 431 with value: 0.028803817637518454.
[I 2025-08-01 12:47:29,242] Trial 442 finished with value: 0.030582426623906776 and parameters: {'min_abs_corr': 0.023032545289337042, 'max_pair_corr': 0.9853847105070115, 'iterations': 1852, 'learning_rate': 0.03554674425449539, 'depth': 5, 'l2_leaf_reg': 3.774522695063905, 'subsample': 0.5967609936813899, 'rsm': 0.7112243858779702, 'bagging_temperature': 0.6889724487284137}. Best is trial 431 with value: 0.028803817637518454.
[I 2025-08-01 12:47:53,600] Trial 443 finished with value: 0.0308402039815162 and parameters: {'min_abs_corr': 0.025687667008530916, 'max_pair_corr': 0.928203822781663, 'iterations': 1888, 'learning_rate': 0.04280257797512062, 'depth': 5, 'l2_leaf_reg': 3.050920197858657, 'subsample': 0.5553810823490744, 'rsm': 0.9387715644671513, 'bagging_temperature': 0.439131880551141}. Best is trial 431 with value: 0.028803817637518454.
[I 2025-08-01 12:48:23,137] Trial 444 finished with value: 0.03026996857120532 and parameters: {'min_abs_corr': 0.028392518842291204, 'max_pair_corr': 0.9808386231649112, 'iterations': 1810, 'learning_rate': 0.03241411310816863, 'depth': 5, 'l2_leaf_reg': 4.630514435727467, 'subsample': 0.5472674849563578, 'rsm': 0.9096943326760563, 'bagging_temperature': 0.4566771129374911}. Best is trial 431 with value: 0.028803817637518454.
[I 2025-08-01 12:48:54,907] Trial 445 finished with value: 0.030013688790066672 and parameters: {'min_abs_corr': 0.04398887680432413, 'max_pair_corr': 0.9836988263346526, 'iterations': 1910, 'learning_rate': 0.02833042467035749, 'depth': 5, 'l2_leaf_reg': 5.911834101088414, 'subsample': 0.614162364780425, 'rsm': 0.9000308368551649, 'bagging_temperature': 0.7318302384052731}. Best is trial 431 with value: 0.028803817637518454.
[I 2025-08-01 12:49:07,467] Trial 446 finished with value: 0.030515362671137004 and parameters: {'min_abs_corr': 0.017983815191500146, 'max_pair_corr': 0.981326026277856, 'iterations': 1113, 'learning_rate': 0.03812073081057439, 'depth': 4, 'l2_leaf_reg': 3.5821116270610376, 'subsample': 0.5896327258207555, 'rsm': 0.9234374526204947, 'bagging_temperature': 0.7555801811166167}. Best is trial 431 with value: 0.028803817637518454.
[I 2025-08-01 12:49:36,599] Trial 447 finished with value: 0.029815043910513483 and parameters: {'min_abs_corr': 0.046528063398537746, 'max_pair_corr': 0.9861492379888468, 'iterations': 1851, 'learning_rate': 0.02126993198067528, 'depth': 5, 'l2_leaf_reg': 3.2597648315732224, 'subsample': 0.5750131086492392, 'rsm': 0.7680993585706997, 'bagging_temperature': 0.478114677340645}. Best is trial 431 with value: 0.028803817637518454.
[I 2025-08-01 12:49:58,473] Trial 448 finished with value: 0.02992511623446757 and parameters: {'min_abs_corr': 0.005127447998291131, 'max_pair_corr': 0.9796752830267487, 'iterations': 1935, 'learning_rate': 0.0475484633614039, 'depth': 4, 'l2_leaf_reg': 5.140579645415979, 'subsample': 0.5654067195273748, 'rsm': 0.9133674024422902, 'bagging_temperature': 0.4293536765089968}. Best is trial 431 with value: 0.028803817637518454.
[I 2025-08-01 12:50:15,300] Trial 449 finished with value: 0.030876176317956593 and parameters: {'min_abs_corr': 0.040618506501259824, 'max_pair_corr': 0.982347486528743, 'iterations': 1713, 'learning_rate': 0.025151079987678415, 'depth': 4, 'l2_leaf_reg': 2.8287222754044947, 'subsample': 0.6046514163942859, 'rsm': 0.7407367949062944, 'bagging_temperature': 0.4052577001072551}. Best is trial 431 with value: 0.028803817637518454.
[I 2025-08-01 12:50:46,637] Trial 450 finished with value: 0.02988756521405424 and parameters: {'min_abs_corr': 0.050690945269712004, 'max_pair_corr': 0.9842065249720964, 'iterations': 1891, 'learning_rate': 0.03134622457372356, 'depth': 5, 'l2_leaf_reg': 3.4211412471713682, 'subsample': 0.798907109353289, 'rsm': 0.896415329851364, 'bagging_temperature': 0.4598642094867367}. Best is trial 431 with value: 0.028803817637518454.
[I 2025-08-01 12:51:14,568] Trial 451 finished with value: 0.030617922252210817 and parameters: {'min_abs_corr': 0.047985066234598084, 'max_pair_corr': 0.9805180839575101, 'iterations': 1773, 'learning_rate': 0.03613061010260203, 'depth': 5, 'l2_leaf_reg': 4.740933171540413, 'subsample': 0.6318342890152604, 'rsm': 0.9368732505515992, 'bagging_temperature': 0.6748397295533026}. Best is trial 431 with value: 0.028803817637518454.
[I 2025-08-01 12:51:30,139] Trial 452 finished with value: 0.03025735799396322 and parameters: {'min_abs_corr': 0.09093255264811168, 'max_pair_corr': 0.9788482323983253, 'iterations': 1806, 'learning_rate': 0.042491221151737625, 'depth': 4, 'l2_leaf_reg': 3.7214659840285615, 'subsample': 0.5912611060417816, 'rsm': 0.8228839103611526, 'bagging_temperature': 0.4961588181337935}. Best is trial 431 with value: 0.028803817637518454.
[I 2025-08-01 12:51:51,799] Trial 453 finished with value: 0.029971023877933045 and parameters: {'min_abs_corr': 0.027851261812598734, 'max_pair_corr': 0.9825067067230169, 'iterations': 1934, 'learning_rate': 0.028722882955770492, 'depth': 4, 'l2_leaf_reg': 5.364738909574808, 'subsample': 0.5843463481847374, 'rsm': 0.9226355263855519, 'bagging_temperature': 0.35704230376242535}. Best is trial 431 with value: 0.028803817637518454.
[I 2025-08-01 12:52:26,686] Trial 454 finished with value: 0.029861930089792023 and parameters: {'min_abs_corr': 0.041950515088033304, 'max_pair_corr': 0.9888883226756844, 'iterations': 2000, 'learning_rate': 0.023036206873537295, 'depth': 5, 'l2_leaf_reg': 5.021346740703861, 'subsample': 0.5425978343790361, 'rsm': 0.8854008713778382, 'bagging_temperature': 0.4241571491339558}. Best is trial 431 with value: 0.028803817637518454.
[I 2025-08-01 12:52:47,819] Trial 455 finished with value: 0.029641785905732677 and parameters: {'min_abs_corr': 0.024402869346336124, 'max_pair_corr': 0.9863200841914724, 'iterations': 1851, 'learning_rate': 0.034262026794616186, 'depth': 4, 'l2_leaf_reg': 3.9562831330789976, 'subsample': 0.5676335873059107, 'rsm': 0.9059896373832421, 'bagging_temperature': 0.4706599898805426}. Best is trial 431 with value: 0.028803817637518454.
[I 2025-08-01 12:53:17,736] Trial 456 finished with value: 0.030156572461257795 and parameters: {'min_abs_corr': 0.03747915759278054, 'max_pair_corr': 0.9841887727443484, 'iterations': 1746, 'learning_rate': 0.026647524728983834, 'depth': 5, 'l2_leaf_reg': 4.41511816712994, 'subsample': 0.5545872269924418, 'rsm': 0.9455829739966997, 'bagging_temperature': 0.44063045564288367}. Best is trial 431 with value: 0.028803817637518454.
[I 2025-08-01 12:53:35,040] Trial 457 finished with value: 0.030434577833680372 and parameters: {'min_abs_corr': 0.04500098142875814, 'max_pair_corr': 0.946703085029454, 'iterations': 1908, 'learning_rate': 0.056260942962962114, 'depth': 4, 'l2_leaf_reg': 3.512890072349868, 'subsample': 0.5744026975653637, 'rsm': 0.9193961894742406, 'bagging_temperature': 0.80186852947196}. Best is trial 431 with value: 0.028803817637518454.
