[I 2025-08-01 10:57:49,136] Trial 204 finished with value: 0.02984596897679102 and parameters: {'min_abs_corr': 0.048771784510422106, 'max_pair_corr': 0.9886554911746467, 'iterations': 1960, 'learning_rate': 0.027355071229309073, 'depth': 5, 'l2_leaf_reg': 4.876481088629079, 'subsample': 0.5211645941313885, 'rsm': 0.8505911853058112, 'bagging_temperature': 0.3767568056531271}. Best is trial 88 with value: 0.02933544222538914.
[I 2025-08-01 10:58:19,373] Trial 205 finished with value: 0.030326609488409994 and parameters: {'min_abs_corr': 0.05000658220770369, 'max_pair_corr': 0.988529301126562, 'iterations': 1815, 'learning_rate': 0.026842760761783362, 'depth': 5, 'l2_leaf_reg': 4.733354269704705, 'subsample': 0.5205696035904345, 'rsm': 0.8516359516114348, 'bagging_temperature': 0.5645726407374739}. Best is trial 88 with value: 0.02933544222538914.
[I 2025-08-01 10:58:51,338] Trial 206 finished with value: 0.029935194825214534 and parameters: {'min_abs_corr': 0.048092266273402164, 'max_pair_corr': 0.9870174338924742, 'iterations': 1961, 'learning_rate': 0.03192503719920207, 'depth': 5, 'l2_leaf_reg': 4.850470664593724, 'subsample': 0.5154988701197754, 'rsm': 0.840031674260303, 'bagging_temperature': 0.37599476369790896}. Best is trial 88 with value: 0.02933544222538914.
[I 2025-08-01 10:59:22,988] Trial 207 finished with value: 0.030263951025852935 and parameters: {'min_abs_corr': 0.052780715795772426, 'max_pair_corr': 0.9890609417526052, 'iterations': 1880, 'learning_rate': 0.037060890034843884, 'depth': 5, 'l2_leaf_reg': 4.362712711067248, 'subsample': 0.53301456263092, 'rsm': 0.8748506682261136, 'bagging_temperature': 0.21610553356696083}. Best is trial 88 with value: 0.02933544222538914.
[I 2025-08-01 10:59:54,370] Trial 208 finished with value: 0.030403101755025436 and parameters: {'min_abs_corr': 0.04384501295095476, 'max_pair_corr': 0.9845699154449286, 'iterations': 1926, 'learning_rate': 0.02828313084429031, 'depth': 5, 'l2_leaf_reg': 5.053737960512402, 'subsample': 0.5408364248174705, 'rsm': 0.8960043670250248, 'bagging_temperature': 0.6087188090691711}. Best is trial 88 with value: 0.02933544222538914.
[I 2025-08-01 11:00:24,935] Trial 209 finished with value: 0.030276706100384205 and parameters: {'min_abs_corr': 0.04801107037900905, 'max_pair_corr': 0.9861094538460035, 'iterations': 1843, 'learning_rate': 0.034556022889221515, 'depth': 5, 'l2_leaf_reg': 4.63841903215538, 'subsample': 0.5267319127485957, 'rsm': 0.8570637411819805, 'bagging_temperature': 0.445928188726679}. Best is trial 88 with value: 0.02933544222538914.
[I 2025-08-01 11:00:54,376] Trial 210 finished with value: 0.029435807116110123 and parameters: {'min_abs_corr': 0.045708339086987015, 'max_pair_corr': 0.9833879319651327, 'iterations': 1789, 'learning_rate': 0.02621459179887474, 'depth': 5, 'l2_leaf_reg': 4.8835377597335325, 'subsample': 0.5065217217189592, 'rsm': 0.9098200126448619, 'bagging_temperature': 0.4292882104998416}. Best is trial 88 with value: 0.02933544222538914.
[I 2025-08-01 11:01:26,206] Trial 211 finished with value: 0.029871720963922287 and parameters: {'min_abs_corr': 0.04478202491962039, 'max_pair_corr': 0.9898946346883865, 'iterations': 1784, 'learning_rate': 0.02416349645641678, 'depth': 5, 'l2_leaf_reg': 4.909513059908849, 'subsample': 0.5100286782227613, 'rsm': 0.9022015444315388, 'bagging_temperature': 0.4154085075566156}. Best is trial 88 with value: 0.02933544222538914.
[I 2025-08-01 11:01:57,978] Trial 212 finished with value: 0.03061990472761561 and parameters: {'min_abs_corr': 0.0454825243174094, 'max_pair_corr': 0.9898185939406002, 'iterations': 1770, 'learning_rate': 0.02573523835388573, 'depth': 5, 'l2_leaf_reg': 4.96680505897411, 'subsample': 0.5028386449464889, 'rsm': 0.9142405780351376, 'bagging_temperature': 0.4193869048652789}. Best is trial 88 with value: 0.02933544222538914.
[I 2025-08-01 11:02:25,898] Trial 213 finished with value: 0.029916847176116097 and parameters: {'min_abs_corr': 0.046357855475017286, 'max_pair_corr': 0.9838197531251691, 'iterations': 1728, 'learning_rate': 0.024180873258458704, 'depth': 5, 'l2_leaf_reg': 4.895840858988963, 'subsample': 0.5023869676778885, 'rsm': 0.9006517057742226, 'bagging_temperature': 0.3969677508414914}. Best is trial 88 with value: 0.02933544222538914.
[I 2025-08-01 11:02:56,097] Trial 214 finished with value: 0.03019634752088992 and parameters: {'min_abs_corr': 0.04226724655435203, 'max_pair_corr': 0.9877719865046253, 'iterations': 1795, 'learning_rate': 0.020872414831178687, 'depth': 5, 'l2_leaf_reg': 5.061511118297818, 'subsample': 0.512753462877364, 'rsm': 0.8879217573353492, 'bagging_temperature': 0.4300915335443172}. Best is trial 88 with value: 0.02933544222538914.
[I 2025-08-01 11:03:24,771] Trial 215 finished with value: 0.030227367490724077 and parameters: {'min_abs_corr': 0.049152755478153204, 'max_pair_corr': 0.9872590819850126, 'iterations': 1703, 'learning_rate': 0.03029492007614488, 'depth': 5, 'l2_leaf_reg': 5.235300228727828, 'subsample': 0.5161548540655752, 'rsm': 0.9099584154995134, 'bagging_temperature': 0.4595640718082707}. Best is trial 88 with value: 0.02933544222538914.
[I 2025-08-01 11:03:54,191] Trial 216 finished with value: 0.030185938244164694 and parameters: {'min_abs_corr': 0.051579799317964185, 'max_pair_corr': 0.984680529460411, 'iterations': 1753, 'learning_rate': 0.027720605617417474, 'depth': 5, 'l2_leaf_reg': 4.777226416898804, 'subsample': 0.5255053896220458, 'rsm': 0.9310382282994996, 'bagging_temperature': 0.34394948007380816}. Best is trial 88 with value: 0.02933544222538914.
[I 2025-08-01 11:04:22,613] Trial 217 finished with value: 0.02989024524168596 and parameters: {'min_abs_corr': 0.043424704184625525, 'max_pair_corr': 0.9826570464853118, 'iterations': 1807, 'learning_rate': 0.02437967847233552, 'depth': 5, 'l2_leaf_reg': 4.673717628956392, 'subsample': 0.5306339308788509, 'rsm': 0.8703636795997736, 'bagging_temperature': 0.4167287479991041}. Best is trial 88 with value: 0.02933544222538914.
[I 2025-08-01 11:04:51,024] Trial 218 finished with value: 0.029896817915824898 and parameters: {'min_abs_corr': 0.04417906941764594, 'max_pair_corr': 0.9813753730618658, 'iterations': 1791, 'learning_rate': 0.023523656993664536, 'depth': 5, 'l2_leaf_reg': 4.6156241899340635, 'subsample': 0.5409049019949369, 'rsm': 0.8784188733749815, 'bagging_temperature': 0.44631517015038724}. Best is trial 88 with value: 0.02933544222538914.
[I 2025-08-01 11:05:19,760] Trial 219 finished with value: 0.029734398989865823 and parameters: {'min_abs_corr': 0.04729818747576074, 'max_pair_corr': 0.9822417724317458, 'iterations': 1814, 'learning_rate': 0.020073029504520765, 'depth': 5, 'l2_leaf_reg': 4.485222367639007, 'subsample': 0.5154357432293468, 'rsm': 0.8926298415351912, 'bagging_temperature': 0.4177115046092024}. Best is trial 88 with value: 0.02933544222538914.
[I 2025-08-01 11:05:42,624] Trial 220 finished with value: 0.030059024787031964 and parameters: {'min_abs_corr': 0.04769492451229324, 'max_pair_corr': 0.9794760621729479, 'iterations': 1481, 'learning_rate': 0.020042920659772725, 'depth': 5, 'l2_leaf_reg': 4.361311084283798, 'subsample': 0.5105279885872813, 'rsm': 0.902716851238687, 'bagging_temperature': 0.47585341325262137}. Best is trial 88 with value: 0.02933544222538914.
[I 2025-08-01 11:06:11,321] Trial 221 finished with value: 0.030314816401336563 and parameters: {'min_abs_corr': 0.04691810735968236, 'max_pair_corr': 0.9826575209541721, 'iterations': 1820, 'learning_rate': 0.01751001753544438, 'depth': 5, 'l2_leaf_reg': 4.5311318798570035, 'subsample': 0.5175271684698421, 'rsm': 0.892071909504593, 'bagging_temperature': 0.41696209147355795}. Best is trial 88 with value: 0.02933544222538914.
[I 2025-08-01 11:06:39,556] Trial 222 finished with value: 0.030025406920655417 and parameters: {'min_abs_corr': 0.04474047582343314, 'max_pair_corr': 0.9829840444721261, 'iterations': 1750, 'learning_rate': 0.021863519275613516, 'depth': 5, 'l2_leaf_reg': 4.721635902220004, 'subsample': 0.501858778402518, 'rsm': 0.8701165245915268, 'bagging_temperature': 0.4356597577674099}. Best is trial 88 with value: 0.02933544222538914.
[I 2025-08-01 11:07:08,182] Trial 223 finished with value: 0.029416205121824246 and parameters: {'min_abs_corr': 0.04976320515447434, 'max_pair_corr': 0.9814562270396275, 'iterations': 1795, 'learning_rate': 0.025282934243555974, 'depth': 5, 'l2_leaf_reg': 5.164355405230597, 'subsample': 0.5197744622599384, 'rsm': 0.9186378804480054, 'bagging_temperature': 0.40839926040807706}. Best is trial 88 with value: 0.02933544222538914.
[I 2025-08-01 11:07:34,698] Trial 224 finished with value: 0.029426915062197145 and parameters: {'min_abs_corr': 0.05035524267970958, 'max_pair_corr': 0.978784897010808, 'iterations': 1723, 'learning_rate': 0.032996523558148305, 'depth': 5, 'l2_leaf_reg': 5.146807658321271, 'subsample': 0.5215985517473026, 'rsm': 0.9216997258037923, 'bagging_temperature': 0.4594167618870811}. Best is trial 88 with value: 0.02933544222538914.
[I 2025-08-01 11:08:16,533] Trial 225 finished with value: 0.030097479385811088 and parameters: {'min_abs_corr': 0.050313209287004744, 'max_pair_corr': 0.9789598501259712, 'iterations': 1698, 'learning_rate': 0.03050036960255721, 'depth': 6, 'l2_leaf_reg': 5.200570787618036, 'subsample': 0.5226383581768168, 'rsm': 0.9207102037048421, 'bagging_temperature': 0.6308236636736658}. Best is trial 88 with value: 0.02933544222538914.
[I 2025-08-01 11:08:42,262] Trial 226 finished with value: 0.03040147429364931 and parameters: {'min_abs_corr': 0.0536047394959827, 'max_pair_corr': 0.9810025679680124, 'iterations': 1646, 'learning_rate': 0.034843015044634634, 'depth': 5, 'l2_leaf_reg': 5.867638364502232, 'subsample': 0.5400665411023792, 'rsm': 0.9416343296246289, 'bagging_temperature': 0.45609949150902507}. Best is trial 88 with value: 0.02933544222538914.
[I 2025-08-01 11:09:08,736] Trial 227 finished with value: 0.02982775045293658 and parameters: {'min_abs_corr': 0.05137585966650459, 'max_pair_corr': 0.9779677516960602, 'iterations': 1744, 'learning_rate': 0.03164499112033976, 'depth': 5, 'l2_leaf_reg': 5.41007154582398, 'subsample': 0.5178723323891652, 'rsm': 0.9107154777550486, 'bagging_temperature': 0.5075724732019897}. Best is trial 88 with value: 0.02933544222538914.
[I 2025-08-01 11:09:33,944] Trial 228 finished with value: 0.03036858971492426 and parameters: {'min_abs_corr': 0.053890414703175384, 'max_pair_corr': 0.9782352482161741, 'iterations': 1716, 'learning_rate': 0.0330396379249127, 'depth': 5, 'l2_leaf_reg': 5.4308158018942985, 'subsample': 0.5323162780869823, 'rsm': 0.9287541964534863, 'bagging_temperature': 0.4926105502483435}. Best is trial 88 with value: 0.02933544222538914.
[I 2025-08-01 11:10:00,847] Trial 229 finished with value: 0.030209268163583027 and parameters: {'min_abs_corr': 0.05136897282745833, 'max_pair_corr': 0.979747329435761, 'iterations': 1741, 'learning_rate': 0.03813419037073271, 'depth': 5, 'l2_leaf_reg': 5.19888788229429, 'subsample': 0.5200783407331395, 'rsm': 0.9203320802222111, 'bagging_temperature': 0.5189508946117242}. Best is trial 88 with value: 0.02933544222538914.
[I 2025-08-01 11:10:25,945] Trial 230 finished with value: 0.029895257123592246 and parameters: {'min_abs_corr': 0.048069536714410846, 'max_pair_corr': 0.9773656556625946, 'iterations': 1680, 'learning_rate': 0.028541808156314706, 'depth': 5, 'l2_leaf_reg': 5.2936819277873175, 'subsample': 0.5148716940524588, 'rsm': 0.8873517221683559, 'bagging_temperature': 0.47674968780157156}. Best is trial 88 with value: 0.02933544222538914.
[I 2025-08-01 11:10:54,952] Trial 231 finished with value: 0.02964761742991138 and parameters: {'min_abs_corr': 0.04953427745509243, 'max_pair_corr': 0.9810911691810683, 'iterations': 1829, 'learning_rate': 0.032281188974641044, 'depth': 5, 'l2_leaf_reg': 5.478527982135315, 'subsample': 0.5296732616075881, 'rsm': 0.9122881456759495, 'bagging_temperature': 0.5496317909333195}. Best is trial 88 with value: 0.02933544222538914.
[I 2025-08-01 11:11:23,097] Trial 232 finished with value: 0.03003633126007781 and parameters: {'min_abs_corr': 0.05192446505940358, 'max_pair_corr': 0.9801187556765812, 'iterations': 1840, 'learning_rate': 0.03164670014554735, 'depth': 5, 'l2_leaf_reg': 5.604179393135852, 'subsample': 0.5469905987201669, 'rsm': 0.9096070311573234, 'bagging_temperature': 0.5456500392940552}. Best is trial 88 with value: 0.02933544222538914.
[I 2025-08-01 11:11:52,679] Trial 233 finished with value: 0.02993528200429551 and parameters: {'min_abs_corr': 0.049883018618862546, 'max_pair_corr': 0.9758190855332343, 'iterations': 1955, 'learning_rate': 0.026956126994089225, 'depth': 5, 'l2_leaf_reg': 5.440223144894639, 'subsample': 0.5319847807912256, 'rsm': 0.9281027463929055, 'bagging_temperature': 0.5084745582691564}. Best is trial 88 with value: 0.02933544222538914.
[I 2025-08-01 11:12:12,580] Trial 234 finished with value: 0.030428388281819197 and parameters: {'min_abs_corr': 0.05833722386674991, 'max_pair_corr': 0.9783879172403349, 'iterations': 1347, 'learning_rate': 0.036564807309578326, 'depth': 5, 'l2_leaf_reg': 5.057351251392914, 'subsample': 0.5196523051914462, 'rsm': 0.917049038590744, 'bagging_temperature': 0.5359897932393746}. Best is trial 88 with value: 0.02933544222538914.
[I 2025-08-01 11:12:40,696] Trial 235 finished with value: 0.030660775385514004 and parameters: {'min_abs_corr': 0.04966183950753971, 'max_pair_corr': 0.9813193352238885, 'iterations': 1763, 'learning_rate': 0.031038126755800265, 'depth': 5, 'l2_leaf_reg': 5.334116059966716, 'subsample': 0.5000014561815357, 'rsm': 0.9500933404072266, 'bagging_temperature': 0.45081551617583154}. Best is trial 88 with value: 0.02933544222538914.
[I 2025-08-01 11:13:08,532] Trial 236 finished with value: 0.029954868876743933 and parameters: {'min_abs_corr': 0.04832165106367087, 'max_pair_corr': 0.9731702338280321, 'iterations': 1857, 'learning_rate': 0.026106301572795792, 'depth': 5, 'l2_leaf_reg': 5.1240552932070385, 'subsample': 0.5108475658176893, 'rsm': 0.8959291835367055, 'bagging_temperature': 0.4846395183062895}. Best is trial 88 with value: 0.02933544222538914.
[I 2025-08-01 11:13:33,606] Trial 237 finished with value: 0.030539925912390277 and parameters: {'min_abs_corr': 0.054450673858934893, 'max_pair_corr': 0.9818658504538151, 'iterations': 1625, 'learning_rate': 0.022215058628338162, 'depth': 5, 'l2_leaf_reg': 5.751418010517034, 'subsample': 0.5371493569667264, 'rsm': 0.9050950853985633, 'bagging_temperature': 0.5076019202522465}. Best is trial 88 with value: 0.02933544222538914.
[I 2025-08-01 11:14:03,504] Trial 238 finished with value: 0.029733390844599555 and parameters: {'min_abs_corr': 0.046191141720167625, 'max_pair_corr': 0.9783392567236543, 'iterations': 1969, 'learning_rate': 0.03397131691352925, 'depth': 5, 'l2_leaf_reg': 8.65221224547321, 'subsample': 0.5249520715869248, 'rsm': 0.9410728815731033, 'bagging_temperature': 0.4333400527954402}. Best is trial 88 with value: 0.02933544222538914.
[I 2025-08-01 11:14:30,522] Trial 239 finished with value: 0.03009322380314512 and parameters: {'min_abs_corr': 0.05623474754609426, 'max_pair_corr': 0.9782309364249472, 'iterations': 1830, 'learning_rate': 0.039479243463738795, 'depth': 5, 'l2_leaf_reg': 5.541179180436352, 'subsample': 0.5487942665418171, 'rsm': 0.9384504945318491, 'bagging_temperature': 0.46400185549304834}. Best is trial 88 with value: 0.02933544222538914.
[I 2025-08-01 11:14:59,950] Trial 240 finished with value: 0.030071764271713618 and parameters: {'min_abs_corr': 0.04026997104468372, 'max_pair_corr': 0.9749591295468159, 'iterations': 1968, 'learning_rate': 0.03402751539933339, 'depth': 5, 'l2_leaf_reg': 8.21842771217299, 'subsample': 0.5291970967374952, 'rsm': 0.9564119153605962, 'bagging_temperature': 0.43756827733946135}. Best is trial 88 with value: 0.02933544222538914.
[I 2025-08-01 11:15:30,361] Trial 241 finished with value: 0.030198086003845537 and parameters: {'min_abs_corr': 0.04680745017132122, 'max_pair_corr': 0.9799628316191906, 'iterations': 1974, 'learning_rate': 0.030655349136788506, 'depth': 5, 'l2_leaf_reg': 2.079814728297004, 'subsample': 0.5270717935238817, 'rsm': 0.9337529899766213, 'bagging_temperature': 0.40111616053697974}. Best is trial 88 with value: 0.02933544222538914.
[I 2025-08-01 11:15:59,656] Trial 242 finished with value: 0.029825218806628546 and parameters: {'min_abs_corr': 0.04930127459718303, 'max_pair_corr': 0.9764972464413005, 'iterations': 1940, 'learning_rate': 0.026317118760434573, 'depth': 5, 'l2_leaf_reg': 4.888159054395091, 'subsample': 0.5187206667435723, 'rsm': 0.9893063716190686, 'bagging_temperature': 0.4399101576941717}. Best is trial 88 with value: 0.02933544222538914.
[I 2025-08-01 11:16:28,317] Trial 243 finished with value: 0.030290525557270593 and parameters: {'min_abs_corr': 0.046305471938594765, 'max_pair_corr': 0.9764442339944187, 'iterations': 1926, 'learning_rate': 0.03385236026771083, 'depth': 5, 'l2_leaf_reg': 8.8087421490226, 'subsample': 0.5096746800291617, 'rsm': 0.9933356072665808, 'bagging_temperature': 0.43657444972689996}. Best is trial 88 with value: 0.02933544222538914.
[I 2025-08-01 11:16:58,395] Trial 244 finished with value: 0.030471506474400452 and parameters: {'min_abs_corr': 0.05121056447932208, 'max_pair_corr': 0.9778878069376746, 'iterations': 1996, 'learning_rate': 0.02477542667041403, 'depth': 5, 'l2_leaf_reg': 4.491948154403119, 'subsample': 0.6870464616959941, 'rsm': 0.9947913596591758, 'bagging_temperature': 0.45626927490044134}. Best is trial 88 with value: 0.02933544222538914.
[I 2025-08-01 11:17:21,662] Trial 245 finished with value: 0.029864779779795063 and parameters: {'min_abs_corr': 0.04953988160874218, 'max_pair_corr': 0.9756506204700387, 'iterations': 1537, 'learning_rate': 0.028750828867422508, 'depth': 5, 'l2_leaf_reg': 4.236346892343035, 'subsample': 0.539295875108247, 'rsm': 0.9665261977095697, 'bagging_temperature': 0.4272485026481885}. Best is trial 88 with value: 0.02933544222538914.
[I 2025-08-01 11:17:50,991] Trial 246 finished with value: 0.030131989195598514 and parameters: {'min_abs_corr': 0.04581941926078592, 'max_pair_corr': 0.9792895149227888, 'iterations': 1882, 'learning_rate': 0.03885535691287922, 'depth': 5, 'l2_leaf_reg': 7.586380692382238, 'subsample': 0.517812637566691, 'rsm': 0.9236702102910104, 'bagging_temperature': 0.48420362535528866}. Best is trial 88 with value: 0.02933544222538914.
[I 2025-08-01 11:18:22,614] Trial 247 finished with value: 0.02989535684703909 and parameters: {'min_abs_corr': 0.04140644134237416, 'max_pair_corr': 0.9829209386572691, 'iterations': 1941, 'learning_rate': 0.020746428211234118, 'depth': 5, 'l2_leaf_reg': 7.773841130098954, 'subsample': 0.5554009924849951, 'rsm': 0.910587450332541, 'bagging_temperature': 0.5571807122858022}. Best is trial 88 with value: 0.02933544222538914.
[I 2025-08-01 11:18:50,742] Trial 248 finished with value: 0.029992192193277378 and parameters: {'min_abs_corr': 0.052448027794753174, 'max_pair_corr': 0.9740787510966971, 'iterations': 1911, 'learning_rate': 0.030229178475284987, 'depth': 5, 'l2_leaf_reg': 9.472864355217952, 'subsample': 0.5260378410863491, 'rsm': 0.9421399466537574, 'bagging_temperature': 0.5208451188273255}. Best is trial 88 with value: 0.02933544222538914.
[I 2025-08-01 11:19:18,608] Trial 249 finished with value: 0.03107651052656808 and parameters: {'min_abs_corr': 0.04929342899995877, 'max_pair_corr': 0.9808449234037708, 'iterations': 1781, 'learning_rate': 0.03423489637500332, 'depth': 5, 'l2_leaf_reg': 5.060515391996201, 'subsample': 0.9072292998369296, 'rsm': 0.9810972208178473, 'bagging_temperature': 0.44977905556726877}. Best is trial 88 with value: 0.02933544222538914.
[I 2025-08-01 11:19:40,347] Trial 250 finished with value: 0.030809241355399253 and parameters: {'min_abs_corr': 0.03917021568512993, 'max_pair_corr': 0.9080356733499467, 'iterations': 1821, 'learning_rate': 0.02552146469171076, 'depth': 5, 'l2_leaf_reg': 5.292482389857205, 'subsample': 0.5109896945145469, 'rsm': 0.9153291262930437, 'bagging_temperature': 0.4723991638052657}. Best is trial 88 with value: 0.02933544222538914.
[I 2025-08-01 11:20:10,690] Trial 251 finished with value: 0.029843989344673444 and parameters: {'min_abs_corr': 0.04337078310156285, 'max_pair_corr': 0.9772255269982806, 'iterations': 1998, 'learning_rate': 0.041851562518574845, 'depth': 5, 'l2_leaf_reg': 3.9173277635578567, 'subsample': 0.5426369456064869, 'rsm': 0.9973024828044835, 'bagging_temperature': 0.4034463884660624}. Best is trial 88 with value: 0.02933544222538914.
[I 2025-08-01 11:20:36,221] Trial 252 finished with value: 0.030138977353217532 and parameters: {'min_abs_corr': 0.046934801129323966, 'max_pair_corr': 0.9722796920278214, 'iterations': 1729, 'learning_rate': 0.028605486667962084, 'depth': 5, 'l2_leaf_reg': 4.769634802386877, 'subsample': 0.5336647191520476, 'rsm': 0.8852130599777, 'bagging_temperature': 0.42810356312330206}. Best is trial 88 with value: 0.02933544222538914.
[I 2025-08-01 11:21:06,986] Trial 253 finished with value: 0.030352199168024063 and parameters: {'min_abs_corr': 0.03880967526915438, 'max_pair_corr': 0.9836281119081602, 'iterations': 1865, 'learning_rate': 0.022524175470272387, 'depth': 5, 'l2_leaf_reg': 4.9511239441154915, 'subsample': 0.5612156266923767, 'rsm': 0.9747596877750906, 'bagging_temperature': 0.502099613094399}. Best is trial 88 with value: 0.02933544222538914.
[I 2025-08-01 11:21:37,086] Trial 254 finished with value: 0.030752885873199826 and parameters: {'min_abs_corr': 0.04118229772205822, 'max_pair_corr': 0.9787463253575326, 'iterations': 1944, 'learning_rate': 0.03817313714670879, 'depth': 5, 'l2_leaf_reg': 4.2722290573523045, 'subsample': 0.52134239665479, 'rsm': 0.929208346784145, 'bagging_temperature': 0.09072929960376769}. Best is trial 88 with value: 0.02933544222538914.
