[I 2025-08-01 14:36:43,177] Trial 658 finished with value: 0.029773617597099733 and parameters: {'min_abs_corr': 0.05286252351124045, 'max_pair_corr': 0.9880470438666639, 'iterations': 1835, 'learning_rate': 0.020273992368217746, 'depth': 5, 'l2_leaf_reg': 3.2045592354595764, 'subsample': 0.5569808217774701, 'rsm': 0.9080860705522132, 'bagging_temperature': 0.4255597367267315}. Best is trial 431 with value: 0.028803817637518454.
[I 2025-08-01 14:37:01,010] Trial 659 finished with value: 0.03004107734264172 and parameters: {'min_abs_corr': 0.045776727043494954, 'max_pair_corr': 0.9755647541720764, 'iterations': 1762, 'learning_rate': 0.040155308659781536, 'depth': 4, 'l2_leaf_reg': 4.595471698503121, 'subsample': 0.5085475270173205, 'rsm': 0.8944335252248633, 'bagging_temperature': 0.5504719517723751}. Best is trial 431 with value: 0.028803817637518454.
[I 2025-08-01 14:37:33,072] Trial 660 finished with value: 0.030761667465913144 and parameters: {'min_abs_corr': 0.04725324330942497, 'max_pair_corr': 0.9850442581805074, 'iterations': 1898, 'learning_rate': 0.03177731411980243, 'depth': 5, 'l2_leaf_reg': 5.224614239147619, 'subsample': 0.5269011676384608, 'rsm': 0.9723385079882539, 'bagging_temperature': 0.46415891239852}. Best is trial 431 with value: 0.028803817637518454.
[I 2025-08-01 14:37:52,940] Trial 661 finished with value: 0.030679927598062335 and parameters: {'min_abs_corr': 0.022344267729283725, 'max_pair_corr': 0.9797222454735862, 'iterations': 1861, 'learning_rate': 0.045237668270852946, 'depth': 4, 'l2_leaf_reg': 5.403984810733721, 'subsample': 0.5004183791452272, 'rsm': 0.9223971196504933, 'bagging_temperature': 0.4464526794143077}. Best is trial 431 with value: 0.028803817637518454.
[I 2025-08-01 14:38:22,862] Trial 662 finished with value: 0.030136150063736416 and parameters: {'min_abs_corr': 0.04335875212848858, 'max_pair_corr': 0.9819203646684765, 'iterations': 1817, 'learning_rate': 0.024687607716567462, 'depth': 5, 'l2_leaf_reg': 4.825148229989096, 'subsample': 0.5723904604661342, 'rsm': 0.9419116566958468, 'bagging_temperature': 0.5194122990174013}. Best is trial 431 with value: 0.028803817637518454.
[I 2025-08-01 14:38:43,053] Trial 663 finished with value: 0.02989674776563277 and parameters: {'min_abs_corr': 0.049797536353230455, 'max_pair_corr': 0.978198273001618, 'iterations': 2000, 'learning_rate': 0.04977920599154052, 'depth': 4, 'l2_leaf_reg': 3.3638055412234587, 'subsample': 0.5182315795899537, 'rsm': 0.9130154145100946, 'bagging_temperature': 0.48587872494546075}. Best is trial 431 with value: 0.028803817637518454.
[I 2025-08-01 14:39:15,929] Trial 664 finished with value: 0.029633187044758404 and parameters: {'min_abs_corr': 0.04009454005784966, 'max_pair_corr': 0.9840874845405663, 'iterations': 1942, 'learning_rate': 0.03588776935142227, 'depth': 5, 'l2_leaf_reg': 2.3635240144997085, 'subsample': 0.5407645490240586, 'rsm': 0.9309260365420129, 'bagging_temperature': 0.3819078172902723}. Best is trial 431 with value: 0.028803817637518454.
[I 2025-08-01 14:39:44,361] Trial 665 finished with value: 0.02968642481266328 and parameters: {'min_abs_corr': 0.01274112700994712, 'max_pair_corr': 0.980881053556831, 'iterations': 1690, 'learning_rate': 0.0278573630347362, 'depth': 5, 'l2_leaf_reg': 7.317389725047442, 'subsample': 0.5484601855350864, 'rsm': 0.9538242083849066, 'bagging_temperature': 0.40416628649997044}. Best is trial 431 with value: 0.028803817637518454.
[I 2025-08-01 14:40:04,032] Trial 666 finished with value: 0.0305319789648984 and parameters: {'min_abs_corr': 0.04510841374711545, 'max_pair_corr': 0.9860891090756053, 'iterations': 1781, 'learning_rate': 0.03202708605740979, 'depth': 4, 'l2_leaf_reg': 5.763992600039924, 'subsample': 0.5309367474373285, 'rsm': 0.9005236608800369, 'bagging_temperature': 0.5743664574627377}. Best is trial 431 with value: 0.028803817637518454.
[I 2025-08-01 14:40:23,140] Trial 667 finished with value: 0.029590922383440788 and parameters: {'min_abs_corr': 0.026484670873032475, 'max_pair_corr': 0.9749372940132867, 'iterations': 1901, 'learning_rate': 0.04049713429532171, 'depth': 4, 'l2_leaf_reg': 5.039531886111715, 'subsample': 0.5113268283458426, 'rsm': 0.8831081246534971, 'bagging_temperature': 0.451246938596639}. Best is trial 431 with value: 0.028803817637518454.
[I 2025-08-01 14:40:35,172] Trial 668 finished with value: 0.03141177303817029 and parameters: {'min_abs_corr': 0.04828718278335856, 'max_pair_corr': 0.9826791110479823, 'iterations': 729, 'learning_rate': 0.023263150844692482, 'depth': 5, 'l2_leaf_reg': 3.691557106239407, 'subsample': 0.5596994365891323, 'rsm': 0.9215064360342605, 'bagging_temperature': 0.503359631406657}. Best is trial 431 with value: 0.028803817637518454.
[I 2025-08-01 14:40:48,217] Trial 669 finished with value: 0.032275645301049406 and parameters: {'min_abs_corr': 0.051942674813954, 'max_pair_corr': 0.9795191011151612, 'iterations': 1862, 'learning_rate': 0.018841097323970758, 'depth': 3, 'l2_leaf_reg': 3.0923121190819307, 'subsample': 0.9611006086685261, 'rsm': 0.9363229189250997, 'bagging_temperature': 0.42374222006695933}. Best is trial 431 with value: 0.028803817637518454.
[I 2025-08-01 14:41:08,088] Trial 670 finished with value: 0.029725395747142953 and parameters: {'min_abs_corr': 0.037668529466448435, 'max_pair_corr': 0.976862709582715, 'iterations': 1956, 'learning_rate': 0.03619937398694259, 'depth': 4, 'l2_leaf_reg': 4.438317833194727, 'subsample': 0.586259231923667, 'rsm': 0.9045112823110486, 'bagging_temperature': 0.4770351348599938}. Best is trial 431 with value: 0.028803817637518454.
[I 2025-08-01 14:41:38,489] Trial 671 finished with value: 0.03082676237190851 and parameters: {'min_abs_corr': 0.018654088075969272, 'max_pair_corr': 0.9837261602262257, 'iterations': 1737, 'learning_rate': 0.06003765218353748, 'depth': 5, 'l2_leaf_reg': 5.328412052904265, 'subsample': 0.5220861712674683, 'rsm': 0.9149747733916874, 'bagging_temperature': 0.5158741262698936}. Best is trial 431 with value: 0.028803817637518454.
[I 2025-08-01 14:41:57,958] Trial 672 finished with value: 0.0303301132220684 and parameters: {'min_abs_corr': 0.04620977867860771, 'max_pair_corr': 0.9813997919803892, 'iterations': 1816, 'learning_rate': 0.04602629577640109, 'depth': 4, 'l2_leaf_reg': 5.130153060228909, 'subsample': 0.713515975661252, 'rsm': 0.9473673636462816, 'bagging_temperature': 0.5441936996890807}. Best is trial 431 with value: 0.028803817637518454.
[I 2025-08-01 14:42:24,331] Trial 673 finished with value: 0.02991027854479213 and parameters: {'min_abs_corr': 0.0562528987551028, 'max_pair_corr': 0.9445315559738672, 'iterations': 1974, 'learning_rate': 0.029645603207523494, 'depth': 5, 'l2_leaf_reg': 5.5534367296456795, 'subsample': 0.5115819360981712, 'rsm': 0.8918663143067916, 'bagging_temperature': 0.43769242413700354}. Best is trial 431 with value: 0.028803817637518454.
[I 2025-08-01 14:42:43,976] Trial 674 finished with value: 0.03002375578248299 and parameters: {'min_abs_corr': 0.04263946635130571, 'max_pair_corr': 0.9786279574260157, 'iterations': 1921, 'learning_rate': 0.04028160103963733, 'depth': 4, 'l2_leaf_reg': 4.760783248638014, 'subsample': 0.5749039837809975, 'rsm': 0.8762955997480002, 'bagging_temperature': 0.4667130646318872}. Best is trial 431 with value: 0.028803817637518454.
[I 2025-08-01 14:43:15,621] Trial 675 finished with value: 0.030708847698354802 and parameters: {'min_abs_corr': 0.04889514166668589, 'max_pair_corr': 0.9856436930633431, 'iterations': 1869, 'learning_rate': 0.032449168532149575, 'depth': 5, 'l2_leaf_reg': 3.491681217452431, 'subsample': 0.529789910589674, 'rsm': 0.9251666442478648, 'bagging_temperature': 0.5993789724414282}. Best is trial 431 with value: 0.028803817637518454.
[I 2025-08-01 14:43:32,293] Trial 676 finished with value: 0.030477299650219575 and parameters: {'min_abs_corr': 0.02829577699394668, 'max_pair_corr': 0.98007467621185, 'iterations': 1021, 'learning_rate': 0.021782044183095185, 'depth': 5, 'l2_leaf_reg': 4.972117022534484, 'subsample': 0.5490454126922887, 'rsm': 0.9092572044643124, 'bagging_temperature': 0.4087933325173139}. Best is trial 431 with value: 0.028803817637518454.
[I 2025-08-01 14:43:51,240] Trial 677 finished with value: 0.03017681322176565 and parameters: {'min_abs_corr': 0.044561039938267835, 'max_pair_corr': 0.9818033175127833, 'iterations': 1771, 'learning_rate': 0.05462478274096899, 'depth': 4, 'l2_leaf_reg': 3.326074228056825, 'subsample': 0.5362619986586795, 'rsm': 0.9611845948854377, 'bagging_temperature': 0.3627099736168382}. Best is trial 431 with value: 0.028803817637518454.
[I 2025-08-01 14:44:34,514] Trial 678 finished with value: 0.03070977646802106 and parameters: {'min_abs_corr': 0.050815617339947446, 'max_pair_corr': 0.9738567675335704, 'iterations': 1837, 'learning_rate': 0.026458131568462478, 'depth': 6, 'l2_leaf_reg': 2.894847199028047, 'subsample': 0.5655836567034453, 'rsm': 0.933736340157342, 'bagging_temperature': 0.47835859043802476}. Best is trial 431 with value: 0.028803817637518454.
[I 2025-08-01 14:45:02,885] Trial 679 finished with value: 0.030808714690342787 and parameters: {'min_abs_corr': 0.025270923758235163, 'max_pair_corr': 0.9765770672118723, 'iterations': 1802, 'learning_rate': 0.04375519906789055, 'depth': 5, 'l2_leaf_reg': 3.6173266348205977, 'subsample': 0.5176442877550779, 'rsm': 0.897606370006321, 'bagging_temperature': 0.5358480709858099}. Best is trial 431 with value: 0.028803817637518454.
[I 2025-08-01 14:45:24,741] Trial 680 finished with value: 0.0301213719374598 and parameters: {'min_abs_corr': 0.03462515086560774, 'max_pair_corr': 0.9882470744323675, 'iterations': 1908, 'learning_rate': 0.03552818815615287, 'depth': 4, 'l2_leaf_reg': 4.618701637861813, 'subsample': 0.5247126920528046, 'rsm': 0.9189025189213215, 'bagging_temperature': 0.49457067349603745}. Best is trial 431 with value: 0.028803817637518454.
[I 2025-08-01 14:45:46,148] Trial 681 finished with value: 0.02932194992758928 and parameters: {'min_abs_corr': 0.04062057187947253, 'max_pair_corr': 0.9833912570041093, 'iterations': 1958, 'learning_rate': 0.051443167884524944, 'depth': 4, 'l2_leaf_reg': 5.992942049934654, 'subsample': 0.5084280978221495, 'rsm': 0.9419119858310782, 'bagging_temperature': 0.4477279434735784}. Best is trial 431 with value: 0.028803817637518454.
[I 2025-08-01 14:46:05,247] Trial 682 finished with value: 0.029827956101798465 and parameters: {'min_abs_corr': 0.03926488703430942, 'max_pair_corr': 0.9660960615198395, 'iterations': 1974, 'learning_rate': 0.06147831292812995, 'depth': 4, 'l2_leaf_reg': 5.695522406177174, 'subsample': 0.5066391688366092, 'rsm': 0.9662153088181118, 'bagging_temperature': 0.4439253340473998}. Best is trial 431 with value: 0.028803817637518454.
[I 2025-08-01 14:46:23,389] Trial 683 finished with value: 0.03091807350227301 and parameters: {'min_abs_corr': 0.04066706577774734, 'max_pair_corr': 0.959244486248143, 'iterations': 1936, 'learning_rate': 0.05201915527642026, 'depth': 4, 'l2_leaf_reg': 6.11022915283321, 'subsample': 0.5062107387940308, 'rsm': 0.9521054547001933, 'bagging_temperature': 0.42491577899564187}. Best is trial 431 with value: 0.028803817637518454.
[I 2025-08-01 14:46:45,020] Trial 684 finished with value: 0.03014202836600554 and parameters: {'min_abs_corr': 0.040156184194548895, 'max_pair_corr': 0.9845313952618217, 'iterations': 1973, 'learning_rate': 0.057708175370572205, 'depth': 4, 'l2_leaf_reg': 6.084800838071329, 'subsample': 0.500767732974572, 'rsm': 0.9407133381722321, 'bagging_temperature': 0.45306913800821613}. Best is trial 431 with value: 0.028803817637518454.
[I 2025-08-01 14:47:06,797] Trial 685 finished with value: 0.030625067511177412 and parameters: {'min_abs_corr': 0.007372801739649417, 'max_pair_corr': 0.9781593915110971, 'iterations': 1971, 'learning_rate': 0.05023181017837862, 'depth': 4, 'l2_leaf_reg': 6.339364172797206, 'subsample': 0.5150160629121839, 'rsm': 0.9454864656415632, 'bagging_temperature': 0.4113986946374258}. Best is trial 431 with value: 0.028803817637518454.
[I 2025-08-01 14:47:28,001] Trial 686 finished with value: 0.030288923391481364 and parameters: {'min_abs_corr': 0.03666271849745841, 'max_pair_corr': 0.9805955022362058, 'iterations': 1999, 'learning_rate': 0.07146311986077937, 'depth': 4, 'l2_leaf_reg': 5.932514612547496, 'subsample': 0.5098623211165972, 'rsm': 0.9341265429008186, 'bagging_temperature': 0.7431986520108496}. Best is trial 431 with value: 0.028803817637518454.
[I 2025-08-01 14:47:49,858] Trial 687 finished with value: 0.02998649475369971 and parameters: {'min_abs_corr': 0.04143405219984831, 'max_pair_corr': 0.9867302121733722, 'iterations': 1943, 'learning_rate': 0.04658504149866338, 'depth': 4, 'l2_leaf_reg': 5.689368293968978, 'subsample': 0.5194275837261582, 'rsm': 0.9524151120715273, 'bagging_temperature': 0.4313176530551996}. Best is trial 431 with value: 0.028803817637518454.
[I 2025-08-01 14:48:09,365] Trial 688 finished with value: 0.03099057130674616 and parameters: {'min_abs_corr': 0.08357907167698989, 'max_pair_corr': 0.982928366145117, 'iterations': 1999, 'learning_rate': 0.05309305239945269, 'depth': 4, 'l2_leaf_reg': 5.896684733373313, 'subsample': 0.5090382244691114, 'rsm': 0.9771277204808774, 'bagging_temperature': 0.38808280622090174}. Best is trial 431 with value: 0.028803817637518454.
[I 2025-08-01 14:48:30,053] Trial 689 finished with value: 0.029785687957985252 and parameters: {'min_abs_corr': 0.03646712043260278, 'max_pair_corr': 0.9817691912702544, 'iterations': 1932, 'learning_rate': 0.043649911903453936, 'depth': 4, 'l2_leaf_reg': 6.198130931214079, 'subsample': 0.5208841435005432, 'rsm': 0.9255890171624604, 'bagging_temperature': 0.4609421205472735}. Best is trial 431 with value: 0.028803817637518454.
[I 2025-08-01 14:48:50,238] Trial 690 finished with value: 0.03040798668869017 and parameters: {'min_abs_corr': 0.037945862436323426, 'max_pair_corr': 0.9791312076166868, 'iterations': 1953, 'learning_rate': 0.05034321966071896, 'depth': 4, 'l2_leaf_reg': 6.4315410637027375, 'subsample': 0.5001708441471637, 'rsm': 0.9140595966699779, 'bagging_temperature': 0.4415724507005129}. Best is trial 431 with value: 0.028803817637518454.
[I 2025-08-01 14:49:09,253] Trial 691 finished with value: 0.029783150424133514 and parameters: {'min_abs_corr': 0.04145196378992017, 'max_pair_corr': 0.9851851200122137, 'iterations': 1702, 'learning_rate': 0.03873555380258048, 'depth': 4, 'l2_leaf_reg': 5.771501191251218, 'subsample': 0.5236066841668237, 'rsm': 0.9275663511346317, 'bagging_temperature': 0.41628038992509353}. Best is trial 431 with value: 0.028803817637518454.
[I 2025-08-01 14:49:20,782] Trial 692 finished with value: 0.03069091906317669 and parameters: {'min_abs_corr': 0.03896569161904927, 'max_pair_corr': 0.9764023518529307, 'iterations': 1663, 'learning_rate': 0.042965848319011, 'depth': 3, 'l2_leaf_reg': 5.995994798229141, 'subsample': 0.5123852191928018, 'rsm': 0.9426916511729073, 'bagging_temperature': 0.46410503905287653}. Best is trial 431 with value: 0.028803817637518454.
[I 2025-08-01 14:49:30,838] Trial 693 finished with value: 0.030979714298580575 and parameters: {'min_abs_corr': 0.04290715538182813, 'max_pair_corr': 0.9838916162766287, 'iterations': 907, 'learning_rate': 0.04840043100739671, 'depth': 4, 'l2_leaf_reg': 1.6502501468091584, 'subsample': 0.5284276213412313, 'rsm': 0.9085483488165933, 'bagging_temperature': 0.444423874688465}. Best is trial 431 with value: 0.028803817637518454.
[I 2025-08-01 14:49:49,312] Trial 694 finished with value: 0.030754670004651187 and parameters: {'min_abs_corr': 0.03390873921873836, 'max_pair_corr': 0.9798490575402116, 'iterations': 1756, 'learning_rate': 0.03747350808511156, 'depth': 4, 'l2_leaf_reg': 6.780283240498712, 'subsample': 0.5002248459157367, 'rsm': 0.9334392748087502, 'bagging_temperature': 0.4258319972534294}. Best is trial 431 with value: 0.028803817637518454.
[I 2025-08-01 14:50:10,227] Trial 695 finished with value: 0.03001702246991992 and parameters: {'min_abs_corr': 0.02418276455489258, 'max_pair_corr': 0.981693218181679, 'iterations': 1902, 'learning_rate': 0.06392662898907092, 'depth': 4, 'l2_leaf_reg': 5.535604930278741, 'subsample': 0.5154373075259056, 'rsm': 0.9614418079718247, 'bagging_temperature': 0.39190372164013676}. Best is trial 431 with value: 0.028803817637518454.
[I 2025-08-01 14:50:31,491] Trial 696 finished with value: 0.02980213939334494 and parameters: {'min_abs_corr': 0.05398794005886903, 'max_pair_corr': 0.9868410820102076, 'iterations': 1960, 'learning_rate': 0.04214178299489797, 'depth': 4, 'l2_leaf_reg': 5.223141955650794, 'subsample': 0.5325971797121247, 'rsm': 0.9220183790244835, 'bagging_temperature': 0.4746878938527609}. Best is trial 431 with value: 0.028803817637518454.
[I 2025-08-01 14:50:48,354] Trial 697 finished with value: 0.03068467826872525 and parameters: {'min_abs_corr': 0.03871102261858808, 'max_pair_corr': 0.9711947883662557, 'iterations': 1737, 'learning_rate': 0.05515784029145967, 'depth': 4, 'l2_leaf_reg': 5.420029126177211, 'subsample': 0.5146908408648545, 'rsm': 0.9065284911767824, 'bagging_temperature': 0.3470568823176311}. Best is trial 431 with value: 0.028803817637518454.
[I 2025-08-01 14:51:08,188] Trial 698 finished with value: 0.030266238985672246 and parameters: {'min_abs_corr': 0.029903049319719512, 'max_pair_corr': 0.9740503832035836, 'iterations': 1943, 'learning_rate': 0.03883090311818436, 'depth': 4, 'l2_leaf_reg': 9.948749432343085, 'subsample': 0.9008422751997032, 'rsm': 0.9346861814457028, 'bagging_temperature': 0.37108082030961237}. Best is trial 431 with value: 0.028803817637518454.
[I 2025-08-01 14:51:28,362] Trial 699 finished with value: 0.035141780426194175 and parameters: {'min_abs_corr': 0.01569965448364689, 'max_pair_corr': 0.9778586097249597, 'iterations': 1899, 'learning_rate': 0.29526919293649223, 'depth': 4, 'l2_leaf_reg': 4.827265531973785, 'subsample': 0.5952841849939473, 'rsm': 0.918613382891629, 'bagging_temperature': 0.45489846647382415}. Best is trial 431 with value: 0.028803817637518454.
[I 2025-08-01 14:51:46,962] Trial 700 finished with value: 0.03062012665722367 and parameters: {'min_abs_corr': 0.03569216541492111, 'max_pair_corr': 0.9803898083898418, 'iterations': 1785, 'learning_rate': 0.0350510558365177, 'depth': 4, 'l2_leaf_reg': 5.03576139853645, 'subsample': 0.5860280163454773, 'rsm': 0.9010142127829698, 'bagging_temperature': 0.48846741845708186}. Best is trial 431 with value: 0.028803817637518454.
[I 2025-08-01 14:52:10,924] Trial 701 finished with value: 0.030011593947691196 and parameters: {'min_abs_corr': 0.021415175582481873, 'max_pair_corr': 0.9890462600786504, 'iterations': 1998, 'learning_rate': 0.045507193323363386, 'depth': 4, 'l2_leaf_reg': 5.294097289957046, 'subsample': 0.5212009670199641, 'rsm': 0.946911985095061, 'bagging_temperature': 0.4038528962796981}. Best is trial 431 with value: 0.028803817637518454.
[I 2025-08-01 14:52:31,006] Trial 702 finished with value: 0.030284924257961594 and parameters: {'min_abs_corr': 0.04273447028780512, 'max_pair_corr': 0.9828337842320133, 'iterations': 1836, 'learning_rate': 0.03202231441759435, 'depth': 4, 'l2_leaf_reg': 5.905767722006585, 'subsample': 0.5350000437553429, 'rsm': 0.9218608047216673, 'bagging_temperature': 0.4341635013117107}. Best is trial 431 with value: 0.028803817637518454.
[I 2025-08-01 14:52:51,092] Trial 703 finished with value: 0.04501979742963078 and parameters: {'min_abs_corr': 0.06001555130695546, 'max_pair_corr': 0.9842160059171003, 'iterations': 1926, 'learning_rate': 0.0016591981560739055, 'depth': 4, 'l2_leaf_reg': 6.249514527399826, 'subsample': 0.6397790552221548, 'rsm': 0.9348971830509014, 'bagging_temperature': 0.4621739283450922}. Best is trial 431 with value: 0.028803817637518454.
[I 2025-08-01 14:53:08,741] Trial 704 finished with value: 0.029433282702071666 and parameters: {'min_abs_corr': 0.05251817178030719, 'max_pair_corr': 0.9786717050845009, 'iterations': 1714, 'learning_rate': 0.04000492122462374, 'depth': 4, 'l2_leaf_reg': 5.603691091233436, 'subsample': 0.512305155671681, 'rsm': 0.9115942474857517, 'bagging_temperature': 0.40945625237815236}. Best is trial 431 with value: 0.028803817637518454.
[I 2025-08-01 14:53:21,295] Trial 705 finished with value: 0.029969492201257098 and parameters: {'min_abs_corr': 0.0506177893078398, 'max_pair_corr': 0.975488739739833, 'iterations': 1227, 'learning_rate': 0.03481649375000774, 'depth': 4, 'l2_leaf_reg': 6.038301197320303, 'subsample': 0.5058808176795592, 'rsm': 0.9172986372662413, 'bagging_temperature': 0.3752728942311475}. Best is trial 431 with value: 0.028803817637518454.
[I 2025-08-01 14:53:41,370] Trial 706 finished with value: 0.030318205506088113 and parameters: {'min_abs_corr': 0.05155502641223595, 'max_pair_corr': 0.9775341024447586, 'iterations': 1972, 'learning_rate': 0.039429461171567634, 'depth': 4, 'l2_leaf_reg': 5.83291366595355, 'subsample': 0.5078814807627896, 'rsm': 0.9436723579928941, 'bagging_temperature': 0.38869567409197964}. Best is trial 431 with value: 0.028803817637518454.
[I 2025-08-01 14:53:58,000] Trial 707 finished with value: 0.029761107293042165 and parameters: {'min_abs_corr': 0.05468882301333711, 'max_pair_corr': 0.978479983252276, 'iterations': 1631, 'learning_rate': 0.03295861247172419, 'depth': 4, 'l2_leaf_reg': 5.87615329404371, 'subsample': 0.5016320935168815, 'rsm': 0.9576384814752852, 'bagging_temperature': 0.4082910608197278}. Best is trial 431 with value: 0.028803817637518454.
