[I 2025-08-01 11:21:55,962] Trial 255 finished with value: 0.030398381364124295 and parameters: {'min_abs_corr': 0.05220304459491731, 'max_pair_corr': 0.9814364077844074, 'iterations': 1797, 'learning_rate': 0.025519465985960887, 'depth': 4, 'l2_leaf_reg': 4.570444742715477, 'subsample': 0.5493443056580528, 'rsm': 0.9002379984131043, 'bagging_temperature': 0.5362038128511821}. Best is trial 88 with value: 0.02933544222538914.
[I 2025-08-01 11:22:24,742] Trial 256 finished with value: 0.030411487993644758 and parameters: {'min_abs_corr': 0.045781121273908945, 'max_pair_corr': 0.9763195302878259, 'iterations': 1902, 'learning_rate': 0.03192132043224297, 'depth': 5, 'l2_leaf_reg': 8.61203199437966, 'subsample': 0.7299899390565476, 'rsm': 0.9227881486390448, 'bagging_temperature': 0.5726701425296772}. Best is trial 88 with value: 0.02933544222538914.
[I 2025-08-01 11:22:55,175] Trial 257 finished with value: 0.029802254337946733 and parameters: {'min_abs_corr': 0.0363914447422967, 'max_pair_corr': 0.9800028349700302, 'iterations': 1967, 'learning_rate': 0.019876153209036605, 'depth': 5, 'l2_leaf_reg': 5.5038449468153505, 'subsample': 0.5112544995438121, 'rsm': 0.8915301645329842, 'bagging_temperature': 0.44666820433894194}. Best is trial 88 with value: 0.02933544222538914.
[I 2025-08-01 11:23:15,304] Trial 258 finished with value: 0.030014501459002297 and parameters: {'min_abs_corr': 0.03638575728522808, 'max_pair_corr': 0.9803467735197878, 'iterations': 1955, 'learning_rate': 0.01752461981569561, 'depth': 4, 'l2_leaf_reg': 5.127791181783128, 'subsample': 0.5045400157053346, 'rsm': 0.8787091291627375, 'bagging_temperature': 0.44639424557895674}. Best is trial 88 with value: 0.02933544222538914.
[I 2025-08-01 11:30:06,343] Trial 259 finished with value: 0.03409925412149421 and parameters: {'min_abs_corr': 0.038660803610498895, 'max_pair_corr': 0.9440954153389031, 'iterations': 1968, 'learning_rate': 0.01996835251955005, 'depth': 10, 'l2_leaf_reg': 4.007753425709504, 'subsample': 0.573669150424954, 'rsm': 0.9851702319403067, 'bagging_temperature': 0.24614812316414106}. Best is trial 88 with value: 0.02933544222538914.
[I 2025-08-01 11:30:37,923] Trial 260 finished with value: 0.02972039493664757 and parameters: {'min_abs_corr': 0.035008386550346056, 'max_pair_corr': 0.9836208209349326, 'iterations': 1921, 'learning_rate': 0.01891758850962371, 'depth': 5, 'l2_leaf_reg': 3.5706041137743894, 'subsample': 0.6019131726639915, 'rsm': 0.8983101113426353, 'bagging_temperature': 0.41828367251444293}. Best is trial 88 with value: 0.02933544222538914.
[I 2025-08-01 11:30:58,816] Trial 261 finished with value: 0.030802527773840828 and parameters: {'min_abs_corr': 0.035970787747649745, 'max_pair_corr': 0.9834765928001982, 'iterations': 1911, 'learning_rate': 0.01963288199559199, 'depth': 4, 'l2_leaf_reg': 3.5555675785129157, 'subsample': 0.6017320363911433, 'rsm': 0.8913358264853437, 'bagging_temperature': 0.4092589972724307}. Best is trial 88 with value: 0.02933544222538914.
[I 2025-08-01 11:31:32,471] Trial 262 finished with value: 0.02995095046101718 and parameters: {'min_abs_corr': 0.03173386062937469, 'max_pair_corr': 0.9847177146879353, 'iterations': 1996, 'learning_rate': 0.01657187879301206, 'depth': 5, 'l2_leaf_reg': 3.7664175242895346, 'subsample': 0.6172984210396969, 'rsm': 0.8959445902764782, 'bagging_temperature': 0.42572065420920957}. Best is trial 88 with value: 0.02933544222538914.
[I 2025-08-01 11:31:49,735] Trial 263 finished with value: 0.03099964242653948 and parameters: {'min_abs_corr': 0.03389428003552816, 'max_pair_corr': 0.96189264228839, 'iterations': 1861, 'learning_rate': 0.022059966823652077, 'depth': 4, 'l2_leaf_reg': 3.44925809258327, 'subsample': 0.5929886544448947, 'rsm': 0.8835384468587948, 'bagging_temperature': 0.39434920599201406}. Best is trial 88 with value: 0.02933544222538914.
[I 2025-08-01 11:32:20,667] Trial 264 finished with value: 0.03021996669101058 and parameters: {'min_abs_corr': 0.03801578812265211, 'max_pair_corr': 0.9820975127534883, 'iterations': 1890, 'learning_rate': 0.01832483421402223, 'depth': 5, 'l2_leaf_reg': 3.699956407899726, 'subsample': 0.6098707193063514, 'rsm': 0.907620079590709, 'bagging_temperature': 0.4570579987188212}. Best is trial 88 with value: 0.02933544222538914.
[I 2025-08-01 11:32:37,749] Trial 265 finished with value: 0.03079280148738186 and parameters: {'min_abs_corr': 0.03642739910487372, 'max_pair_corr': 0.9818930720922767, 'iterations': 1999, 'learning_rate': 0.015133603206805634, 'depth': 4, 'l2_leaf_reg': 5.56205609654985, 'subsample': 0.567561398665662, 'rsm': 0.5730882723816403, 'bagging_temperature': 0.47111833661732727}. Best is trial 88 with value: 0.02933544222538914.
[I 2025-08-01 11:33:06,758] Trial 266 finished with value: 0.030443848094910735 and parameters: {'min_abs_corr': 0.040500440488427235, 'max_pair_corr': 0.9799608465005383, 'iterations': 1833, 'learning_rate': 0.046048220150147166, 'depth': 5, 'l2_leaf_reg': 4.171220328023319, 'subsample': 0.5868870249602339, 'rsm': 0.8700607773807219, 'bagging_temperature': 0.42379918867410105}. Best is trial 88 with value: 0.02933544222538914.
[I 2025-08-01 11:33:59,385] Trial 267 finished with value: 0.030192720083584056 and parameters: {'min_abs_corr': 0.034714395025454856, 'max_pair_corr': 0.9840128638304856, 'iterations': 1939, 'learning_rate': 0.019221437563807148, 'depth': 6, 'l2_leaf_reg': 2.928045302566271, 'subsample': 0.8357269851588636, 'rsm': 0.9364062681926625, 'bagging_temperature': 0.40028920601813833}. Best is trial 88 with value: 0.02933544222538914.
[I 2025-08-01 11:34:20,759] Trial 268 finished with value: 0.030490906687178916 and parameters: {'min_abs_corr': 0.02542562660062045, 'max_pair_corr': 0.9812219846858893, 'iterations': 1967, 'learning_rate': 0.023202148804848513, 'depth': 4, 'l2_leaf_reg': 3.31113268233061, 'subsample': 0.6024814047635393, 'rsm': 0.894269555093764, 'bagging_temperature': 0.4178462636882952}. Best is trial 88 with value: 0.02933544222538914.
[I 2025-08-01 11:34:50,446] Trial 269 finished with value: 0.030219921491860192 and parameters: {'min_abs_corr': 0.04310954841581542, 'max_pair_corr': 0.9796282735913072, 'iterations': 1873, 'learning_rate': 0.05107746186523608, 'depth': 5, 'l2_leaf_reg': 4.464031508100545, 'subsample': 0.5588393833985522, 'rsm': 0.9225319347843234, 'bagging_temperature': 0.6647404501175156}. Best is trial 88 with value: 0.02933544222538914.
[I 2025-08-01 11:35:23,450] Trial 270 finished with value: 0.030079359859352627 and parameters: {'min_abs_corr': 0.032302287732362274, 'max_pair_corr': 0.9859234797273392, 'iterations': 1909, 'learning_rate': 0.012656855779432185, 'depth': 5, 'l2_leaf_reg': 3.944870515585007, 'subsample': 0.5788483520289984, 'rsm': 0.9515822837517919, 'bagging_temperature': 0.4609067291029439}. Best is trial 88 with value: 0.02933544222538914.
[I 2025-08-01 11:35:34,804] Trial 271 finished with value: 0.03207261785683645 and parameters: {'min_abs_corr': 0.039788263779187844, 'max_pair_corr': 0.9253270201704464, 'iterations': 891, 'learning_rate': 0.036304771372801636, 'depth': 5, 'l2_leaf_reg': 4.374083307520728, 'subsample': 0.5366415576604974, 'rsm': 0.9014427012743139, 'bagging_temperature': 0.5892316264538312}. Best is trial 88 with value: 0.02933544222538914.
[I 2025-08-01 11:35:55,988] Trial 272 finished with value: 0.03057841933910017 and parameters: {'min_abs_corr': 0.037351151119870515, 'max_pair_corr': 0.9831496574635404, 'iterations': 1932, 'learning_rate': 0.02158459158980846, 'depth': 4, 'l2_leaf_reg': 5.765325297520092, 'subsample': 0.598471812108634, 'rsm': 0.9149148062626785, 'bagging_temperature': 0.4338217309745122}. Best is trial 88 with value: 0.02933544222538914.
[I 2025-08-01 11:36:12,307] Trial 273 finished with value: 0.03133814870613258 and parameters: {'min_abs_corr': 0.029856678082495917, 'max_pair_corr': 0.9406009304494016, 'iterations': 1810, 'learning_rate': 0.04186295746972142, 'depth': 4, 'l2_leaf_reg': 3.0937541470099994, 'subsample': 0.6302089751129382, 'rsm': 0.8805776401983889, 'bagging_temperature': 0.4879817817256132}. Best is trial 88 with value: 0.02933544222538914.
[I 2025-08-01 11:36:37,204] Trial 274 finished with value: 0.030353139331941992 and parameters: {'min_abs_corr': 0.04241066962882216, 'max_pair_corr': 0.9793540763119124, 'iterations': 1590, 'learning_rate': 0.024012961451380193, 'depth': 5, 'l2_leaf_reg': 4.706229838553552, 'subsample': 0.5078173473793903, 'rsm': 0.8660293805548277, 'bagging_temperature': 0.4476302703019306}. Best is trial 88 with value: 0.02933544222538914.
[I 2025-08-01 11:37:09,663] Trial 275 finished with value: 0.030274493644859048 and parameters: {'min_abs_corr': 0.034495405562267295, 'max_pair_corr': 0.9821755258395133, 'iterations': 1968, 'learning_rate': 0.028605562936428523, 'depth': 5, 'l2_leaf_reg': 5.332273297007737, 'subsample': 0.5700210561145747, 'rsm': 0.9333297889598066, 'bagging_temperature': 0.38175503881965744}. Best is trial 88 with value: 0.02933544222538914.
[I 2025-08-01 11:37:27,566] Trial 276 finished with value: 0.031368504439407904 and parameters: {'min_abs_corr': 0.027640581846927546, 'max_pair_corr': 0.9744507336659075, 'iterations': 1769, 'learning_rate': 0.0340716766570539, 'depth': 4, 'l2_leaf_reg': 7.977239535390686, 'subsample': 0.587937289689267, 'rsm': 0.8893504418200243, 'bagging_temperature': 0.2853037915568632}. Best is trial 88 with value: 0.02933544222538914.
[I 2025-08-01 11:37:56,312] Trial 277 finished with value: 0.030053679757169938 and parameters: {'min_abs_corr': 0.03812326131170528, 'max_pair_corr': 0.9782573856072414, 'iterations': 1853, 'learning_rate': 0.027153106510915605, 'depth': 5, 'l2_leaf_reg': 7.1825141746995, 'subsample': 0.5006185612285331, 'rsm': 0.9052526344712883, 'bagging_temperature': 0.41338184629793884}. Best is trial 88 with value: 0.02933544222538914.
[I 2025-08-01 11:38:15,813] Trial 278 finished with value: 0.03078955140963785 and parameters: {'min_abs_corr': 0.04451285739731769, 'max_pair_corr': 0.9810667707341318, 'iterations': 1917, 'learning_rate': 0.01637631917597045, 'depth': 4, 'l2_leaf_reg': 5.183862834159077, 'subsample': 0.5495447390315783, 'rsm': 0.8150898618025217, 'bagging_temperature': 0.4617783254823209}. Best is trial 88 with value: 0.02933544222538914.
[I 2025-08-01 11:38:47,390] Trial 279 finished with value: 0.029439035837874487 and parameters: {'min_abs_corr': 0.041612874083699944, 'max_pair_corr': 0.9846091250572789, 'iterations': 1882, 'learning_rate': 0.020434231617705127, 'depth': 5, 'l2_leaf_reg': 5.5086317435876175, 'subsample': 0.6219086151973862, 'rsm': 0.915276396887884, 'bagging_temperature': 0.5436544502341861}. Best is trial 88 with value: 0.02933544222538914.
[I 2025-08-01 11:39:05,369] Trial 280 finished with value: 0.030629156679569492 and parameters: {'min_abs_corr': 0.04249644573484927, 'max_pair_corr': 0.9642024481625636, 'iterations': 1875, 'learning_rate': 0.024189171100550372, 'depth': 4, 'l2_leaf_reg': 3.574653528572173, 'subsample': 0.6257036870779861, 'rsm': 0.9212615834949394, 'bagging_temperature': 0.5517661448146904}. Best is trial 88 with value: 0.02933544222538914.
[I 2025-08-01 11:39:13,144] Trial 281 finished with value: 0.031541320862235114 and parameters: {'min_abs_corr': 0.04162689561875008, 'max_pair_corr': 0.9838122332341472, 'iterations': 445, 'learning_rate': 0.04760245911003263, 'depth': 5, 'l2_leaf_reg': 3.837757168669031, 'subsample': 0.6535654400238065, 'rsm': 0.940897317550917, 'bagging_temperature': 0.5337915046043467}. Best is trial 88 with value: 0.02933544222538914.
[I 2025-08-01 11:39:27,977] Trial 282 finished with value: 0.029592458414935446 and parameters: {'min_abs_corr': 0.04070386561071744, 'max_pair_corr': 0.9852629237730538, 'iterations': 1818, 'learning_rate': 0.02861732960488233, 'depth': 4, 'l2_leaf_reg': 4.112857391071584, 'subsample': 0.6167509060902482, 'rsm': 0.5037285698786392, 'bagging_temperature': 0.5211312650507492}. Best is trial 88 with value: 0.02933544222538914.
[I 2025-08-01 11:39:48,390] Trial 283 finished with value: 0.029918783278418216 and parameters: {'min_abs_corr': 0.04034992602200593, 'max_pair_corr': 0.9857237841781219, 'iterations': 1809, 'learning_rate': 0.0213555277453001, 'depth': 4, 'l2_leaf_reg': 4.146060350907731, 'subsample': 0.6389004758820954, 'rsm': 0.9300836398751602, 'bagging_temperature': 0.5596391744255234}. Best is trial 88 with value: 0.02933544222538914.
[I 2025-08-01 11:40:08,544] Trial 284 finished with value: 0.029897437927414984 and parameters: {'min_abs_corr': 0.04012656328089442, 'max_pair_corr': 0.987118408392766, 'iterations': 1771, 'learning_rate': 0.038084328846670824, 'depth': 4, 'l2_leaf_reg': 4.091378481245641, 'subsample': 0.6179641291386299, 'rsm': 0.9495676278354594, 'bagging_temperature': 0.5227253928840855}. Best is trial 88 with value: 0.02933544222538914.
[I 2025-08-01 11:40:28,036] Trial 285 finished with value: 0.03047957739537347 and parameters: {'min_abs_corr': 0.031144454028695628, 'max_pair_corr': 0.985526960739114, 'iterations': 1720, 'learning_rate': 0.026593087386550526, 'depth': 4, 'l2_leaf_reg': 4.3057438214900685, 'subsample': 0.612774280949441, 'rsm': 0.9115987992914704, 'bagging_temperature': 0.49447886784049483}. Best is trial 88 with value: 0.02933544222538914.
[I 2025-08-01 11:40:40,572] Trial 286 finished with value: 0.03128318062624973 and parameters: {'min_abs_corr': 0.03862785796467715, 'max_pair_corr': 0.9841020939516553, 'iterations': 1667, 'learning_rate': 0.029182194949789346, 'depth': 3, 'l2_leaf_reg': 3.9876441709908534, 'subsample': 0.6069191977824179, 'rsm': 0.9198187088333962, 'bagging_temperature': 0.5743033635585546}. Best is trial 88 with value: 0.02933544222538914.
[I 2025-08-01 11:40:58,877] Trial 287 finished with value: 0.03319469639025859 and parameters: {'min_abs_corr': 0.026094632655190367, 'max_pair_corr': 0.9714092248446119, 'iterations': 1838, 'learning_rate': 0.006313607828357335, 'depth': 4, 'l2_leaf_reg': 3.7657506372406093, 'subsample': 0.6235302023576955, 'rsm': 0.9029835873558708, 'bagging_temperature': 0.5443426499822687}. Best is trial 88 with value: 0.02933544222538914.
[I 2025-08-01 11:41:16,946] Trial 288 finished with value: 0.03108107046989208 and parameters: {'min_abs_corr': 0.03353699736824419, 'max_pair_corr': 0.9674352061747851, 'iterations': 1790, 'learning_rate': 0.023725893379234385, 'depth': 4, 'l2_leaf_reg': 4.529911831795916, 'subsample': 0.6640025284558446, 'rsm': 0.960509655996544, 'bagging_temperature': 0.5949540371728852}. Best is trial 88 with value: 0.02933544222538914.
[I 2025-08-01 11:41:31,511] Trial 289 finished with value: 0.030241307432166426 and parameters: {'min_abs_corr': 0.009139468188177118, 'max_pair_corr': 0.9852736750102989, 'iterations': 1834, 'learning_rate': 0.043156054241549016, 'depth': 4, 'l2_leaf_reg': 5.715412998549746, 'subsample': 0.595577350564483, 'rsm': 0.4249960796731153, 'bagging_temperature': 0.5236925368835466}. Best is trial 88 with value: 0.02933544222538914.
[I 2025-08-01 11:41:44,927] Trial 290 finished with value: 0.02973632577090053 and parameters: {'min_abs_corr': 0.061645223034452454, 'max_pair_corr': 0.9732266715918058, 'iterations': 1762, 'learning_rate': 0.03303839612953179, 'depth': 4, 'l2_leaf_reg': 4.267848733554335, 'subsample': 0.6195163462324779, 'rsm': 0.603455205198409, 'bagging_temperature': 0.644187675563427}. Best is trial 88 with value: 0.02933544222538914.
[I 2025-08-01 11:41:58,826] Trial 291 finished with value: 0.030053053516513835 and parameters: {'min_abs_corr': 0.06438321140783847, 'max_pair_corr': 0.9734235268964022, 'iterations': 1743, 'learning_rate': 0.033624281737848635, 'depth': 4, 'l2_leaf_reg': 4.191800869559803, 'subsample': 0.6356539215736873, 'rsm': 0.6561527070433835, 'bagging_temperature': 0.6433985179052225}. Best is trial 88 with value: 0.02933544222538914.
[I 2025-08-01 11:42:50,338] Trial 292 finished with value: 0.03349646556766962 and parameters: {'min_abs_corr': 0.07619258090125627, 'max_pair_corr': 0.9698696012194022, 'iterations': 657, 'learning_rate': 0.03011625414986472, 'depth': 9, 'l2_leaf_reg': 4.315481108718745, 'subsample': 0.6129933940777623, 'rsm': 0.4596096911708124, 'bagging_temperature': 0.6173439461774437}. Best is trial 88 with value: 0.02933544222538914.
[I 2025-08-01 11:43:03,964] Trial 293 finished with value: 0.030435627113358937 and parameters: {'min_abs_corr': 0.0619356826987587, 'max_pair_corr': 0.9752934715364695, 'iterations': 1792, 'learning_rate': 0.025337153198241567, 'depth': 4, 'l2_leaf_reg': 3.942567573979759, 'subsample': 0.59995922220711, 'rsm': 0.5852054751529975, 'bagging_temperature': 0.6634937547260763}. Best is trial 88 with value: 0.02933544222538914.
[I 2025-08-01 11:43:21,199] Trial 294 finished with value: 0.03097555034729299 and parameters: {'min_abs_corr': 0.03536828658344486, 'max_pair_corr': 0.9722106826638391, 'iterations': 1766, 'learning_rate': 0.033880884014622054, 'depth': 4, 'l2_leaf_reg': 4.4335441974877785, 'subsample': 0.5854941457958776, 'rsm': 0.8778588065266141, 'bagging_temperature': 0.6351895763251572}. Best is trial 88 with value: 0.02933544222538914.
[I 2025-08-01 11:43:38,548] Trial 295 finished with value: 0.03084238026109336 and parameters: {'min_abs_corr': 0.028727213885651123, 'max_pair_corr': 0.974183793928397, 'iterations': 1709, 'learning_rate': 0.03738824800837203, 'depth': 4, 'l2_leaf_reg': 4.596899737112642, 'subsample': 0.5770979658530285, 'rsm': 0.9102065937519268, 'bagging_temperature': 0.37088439162404935}. Best is trial 88 with value: 0.02933544222538914.
[I 2025-08-01 11:43:52,727] Trial 296 finished with value: 0.03080191649235356 and parameters: {'min_abs_corr': 0.07054207775254774, 'max_pair_corr': 0.977302914343341, 'iterations': 1821, 'learning_rate': 0.018494467511637875, 'depth': 4, 'l2_leaf_reg': 4.126763267441963, 'subsample': 0.6059760155044043, 'rsm': 0.6373136211888656, 'bagging_temperature': 0.5082251630215834}. Best is trial 88 with value: 0.02933544222538914.
[I 2025-08-01 11:44:12,845] Trial 297 finished with value: 0.030434695169910375 and parameters: {'min_abs_corr': 0.03767400255896863, 'max_pair_corr': 0.9829446518698074, 'iterations': 1887, 'learning_rate': 0.028272018795262057, 'depth': 4, 'l2_leaf_reg': 3.7099989831078015, 'subsample': 0.6231390439698253, 'rsm': 0.8585714234680079, 'bagging_temperature': 0.4005244985627939}. Best is trial 88 with value: 0.02933544222538914.
[I 2025-08-01 11:44:24,436] Trial 298 finished with value: 0.030587891403977756 and parameters: {'min_abs_corr': 0.08518974260282544, 'max_pair_corr': 0.9760052479956701, 'iterations': 1684, 'learning_rate': 0.021806830487038915, 'depth': 4, 'l2_leaf_reg': 4.6987495967403765, 'subsample': 0.565474831963333, 'rsm': 0.5659990271529937, 'bagging_temperature': 0.5446059913287655}. Best is trial 88 with value: 0.02933544222538914.
[I 2025-08-01 11:44:40,047] Trial 299 finished with value: 0.030541004166171663 and parameters: {'min_abs_corr': 0.030135664003345115, 'max_pair_corr': 0.9777749969042459, 'iterations': 1938, 'learning_rate': 0.030032507453484052, 'depth': 4, 'l2_leaf_reg': 4.979704734803489, 'subsample': 0.5942834930186321, 'rsm': 0.5510838932017549, 'bagging_temperature': 0.6930938748009613}. Best is trial 88 with value: 0.02933544222538914.
[I 2025-08-01 11:44:53,802] Trial 300 finished with value: 0.03008591857814464 and parameters: {'min_abs_corr': 0.05973355296901234, 'max_pair_corr': 0.9823983666015723, 'iterations': 1846, 'learning_rate': 0.025755065131643193, 'depth': 4, 'l2_leaf_reg': 4.3840575039443435, 'subsample': 0.7872502334472526, 'rsm': 0.49677707962171624, 'bagging_temperature': 0.495353653279082}. Best is trial 88 with value: 0.02933544222538914.
[I 2025-08-01 11:45:09,898] Trial 301 finished with value: 0.030094947497908392 and parameters: {'min_abs_corr': 0.06709456259125023, 'max_pair_corr': 0.9844762722031386, 'iterations': 1772, 'learning_rate': 0.03261017192897326, 'depth': 4, 'l2_leaf_reg': 3.8965013829677324, 'subsample': 0.583607090932613, 'rsm': 0.699960192507859, 'bagging_temperature': 0.4797364957615903}. Best is trial 88 with value: 0.02933544222538914.
[I 2025-08-01 11:45:42,806] Trial 302 finished with value: 0.030463029266981488 and parameters: {'min_abs_corr': 0.03919578544251723, 'max_pair_corr': 0.9730113049409909, 'iterations': 1906, 'learning_rate': 0.03648662865219411, 'depth': 6, 'l2_leaf_reg': 4.203819973647881, 'subsample': 0.5542002127657205, 'rsm': 0.4968784461557889, 'bagging_temperature': 0.5767075517805427}. Best is trial 88 with value: 0.02933544222538914.
[I 2025-08-01 11:45:59,066] Trial 303 finished with value: 0.03029527027221478 and parameters: {'min_abs_corr': 0.02319507999263814, 'max_pair_corr': 0.9792813287833084, 'iterations': 1810, 'learning_rate': 0.02310909549651675, 'depth': 4, 'l2_leaf_reg': 4.797971283887085, 'subsample': 0.6063933358653992, 'rsm': 0.6272213150011828, 'bagging_temperature': 0.4123002625798308}. Best is trial 88 with value: 0.02933544222538914.
[I 2025-08-01 11:46:06,949] Trial 304 finished with value: 0.03311120344064629 and parameters: {'min_abs_corr': 0.05536119808500007, 'max_pair_corr': 0.900088466363, 'iterations': 1995, 'learning_rate': 0.026933587141350433, 'depth': 3, 'l2_leaf_reg': 5.070538605855099, 'subsample': 0.6171993374867586, 'rsm': 0.513748291999125, 'bagging_temperature': 0.6068984335576375}. Best is trial 88 with value: 0.02933544222538914.
[I 2025-08-01 11:46:24,788] Trial 305 finished with value: 0.029433237134976052 and parameters: {'min_abs_corr': 0.03264943072974511, 'max_pair_corr': 0.9758541797356022, 'iterations': 1743, 'learning_rate': 0.04120402574514699, 'depth': 4, 'l2_leaf_reg': 4.510355463615993, 'subsample': 0.5769711560320125, 'rsm': 0.8998510293097309, 'bagging_temperature': 0.4730135887583591}. Best is trial 88 with value: 0.02933544222538914.
