[I 2025-08-01 15:37:17,645] Trial 808 finished with value: 0.029982140593229883 and parameters: {'min_abs_corr': 0.040648356373802645, 'max_pair_corr': 0.9781019694265852, 'iterations': 1949, 'learning_rate': 0.03324267638303398, 'depth': 5, 'l2_leaf_reg': 4.439508069817001, 'subsample': 0.5242883485512652, 'rsm': 0.953411736625386, 'bagging_temperature': 0.5039776131969271}. Best is trial 431 with value: 0.028803817637518454.
[I 2025-08-01 15:37:38,101] Trial 809 finished with value: 0.029810186133203027 and parameters: {'min_abs_corr': 0.037553144142551544, 'max_pair_corr': 0.9882583133097191, 'iterations': 1752, 'learning_rate': 0.02427200168444435, 'depth': 4, 'l2_leaf_reg': 3.084274038156524, 'subsample': 0.5123925099800117, 'rsm': 0.9333661378418269, 'bagging_temperature': 0.5817249475433834}. Best is trial 431 with value: 0.028803817637518454.
[I 2025-08-01 15:38:00,164] Trial 810 finished with value: 0.02953375847976832 and parameters: {'min_abs_corr': 0.019194551340792298, 'max_pair_corr': 0.983287948933462, 'iterations': 1885, 'learning_rate': 0.0300788277762828, 'depth': 4, 'l2_leaf_reg': 3.492410250920236, 'subsample': 0.5406205839999153, 'rsm': 0.9720694832000653, 'bagging_temperature': 0.40463352173813194}. Best is trial 431 with value: 0.028803817637518454.
[I 2025-08-01 15:38:29,428] Trial 811 finished with value: 0.030112801257953126 and parameters: {'min_abs_corr': 0.04623875441315914, 'max_pair_corr': 0.9678989585805531, 'iterations': 1921, 'learning_rate': 0.041037620759386606, 'depth': 5, 'l2_leaf_reg': 4.902182343181418, 'subsample': 0.5276842787235855, 'rsm': 0.9173355417861496, 'bagging_temperature': 0.4782760725810443}. Best is trial 431 with value: 0.028803817637518454.
[I 2025-08-01 15:38:42,499] Trial 812 finished with value: 0.030810640408591838 and parameters: {'min_abs_corr': 0.04357765417706006, 'max_pair_corr': 0.980007892570176, 'iterations': 1839, 'learning_rate': 0.03631591566342881, 'depth': 3, 'l2_leaf_reg': 4.65845994301983, 'subsample': 0.5108418112983336, 'rsm': 0.9462160449134632, 'bagging_temperature': 0.7067032125932152}. Best is trial 431 with value: 0.028803817637518454.
[I 2025-08-01 15:39:01,290] Trial 813 finished with value: 0.030291398450387426 and parameters: {'min_abs_corr': 0.02233541433014804, 'max_pair_corr': 0.9819032751510195, 'iterations': 1676, 'learning_rate': 0.02708485074416436, 'depth': 4, 'l2_leaf_reg': 3.292748012561217, 'subsample': 0.5189559288019987, 'rsm': 0.927423698440582, 'bagging_temperature': 0.6228299035324047}. Best is trial 431 with value: 0.028803817637518454.
[I 2025-08-01 15:39:17,783] Trial 814 finished with value: 0.030409725806263953 and parameters: {'min_abs_corr': 0.048078873592884964, 'max_pair_corr': 0.9512698535124726, 'iterations': 1777, 'learning_rate': 0.030851565714455364, 'depth': 4, 'l2_leaf_reg': 4.2771065377541895, 'subsample': 0.508593891497632, 'rsm': 0.9142459085950297, 'bagging_temperature': 0.35164143409374765}. Best is trial 431 with value: 0.028803817637518454.
[I 2025-08-01 15:39:47,416] Trial 815 finished with value: 0.03050735364014374 and parameters: {'min_abs_corr': 0.025340312284550713, 'max_pair_corr': 0.9720585839888504, 'iterations': 1963, 'learning_rate': 0.02163739612112009, 'depth': 5, 'l2_leaf_reg': 3.6479073926922405, 'subsample': 0.7217960980983615, 'rsm': 0.9409761318627244, 'bagging_temperature': 0.45055345771652033}. Best is trial 431 with value: 0.028803817637518454.
[I 2025-08-01 15:40:06,922] Trial 816 finished with value: 0.030661210045669206 and parameters: {'min_abs_corr': 0.0396175730009499, 'max_pair_corr': 0.9767328329959244, 'iterations': 1914, 'learning_rate': 0.035663698223738306, 'depth': 4, 'l2_leaf_reg': 4.500975600921498, 'subsample': 0.534882346269888, 'rsm': 0.9631579186423175, 'bagging_temperature': 0.5672401390946178}. Best is trial 431 with value: 0.028803817637518454.
[I 2025-08-01 15:40:27,848] Trial 817 finished with value: 0.030160051836427653 and parameters: {'min_abs_corr': 0.04570936498414358, 'max_pair_corr': 0.9855863553698921, 'iterations': 1860, 'learning_rate': 0.03991190802584572, 'depth': 4, 'l2_leaf_reg': 4.721828002354401, 'subsample': 0.5280578950380405, 'rsm': 0.928050754482175, 'bagging_temperature': 0.41544420721666886}. Best is trial 431 with value: 0.028803817637518454.
[I 2025-08-01 15:40:49,934] Trial 818 finished with value: 0.031233304979264888 and parameters: {'min_abs_corr': 0.03647016564483891, 'max_pair_corr': 0.920069832051026, 'iterations': 1808, 'learning_rate': 0.03259700090947722, 'depth': 5, 'l2_leaf_reg': 3.876652857646285, 'subsample': 0.5464949506968247, 'rsm': 0.9156203647299168, 'bagging_temperature': 0.5203512568886994}. Best is trial 431 with value: 0.028803817637518454.
[I 2025-08-01 15:41:05,465] Trial 819 finished with value: 0.03148410013326673 and parameters: {'min_abs_corr': 0.04146330696586576, 'max_pair_corr': 0.978763310123292, 'iterations': 614, 'learning_rate': 0.026779809539206983, 'depth': 6, 'l2_leaf_reg': 3.445767362305603, 'subsample': 0.6273650560884642, 'rsm': 0.9020822789967385, 'bagging_temperature': 0.47303684096771836}. Best is trial 431 with value: 0.028803817637518454.
[I 2025-08-01 15:41:23,753] Trial 820 finished with value: 0.030108823083566445 and parameters: {'min_abs_corr': 0.0428354380117398, 'max_pair_corr': 0.9811202157806213, 'iterations': 1708, 'learning_rate': 0.04273282982931511, 'depth': 4, 'l2_leaf_reg': 6.234546001598655, 'subsample': 0.5200860963154128, 'rsm': 0.9500503757864754, 'bagging_temperature': 0.3863214788714724}. Best is trial 431 with value: 0.028803817637518454.
[I 2025-08-01 15:41:49,865] Trial 821 finished with value: 0.030969009714312944 and parameters: {'min_abs_corr': 0.0188339608012382, 'max_pair_corr': 0.9830581704266063, 'iterations': 1944, 'learning_rate': 0.049081798647361195, 'depth': 5, 'l2_leaf_reg': 4.125469487944164, 'subsample': 0.5090656999657992, 'rsm': 0.5477981621696899, 'bagging_temperature': 0.5019670468596596}. Best is trial 431 with value: 0.028803817637518454.
[I 2025-08-01 15:42:11,063] Trial 822 finished with value: 0.03040466200864559 and parameters: {'min_abs_corr': 0.046840800051230834, 'max_pair_corr': 0.9842058288878244, 'iterations': 2000, 'learning_rate': 0.022905612137968736, 'depth': 4, 'l2_leaf_reg': 1.7728091314637604, 'subsample': 0.5176632590037586, 'rsm': 0.8721201312632989, 'bagging_temperature': 0.536575605202477}. Best is trial 431 with value: 0.028803817637518454.
[I 2025-08-01 15:42:39,684] Trial 823 finished with value: 0.029419347731506902 and parameters: {'min_abs_corr': 0.044731686612942655, 'max_pair_corr': 0.9746787774218377, 'iterations': 1893, 'learning_rate': 0.03603019731645191, 'depth': 5, 'l2_leaf_reg': 3.041024134934692, 'subsample': 0.5293498431927233, 'rsm': 0.9351705509571648, 'bagging_temperature': 0.9712008402872663}. Best is trial 431 with value: 0.028803817637518454.
[I 2025-08-01 15:43:07,849] Trial 824 finished with value: 0.0312327341462189 and parameters: {'min_abs_corr': 0.04271451895494415, 'max_pair_corr': 0.9715238749708361, 'iterations': 1835, 'learning_rate': 0.04215489687723025, 'depth': 5, 'l2_leaf_reg': 2.12810802275154, 'subsample': 0.5421014787498241, 'rsm': 0.9620775110482477, 'bagging_temperature': 0.947074494280513}. Best is trial 431 with value: 0.028803817637518454.
[I 2025-08-01 15:43:36,378] Trial 825 finished with value: 0.029770832969705053 and parameters: {'min_abs_corr': 0.04410930913481375, 'max_pair_corr': 0.9738332752827584, 'iterations': 1859, 'learning_rate': 0.05628309102515252, 'depth': 5, 'l2_leaf_reg': 3.0600763689698134, 'subsample': 0.6482153838657555, 'rsm': 0.9445416374688614, 'bagging_temperature': 0.8008963210780415}. Best is trial 431 with value: 0.028803817637518454.
[I 2025-08-01 15:44:05,405] Trial 826 finished with value: 0.029774381283636388 and parameters: {'min_abs_corr': 0.0454663814133045, 'max_pair_corr': 0.9746319971888113, 'iterations': 1892, 'learning_rate': 0.035845602507061536, 'depth': 5, 'l2_leaf_reg': 2.861238057792399, 'subsample': 0.5355424778390719, 'rsm': 0.9370982125115939, 'bagging_temperature': 0.9264857787013975}. Best is trial 431 with value: 0.028803817637518454.
[I 2025-08-01 15:44:33,638] Trial 827 finished with value: 0.030217593093014396 and parameters: {'min_abs_corr': 0.043987287102309765, 'max_pair_corr': 0.9760087079029922, 'iterations': 1802, 'learning_rate': 0.019603041287370244, 'depth': 5, 'l2_leaf_reg': 3.349210045984974, 'subsample': 0.5506775269383031, 'rsm': 0.9552704333720281, 'bagging_temperature': 0.9645486890753279}. Best is trial 431 with value: 0.028803817637518454.
[I 2025-08-01 15:45:02,256] Trial 828 finished with value: 0.030704731716985782 and parameters: {'min_abs_corr': 0.04689606210371262, 'max_pair_corr': 0.9705789535236439, 'iterations': 1885, 'learning_rate': 0.030227221984342894, 'depth': 5, 'l2_leaf_reg': 3.166912233903008, 'subsample': 0.5317489283313063, 'rsm': 0.9342615089821984, 'bagging_temperature': 0.8617805445364061}. Best is trial 431 with value: 0.028803817637518454.
[I 2025-08-01 15:45:29,250] Trial 829 finished with value: 0.029676667105965983 and parameters: {'min_abs_corr': 0.041295281055055484, 'max_pair_corr': 0.9732702825323272, 'iterations': 1770, 'learning_rate': 0.04598604773048439, 'depth': 5, 'l2_leaf_reg': 2.7170186924689816, 'subsample': 0.5578903976046877, 'rsm': 0.9476255099281491, 'bagging_temperature': 0.8385115031455866}. Best is trial 431 with value: 0.028803817637518454.
[I 2025-08-01 15:45:57,870] Trial 830 finished with value: 0.029343502117700287 and parameters: {'min_abs_corr': 0.04438436540020471, 'max_pair_corr': 0.9754019312336658, 'iterations': 1824, 'learning_rate': 0.03909737400924555, 'depth': 5, 'l2_leaf_reg': 2.9622274722755515, 'subsample': 0.7410509982130229, 'rsm': 0.930541949921738, 'bagging_temperature': 0.7795217580063736}. Best is trial 431 with value: 0.028803817637518454.
[I 2025-08-01 15:46:26,317] Trial 831 finished with value: 0.030726922359224907 and parameters: {'min_abs_corr': 0.044114763938775975, 'max_pair_corr': 0.9723525910583635, 'iterations': 1823, 'learning_rate': 0.040560586485145385, 'depth': 5, 'l2_leaf_reg': 2.915937067751836, 'subsample': 0.7830416858897272, 'rsm': 0.9251097669371372, 'bagging_temperature': 0.4524725657552465}. Best is trial 431 with value: 0.028803817637518454.
[I 2025-08-01 15:46:54,273] Trial 832 finished with value: 0.02996689668187672 and parameters: {'min_abs_corr': 0.04258501080189685, 'max_pair_corr': 0.9748476869599402, 'iterations': 1827, 'learning_rate': 0.03897604451593167, 'depth': 5, 'l2_leaf_reg': 2.6110920943549183, 'subsample': 0.8909016530793814, 'rsm': 0.9235277107339384, 'bagging_temperature': 0.9637752041755626}. Best is trial 431 with value: 0.028803817637518454.
[I 2025-08-01 15:47:21,505] Trial 833 finished with value: 0.031072903313144485 and parameters: {'min_abs_corr': 0.04503547760480934, 'max_pair_corr': 0.9749013717473055, 'iterations': 1779, 'learning_rate': 0.04440505785743891, 'depth': 5, 'l2_leaf_reg': 2.9382157064341117, 'subsample': 0.8321837612945381, 'rsm': 0.9319077952006927, 'bagging_temperature': 0.7913945832389696}. Best is trial 431 with value: 0.028803817637518454.
[I 2025-08-01 15:47:50,231] Trial 834 finished with value: 0.029950996417430736 and parameters: {'min_abs_corr': 0.04536684779799761, 'max_pair_corr': 0.9760175120651292, 'iterations': 1833, 'learning_rate': 0.04934508338011762, 'depth': 5, 'l2_leaf_reg': 2.787926584277545, 'subsample': 0.769419241979753, 'rsm': 0.9178197203460701, 'bagging_temperature': 0.6495273148363127}. Best is trial 431 with value: 0.028803817637518454.
[I 2025-08-01 15:48:17,342] Trial 835 finished with value: 0.04847770315547508 and parameters: {'min_abs_corr': 0.03999280096002538, 'max_pair_corr': 0.9736559226825917, 'iterations': 1743, 'learning_rate': 0.001259978696425341, 'depth': 5, 'l2_leaf_reg': 3.0901740554322026, 'subsample': 0.8494643516450535, 'rsm': 0.9111907496762279, 'bagging_temperature': 0.8878743310305885}. Best is trial 431 with value: 0.028803817637518454.
[I 2025-08-01 15:48:45,711] Trial 836 finished with value: 0.030117342678524117 and parameters: {'min_abs_corr': 0.043217684713864925, 'max_pair_corr': 0.9765165717108282, 'iterations': 1797, 'learning_rate': 0.03710973070385478, 'depth': 5, 'l2_leaf_reg': 2.948367623594883, 'subsample': 0.8041315870128054, 'rsm': 0.9358425734136802, 'bagging_temperature': 0.8152583890507422}. Best is trial 431 with value: 0.028803817637518454.
[I 2025-08-01 15:49:13,600] Trial 837 finished with value: 0.030864877229723243 and parameters: {'min_abs_corr': 0.04762691120483761, 'max_pair_corr': 0.971976207552246, 'iterations': 1857, 'learning_rate': 0.041664732608318815, 'depth': 5, 'l2_leaf_reg': 3.071206853061519, 'subsample': 0.5612438769160358, 'rsm': 0.8963840801635311, 'bagging_temperature': 0.9229594946473915}. Best is trial 431 with value: 0.028803817637518454.
[I 2025-08-01 15:49:40,542] Trial 838 finished with value: 0.031140321732113767 and parameters: {'min_abs_corr': 0.0415938340109208, 'max_pair_corr': 0.9743889302405145, 'iterations': 1764, 'learning_rate': 0.055822603686933356, 'depth': 5, 'l2_leaf_reg': 2.63415403348004, 'subsample': 0.5452991238629842, 'rsm': 0.9216182279647824, 'bagging_temperature': 0.7730501408764353}. Best is trial 431 with value: 0.028803817637518454.
[I 2025-08-01 15:50:08,773] Trial 839 finished with value: 0.03379802075122362 and parameters: {'min_abs_corr': 0.04526699062559968, 'max_pair_corr': 0.9767787613756022, 'iterations': 1808, 'learning_rate': 0.003868623480870218, 'depth': 5, 'l2_leaf_reg': 3.127620816055689, 'subsample': 0.7368974084238836, 'rsm': 0.9355811213678767, 'bagging_temperature': 0.6995313595720523}. Best is trial 431 with value: 0.028803817637518454.
[I 2025-08-01 15:50:37,593] Trial 840 finished with value: 0.03026942089952469 and parameters: {'min_abs_corr': 0.04807530911248177, 'max_pair_corr': 0.9765941768923394, 'iterations': 1847, 'learning_rate': 0.03540712784402254, 'depth': 5, 'l2_leaf_reg': 3.0474019197069464, 'subsample': 0.61652051899493, 'rsm': 0.9080522799435743, 'bagging_temperature': 0.8954784025476827}. Best is trial 431 with value: 0.028803817637518454.
[I 2025-08-01 15:51:03,870] Trial 841 finished with value: 0.03043076750242697 and parameters: {'min_abs_corr': 0.04591865861874595, 'max_pair_corr': 0.9700283656876076, 'iterations': 1719, 'learning_rate': 0.048755416182677466, 'depth': 5, 'l2_leaf_reg': 2.3765319330900536, 'subsample': 0.7529732676485504, 'rsm': 0.9246526017782346, 'bagging_temperature': 0.7117792468889835}. Best is trial 431 with value: 0.028803817637518454.
[I 2025-08-01 15:51:31,819] Trial 842 finished with value: 0.030515195242469408 and parameters: {'min_abs_corr': 0.0388293692384418, 'max_pair_corr': 0.9779046432456933, 'iterations': 1786, 'learning_rate': 0.038839765653421635, 'depth': 5, 'l2_leaf_reg': 2.823361790893993, 'subsample': 0.5666470609311437, 'rsm': 0.8914379904955013, 'bagging_temperature': 0.8155918904148116}. Best is trial 431 with value: 0.028803817637518454.
[I 2025-08-01 15:52:18,961] Trial 843 finished with value: 0.03048499913927636 and parameters: {'min_abs_corr': 0.04270003393042722, 'max_pair_corr': 0.9729736306002784, 'iterations': 1876, 'learning_rate': 0.03402883185926516, 'depth': 6, 'l2_leaf_reg': 3.2725507372587264, 'subsample': 0.7012931817312793, 'rsm': 0.9136161622873031, 'bagging_temperature': 0.7407777149881507}. Best is trial 431 with value: 0.028803817637518454.
[I 2025-08-01 15:52:46,906] Trial 844 finished with value: 0.0296898978061504 and parameters: {'min_abs_corr': 0.04855337810261624, 'max_pair_corr': 0.9756359521531917, 'iterations': 1816, 'learning_rate': 0.04517000050978332, 'depth': 5, 'l2_leaf_reg': 4.868646080887608, 'subsample': 0.5398315011452784, 'rsm': 0.9330385761597931, 'bagging_temperature': 0.7621736864051799}. Best is trial 431 with value: 0.028803817637518454.
[I 2025-08-01 15:53:10,205] Trial 845 finished with value: 0.029712475034648866 and parameters: {'min_abs_corr': 0.04066755964324277, 'max_pair_corr': 0.9774234413933036, 'iterations': 1759, 'learning_rate': 0.032929756088831044, 'depth': 5, 'l2_leaf_reg': 1.3827020670280246, 'subsample': 0.9275810411700589, 'rsm': 0.619363137172562, 'bagging_temperature': 0.907770391701471}. Best is trial 431 with value: 0.028803817637518454.
[I 2025-08-01 15:53:38,318] Trial 846 finished with value: 0.03013599611735911 and parameters: {'min_abs_corr': 0.04680909805723993, 'max_pair_corr': 0.9746887431973382, 'iterations': 1850, 'learning_rate': 0.039077690864334276, 'depth': 5, 'l2_leaf_reg': 3.2203648830139557, 'subsample': 0.5286447001932355, 'rsm': 0.9004110734299597, 'bagging_temperature': 0.8468229640247819}. Best is trial 431 with value: 0.028803817637518454.
[I 2025-08-01 15:54:06,204] Trial 847 finished with value: 0.030650200943312667 and parameters: {'min_abs_corr': 0.04429728273730128, 'max_pair_corr': 0.9786348628131406, 'iterations': 1733, 'learning_rate': 0.06637670279750818, 'depth': 5, 'l2_leaf_reg': 4.5390752817811535, 'subsample': 0.5504368393079115, 'rsm': 0.9299328717198139, 'bagging_temperature': 0.984465641552577}. Best is trial 431 with value: 0.028803817637518454.
[I 2025-08-01 15:54:35,473] Trial 848 finished with value: 0.03071061372463465 and parameters: {'min_abs_corr': 0.04939910884867544, 'max_pair_corr': 0.9778195714540217, 'iterations': 1879, 'learning_rate': 0.04192093467424077, 'depth': 5, 'l2_leaf_reg': 5.043303801779022, 'subsample': 0.7362359969200478, 'rsm': 0.9191856910714876, 'bagging_temperature': 0.6810793790047758}. Best is trial 431 with value: 0.028803817637518454.
[I 2025-08-01 15:55:03,286] Trial 849 finished with value: 0.0309854824422374 and parameters: {'min_abs_corr': 0.04248778031057499, 'max_pair_corr': 0.9687839026981583, 'iterations': 1810, 'learning_rate': 0.052180638624953354, 'depth': 5, 'l2_leaf_reg': 2.926632108331829, 'subsample': 0.8804612884670087, 'rsm': 0.940761321507331, 'bagging_temperature': 0.8748812589516527}. Best is trial 431 with value: 0.028803817637518454.
[I 2025-08-01 15:55:20,944] Trial 850 finished with value: 0.030415093289691875 and parameters: {'min_abs_corr': 0.044938067479423346, 'max_pair_corr': 0.9729464222287658, 'iterations': 1146, 'learning_rate': 0.03607092566795437, 'depth': 5, 'l2_leaf_reg': 4.622269471746391, 'subsample': 0.6297081867459604, 'rsm': 0.881124962211252, 'bagging_temperature': 0.9339066235706881}. Best is trial 431 with value: 0.028803817637518454.
[I 2025-08-01 15:55:49,626] Trial 851 finished with value: 0.03000143883919229 and parameters: {'min_abs_corr': 0.04761584010070677, 'max_pair_corr': 0.9755692443491267, 'iterations': 1843, 'learning_rate': 0.03116095850564217, 'depth': 5, 'l2_leaf_reg': 4.793173431767954, 'subsample': 0.6045175646842781, 'rsm': 0.9032205281462086, 'bagging_temperature': 0.6057647519454603}. Best is trial 431 with value: 0.028803817637518454.
[I 2025-08-01 15:56:17,133] Trial 852 finished with value: 0.02952295224626118 and parameters: {'min_abs_corr': 0.038713985053618456, 'max_pair_corr': 0.9783311163608704, 'iterations': 1762, 'learning_rate': 0.04500699538420092, 'depth': 5, 'l2_leaf_reg': 3.1643843713520647, 'subsample': 0.5613945142072531, 'rsm': 0.9152790665666166, 'bagging_temperature': 0.4299588271350938}. Best is trial 431 with value: 0.028803817637518454.
[I 2025-08-01 15:56:40,629] Trial 853 finished with value: 0.02980970553927571 and parameters: {'min_abs_corr': 0.04644821123943944, 'max_pair_corr': 0.978852582692078, 'iterations': 1692, 'learning_rate': 0.03278205879687906, 'depth': 5, 'l2_leaf_reg': 4.902707846611227, 'subsample': 0.6844899624437113, 'rsm': 0.6778107976127069, 'bagging_temperature': 0.4369708086822673}. Best is trial 431 with value: 0.028803817637518454.
[I 2025-08-01 15:57:09,533] Trial 854 finished with value: 0.030041809239220646 and parameters: {'min_abs_corr': 0.041168321686126406, 'max_pair_corr': 0.9768789823158459, 'iterations': 1874, 'learning_rate': 0.012347291590778273, 'depth': 5, 'l2_leaf_reg': 4.3987303958253, 'subsample': 0.5265069134495228, 'rsm': 0.9544871455773173, 'bagging_temperature': 0.6459310391386929}. Best is trial 431 with value: 0.028803817637518454.
[I 2025-08-01 15:57:37,992] Trial 855 finished with value: 0.030535763484500444 and parameters: {'min_abs_corr': 0.04384101289434766, 'max_pair_corr': 0.9794238609481853, 'iterations': 1790, 'learning_rate': 0.03831855534787552, 'depth': 5, 'l2_leaf_reg': 2.979563875584548, 'subsample': 0.5899313436975782, 'rsm': 0.9276249279638108, 'bagging_temperature': 0.46829148175678065}. Best is trial 431 with value: 0.028803817637518454.
[I 2025-08-01 15:58:03,241] Trial 856 finished with value: 0.030279433061956747 and parameters: {'min_abs_corr': 0.0498425521130373, 'max_pair_corr': 0.9353750772728285, 'iterations': 1836, 'learning_rate': 0.04904687329639951, 'depth': 5, 'l2_leaf_reg': 5.032117887458491, 'subsample': 0.6925869820366466, 'rsm': 0.9428067733029244, 'bagging_temperature': 0.7529635467575999}. Best is trial 431 with value: 0.028803817637518454.
[I 2025-08-01 15:58:31,772] Trial 857 finished with value: 0.030635243758383685 and parameters: {'min_abs_corr': 0.04715268254410107, 'max_pair_corr': 0.9745502070530587, 'iterations': 1899, 'learning_rate': 0.05828329655571928, 'depth': 5, 'l2_leaf_reg': 3.26490220682064, 'subsample': 0.5376048617583988, 'rsm': 0.9062556218216995, 'bagging_temperature': 0.9435472729720724}. Best is trial 431 with value: 0.028803817637518454.
