[I 2025-08-01 15:59:03,269] Trial 858 finished with value: 0.030337878648431748 and parameters: {'min_abs_corr': 0.0524727549516456, 'max_pair_corr': 0.9797159111034015, 'iterations': 1269, 'learning_rate': 0.035696563068587775, 'depth': 6, 'l2_leaf_reg': 4.7509713785680034, 'subsample': 0.5713515518358924, 'rsm': 0.8902378186149998, 'bagging_temperature': 0.9794390648557421}. Best is trial 431 with value: 0.028803817637518454.
[I 2025-08-01 16:01:07,844] Trial 859 finished with value: 0.031500777407526756 and parameters: {'min_abs_corr': 0.039849779551487205, 'max_pair_corr': 0.9659248748262633, 'iterations': 1738, 'learning_rate': 0.029469950635542762, 'depth': 8, 'l2_leaf_reg': 2.621695201173326, 'subsample': 0.918679701526255, 'rsm': 0.9794058135272722, 'bagging_temperature': 0.4111834120384485}. Best is trial 431 with value: 0.028803817637518454.
[I 2025-08-01 16:01:29,206] Trial 860 finished with value: 0.03068361901132675 and parameters: {'min_abs_corr': 0.04509677648647016, 'max_pair_corr': 0.9141617698049531, 'iterations': 1806, 'learning_rate': 0.04213893980368658, 'depth': 5, 'l2_leaf_reg': 6.062905565942073, 'subsample': 0.6738934494320381, 'rsm': 0.9235557210869763, 'bagging_temperature': 0.7214041397244131}. Best is trial 431 with value: 0.028803817637518454.
[I 2025-08-01 16:01:54,587] Trial 861 finished with value: 0.029653795307402364 and parameters: {'min_abs_corr': 0.049226343627501695, 'max_pair_corr': 0.9762526799270156, 'iterations': 1645, 'learning_rate': 0.032644359602147184, 'depth': 5, 'l2_leaf_reg': 5.140621341322617, 'subsample': 0.5221222284826824, 'rsm': 0.936834076031757, 'bagging_temperature': 0.45508869304053695}. Best is trial 431 with value: 0.028803817637518454.
[I 2025-08-01 16:02:41,692] Trial 862 finished with value: 0.030568303736954495 and parameters: {'min_abs_corr': 0.038083988247178284, 'max_pair_corr': 0.9799946283916422, 'iterations': 1861, 'learning_rate': 0.0379709101578085, 'depth': 6, 'l2_leaf_reg': 4.666515401747049, 'subsample': 0.5809484361055196, 'rsm': 0.9146446803520074, 'bagging_temperature': 0.42885746415668696}. Best is trial 431 with value: 0.028803817637518454.
[I 2025-08-01 16:03:02,453] Trial 863 finished with value: 0.030262104214728767 and parameters: {'min_abs_corr': 0.04315006857028411, 'max_pair_corr': 0.9776916843168332, 'iterations': 1312, 'learning_rate': 0.04588687361600639, 'depth': 5, 'l2_leaf_reg': 3.2360292363325343, 'subsample': 0.5522479243239404, 'rsm': 0.9570754516966561, 'bagging_temperature': 0.47835526173989484}. Best is trial 431 with value: 0.028803817637518454.
[I 2025-08-01 16:03:31,427] Trial 864 finished with value: 0.03009680266051349 and parameters: {'min_abs_corr': 0.0413372531356746, 'max_pair_corr': 0.9714991177174407, 'iterations': 1893, 'learning_rate': 0.028374922223556164, 'depth': 5, 'l2_leaf_reg': 4.358624384204344, 'subsample': 0.5354951942534568, 'rsm': 0.927849016238349, 'bagging_temperature': 0.45213561578693584}. Best is trial 431 with value: 0.028803817637518454.
[I 2025-08-01 16:03:59,772] Trial 865 finished with value: 0.02990490036340384 and parameters: {'min_abs_corr': 0.04661604526593137, 'max_pair_corr': 0.9806536973900141, 'iterations': 1777, 'learning_rate': 0.04031470576807817, 'depth': 5, 'l2_leaf_reg': 4.955889805923641, 'subsample': 0.5230952101741657, 'rsm': 0.9466774879661012, 'bagging_temperature': 0.5931508167547924}. Best is trial 431 with value: 0.028803817637518454.
[I 2025-08-01 16:04:25,442] Trial 866 finished with value: 0.030471618113140954 and parameters: {'min_abs_corr': 0.05003939077574133, 'max_pair_corr': 0.9610048540628771, 'iterations': 1816, 'learning_rate': 0.03258291636292786, 'depth': 5, 'l2_leaf_reg': 6.381329209702979, 'subsample': 0.5991146819438201, 'rsm': 0.9026126910704494, 'bagging_temperature': 0.7807468447499567}. Best is trial 431 with value: 0.028803817637518454.
[I 2025-08-01 16:04:51,129] Trial 867 finished with value: 0.030976542102113876 and parameters: {'min_abs_corr': 0.05410489249853753, 'max_pair_corr': 0.9775849630986546, 'iterations': 1707, 'learning_rate': 0.05305842901997146, 'depth': 5, 'l2_leaf_reg': 3.4036414318716015, 'subsample': 0.5438280437428595, 'rsm': 0.9144583942672123, 'bagging_temperature': 0.6667968455232216}. Best is trial 431 with value: 0.028803817637518454.
[I 2025-08-01 16:05:19,016] Trial 868 finished with value: 0.030730508146634538 and parameters: {'min_abs_corr': 0.04433464152825663, 'max_pair_corr': 0.9739804006687558, 'iterations': 1856, 'learning_rate': 0.03722731205084051, 'depth': 5, 'l2_leaf_reg': 3.0629714642397126, 'subsample': 0.5152415275859977, 'rsm': 0.8854729079723926, 'bagging_temperature': 0.6299335774688345}. Best is trial 431 with value: 0.028803817637518454.
[I 2025-08-01 16:05:48,657] Trial 869 finished with value: 0.030561457364663334 and parameters: {'min_abs_corr': 0.05144384601961636, 'max_pair_corr': 0.9757357634278414, 'iterations': 1912, 'learning_rate': 0.0292141448989242, 'depth': 5, 'l2_leaf_reg': 2.7933331499552296, 'subsample': 0.5301420147029742, 'rsm': 0.927897240504328, 'bagging_temperature': 0.4149067755594436}. Best is trial 431 with value: 0.028803817637518454.
[I 2025-08-01 16:06:17,107] Trial 870 finished with value: 0.03034594995988845 and parameters: {'min_abs_corr': 0.04769503683983442, 'max_pair_corr': 0.9795082097207227, 'iterations': 1782, 'learning_rate': 0.03373359119028663, 'depth': 5, 'l2_leaf_reg': 5.9158492862636365, 'subsample': 0.613114873589119, 'rsm': 0.9420174805124084, 'bagging_temperature': 0.442486010911682}. Best is trial 431 with value: 0.028803817637518454.
[I 2025-08-01 16:06:47,238] Trial 871 finished with value: 0.030764725077556388 and parameters: {'min_abs_corr': 0.035851269474812916, 'max_pair_corr': 0.9817407262604693, 'iterations': 1824, 'learning_rate': 0.041149982485053256, 'depth': 5, 'l2_leaf_reg': 5.363576938989992, 'subsample': 0.6662555091491807, 'rsm': 0.8975673059631216, 'bagging_temperature': 0.4801520583080639}. Best is trial 431 with value: 0.028803817637518454.
[I 2025-08-01 16:07:14,338] Trial 872 finished with value: 0.03044855946159944 and parameters: {'min_abs_corr': 0.042522255544416326, 'max_pair_corr': 0.9780826212181678, 'iterations': 1755, 'learning_rate': 0.04750726931323079, 'depth': 5, 'l2_leaf_reg': 5.143132832558219, 'subsample': 0.5633873722956322, 'rsm': 0.9668560640499565, 'bagging_temperature': 0.40150976808796907}. Best is trial 431 with value: 0.028803817637518454.
[I 2025-08-01 16:07:43,830] Trial 873 finished with value: 0.030102327365878118 and parameters: {'min_abs_corr': 0.04520207468145311, 'max_pair_corr': 0.9803843843598409, 'iterations': 1886, 'learning_rate': 0.02710040667728467, 'depth': 5, 'l2_leaf_reg': 4.710232354922189, 'subsample': 0.5176529252221576, 'rsm': 0.8733545484737458, 'bagging_temperature': 0.4290411569239178}. Best is trial 431 with value: 0.028803817637518454.
[I 2025-08-01 16:07:56,454] Trial 874 finished with value: 0.03128672773097761 and parameters: {'min_abs_corr': 0.04819825929323308, 'max_pair_corr': 0.9758502272830409, 'iterations': 1846, 'learning_rate': 0.03581901050666088, 'depth': 3, 'l2_leaf_reg': 4.905530241631865, 'subsample': 0.8405777192695947, 'rsm': 0.9133721880336235, 'bagging_temperature': 0.46035534014143115}. Best is trial 431 with value: 0.028803817637518454.
[I 2025-08-01 16:08:24,167] Trial 875 finished with value: 0.030411748305317808 and parameters: {'min_abs_corr': 0.038371831480527314, 'max_pair_corr': 0.9570777296779628, 'iterations': 1915, 'learning_rate': 0.0436078533705865, 'depth': 5, 'l2_leaf_reg': 5.7728974933518, 'subsample': 0.6356992265025148, 'rsm': 0.9223132405838206, 'bagging_temperature': 0.5675147609911595}. Best is trial 431 with value: 0.028803817637518454.
[I 2025-08-01 16:08:52,245] Trial 876 finished with value: 0.03017577421461235 and parameters: {'min_abs_corr': 0.04003700753003866, 'max_pair_corr': 0.9790317977685121, 'iterations': 1736, 'learning_rate': 0.03060287274828566, 'depth': 5, 'l2_leaf_reg': 4.459298595479173, 'subsample': 0.7942912015874272, 'rsm': 0.9366280313621029, 'bagging_temperature': 0.490930791827301}. Best is trial 431 with value: 0.028803817637518454.
[I 2025-08-01 16:09:21,213] Trial 877 finished with value: 0.030056009354109885 and parameters: {'min_abs_corr': 0.05335056116407028, 'max_pair_corr': 0.9820174679064414, 'iterations': 1807, 'learning_rate': 0.03644625666282587, 'depth': 5, 'l2_leaf_reg': 3.3014738619672803, 'subsample': 0.5814805608144161, 'rsm': 0.9060896465038244, 'bagging_temperature': 0.4452979031724243}. Best is trial 431 with value: 0.028803817637518454.
[I 2025-08-01 16:10:08,607] Trial 878 finished with value: 0.030835382850952824 and parameters: {'min_abs_corr': 0.0464420909260643, 'max_pair_corr': 0.9729260627021337, 'iterations': 1863, 'learning_rate': 0.060889852484781855, 'depth': 6, 'l2_leaf_reg': 5.5878026997213395, 'subsample': 0.8099401719992928, 'rsm': 0.9478189919769425, 'bagging_temperature': 0.42236840093213995}. Best is trial 431 with value: 0.028803817637518454.
[I 2025-08-01 16:10:36,109] Trial 879 finished with value: 0.03504032127049143 and parameters: {'min_abs_corr': 0.05056593493051462, 'max_pair_corr': 0.9772426742190473, 'iterations': 1781, 'learning_rate': 0.25299448060406277, 'depth': 5, 'l2_leaf_reg': 5.277891268552683, 'subsample': 0.5542086370876115, 'rsm': 0.930247547006702, 'bagging_temperature': 0.47122605263470874}. Best is trial 431 with value: 0.028803817637518454.
[I 2025-08-01 16:10:56,409] Trial 880 finished with value: 0.02995730945148554 and parameters: {'min_abs_corr': 0.042093686778345976, 'max_pair_corr': 0.9805674823888549, 'iterations': 1927, 'learning_rate': 0.0530745459150223, 'depth': 4, 'l2_leaf_reg': 3.1496835348733088, 'subsample': 0.5005073261005993, 'rsm': 0.9197991572288301, 'bagging_temperature': 0.40185585437129684}. Best is trial 431 with value: 0.028803817637518454.
[I 2025-08-01 16:11:24,403] Trial 881 finished with value: 0.030716588895356955 and parameters: {'min_abs_corr': 0.04394463331385108, 'max_pair_corr': 0.9640290652451201, 'iterations': 1890, 'learning_rate': 0.041854847874477394, 'depth': 5, 'l2_leaf_reg': 6.219156068707168, 'subsample': 0.5288663171456571, 'rsm': 0.8964564322865477, 'bagging_temperature': 0.7268694503121562}. Best is trial 431 with value: 0.028803817637518454.
[I 2025-08-01 16:11:42,581] Trial 882 finished with value: 0.029812522434533 and parameters: {'min_abs_corr': 0.056702511136737105, 'max_pair_corr': 0.982815852375234, 'iterations': 1680, 'learning_rate': 0.032716811553252394, 'depth': 4, 'l2_leaf_reg': 5.018423865112498, 'subsample': 0.7127478645706748, 'rsm': 0.9586897779626294, 'bagging_temperature': 0.49544661789615524}. Best is trial 431 with value: 0.028803817637518454.
[I 2025-08-01 16:15:46,427] Trial 883 finished with value: 0.03359163715244038 and parameters: {'min_abs_corr': 0.06944227660698117, 'max_pair_corr': 0.9790375972352119, 'iterations': 1839, 'learning_rate': 0.027416871760425246, 'depth': 9, 'l2_leaf_reg': 2.9837686929481837, 'subsample': 0.5161964772808473, 'rsm': 0.9376081671183669, 'bagging_temperature': 0.8189459387676599}. Best is trial 431 with value: 0.028803817637518454.
[I 2025-08-01 16:16:13,925] Trial 884 finished with value: 0.03102847482754696 and parameters: {'min_abs_corr': 0.04862657820030939, 'max_pair_corr': 0.9748915602849021, 'iterations': 1820, 'learning_rate': 0.04575035885982397, 'depth': 5, 'l2_leaf_reg': 2.2695485167106164, 'subsample': 0.974329553778077, 'rsm': 0.9060794106067707, 'bagging_temperature': 0.5809799253857098}. Best is trial 431 with value: 0.028803817637518454.
[I 2025-08-01 16:16:32,232] Trial 885 finished with value: 0.030074166933849365 and parameters: {'min_abs_corr': 0.04519779149770667, 'max_pair_corr': 0.9809680275887086, 'iterations': 1722, 'learning_rate': 0.030616378497737993, 'depth': 4, 'l2_leaf_reg': 4.543277930662724, 'subsample': 0.5407110472808969, 'rsm': 0.915815860678533, 'bagging_temperature': 0.44146141650713616}. Best is trial 431 with value: 0.028803817637518454.
[I 2025-08-01 16:17:01,754] Trial 886 finished with value: 0.03334124348716994 and parameters: {'min_abs_corr': 0.0404780635942655, 'max_pair_corr': 0.9770597642541512, 'iterations': 1913, 'learning_rate': 0.21834458489794323, 'depth': 5, 'l2_leaf_reg': 1.9227751702493197, 'subsample': 0.5230228229142643, 'rsm': 0.8848398411294004, 'bagging_temperature': 0.5575296946649864}. Best is trial 431 with value: 0.028803817637518454.
[I 2025-08-01 16:17:18,434] Trial 887 finished with value: 0.030869343159408792 and parameters: {'min_abs_corr': 0.05067879958987306, 'max_pair_corr': 0.9705993426402056, 'iterations': 1763, 'learning_rate': 0.03820862476601007, 'depth': 4, 'l2_leaf_reg': 3.4230641211915143, 'subsample': 0.5084018344947778, 'rsm': 0.998706018772672, 'bagging_temperature': 0.46551138856924423}. Best is trial 431 with value: 0.028803817637518454.
[I 2025-08-01 16:17:49,839] Trial 888 finished with value: 0.03009958732554101 and parameters: {'min_abs_corr': 0.037393669163481455, 'max_pair_corr': 0.9832336922586827, 'iterations': 1873, 'learning_rate': 0.025584308279841393, 'depth': 5, 'l2_leaf_reg': 4.755721173390747, 'subsample': 0.5702708108228614, 'rsm': 0.9317542978361147, 'bagging_temperature': 0.4208881830671612}. Best is trial 431 with value: 0.028803817637518454.
[I 2025-08-01 16:18:07,487] Trial 889 finished with value: 0.030006771824734275 and parameters: {'min_abs_corr': 0.061400056824281346, 'max_pair_corr': 0.9789794467779024, 'iterations': 1784, 'learning_rate': 0.03460321720421321, 'depth': 4, 'l2_leaf_reg': 5.18592961305907, 'subsample': 0.6227173392888334, 'rsm': 0.9506572389066499, 'bagging_temperature': 0.39372192230830044}. Best is trial 431 with value: 0.028803817637518454.
[I 2025-08-01 16:18:13,742] Trial 890 finished with value: 0.03844165396342554 and parameters: {'min_abs_corr': 0.04298287212113298, 'max_pair_corr': 0.9820725079723649, 'iterations': 848, 'learning_rate': 0.009005322937670897, 'depth': 3, 'l2_leaf_reg': 6.062950906424583, 'subsample': 0.5325889654554222, 'rsm': 0.9220075527250349, 'bagging_temperature': 0.5028207983611614}. Best is trial 431 with value: 0.028803817637518454.
[I 2025-08-01 16:19:32,430] Trial 891 finished with value: 0.031162790582157436 and parameters: {'min_abs_corr': 0.04663721342903635, 'max_pair_corr': 0.975328954890094, 'iterations': 1935, 'learning_rate': 0.040700328533115435, 'depth': 7, 'l2_leaf_reg': 5.402942731155713, 'subsample': 0.5938326682322622, 'rsm': 0.9075516820087691, 'bagging_temperature': 0.46231046739127674}. Best is trial 431 with value: 0.028803817637518454.
[I 2025-08-01 16:20:00,895] Trial 892 finished with value: 0.03043710215211325 and parameters: {'min_abs_corr': 0.05250224348496593, 'max_pair_corr': 0.9801048360793733, 'iterations': 1828, 'learning_rate': 0.04947903903237526, 'depth': 5, 'l2_leaf_reg': 4.266151148053427, 'subsample': 0.5094702945046613, 'rsm': 0.8659809223121573, 'bagging_temperature': 0.6120000539854528}. Best is trial 431 with value: 0.028803817637518454.
[I 2025-08-01 16:20:20,036] Trial 893 finished with value: 0.03006897320904405 and parameters: {'min_abs_corr': 0.048956358551037665, 'max_pair_corr': 0.9774870837576646, 'iterations': 1886, 'learning_rate': 0.029996441887527495, 'depth': 4, 'l2_leaf_reg': 5.522921863522322, 'subsample': 0.5000914517502033, 'rsm': 0.9399343029261418, 'bagging_temperature': 0.551568915099406}. Best is trial 431 with value: 0.028803817637518454.
[I 2025-08-01 16:20:52,240] Trial 894 finished with value: 0.03302297351979594 and parameters: {'min_abs_corr': 0.055288560927813826, 'max_pair_corr': 0.9077388109380803, 'iterations': 1799, 'learning_rate': 0.06855401633112132, 'depth': 6, 'l2_leaf_reg': 3.278058198801552, 'subsample': 0.5506537079790821, 'rsm': 0.8947428092048573, 'bagging_temperature': 0.4819635667373666}. Best is trial 431 with value: 0.028803817637518454.
[I 2025-08-01 16:21:11,637] Trial 895 finished with value: 0.029819367190771568 and parameters: {'min_abs_corr': 0.045187670151775536, 'max_pair_corr': 0.9840705993701592, 'iterations': 1752, 'learning_rate': 0.0349142638341964, 'depth': 4, 'l2_leaf_reg': 4.993522216663127, 'subsample': 0.5223109583001437, 'rsm': 0.9240603307766369, 'bagging_temperature': 0.8606694823212269}. Best is trial 431 with value: 0.028803817637518454.
[I 2025-08-01 16:21:39,973] Trial 896 finished with value: 0.030581587482752897 and parameters: {'min_abs_corr': 0.04122510521055354, 'max_pair_corr': 0.9738854698000488, 'iterations': 1856, 'learning_rate': 0.042995034122206795, 'depth': 5, 'l2_leaf_reg': 3.481837466696762, 'subsample': 0.5353881802848045, 'rsm': 0.9108902068323396, 'bagging_temperature': 0.44110663785396176}. Best is trial 431 with value: 0.028803817637518454.
[I 2025-08-01 16:22:00,610] Trial 897 finished with value: 0.03017348785006486 and parameters: {'min_abs_corr': 0.04845204370216582, 'max_pair_corr': 0.9809232435933107, 'iterations': 1932, 'learning_rate': 0.023417599904463585, 'depth': 4, 'l2_leaf_reg': 5.773825121862263, 'subsample': 0.5172650788305287, 'rsm': 0.9699026725645095, 'bagging_temperature': 0.410680966271435}. Best is trial 431 with value: 0.028803817637518454.
[I 2025-08-01 16:22:27,077] Trial 898 finished with value: 0.029760333897281433 and parameters: {'min_abs_corr': 0.043521375222875705, 'max_pair_corr': 0.9781419092560169, 'iterations': 1705, 'learning_rate': 0.027993418234382925, 'depth': 5, 'l2_leaf_reg': 4.804401778643858, 'subsample': 0.57486980196907, 'rsm': 0.9500072974808486, 'bagging_temperature': 0.5104570859756431}. Best is trial 431 with value: 0.028803817637518454.
[I 2025-08-01 16:22:59,034] Trial 899 finished with value: 0.030394855197992933 and parameters: {'min_abs_corr': 0.03421387994474595, 'max_pair_corr': 0.9827394672237014, 'iterations': 1903, 'learning_rate': 0.03729378774217828, 'depth': 5, 'l2_leaf_reg': 4.5775522137379765, 'subsample': 0.5617939321095722, 'rsm': 0.9325456216193996, 'bagging_temperature': 0.45408309829526927}. Best is trial 431 with value: 0.028803817637518454.
[I 2025-08-01 16:23:17,656] Trial 900 finished with value: 0.03015330876784783 and parameters: {'min_abs_corr': 0.046250696182797174, 'max_pair_corr': 0.9763176404349568, 'iterations': 1829, 'learning_rate': 0.04846225592481536, 'depth': 4, 'l2_leaf_reg': 2.879448231426542, 'subsample': 0.6543989424879176, 'rsm': 0.9218656733399863, 'bagging_temperature': 0.6909266331912465}. Best is trial 431 with value: 0.028803817637518454.
[I 2025-08-01 16:23:36,437] Trial 901 finished with value: 0.030255301498555237 and parameters: {'min_abs_corr': 0.03647204901816545, 'max_pair_corr': 0.9798142436064021, 'iterations': 1796, 'learning_rate': 0.03102349424996833, 'depth': 4, 'l2_leaf_reg': 3.025233264251666, 'subsample': 0.5856993349680982, 'rsm': 0.8969609006679595, 'bagging_temperature': 0.5387097039449805}. Best is trial 431 with value: 0.028803817637518454.
[I 2025-08-01 16:24:09,939] Trial 902 finished with value: 0.03085434897583138 and parameters: {'min_abs_corr': 0.052281745688414316, 'max_pair_corr': 0.9853104786828226, 'iterations': 1946, 'learning_rate': 0.033705291331158925, 'depth': 5, 'l2_leaf_reg': 3.199354349738197, 'subsample': 0.5451174490720421, 'rsm': 0.9361036713027909, 'bagging_temperature': 0.4248191326858687}. Best is trial 431 with value: 0.028803817637518454.
[I 2025-08-01 16:24:29,811] Trial 903 finished with value: 0.030205115925761472 and parameters: {'min_abs_corr': 0.03996384415785249, 'max_pair_corr': 0.9820345258233965, 'iterations': 1861, 'learning_rate': 0.024861742708561663, 'depth': 4, 'l2_leaf_reg': 1.5084099639723143, 'subsample': 0.5098185496670438, 'rsm': 0.9122271825279006, 'bagging_temperature': 0.38235598650388647}. Best is trial 431 with value: 0.028803817637518454.
[I 2025-08-01 16:24:40,864] Trial 904 finished with value: 0.030788459617795277 and parameters: {'min_abs_corr': 0.0499113186600587, 'max_pair_corr': 0.9785397182524468, 'iterations': 693, 'learning_rate': 0.039886005029363306, 'depth': 5, 'l2_leaf_reg': 5.121948161707872, 'subsample': 0.5275990628591956, 'rsm': 0.8811933744558531, 'bagging_temperature': 0.4837047151035164}. Best is trial 431 with value: 0.028803817637518454.
[I 2025-08-01 16:29:20,466] Trial 905 finished with value: 0.03417637749417966 and parameters: {'min_abs_corr': 0.043927920180942076, 'max_pair_corr': 0.9838446730537206, 'iterations': 1101, 'learning_rate': 0.05445458441692294, 'depth': 10, 'l2_leaf_reg': 5.9526177262147835, 'subsample': 0.5159804052805194, 'rsm': 0.9553687165537679, 'bagging_temperature': 0.4372989627704536}. Best is trial 431 with value: 0.028803817637518454.
[I 2025-08-01 16:29:33,067] Trial 906 finished with value: 0.03054645688813896 and parameters: {'min_abs_corr': 0.0473266778191145, 'max_pair_corr': 0.9808166055302523, 'iterations': 1187, 'learning_rate': 0.03175038621199327, 'depth': 4, 'l2_leaf_reg': 5.586966383275634, 'subsample': 0.5248913654279713, 'rsm': 0.9241163632803209, 'bagging_temperature': 0.4710127784322892}. Best is trial 431 with value: 0.028803817637518454.
[I 2025-08-01 16:29:59,972] Trial 907 finished with value: 0.030643130399948648 and parameters: {'min_abs_corr': 0.042076962449373555, 'max_pair_corr': 0.9766007534112048, 'iterations': 1741, 'learning_rate': 0.044380992371026516, 'depth': 5, 'l2_leaf_reg': 4.896216987943505, 'subsample': 0.5090421010436863, 'rsm': 0.904766394210741, 'bagging_temperature': 0.40178735648452424}. Best is trial 431 with value: 0.028803817637518454.
