[I 2025-08-01 16:50:27,655] Trial 958 finished with value: 0.03146076974918165 and parameters: {'min_abs_corr': 0.05458671240454256, 'max_pair_corr': 0.9727346973435832, 'iterations': 1802, 'learning_rate': 0.048026591911642255, 'depth': 5, 'l2_leaf_reg': 3.524859282049079, 'subsample': 0.5876683396939422, 'rsm': 0.9081363556376437, 'bagging_temperature': 0.45194799303241995}. Best is trial 431 with value: 0.028803817637518454.
[I 2025-08-01 16:51:00,040] Trial 959 finished with value: 0.030110008183461868 and parameters: {'min_abs_corr': 0.041415186640578486, 'max_pair_corr': 0.9826153786040226, 'iterations': 1978, 'learning_rate': 0.025006244703832944, 'depth': 5, 'l2_leaf_reg': 3.05216162877344, 'subsample': 0.6223125827209949, 'rsm': 0.9433640774553175, 'bagging_temperature': 0.5117757556529804}. Best is trial 431 with value: 0.028803817637518454.
[I 2025-08-01 16:51:24,752] Trial 960 finished with value: 0.030272507981012452 and parameters: {'min_abs_corr': 0.051811282253451954, 'max_pair_corr': 0.9798593532051322, 'iterations': 1571, 'learning_rate': 0.020642374562009826, 'depth': 5, 'l2_leaf_reg': 4.436811927024472, 'subsample': 0.6445803208111204, 'rsm': 0.8877033833493719, 'bagging_temperature': 0.4412512626201921}. Best is trial 431 with value: 0.028803817637518454.
[I 2025-08-01 16:51:57,804] Trial 961 finished with value: 0.03071513538152429 and parameters: {'min_abs_corr': 0.04903553393591481, 'max_pair_corr': 0.9866109344397256, 'iterations': 1917, 'learning_rate': 0.059539418645112356, 'depth': 5, 'l2_leaf_reg': 1.6426999906587119, 'subsample': 0.7760009081215136, 'rsm': 0.9274247152537158, 'bagging_temperature': 0.5338866154237564}. Best is trial 431 with value: 0.028803817637518454.
[I 2025-08-01 16:52:26,598] Trial 962 finished with value: 0.031039786307893176 and parameters: {'min_abs_corr': 0.039994256781261006, 'max_pair_corr': 0.9770525479378548, 'iterations': 1849, 'learning_rate': 0.10580396051210178, 'depth': 5, 'l2_leaf_reg': 6.565644240673075, 'subsample': 0.5770944926458879, 'rsm': 0.9149966911590717, 'bagging_temperature': 0.4629305974983218}. Best is trial 431 with value: 0.028803817637518454.
[I 2025-08-01 16:52:55,886] Trial 963 finished with value: 0.029869480450008746 and parameters: {'min_abs_corr': 0.03518768474301123, 'max_pair_corr': 0.9818735954141306, 'iterations': 1770, 'learning_rate': 0.03244496025141196, 'depth': 5, 'l2_leaf_reg': 8.609869906874035, 'subsample': 0.6755296680983229, 'rsm': 0.948110495285464, 'bagging_temperature': 0.5976102941334858}. Best is trial 431 with value: 0.028803817637518454.
[I 2025-08-01 16:53:25,892] Trial 964 finished with value: 0.030026810516995385 and parameters: {'min_abs_corr': 0.05101538649572813, 'max_pair_corr': 0.9803782388939635, 'iterations': 1902, 'learning_rate': 0.028683188589850934, 'depth': 5, 'l2_leaf_reg': 3.3384906514784296, 'subsample': 0.5705721682770006, 'rsm': 0.9017833049978028, 'bagging_temperature': 0.6527987054975019}. Best is trial 431 with value: 0.028803817637518454.
[I 2025-08-01 16:53:55,370] Trial 965 finished with value: 0.030004451346831294 and parameters: {'min_abs_corr': 0.04851883948960828, 'max_pair_corr': 0.9848852746449137, 'iterations': 1715, 'learning_rate': 0.04636311582689438, 'depth': 5, 'l2_leaf_reg': 2.713045101885743, 'subsample': 0.7918600280680689, 'rsm': 0.9358550438779877, 'bagging_temperature': 0.5071265176094676}. Best is trial 431 with value: 0.028803817637518454.
[I 2025-08-01 16:54:44,110] Trial 966 finished with value: 0.029838639526539597 and parameters: {'min_abs_corr': 0.03819113804695855, 'max_pair_corr': 0.9786725376151887, 'iterations': 1942, 'learning_rate': 0.034074177431812284, 'depth': 6, 'l2_leaf_reg': 4.744501384710587, 'subsample': 0.6099717679589414, 'rsm': 0.9167478965556103, 'bagging_temperature': 0.47926486985034117}. Best is trial 431 with value: 0.028803817637518454.
[I 2025-08-01 16:55:02,160] Trial 967 finished with value: 0.030159209515095688 and parameters: {'min_abs_corr': 0.013840052353667344, 'max_pair_corr': 0.9700468427688709, 'iterations': 1804, 'learning_rate': 0.05338122513397265, 'depth': 5, 'l2_leaf_reg': 3.6386982975086193, 'subsample': 0.5539930873032008, 'rsm': 0.40599363998782095, 'bagging_temperature': 0.5741202068461596}. Best is trial 431 with value: 0.028803817637518454.
[I 2025-08-01 16:55:28,405] Trial 968 finished with value: 0.030206972754006578 and parameters: {'min_abs_corr': 0.053304328959849885, 'max_pair_corr': 0.9753767424366273, 'iterations': 1742, 'learning_rate': 0.024079656148257647, 'depth': 5, 'l2_leaf_reg': 4.237725893610159, 'subsample': 0.5851077933238017, 'rsm': 0.9265210607826044, 'bagging_temperature': 0.4451133887542921}. Best is trial 431 with value: 0.028803817637518454.
[I 2025-08-01 16:56:00,780] Trial 969 finished with value: 0.029536921690305536 and parameters: {'min_abs_corr': 0.03315034456804969, 'max_pair_corr': 0.9826580119025805, 'iterations': 1973, 'learning_rate': 0.030507021239488702, 'depth': 5, 'l2_leaf_reg': 4.070836766960742, 'subsample': 0.594456232126621, 'rsm': 0.8826951789977603, 'bagging_temperature': 0.47902935608290054}. Best is trial 431 with value: 0.028803817637518454.
[I 2025-08-01 16:56:40,694] Trial 970 finished with value: 0.030691893768994033 and parameters: {'min_abs_corr': 0.06625436431760778, 'max_pair_corr': 0.945798727225143, 'iterations': 1869, 'learning_rate': 0.043275706700450764, 'depth': 6, 'l2_leaf_reg': 2.950007795871884, 'subsample': 0.5481147342852977, 'rsm': 0.9029294345332068, 'bagging_temperature': 0.4296097773049859}. Best is trial 431 with value: 0.028803817637518454.
[I 2025-08-01 16:57:08,937] Trial 971 finished with value: 0.02975215555700101 and parameters: {'min_abs_corr': 0.0410447112640211, 'max_pair_corr': 0.9774808334672686, 'iterations': 1821, 'learning_rate': 0.03678376777430822, 'depth': 5, 'l2_leaf_reg': 3.210678908820752, 'subsample': 0.5585006456182884, 'rsm': 0.9497999607350424, 'bagging_temperature': 0.5324539563278466}. Best is trial 431 with value: 0.028803817637518454.
[I 2025-08-01 16:57:37,365] Trial 972 finished with value: 0.030221845175610617 and parameters: {'min_abs_corr': 0.016430754686147964, 'max_pair_corr': 0.9539387960451715, 'iterations': 1893, 'learning_rate': 0.0404862881815385, 'depth': 5, 'l2_leaf_reg': 3.818215028264214, 'subsample': 0.5681349493642996, 'rsm': 0.9347239775798333, 'bagging_temperature': 0.5569685768585217}. Best is trial 431 with value: 0.028803817637518454.
[I 2025-08-01 16:58:06,856] Trial 973 finished with value: 0.02910691686299241 and parameters: {'min_abs_corr': 0.047422649638591025, 'max_pair_corr': 0.9808701261974277, 'iterations': 1852, 'learning_rate': 0.027168661201443522, 'depth': 5, 'l2_leaf_reg': 4.599844060441617, 'subsample': 0.5439530976035242, 'rsm': 0.9214678789333256, 'bagging_temperature': 0.6166404836199193}. Best is trial 431 with value: 0.028803817637518454.
[I 2025-08-01 16:58:37,569] Trial 974 finished with value: 0.02994513911469664 and parameters: {'min_abs_corr': 0.04771019087829143, 'max_pair_corr': 0.9834055175630986, 'iterations': 1847, 'learning_rate': 0.0260145648040904, 'depth': 5, 'l2_leaf_reg': 4.636168696222247, 'subsample': 0.558746986689382, 'rsm': 0.9575600582525496, 'bagging_temperature': 0.6150922568440612}. Best is trial 431 with value: 0.028803817637518454.
[I 2025-08-01 16:59:06,423] Trial 975 finished with value: 0.029406401105330583 and parameters: {'min_abs_corr': 0.0500873032276175, 'max_pair_corr': 0.980900505431755, 'iterations': 1824, 'learning_rate': 0.021917165177669132, 'depth': 5, 'l2_leaf_reg': 4.570863720300235, 'subsample': 0.5465997683251169, 'rsm': 0.9715337625499058, 'bagging_temperature': 0.61036357586886}. Best is trial 431 with value: 0.028803817637518454.
[I 2025-08-01 16:59:37,350] Trial 976 finished with value: 0.030026125044612984 and parameters: {'min_abs_corr': 0.04962520447784224, 'max_pair_corr': 0.9852493631193147, 'iterations': 1821, 'learning_rate': 0.016653454000976092, 'depth': 5, 'l2_leaf_reg': 4.396333225501804, 'subsample': 0.5417549845337045, 'rsm': 0.9751584549343428, 'bagging_temperature': 0.646165226632495}. Best is trial 431 with value: 0.028803817637518454.
[I 2025-08-01 17:00:06,328] Trial 977 finished with value: 0.03012712144482484 and parameters: {'min_abs_corr': 0.05079239667914764, 'max_pair_corr': 0.9817489743502227, 'iterations': 1800, 'learning_rate': 0.01978896013035467, 'depth': 5, 'l2_leaf_reg': 4.556612353825853, 'subsample': 0.7810065470423205, 'rsm': 0.9897420941208736, 'bagging_temperature': 0.6209150366248148}. Best is trial 431 with value: 0.028803817637518454.
[I 2025-08-01 17:00:37,562] Trial 978 finished with value: 0.03018816007481951 and parameters: {'min_abs_corr': 0.05254034994874735, 'max_pair_corr': 0.9831678210432945, 'iterations': 1836, 'learning_rate': 0.020622584344857673, 'depth': 5, 'l2_leaf_reg': 4.49904834235717, 'subsample': 0.5463331310710797, 'rsm': 0.9456898848713747, 'bagging_temperature': 0.6702303980577269}. Best is trial 431 with value: 0.028803817637518454.
[I 2025-08-01 17:01:06,162] Trial 979 finished with value: 0.030056912172575105 and parameters: {'min_abs_corr': 0.054400801936353625, 'max_pair_corr': 0.9812065393053956, 'iterations': 1791, 'learning_rate': 0.021744964895391777, 'depth': 5, 'l2_leaf_reg': 4.710905436831109, 'subsample': 0.5454514592984312, 'rsm': 0.9665595285527179, 'bagging_temperature': 0.6036334930645537}. Best is trial 431 with value: 0.028803817637518454.
[I 2025-08-01 17:01:36,586] Trial 980 finished with value: 0.029155689287164506 and parameters: {'min_abs_corr': 0.05004822490697398, 'max_pair_corr': 0.9839049396619115, 'iterations': 1853, 'learning_rate': 0.017643417174988952, 'depth': 5, 'l2_leaf_reg': 4.478922249264285, 'subsample': 0.5527640870662784, 'rsm': 0.9874651375954765, 'bagging_temperature': 0.6412383152922808}. Best is trial 431 with value: 0.028803817637518454.
[I 2025-08-01 17:02:08,764] Trial 981 finished with value: 0.03015797187771463 and parameters: {'min_abs_corr': 0.050668634106560737, 'max_pair_corr': 0.9878725298654564, 'iterations': 1881, 'learning_rate': 0.015651393165346257, 'depth': 5, 'l2_leaf_reg': 4.384439143780385, 'subsample': 0.5407796674998764, 'rsm': 0.964265672312585, 'bagging_temperature': 0.6348325061516923}. Best is trial 431 with value: 0.028803817637518454.
[I 2025-08-01 17:02:39,686] Trial 982 finished with value: 0.030029879842980844 and parameters: {'min_abs_corr': 0.05200887040789586, 'max_pair_corr': 0.9871496869149675, 'iterations': 1856, 'learning_rate': 0.01735270564180773, 'depth': 5, 'l2_leaf_reg': 4.483701126121921, 'subsample': 0.5484599240200742, 'rsm': 0.9960487563592904, 'bagging_temperature': 0.646714437614084}. Best is trial 431 with value: 0.028803817637518454.
[I 2025-08-01 17:03:10,952] Trial 983 finished with value: 0.030751666259128625 and parameters: {'min_abs_corr': 0.049910655177577215, 'max_pair_corr': 0.9862582391413607, 'iterations': 1860, 'learning_rate': 0.018467051536152305, 'depth': 5, 'l2_leaf_reg': 4.377128967207106, 'subsample': 0.5366650917573551, 'rsm': 0.9832692323826564, 'bagging_temperature': 0.6807978377364681}. Best is trial 431 with value: 0.028803817637518454.
[I 2025-08-01 17:03:41,998] Trial 984 finished with value: 0.03029148819550196 and parameters: {'min_abs_corr': 0.048972539264291036, 'max_pair_corr': 0.9846813500617665, 'iterations': 1857, 'learning_rate': 0.018818602809360294, 'depth': 5, 'l2_leaf_reg': 4.55149287196459, 'subsample': 0.5386816729626106, 'rsm': 0.9883111007233932, 'bagging_temperature': 0.6266888173498543}. Best is trial 431 with value: 0.028803817637518454.
[I 2025-08-01 17:04:12,187] Trial 985 finished with value: 0.029984831384433537 and parameters: {'min_abs_corr': 0.05279411196700299, 'max_pair_corr': 0.9846831155634727, 'iterations': 1821, 'learning_rate': 0.015312252138562608, 'depth': 5, 'l2_leaf_reg': 4.762509054086058, 'subsample': 0.5513379794950009, 'rsm': 0.9992025815884349, 'bagging_temperature': 0.6584602568246013}. Best is trial 431 with value: 0.028803817637518454.
[I 2025-08-01 17:04:44,155] Trial 986 finished with value: 0.030215270444857084 and parameters: {'min_abs_corr': 0.051000238723094386, 'max_pair_corr': 0.9887294118919869, 'iterations': 1839, 'learning_rate': 0.013648538191075015, 'depth': 5, 'l2_leaf_reg': 4.279575926360343, 'subsample': 0.7495967027781263, 'rsm': 0.9794295352800769, 'bagging_temperature': 0.69290819037077}. Best is trial 431 with value: 0.028803817637518454.
[I 2025-08-01 17:05:13,572] Trial 987 finished with value: 0.029905072015239786 and parameters: {'min_abs_corr': 0.05563255151024479, 'max_pair_corr': 0.9839423105683288, 'iterations': 1867, 'learning_rate': 0.02255820198466452, 'depth': 5, 'l2_leaf_reg': 4.636902393983065, 'subsample': 0.531269723174883, 'rsm': 0.9972073269124724, 'bagging_temperature': 0.6256118327485523}. Best is trial 431 with value: 0.028803817637518454.
[I 2025-08-01 17:05:44,284] Trial 988 finished with value: 0.030002680053467224 and parameters: {'min_abs_corr': 0.04801819164836516, 'max_pair_corr': 0.9867187881429605, 'iterations': 1816, 'learning_rate': 0.017275194196840718, 'depth': 5, 'l2_leaf_reg': 4.859968889239953, 'subsample': 0.54519380732893, 'rsm': 0.9758382359584917, 'bagging_temperature': 0.6396656594270311}. Best is trial 431 with value: 0.028803817637518454.
[I 2025-08-01 17:06:13,245] Trial 989 finished with value: 0.02951594992149078 and parameters: {'min_abs_corr': 0.04998275526088425, 'max_pair_corr': 0.9836857983435561, 'iterations': 1772, 'learning_rate': 0.019553398058456222, 'depth': 5, 'l2_leaf_reg': 4.494247412665981, 'subsample': 0.5527361734227026, 'rsm': 0.9849030174082807, 'bagging_temperature': 0.6655318774999267}. Best is trial 431 with value: 0.028803817637518454.
[I 2025-08-01 17:06:44,499] Trial 990 finished with value: 0.03008923209244425 and parameters: {'min_abs_corr': 0.052693196876366456, 'max_pair_corr': 0.9856603966645501, 'iterations': 1874, 'learning_rate': 0.021177454401949902, 'depth': 5, 'l2_leaf_reg': 4.62920507531399, 'subsample': 0.5367515091997613, 'rsm': 0.9875297896144277, 'bagging_temperature': 0.6255532058220731}. Best is trial 431 with value: 0.028803817637518454.
[I 2025-08-01 17:07:12,244] Trial 991 finished with value: 0.03004461088848261 and parameters: {'min_abs_corr': 0.058081230938655595, 'max_pair_corr': 0.9824275241128128, 'iterations': 1830, 'learning_rate': 0.015970787035278832, 'depth': 5, 'l2_leaf_reg': 4.267458109922391, 'subsample': 0.5294923783429203, 'rsm': 0.9852018241192492, 'bagging_temperature': 0.6100669922605935}. Best is trial 431 with value: 0.028803817637518454.
[I 2025-08-01 17:07:41,857] Trial 992 finished with value: 0.030740616602764302 and parameters: {'min_abs_corr': 0.0543007869057169, 'max_pair_corr': 0.9817562310013156, 'iterations': 1869, 'learning_rate': 0.019164227864013655, 'depth': 5, 'l2_leaf_reg': 4.855699764556971, 'subsample': 0.5547579799712393, 'rsm': 0.9464102601790891, 'bagging_temperature': 0.7146094038900956}. Best is trial 431 with value: 0.028803817637518454.
[I 2025-08-01 17:08:11,425] Trial 993 finished with value: 0.03000765182927879 and parameters: {'min_abs_corr': 0.04824813660193268, 'max_pair_corr': 0.9842068154183486, 'iterations': 1793, 'learning_rate': 0.022457337915685632, 'depth': 5, 'l2_leaf_reg': 4.757373147260788, 'subsample': 0.53016845048551, 'rsm': 0.9818091442699813, 'bagging_temperature': 0.653336714693107}. Best is trial 431 with value: 0.028803817637518454.
[I 2025-08-01 17:08:40,987] Trial 994 finished with value: 0.030389561833886674 and parameters: {'min_abs_corr': 0.04757939419250615, 'max_pair_corr': 0.981005383196036, 'iterations': 1832, 'learning_rate': 0.010818612274479096, 'depth': 5, 'l2_leaf_reg': 4.523207970018182, 'subsample': 0.54133499088122, 'rsm': 0.9701983262700999, 'bagging_temperature': 0.688246564784392}. Best is trial 431 with value: 0.028803817637518454.
[I 2025-08-01 17:09:12,670] Trial 995 finished with value: 0.03020413586625651 and parameters: {'min_abs_corr': 0.05053559111737722, 'max_pair_corr': 0.9861996226990213, 'iterations': 1888, 'learning_rate': 0.014426674390271052, 'depth': 5, 'l2_leaf_reg': 4.321275357912684, 'subsample': 0.5276680283118924, 'rsm': 0.979177282121506, 'bagging_temperature': 0.6051830549746882}. Best is trial 431 with value: 0.028803817637518454.
[I 2025-08-01 17:09:40,984] Trial 996 finished with value: 0.030199915493867146 and parameters: {'min_abs_corr': 0.046670502529037476, 'max_pair_corr': 0.9826478984308961, 'iterations': 1761, 'learning_rate': 0.016376782365632222, 'depth': 5, 'l2_leaf_reg': 4.794686618564911, 'subsample': 0.5232639340781577, 'rsm': 0.9735067273741448, 'bagging_temperature': 0.6244386316594495}. Best is trial 431 with value: 0.028803817637518454.
[I 2025-08-01 17:10:09,992] Trial 997 finished with value: 0.02977219392759576 and parameters: {'min_abs_corr': 0.05180162724872364, 'max_pair_corr': 0.9805213049416316, 'iterations': 1856, 'learning_rate': 0.019354798664768903, 'depth': 5, 'l2_leaf_reg': 4.159358969539795, 'subsample': 0.5535949195711739, 'rsm': 0.9721469663296962, 'bagging_temperature': 0.768109091255322}. Best is trial 431 with value: 0.028803817637518454.
[I 2025-08-01 17:10:39,593] Trial 998 finished with value: 0.02992454110260962 and parameters: {'min_abs_corr': 0.04920442509794688, 'max_pair_corr': 0.9833381490579132, 'iterations': 1798, 'learning_rate': 0.021785352625074653, 'depth': 5, 'l2_leaf_reg': 4.5918780643273145, 'subsample': 0.53789276198067, 'rsm': 0.9710204188756024, 'bagging_temperature': 0.6448597252743766}. Best is trial 431 with value: 0.028803817637518454.
[I 2025-08-01 17:11:10,008] Trial 999 finished with value: 0.030234392265832348 and parameters: {'min_abs_corr': 0.0546530281886101, 'max_pair_corr': 0.9878262867304763, 'iterations': 1836, 'learning_rate': 0.025280424100301194, 'depth': 5, 'l2_leaf_reg': 4.852503270163422, 'subsample': 0.6698625109178764, 'rsm': 0.9839022764368892, 'bagging_temperature': 0.6455331784975499}. Best is trial 431 with value: 0.028803817637518454.
Best 5-fold MAE: 0.028803817637518454

Best hyper-parameters:
  min_abs_corr: 0.045961078085801015
  max_pair_corr: 0.984116338014203
  iterations: 1945
  learning_rate: 0.04210917073435799
  depth: 5
  l2_leaf_reg: 3.3589050636381215
  subsample: 0.5755135995102634
  rsm: 0.9211613562010944
  bagging_temperature: 0.7092317139361574

Final feature count: 108