[I 2025-08-01 12:53:54,133] Trial 458 finished with value: 0.029995701434711485 and parameters: {'min_abs_corr': 0.02922106145698707, 'max_pair_corr': 0.9772855507179548, 'iterations': 1948, 'learning_rate': 0.038932385556070426, 'depth': 4, 'l2_leaf_reg': 3.2176390881166212, 'subsample': 0.5289896773423557, 'rsm': 0.7863796349417488, 'bagging_temperature': 0.3919755358581958}. Best is trial 431 with value: 0.028803817637518454.
[I 2025-08-01 12:54:24,731] Trial 459 finished with value: 0.030279936329568012 and parameters: {'min_abs_corr': 0.04302831150828326, 'max_pair_corr': 0.9809521905379875, 'iterations': 1880, 'learning_rate': 0.030907437298229055, 'depth': 5, 'l2_leaf_reg': 3.73090371112639, 'subsample': 0.609125982995779, 'rsm': 0.8992631805725552, 'bagging_temperature': 0.47942635866248623}. Best is trial 431 with value: 0.028803817637518454.
[I 2025-08-01 12:55:06,182] Trial 460 finished with value: 0.030377690171452136 and parameters: {'min_abs_corr': 0.054487880519974934, 'max_pair_corr': 0.9826955697049164, 'iterations': 1668, 'learning_rate': 0.020019317302776635, 'depth': 6, 'l2_leaf_reg': 2.201710948433939, 'subsample': 0.5612257602365985, 'rsm': 0.8801982642779473, 'bagging_temperature': 0.529341106284306}. Best is trial 431 with value: 0.028803817637518454.
[I 2025-08-01 12:55:22,460] Trial 461 finished with value: 0.03016076437750078 and parameters: {'min_abs_corr': 0.03939233949878096, 'max_pair_corr': 0.9785318161385494, 'iterations': 1830, 'learning_rate': 0.04648171374404803, 'depth': 4, 'l2_leaf_reg': 5.703529432527676, 'subsample': 0.8326475954431596, 'rsm': 0.6455150179548782, 'bagging_temperature': 0.633568829771008}. Best is trial 431 with value: 0.028803817637518454.
[I 2025-08-01 12:55:37,294] Trial 462 finished with value: 0.041317916983618926 and parameters: {'min_abs_corr': 0.031446928657503294, 'max_pair_corr': 0.9852546265503546, 'iterations': 1941, 'learning_rate': 0.0029042656111354643, 'depth': 3, 'l2_leaf_reg': 4.612406933623173, 'subsample': 0.5960340925351125, 'rsm': 0.927635014878537, 'bagging_temperature': 0.4145316004404358}. Best is trial 431 with value: 0.028803817637518454.
[I 2025-08-01 12:55:58,571] Trial 463 finished with value: 0.029976123913124465 and parameters: {'min_abs_corr': 0.050453122679845516, 'max_pair_corr': 0.981332353370406, 'iterations': 2000, 'learning_rate': 0.02470678472190047, 'depth': 4, 'l2_leaf_reg': 4.9277002140450525, 'subsample': 0.579383740696736, 'rsm': 0.9597565731532074, 'bagging_temperature': 0.4526094833999103}. Best is trial 431 with value: 0.028803817637518454.
[I 2025-08-01 12:56:11,463] Trial 464 finished with value: 0.030674122734233023 and parameters: {'min_abs_corr': 0.026583455160069665, 'max_pair_corr': 0.979822553869165, 'iterations': 793, 'learning_rate': 0.03494451706274473, 'depth': 5, 'l2_leaf_reg': 4.113785545158025, 'subsample': 0.6178916367072704, 'rsm': 0.8480322857441499, 'bagging_temperature': 0.5000781175882812}. Best is trial 431 with value: 0.028803817637518454.
[I 2025-08-01 12:56:31,766] Trial 465 finished with value: 0.030177940606535385 and parameters: {'min_abs_corr': 0.039842745798349594, 'max_pair_corr': 0.9874838539701382, 'iterations': 1795, 'learning_rate': 0.04089658102390396, 'depth': 4, 'l2_leaf_reg': 3.3447290590146608, 'subsample': 0.645899628823556, 'rsm': 0.9371131168429124, 'bagging_temperature': 0.43828847802718407}. Best is trial 431 with value: 0.028803817637518454.
[I 2025-08-01 12:56:59,336] Trial 466 finished with value: 0.030635011822149512 and parameters: {'min_abs_corr': 0.04677018526235675, 'max_pair_corr': 0.9630523797914554, 'iterations': 1894, 'learning_rate': 0.017082089792614562, 'depth': 5, 'l2_leaf_reg': 1.4897957815598861, 'subsample': 0.5485082185419835, 'rsm': 0.9109563160400612, 'bagging_temperature': 0.46676905998014295}. Best is trial 431 with value: 0.028803817637518454.
[I 2025-08-01 12:57:21,147] Trial 467 finished with value: 0.029972984917097767 and parameters: {'min_abs_corr': 0.029951983231888385, 'max_pair_corr': 0.9839548774396747, 'iterations': 1968, 'learning_rate': 0.028216331229146897, 'depth': 4, 'l2_leaf_reg': 3.8941274304092555, 'subsample': 0.5355137271763719, 'rsm': 0.8654184143660623, 'bagging_temperature': 0.4071704443525894}. Best is trial 431 with value: 0.028803817637518454.
[I 2025-08-01 12:57:49,769] Trial 468 finished with value: 0.030095749321758687 and parameters: {'min_abs_corr': 0.041499571798663634, 'max_pair_corr': 0.9769268938520004, 'iterations': 1843, 'learning_rate': 0.03154078204364219, 'depth': 5, 'l2_leaf_reg': 3.6387046897326525, 'subsample': 0.5865930315373166, 'rsm': 0.892974490832034, 'bagging_temperature': 0.4868470732558323}. Best is trial 431 with value: 0.028803817637518454.
[I 2025-08-01 12:59:24,459] Trial 469 finished with value: 0.031839881452030414 and parameters: {'min_abs_corr': 0.04777413673861475, 'max_pair_corr': 0.9823310459353796, 'iterations': 1290, 'learning_rate': 0.024723162502481747, 'depth': 8, 'l2_leaf_reg': 5.21634917763208, 'subsample': 0.5224150632191262, 'rsm': 0.8128981182927401, 'bagging_temperature': 0.5220832219129021}. Best is trial 431 with value: 0.028803817637518454.
[I 2025-08-01 12:59:37,657] Trial 470 finished with value: 0.030461136045948932 and parameters: {'min_abs_corr': 0.04573307921099635, 'max_pair_corr': 0.9789992513829141, 'iterations': 1910, 'learning_rate': 0.05001273491558868, 'depth': 3, 'l2_leaf_reg': 4.819330598181123, 'subsample': 0.5105463780924215, 'rsm': 0.91403316233302, 'bagging_temperature': 0.4509336376071101}. Best is trial 431 with value: 0.028803817637518454.
[I 2025-08-01 12:59:59,200] Trial 471 finished with value: 0.030069020663430257 and parameters: {'min_abs_corr': 0.02149593515508203, 'max_pair_corr': 0.9848612883756057, 'iterations': 1869, 'learning_rate': 0.03628020127337397, 'depth': 4, 'l2_leaf_reg': 4.434890002984044, 'subsample': 0.5686520891400462, 'rsm': 0.9269910666702135, 'bagging_temperature': 0.3771576138404848}. Best is trial 431 with value: 0.028803817637518454.
[I 2025-08-01 13:00:27,554] Trial 472 finished with value: 0.030286603020421597 and parameters: {'min_abs_corr': 0.04920367786541879, 'max_pair_corr': 0.9805888255865672, 'iterations': 1771, 'learning_rate': 0.02150092941625261, 'depth': 5, 'l2_leaf_reg': 3.5680868146402034, 'subsample': 0.6017858497357478, 'rsm': 0.8758794688201262, 'bagging_temperature': 0.32993685959566416}. Best is trial 431 with value: 0.028803817637518454.
[I 2025-08-01 13:00:47,645] Trial 473 finished with value: 0.03011028028506848 and parameters: {'min_abs_corr': 0.03718011512283116, 'max_pair_corr': 0.9750356233196212, 'iterations': 1948, 'learning_rate': 0.04219843167537321, 'depth': 4, 'l2_leaf_reg': 2.997766762866287, 'subsample': 0.5784769362465322, 'rsm': 0.902081788525062, 'bagging_temperature': 0.5054756937621907}. Best is trial 431 with value: 0.028803817637518454.
[I 2025-08-01 13:01:07,439] Trial 474 finished with value: 0.029878923835715988 and parameters: {'min_abs_corr': 0.033008702465019135, 'max_pair_corr': 0.9820219945487213, 'iterations': 1818, 'learning_rate': 0.028770815522383055, 'depth': 4, 'l2_leaf_reg': 5.510349110530586, 'subsample': 0.5488181566185467, 'rsm': 0.9391476037993106, 'bagging_temperature': 0.6172742041235826}. Best is trial 431 with value: 0.028803817637518454.
[I 2025-08-01 13:01:37,611] Trial 475 finished with value: 0.030403340329577876 and parameters: {'min_abs_corr': 0.028001688888836192, 'max_pair_corr': 0.9864907778788352, 'iterations': 1739, 'learning_rate': 0.03311668266042265, 'depth': 5, 'l2_leaf_reg': 4.3091001534124524, 'subsample': 0.5603170369524554, 'rsm': 0.9799671255135868, 'bagging_temperature': 0.4265249894693714}. Best is trial 431 with value: 0.028803817637518454.
[I 2025-08-01 13:01:58,683] Trial 476 finished with value: 0.029854547503542012 and parameters: {'min_abs_corr': 0.04350848131958868, 'max_pair_corr': 0.9835478645033532, 'iterations': 1927, 'learning_rate': 0.0262809257194051, 'depth': 4, 'l2_leaf_reg': 6.29299340543898, 'subsample': 0.5365602626965801, 'rsm': 0.9163772036469017, 'bagging_temperature': 0.6625309528404107}. Best is trial 431 with value: 0.028803817637518454.
[I 2025-08-01 13:02:28,984] Trial 477 finished with value: 0.030327825559523663 and parameters: {'min_abs_corr': 0.03861724748302666, 'max_pair_corr': 0.978140480371262, 'iterations': 1962, 'learning_rate': 0.03876141569700062, 'depth': 5, 'l2_leaf_reg': 4.0292141547563975, 'subsample': 0.5891369065303823, 'rsm': 0.8906821093116098, 'bagging_temperature': 0.7411771521846475}. Best is trial 431 with value: 0.028803817637518454.
[I 2025-08-01 13:02:50,419] Trial 478 finished with value: 0.030359206146689993 and parameters: {'min_abs_corr': 0.031168195295462112, 'max_pair_corr': 0.9885375586529916, 'iterations': 1879, 'learning_rate': 0.022108091171299554, 'depth': 4, 'l2_leaf_reg': 3.3805372404843212, 'subsample': 0.5249017616531368, 'rsm': 0.8526000825367877, 'bagging_temperature': 0.4627848432678774}. Best is trial 431 with value: 0.028803817637518454.
[I 2025-08-01 13:03:21,399] Trial 479 finished with value: 0.0305810398634219 and parameters: {'min_abs_corr': 0.04545483812179429, 'max_pair_corr': 0.9799227515335395, 'iterations': 1967, 'learning_rate': 0.03157284480042163, 'depth': 5, 'l2_leaf_reg': 3.8020567489667463, 'subsample': 0.6206444104360891, 'rsm': 0.9050999873857862, 'bagging_temperature': 0.43473870364566297}. Best is trial 431 with value: 0.028803817637518454.
[I 2025-08-01 13:03:41,921] Trial 480 finished with value: 0.030791172000005817 and parameters: {'min_abs_corr': 0.025300454838116024, 'max_pair_corr': 0.9856781064776428, 'iterations': 1843, 'learning_rate': 0.04471510642488001, 'depth': 4, 'l2_leaf_reg': 6.04620113444169, 'subsample': 0.9042795332057636, 'rsm': 0.8343131942441865, 'bagging_temperature': 0.5446772302751398}. Best is trial 431 with value: 0.028803817637518454.
[I 2025-08-01 13:04:01,183] Trial 481 finished with value: 0.029224487335887527 and parameters: {'min_abs_corr': 0.051759322937985956, 'max_pair_corr': 0.976680558600801, 'iterations': 1905, 'learning_rate': 0.026930639637572994, 'depth': 4, 'l2_leaf_reg': 4.593969857512556, 'subsample': 0.5118806212517576, 'rsm': 0.9276479384175839, 'bagging_temperature': 0.48232940995409296}. Best is trial 431 with value: 0.028803817637518454.
[I 2025-08-01 13:04:30,646] Trial 482 finished with value: 0.02958816036694572 and parameters: {'min_abs_corr': 0.05154642847658044, 'max_pair_corr': 0.9754437702817761, 'iterations': 1924, 'learning_rate': 0.023241202914772482, 'depth': 5, 'l2_leaf_reg': 4.765498195209534, 'subsample': 0.5064302528643289, 'rsm': 0.9476953522665649, 'bagging_temperature': 0.4841856529268667}. Best is trial 431 with value: 0.028803817637518454.
[I 2025-08-01 13:04:59,585] Trial 483 finished with value: 0.030615294805934962 and parameters: {'min_abs_corr': 0.055194274109557226, 'max_pair_corr': 0.971970300337103, 'iterations': 1921, 'learning_rate': 0.01881126470893435, 'depth': 5, 'l2_leaf_reg': 4.760669410561331, 'subsample': 0.5097832244080288, 'rsm': 0.9430727541482593, 'bagging_temperature': 0.5089099347112115}. Best is trial 431 with value: 0.028803817637518454.
[I 2025-08-01 13:05:18,852] Trial 484 finished with value: 0.03022971871561026 and parameters: {'min_abs_corr': 0.057390904943320324, 'max_pair_corr': 0.9742979377230745, 'iterations': 1927, 'learning_rate': 0.023061998728096746, 'depth': 4, 'l2_leaf_reg': 4.895069206744142, 'subsample': 0.5086186649923793, 'rsm': 0.9552009784035653, 'bagging_temperature': 0.48909540526301415}. Best is trial 431 with value: 0.028803817637518454.
[I 2025-08-01 13:06:06,381] Trial 485 finished with value: 0.03022697065477985 and parameters: {'min_abs_corr': 0.05264193302865018, 'max_pair_corr': 0.975806329173926, 'iterations': 1972, 'learning_rate': 0.020202029726817932, 'depth': 6, 'l2_leaf_reg': 4.646331112796495, 'subsample': 0.5021102361808117, 'rsm': 0.9511709517681592, 'bagging_temperature': 0.5085142670662434}. Best is trial 431 with value: 0.028803817637518454.
[I 2025-08-01 13:06:35,061] Trial 486 finished with value: 0.02981374380849729 and parameters: {'min_abs_corr': 0.05190994054323896, 'max_pair_corr': 0.9750587685359129, 'iterations': 1875, 'learning_rate': 0.023610448167908707, 'depth': 5, 'l2_leaf_reg': 5.055480281372307, 'subsample': 0.5012756263671903, 'rsm': 0.9322451837985044, 'bagging_temperature': 0.5223024870546409}. Best is trial 431 with value: 0.028803817637518454.
[I 2025-08-01 13:06:51,287] Trial 487 finished with value: 0.030384447193832043 and parameters: {'min_abs_corr': 0.05133211841842878, 'max_pair_corr': 0.9766001011141335, 'iterations': 1943, 'learning_rate': 0.016340521477919666, 'depth': 4, 'l2_leaf_reg': 4.724481337504841, 'subsample': 0.5113479463070555, 'rsm': 0.617453604512988, 'bagging_temperature': 0.48276688040302507}. Best is trial 431 with value: 0.028803817637518454.
[I 2025-08-01 13:07:10,198] Trial 488 finished with value: 0.03025283064090446 and parameters: {'min_abs_corr': 0.05602496438192669, 'max_pair_corr': 0.9738980737976669, 'iterations': 1917, 'learning_rate': 0.025802908091919038, 'depth': 4, 'l2_leaf_reg': 5.103202004242256, 'subsample': 0.5152380216188859, 'rsm': 0.9293333184132846, 'bagging_temperature': 0.5343491001952233}. Best is trial 431 with value: 0.028803817637518454.
[I 2025-08-01 13:07:38,520] Trial 489 finished with value: 0.03017707820738428 and parameters: {'min_abs_corr': 0.05385633010756726, 'max_pair_corr': 0.9767098868541151, 'iterations': 1893, 'learning_rate': 0.021459431263293166, 'depth': 5, 'l2_leaf_reg': 4.525624034965024, 'subsample': 0.5171510881119115, 'rsm': 0.9411483303676998, 'bagging_temperature': 0.5647927657896104}. Best is trial 431 with value: 0.028803817637518454.
[I 2025-08-01 13:08:08,498] Trial 490 finished with value: 0.030255426568677163 and parameters: {'min_abs_corr': 0.05095943809770437, 'max_pair_corr': 0.9717101084494113, 'iterations': 1999, 'learning_rate': 0.027024820212644348, 'depth': 5, 'l2_leaf_reg': 4.945250995138249, 'subsample': 0.5010854826506334, 'rsm': 0.9289301421454704, 'bagging_temperature': 0.49130957343616277}. Best is trial 431 with value: 0.028803817637518454.
[I 2025-08-01 13:08:26,284] Trial 491 finished with value: 0.04516825797477351 and parameters: {'min_abs_corr': 0.05286406141303746, 'max_pair_corr': 0.9690477040192546, 'iterations': 1839, 'learning_rate': 0.0017659518101997517, 'depth': 4, 'l2_leaf_reg': 4.739897696295357, 'subsample': 0.5146720434479148, 'rsm': 0.9630383698968662, 'bagging_temperature': 0.47745940906619627}. Best is trial 431 with value: 0.028803817637518454.
[I 2025-08-01 13:08:46,157] Trial 492 finished with value: 0.030012747298124365 and parameters: {'min_abs_corr': 0.04878295340020915, 'max_pair_corr': 0.9773232258206636, 'iterations': 1972, 'learning_rate': 0.023950348707314495, 'depth': 4, 'l2_leaf_reg': 5.332532354954476, 'subsample': 0.529892763687438, 'rsm': 0.9214110200767713, 'bagging_temperature': 0.5051037959137373}. Best is trial 431 with value: 0.028803817637518454.
[I 2025-08-01 13:09:04,208] Trial 493 finished with value: 0.0296828075745335 and parameters: {'min_abs_corr': 0.04966052477382185, 'max_pair_corr': 0.9755722594739344, 'iterations': 1791, 'learning_rate': 0.028958401728579716, 'depth': 4, 'l2_leaf_reg': 4.569010985531161, 'subsample': 0.5197880251518077, 'rsm': 0.945739458760525, 'bagging_temperature': 0.6039654096540197}. Best is trial 431 with value: 0.028803817637518454.
[I 2025-08-01 13:09:28,985] Trial 494 finished with value: 0.03044656648664012 and parameters: {'min_abs_corr': 0.01461134177418081, 'max_pair_corr': 0.9219269651670631, 'iterations': 1944, 'learning_rate': 0.019277684410476368, 'depth': 5, 'l2_leaf_reg': 4.91051807104953, 'subsample': 0.5001902627101459, 'rsm': 0.9249295501388166, 'bagging_temperature': 0.5432720737757566}. Best is trial 431 with value: 0.028803817637518454.
[I 2025-08-01 13:09:57,163] Trial 495 finished with value: 0.029929629327811635 and parameters: {'min_abs_corr': 0.048486274377685996, 'max_pair_corr': 0.9738326595659171, 'iterations': 1877, 'learning_rate': 0.02616573263105292, 'depth': 5, 'l2_leaf_reg': 5.271376241097932, 'subsample': 0.525188329389521, 'rsm': 0.9388944504250172, 'bagging_temperature': 0.7026443679379661}. Best is trial 431 with value: 0.028803817637518454.
[I 2025-08-01 13:10:04,982] Trial 496 finished with value: 0.03206458957506101 and parameters: {'min_abs_corr': 0.05402264696830688, 'max_pair_corr': 0.9572445411406921, 'iterations': 856, 'learning_rate': 0.021657116897413193, 'depth': 4, 'l2_leaf_reg': 5.06287946923429, 'subsample': 0.5101727742222043, 'rsm': 0.9122443896005099, 'bagging_temperature': 0.3907347211655532}. Best is trial 431 with value: 0.028803817637518454.
[I 2025-08-01 13:10:23,390] Trial 497 finished with value: 0.03582135035999519 and parameters: {'min_abs_corr': 0.05075816426981839, 'max_pair_corr': 0.9780267187349798, 'iterations': 1814, 'learning_rate': 0.2516390659154432, 'depth': 4, 'l2_leaf_reg': 3.2040779026150266, 'subsample': 0.5186368201784216, 'rsm': 0.9198601704886726, 'bagging_temperature': 0.46048970651651777}. Best is trial 431 with value: 0.028803817637518454.
[I 2025-08-01 13:10:54,752] Trial 498 finished with value: 0.02998404875449414 and parameters: {'min_abs_corr': 0.04702862655374985, 'max_pair_corr': 0.97890890124357, 'iterations': 2000, 'learning_rate': 0.03037338393226508, 'depth': 5, 'l2_leaf_reg': 4.666307910039946, 'subsample': 0.5258030371796397, 'rsm': 0.9385244182143125, 'bagging_temperature': 0.5269288563359975}. Best is trial 431 with value: 0.028803817637518454.
[I 2025-08-01 13:11:03,209] Trial 499 finished with value: 0.03194915361029927 and parameters: {'min_abs_corr': 0.05026401726788093, 'max_pair_corr': 0.9730052179373023, 'iterations': 1911, 'learning_rate': 0.027001185017723438, 'depth': 3, 'l2_leaf_reg': 5.73306364840983, 'subsample': 0.5088286258326632, 'rsm': 0.4196142402300273, 'bagging_temperature': 0.49178177312486127}. Best is trial 431 with value: 0.028803817637518454.
[I 2025-08-01 13:11:23,093] Trial 500 finished with value: 0.029875275570835712 and parameters: {'min_abs_corr': 0.044503505778582614, 'max_pair_corr': 0.97573608643799, 'iterations': 1955, 'learning_rate': 0.02364389345286495, 'depth': 4, 'l2_leaf_reg': 4.473286239837499, 'subsample': 0.6910298311910895, 'rsm': 0.9502479945379481, 'bagging_temperature': 0.41941559294595565}. Best is trial 431 with value: 0.028803817637518454.
[I 2025-08-01 13:11:29,586] Trial 501 finished with value: 0.031076260811553853 and parameters: {'min_abs_corr': 0.053163240463033376, 'max_pair_corr': 0.9778926739385143, 'iterations': 711, 'learning_rate': 0.032767304481324304, 'depth': 4, 'l2_leaf_reg': 4.807456869462488, 'subsample': 0.5338306977052866, 'rsm': 0.7220814017010884, 'bagging_temperature': 0.3640501478770084}. Best is trial 431 with value: 0.028803817637518454.
[I 2025-08-01 13:12:03,586] Trial 502 finished with value: 0.030460163460954714 and parameters: {'min_abs_corr': 0.04858992898546867, 'max_pair_corr': 0.9899626577607119, 'iterations': 1861, 'learning_rate': 0.018532529056463326, 'depth': 5, 'l2_leaf_reg': 3.016484101059631, 'subsample': 0.510598103774871, 'rsm': 0.9313684039786422, 'bagging_temperature': 0.44432762405234394}. Best is trial 431 with value: 0.028803817637518454.
[I 2025-08-01 13:12:21,825] Trial 503 finished with value: 0.029176138195715386 and parameters: {'min_abs_corr': 0.04654667483556412, 'max_pair_corr': 0.9794830698570214, 'iterations': 1768, 'learning_rate': 0.05264810913470683, 'depth': 4, 'l2_leaf_reg': 5.468062887778322, 'subsample': 0.5221745305943095, 'rsm': 0.9128959156004609, 'bagging_temperature': 0.4697235594850938}. Best is trial 431 with value: 0.028803817637518454.
[I 2025-08-01 13:12:39,181] Trial 504 finished with value: 0.03026880039314986 and parameters: {'min_abs_corr': 0.04670396740872474, 'max_pair_corr': 0.9768186794099883, 'iterations': 1723, 'learning_rate': 0.05524662918326768, 'depth': 4, 'l2_leaf_reg': 5.5974608316000625, 'subsample': 0.5251805930126825, 'rsm': 0.9123825612771935, 'bagging_temperature': 0.4777406058756077}. Best is trial 431 with value: 0.028803817637518454.
[I 2025-08-01 13:13:55,564] Trial 505 finished with value: 0.032218003105167245 and parameters: {'min_abs_corr': 0.045637089175907086, 'max_pair_corr': 0.9875925091105731, 'iterations': 1692, 'learning_rate': 0.06396140361731419, 'depth': 7, 'l2_leaf_reg': 5.510252587780383, 'subsample': 0.5170156243641397, 'rsm': 0.9161918079996799, 'bagging_temperature': 0.5095427653523545}. Best is trial 431 with value: 0.028803817637518454.
[I 2025-08-01 13:14:22,888] Trial 506 finished with value: 0.029523725142477676 and parameters: {'min_abs_corr': 0.0474149890946692, 'max_pair_corr': 0.9799643677785087, 'iterations': 1735, 'learning_rate': 0.0485461415890067, 'depth': 5, 'l2_leaf_reg': 5.328145593278547, 'subsample': 0.5388446560070486, 'rsm': 0.9045232164505101, 'bagging_temperature': 0.4739771137955744}. Best is trial 431 with value: 0.028803817637518454.
[I 2025-08-01 13:14:51,339] Trial 507 finished with value: 0.030654555082972507 and parameters: {'min_abs_corr': 0.04921588056248199, 'max_pair_corr': 0.9829744341107742, 'iterations': 1715, 'learning_rate': 0.0703572366558081, 'depth': 5, 'l2_leaf_reg': 5.480642781942462, 'subsample': 0.537616923487975, 'rsm': 0.9065936902744053, 'bagging_temperature': 0.48055394183046474}. Best is trial 431 with value: 0.028803817637518454.
