[I 2025-08-01 14:54:16,127] Trial 708 finished with value: 0.03062492815177178 and parameters: {'min_abs_corr': 0.052711915335642706, 'max_pair_corr': 0.9627287261195949, 'iterations': 1885, 'learning_rate': 0.029304507551027672, 'depth': 4, 'l2_leaf_reg': 5.577024158466335, 'subsample': 0.5000164684815641, 'rsm': 0.9279491565132698, 'bagging_temperature': 0.40708111578185185}. Best is trial 431 with value: 0.028803817637518454.
[I 2025-08-01 14:54:32,443] Trial 709 finished with value: 0.031087448848769555 and parameters: {'min_abs_corr': 0.05780121118417397, 'max_pair_corr': 0.9724691396780912, 'iterations': 1713, 'learning_rate': 0.04051344519828354, 'depth': 4, 'l2_leaf_reg': 5.694346335294788, 'subsample': 0.5141384304438843, 'rsm': 0.9134061795588072, 'bagging_temperature': 0.2929567644544411}. Best is trial 431 with value: 0.028803817637518454.
[I 2025-08-01 14:54:50,312] Trial 710 finished with value: 0.030588737720281412 and parameters: {'min_abs_corr': 0.055016771931500244, 'max_pair_corr': 0.9761706537601361, 'iterations': 1813, 'learning_rate': 0.03923389220385071, 'depth': 4, 'l2_leaf_reg': 4.406448031294901, 'subsample': 0.5147379336697865, 'rsm': 0.8913038528162511, 'bagging_temperature': 0.9995450500136293}. Best is trial 431 with value: 0.028803817637518454.
[I 2025-08-01 14:55:04,859] Trial 711 finished with value: 0.03129609300004381 and parameters: {'min_abs_corr': 0.05561681587821181, 'max_pair_corr': 0.9858699665950182, 'iterations': 2000, 'learning_rate': 0.034251662534488754, 'depth': 3, 'l2_leaf_reg': 5.626274327926929, 'subsample': 0.5108739053077481, 'rsm': 0.9284591704233188, 'bagging_temperature': 0.4259068526802231}. Best is trial 431 with value: 0.028803817637518454.
[I 2025-08-01 14:55:23,300] Trial 712 finished with value: 0.03019747065220349 and parameters: {'min_abs_corr': 0.05381857463051167, 'max_pair_corr': 0.9810965225652527, 'iterations': 1770, 'learning_rate': 0.04401271109923397, 'depth': 4, 'l2_leaf_reg': 6.029735105734261, 'subsample': 0.5223787071919327, 'rsm': 0.9101999720287655, 'bagging_temperature': 0.35899120439051807}. Best is trial 431 with value: 0.028803817637518454.
[I 2025-08-01 14:55:43,277] Trial 713 finished with value: 0.02944229941189209 and parameters: {'min_abs_corr': 0.052468580871987865, 'max_pair_corr': 0.9788750413136007, 'iterations': 1933, 'learning_rate': 0.030165055709948194, 'depth': 4, 'l2_leaf_reg': 1.005755061098255, 'subsample': 0.5085494112651026, 'rsm': 0.9404419854808436, 'bagging_temperature': 0.3997906930830115}. Best is trial 431 with value: 0.028803817637518454.
[I 2025-08-01 14:56:02,766] Trial 714 finished with value: 0.03041829209564545 and parameters: {'min_abs_corr': 0.056788562883184575, 'max_pair_corr': 0.9748487348789725, 'iterations': 1930, 'learning_rate': 0.028867721549808482, 'depth': 4, 'l2_leaf_reg': 6.156400513513441, 'subsample': 0.5900891232955936, 'rsm': 0.9649582875569682, 'bagging_temperature': 0.3767174226949637}. Best is trial 431 with value: 0.028803817637518454.
[I 2025-08-01 14:56:22,331] Trial 715 finished with value: 0.032781605684295625 and parameters: {'min_abs_corr': 0.05327176229722958, 'max_pair_corr': 0.9777383442054804, 'iterations': 1969, 'learning_rate': 0.17438308568268276, 'depth': 4, 'l2_leaf_reg': 4.310163601857413, 'subsample': 0.5001333778076249, 'rsm': 0.9489882283158689, 'bagging_temperature': 0.39137286484807765}. Best is trial 431 with value: 0.028803817637518454.
[I 2025-08-01 14:56:41,454] Trial 716 finished with value: 0.031181522137527496 and parameters: {'min_abs_corr': 0.05396447500705163, 'max_pair_corr': 0.9772400478336164, 'iterations': 1935, 'learning_rate': 0.02772832152961723, 'depth': 4, 'l2_leaf_reg': 2.1582136072169886, 'subsample': 0.524764705038506, 'rsm': 0.9546630516756154, 'bagging_temperature': 0.38970808079359087}. Best is trial 431 with value: 0.028803817637518454.
[I 2025-08-01 14:57:01,040] Trial 717 finished with value: 0.03041421512220107 and parameters: {'min_abs_corr': 0.05016807319609434, 'max_pair_corr': 0.9787432435428428, 'iterations': 1906, 'learning_rate': 0.030609514119627052, 'depth': 4, 'l2_leaf_reg': 2.4212023525689883, 'subsample': 0.5103166361620919, 'rsm': 0.9802573364490537, 'bagging_temperature': 0.3379984907783168}. Best is trial 431 with value: 0.028803817637518454.
[I 2025-08-01 14:57:17,696] Trial 718 finished with value: 0.030389185838896337 and parameters: {'min_abs_corr': 0.09668030002397124, 'max_pair_corr': 0.9742615623809847, 'iterations': 1963, 'learning_rate': 0.02494815916717917, 'depth': 4, 'l2_leaf_reg': 1.1930527795109178, 'subsample': 0.5190180730308964, 'rsm': 0.9392922107038943, 'bagging_temperature': 0.40212396297526265}. Best is trial 431 with value: 0.028803817637518454.
[I 2025-08-01 14:57:37,337] Trial 719 finished with value: 0.02994797122897528 and parameters: {'min_abs_corr': 0.051078797536804464, 'max_pair_corr': 0.9762646244251352, 'iterations': 1939, 'learning_rate': 0.02265070706405433, 'depth': 4, 'l2_leaf_reg': 5.744245890635119, 'subsample': 0.6040597353493967, 'rsm': 0.9379105054896489, 'bagging_temperature': 0.8007628772766507}. Best is trial 431 with value: 0.028803817637518454.
[I 2025-08-01 14:57:57,050] Trial 720 finished with value: 0.02965375425899596 and parameters: {'min_abs_corr': 0.05222713209844358, 'max_pair_corr': 0.9787837154599401, 'iterations': 1916, 'learning_rate': 0.03172833759015105, 'depth': 4, 'l2_leaf_reg': 4.497378644147785, 'subsample': 0.5768242785562678, 'rsm': 0.9387855953674684, 'bagging_temperature': 0.40999874414520887}. Best is trial 431 with value: 0.028803817637518454.
[I 2025-08-01 14:58:18,132] Trial 721 finished with value: 0.030313374475022276 and parameters: {'min_abs_corr': 0.020344297466920118, 'max_pair_corr': 0.9790422941665148, 'iterations': 1970, 'learning_rate': 0.02696960438022719, 'depth': 4, 'l2_leaf_reg': 4.664495664436689, 'subsample': 0.5254324274125637, 'rsm': 0.9547095921024071, 'bagging_temperature': 0.3699754534931629}. Best is trial 431 with value: 0.028803817637518454.
[I 2025-08-01 14:58:38,683] Trial 722 finished with value: 0.030129110273575697 and parameters: {'min_abs_corr': 0.01784863545011531, 'max_pair_corr': 0.9807006529429994, 'iterations': 1906, 'learning_rate': 0.030434517685737753, 'depth': 4, 'l2_leaf_reg': 1.9530639208995797, 'subsample': 0.5090461821927659, 'rsm': 0.971113368078943, 'bagging_temperature': 0.3951285260177052}. Best is trial 431 with value: 0.028803817637518454.
[I 2025-08-01 14:58:44,210] Trial 723 finished with value: 0.03179391035135819 and parameters: {'min_abs_corr': 0.059163646100658905, 'max_pair_corr': 0.9760950778402724, 'iterations': 533, 'learning_rate': 0.035136154198757624, 'depth': 4, 'l2_leaf_reg': 5.578063811826803, 'subsample': 0.5814695534446057, 'rsm': 0.9258580206723365, 'bagging_temperature': 0.41691649776891937}. Best is trial 431 with value: 0.028803817637518454.
[I 2025-08-01 14:59:04,157] Trial 724 finished with value: 0.030479046527924103 and parameters: {'min_abs_corr': 0.05306579505289305, 'max_pair_corr': 0.979982797336467, 'iterations': 1955, 'learning_rate': 0.024187784966558837, 'depth': 4, 'l2_leaf_reg': 6.294497260852187, 'subsample': 0.5159155428262481, 'rsm': 0.9002161768254308, 'bagging_temperature': 0.3467284046138409}. Best is trial 431 with value: 0.028803817637518454.
[I 2025-08-01 14:59:17,395] Trial 725 finished with value: 0.03093881597631571 and parameters: {'min_abs_corr': 0.056460111977658274, 'max_pair_corr': 0.9730153716119266, 'iterations': 1358, 'learning_rate': 0.03304726011745942, 'depth': 4, 'l2_leaf_reg': 1.3789965778144238, 'subsample': 0.5306691948346449, 'rsm': 0.9280815215645647, 'bagging_temperature': 0.32568415786150656}. Best is trial 431 with value: 0.028803817637518454.
[I 2025-08-01 14:59:36,046] Trial 726 finished with value: 0.03008945197064038 and parameters: {'min_abs_corr': 0.05251117276987119, 'max_pair_corr': 0.9771858668066248, 'iterations': 1869, 'learning_rate': 0.020874142687252163, 'depth': 4, 'l2_leaf_reg': 5.9319274675912155, 'subsample': 0.5078361687953281, 'rsm': 0.9132992758484033, 'bagging_temperature': 0.42002961860194665}. Best is trial 431 with value: 0.028803817637518454.
[I 2025-08-01 14:59:55,949] Trial 727 finished with value: 0.030330494632519987 and parameters: {'min_abs_corr': 0.04906085573458943, 'max_pair_corr': 0.9820669565123491, 'iterations': 1874, 'learning_rate': 0.02830643911820495, 'depth': 4, 'l2_leaf_reg': 1.1594567008656171, 'subsample': 0.5005934927286695, 'rsm': 0.9485105155120742, 'bagging_temperature': 0.37467473974101706}. Best is trial 431 with value: 0.028803817637518454.
[I 2025-08-01 15:00:08,711] Trial 728 finished with value: 0.031404351557975906 and parameters: {'min_abs_corr': 0.05173511713239687, 'max_pair_corr': 0.9691083916972593, 'iterations': 1966, 'learning_rate': 0.03630483188958637, 'depth': 3, 'l2_leaf_reg': 2.314962812520709, 'subsample': 0.5225273127055252, 'rsm': 0.8952421955992574, 'bagging_temperature': 0.4331097834066942}. Best is trial 431 with value: 0.028803817637518454.
[I 2025-08-01 15:04:44,206] Trial 729 finished with value: 0.031957845311698735 and parameters: {'min_abs_corr': 0.055522404305408196, 'max_pair_corr': 0.9834483054489077, 'iterations': 1924, 'learning_rate': 0.018434081226878295, 'depth': 9, 'l2_leaf_reg': 5.751663794901592, 'subsample': 0.760292026043816, 'rsm': 0.9373673592737836, 'bagging_temperature': 0.7195725784494428}. Best is trial 431 with value: 0.028803817637518454.
[I 2025-08-01 15:05:05,330] Trial 730 finished with value: 0.04010952104222733 and parameters: {'min_abs_corr': 0.049771674009470177, 'max_pair_corr': 0.9876136268606089, 'iterations': 1885, 'learning_rate': 0.0024313030242407857, 'depth': 4, 'l2_leaf_reg': 3.802538588942626, 'subsample': 0.5945017811369485, 'rsm': 0.9136192343004733, 'bagging_temperature': 0.40761629517438325}. Best is trial 431 with value: 0.028803817637518454.
[I 2025-08-01 15:05:25,703] Trial 731 finished with value: 0.029956873089822617 and parameters: {'min_abs_corr': 0.03985152388725311, 'max_pair_corr': 0.9792209829603469, 'iterations': 1938, 'learning_rate': 0.030799058565516787, 'depth': 4, 'l2_leaf_reg': 2.5339287364166703, 'subsample': 0.5200352712507509, 'rsm': 0.9254778091684945, 'bagging_temperature': 0.577022572353591}. Best is trial 431 with value: 0.028803817637518454.
[I 2025-08-01 15:05:46,015] Trial 732 finished with value: 0.029771977218572186 and parameters: {'min_abs_corr': 0.048258144379442404, 'max_pair_corr': 0.9751570686468259, 'iterations': 1998, 'learning_rate': 0.03683631070462922, 'depth': 4, 'l2_leaf_reg': 1.0975265780102406, 'subsample': 0.5309877570124539, 'rsm': 0.9015698868481853, 'bagging_temperature': 0.360183280106676}. Best is trial 431 with value: 0.028803817637518454.
[I 2025-08-01 15:06:06,369] Trial 733 finished with value: 0.03076994678690457 and parameters: {'min_abs_corr': 0.01918210077687265, 'max_pair_corr': 0.9805694769005485, 'iterations': 1851, 'learning_rate': 0.04399726025023257, 'depth': 4, 'l2_leaf_reg': 5.50058491862394, 'subsample': 0.6304737803339092, 'rsm': 0.942469565109811, 'bagging_temperature': 0.6218147239758892}. Best is trial 431 with value: 0.028803817637518454.
[I 2025-08-01 15:06:28,423] Trial 734 finished with value: 0.030218902144503252 and parameters: {'min_abs_corr': 0.02196335245045839, 'max_pair_corr': 0.9848704833389342, 'iterations': 1899, 'learning_rate': 0.02659310264542865, 'depth': 4, 'l2_leaf_reg': 4.339993069060455, 'subsample': 0.5102528498394096, 'rsm': 0.8879772277995227, 'bagging_temperature': 0.42145765711138716}. Best is trial 431 with value: 0.028803817637518454.
[I 2025-08-01 15:06:49,094] Trial 735 finished with value: 0.03037049150665268 and parameters: {'min_abs_corr': 0.032208958181824794, 'max_pair_corr': 0.9899267168270859, 'iterations': 1690, 'learning_rate': 0.033078007980208685, 'depth': 4, 'l2_leaf_reg': 1.8993547209552308, 'subsample': 0.6077514069045208, 'rsm': 0.9193364809973357, 'bagging_temperature': 0.38531585924927825}. Best is trial 431 with value: 0.028803817637518454.
[I 2025-08-01 15:07:09,012] Trial 736 finished with value: 0.03035734923981457 and parameters: {'min_abs_corr': 0.051830811529402526, 'max_pair_corr': 0.9776133044420894, 'iterations': 1963, 'learning_rate': 0.023172053096940728, 'depth': 4, 'l2_leaf_reg': 2.7427361466119566, 'subsample': 0.5836016412230607, 'rsm': 0.9088307738630117, 'bagging_temperature': 0.44122507529324523}. Best is trial 431 with value: 0.028803817637518454.
[I 2025-08-01 15:07:30,486] Trial 737 finished with value: 0.03001895402248674 and parameters: {'min_abs_corr': 0.041095862674967974, 'max_pair_corr': 0.9817778880263588, 'iterations': 2000, 'learning_rate': 0.04009671333087088, 'depth': 4, 'l2_leaf_reg': 4.664078621784855, 'subsample': 0.5175824903114159, 'rsm': 0.9289165206295256, 'bagging_temperature': 0.40012433542485015}. Best is trial 431 with value: 0.028803817637518454.
[I 2025-08-01 15:07:52,551] Trial 738 finished with value: 0.03006202482883044 and parameters: {'min_abs_corr': 0.028074567851467752, 'max_pair_corr': 0.9833955683637747, 'iterations': 1916, 'learning_rate': 0.030656251293283, 'depth': 4, 'l2_leaf_reg': 1.3496667670387574, 'subsample': 0.5733208477810171, 'rsm': 0.9592745133558255, 'bagging_temperature': 0.43674549724919126}. Best is trial 431 with value: 0.028803817637518454.
[I 2025-08-01 15:08:05,754] Trial 739 finished with value: 0.0313036597520065 and parameters: {'min_abs_corr': 0.04439362662238798, 'max_pair_corr': 0.9790499338599251, 'iterations': 1870, 'learning_rate': 0.02627348562513496, 'depth': 3, 'l2_leaf_reg': 4.891334798275421, 'subsample': 0.5002446294503176, 'rsm': 0.9336733256005187, 'bagging_temperature': 0.5631421978411768}. Best is trial 431 with value: 0.028803817637518454.
[I 2025-08-01 15:08:26,925] Trial 740 finished with value: 0.030142506593467434 and parameters: {'min_abs_corr': 0.0542282581744518, 'max_pair_corr': 0.9861264197634775, 'iterations': 1950, 'learning_rate': 0.03608660206431179, 'depth': 4, 'l2_leaf_reg': 3.6479073663468586, 'subsample': 0.5297068804625883, 'rsm': 0.9036939157603315, 'bagging_temperature': 0.4179833056368588}. Best is trial 431 with value: 0.028803817637518454.
[I 2025-08-01 15:08:45,900] Trial 741 finished with value: 0.029746917470683875 and parameters: {'min_abs_corr': 0.03670877504262236, 'max_pair_corr': 0.9813643748431955, 'iterations': 1748, 'learning_rate': 0.046935708064612294, 'depth': 4, 'l2_leaf_reg': 5.453544565343276, 'subsample': 0.5376154603449477, 'rsm': 0.9183737878079995, 'bagging_temperature': 0.6000495243477699}. Best is trial 431 with value: 0.028803817637518454.
[I 2025-08-01 15:09:04,702] Trial 742 finished with value: 0.030527275626688166 and parameters: {'min_abs_corr': 0.049732140338037384, 'max_pair_corr': 0.9769278834185634, 'iterations': 1843, 'learning_rate': 0.019903953898689004, 'depth': 4, 'l2_leaf_reg': 4.555135153832367, 'subsample': 0.5156146818691951, 'rsm': 0.9470425623918959, 'bagging_temperature': 0.6849862807014089}. Best is trial 431 with value: 0.028803817637518454.
[I 2025-08-01 15:09:23,252] Trial 743 finished with value: 0.030312725320733112 and parameters: {'min_abs_corr': 0.046997597839997914, 'max_pair_corr': 0.9799918557947067, 'iterations': 1793, 'learning_rate': 0.04136395457490434, 'depth': 4, 'l2_leaf_reg': 5.760747426587768, 'subsample': 0.5246915256047983, 'rsm': 0.8853994536804466, 'bagging_temperature': 0.4474693147197919}. Best is trial 431 with value: 0.028803817637518454.
[I 2025-08-01 15:09:44,698] Trial 744 finished with value: 0.030151411185394654 and parameters: {'min_abs_corr': 0.043469490948477636, 'max_pair_corr': 0.9832548831568566, 'iterations': 1968, 'learning_rate': 0.03303344715464221, 'depth': 4, 'l2_leaf_reg': 4.811886033902965, 'subsample': 0.5096273189402079, 'rsm': 0.912331037254141, 'bagging_temperature': 0.3840249333493748}. Best is trial 431 with value: 0.028803817637518454.
[I 2025-08-01 15:10:03,837] Trial 745 finished with value: 0.029926425528130844 and parameters: {'min_abs_corr': 0.039124100492800594, 'max_pair_corr': 0.9747480917625421, 'iterations': 1888, 'learning_rate': 0.05660707913155286, 'depth': 4, 'l2_leaf_reg': 2.627547888045669, 'subsample': 0.5930958227698718, 'rsm': 0.9280764924279217, 'bagging_temperature': 0.4266498832066467}. Best is trial 431 with value: 0.028803817637518454.
[I 2025-08-01 15:10:25,327] Trial 746 finished with value: 0.03019673738007573 and parameters: {'min_abs_corr': 0.05066862340926985, 'max_pair_corr': 0.9873855684447799, 'iterations': 1932, 'learning_rate': 0.029663206098104758, 'depth': 4, 'l2_leaf_reg': 1.7902137218855498, 'subsample': 0.5673925566128895, 'rsm': 0.8968381571488434, 'bagging_temperature': 0.40057995558911524}. Best is trial 431 with value: 0.028803817637518454.
[I 2025-08-01 15:10:47,844] Trial 747 finished with value: 0.029996129499755542 and parameters: {'min_abs_corr': 0.03403862139576662, 'max_pair_corr': 0.9849827856425943, 'iterations': 2000, 'learning_rate': 0.015747375963559303, 'depth': 4, 'l2_leaf_reg': 1.5935048153537776, 'subsample': 0.5433675802833686, 'rsm': 0.9421621826954548, 'bagging_temperature': 0.44770919673477105}. Best is trial 431 with value: 0.028803817637518454.
[I 2025-08-01 15:11:32,308] Trial 748 finished with value: 0.03021712843491973 and parameters: {'min_abs_corr': 0.04607073875659615, 'max_pair_corr': 0.9782942332437068, 'iterations': 1836, 'learning_rate': 0.03712809204774589, 'depth': 6, 'l2_leaf_reg': 3.805236903397838, 'subsample': 0.5190800590164311, 'rsm': 0.9205404466693226, 'bagging_temperature': 0.6623258082532485}. Best is trial 431 with value: 0.028803817637518454.
[I 2025-08-01 15:11:48,937] Trial 749 finished with value: 0.02985352495105866 and parameters: {'min_abs_corr': 0.04830777027983142, 'max_pair_corr': 0.9813100891476124, 'iterations': 1558, 'learning_rate': 0.04906994228295493, 'depth': 4, 'l2_leaf_reg': 6.092758564655884, 'subsample': 0.5815628065188951, 'rsm': 0.9067464015924347, 'bagging_temperature': 0.3493229298036129}. Best is trial 431 with value: 0.028803817637518454.
[I 2025-08-01 15:12:08,687] Trial 750 finished with value: 0.03043952100666275 and parameters: {'min_abs_corr': 0.029103253906130135, 'max_pair_corr': 0.983242263512999, 'iterations': 1727, 'learning_rate': 0.02334501985233667, 'depth': 4, 'l2_leaf_reg': 5.470176762428476, 'subsample': 0.5334669964771791, 'rsm': 0.9303376669391515, 'bagging_temperature': 0.3682326384632782}. Best is trial 431 with value: 0.028803817637518454.
[I 2025-08-01 15:13:18,400] Trial 751 finished with value: 0.03127250499579533 and parameters: {'min_abs_corr': 0.04117452883555409, 'max_pair_corr': 0.9796650687105646, 'iterations': 1675, 'learning_rate': 0.041917133833510756, 'depth': 7, 'l2_leaf_reg': 3.0847090377572433, 'subsample': 0.5089711336809376, 'rsm': 0.9617110582848787, 'bagging_temperature': 0.3090181643279666}. Best is trial 431 with value: 0.028803817637518454.
[I 2025-08-01 15:13:36,246] Trial 752 finished with value: 0.030014290267952486 and parameters: {'min_abs_corr': 0.05288330896847714, 'max_pair_corr': 0.9770219287848736, 'iterations': 1789, 'learning_rate': 0.027902381881517564, 'depth': 4, 'l2_leaf_reg': 4.2156112696537935, 'subsample': 0.5270017782958101, 'rsm': 0.8915895093431012, 'bagging_temperature': 0.43542664606862064}. Best is trial 431 with value: 0.028803817637518454.
[I 2025-08-01 15:13:57,387] Trial 753 finished with value: 0.029549824802417253 and parameters: {'min_abs_corr': 0.044213654540994816, 'max_pair_corr': 0.9850668556635503, 'iterations': 1897, 'learning_rate': 0.03490667425125048, 'depth': 4, 'l2_leaf_reg': 6.477878976736737, 'subsample': 0.5170846989946278, 'rsm': 0.9164273003049526, 'bagging_temperature': 0.6389902084436548}. Best is trial 431 with value: 0.028803817637518454.
[I 2025-08-01 15:14:16,556] Trial 754 finished with value: 0.03170771588874287 and parameters: {'min_abs_corr': 0.03159579711950275, 'max_pair_corr': 0.9819381833236038, 'iterations': 1756, 'learning_rate': 0.07938147681117115, 'depth': 4, 'l2_leaf_reg': 5.240482580644664, 'subsample': 0.5737989264599607, 'rsm': 0.937346871891075, 'bagging_temperature': 0.45361054344147694}. Best is trial 431 with value: 0.028803817637518454.
[I 2025-08-01 15:14:35,338] Trial 755 finished with value: 0.030420912866907807 and parameters: {'min_abs_corr': 0.04855172960586634, 'max_pair_corr': 0.9711514897310786, 'iterations': 1969, 'learning_rate': 0.03881829830603821, 'depth': 4, 'l2_leaf_reg': 4.516321823137824, 'subsample': 0.5079263332393807, 'rsm': 0.9030901151767701, 'bagging_temperature': 0.5521500856771163}. Best is trial 431 with value: 0.028803817637518454.
[I 2025-08-01 15:14:54,774] Trial 756 finished with value: 0.02959404147755182 and parameters: {'min_abs_corr': 0.037950643446421864, 'max_pair_corr': 0.9801321384005683, 'iterations': 1860, 'learning_rate': 0.024979847355172786, 'depth': 4, 'l2_leaf_reg': 4.98971673332698, 'subsample': 0.5412731348852773, 'rsm': 0.9249981089550368, 'bagging_temperature': 0.41455050978788294}. Best is trial 431 with value: 0.028803817637518454.
[I 2025-08-01 15:15:15,190] Trial 757 finished with value: 0.029820446043091614 and parameters: {'min_abs_corr': 0.023614481638425916, 'max_pair_corr': 0.9758574952857988, 'iterations': 1938, 'learning_rate': 0.04530364176270186, 'depth': 4, 'l2_leaf_reg': 5.833587096380517, 'subsample': 0.5002969554556822, 'rsm': 0.9476371976597091, 'bagging_temperature': 0.8548643773720812}. Best is trial 431 with value: 0.028803817637518454.
