[I 2025-08-01 14:09:32,137] Trial 608 finished with value: 0.0340400004456809 and parameters: {'min_abs_corr': 0.04037863295576689, 'max_pair_corr': 0.9795320367289643, 'iterations': 1801, 'learning_rate': 0.007023024158940951, 'depth': 3, 'l2_leaf_reg': 5.183355926225199, 'subsample': 0.9489716731981322, 'rsm': 0.9564034842466212, 'bagging_temperature': 0.4615532253858972}. Best is trial 431 with value: 0.028803817637518454.
[I 2025-08-01 14:10:02,885] Trial 609 finished with value: 0.030081143292916557 and parameters: {'min_abs_corr': 0.04934801543580939, 'max_pair_corr': 0.982621153775746, 'iterations': 1906, 'learning_rate': 0.04199391829985095, 'depth': 5, 'l2_leaf_reg': 3.078687590191261, 'subsample': 0.5105883542496191, 'rsm': 0.8949483005248968, 'bagging_temperature': 0.39477745122483426}. Best is trial 431 with value: 0.028803817637518454.
[I 2025-08-01 14:10:20,675] Trial 610 finished with value: 0.029719641362025696 and parameters: {'min_abs_corr': 0.03341678609253344, 'max_pair_corr': 0.9779049386824372, 'iterations': 1739, 'learning_rate': 0.029644679972767686, 'depth': 4, 'l2_leaf_reg': 4.671480080026889, 'subsample': 0.5265881404664042, 'rsm': 0.9059755716162489, 'bagging_temperature': 0.528372332137866}. Best is trial 431 with value: 0.028803817637518454.
[I 2025-08-01 14:10:56,158] Trial 611 finished with value: 0.030199810929339783 and parameters: {'min_abs_corr': 0.016901634097019835, 'max_pair_corr': 0.9862460821273094, 'iterations': 1971, 'learning_rate': 0.04577438507692393, 'depth': 5, 'l2_leaf_reg': 2.80726276530147, 'subsample': 0.7370211987732628, 'rsm': 0.9285171704224106, 'bagging_temperature': 0.4887600867596855}. Best is trial 431 with value: 0.028803817637518454.
[I 2025-08-01 14:11:15,984] Trial 612 finished with value: 0.029809850900558744 and parameters: {'min_abs_corr': 0.046596012922580456, 'max_pair_corr': 0.980942906108833, 'iterations': 1867, 'learning_rate': 0.038871718786495424, 'depth': 4, 'l2_leaf_reg': 3.520832919595725, 'subsample': 0.5604188969731233, 'rsm': 0.9179863757599186, 'bagging_temperature': 0.4123691959455627}. Best is trial 431 with value: 0.028803817637518454.
[I 2025-08-01 14:12:15,793] Trial 613 finished with value: 0.030253153681118816 and parameters: {'min_abs_corr': 0.010991955628126174, 'max_pair_corr': 0.9899901589808281, 'iterations': 1930, 'learning_rate': 0.05331641361285721, 'depth': 6, 'l2_leaf_reg': 5.443279888833317, 'subsample': 0.5449395812395877, 'rsm': 0.9455840740493734, 'bagging_temperature': 0.4379970458133193}. Best is trial 431 with value: 0.028803817637518454.
[I 2025-08-01 14:12:45,374] Trial 614 finished with value: 0.03020802552993972 and parameters: {'min_abs_corr': 0.04356685563924806, 'max_pair_corr': 0.9844139403193555, 'iterations': 1777, 'learning_rate': 0.016948160079723003, 'depth': 5, 'l2_leaf_reg': 5.681171402649501, 'subsample': 0.5175146542721424, 'rsm': 0.8848070312154186, 'bagging_temperature': 0.36964901036420017}. Best is trial 431 with value: 0.028803817637518454.
[I 2025-08-01 14:13:13,990] Trial 615 finished with value: 0.03041454630558057 and parameters: {'min_abs_corr': 0.02269910508372768, 'max_pair_corr': 0.9760549914017432, 'iterations': 1815, 'learning_rate': 0.02650494989379985, 'depth': 5, 'l2_leaf_reg': 4.921630165239602, 'subsample': 0.5305106157492656, 'rsm': 0.8992802341957177, 'bagging_temperature': 0.46467923885958584}. Best is trial 431 with value: 0.028803817637518454.
[I 2025-08-01 14:13:35,593] Trial 616 finished with value: 0.03032841731336835 and parameters: {'min_abs_corr': 0.028653503920471925, 'max_pair_corr': 0.9827260382259493, 'iterations': 1906, 'learning_rate': 0.03476639750132777, 'depth': 4, 'l2_leaf_reg': 3.211715615591217, 'subsample': 0.5107052846558089, 'rsm': 0.932702467417632, 'bagging_temperature': 0.5016111087510019}. Best is trial 431 with value: 0.028803817637518454.
[I 2025-08-01 14:13:53,382] Trial 617 finished with value: 0.030229354052231604 and parameters: {'min_abs_corr': 0.050610622213179926, 'max_pair_corr': 0.9798036577711693, 'iterations': 1713, 'learning_rate': 0.03361184385140561, 'depth': 4, 'l2_leaf_reg': 5.082241488015733, 'subsample': 0.5525397425944651, 'rsm': 0.9126628922539882, 'bagging_temperature': 0.5510556831148032}. Best is trial 431 with value: 0.028803817637518454.
[I 2025-08-01 14:14:17,365] Trial 618 finished with value: 0.030805912434780654 and parameters: {'min_abs_corr': 0.07370651360455063, 'max_pair_corr': 0.9783276256601969, 'iterations': 1629, 'learning_rate': 0.042616987762974366, 'depth': 5, 'l2_leaf_reg': 5.319799950899294, 'subsample': 0.536161018683003, 'rsm': 0.9251260840191956, 'bagging_temperature': 0.913590491714419}. Best is trial 431 with value: 0.028803817637518454.
[I 2025-08-01 14:14:40,316] Trial 619 finished with value: 0.030221802929754172 and parameters: {'min_abs_corr': 0.03216688819691817, 'max_pair_corr': 0.9882550982079463, 'iterations': 1999, 'learning_rate': 0.02825705558678207, 'depth': 4, 'l2_leaf_reg': 3.635064941921588, 'subsample': 0.5221136694061276, 'rsm': 0.9056354531766136, 'bagging_temperature': 0.4750927317531009}. Best is trial 431 with value: 0.028803817637518454.
[I 2025-08-01 14:15:11,728] Trial 620 finished with value: 0.030987119690177572 and parameters: {'min_abs_corr': 0.05339078780164953, 'max_pair_corr': 0.9842090881669991, 'iterations': 1943, 'learning_rate': 0.04928634828951947, 'depth': 5, 'l2_leaf_reg': 3.4445577040698665, 'subsample': 0.5073587553174386, 'rsm': 0.9415693165296455, 'bagging_temperature': 0.5808408391444181}. Best is trial 431 with value: 0.028803817637518454.
[I 2025-08-01 14:15:31,072] Trial 621 finished with value: 0.031173291055337466 and parameters: {'min_abs_corr': 0.048110810059773086, 'max_pair_corr': 0.9816115107942639, 'iterations': 1851, 'learning_rate': 0.06302239941667978, 'depth': 4, 'l2_leaf_reg': 4.830088417536998, 'subsample': 0.5635732251828005, 'rsm': 0.8888410891682318, 'bagging_temperature': 0.4480332855984691}. Best is trial 431 with value: 0.028803817637518454.
[I 2025-08-01 14:18:58,102] Trial 622 finished with value: 0.03412952575609137 and parameters: {'min_abs_corr': 0.0447973544784069, 'max_pair_corr': 0.9744553202040249, 'iterations': 945, 'learning_rate': 0.03872145071064187, 'depth': 10, 'l2_leaf_reg': 5.573994918254993, 'subsample': 0.6758914125712778, 'rsm': 0.9183048825363447, 'bagging_temperature': 0.41997053031211906}. Best is trial 431 with value: 0.028803817637518454.
[I 2025-08-01 14:19:30,206] Trial 623 finished with value: 0.0302061599336367 and parameters: {'min_abs_corr': 0.03856156676154536, 'max_pair_corr': 0.9853740733008595, 'iterations': 1881, 'learning_rate': 0.03190131626621593, 'depth': 5, 'l2_leaf_reg': 4.626778430000721, 'subsample': 0.5409691367192143, 'rsm': 0.9654160728855116, 'bagging_temperature': 0.511313220799709}. Best is trial 431 with value: 0.028803817637518454.
[I 2025-08-01 14:19:48,742] Trial 624 finished with value: 0.030189014792788384 and parameters: {'min_abs_corr': 0.0353832208530668, 'max_pair_corr': 0.9798366618717665, 'iterations': 1763, 'learning_rate': 0.020776403087063394, 'depth': 4, 'l2_leaf_reg': 5.188770058986424, 'subsample': 0.6562308562920967, 'rsm': 0.9351642510666915, 'bagging_temperature': 0.3910075924934416}. Best is trial 431 with value: 0.028803817637518454.
[I 2025-08-01 14:20:18,782] Trial 625 finished with value: 0.031464665311462504 and parameters: {'min_abs_corr': 0.031115296600027022, 'max_pair_corr': 0.9823895850389514, 'iterations': 1808, 'learning_rate': 0.04417842964327967, 'depth': 5, 'l2_leaf_reg': 3.1753534667374312, 'subsample': 0.5186196830683756, 'rsm': 0.951463057395547, 'bagging_temperature': 0.48127589607488885}. Best is trial 431 with value: 0.028803817637518454.
[I 2025-08-01 14:20:48,962] Trial 626 finished with value: 0.03010179660969381 and parameters: {'min_abs_corr': 0.04248474766623277, 'max_pair_corr': 0.9773866985752301, 'iterations': 1965, 'learning_rate': 0.03721978036692121, 'depth': 5, 'l2_leaf_reg': 6.541104695182666, 'subsample': 0.5000277085831399, 'rsm': 0.8980206117974581, 'bagging_temperature': 0.43456128303861197}. Best is trial 431 with value: 0.028803817637518454.
[I 2025-08-01 14:21:10,884] Trial 627 finished with value: 0.0302924270070302 and parameters: {'min_abs_corr': 0.02662169893520287, 'max_pair_corr': 0.9866059450266035, 'iterations': 1922, 'learning_rate': 0.025717820435023166, 'depth': 4, 'l2_leaf_reg': 5.8113220583332375, 'subsample': 0.5266787229474795, 'rsm': 0.9132340138524976, 'bagging_temperature': 0.45720908959029216}. Best is trial 431 with value: 0.028803817637518454.
[I 2025-08-01 14:21:41,309] Trial 628 finished with value: 0.02990331120534978 and parameters: {'min_abs_corr': 0.04610607180781794, 'max_pair_corr': 0.9838659756808671, 'iterations': 1832, 'learning_rate': 0.030562056072409895, 'depth': 5, 'l2_leaf_reg': 6.247524848952205, 'subsample': 0.5518710684362704, 'rsm': 0.9209396997355612, 'bagging_temperature': 0.6017901640521879}. Best is trial 431 with value: 0.028803817637518454.
[I 2025-08-01 14:21:57,152] Trial 629 finished with value: 0.03137143972611089 and parameters: {'min_abs_corr': 0.04913931207426919, 'max_pair_corr': 0.9552139513050234, 'iterations': 1742, 'learning_rate': 0.05511496075045464, 'depth': 4, 'l2_leaf_reg': 5.031253161811086, 'subsample': 0.9348782805653072, 'rsm': 0.8839511769203084, 'bagging_temperature': 0.3497352713255216}. Best is trial 431 with value: 0.028803817637518454.
[I 2025-08-01 14:22:16,454] Trial 630 finished with value: 0.029438676532023318 and parameters: {'min_abs_corr': 0.019628310747180217, 'max_pair_corr': 0.9808945024478293, 'iterations': 1790, 'learning_rate': 0.034046098120834714, 'depth': 4, 'l2_leaf_reg': 3.3896997890005127, 'subsample': 0.5160543306156485, 'rsm': 0.9300224866010786, 'bagging_temperature': 0.5299039484567354}. Best is trial 431 with value: 0.028803817637518454.
[I 2025-08-01 14:22:35,298] Trial 631 finished with value: 0.03033116142240777 and parameters: {'min_abs_corr': 0.015804780379100578, 'max_pair_corr': 0.9780472063867627, 'iterations': 1782, 'learning_rate': 0.029264998115225652, 'depth': 4, 'l2_leaf_reg': 2.9419816944834825, 'subsample': 0.5112542730149946, 'rsm': 0.9072795099158156, 'bagging_temperature': 0.5611015149730324}. Best is trial 431 with value: 0.028803817637518454.
[I 2025-08-01 14:22:55,078] Trial 632 finished with value: 0.03013671999197699 and parameters: {'min_abs_corr': 0.005382531308460438, 'max_pair_corr': 0.9801895863644613, 'iterations': 1759, 'learning_rate': 0.033744459998037095, 'depth': 4, 'l2_leaf_reg': 3.397482440448284, 'subsample': 0.5317403889817497, 'rsm': 0.9277345996833534, 'bagging_temperature': 0.5359109927475761}. Best is trial 431 with value: 0.028803817637518454.
[I 2025-08-01 14:23:12,944] Trial 633 finished with value: 0.030192473702770097 and parameters: {'min_abs_corr': 0.019845276673709906, 'max_pair_corr': 0.9761480050977723, 'iterations': 1709, 'learning_rate': 0.02513576129829902, 'depth': 4, 'l2_leaf_reg': 5.325046217783829, 'subsample': 0.8659385966157372, 'rsm': 0.8978403066842662, 'bagging_temperature': 0.18058856378096866}. Best is trial 431 with value: 0.028803817637518454.
[I 2025-08-01 14:23:32,209] Trial 634 finished with value: 0.02984346323796746 and parameters: {'min_abs_corr': 0.019973909806986594, 'max_pair_corr': 0.979242916303295, 'iterations': 1804, 'learning_rate': 0.029037456954119887, 'depth': 4, 'l2_leaf_reg': 3.112149312077437, 'subsample': 0.5790197074114563, 'rsm': 0.9116089504553122, 'bagging_temperature': 0.5413940840446025}. Best is trial 431 with value: 0.028803817637518454.
[I 2025-08-01 14:23:50,686] Trial 635 finished with value: 0.029743906163440016 and parameters: {'min_abs_corr': 0.01848329321097721, 'max_pair_corr': 0.981001472276812, 'iterations': 1662, 'learning_rate': 0.032337142928217856, 'depth': 4, 'l2_leaf_reg': 4.791777468132678, 'subsample': 0.5641839516182146, 'rsm': 0.9442435120469913, 'bagging_temperature': 0.5709446757612542}. Best is trial 431 with value: 0.028803817637518454.
[I 2025-08-01 14:24:09,923] Trial 636 finished with value: 0.030601639349262365 and parameters: {'min_abs_corr': 0.014213786494370599, 'max_pair_corr': 0.9780131455546165, 'iterations': 1789, 'learning_rate': 0.03525620395363539, 'depth': 4, 'l2_leaf_reg': 6.0187759950604445, 'subsample': 0.540185037712893, 'rsm': 0.9237270891811049, 'bagging_temperature': 0.5351028301960209}. Best is trial 431 with value: 0.028803817637518454.
[I 2025-08-01 14:24:27,315] Trial 637 finished with value: 0.030261790747218565 and parameters: {'min_abs_corr': 0.023055843874069486, 'max_pair_corr': 0.9738199889683558, 'iterations': 1736, 'learning_rate': 0.026735199993468007, 'depth': 4, 'l2_leaf_reg': 3.265569382194418, 'subsample': 0.5168650525064441, 'rsm': 0.8785456403711595, 'bagging_temperature': 0.5038235239373837}. Best is trial 431 with value: 0.028803817637518454.
[I 2025-08-01 14:24:40,106] Trial 638 finished with value: 0.032158501622653775 and parameters: {'min_abs_corr': 0.05198012920329925, 'max_pair_corr': 0.9814506874630888, 'iterations': 1829, 'learning_rate': 0.015297436328814116, 'depth': 3, 'l2_leaf_reg': 5.468084895701301, 'subsample': 0.5084437357826456, 'rsm': 0.8976689883736777, 'bagging_temperature': 0.056402441204793985}. Best is trial 431 with value: 0.028803817637518454.
[I 2025-08-01 14:24:58,062] Trial 639 finished with value: 0.029553871557445772 and parameters: {'min_abs_corr': 0.044973111905657386, 'max_pair_corr': 0.9757815142158022, 'iterations': 1774, 'learning_rate': 0.03902509794692532, 'depth': 4, 'l2_leaf_reg': 5.225328242251751, 'subsample': 0.5280413570336436, 'rsm': 0.9312393327756121, 'bagging_temperature': 0.5276584551409165}. Best is trial 431 with value: 0.028803817637518454.
[I 2025-08-01 14:25:17,325] Trial 640 finished with value: 0.03044745498389787 and parameters: {'min_abs_corr': 0.020967994778356057, 'max_pair_corr': 0.9797740700185515, 'iterations': 1809, 'learning_rate': 0.02067652303925403, 'depth': 4, 'l2_leaf_reg': 4.954281819660408, 'subsample': 0.5515574595195055, 'rsm': 0.9119445237813883, 'bagging_temperature': 0.5587275433224078}. Best is trial 431 with value: 0.028803817637518454.
[I 2025-08-01 14:25:35,730] Trial 641 finished with value: 0.031085330910446952 and parameters: {'min_abs_corr': 0.024294803907380765, 'max_pair_corr': 0.9702594238847067, 'iterations': 1855, 'learning_rate': 0.024327939748926723, 'depth': 4, 'l2_leaf_reg': 3.63558683523138, 'subsample': 0.5196915104945571, 'rsm': 0.9241359217566062, 'bagging_temperature': 0.5093321684145689}. Best is trial 431 with value: 0.028803817637518454.
[I 2025-08-01 14:25:54,379] Trial 642 finished with value: 0.03082683495508507 and parameters: {'min_abs_corr': 0.04773536899175125, 'max_pair_corr': 0.9824901156121213, 'iterations': 1749, 'learning_rate': 0.03366527128773072, 'depth': 4, 'l2_leaf_reg': 4.574295995267865, 'subsample': 0.5678023659228628, 'rsm': 0.9398285720234884, 'bagging_temperature': 0.525198052092022}. Best is trial 431 with value: 0.028803817637518454.
[I 2025-08-01 14:26:11,570] Trial 643 finished with value: 0.030229460180278406 and parameters: {'min_abs_corr': 0.04120180553609489, 'max_pair_corr': 0.9777958809791086, 'iterations': 1685, 'learning_rate': 0.02959238058654803, 'depth': 4, 'l2_leaf_reg': 3.4401374460052114, 'subsample': 0.5794326913358141, 'rsm': 0.9061384136092036, 'bagging_temperature': 0.411530184200675}. Best is trial 431 with value: 0.028803817637518454.
[I 2025-08-01 14:26:31,025] Trial 644 finished with value: 0.03066968339875622 and parameters: {'min_abs_corr': 0.011535732355911679, 'max_pair_corr': 0.9807880940716719, 'iterations': 1787, 'learning_rate': 0.037393176486542855, 'depth': 4, 'l2_leaf_reg': 5.636905238245073, 'subsample': 0.5004671483500233, 'rsm': 0.8893926771485391, 'bagging_temperature': 0.5832948079004012}. Best is trial 431 with value: 0.028803817637518454.
[I 2025-08-01 14:26:49,883] Trial 645 finished with value: 0.030422521776879607 and parameters: {'min_abs_corr': 0.05026585201912136, 'max_pair_corr': 0.9790327648409284, 'iterations': 1841, 'learning_rate': 0.022721615324240465, 'depth': 4, 'l2_leaf_reg': 5.069490140632569, 'subsample': 0.5421883880862328, 'rsm': 0.9175590374985001, 'bagging_temperature': 0.3648057403165567}. Best is trial 431 with value: 0.028803817637518454.
[I 2025-08-01 14:28:05,597] Trial 646 finished with value: 0.031052654167229476 and parameters: {'min_abs_corr': 0.043386229980312746, 'max_pair_corr': 0.9831496591027099, 'iterations': 1720, 'learning_rate': 0.027395856257456733, 'depth': 7, 'l2_leaf_reg': 2.766685359263862, 'subsample': 0.5295970086136822, 'rsm': 0.9548947763598021, 'bagging_temperature': 0.5513559672163986}. Best is trial 431 with value: 0.028803817637518454.
[I 2025-08-01 14:28:18,560] Trial 647 finished with value: 0.031023135718053742 and parameters: {'min_abs_corr': 0.01683003381771967, 'max_pair_corr': 0.9763320856115452, 'iterations': 1817, 'learning_rate': 0.033268817643239315, 'depth': 3, 'l2_leaf_reg': 5.405636696108697, 'subsample': 0.558818134359721, 'rsm': 0.9021581869269139, 'bagging_temperature': 0.4255953410776507}. Best is trial 431 with value: 0.028803817637518454.
[I 2025-08-01 14:32:37,534] Trial 648 finished with value: 0.03314803575857662 and parameters: {'min_abs_corr': 0.05491032235387359, 'max_pair_corr': 0.98114206965431, 'iterations': 1875, 'learning_rate': 0.040042109546866475, 'depth': 9, 'l2_leaf_reg': 2.9967002533618916, 'subsample': 0.5152891690125309, 'rsm': 0.9173159697492194, 'bagging_temperature': 0.401069861880211}. Best is trial 431 with value: 0.028803817637518454.
[I 2025-08-01 14:32:53,465] Trial 649 finished with value: 0.031092163572342995 and parameters: {'min_abs_corr': 0.03986434175803444, 'max_pair_corr': 0.9331661621331714, 'iterations': 1758, 'learning_rate': 0.031088788023959008, 'depth': 4, 'l2_leaf_reg': 4.744247156302279, 'subsample': 0.5341998550461515, 'rsm': 0.9348316310337731, 'bagging_temperature': 0.4903086610323593}. Best is trial 431 with value: 0.028803817637518454.
[I 2025-08-01 14:33:13,365] Trial 650 finished with value: 0.029973606732900004 and parameters: {'min_abs_corr': 0.04626556190108426, 'max_pair_corr': 0.9846105888877146, 'iterations': 1843, 'learning_rate': 0.03653157270838205, 'depth': 4, 'l2_leaf_reg': 9.703359767090436, 'subsample': 0.8032251371655625, 'rsm': 0.8840917931138657, 'bagging_temperature': 0.6201956340607411}. Best is trial 431 with value: 0.028803817637518454.
[I 2025-08-01 14:33:33,675] Trial 651 finished with value: 0.030062126456127457 and parameters: {'min_abs_corr': 0.04753034750007884, 'max_pair_corr': 0.9790274058401263, 'iterations': 1975, 'learning_rate': 0.047711109276654576, 'depth': 4, 'l2_leaf_reg': 3.2775890853952685, 'subsample': 0.5094007325223773, 'rsm': 0.9287175775767734, 'bagging_temperature': 0.457144873399333}. Best is trial 431 with value: 0.028803817637518454.
[I 2025-08-01 14:33:52,680] Trial 652 finished with value: 0.0303556093067195 and parameters: {'min_abs_corr': 0.051096561294680876, 'max_pair_corr': 0.982469419765945, 'iterations': 1797, 'learning_rate': 0.07169521024545403, 'depth': 4, 'l2_leaf_reg': 3.696488301760599, 'subsample': 0.5248417713745211, 'rsm': 0.906302859746789, 'bagging_temperature': 0.5191380545645113}. Best is trial 431 with value: 0.028803817637518454.
[I 2025-08-01 14:34:43,653] Trial 653 finished with value: 0.030497766915921966 and parameters: {'min_abs_corr': 0.044422809237940404, 'max_pair_corr': 0.9864981619044279, 'iterations': 1885, 'learning_rate': 0.017533430064763225, 'depth': 6, 'l2_leaf_reg': 5.206358624073633, 'subsample': 0.5474641196094732, 'rsm': 0.9449887252614668, 'bagging_temperature': 0.38754554308326095}. Best is trial 431 with value: 0.028803817637518454.
[I 2025-08-01 14:35:04,218] Trial 654 finished with value: 0.030809971146832156 and parameters: {'min_abs_corr': 0.009734003089168455, 'max_pair_corr': 0.9724524730799416, 'iterations': 1998, 'learning_rate': 0.04236276724355242, 'depth': 4, 'l2_leaf_reg': 4.948521880998244, 'subsample': 0.5678998258833978, 'rsm': 0.8933507287241368, 'bagging_temperature': 0.43943136163252045}. Best is trial 431 with value: 0.028803817637518454.
[I 2025-08-01 14:35:22,139] Trial 655 finished with value: 0.029984897621737838 and parameters: {'min_abs_corr': 0.04893406298784316, 'max_pair_corr': 0.980584123751869, 'iterations': 1727, 'learning_rate': 0.028698370870883283, 'depth': 4, 'l2_leaf_reg': 5.861963157923539, 'subsample': 0.5817156849998355, 'rsm': 0.9180595882368933, 'bagging_temperature': 0.47292858131861437}. Best is trial 431 with value: 0.028803817637518454.
[I 2025-08-01 14:35:49,710] Trial 656 finished with value: 0.030672836866798735 and parameters: {'min_abs_corr': 0.038019316046321174, 'max_pair_corr': 0.9774872439212692, 'iterations': 1791, 'learning_rate': 0.025451824541243267, 'depth': 5, 'l2_leaf_reg': 3.481123656508262, 'subsample': 0.5202164209151771, 'rsm': 0.8709120096615884, 'bagging_temperature': 0.4994790312435841}. Best is trial 431 with value: 0.028803817637518454.
[I 2025-08-01 14:36:11,087] Trial 657 finished with value: 0.030728903779014077 and parameters: {'min_abs_corr': 0.042042466909266, 'max_pair_corr': 0.9828702137404509, 'iterations': 1950, 'learning_rate': 0.03559579488798166, 'depth': 4, 'l2_leaf_reg': 5.536640056514171, 'subsample': 0.5386340403912195, 'rsm': 0.9296283119933901, 'bagging_temperature': 0.3339455935377054}. Best is trial 431 with value: 0.028803817637518454.
