[I 2025-08-01 10:14:28,299] Trial 102 finished with value: 0.031134298950273153 and parameters: {'min_abs_corr': 0.022493303225076648, 'max_pair_corr': 0.9828387966976168, 'iterations': 1710, 'learning_rate': 0.06193883863405469, 'depth': 7, 'l2_leaf_reg': 5.786711023624593, 'subsample': 0.589061425834246, 'rsm': 0.9054329162267636, 'bagging_temperature': 0.5632639566217649}. Best is trial 88 with value: 0.02933544222538914.
[I 2025-08-01 10:15:09,362] Trial 103 finished with value: 0.031105176089505877 and parameters: {'min_abs_corr': 0.03160076080030255, 'max_pair_corr': 0.9801937569587035, 'iterations': 1639, 'learning_rate': 0.043428487859693235, 'depth': 6, 'l2_leaf_reg': 5.929740272918261, 'subsample': 0.5800695817947092, 'rsm': 0.8780622733161193, 'bagging_temperature': 0.5325032368716663}. Best is trial 88 with value: 0.02933544222538914.
[I 2025-08-01 10:15:40,004] Trial 104 finished with value: 0.03039075365071985 and parameters: {'min_abs_corr': 0.033708361912623774, 'max_pair_corr': 0.9895304265841772, 'iterations': 1668, 'learning_rate': 0.040948051688585126, 'depth': 5, 'l2_leaf_reg': 6.250444175802409, 'subsample': 0.5940159058635397, 'rsm': 0.9131060685675207, 'bagging_temperature': 0.6083451560682968}. Best is trial 88 with value: 0.02933544222538914.
[I 2025-08-01 10:16:08,204] Trial 105 finished with value: 0.030060075392427645 and parameters: {'min_abs_corr': 0.04090044984310075, 'max_pair_corr': 0.9785380298158372, 'iterations': 1788, 'learning_rate': 0.03356538537032844, 'depth': 5, 'l2_leaf_reg': 6.452746209373163, 'subsample': 0.5472806203928788, 'rsm': 0.9637611229777385, 'bagging_temperature': 0.6374400153818983}. Best is trial 88 with value: 0.02933544222538914.
[I 2025-08-01 10:16:40,937] Trial 106 finished with value: 0.03175448813128157 and parameters: {'min_abs_corr': 0.016476739117710814, 'max_pair_corr': 0.9824294580094841, 'iterations': 1960, 'learning_rate': 0.09249815241844364, 'depth': 5, 'l2_leaf_reg': 7.185788267636554, 'subsample': 0.6120810010791615, 'rsm': 0.8876875905666468, 'bagging_temperature': 0.6820578028563614}. Best is trial 88 with value: 0.02933544222538914.
[I 2025-08-01 10:17:31,871] Trial 107 finished with value: 0.031167204496483837 and parameters: {'min_abs_corr': 0.02904325864437898, 'max_pair_corr': 0.9866669592099627, 'iterations': 1888, 'learning_rate': 0.08419277869889646, 'depth': 6, 'l2_leaf_reg': 5.4518448550895755, 'subsample': 0.9445168331918952, 'rsm': 0.8570855266290073, 'bagging_temperature': 0.03944705433408818}. Best is trial 88 with value: 0.02933544222538914.
[I 2025-08-01 10:17:37,665] Trial 108 finished with value: 0.03176263638409081 and parameters: {'min_abs_corr': 0.0350517278773602, 'max_pair_corr': 0.9765664282988996, 'iterations': 533, 'learning_rate': 0.05585883338305287, 'depth': 4, 'l2_leaf_reg': 6.075764607338477, 'subsample': 0.5660814222816982, 'rsm': 0.9491782213146217, 'bagging_temperature': 0.548440799604976}. Best is trial 88 with value: 0.02933544222538914.
[I 2025-08-01 10:18:05,125] Trial 109 finished with value: 0.03033433873461385 and parameters: {'min_abs_corr': 0.051058140082093015, 'max_pair_corr': 0.9743523556342696, 'iterations': 1851, 'learning_rate': 0.05069830052649489, 'depth': 5, 'l2_leaf_reg': 4.086265299571906, 'subsample': 0.6008461210819536, 'rsm': 0.897181074597754, 'bagging_temperature': 0.5890479971734672}. Best is trial 88 with value: 0.02933544222538914.
[I 2025-08-01 10:18:21,412] Trial 110 finished with value: 0.030496566352709403 and parameters: {'min_abs_corr': 0.04729462246673742, 'max_pair_corr': 0.9790844201786231, 'iterations': 1583, 'learning_rate': 0.03871670255963289, 'depth': 4, 'l2_leaf_reg': 4.389950578146531, 'subsample': 0.5428857777006011, 'rsm': 0.9261670389004256, 'bagging_temperature': 0.47380565525641055}. Best is trial 88 with value: 0.02933544222538914.
[I 2025-08-01 10:18:41,115] Trial 111 finished with value: 0.030147137916840927 and parameters: {'min_abs_corr': 0.036685852878140655, 'max_pair_corr': 0.9758515706352133, 'iterations': 1961, 'learning_rate': 0.018382946922368144, 'depth': 4, 'l2_leaf_reg': 5.2360083248494425, 'subsample': 0.553867221768029, 'rsm': 0.8731604816459438, 'bagging_temperature': 0.42863377473233916}. Best is trial 88 with value: 0.02933544222538914.
[I 2025-08-01 10:18:59,773] Trial 112 finished with value: 0.030448658625722314 and parameters: {'min_abs_corr': 0.03789606975847259, 'max_pair_corr': 0.9707275442043862, 'iterations': 1916, 'learning_rate': 0.02843389436347098, 'depth': 4, 'l2_leaf_reg': 4.811556703795286, 'subsample': 0.5843510519066833, 'rsm': 0.9100713933074644, 'bagging_temperature': 0.5001012020885134}. Best is trial 88 with value: 0.02933544222538914.
[I 2025-08-01 10:19:12,775] Trial 113 finished with value: 0.031540476320397484 and parameters: {'min_abs_corr': 0.0446707656028742, 'max_pair_corr': 0.923850765346686, 'iterations': 1756, 'learning_rate': 0.023358189159691553, 'depth': 4, 'l2_leaf_reg': 5.704153431518008, 'subsample': 0.5623128743345753, 'rsm': 0.7313816624415272, 'bagging_temperature': 0.4106299928298053}. Best is trial 88 with value: 0.02933544222538914.
[I 2025-08-01 10:19:32,803] Trial 114 finished with value: 0.030443836623486847 and parameters: {'min_abs_corr': 0.02412554887751835, 'max_pair_corr': 0.9844625040339566, 'iterations': 1815, 'learning_rate': 0.027095329526257966, 'depth': 4, 'l2_leaf_reg': 5.025242982508935, 'subsample': 0.5745685332820035, 'rsm': 0.8457070039345768, 'bagging_temperature': 0.5184573205280357}. Best is trial 88 with value: 0.02933544222538914.
[I 2025-08-01 10:20:00,955] Trial 115 finished with value: 0.030427479845276866 and parameters: {'min_abs_corr': 0.03245902481688526, 'max_pair_corr': 0.9744386093060077, 'iterations': 1848, 'learning_rate': 0.03211663436464503, 'depth': 5, 'l2_leaf_reg': 4.540571007463852, 'subsample': 0.6458176721450122, 'rsm': 0.9808954512036353, 'bagging_temperature': 0.44220373954217373}. Best is trial 88 with value: 0.02933544222538914.
[I 2025-08-01 10:20:10,890] Trial 116 finished with value: 0.03126743389563017 and parameters: {'min_abs_corr': 0.03965605141080874, 'max_pair_corr': 0.9682229576515072, 'iterations': 1730, 'learning_rate': 0.04696430427208404, 'depth': 3, 'l2_leaf_reg': 4.248205934031409, 'subsample': 0.5371120047872354, 'rsm': 0.6876719792924688, 'bagging_temperature': 0.4907956147810093}. Best is trial 88 with value: 0.02933544222538914.
[I 2025-08-01 10:20:37,736] Trial 117 finished with value: 0.03050707482753994 and parameters: {'min_abs_corr': 0.029778150746252004, 'max_pair_corr': 0.9376656328218875, 'iterations': 1939, 'learning_rate': 0.06998240903505556, 'depth': 5, 'l2_leaf_reg': 5.587983072671131, 'subsample': 0.5236238674329404, 'rsm': 0.8950022611891673, 'bagging_temperature': 0.5723948224090338}. Best is trial 88 with value: 0.02933544222538914.
[I 2025-08-01 10:20:41,473] Trial 118 finished with value: 0.036638352227751164 and parameters: {'min_abs_corr': 0.04194543801928993, 'max_pair_corr': 0.981887391011201, 'iterations': 341, 'learning_rate': 0.020166161217773183, 'depth': 4, 'l2_leaf_reg': 5.966219631314713, 'subsample': 0.6306416964033379, 'rsm': 0.7801614172477332, 'bagging_temperature': 0.3581400381181774}. Best is trial 88 with value: 0.02933544222538914.
[I 2025-08-01 10:21:02,627] Trial 119 finished with value: 0.031822218371795594 and parameters: {'min_abs_corr': 0.035355654736578424, 'max_pair_corr': 0.9295223137353483, 'iterations': 1692, 'learning_rate': 0.0352614607058952, 'depth': 5, 'l2_leaf_reg': 5.2371129430404615, 'subsample': 0.5543499328285177, 'rsm': 0.8145283033696282, 'bagging_temperature': 0.4715501596133582}. Best is trial 88 with value: 0.02933544222538914.
[I 2025-08-01 10:21:20,869] Trial 120 finished with value: 0.029603539557005655 and parameters: {'min_abs_corr': 0.026140700180707452, 'max_pair_corr': 0.9771443532134217, 'iterations': 1909, 'learning_rate': 0.04058823614156153, 'depth': 4, 'l2_leaf_reg': 3.839239403862364, 'subsample': 0.5997469255864559, 'rsm': 0.755796838127813, 'bagging_temperature': 0.6462788701646164}. Best is trial 88 with value: 0.02933544222538914.
[I 2025-08-01 10:21:39,878] Trial 121 finished with value: 0.030236701201963145 and parameters: {'min_abs_corr': 0.02687267620194847, 'max_pair_corr': 0.9771130947013306, 'iterations': 1992, 'learning_rate': 0.039554640152271336, 'depth': 4, 'l2_leaf_reg': 3.886203953132231, 'subsample': 0.5946124072314106, 'rsm': 0.7473221667527756, 'bagging_temperature': 0.6995898168454734}. Best is trial 88 with value: 0.02933544222538914.
[I 2025-08-01 10:21:57,450] Trial 122 finished with value: 0.03026535755581914 and parameters: {'min_abs_corr': 0.01929864285475197, 'max_pair_corr': 0.9734154004118518, 'iterations': 1884, 'learning_rate': 0.06072574920181114, 'depth': 4, 'l2_leaf_reg': 4.096610014847785, 'subsample': 0.614430618741099, 'rsm': 0.7381243833001768, 'bagging_temperature': 0.643505280424174}. Best is trial 88 with value: 0.02933544222538914.
[I 2025-08-01 10:22:15,249] Trial 123 finished with value: 0.029909115153763995 and parameters: {'min_abs_corr': 0.037232464503552574, 'max_pair_corr': 0.9797292522370407, 'iterations': 1911, 'learning_rate': 0.0479045258825306, 'depth': 4, 'l2_leaf_reg': 4.448662920392034, 'subsample': 0.5831241250126142, 'rsm': 0.7215539413015588, 'bagging_temperature': 0.7354341833595728}. Best is trial 88 with value: 0.02933544222538914.
[I 2025-08-01 10:22:32,933] Trial 124 finished with value: 0.030219137212550644 and parameters: {'min_abs_corr': 0.031954973584839265, 'max_pair_corr': 0.980237767827053, 'iterations': 1816, 'learning_rate': 0.04569761578963102, 'depth': 4, 'l2_leaf_reg': 3.241916950829208, 'subsample': 0.6046319541863928, 'rsm': 0.7622576480760596, 'bagging_temperature': 0.811522787000021}. Best is trial 88 with value: 0.02933544222538914.
[I 2025-08-01 10:22:44,718] Trial 125 finished with value: 0.030839568122489013 and parameters: {'min_abs_corr': 0.03374177881744092, 'max_pair_corr': 0.9781461963542227, 'iterations': 1908, 'learning_rate': 0.05355299724459739, 'depth': 3, 'l2_leaf_reg': 3.5368604733838884, 'subsample': 0.5861433894783113, 'rsm': 0.7144206601507969, 'bagging_temperature': 0.749367984090101}. Best is trial 88 with value: 0.02933544222538914.
[I 2025-08-01 10:23:11,385] Trial 126 finished with value: 0.030181780361546735 and parameters: {'min_abs_corr': 0.02591061843318168, 'max_pair_corr': 0.9824628454267099, 'iterations': 1785, 'learning_rate': 0.03158903151486183, 'depth': 5, 'l2_leaf_reg': 4.467504878841135, 'subsample': 0.5720459317754766, 'rsm': 0.7035888871621375, 'bagging_temperature': 0.8644424736524917}. Best is trial 88 with value: 0.02933544222538914.
[I 2025-08-01 10:24:31,581] Trial 127 finished with value: 0.03069557489213908 and parameters: {'min_abs_corr': 0.03830866351408586, 'max_pair_corr': 0.9863018318496118, 'iterations': 1866, 'learning_rate': 0.03904878402246587, 'depth': 7, 'l2_leaf_reg': 3.6604135348183684, 'subsample': 0.5843793570647812, 'rsm': 0.7203808499287258, 'bagging_temperature': 0.7182210697738179}. Best is trial 88 with value: 0.02933544222538914.
[I 2025-08-01 10:24:47,667] Trial 128 finished with value: 0.030394165413796182 and parameters: {'min_abs_corr': 0.030161350052610447, 'max_pair_corr': 0.9792036091769285, 'iterations': 1502, 'learning_rate': 0.07771152396572108, 'depth': 4, 'l2_leaf_reg': 4.002049464918811, 'subsample': 0.624028101306148, 'rsm': 0.9613599275741709, 'bagging_temperature': 0.7736866397941223}. Best is trial 88 with value: 0.02933544222538914.
[I 2025-08-01 10:25:05,100] Trial 129 finished with value: 0.030030763741140082 and parameters: {'min_abs_corr': 0.040713281764259854, 'max_pair_corr': 0.9879897222663422, 'iterations': 1749, 'learning_rate': 0.045469417997882046, 'depth': 4, 'l2_leaf_reg': 4.2987338192552205, 'subsample': 0.5669915823381246, 'rsm': 0.6916539177248092, 'bagging_temperature': 0.6029913783389657}. Best is trial 88 with value: 0.02933544222538914.
[I 2025-08-01 10:25:24,424] Trial 130 finished with value: 0.030058397369749086 and parameters: {'min_abs_corr': 0.043822110232331846, 'max_pair_corr': 0.984049542108507, 'iterations': 1366, 'learning_rate': 0.03548896441956498, 'depth': 5, 'l2_leaf_reg': 4.966223706651198, 'subsample': 0.7539149507272984, 'rsm': 0.656740022716628, 'bagging_temperature': 0.6268081989388177}. Best is trial 88 with value: 0.02933544222538914.
[I 2025-08-01 10:25:42,453] Trial 131 finished with value: 0.03049130752848884 and parameters: {'min_abs_corr': 0.03728433202096057, 'max_pair_corr': 0.9736023589514712, 'iterations': 1950, 'learning_rate': 0.026258652517249438, 'depth': 4, 'l2_leaf_reg': 4.846630365236405, 'subsample': 0.5535355292259164, 'rsm': 0.7603699476655356, 'bagging_temperature': 0.5550831556312675}. Best is trial 88 with value: 0.02933544222538914.
[I 2025-08-01 10:26:01,406] Trial 132 finished with value: 0.030045644693184742 and parameters: {'min_abs_corr': 0.035961713346879025, 'max_pair_corr': 0.9761174825565628, 'iterations': 1842, 'learning_rate': 0.030545854259133403, 'depth': 4, 'l2_leaf_reg': 4.668139583895941, 'subsample': 0.5999599606948907, 'rsm': 0.9336834713899423, 'bagging_temperature': 0.45653258576312333}. Best is trial 88 with value: 0.02933544222538914.
[I 2025-08-01 10:26:21,071] Trial 133 finished with value: 0.02991473486546816 and parameters: {'min_abs_corr': 0.033832825654467345, 'max_pair_corr': 0.9807698811451774, 'iterations': 1993, 'learning_rate': 0.022640475766739693, 'depth': 4, 'l2_leaf_reg': 5.406779582368802, 'subsample': 0.5779584805968236, 'rsm': 0.791928316233847, 'bagging_temperature': 0.387913390011664}. Best is trial 88 with value: 0.02933544222538914.
[I 2025-08-01 10:26:42,745] Trial 134 finished with value: 0.029501445512207437 and parameters: {'min_abs_corr': 0.027977156790154938, 'max_pair_corr': 0.981200722737479, 'iterations': 1991, 'learning_rate': 0.021945535999419355, 'depth': 4, 'l2_leaf_reg': 5.56295347190787, 'subsample': 0.5778096232361983, 'rsm': 0.9185071525655356, 'bagging_temperature': 0.5235269943498879}. Best is trial 88 with value: 0.02933544222538914.
[I 2025-08-01 10:27:09,644] Trial 135 finished with value: 0.03027528311243765 and parameters: {'min_abs_corr': 0.0235601267431277, 'max_pair_corr': 0.9428134676652248, 'iterations': 1899, 'learning_rate': 0.015615890004738389, 'depth': 5, 'l2_leaf_reg': 3.828512970456049, 'subsample': 0.5984773288713329, 'rsm': 0.9219191516435509, 'bagging_temperature': 0.5248313139125187}. Best is trial 88 with value: 0.02933544222538914.
[I 2025-08-01 10:28:40,361] Trial 136 finished with value: 0.032655222534366916 and parameters: {'min_abs_corr': 0.028767608111612997, 'max_pair_corr': 0.9776079836676846, 'iterations': 1968, 'learning_rate': 0.050063307330499934, 'depth': 8, 'l2_leaf_reg': 6.287108639327564, 'subsample': 0.6163853964613737, 'rsm': 0.4009489403097443, 'bagging_temperature': 0.6601153393115322}. Best is trial 88 with value: 0.02933544222538914.
[I 2025-08-01 10:29:01,385] Trial 137 finished with value: 0.03005224483765978 and parameters: {'min_abs_corr': 0.03012676434249127, 'max_pair_corr': 0.9819550028563351, 'iterations': 1931, 'learning_rate': 0.04057864059129857, 'depth': 4, 'l2_leaf_reg': 5.84390580451404, 'subsample': 0.5434595596991836, 'rsm': 0.9431054867812563, 'bagging_temperature': 0.5790514504608082}. Best is trial 88 with value: 0.02933544222538914.
[I 2025-08-01 10:29:14,702] Trial 138 finished with value: 0.031374459917932536 and parameters: {'min_abs_corr': 0.027418613525490704, 'max_pair_corr': 0.9705324479422925, 'iterations': 1999, 'learning_rate': 0.06420013461499768, 'depth': 3, 'l2_leaf_reg': 6.068024887465117, 'subsample': 0.6358442305068119, 'rsm': 0.9057392525808868, 'bagging_temperature': 0.5069452830403857}. Best is trial 88 with value: 0.02933544222538914.
[I 2025-08-01 10:33:46,083] Trial 139 finished with value: 0.032320102762857364 and parameters: {'min_abs_corr': 0.02177347630646776, 'max_pair_corr': 0.984803819840292, 'iterations': 1812, 'learning_rate': 0.02932409705559506, 'depth': 9, 'l2_leaf_reg': 5.499996263333348, 'subsample': 0.5660188493124648, 'rsm': 0.8659553381689502, 'bagging_temperature': 0.776778395287287}. Best is trial 88 with value: 0.02933544222538914.
[I 2025-08-01 10:34:32,420] Trial 140 finished with value: 0.030355009399278137 and parameters: {'min_abs_corr': 0.03497777657418976, 'max_pair_corr': 0.9791387420882864, 'iterations': 1871, 'learning_rate': 0.0343817252768139, 'depth': 6, 'l2_leaf_reg': 4.254406725503078, 'subsample': 0.5896567347788277, 'rsm': 0.882679316895507, 'bagging_temperature': 0.5371122565541635}. Best is trial 88 with value: 0.02933544222538914.
[I 2025-08-01 10:34:51,248] Trial 141 finished with value: 0.030754826110904143 and parameters: {'min_abs_corr': 0.039557092067104824, 'max_pair_corr': 0.9808067992310794, 'iterations': 1968, 'learning_rate': 0.02718130463647642, 'depth': 4, 'l2_leaf_reg': 5.424514332927271, 'subsample': 0.5808055788207495, 'rsm': 0.731277753111419, 'bagging_temperature': 0.4193903264913096}. Best is trial 88 with value: 0.02933544222538914.
[I 2025-08-01 10:35:13,101] Trial 142 finished with value: 0.030376701044776022 and parameters: {'min_abs_corr': 0.034222789344903054, 'max_pair_corr': 0.9834027180947645, 'iterations': 1997, 'learning_rate': 0.01937097950729026, 'depth': 4, 'l2_leaf_reg': 5.129971294544504, 'subsample': 0.5739253716337845, 'rsm': 0.9223945473258117, 'bagging_temperature': 0.38107685350158943}. Best is trial 88 with value: 0.02933544222538914.
[I 2025-08-01 10:35:33,081] Trial 143 finished with value: 0.03012874987807208 and parameters: {'min_abs_corr': 0.0326546955868895, 'max_pair_corr': 0.9807947182670363, 'iterations': 1904, 'learning_rate': 0.0219991950905352, 'depth': 4, 'l2_leaf_reg': 5.624535474271125, 'subsample': 0.6117360180637259, 'rsm': 0.8911907340174547, 'bagging_temperature': 0.43660976817795744}. Best is trial 88 with value: 0.02933544222538914.
[I 2025-08-01 10:35:53,108] Trial 144 finished with value: 0.029979896900740034 and parameters: {'min_abs_corr': 0.031123884010902696, 'max_pair_corr': 0.9771234848025661, 'iterations': 1935, 'learning_rate': 0.02418680453290845, 'depth': 4, 'l2_leaf_reg': 5.301797553040263, 'subsample': 0.5814886483393956, 'rsm': 0.9114456544756073, 'bagging_temperature': 0.482549283506408}. Best is trial 88 with value: 0.02933544222538914.
[I 2025-08-01 10:36:10,102] Trial 145 finished with value: 0.030530585787792386 and parameters: {'min_abs_corr': 0.025410001725294395, 'max_pair_corr': 0.9717900565519317, 'iterations': 1783, 'learning_rate': 0.021807200524646953, 'depth': 4, 'l2_leaf_reg': 4.66084338816074, 'subsample': 0.530426900436618, 'rsm': 0.8316373401058974, 'bagging_temperature': 0.6074456343310224}. Best is trial 88 with value: 0.02933544222538914.
[I 2025-08-01 10:36:35,358] Trial 146 finished with value: 0.0304556276496182 and parameters: {'min_abs_corr': 0.08870951077435751, 'max_pair_corr': 0.985837761635294, 'iterations': 1836, 'learning_rate': 0.017367489540138295, 'depth': 5, 'l2_leaf_reg': 5.805734087662694, 'subsample': 0.5578818369292637, 'rsm': 0.7949059752676776, 'bagging_temperature': 0.5537887479176931}. Best is trial 88 with value: 0.02933544222538914.
[I 2025-08-01 10:36:52,858] Trial 147 finished with value: 0.03014139974658222 and parameters: {'min_abs_corr': 0.04143175430753485, 'max_pair_corr': 0.9756133930824007, 'iterations': 1873, 'learning_rate': 0.05708040414876236, 'depth': 4, 'l2_leaf_reg': 4.419211653965896, 'subsample': 0.5153218647631888, 'rsm': 0.7494202341417013, 'bagging_temperature': 0.11696649502302997}. Best is trial 88 with value: 0.02933544222538914.
[I 2025-08-01 10:37:03,113] Trial 148 finished with value: 0.030344365030471797 and parameters: {'min_abs_corr': 0.037366017716272015, 'max_pair_corr': 0.9790087159345111, 'iterations': 982, 'learning_rate': 0.037075717507976176, 'depth': 4, 'l2_leaf_reg': 5.106413861879122, 'subsample': 0.595445591123069, 'rsm': 0.8725387889906264, 'bagging_temperature': 0.39709591120638105}. Best is trial 88 with value: 0.02933544222538914.
[I 2025-08-01 10:37:30,927] Trial 149 finished with value: 0.03602408989338266 and parameters: {'min_abs_corr': 0.032766084006213794, 'max_pair_corr': 0.9816600469741338, 'iterations': 1711, 'learning_rate': 0.2572763093782394, 'depth': 5, 'l2_leaf_reg': 6.467018933379884, 'subsample': 0.576014846691731, 'rsm': 0.8983949865148818, 'bagging_temperature': 0.4644045583497632}. Best is trial 88 with value: 0.02933544222538914.
[I 2025-08-01 10:37:43,357] Trial 150 finished with value: 0.031180058997287475 and parameters: {'min_abs_corr': 0.03571202870500165, 'max_pair_corr': 0.946912950669148, 'iterations': 1960, 'learning_rate': 0.047877231812091844, 'depth': 3, 'l2_leaf_reg': 4.937774443425608, 'subsample': 0.6050512320122373, 'rsm': 0.9480606836536403, 'bagging_temperature': 0.32991239263813826}. Best is trial 88 with value: 0.02933544222538914.
[I 2025-08-01 10:38:01,654] Trial 151 finished with value: 0.030216262209522983 and parameters: {'min_abs_corr': 0.03908627369997882, 'max_pair_corr': 0.9750155596904436, 'iterations': 1910, 'learning_rate': 0.024434786853710852, 'depth': 4, 'l2_leaf_reg': 5.414527152675593, 'subsample': 0.5621839968619677, 'rsm': 0.7818229802584269, 'bagging_temperature': 0.4976130605672203}. Best is trial 88 with value: 0.02933544222538914.
[I 2025-08-01 10:38:19,609] Trial 152 finished with value: 0.030577721924303424 and parameters: {'min_abs_corr': 0.03691275899907244, 'max_pair_corr': 0.9734073667695484, 'iterations': 1932, 'learning_rate': 0.03144385395028159, 'depth': 4, 'l2_leaf_reg': 4.68294791365855, 'subsample': 0.550031687182976, 'rsm': 0.7882499207509313, 'bagging_temperature': 0.45118310250979166}. Best is trial 88 with value: 0.02933544222538914.
