[I 2025-08-01 10:38:36,843] Trial 153 finished with value: 0.03063302513380447 and parameters: {'min_abs_corr': 0.042719657783523574, 'max_pair_corr': 0.9775789856925777, 'iterations': 1840, 'learning_rate': 0.04179738680320116, 'depth': 4, 'l2_leaf_reg': 4.148920714579035, 'subsample': 0.540143607351918, 'rsm': 0.7671195056897869, 'bagging_temperature': 0.5284332944497545}. Best is trial 88 with value: 0.02933544222538914.
[I 2025-08-01 10:38:57,464] Trial 154 finished with value: 0.029604680963685747 and parameters: {'min_abs_corr': 0.027976357906661666, 'max_pair_corr': 0.9797590180777181, 'iterations': 1997, 'learning_rate': 0.027041599478679495, 'depth': 4, 'l2_leaf_reg': 4.493797523804632, 'subsample': 0.5909523517009129, 'rsm': 0.8476958625672041, 'bagging_temperature': 0.4171189324254687}. Best is trial 88 with value: 0.02933544222538914.
[I 2025-08-01 10:39:19,356] Trial 155 finished with value: 0.03012347281860176 and parameters: {'min_abs_corr': 0.029478574217063735, 'max_pair_corr': 0.983716818557222, 'iterations': 1993, 'learning_rate': 0.028097232595538854, 'depth': 4, 'l2_leaf_reg': 4.505634281611293, 'subsample': 0.5743165330453553, 'rsm': 0.8578863431049778, 'bagging_temperature': 0.4198916813377365}. Best is trial 88 with value: 0.02933544222538914.
[I 2025-08-01 10:39:49,273] Trial 156 finished with value: 0.030427657964537808 and parameters: {'min_abs_corr': 0.028440483590116243, 'max_pair_corr': 0.9803338501641324, 'iterations': 1897, 'learning_rate': 0.02104495859343463, 'depth': 5, 'l2_leaf_reg': 3.931569624915713, 'subsample': 0.5904822306065002, 'rsm': 0.8815353392694124, 'bagging_temperature': 0.3812572486503559}. Best is trial 88 with value: 0.02933544222538914.
[I 2025-08-01 10:40:10,230] Trial 157 finished with value: 0.030184129560968748 and parameters: {'min_abs_corr': 0.026149375085036036, 'max_pair_corr': 0.9822411307626799, 'iterations': 1966, 'learning_rate': 0.03306402644290785, 'depth': 4, 'l2_leaf_reg': 3.629353892046166, 'subsample': 0.5893365782689097, 'rsm': 0.8497465330449951, 'bagging_temperature': 0.5802354969032198}. Best is trial 88 with value: 0.02933544222538914.
[I 2025-08-01 10:40:38,278] Trial 158 finished with value: 0.031056102908217458 and parameters: {'min_abs_corr': 0.030869144970913462, 'max_pair_corr': 0.9786905211676836, 'iterations': 1756, 'learning_rate': 0.05175590182360486, 'depth': 5, 'l2_leaf_reg': 5.622920415721293, 'subsample': 0.6254462682905909, 'rsm': 0.9361299991895082, 'bagging_temperature': 0.4814212608901819}. Best is trial 88 with value: 0.02933544222538914.
[I 2025-08-01 10:40:58,616] Trial 159 finished with value: 0.030403281860096852 and parameters: {'min_abs_corr': 0.03391055263407458, 'max_pair_corr': 0.9877104418835649, 'iterations': 1799, 'learning_rate': 0.01442003232778678, 'depth': 4, 'l2_leaf_reg': 3.8069591432242538, 'subsample': 0.5671831323944356, 'rsm': 0.9181880459408623, 'bagging_temperature': 0.9451466704731667}. Best is trial 88 with value: 0.02933544222538914.
[I 2025-08-01 10:41:26,466] Trial 160 finished with value: 0.030372424992571635 and parameters: {'min_abs_corr': 0.024545928629802122, 'max_pair_corr': 0.9764722286226493, 'iterations': 1867, 'learning_rate': 0.023698572084462858, 'depth': 5, 'l2_leaf_reg': 6.0927796605286435, 'subsample': 0.6020771903773003, 'rsm': 0.8210667931950781, 'bagging_temperature': 0.6832318200774168}. Best is trial 88 with value: 0.02933544222538914.
[I 2025-08-01 10:41:45,990] Trial 161 finished with value: 0.030077061307280578 and parameters: {'min_abs_corr': 0.03955226254688591, 'max_pair_corr': 0.9753057229492936, 'iterations': 1949, 'learning_rate': 0.026606055448967617, 'depth': 4, 'l2_leaf_reg': 4.315486974971922, 'subsample': 0.5809996777448632, 'rsm': 0.8660620615400503, 'bagging_temperature': 0.4297479395653958}. Best is trial 88 with value: 0.02933544222538914.
[I 2025-08-01 10:41:57,063] Trial 162 finished with value: 0.029999817931514544 and parameters: {'min_abs_corr': 0.03278537772648951, 'max_pair_corr': 0.9810580025351074, 'iterations': 1103, 'learning_rate': 0.03687193457698101, 'depth': 4, 'l2_leaf_reg': 4.7305176101249, 'subsample': 0.5609668628870608, 'rsm': 0.7379153489218926, 'bagging_temperature': 0.4504048966396746}. Best is trial 88 with value: 0.02933544222538914.
[I 2025-08-01 10:42:16,086] Trial 163 finished with value: 0.030359387775207795 and parameters: {'min_abs_corr': 0.036628709725382805, 'max_pair_corr': 0.9788527048899381, 'iterations': 1931, 'learning_rate': 0.029824045468805065, 'depth': 4, 'l2_leaf_reg': 5.201491819324713, 'subsample': 0.5547266158538501, 'rsm': 0.8063351246080263, 'bagging_temperature': 0.40554283383651085}. Best is trial 88 with value: 0.02933544222538914.
[I 2025-08-01 10:42:34,711] Trial 164 finished with value: 0.03051961694432543 and parameters: {'min_abs_corr': 0.03489765449610667, 'max_pair_corr': 0.9721867216195929, 'iterations': 1914, 'learning_rate': 0.01902387740836024, 'depth': 4, 'l2_leaf_reg': 4.513677463396248, 'subsample': 0.5011811516583717, 'rsm': 0.879367856141242, 'bagging_temperature': 0.5069820588038931}. Best is trial 88 with value: 0.02933544222538914.
[I 2025-08-01 10:42:53,759] Trial 165 finished with value: 0.02994059086341878 and parameters: {'min_abs_corr': 0.027673491500090432, 'max_pair_corr': 0.9767809754250066, 'iterations': 1972, 'learning_rate': 0.04219866644733217, 'depth': 4, 'l2_leaf_reg': 4.088899488104098, 'subsample': 0.6090132655184232, 'rsm': 0.7559484640078865, 'bagging_temperature': 0.46440292148152085}. Best is trial 88 with value: 0.02933544222538914.
[I 2025-08-01 10:43:14,201] Trial 166 finished with value: 0.03053798537110175 and parameters: {'min_abs_corr': 0.02152189074195851, 'max_pair_corr': 0.9800304599745208, 'iterations': 1995, 'learning_rate': 0.044272856729147284, 'depth': 4, 'l2_leaf_reg': 4.012940195484924, 'subsample': 0.6160430858437704, 'rsm': 0.8359162919479322, 'bagging_temperature': 0.46888225005929773}. Best is trial 88 with value: 0.02933544222538914.
[I 2025-08-01 10:43:36,513] Trial 167 finished with value: 0.030278478450286618 and parameters: {'min_abs_corr': 0.028037383504249752, 'max_pair_corr': 0.9830181687410201, 'iterations': 1973, 'learning_rate': 0.05807357981877974, 'depth': 4, 'l2_leaf_reg': 4.214864069796953, 'subsample': 0.6083271344236497, 'rsm': 0.8967261853738373, 'bagging_temperature': 0.1635099567570761}. Best is trial 88 with value: 0.02933544222538914.
[I 2025-08-01 10:43:48,506] Trial 168 finished with value: 0.03030208660950969 and parameters: {'min_abs_corr': 0.02661347836512592, 'max_pair_corr': 0.9773866173726066, 'iterations': 1235, 'learning_rate': 0.041435553809937964, 'depth': 4, 'l2_leaf_reg': 5.892290908811945, 'subsample': 0.788287256913399, 'rsm': 0.7230888440394981, 'bagging_temperature': 0.5642736477680319}. Best is trial 88 with value: 0.02933544222538914.
[I 2025-08-01 10:44:17,825] Trial 169 finished with value: 0.0309707511835092 and parameters: {'min_abs_corr': 0.03142596487476165, 'max_pair_corr': 0.9853068019801003, 'iterations': 1866, 'learning_rate': 0.0689263034653493, 'depth': 5, 'l2_leaf_reg': 4.978496689024941, 'subsample': 0.5965556096889135, 'rsm': 0.7496154229485763, 'bagging_temperature': 0.5172200218179093}. Best is trial 88 with value: 0.02933544222538914.
[I 2025-08-01 10:44:25,432] Trial 170 finished with value: 0.031882880080382196 and parameters: {'min_abs_corr': 0.04553915261223502, 'max_pair_corr': 0.9687429120690899, 'iterations': 1171, 'learning_rate': 0.04679346992236908, 'depth': 3, 'l2_leaf_reg': 4.0048598494414165, 'subsample': 0.5830223486403624, 'rsm': 0.9066978550007846, 'bagging_temperature': 0.5444911531758386}. Best is trial 88 with value: 0.02933544222538914.
[I 2025-08-01 10:44:44,069] Trial 171 finished with value: 0.029578146897591494 and parameters: {'min_abs_corr': 0.037758067446863455, 'max_pair_corr': 0.9753017773656286, 'iterations': 1957, 'learning_rate': 0.024514092490762193, 'depth': 4, 'l2_leaf_reg': 4.795819817377903, 'subsample': 0.5711556643124984, 'rsm': 0.7738747668029619, 'bagging_temperature': 0.436023037554195}. Best is trial 88 with value: 0.02933544222538914.
[I 2025-08-01 10:45:02,250] Trial 172 finished with value: 0.03016734832254071 and parameters: {'min_abs_corr': 0.041098284723330665, 'max_pair_corr': 0.9739335342654295, 'iterations': 1954, 'learning_rate': 0.03385183337648674, 'depth': 4, 'l2_leaf_reg': 3.385483384507072, 'subsample': 0.5732865207599348, 'rsm': 0.7747604229275225, 'bagging_temperature': 0.4343895796392904}. Best is trial 88 with value: 0.02933544222538914.
[I 2025-08-01 10:45:20,245] Trial 173 finished with value: 0.03016309755694453 and parameters: {'min_abs_corr': 0.030655837457968176, 'max_pair_corr': 0.9763982786559766, 'iterations': 1893, 'learning_rate': 0.02332395660557384, 'depth': 4, 'l2_leaf_reg': 4.398108287469797, 'subsample': 0.5882682472833163, 'rsm': 0.754475358505172, 'bagging_temperature': 0.4737001170131911}. Best is trial 88 with value: 0.02933544222538914.
[I 2025-08-01 10:45:41,044] Trial 174 finished with value: 0.029420251035117074 and parameters: {'min_abs_corr': 0.038214085669706924, 'max_pair_corr': 0.9796945052259317, 'iterations': 1999, 'learning_rate': 0.029779042612488628, 'depth': 4, 'l2_leaf_reg': 4.8048356667402, 'subsample': 0.6021930725441726, 'rsm': 0.9290225944191426, 'bagging_temperature': 0.41261005387355654}. Best is trial 88 with value: 0.02933544222538914.
[I 2025-08-01 10:46:01,154] Trial 175 finished with value: 0.030360961462185188 and parameters: {'min_abs_corr': 0.03844787339537508, 'max_pair_corr': 0.9800335582889202, 'iterations': 1925, 'learning_rate': 0.026520041969458102, 'depth': 4, 'l2_leaf_reg': 4.947895656229271, 'subsample': 0.5989730952816461, 'rsm': 0.9299006042549706, 'bagging_temperature': 0.4039844510274426}. Best is trial 88 with value: 0.02933544222538914.
[I 2025-08-01 10:46:34,380] Trial 176 finished with value: 0.030018438443342753 and parameters: {'min_abs_corr': 0.035027761101802606, 'max_pair_corr': 0.9829174239981007, 'iterations': 1999, 'learning_rate': 0.030661733104775084, 'depth': 5, 'l2_leaf_reg': 4.764846657120228, 'subsample': 0.992354778885818, 'rsm': 0.9598357393788435, 'bagging_temperature': 0.3476039137790037}. Best is trial 88 with value: 0.02933544222538914.
[I 2025-08-01 10:46:53,491] Trial 177 finished with value: 0.030093021692864753 and parameters: {'min_abs_corr': 0.038828021956610025, 'max_pair_corr': 0.9787694358640812, 'iterations': 1827, 'learning_rate': 0.02031723979928668, 'depth': 4, 'l2_leaf_reg': 4.589428279260269, 'subsample': 0.5742161985351815, 'rsm': 0.9199504214419273, 'bagging_temperature': 0.6197462379554046}. Best is trial 88 with value: 0.02933544222538914.
[I 2025-08-01 10:48:06,044] Trial 178 finished with value: 0.030847371765106234 and parameters: {'min_abs_corr': 0.042691971273972305, 'max_pair_corr': 0.9814323346504082, 'iterations': 1671, 'learning_rate': 0.016915395946954775, 'depth': 7, 'l2_leaf_reg': 5.401390245944877, 'subsample': 0.5683363636157706, 'rsm': 0.8914097314167372, 'bagging_temperature': 0.36825937811749954}. Best is trial 88 with value: 0.02933544222538914.
[I 2025-08-01 10:48:53,241] Trial 179 finished with value: 0.03006965803723321 and parameters: {'min_abs_corr': 0.04055991304552205, 'max_pair_corr': 0.9746397432974202, 'iterations': 1999, 'learning_rate': 0.037344068152587624, 'depth': 6, 'l2_leaf_reg': 5.146962723688209, 'subsample': 0.5483313033373785, 'rsm': 0.9689221316516907, 'bagging_temperature': 0.384930987172047}. Best is trial 88 with value: 0.02933544222538914.
[I 2025-08-01 10:49:12,665] Trial 180 finished with value: 0.03089142970951872 and parameters: {'min_abs_corr': 0.0335079067627569, 'max_pair_corr': 0.9727252744436977, 'iterations': 1947, 'learning_rate': 0.029093220200347193, 'depth': 4, 'l2_leaf_reg': 5.619732256841637, 'subsample': 0.6205257096899855, 'rsm': 0.9054921311380052, 'bagging_temperature': 0.41421486600608387}. Best is trial 88 with value: 0.02933544222538914.
[I 2025-08-01 10:49:27,851] Trial 181 finished with value: 0.031162613806136524 and parameters: {'min_abs_corr': 0.023835388172738073, 'max_pair_corr': 0.9201606592056364, 'iterations': 1968, 'learning_rate': 0.05217457788940833, 'depth': 4, 'l2_leaf_reg': 4.120190123055728, 'subsample': 0.6057217318763518, 'rsm': 0.7667829593426462, 'bagging_temperature': 0.48276268530951294}. Best is trial 88 with value: 0.02933544222538914.
[I 2025-08-01 10:49:45,566] Trial 182 finished with value: 0.030329469963167533 and parameters: {'min_abs_corr': 0.028213942333570868, 'max_pair_corr': 0.9774478202590289, 'iterations': 1901, 'learning_rate': 0.04129109024908991, 'depth': 4, 'l2_leaf_reg': 4.409846767722815, 'subsample': 0.5909018211203101, 'rsm': 0.7081339716864965, 'bagging_temperature': 0.43863775887639106}. Best is trial 88 with value: 0.02933544222538914.
[I 2025-08-01 10:50:04,238] Trial 183 finished with value: 0.030428931073253628 and parameters: {'min_abs_corr': 0.037084375559892975, 'max_pair_corr': 0.9797074594637385, 'iterations': 1961, 'learning_rate': 0.03413051782979877, 'depth': 4, 'l2_leaf_reg': 3.877228634087023, 'subsample': 0.5820801169151607, 'rsm': 0.7293777672402375, 'bagging_temperature': 0.46455054654442124}. Best is trial 88 with value: 0.02933544222538914.
[I 2025-08-01 10:50:22,495] Trial 184 finished with value: 0.030417633514104203 and parameters: {'min_abs_corr': 0.03199025299735048, 'max_pair_corr': 0.9760715224276918, 'iterations': 1928, 'learning_rate': 0.023294322933976343, 'depth': 4, 'l2_leaf_reg': 4.804050162403641, 'subsample': 0.6304825152350181, 'rsm': 0.7440736643101332, 'bagging_temperature': 0.4988307873109767}. Best is trial 88 with value: 0.02933544222538914.
[I 2025-08-01 10:50:30,619] Trial 185 finished with value: 0.03191990080894661 and parameters: {'min_abs_corr': 0.07086671977430897, 'max_pair_corr': 0.9839297542172138, 'iterations': 781, 'learning_rate': 0.025978068069470922, 'depth': 4, 'l2_leaf_reg': 4.255403779625893, 'subsample': 0.6120074539172495, 'rsm': 0.9386854636157437, 'bagging_temperature': 0.4482483943982788}. Best is trial 88 with value: 0.02933544222538914.
[I 2025-08-01 10:50:50,158] Trial 186 finished with value: 0.030702354801530267 and parameters: {'min_abs_corr': 0.03549192088636027, 'max_pair_corr': 0.9810359694211047, 'iterations': 1862, 'learning_rate': 0.03821468432763754, 'depth': 4, 'l2_leaf_reg': 9.9102531415669, 'subsample': 0.5986912768755798, 'rsm': 0.8460983990780115, 'bagging_temperature': 0.42100798898040426}. Best is trial 88 with value: 0.02933544222538914.
[I 2025-08-01 10:51:09,955] Trial 187 finished with value: 0.030662652476417855 and parameters: {'min_abs_corr': 0.038610737698831166, 'max_pair_corr': 0.9368895241623376, 'iterations': 1427, 'learning_rate': 0.0464059679923472, 'depth': 5, 'l2_leaf_reg': 5.25968304602593, 'subsample': 0.5627258182187185, 'rsm': 0.914824470391788, 'bagging_temperature': 0.6493212049878989}. Best is trial 88 with value: 0.02933544222538914.
[I 2025-08-01 10:51:26,118] Trial 188 finished with value: 0.03132366976617689 and parameters: {'min_abs_corr': 0.029521927594186204, 'max_pair_corr': 0.9328743094928779, 'iterations': 1811, 'learning_rate': 0.03156341300015977, 'depth': 4, 'l2_leaf_reg': 4.510376648966581, 'subsample': 0.6450868331979703, 'rsm': 0.8734775074343408, 'bagging_temperature': 0.5879815982879384}. Best is trial 88 with value: 0.02933544222538914.
[I 2025-08-01 10:51:43,472] Trial 189 finished with value: 0.03041873537803543 and parameters: {'min_abs_corr': 0.033529302805210395, 'max_pair_corr': 0.9705216814693756, 'iterations': 1730, 'learning_rate': 0.062223753800700235, 'depth': 4, 'l2_leaf_reg': 3.724048432636478, 'subsample': 0.5876404447939028, 'rsm': 0.9467690968924872, 'bagging_temperature': 0.3979930661343215}. Best is trial 88 with value: 0.02933544222538914.
[I 2025-08-01 10:51:55,922] Trial 190 finished with value: 0.03060868151834479 and parameters: {'min_abs_corr': 0.04441570181086628, 'max_pair_corr': 0.9780915091703191, 'iterations': 1780, 'learning_rate': 0.021812507144830618, 'depth': 4, 'l2_leaf_reg': 5.695035406816937, 'subsample': 0.536874696250258, 'rsm': 0.43423432134907003, 'bagging_temperature': 0.5290957494702067}. Best is trial 88 with value: 0.02933544222538914.
[I 2025-08-01 10:52:14,591] Trial 191 finished with value: 0.03040496026472762 and parameters: {'min_abs_corr': 0.037067781183823756, 'max_pair_corr': 0.9751620004990997, 'iterations': 1941, 'learning_rate': 0.025414288554189066, 'depth': 4, 'l2_leaf_reg': 1.1728124143470895, 'subsample': 0.5778343164742298, 'rsm': 0.7893927034454392, 'bagging_temperature': 0.4609186959155517}. Best is trial 88 with value: 0.02933544222538914.
[I 2025-08-01 10:52:32,612] Trial 192 finished with value: 0.02994039309332682 and parameters: {'min_abs_corr': 0.0405226272293127, 'max_pair_corr': 0.9767472934580259, 'iterations': 1885, 'learning_rate': 0.028514951540164032, 'depth': 4, 'l2_leaf_reg': 4.786466708791107, 'subsample': 0.5548396728943586, 'rsm': 0.7816925576250472, 'bagging_temperature': 0.43869615958601843}. Best is trial 88 with value: 0.02933544222538914.
[I 2025-08-01 10:52:50,722] Trial 193 finished with value: 0.03048451373972918 and parameters: {'min_abs_corr': 0.04132731069746193, 'max_pair_corr': 0.9779533634086858, 'iterations': 1894, 'learning_rate': 0.028998763428186688, 'depth': 4, 'l2_leaf_reg': 4.98756081807836, 'subsample': 0.5662758619083815, 'rsm': 0.773960358182689, 'bagging_temperature': 0.43633799149024677}. Best is trial 88 with value: 0.02933544222538914.
[I 2025-08-01 10:53:09,278] Trial 194 finished with value: 0.03022396230993777 and parameters: {'min_abs_corr': 0.0398975121191703, 'max_pair_corr': 0.9742371963790076, 'iterations': 1840, 'learning_rate': 0.034581445640713845, 'depth': 4, 'l2_leaf_reg': 4.670064912836918, 'subsample': 0.5479351862998447, 'rsm': 0.926141813239848, 'bagging_temperature': 0.4913290424729783}. Best is trial 88 with value: 0.02933544222538914.
[I 2025-08-01 10:53:26,084] Trial 195 finished with value: 0.030304419351310962 and parameters: {'min_abs_corr': 0.03563525802644642, 'max_pair_corr': 0.9537732833371696, 'iterations': 1999, 'learning_rate': 0.04279260382385316, 'depth': 4, 'l2_leaf_reg': 4.1237042675271995, 'subsample': 0.5942014546760753, 'rsm': 0.756705616776585, 'bagging_temperature': 0.41211566550014583}. Best is trial 88 with value: 0.02933544222538914.
[I 2025-08-01 10:53:57,281] Trial 196 finished with value: 0.029671896550323772 and parameters: {'min_abs_corr': 0.042728003274881826, 'max_pair_corr': 0.9822408786517348, 'iterations': 1965, 'learning_rate': 0.026669222321166804, 'depth': 5, 'l2_leaf_reg': 4.8683812150737555, 'subsample': 0.5239348540745435, 'rsm': 0.8874120726050693, 'bagging_temperature': 0.44060074223347195}. Best is trial 88 with value: 0.02933544222538914.
[I 2025-08-01 10:54:28,502] Trial 197 finished with value: 0.02990372700927802 and parameters: {'min_abs_corr': 0.04252492500626003, 'max_pair_corr': 0.9852616069289046, 'iterations': 1888, 'learning_rate': 0.027462276228424433, 'depth': 5, 'l2_leaf_reg': 4.87672797145738, 'subsample': 0.5283911247451899, 'rsm': 0.8594406699082251, 'bagging_temperature': 0.3867131377334278}. Best is trial 88 with value: 0.02933544222538914.
[I 2025-08-01 10:55:00,264] Trial 198 finished with value: 0.03014721265873168 and parameters: {'min_abs_corr': 0.04403876667626469, 'max_pair_corr': 0.9848293356910099, 'iterations': 1927, 'learning_rate': 0.02287899862530796, 'depth': 5, 'l2_leaf_reg': 5.320406585884708, 'subsample': 0.5228916630050391, 'rsm': 0.8628443310802698, 'bagging_temperature': 0.3611602391553751}. Best is trial 88 with value: 0.02933544222538914.
[I 2025-08-01 10:55:29,390] Trial 199 finished with value: 0.030347574665359332 and parameters: {'min_abs_corr': 0.04697471171266679, 'max_pair_corr': 0.9861448660320135, 'iterations': 1763, 'learning_rate': 0.025599780267657395, 'depth': 5, 'l2_leaf_reg': 4.9563869631533475, 'subsample': 0.5098273735036597, 'rsm': 0.8848837404492087, 'bagging_temperature': 0.38861282186801976}. Best is trial 88 with value: 0.02933544222538914.
[I 2025-08-01 10:55:50,373] Trial 200 finished with value: 0.04622577161007539 and parameters: {'min_abs_corr': 0.037860279919970624, 'max_pair_corr': 0.9827655608142923, 'iterations': 1291, 'learning_rate': 0.0019916969496196362, 'depth': 5, 'l2_leaf_reg': 5.5497637303590786, 'subsample': 0.524637274960833, 'rsm': 0.8609493334057857, 'bagging_temperature': 0.3226616280691707}. Best is trial 88 with value: 0.02933544222538914.
[I 2025-08-01 10:56:19,150] Trial 201 finished with value: 0.029788910195615602 and parameters: {'min_abs_corr': 0.0429797183948932, 'max_pair_corr': 0.981443020029141, 'iterations': 1873, 'learning_rate': 0.030686575014024678, 'depth': 5, 'l2_leaf_reg': 4.822000780955276, 'subsample': 0.53144864334092, 'rsm': 0.8044052064140884, 'bagging_temperature': 0.42874511907530044}. Best is trial 88 with value: 0.02933544222538914.
[I 2025-08-01 10:56:47,803] Trial 202 finished with value: 0.03040066601340339 and parameters: {'min_abs_corr': 0.04227691201727316, 'max_pair_corr': 0.9819127833397813, 'iterations': 1856, 'learning_rate': 0.03111827912288648, 'depth': 5, 'l2_leaf_reg': 5.117617924432516, 'subsample': 0.5333309982906701, 'rsm': 0.8239462504794386, 'bagging_temperature': 0.4259765415069463}. Best is trial 88 with value: 0.02933544222538914.
[I 2025-08-01 10:57:16,128] Trial 203 finished with value: 0.030163373466154088 and parameters: {'min_abs_corr': 0.04559078872138323, 'max_pair_corr': 0.9801968454531912, 'iterations': 1908, 'learning_rate': 0.01919387137162347, 'depth': 5, 'l2_leaf_reg': 4.569830966066322, 'subsample': 0.5092016685349027, 'rsm': 0.8013941082307746, 'bagging_temperature': 0.40826984198826605}. Best is trial 88 with value: 0.02933544222538914.
