[I 2025-08-01 15:15:27,145] Trial 758 finished with value: 0.030892705458618212 and parameters: {'min_abs_corr': 0.05071367338559056, 'max_pair_corr': 0.9733241860814063, 'iterations': 1821, 'learning_rate': 0.030107068741179934, 'depth': 3, 'l2_leaf_reg': 5.62481472627048, 'subsample': 0.5590227711429161, 'rsm': 0.8800373041074931, 'bagging_temperature': 0.5893101934456709}. Best is trial 431 with value: 0.028803817637518454.
[I 2025-08-01 15:15:47,622] Trial 759 finished with value: 0.03026527029952867 and parameters: {'min_abs_corr': 0.026793532935342566, 'max_pair_corr': 0.9785960309393288, 'iterations': 1908, 'learning_rate': 0.033462023821714364, 'depth': 4, 'l2_leaf_reg': 3.535805469889694, 'subsample': 0.6030864884629829, 'rsm': 0.913357728009794, 'bagging_temperature': 0.3957324151938546}. Best is trial 431 with value: 0.028803817637518454.
[I 2025-08-01 15:16:06,905] Trial 760 finished with value: 0.030572014687702053 and parameters: {'min_abs_corr': 0.04212729189248603, 'max_pair_corr': 0.9826700790892453, 'iterations': 1798, 'learning_rate': 0.021242658241756536, 'depth': 4, 'l2_leaf_reg': 9.47995671819582, 'subsample': 0.5251313823732195, 'rsm': 0.8961045899249119, 'bagging_temperature': 0.4287055436894484}. Best is trial 431 with value: 0.028803817637518454.
[I 2025-08-01 15:16:26,627] Trial 761 finished with value: 0.030727883762390752 and parameters: {'min_abs_corr': 0.046751995850991705, 'max_pair_corr': 0.9883258305674709, 'iterations': 1701, 'learning_rate': 0.05074013342101716, 'depth': 4, 'l2_leaf_reg': 3.3022618579379195, 'subsample': 0.8521805450961734, 'rsm': 0.932539436748489, 'bagging_temperature': 0.7605510313652675}. Best is trial 431 with value: 0.028803817637518454.
[I 2025-08-01 15:16:42,704] Trial 762 finished with value: 0.03099874709909241 and parameters: {'min_abs_corr': 0.04394237258971025, 'max_pair_corr': 0.9862952155657134, 'iterations': 1428, 'learning_rate': 0.04115430930194609, 'depth': 4, 'l2_leaf_reg': 5.3951056353996645, 'subsample': 0.5845929564290889, 'rsm': 0.9215990666297089, 'bagging_temperature': 0.45832909270736727}. Best is trial 431 with value: 0.028803817637518454.
[I 2025-08-01 15:16:58,588] Trial 763 finished with value: 0.030486746409584087 and parameters: {'min_abs_corr': 0.05487251364666741, 'max_pair_corr': 0.9803833252493838, 'iterations': 1972, 'learning_rate': 0.026327460444447115, 'depth': 4, 'l2_leaf_reg': 3.7617757873993307, 'subsample': 0.6172495106670173, 'rsm': 0.5859694063983716, 'bagging_temperature': 0.5679141697711865}. Best is trial 431 with value: 0.028803817637518454.
[I 2025-08-01 15:17:18,205] Trial 764 finished with value: 0.029906041511390796 and parameters: {'min_abs_corr': 0.034956866211899376, 'max_pair_corr': 0.9839497027578754, 'iterations': 1769, 'learning_rate': 0.03669233153125432, 'depth': 4, 'l2_leaf_reg': 4.743472351949327, 'subsample': 0.5170638393908806, 'rsm': 0.9091393397922684, 'bagging_temperature': 0.37528692211655945}. Best is trial 431 with value: 0.028803817637518454.
[I 2025-08-01 15:17:37,258] Trial 765 finished with value: 0.030150548499237324 and parameters: {'min_abs_corr': 0.04899089879310093, 'max_pair_corr': 0.97782890491329, 'iterations': 1862, 'learning_rate': 0.03281371678209207, 'depth': 4, 'l2_leaf_reg': 5.102101810170447, 'subsample': 0.5332054452210786, 'rsm': 0.9528074565545462, 'bagging_temperature': 0.5338580710796456}. Best is trial 431 with value: 0.028803817637518454.
[I 2025-08-01 15:17:58,078] Trial 766 finished with value: 0.030417095899928526 and parameters: {'min_abs_corr': 0.04541375699702018, 'max_pair_corr': 0.9817079147905741, 'iterations': 1934, 'learning_rate': 0.017460634018369295, 'depth': 4, 'l2_leaf_reg': 3.9720494495297993, 'subsample': 0.546001526864621, 'rsm': 0.9334053296446292, 'bagging_temperature': 0.4072745425243561}. Best is trial 431 with value: 0.028803817637518454.
[I 2025-08-01 15:18:17,748] Trial 767 finished with value: 0.030524721464205616 and parameters: {'min_abs_corr': 0.05190832069602039, 'max_pair_corr': 0.9843905711434311, 'iterations': 1830, 'learning_rate': 0.029329895812217177, 'depth': 4, 'l2_leaf_reg': 4.359359665103864, 'subsample': 0.5098714239997482, 'rsm': 0.8974380762781864, 'bagging_temperature': 0.4442466444136731}. Best is trial 431 with value: 0.028803817637518454.
[I 2025-08-01 15:20:41,143] Trial 768 finished with value: 0.03293754035121483 and parameters: {'min_abs_corr': 0.03982726570395453, 'max_pair_corr': 0.9788020207580208, 'iterations': 1897, 'learning_rate': 0.06332250397326482, 'depth': 8, 'l2_leaf_reg': 5.330375967388206, 'subsample': 0.5693487389265791, 'rsm': 0.941788638994014, 'bagging_temperature': 0.4977328874629707}. Best is trial 431 with value: 0.028803817637518454.
[I 2025-08-01 15:21:01,433] Trial 769 finished with value: 0.02995983164632745 and parameters: {'min_abs_corr': 0.030173129366384575, 'max_pair_corr': 0.9750874755595448, 'iterations': 1973, 'learning_rate': 0.044538232636437136, 'depth': 4, 'l2_leaf_reg': 5.941472596797541, 'subsample': 0.5211160391656463, 'rsm': 0.919431638270347, 'bagging_temperature': 0.46440346900878954}. Best is trial 431 with value: 0.028803817637518454.
[I 2025-08-01 15:21:13,619] Trial 770 finished with value: 0.030792793141255846 and parameters: {'min_abs_corr': 0.04729787193922344, 'max_pair_corr': 0.9810198827288518, 'iterations': 1720, 'learning_rate': 0.0378708052964973, 'depth': 3, 'l2_leaf_reg': 7.841627591749921, 'subsample': 0.5286404661223277, 'rsm': 0.9075912584325547, 'bagging_temperature': 0.42420859487905554}. Best is trial 431 with value: 0.028803817637518454.
[I 2025-08-01 15:21:33,561] Trial 771 finished with value: 0.03087390166680487 and parameters: {'min_abs_corr': 0.0572908253823625, 'max_pair_corr': 0.9766136780349844, 'iterations': 2000, 'learning_rate': 0.05269222918024627, 'depth': 4, 'l2_leaf_reg': 5.660263566492647, 'subsample': 0.5534583445723521, 'rsm': 0.9654529218096974, 'bagging_temperature': 0.5245351322605759}. Best is trial 431 with value: 0.028803817637518454.
[I 2025-08-01 15:21:51,252] Trial 772 finished with value: 0.029868340927177987 and parameters: {'min_abs_corr': 0.0417517453211446, 'max_pair_corr': 0.9823724599008362, 'iterations': 1650, 'learning_rate': 0.02367649108507644, 'depth': 4, 'l2_leaf_reg': 3.201630671269382, 'subsample': 0.5001580755777517, 'rsm': 0.8854716036431803, 'bagging_temperature': 0.4864274488379684}. Best is trial 431 with value: 0.028803817637518454.
[I 2025-08-01 15:22:06,199] Trial 773 finished with value: 0.030058584933674064 and parameters: {'min_abs_corr': 0.05006099067401766, 'max_pair_corr': 0.9863163546880019, 'iterations': 1764, 'learning_rate': 0.03371846937118728, 'depth': 4, 'l2_leaf_reg': 4.89559698177277, 'subsample': 0.9965818180497359, 'rsm': 0.5190396125423842, 'bagging_temperature': 0.3918552706816}. Best is trial 431 with value: 0.028803817637518454.
[I 2025-08-01 15:22:54,838] Trial 774 finished with value: 0.03007299733105818 and parameters: {'min_abs_corr': 0.036746687258235086, 'max_pair_corr': 0.9796891066917914, 'iterations': 1938, 'learning_rate': 0.042661829290088334, 'depth': 6, 'l2_leaf_reg': 6.65256966890684, 'subsample': 0.596954789876557, 'rsm': 0.9237429549924179, 'bagging_temperature': 0.43267014359202316}. Best is trial 431 with value: 0.028803817637518454.
[I 2025-08-01 15:23:11,912] Trial 775 finished with value: 0.029908160381047 and parameters: {'min_abs_corr': 0.03271111736674563, 'max_pair_corr': 0.9847369428507782, 'iterations': 1474, 'learning_rate': 0.028018372257566083, 'depth': 4, 'l2_leaf_reg': 3.5152048031263834, 'subsample': 0.5111421806296725, 'rsm': 0.9356662593478051, 'bagging_temperature': 0.4562243717548024}. Best is trial 431 with value: 0.028803817637518454.
[I 2025-08-01 15:23:27,154] Trial 776 finished with value: 0.030754646600565805 and parameters: {'min_abs_corr': 0.0914311240041982, 'max_pair_corr': 0.9476711253654198, 'iterations': 1866, 'learning_rate': 0.046339961938163844, 'depth': 4, 'l2_leaf_reg': 2.894608352308089, 'subsample': 0.5358765058632248, 'rsm': 0.9085210137618708, 'bagging_temperature': 0.0014697445073865723}. Best is trial 431 with value: 0.028803817637518454.
[I 2025-08-01 15:23:58,444] Trial 777 finished with value: 0.029395078996321898 and parameters: {'min_abs_corr': 0.020620735810015542, 'max_pair_corr': 0.9825561978203523, 'iterations': 1806, 'learning_rate': 0.030983871686102227, 'depth': 5, 'l2_leaf_reg': 4.7270428808229985, 'subsample': 0.5179662665430265, 'rsm': 0.9509015124220697, 'bagging_temperature': 0.5509206143316487}. Best is trial 431 with value: 0.028803817637518454.
[I 2025-08-01 15:24:17,784] Trial 778 finished with value: 0.02988463070764879 and parameters: {'min_abs_corr': 0.02191314816437758, 'max_pair_corr': 0.9778068716523185, 'iterations': 1832, 'learning_rate': 0.02992702103197563, 'depth': 4, 'l2_leaf_reg': 4.434562619178758, 'subsample': 0.5098753202140234, 'rsm': 0.9781480833273507, 'bagging_temperature': 0.5497883557784524}. Best is trial 431 with value: 0.028803817637518454.
[I 2025-08-01 15:24:52,671] Trial 779 finished with value: 0.029839572773510008 and parameters: {'min_abs_corr': 0.018427636345536458, 'max_pair_corr': 0.9882502174700711, 'iterations': 1912, 'learning_rate': 0.027454300682327206, 'depth': 5, 'l2_leaf_reg': 4.5257246408752865, 'subsample': 0.5165387266860018, 'rsm': 0.9745421639147892, 'bagging_temperature': 0.5687188703708046}. Best is trial 431 with value: 0.028803817637518454.
[I 2025-08-01 15:25:12,707] Trial 780 finished with value: 0.030203612602661363 and parameters: {'min_abs_corr': 0.021417563308810963, 'max_pair_corr': 0.9807681445016486, 'iterations': 1866, 'learning_rate': 0.024063186920998528, 'depth': 4, 'l2_leaf_reg': 4.582470970244899, 'subsample': 0.590035930273591, 'rsm': 0.989042517227467, 'bagging_temperature': 0.5836079941962669}. Best is trial 431 with value: 0.028803817637518454.
[I 2025-08-01 15:25:20,722] Trial 781 finished with value: 0.03107640277088507 and parameters: {'min_abs_corr': 0.021792497240083905, 'max_pair_corr': 0.9789247345031403, 'iterations': 471, 'learning_rate': 0.03150577646824996, 'depth': 5, 'l2_leaf_reg': 4.638072384852469, 'subsample': 0.7849220860027025, 'rsm': 0.9580719327318213, 'bagging_temperature': 0.5743438217506487}. Best is trial 431 with value: 0.028803817637518454.
[I 2025-08-01 15:25:41,481] Trial 782 finished with value: 0.030643580609769617 and parameters: {'min_abs_corr': 0.019352471241012276, 'max_pair_corr': 0.9833902725686705, 'iterations': 1807, 'learning_rate': 0.020936884514447227, 'depth': 4, 'l2_leaf_reg': 4.7210697589846236, 'subsample': 0.5003354074831946, 'rsm': 0.958930434561577, 'bagging_temperature': 0.5435693079553725}. Best is trial 431 with value: 0.028803817637518454.
[I 2025-08-01 15:26:27,103] Trial 783 finished with value: 0.030275775509237497 and parameters: {'min_abs_corr': 0.01781416243334651, 'max_pair_corr': 0.9733112078754209, 'iterations': 1885, 'learning_rate': 0.026820879565470506, 'depth': 6, 'l2_leaf_reg': 4.288301202394721, 'subsample': 0.6089524258257991, 'rsm': 0.9520760198560898, 'bagging_temperature': 0.5959305801754748}. Best is trial 431 with value: 0.028803817637518454.
[I 2025-08-01 15:26:45,696] Trial 784 finished with value: 0.030570566428918644 and parameters: {'min_abs_corr': 0.020633062528214716, 'max_pair_corr': 0.9495634551241745, 'iterations': 1950, 'learning_rate': 0.03175545369164068, 'depth': 4, 'l2_leaf_reg': 7.383563715265769, 'subsample': 0.5176131159515899, 'rsm': 0.9674521654842898, 'bagging_temperature': 0.5560807245515976}. Best is trial 431 with value: 0.028803817637518454.
[I 2025-08-01 15:27:16,677] Trial 785 finished with value: 0.029890091415506657 and parameters: {'min_abs_corr': 0.016929012390673737, 'max_pair_corr': 0.976183396678962, 'iterations': 1912, 'learning_rate': 0.03488336999431007, 'depth': 5, 'l2_leaf_reg': 4.8140241285829335, 'subsample': 0.5761429010960444, 'rsm': 0.947242516209015, 'bagging_temperature': 0.6111110213555765}. Best is trial 431 with value: 0.028803817637518454.
[I 2025-08-01 15:27:38,541] Trial 786 finished with value: 0.029475842568212108 and parameters: {'min_abs_corr': 0.022858698443556168, 'max_pair_corr': 0.9813960499270917, 'iterations': 1969, 'learning_rate': 0.02497488941328955, 'depth': 4, 'l2_leaf_reg': 3.71224806373111, 'subsample': 0.5083882971148934, 'rsm': 0.9463879777756705, 'bagging_temperature': 0.5246008164180365}. Best is trial 431 with value: 0.028803817637518454.
[I 2025-08-01 15:27:59,929] Trial 787 finished with value: 0.02966322296448686 and parameters: {'min_abs_corr': 0.024229451613956354, 'max_pair_corr': 0.9852648386750826, 'iterations': 1843, 'learning_rate': 0.02565182059737904, 'depth': 4, 'l2_leaf_reg': 3.735812257613511, 'subsample': 0.508029502974106, 'rsm': 0.9660070407103792, 'bagging_temperature': 0.5300130583814782}. Best is trial 431 with value: 0.028803817637518454.
[I 2025-08-01 15:28:31,891] Trial 788 finished with value: 0.030278384685322162 and parameters: {'min_abs_corr': 0.02095749759081736, 'max_pair_corr': 0.9820079246420901, 'iterations': 1882, 'learning_rate': 0.029727926718070282, 'depth': 5, 'l2_leaf_reg': 3.8747645721156845, 'subsample': 0.8183807438982936, 'rsm': 0.9555898867727997, 'bagging_temperature': 0.5171020150660366}. Best is trial 431 with value: 0.028803817637518454.
[I 2025-08-01 15:28:47,921] Trial 789 finished with value: 0.031208837022943282 and parameters: {'min_abs_corr': 0.022098867708382805, 'max_pair_corr': 0.9044867876308457, 'iterations': 1930, 'learning_rate': 0.029899171619185285, 'depth': 4, 'l2_leaf_reg': 3.7156618244895907, 'subsample': 0.6628646789871483, 'rsm': 0.9713724083971428, 'bagging_temperature': 0.5570461334502013}. Best is trial 431 with value: 0.028803817637518454.
[I 2025-08-01 15:29:07,435] Trial 790 finished with value: 0.030378761019038823 and parameters: {'min_abs_corr': 0.020064411979372924, 'max_pair_corr': 0.9804523374240947, 'iterations': 1789, 'learning_rate': 0.034099420967442895, 'depth': 4, 'l2_leaf_reg': 3.5056796851742438, 'subsample': 0.5083600433397905, 'rsm': 0.951460851541521, 'bagging_temperature': 0.5346451697910457}. Best is trial 431 with value: 0.028803817637518454.
[I 2025-08-01 15:29:18,266] Trial 791 finished with value: 0.03235192872608158 and parameters: {'min_abs_corr': 0.019490025763448597, 'max_pair_corr': 0.9262923225642916, 'iterations': 1822, 'learning_rate': 0.02594551373233154, 'depth': 3, 'l2_leaf_reg': 4.045002604295483, 'subsample': 0.5163263663406229, 'rsm': 0.9442097012717929, 'bagging_temperature': 0.5053339428063531}. Best is trial 431 with value: 0.028803817637518454.
[I 2025-08-01 15:29:49,066] Trial 792 finished with value: 0.030401492726960338 and parameters: {'min_abs_corr': 0.02281618654093076, 'max_pair_corr': 0.9839386310940175, 'iterations': 1743, 'learning_rate': 0.03744931578881501, 'depth': 5, 'l2_leaf_reg': 3.60847444365908, 'subsample': 0.5240244489395028, 'rsm': 0.9420446620998992, 'bagging_temperature': 0.580111426154888}. Best is trial 431 with value: 0.028803817637518454.
[I 2025-08-01 15:30:06,691] Trial 793 finished with value: 0.030141442381356364 and parameters: {'min_abs_corr': 0.024080129389484423, 'max_pair_corr': 0.9870863880026555, 'iterations': 1520, 'learning_rate': 0.028082942377674742, 'depth': 4, 'l2_leaf_reg': 3.4631424814817207, 'subsample': 0.5183621100189911, 'rsm': 0.9524803215650534, 'bagging_temperature': 0.5536565014307565}. Best is trial 431 with value: 0.028803817637518454.
[I 2025-08-01 15:30:24,000] Trial 794 finished with value: 0.030117720131142167 and parameters: {'min_abs_corr': 0.018106968310167323, 'max_pair_corr': 0.9791902500596704, 'iterations': 1600, 'learning_rate': 0.032107759905576946, 'depth': 4, 'l2_leaf_reg': 1.009818201115873, 'subsample': 0.5009639044651887, 'rsm': 0.9379720855632019, 'bagging_temperature': 0.5113655346627166}. Best is trial 431 with value: 0.028803817637518454.
[I 2025-08-01 15:30:55,730] Trial 795 finished with value: 0.02992334251732861 and parameters: {'min_abs_corr': 0.016514225675083843, 'max_pair_corr': 0.9770255504177512, 'iterations': 1967, 'learning_rate': 0.02455680042078107, 'depth': 5, 'l2_leaf_reg': 3.7283957003184227, 'subsample': 0.510181078825123, 'rsm': 0.9364847424844301, 'bagging_temperature': 0.5356588236245464}. Best is trial 431 with value: 0.028803817637518454.
[I 2025-08-01 15:31:16,881] Trial 796 finished with value: 0.030407900954967232 and parameters: {'min_abs_corr': 0.0205644593482784, 'max_pair_corr': 0.9822944042313589, 'iterations': 1900, 'learning_rate': 0.0352211866155362, 'depth': 4, 'l2_leaf_reg': 3.911781070841868, 'subsample': 0.5007071518947279, 'rsm': 0.9597961775414933, 'bagging_temperature': 0.8819241601728687}. Best is trial 431 with value: 0.028803817637518454.
[I 2025-08-01 15:31:46,805] Trial 797 finished with value: 0.029868812412181877 and parameters: {'min_abs_corr': 0.02366227756942433, 'max_pair_corr': 0.980057821826038, 'iterations': 1855, 'learning_rate': 0.030501543790384143, 'depth': 5, 'l2_leaf_reg': 3.338153265979828, 'subsample': 0.5261512448115779, 'rsm': 0.9874168453672526, 'bagging_temperature': 0.49198462193248005}. Best is trial 431 with value: 0.028803817637518454.
[I 2025-08-01 15:32:09,347] Trial 798 finished with value: 0.030188984563330117 and parameters: {'min_abs_corr': 0.02544349787262302, 'max_pair_corr': 0.9840441416732165, 'iterations': 1940, 'learning_rate': 0.03844593593408709, 'depth': 4, 'l2_leaf_reg': 4.192125635270586, 'subsample': 0.5165544156782971, 'rsm': 0.9444525328265378, 'bagging_temperature': 0.605131641432516}. Best is trial 431 with value: 0.028803817637518454.
[I 2025-08-01 15:32:37,687] Trial 799 finished with value: 0.03091164261321549 and parameters: {'min_abs_corr': 0.02310023395453396, 'max_pair_corr': 0.9776423106504513, 'iterations': 1772, 'learning_rate': 0.028024891703835358, 'depth': 5, 'l2_leaf_reg': 3.6102604470255586, 'subsample': 0.5260725626328481, 'rsm': 0.9300932255309571, 'bagging_temperature': 0.3581708164494096}. Best is trial 431 with value: 0.028803817637518454.
[I 2025-08-01 15:32:56,099] Trial 800 finished with value: 0.05529473460232864 and parameters: {'min_abs_corr': 0.02058737967878882, 'max_pair_corr': 0.9744384493917169, 'iterations': 1801, 'learning_rate': 0.0010265287964510434, 'depth': 4, 'l2_leaf_reg': 3.359001104499837, 'subsample': 0.5084644752038266, 'rsm': 0.9308853385172137, 'bagging_temperature': 0.5169447857006797}. Best is trial 431 with value: 0.028803817637518454.
[I 2025-08-01 15:34:22,917] Trial 801 finished with value: 0.03151744972758708 and parameters: {'min_abs_corr': 0.04372246969638822, 'max_pair_corr': 0.9862618207564782, 'iterations': 1916, 'learning_rate': 0.03305716493188954, 'depth': 7, 'l2_leaf_reg': 3.8835138297207914, 'subsample': 0.5381625253313295, 'rsm': 0.9664123512782885, 'bagging_temperature': 0.4871465997973796}. Best is trial 431 with value: 0.028803817637518454.
[I 2025-08-01 15:34:45,077] Trial 802 finished with value: 0.029798918019261024 and parameters: {'min_abs_corr': 0.017807074072464874, 'max_pair_corr': 0.9815591314235561, 'iterations': 1971, 'learning_rate': 0.022531261470063353, 'depth': 4, 'l2_leaf_reg': 7.084788127379152, 'subsample': 0.5004298650554759, 'rsm': 0.9414132014700318, 'bagging_temperature': 0.3269262629539715}. Best is trial 431 with value: 0.028803817637518454.
[I 2025-08-01 15:35:12,495] Trial 803 finished with value: 0.030194479284160414 and parameters: {'min_abs_corr': 0.039011824177153986, 'max_pair_corr': 0.9789625645681191, 'iterations': 1726, 'learning_rate': 0.038506856913492454, 'depth': 5, 'l2_leaf_reg': 3.599686710822392, 'subsample': 0.5225717350953341, 'rsm': 0.950929211643667, 'bagging_temperature': 0.53546860292462}. Best is trial 431 with value: 0.028803817637518454.
[I 2025-08-01 15:35:32,563] Trial 804 finished with value: 0.03008478363067546 and parameters: {'min_abs_corr': 0.04207667631013441, 'max_pair_corr': 0.983003618327026, 'iterations': 1844, 'learning_rate': 0.02574232243871943, 'depth': 4, 'l2_leaf_reg': 3.1985880937659688, 'subsample': 0.5108435864819213, 'rsm': 0.9274911710829655, 'bagging_temperature': 0.22098680967493456}. Best is trial 431 with value: 0.028803817637518454.
[I 2025-08-01 15:35:51,590] Trial 805 finished with value: 0.029982868044376776 and parameters: {'min_abs_corr': 0.045139984765041344, 'max_pair_corr': 0.9754079478818216, 'iterations': 1876, 'learning_rate': 0.03434830750486213, 'depth': 4, 'l2_leaf_reg': 4.05105044127355, 'subsample': 0.5325100110805526, 'rsm': 0.9216469775600734, 'bagging_temperature': 0.4684410318542507}. Best is trial 431 with value: 0.028803817637518454.
[I 2025-08-01 15:36:26,847] Trial 806 finished with value: 0.03055726206194389 and parameters: {'min_abs_corr': 0.02040143550023194, 'max_pair_corr': 0.9852943367994637, 'iterations': 1999, 'learning_rate': 0.028952928300343683, 'depth': 5, 'l2_leaf_reg': 3.4079659313606343, 'subsample': 0.5166104246968444, 'rsm': 0.938613389816773, 'bagging_temperature': 0.3787100931546116}. Best is trial 431 with value: 0.028803817637518454.
[I 2025-08-01 15:36:47,021] Trial 807 finished with value: 0.030518012637889995 and parameters: {'min_abs_corr': 0.015221133671026517, 'max_pair_corr': 0.9808205369604842, 'iterations': 1812, 'learning_rate': 0.03865771706487887, 'depth': 4, 'l2_leaf_reg': 3.7490614772150526, 'subsample': 0.5002710672519426, 'rsm': 0.9231029780543102, 'bagging_temperature': 0.5575321841183072}. Best is trial 431 with value: 0.028803817637518454.
