[I 2025-08-01 16:30:16,437] Trial 908 finished with value: 0.030541775309619035 and parameters: {'min_abs_corr': 0.04585207476289184, 'max_pair_corr': 0.9720005086414502, 'iterations': 1617, 'learning_rate': 0.0374568054350382, 'depth': 4, 'l2_leaf_reg': 2.528851270465921, 'subsample': 0.6050629717266723, 'rsm': 0.941858435187254, 'bagging_temperature': 0.9968534451200983}. Best is trial 431 with value: 0.028803817637518454.
[I 2025-08-01 16:30:33,821] Trial 909 finished with value: 0.030360603983674395 and parameters: {'min_abs_corr': 0.08696551478297385, 'max_pair_corr': 0.9793285692958511, 'iterations': 1901, 'learning_rate': 0.027813894100631075, 'depth': 4, 'l2_leaf_reg': 3.360864609251938, 'subsample': 0.5384137446766342, 'rsm': 0.9190113894328324, 'bagging_temperature': 0.5738798602659548}. Best is trial 431 with value: 0.028803817637518454.
[I 2025-08-01 16:31:05,139] Trial 910 finished with value: 0.03031148966705912 and parameters: {'min_abs_corr': 0.038921813379948, 'max_pair_corr': 0.9848998697413978, 'iterations': 1827, 'learning_rate': 0.02133083805961214, 'depth': 5, 'l2_leaf_reg': 4.324076204964021, 'subsample': 0.5542642604974632, 'rsm': 0.8916842625304574, 'bagging_temperature': 0.498083289929757}. Best is trial 431 with value: 0.028803817637518454.
[I 2025-08-01 16:31:13,655] Trial 911 finished with value: 0.031120634433662843 and parameters: {'min_abs_corr': 0.051170247684493936, 'max_pair_corr': 0.9821789248255064, 'iterations': 779, 'learning_rate': 0.03500547418870427, 'depth': 4, 'l2_leaf_reg': 9.009768097798691, 'subsample': 0.5207545212137275, 'rsm': 0.9455087982535988, 'bagging_temperature': 0.520128183569161}. Best is trial 431 with value: 0.028803817637518454.
[I 2025-08-01 16:31:39,469] Trial 912 finished with value: 0.03020825715567903 and parameters: {'min_abs_corr': 0.04833560521623669, 'max_pair_corr': 0.97590958704917, 'iterations': 1663, 'learning_rate': 0.041476184260749116, 'depth': 5, 'l2_leaf_reg': 5.325329657251777, 'subsample': 0.5002938447677018, 'rsm': 0.9287335128528877, 'bagging_temperature': 0.454852214193038}. Best is trial 431 with value: 0.028803817637518454.
[I 2025-08-01 16:31:56,998] Trial 913 finished with value: 0.030151815565641706 and parameters: {'min_abs_corr': 0.053955489822516606, 'max_pair_corr': 0.9738745261244264, 'iterations': 1782, 'learning_rate': 0.046830639740193775, 'depth': 4, 'l2_leaf_reg': 4.643758420118183, 'subsample': 0.5349190001753245, 'rsm': 0.9102560764632477, 'bagging_temperature': 0.42186674271904834}. Best is trial 431 with value: 0.028803817637518454.
[I 2025-08-01 16:32:08,222] Trial 914 finished with value: 0.03280057268088119 and parameters: {'min_abs_corr': 0.03497891088780012, 'max_pair_corr': 0.9176692983576277, 'iterations': 1968, 'learning_rate': 0.06036734592587921, 'depth': 3, 'l2_leaf_reg': 3.5271285507250165, 'subsample': 0.7445718950901044, 'rsm': 0.9326210166081571, 'bagging_temperature': 0.6324714726828528}. Best is trial 431 with value: 0.028803817637518454.
[I 2025-08-01 16:32:37,034] Trial 915 finished with value: 0.0298548902448106 and parameters: {'min_abs_corr': 0.04447333074437738, 'max_pair_corr': 0.9776840120354641, 'iterations': 1866, 'learning_rate': 0.03160851692659983, 'depth': 5, 'l2_leaf_reg': 2.756020002547605, 'subsample': 0.5703147406609849, 'rsm': 0.9636010497609061, 'bagging_temperature': 0.44512289620889317}. Best is trial 431 with value: 0.028803817637518454.
[I 2025-08-01 16:32:56,808] Trial 916 finished with value: 0.030241488082955858 and parameters: {'min_abs_corr': 0.042037021155883904, 'max_pair_corr': 0.9804932132614579, 'iterations': 1920, 'learning_rate': 0.02591757431108429, 'depth': 4, 'l2_leaf_reg': 5.730266500412746, 'subsample': 0.5098694483165488, 'rsm': 0.9022192634597566, 'bagging_temperature': 0.5474879442291061}. Best is trial 431 with value: 0.028803817637518454.
[I 2025-08-01 16:33:21,221] Trial 917 finished with value: 0.03076607486845163 and parameters: {'min_abs_corr': 0.03773794011847018, 'max_pair_corr': 0.9402232467658552, 'iterations': 1754, 'learning_rate': 0.035751648452563296, 'depth': 5, 'l2_leaf_reg': 4.876570974887861, 'subsample': 0.5272855656116812, 'rsm': 0.9179791120305234, 'bagging_temperature': 0.592092165276337}. Best is trial 431 with value: 0.028803817637518454.
[I 2025-08-01 16:33:42,410] Trial 918 finished with value: 0.03034668614807976 and parameters: {'min_abs_corr': 0.015205249307528668, 'max_pair_corr': 0.9835327645148578, 'iterations': 1812, 'learning_rate': 0.019132366600848015, 'depth': 4, 'l2_leaf_reg': 3.1491815743599254, 'subsample': 0.5893142996565913, 'rsm': 0.9825821979167803, 'bagging_temperature': 0.48525717063923446}. Best is trial 431 with value: 0.028803817637518454.
[I 2025-08-01 16:34:04,138] Trial 919 finished with value: 0.030101298332198035 and parameters: {'min_abs_corr': 0.04749286468620594, 'max_pair_corr': 0.9871787582193079, 'iterations': 1941, 'learning_rate': 0.04008664974581321, 'depth': 4, 'l2_leaf_reg': 5.2720861367799206, 'subsample': 0.5446902983941364, 'rsm': 0.9409741408687514, 'bagging_temperature': 0.3848548764971408}. Best is trial 431 with value: 0.028803817637518454.
[I 2025-08-01 16:34:20,214] Trial 920 finished with value: 0.03057419908543153 and parameters: {'min_abs_corr': 0.05018353187778714, 'max_pair_corr': 0.97913951634603, 'iterations': 1011, 'learning_rate': 0.028907369151716333, 'depth': 5, 'l2_leaf_reg': 4.471559565485748, 'subsample': 0.5170757902263002, 'rsm': 0.8887554424649181, 'bagging_temperature': 0.9026241479471848}. Best is trial 431 with value: 0.028803817637518454.
[I 2025-08-01 16:34:40,081] Trial 921 finished with value: 0.029994594166825705 and parameters: {'min_abs_corr': 0.045738542070139526, 'max_pair_corr': 0.9809753021833735, 'iterations': 1857, 'learning_rate': 0.022844810260822395, 'depth': 4, 'l2_leaf_reg': 5.475153551301408, 'subsample': 0.5797790499663711, 'rsm': 0.9554361137588305, 'bagging_temperature': 0.41623819468920514}. Best is trial 431 with value: 0.028803817637518454.
[I 2025-08-01 16:35:08,820] Trial 922 finished with value: 0.030784812566839116 and parameters: {'min_abs_corr': 0.04058146608528698, 'max_pair_corr': 0.9691399832444676, 'iterations': 1887, 'learning_rate': 0.04865267611303808, 'depth': 5, 'l2_leaf_reg': 4.164191956863555, 'subsample': 0.5580948617641461, 'rsm': 0.9256416016742581, 'bagging_temperature': 0.6706232264592936}. Best is trial 431 with value: 0.028803817637518454.
[I 2025-08-01 16:35:35,653] Trial 923 finished with value: 0.030354590607815663 and parameters: {'min_abs_corr': 0.0424076232864096, 'max_pair_corr': 0.9777000116515226, 'iterations': 1726, 'learning_rate': 0.03135654331645843, 'depth': 5, 'l2_leaf_reg': 5.05913039795343, 'subsample': 0.6403820895801985, 'rsm': 0.9138419738994997, 'bagging_temperature': 0.47607251017666496}. Best is trial 431 with value: 0.028803817637518454.
[I 2025-08-01 16:35:56,965] Trial 924 finished with value: 0.030427947864031128 and parameters: {'min_abs_corr': 0.051611773128298566, 'max_pair_corr': 0.9827721343103327, 'iterations': 1999, 'learning_rate': 0.03903312894107891, 'depth': 4, 'l2_leaf_reg': 3.378555469319176, 'subsample': 0.5966152073659824, 'rsm': 0.8779794360425338, 'bagging_temperature': 0.44793806806711484}. Best is trial 431 with value: 0.028803817637518454.
[I 2025-08-01 16:36:45,221] Trial 925 finished with value: 0.03071004081608894 and parameters: {'min_abs_corr': 0.04946662217962738, 'max_pair_corr': 0.985079752428255, 'iterations': 1787, 'learning_rate': 0.053422505080872824, 'depth': 6, 'l2_leaf_reg': 4.722922448859249, 'subsample': 0.5086281639853636, 'rsm': 0.933664736553811, 'bagging_temperature': 0.520841411690696}. Best is trial 431 with value: 0.028803817637518454.
[I 2025-08-01 16:36:58,390] Trial 926 finished with value: 0.02974902140083093 and parameters: {'min_abs_corr': 0.04395730887844727, 'max_pair_corr': 0.9759767441193931, 'iterations': 1834, 'learning_rate': 0.04464256498745523, 'depth': 4, 'l2_leaf_reg': 5.874297413920157, 'subsample': 0.5291997767519708, 'rsm': 0.44923062856882234, 'bagging_temperature': 0.3991937688619808}. Best is trial 431 with value: 0.028803817637518454.
[I 2025-08-01 16:37:29,383] Trial 927 finished with value: 0.030452519348190054 and parameters: {'min_abs_corr': 0.04595660878316215, 'max_pair_corr': 0.979757820621666, 'iterations': 1955, 'learning_rate': 0.03385417547781467, 'depth': 5, 'l2_leaf_reg': 3.1934874159892823, 'subsample': 0.5660110836219495, 'rsm': 0.9013769451243209, 'bagging_temperature': 0.4673440692711059}. Best is trial 431 with value: 0.028803817637518454.
[I 2025-08-01 16:37:48,331] Trial 928 finished with value: 0.030242418967977358 and parameters: {'min_abs_corr': 0.04747821860108932, 'max_pair_corr': 0.9735519909373866, 'iterations': 1916, 'learning_rate': 0.02691812976305161, 'depth': 4, 'l2_leaf_reg': 1.2941493436332543, 'subsample': 0.5200689686168627, 'rsm': 0.9436914313986298, 'bagging_temperature': 0.4311499058243277}. Best is trial 431 with value: 0.028803817637518454.
[I 2025-08-01 16:38:06,657] Trial 929 finished with value: 0.030956962687564794 and parameters: {'min_abs_corr': 0.0536175296423166, 'max_pair_corr': 0.9817511555763072, 'iterations': 1768, 'learning_rate': 0.014376353590184002, 'depth': 4, 'l2_leaf_reg': 3.6115636333548298, 'subsample': 0.5340358181776416, 'rsm': 0.9163749693018922, 'bagging_temperature': 0.7325134279334375}. Best is trial 431 with value: 0.028803817637518454.
[I 2025-08-01 16:38:35,242] Trial 930 finished with value: 0.030749246256942246 and parameters: {'min_abs_corr': 0.03955545063745167, 'max_pair_corr': 0.9838650310414608, 'iterations': 1694, 'learning_rate': 0.03712549472786169, 'depth': 5, 'l2_leaf_reg': 6.136834217003455, 'subsample': 0.5000595968475366, 'rsm': 0.9297056280795152, 'bagging_temperature': 0.5026354500213388}. Best is trial 431 with value: 0.028803817637518454.
[I 2025-08-01 16:38:56,958] Trial 931 finished with value: 0.030014361636610132 and parameters: {'min_abs_corr': 0.05614018071500476, 'max_pair_corr': 0.9899890991601341, 'iterations': 1884, 'learning_rate': 0.02885115276309432, 'depth': 4, 'l2_leaf_reg': 5.137505565710271, 'subsample': 0.546288471059681, 'rsm': 0.9046066189939753, 'bagging_temperature': 0.4600624766247278}. Best is trial 431 with value: 0.028803817637518454.
[I 2025-08-01 16:39:29,585] Trial 932 finished with value: 0.02955864852619635 and parameters: {'min_abs_corr': 0.01713202690390164, 'max_pair_corr': 0.9865601767018288, 'iterations': 1807, 'learning_rate': 0.024323539968382404, 'depth': 5, 'l2_leaf_reg': 3.003683729772919, 'subsample': 0.5150953753633141, 'rsm': 0.9500173280098329, 'bagging_temperature': 0.5382739974614951}. Best is trial 431 with value: 0.028803817637518454.
[I 2025-08-01 16:40:01,489] Trial 933 finished with value: 0.03018074303791839 and parameters: {'min_abs_corr': 0.04335274336899267, 'max_pair_corr': 0.9792193339926906, 'iterations': 2000, 'learning_rate': 0.03310849695463354, 'depth': 5, 'l2_leaf_reg': 5.455249300727012, 'subsample': 0.6138610465464457, 'rsm': 0.9223678895851641, 'bagging_temperature': 0.3710426550052579}. Best is trial 431 with value: 0.028803817637518454.
[I 2025-08-01 16:40:20,000] Trial 934 finished with value: 0.03032139290126753 and parameters: {'min_abs_corr': 0.04904386928277335, 'max_pair_corr': 0.975081454883324, 'iterations': 1840, 'learning_rate': 0.04144881484403876, 'depth': 4, 'l2_leaf_reg': 4.627557636471391, 'subsample': 0.5237005337082838, 'rsm': 0.8941640798444436, 'bagging_temperature': 0.5616136293063909}. Best is trial 431 with value: 0.028803817637518454.
[I 2025-08-01 16:40:50,487] Trial 935 finished with value: 0.030239441783408177 and parameters: {'min_abs_corr': 0.03618060114166246, 'max_pair_corr': 0.9776223629207685, 'iterations': 1953, 'learning_rate': 0.04469187355447144, 'depth': 5, 'l2_leaf_reg': 9.203892270590465, 'subsample': 0.5786038220906932, 'rsm': 0.9373703553243673, 'bagging_temperature': 0.41554993952095753}. Best is trial 431 with value: 0.028803817637518454.
[I 2025-08-01 16:41:04,285] Trial 936 finished with value: 0.030994931378266775 and parameters: {'min_abs_corr': 0.04519983584264731, 'max_pair_corr': 0.9816890396818247, 'iterations': 1906, 'learning_rate': 0.03728290021781386, 'depth': 3, 'l2_leaf_reg': 4.889568961457794, 'subsample': 0.5081386021119599, 'rsm': 0.9620150297868212, 'bagging_temperature': 0.7868668063465887}. Best is trial 431 with value: 0.028803817637518454.
[I 2025-08-01 16:41:21,658] Trial 937 finished with value: 0.030514608009106704 and parameters: {'min_abs_corr': 0.07649487985667923, 'max_pair_corr': 0.9844418168327891, 'iterations': 1756, 'learning_rate': 0.051077311242816406, 'depth': 4, 'l2_leaf_reg': 3.3792913920541254, 'subsample': 0.5354070627491574, 'rsm': 0.8667830880274376, 'bagging_temperature': 0.43528399124355693}. Best is trial 431 with value: 0.028803817637518454.
[I 2025-08-01 16:41:40,782] Trial 938 finished with value: 0.030311704015932202 and parameters: {'min_abs_corr': 0.04735238230994259, 'max_pair_corr': 0.9804544752371578, 'iterations': 1851, 'learning_rate': 0.030590487440944027, 'depth': 4, 'l2_leaf_reg': 5.621761776310275, 'subsample': 0.517225407223292, 'rsm': 0.9104496099038211, 'bagging_temperature': 0.8306505072636947}. Best is trial 431 with value: 0.028803817637518454.
[I 2025-08-01 16:42:08,826] Trial 939 finished with value: 0.029414860053919644 and parameters: {'min_abs_corr': 0.05256047188171155, 'max_pair_corr': 0.9780931618851806, 'iterations': 1799, 'learning_rate': 0.05800424058414811, 'depth': 5, 'l2_leaf_reg': 4.064915348017811, 'subsample': 0.7014168956986573, 'rsm': 0.9232322751486388, 'bagging_temperature': 0.5009109361666562}. Best is trial 431 with value: 0.028803817637518454.
[I 2025-08-01 16:42:34,772] Trial 940 finished with value: 0.030834866040187627 and parameters: {'min_abs_corr': 0.05288904596989077, 'max_pair_corr': 0.9749536908626966, 'iterations': 1722, 'learning_rate': 0.06538402850516338, 'depth': 5, 'l2_leaf_reg': 3.9507248792786824, 'subsample': 0.7012203896511853, 'rsm': 0.903275078247283, 'bagging_temperature': 0.5048836553325523}. Best is trial 431 with value: 0.028803817637518454.
[I 2025-08-01 16:42:51,152] Trial 941 finished with value: 0.03150068441749017 and parameters: {'min_abs_corr': 0.05938497060122896, 'max_pair_corr': 0.9234909071371075, 'iterations': 1396, 'learning_rate': 0.07276349603639878, 'depth': 5, 'l2_leaf_reg': 4.1351728088262725, 'subsample': 0.7170826033605954, 'rsm': 0.8852713298341846, 'bagging_temperature': 0.497315326898126}. Best is trial 431 with value: 0.028803817637518454.
[I 2025-08-01 16:43:18,413] Trial 942 finished with value: 0.031816862333769035 and parameters: {'min_abs_corr': 0.05345873799583042, 'max_pair_corr': 0.9732656152501342, 'iterations': 1792, 'learning_rate': 0.07186612029942957, 'depth': 5, 'l2_leaf_reg': 4.258347651936642, 'subsample': 0.7251391291808138, 'rsm': 0.9147533575213094, 'bagging_temperature': 0.5188333720946523}. Best is trial 431 with value: 0.028803817637518454.
[I 2025-08-01 16:43:44,583] Trial 943 finished with value: 0.03147824101345749 and parameters: {'min_abs_corr': 0.05613458720471395, 'max_pair_corr': 0.9768012611080759, 'iterations': 1740, 'learning_rate': 0.0647413502129876, 'depth': 5, 'l2_leaf_reg': 4.468697483152611, 'subsample': 0.7685730866187005, 'rsm': 0.8938329650961762, 'bagging_temperature': 0.48889908845007823}. Best is trial 431 with value: 0.028803817637518454.
[I 2025-08-01 16:44:11,533] Trial 944 finished with value: 0.03068868181060397 and parameters: {'min_abs_corr': 0.05436627524942062, 'max_pair_corr': 0.976592295892058, 'iterations': 1784, 'learning_rate': 0.05829578505557451, 'depth': 5, 'l2_leaf_reg': 4.040232454674572, 'subsample': 0.7420421567661061, 'rsm': 0.9208306962251098, 'bagging_temperature': 0.5274305003948092}. Best is trial 431 with value: 0.028803817637518454.
[I 2025-08-01 16:44:39,939] Trial 945 finished with value: 0.030410785640505082 and parameters: {'min_abs_corr': 0.055659590784229815, 'max_pair_corr': 0.9714044440384656, 'iterations': 1964, 'learning_rate': 0.05991985098524712, 'depth': 5, 'l2_leaf_reg': 3.798657401014188, 'subsample': 0.7626106955760052, 'rsm': 0.9094752246200891, 'bagging_temperature': 0.4780459998319228}. Best is trial 431 with value: 0.028803817637518454.
[I 2025-08-01 16:45:06,475] Trial 946 finished with value: 0.03016867893396221 and parameters: {'min_abs_corr': 0.05206906706851614, 'max_pair_corr': 0.9750540488103193, 'iterations': 1712, 'learning_rate': 0.06402630738443921, 'depth': 5, 'l2_leaf_reg': 4.2977731196282765, 'subsample': 0.6600587628513801, 'rsm': 0.9260536125198453, 'bagging_temperature': 0.5191257698772638}. Best is trial 431 with value: 0.028803817637518454.
[I 2025-08-01 16:45:32,176] Trial 947 finished with value: 0.03038842535752111 and parameters: {'min_abs_corr': 0.051671903889935825, 'max_pair_corr': 0.9781393736691609, 'iterations': 1930, 'learning_rate': 0.08835586772282361, 'depth': 5, 'l2_leaf_reg': 4.022217744610946, 'subsample': 0.6856678910991777, 'rsm': 0.6444215691691356, 'bagging_temperature': 0.5425928331823145}. Best is trial 431 with value: 0.028803817637518454.
[I 2025-08-01 16:45:59,361] Trial 948 finished with value: 0.030703356782595493 and parameters: {'min_abs_corr': 0.050918016381965234, 'max_pair_corr': 0.9779817600847364, 'iterations': 1756, 'learning_rate': 0.056611584639405355, 'depth': 5, 'l2_leaf_reg': 4.355396298264401, 'subsample': 0.6995622248191079, 'rsm': 0.9176368854601102, 'bagging_temperature': 0.4990101625890332}. Best is trial 431 with value: 0.028803817637518454.
[I 2025-08-01 16:46:04,167] Trial 949 finished with value: 0.032265249046147484 and parameters: {'min_abs_corr': 0.056849384556875895, 'max_pair_corr': 0.9279553036283077, 'iterations': 372, 'learning_rate': 0.05142590507468182, 'depth': 5, 'l2_leaf_reg': 2.0565035006897565, 'subsample': 0.7565120061841901, 'rsm': 0.8991213380461283, 'bagging_temperature': 0.4920784957997523}. Best is trial 431 with value: 0.028803817637518454.
[I 2025-08-01 16:46:22,734] Trial 950 finished with value: 0.030292824941871504 and parameters: {'min_abs_corr': 0.05497346094504654, 'max_pair_corr': 0.9762066020352144, 'iterations': 1672, 'learning_rate': 0.05666970416712669, 'depth': 5, 'l2_leaf_reg': 3.6345205323163627, 'subsample': 0.7279528168826185, 'rsm': 0.4789701698477943, 'bagging_temperature': 0.4640031592171254}. Best is trial 431 with value: 0.028803817637518454.
[I 2025-08-01 16:46:51,476] Trial 951 finished with value: 0.030027488145991432 and parameters: {'min_abs_corr': 0.05321747160276968, 'max_pair_corr': 0.9790120272563785, 'iterations': 1878, 'learning_rate': 0.022355493111477526, 'depth': 5, 'l2_leaf_reg': 3.93947785826106, 'subsample': 0.7494566316490663, 'rsm': 0.8750056854784506, 'bagging_temperature': 0.545489462483629}. Best is trial 431 with value: 0.028803817637518454.
[I 2025-08-01 16:47:19,029] Trial 952 finished with value: 0.03076817614419545 and parameters: {'min_abs_corr': 0.05010120346452116, 'max_pair_corr': 0.9672739081543602, 'iterations': 1813, 'learning_rate': 0.07429800637537617, 'depth': 5, 'l2_leaf_reg': 4.195518990756138, 'subsample': 0.7306625720512581, 'rsm': 0.9261195795867646, 'bagging_temperature': 0.5833898579720537}. Best is trial 431 with value: 0.028803817637518454.
[I 2025-08-01 16:48:05,216] Trial 953 finished with value: 0.030809199282357154 and parameters: {'min_abs_corr': 0.038000968949001665, 'max_pair_corr': 0.9740146072010761, 'iterations': 1934, 'learning_rate': 0.025904250481615824, 'depth': 6, 'l2_leaf_reg': 4.534261037664235, 'subsample': 0.5627094090276971, 'rsm': 0.9087766379862294, 'bagging_temperature': 0.4770559719821192}. Best is trial 431 with value: 0.028803817637518454.
[I 2025-08-01 16:48:33,261] Trial 954 finished with value: 0.03065366986751176 and parameters: {'min_abs_corr': 0.05205599658405652, 'max_pair_corr': 0.9784669202026457, 'iterations': 1771, 'learning_rate': 0.052558826848181736, 'depth': 5, 'l2_leaf_reg': 3.5014053253359427, 'subsample': 0.6838502939799741, 'rsm': 0.9343718232239944, 'bagging_temperature': 0.5147609296224598}. Best is trial 431 with value: 0.028803817637518454.
[I 2025-08-01 16:49:04,099] Trial 955 finished with value: 0.031000487497957963 and parameters: {'min_abs_corr': 0.03406242447807771, 'max_pair_corr': 0.977211313416442, 'iterations': 1968, 'learning_rate': 0.08041349557695375, 'depth': 5, 'l2_leaf_reg': 3.777821035985573, 'subsample': 0.7177134310485644, 'rsm': 0.9181185393324002, 'bagging_temperature': 0.4628613280130168}. Best is trial 431 with value: 0.028803817637518454.
[I 2025-08-01 16:49:32,500] Trial 956 finished with value: 0.02990176367196672 and parameters: {'min_abs_corr': 0.05823463185074126, 'max_pair_corr': 0.979622845724193, 'iterations': 1884, 'learning_rate': 0.02805479663103266, 'depth': 5, 'l2_leaf_reg': 4.683239420246231, 'subsample': 0.707666870560183, 'rsm': 0.8961010512601597, 'bagging_temperature': 0.5581305581800352}. Best is trial 431 with value: 0.028803817637518454.
[I 2025-08-01 16:50:00,916] Trial 957 finished with value: 0.030272493499443588 and parameters: {'min_abs_corr': 0.04970662783071467, 'max_pair_corr': 0.9753259290252032, 'iterations': 1837, 'learning_rate': 0.018029480372646067, 'depth': 5, 'l2_leaf_reg': 3.2607334678169337, 'subsample': 0.6011750811417145, 'rsm': 0.9304322445487974, 'bagging_temperature': 0.49039055627833383}. Best is trial 431 with value: 0.028803817637518454.
