Best trial: 92. Best value: 0.030985: 100%
 100/100 [20:07<00:00, 17.40s/it]
[I 2025-07-30 11:04:55,235] Trial 0 finished with value: 0.03605800457598434 and parameters: {'min_abs_corr': 0.04058131129049943, 'max_pair_corr': 0.9855642875768924, 'n_estimators': 1125, 'max_depth': 30, 'min_samples_split': 4, 'min_samples_leaf': 2, 'max_features': 0.15227525095137953, 'bootstrap': True}. Best is trial 0 with value: 0.03605800457598434.
[I 2025-07-30 11:05:08,715] Trial 1 finished with value: 0.034577380657196226 and parameters: {'min_abs_corr': 0.07226689489062432, 'max_pair_corr': 0.9018526044866222, 'n_estimators': 1458, 'max_depth': 42, 'min_samples_split': 6, 'min_samples_leaf': 2, 'max_features': 0.2650640588680905, 'bootstrap': False}. Best is trial 1 with value: 0.034577380657196226.
[I 2025-07-30 11:05:20,264] Trial 2 finished with value: 0.04282073613093642 and parameters: {'min_abs_corr': 0.046034776771001, 'max_pair_corr': 0.9262106226178238, 'n_estimators': 957, 'max_depth': 7, 'min_samples_split': 7, 'min_samples_leaf': 4, 'max_features': 0.5104629857953323, 'bootstrap': True}. Best is trial 1 with value: 0.034577380657196226.
[I 2025-07-30 11:05:22,815] Trial 3 finished with value: 0.03355504953953817 and parameters: {'min_abs_corr': 0.0538522716492931, 'max_pair_corr': 0.9533173111975838, 'n_estimators': 165, 'max_depth': 30, 'min_samples_split': 5, 'min_samples_leaf': 1, 'max_features': 0.9539969835279999, 'bootstrap': True}. Best is trial 3 with value: 0.03355504953953817.
[I 2025-07-30 11:05:35,258] Trial 4 finished with value: 0.04961314720790184 and parameters: {'min_abs_corr': 0.03393830807147021, 'max_pair_corr': 0.9087904902605746, 'n_estimators': 1058, 'max_depth': 22, 'min_samples_split': 4, 'min_samples_leaf': 5, 'max_features': 0.13094966900369656, 'bootstrap': True}. Best is trial 3 with value: 0.03355504953953817.
[I 2025-07-30 11:05:45,050] Trial 5 finished with value: 0.04483920845187005 and parameters: {'min_abs_corr': 0.06793961701362829, 'max_pair_corr': 0.928053996848047, 'n_estimators': 828, 'max_depth': 27, 'min_samples_split': 5, 'min_samples_leaf': 10, 'max_features': 0.7976195410250031, 'bootstrap': True}. Best is trial 3 with value: 0.03355504953953817.
[I 2025-07-30 11:05:47,266] Trial 6 finished with value: 0.03615720021637151 and parameters: {'min_abs_corr': 0.06180049798705309, 'max_pair_corr': 0.9829686811520805, 'n_estimators': 223, 'max_depth': 9, 'min_samples_split': 2, 'min_samples_leaf': 4, 'max_features': 0.4498095607205338, 'bootstrap': False}. Best is trial 3 with value: 0.03355504953953817.
[I 2025-07-30 11:05:58,430] Trial 7 finished with value: 0.04223308126761939 and parameters: {'min_abs_corr': 0.03889156603589098, 'max_pair_corr': 0.9252841058718643, 'n_estimators': 860, 'max_depth': 7, 'min_samples_split': 17, 'min_samples_leaf': 1, 'max_features': 0.9881982429404655, 'bootstrap': True}. Best is trial 3 with value: 0.03355504953953817.
[I 2025-07-30 11:06:09,457] Trial 8 finished with value: 0.03503643655626203 and parameters: {'min_abs_corr': 0.005524601126742228, 'max_pair_corr': 0.973391528560935, 'n_estimators': 1090, 'max_depth': 37, 'min_samples_split': 16, 'min_samples_leaf': 1, 'max_features': 0.4226191556898453, 'bootstrap': False}. Best is trial 3 with value: 0.03355504953953817.
[I 2025-07-30 11:06:11,850] Trial 9 finished with value: 0.04331731375688451 and parameters: {'min_abs_corr': 0.064213322048618, 'max_pair_corr': 0.9297808222367384, 'n_estimators': 189, 'max_depth': 15, 'min_samples_split': 8, 'min_samples_leaf': 8, 'max_features': 0.6738017242196918, 'bootstrap': True}. Best is trial 3 with value: 0.03355504953953817.
[I 2025-07-30 11:06:16,750] Trial 10 finished with value: 0.03720848973461133 and parameters: {'min_abs_corr': 0.09478797170188676, 'max_pair_corr': 0.9584953850306096, 'n_estimators': 457, 'max_depth': 47, 'min_samples_split': 12, 'min_samples_leaf': 7, 'max_features': 0.9757752143386126, 'bootstrap': False}. Best is trial 3 with value: 0.03355504953953817.
[I 2025-07-30 11:06:30,379] Trial 11 finished with value: 0.0363612408516223 and parameters: {'min_abs_corr': 0.08871118797806146, 'max_pair_corr': 0.9533396539143546, 'n_estimators': 1455, 'max_depth': 44, 'min_samples_split': 11, 'min_samples_leaf': 3, 'max_features': 0.28667931863873714, 'bootstrap': False}. Best is trial 3 with value: 0.03355504953953817.
[I 2025-07-30 11:06:35,366] Trial 12 finished with value: 0.03415869878593253 and parameters: {'min_abs_corr': 0.07964770144905443, 'max_pair_corr': 0.9019636129097546, 'n_estimators': 474, 'max_depth': 36, 'min_samples_split': 9, 'min_samples_leaf': 2, 'max_features': 0.7456630647968008, 'bootstrap': False}. Best is trial 3 with value: 0.03355504953953817.
[I 2025-07-30 11:06:41,286] Trial 13 finished with value: 0.033472276211870024 and parameters: {'min_abs_corr': 0.08227374656146298, 'max_pair_corr': 0.9426854414398987, 'n_estimators': 535, 'max_depth': 34, 'min_samples_split': 11, 'min_samples_leaf': 1, 'max_features': 0.8063246523828105, 'bootstrap': False}. Best is trial 13 with value: 0.033472276211870024.
[I 2025-07-30 11:06:48,402] Trial 14 finished with value: 0.03905141973159563 and parameters: {'min_abs_corr': 0.021741152314270727, 'max_pair_corr': 0.9447754297597406, 'n_estimators': 537, 'max_depth': 21, 'min_samples_split': 12, 'min_samples_leaf': 6, 'max_features': 0.8619589266129353, 'bootstrap': True}. Best is trial 13 with value: 0.033472276211870024.
[I 2025-07-30 11:06:55,123] Trial 15 finished with value: 0.03484579026483274 and parameters: {'min_abs_corr': 0.05463088764203167, 'max_pair_corr': 0.9660906231378392, 'n_estimators': 626, 'max_depth': 33, 'min_samples_split': 15, 'min_samples_leaf': 1, 'max_features': 0.6306386516611832, 'bootstrap': False}. Best is trial 13 with value: 0.033472276211870024.
[I 2025-07-30 11:06:59,676] Trial 16 finished with value: 0.0400298498521378 and parameters: {'min_abs_corr': 0.08219642737470072, 'max_pair_corr': 0.9420651764113624, 'n_estimators': 309, 'max_depth': 19, 'min_samples_split': 20, 'min_samples_leaf': 3, 'max_features': 0.8779185673542788, 'bootstrap': True}. Best is trial 13 with value: 0.033472276211870024.
[I 2025-07-30 11:07:00,795] Trial 17 finished with value: 0.04039267252271804 and parameters: {'min_abs_corr': 0.09839677078638005, 'max_pair_corr': 0.939192178529861, 'n_estimators': 106, 'max_depth': 38, 'min_samples_split': 10, 'min_samples_leaf': 10, 'max_features': 0.8959843449801919, 'bootstrap': False}. Best is trial 13 with value: 0.033472276211870024.
[I 2025-07-30 11:07:09,967] Trial 18 finished with value: 0.037874893985804306 and parameters: {'min_abs_corr': 0.026122903905607127, 'max_pair_corr': 0.9562810774073183, 'n_estimators': 682, 'max_depth': 27, 'min_samples_split': 14, 'min_samples_leaf': 3, 'max_features': 0.754580736340229, 'bootstrap': True}. Best is trial 13 with value: 0.033472276211870024.
[I 2025-07-30 11:07:13,694] Trial 19 finished with value: 0.03569234698778751 and parameters: {'min_abs_corr': 0.058907365782571976, 'max_pair_corr': 0.9716280985704215, 'n_estimators': 347, 'max_depth': 0, 'min_samples_split': 2, 'min_samples_leaf': 5, 'max_features': 0.618212017515188, 'bootstrap': False}. Best is trial 13 with value: 0.033472276211870024.
[I 2025-07-30 11:07:20,902] Trial 20 finished with value: 0.03889591284338847 and parameters: {'min_abs_corr': 0.07581298256185065, 'max_pair_corr': 0.9358001288638649, 'n_estimators': 701, 'max_depth': 30, 'min_samples_split': 20, 'min_samples_leaf': 8, 'max_features': 0.9985185233593514, 'bootstrap': False}. Best is trial 13 with value: 0.033472276211870024.
[I 2025-07-30 11:07:25,611] Trial 21 finished with value: 0.03379151450590092 and parameters: {'min_abs_corr': 0.0814167786526439, 'max_pair_corr': 0.9092512794707668, 'n_estimators': 431, 'max_depth': 35, 'min_samples_split': 9, 'min_samples_leaf': 2, 'max_features': 0.7500350534650382, 'bootstrap': False}. Best is trial 13 with value: 0.033472276211870024.
[I 2025-07-30 11:07:29,861] Trial 22 finished with value: 0.03312049263605984 and parameters: {'min_abs_corr': 0.08727765312445523, 'max_pair_corr': 0.9151742111859331, 'n_estimators': 371, 'max_depth': 42, 'min_samples_split': 8, 'min_samples_leaf': 1, 'max_features': 0.8235114231485356, 'bootstrap': False}. Best is trial 22 with value: 0.03312049263605984.
[I 2025-07-30 11:07:33,733] Trial 23 finished with value: 0.03253622939626134 and parameters: {'min_abs_corr': 0.08910529885309365, 'max_pair_corr': 0.917113951625088, 'n_estimators': 308, 'max_depth': 41, 'min_samples_split': 7, 'min_samples_leaf': 1, 'max_features': 0.844823320044914, 'bootstrap': False}. Best is trial 23 with value: 0.03253622939626134.
[I 2025-07-30 11:07:36,789] Trial 24 finished with value: 0.034693200383301176 and parameters: {'min_abs_corr': 0.09043591971634626, 'max_pair_corr': 0.9161578082696956, 'n_estimators': 292, 'max_depth': 50, 'min_samples_split': 13, 'min_samples_leaf': 1, 'max_features': 0.8244267823304974, 'bootstrap': False}. Best is trial 23 with value: 0.03253622939626134.
[I 2025-07-30 11:07:42,140] Trial 25 finished with value: 0.0341486085074052 and parameters: {'min_abs_corr': 0.09993288032295838, 'max_pair_corr': 0.9172282456773093, 'n_estimators': 578, 'max_depth': 43, 'min_samples_split': 8, 'min_samples_leaf': 3, 'max_features': 0.6743862718477852, 'bootstrap': False}. Best is trial 23 with value: 0.03253622939626134.
[I 2025-07-30 11:07:45,728] Trial 26 finished with value: 0.03502391301391157 and parameters: {'min_abs_corr': 0.08765373121678803, 'max_pair_corr': 0.9190543285079714, 'n_estimators': 350, 'max_depth': 40, 'min_samples_split': 10, 'min_samples_leaf': 4, 'max_features': 0.907123999351993, 'bootstrap': False}. Best is trial 23 with value: 0.03253622939626134.
[I 2025-07-30 11:07:50,564] Trial 27 finished with value: 0.03314394873966896 and parameters: {'min_abs_corr': 0.07113677970723237, 'max_pair_corr': 0.9338510916432015, 'n_estimators': 454, 'max_depth': 47, 'min_samples_split': 7, 'min_samples_leaf': 2, 'max_features': 0.5697478761133166, 'bootstrap': False}. Best is trial 23 with value: 0.03253622939626134.
[I 2025-07-30 11:07:54,798] Trial 28 finished with value: 0.03311332545687011 and parameters: {'min_abs_corr': 0.07109499709265216, 'max_pair_corr': 0.9332267241054388, 'n_estimators': 399, 'max_depth': 50, 'min_samples_split': 7, 'min_samples_leaf': 2, 'max_features': 0.526716823565492, 'bootstrap': False}. Best is trial 23 with value: 0.03253622939626134.
[I 2025-07-30 11:08:02,396] Trial 29 finished with value: 0.03328516644077842 and parameters: {'min_abs_corr': 0.08898018545192575, 'max_pair_corr': 0.9124362216869023, 'n_estimators': 746, 'max_depth': 49, 'min_samples_split': 4, 'min_samples_leaf': 2, 'max_features': 0.3655987485409165, 'bootstrap': False}. Best is trial 23 with value: 0.03253622939626134.
[I 2025-07-30 11:08:05,100] Trial 30 finished with value: 0.03364267161276239 and parameters: {'min_abs_corr': 0.07705091044304667, 'max_pair_corr': 0.922274169912937, 'n_estimators': 254, 'max_depth': 41, 'min_samples_split': 7, 'min_samples_leaf': 2, 'max_features': 0.5113982206371506, 'bootstrap': False}. Best is trial 23 with value: 0.03253622939626134.
[I 2025-07-30 11:08:09,547] Trial 31 finished with value: 0.032469299288272205 and parameters: {'min_abs_corr': 0.0716501865640745, 'max_pair_corr': 0.9355266070296163, 'n_estimators': 398, 'max_depth': 46, 'min_samples_split': 6, 'min_samples_leaf': 2, 'max_features': 0.6218015164757249, 'bootstrap': False}. Best is trial 31 with value: 0.032469299288272205.
[I 2025-07-30 11:08:13,662] Trial 32 finished with value: 0.03339436598936278 and parameters: {'min_abs_corr': 0.07176307398537285, 'max_pair_corr': 0.9317398261403249, 'n_estimators': 388, 'max_depth': 45, 'min_samples_split': 6, 'min_samples_leaf': 3, 'max_features': 0.5684898496244873, 'bootstrap': False}. Best is trial 31 with value: 0.032469299288272205.
[I 2025-07-30 11:08:14,969] Trial 33 finished with value: 0.033240745326375776 and parameters: {'min_abs_corr': 0.047878495755362335, 'max_pair_corr': 0.9044428261891536, 'n_estimators': 105, 'max_depth': 46, 'min_samples_split': 6, 'min_samples_leaf': 2, 'max_features': 0.6946947984013451, 'bootstrap': False}. Best is trial 31 with value: 0.032469299288272205.
[I 2025-07-30 11:08:27,639] Trial 34 finished with value: 0.032662779033047186 and parameters: {'min_abs_corr': 0.06861741217728551, 'max_pair_corr': 0.9223646487602254, 'n_estimators': 1289, 'max_depth': 50, 'min_samples_split': 3, 'min_samples_leaf': 1, 'max_features': 0.21008388449988175, 'bootstrap': False}. Best is trial 31 with value: 0.032469299288272205.
[I 2025-07-30 11:08:39,379] Trial 35 finished with value: 0.03850771065621124 and parameters: {'min_abs_corr': 0.06643117683614663, 'max_pair_corr': 0.922222661555841, 'n_estimators': 1349, 'max_depth': 50, 'min_samples_split': 3, 'min_samples_leaf': 4, 'max_features': 0.20351776475052974, 'bootstrap': False}. Best is trial 31 with value: 0.032469299288272205.
[I 2025-07-30 11:08:51,472] Trial 36 finished with value: 0.0328722355623778 and parameters: {'min_abs_corr': 0.054479294779584464, 'max_pair_corr': 0.9388177994299497, 'n_estimators': 1255, 'max_depth': 47, 'min_samples_split': 5, 'min_samples_leaf': 2, 'max_features': 0.31916309903089446, 'bootstrap': False}. Best is trial 31 with value: 0.032469299288272205.
[I 2025-07-30 11:09:03,329] Trial 37 finished with value: 0.03267118304961457 and parameters: {'min_abs_corr': 0.05901582381243263, 'max_pair_corr': 0.9380036987461483, 'n_estimators': 1289, 'max_depth': 40, 'min_samples_split': 5, 'min_samples_leaf': 1, 'max_features': 0.18041161854699472, 'bootstrap': False}. Best is trial 31 with value: 0.032469299288272205.
[I 2025-07-30 11:09:15,636] Trial 38 finished with value: 0.03244523458035224 and parameters: {'min_abs_corr': 0.04674567967871471, 'max_pair_corr': 0.9247282826124058, 'n_estimators': 1210, 'max_depth': 40, 'min_samples_split': 3, 'min_samples_leaf': 1, 'max_features': 0.19231599088605691, 'bootstrap': False}. Best is trial 38 with value: 0.03244523458035224.
[I 2025-07-30 11:09:24,939] Trial 39 finished with value: 0.03290969049637334 and parameters: {'min_abs_corr': 0.044293249878525356, 'max_pair_corr': 0.9487831514957435, 'n_estimators': 982, 'max_depth': 31, 'min_samples_split': 4, 'min_samples_leaf': 1, 'max_features': 0.11724881809914656, 'bootstrap': False}. Best is trial 38 with value: 0.03244523458035224.
[I 2025-07-30 11:09:38,675] Trial 40 finished with value: 0.04016855724582186 and parameters: {'min_abs_corr': 0.05078455233493233, 'max_pair_corr': 0.924974320825804, 'n_estimators': 1499, 'max_depth': 38, 'min_samples_split': 3, 'min_samples_leaf': 5, 'max_features': 0.21409529134041327, 'bootstrap': False}. Best is trial 38 with value: 0.03244523458035224.
[I 2025-07-30 11:09:51,125] Trial 41 finished with value: 0.03260263977086064 and parameters: {'min_abs_corr': 0.058589714396485956, 'max_pair_corr': 0.9279470468638863, 'n_estimators': 1226, 'max_depth': 40, 'min_samples_split': 3, 'min_samples_leaf': 1, 'max_features': 0.18390699969645127, 'bootstrap': False}. Best is trial 38 with value: 0.03244523458035224.
[I 2025-07-30 11:10:04,590] Trial 42 finished with value: 0.03213183348367461 and parameters: {'min_abs_corr': 0.04126899003843432, 'max_pair_corr': 0.9282928175382376, 'n_estimators': 1189, 'max_depth': 42, 'min_samples_split': 3, 'min_samples_leaf': 1, 'max_features': 0.25337581866736386, 'bootstrap': False}. Best is trial 42 with value: 0.03213183348367461.
[I 2025-07-30 11:10:19,421] Trial 43 finished with value: 0.03173746155070757 and parameters: {'min_abs_corr': 0.03676928136095814, 'max_pair_corr': 0.929260356378123, 'n_estimators': 1161, 'max_depth': 39, 'min_samples_split': 2, 'min_samples_leaf': 1, 'max_features': 0.43431877449406664, 'bootstrap': False}. Best is trial 43 with value: 0.03173746155070757.
[I 2025-07-30 11:10:33,766] Trial 44 finished with value: 0.031690556193198535 and parameters: {'min_abs_corr': 0.03635014905965698, 'max_pair_corr': 0.9274491490794494, 'n_estimators': 1153, 'max_depth': 43, 'min_samples_split': 2, 'min_samples_leaf': 1, 'max_features': 0.4405942729581115, 'bootstrap': False}. Best is trial 44 with value: 0.031690556193198535.
[I 2025-07-30 11:10:48,855] Trial 45 finished with value: 0.03622900108450672 and parameters: {'min_abs_corr': 0.035559526904802435, 'max_pair_corr': 0.9478764274992124, 'n_estimators': 1183, 'max_depth': 45, 'min_samples_split': 2, 'min_samples_leaf': 3, 'max_features': 0.4353624843095394, 'bootstrap': True}. Best is trial 44 with value: 0.031690556193198535.
[I 2025-07-30 11:11:01,482] Trial 46 finished with value: 0.03209869708336017 and parameters: {'min_abs_corr': 0.029406696326009212, 'max_pair_corr': 0.9290170180920342, 'n_estimators': 1003, 'max_depth': 33, 'min_samples_split': 2, 'min_samples_leaf': 1, 'max_features': 0.35269111214875787, 'bootstrap': False}. Best is trial 44 with value: 0.031690556193198535.
[I 2025-07-30 11:11:14,230] Trial 47 finished with value: 0.03191054571803177 and parameters: {'min_abs_corr': 0.025222303459964807, 'max_pair_corr': 0.92855572490555, 'n_estimators': 1019, 'max_depth': 32, 'min_samples_split': 2, 'min_samples_leaf': 1, 'max_features': 0.37853358821602084, 'bootstrap': False}. Best is trial 44 with value: 0.031690556193198535.
[I 2025-07-30 11:11:25,959] Trial 48 finished with value: 0.03274731587361946 and parameters: {'min_abs_corr': 0.026089892598434954, 'max_pair_corr': 0.9295548095780019, 'n_estimators': 1011, 'max_depth': 26, 'min_samples_split': 2, 'min_samples_leaf': 2, 'max_features': 0.3645065150463477, 'bootstrap': False}. Best is trial 44 with value: 0.031690556193198535.
[I 2025-07-30 11:11:39,935] Trial 49 finished with value: 0.033027715382373556 and parameters: {'min_abs_corr': 0.015099229959139529, 'max_pair_corr': 0.928311177403915, 'n_estimators': 897, 'max_depth': 32, 'min_samples_split': 2, 'min_samples_leaf': 1, 'max_features': 0.47903701028355267, 'bootstrap': True}. Best is trial 44 with value: 0.031690556193198535.
[I 2025-07-30 11:11:50,578] Trial 50 finished with value: 0.04060003837593306 and parameters: {'min_abs_corr': 0.03143423787496863, 'max_pair_corr': 0.9888929871242619, 'n_estimators': 1121, 'max_depth': 29, 'min_samples_split': 4, 'min_samples_leaf': 9, 'max_features': 0.38744665834128805, 'bootstrap': False}. Best is trial 44 with value: 0.031690556193198535.
[I 2025-07-30 11:12:01,673] Trial 51 finished with value: 0.032126525714259876 and parameters: {'min_abs_corr': 0.04115559797316745, 'max_pair_corr': 0.922752561329528, 'n_estimators': 1033, 'max_depth': 38, 'min_samples_split': 3, 'min_samples_leaf': 1, 'max_features': 0.2537004038189628, 'bootstrap': False}. Best is trial 44 with value: 0.031690556193198535.
[I 2025-07-30 11:12:13,565] Trial 52 finished with value: 0.032095238114058344 and parameters: {'min_abs_corr': 0.03791712237174956, 'max_pair_corr': 0.9207091643353843, 'n_estimators': 1076, 'max_depth': 37, 'min_samples_split': 2, 'min_samples_leaf': 1, 'max_features': 0.2683353908783809, 'bootstrap': False}. Best is trial 44 with value: 0.031690556193198535.
[I 2025-07-30 11:12:23,732] Trial 53 finished with value: 0.033256220564092234 and parameters: {'min_abs_corr': 0.03618297771019582, 'max_pair_corr': 0.9108491071860361, 'n_estimators': 1037, 'max_depth': 36, 'min_samples_split': 2, 'min_samples_leaf': 2, 'max_features': 0.3012628339097382, 'bootstrap': False}. Best is trial 44 with value: 0.031690556193198535.
[I 2025-07-30 11:12:32,266] Trial 54 finished with value: 0.03880326732831709 and parameters: {'min_abs_corr': 0.031132126599654832, 'max_pair_corr': 0.9234061438015176, 'n_estimators': 919, 'max_depth': 34, 'min_samples_split': 4, 'min_samples_leaf': 6, 'max_features': 0.4028774538268978, 'bootstrap': False}. Best is trial 44 with value: 0.031690556193198535.
[I 2025-07-30 11:12:43,853] Trial 55 finished with value: 0.03246494894794778 and parameters: {'min_abs_corr': 0.016000578780322607, 'max_pair_corr': 0.9200844186123273, 'n_estimators': 1109, 'max_depth': 38, 'min_samples_split': 5, 'min_samples_leaf': 1, 'max_features': 0.33251164053341425, 'bootstrap': False}. Best is trial 44 with value: 0.031690556193198535.
[I 2025-07-30 11:12:58,713] Trial 56 finished with value: 0.0332528247687168 and parameters: {'min_abs_corr': 0.04115708125467154, 'max_pair_corr': 0.9318203741756593, 'n_estimators': 1060, 'max_depth': 23, 'min_samples_split': 2, 'min_samples_leaf': 1, 'max_features': 0.25520065549008697, 'bootstrap': True}. Best is trial 44 with value: 0.031690556193198535.
[I 2025-07-30 11:13:07,384] Trial 57 finished with value: 0.03253966811271027 and parameters: {'min_abs_corr': 0.027713344560683032, 'max_pair_corr': 0.9132558038260061, 'n_estimators': 811, 'max_depth': 28, 'min_samples_split': 4, 'min_samples_leaf': 2, 'max_features': 0.47813476597995597, 'bootstrap': False}. Best is trial 44 with value: 0.031690556193198535.
[I 2025-07-30 11:13:16,334] Trial 58 finished with value: 0.036685657870272656 and parameters: {'min_abs_corr': 0.021932014070640708, 'max_pair_corr': 0.9068224159216893, 'n_estimators': 941, 'max_depth': 33, 'min_samples_split': 2, 'min_samples_leaf': 4, 'max_features': 0.35416208622848444, 'bootstrap': False}. Best is trial 44 with value: 0.031690556193198535.
[I 2025-07-30 11:13:24,482] Trial 59 finished with value: 0.034300530803556224 and parameters: {'min_abs_corr': 0.038721681904947104, 'max_pair_corr': 0.943010173718505, 'n_estimators': 871, 'max_depth': 36, 'min_samples_split': 3, 'min_samples_leaf': 3, 'max_features': 0.2766998190117858, 'bootstrap': False}. Best is trial 44 with value: 0.031690556193198535.
