[I 2025-08-03 12:55:03,136] Trial 410 finished with value: 0.031250374235053925 and parameters: {'min_abs_corr': 0.006683767395030074, 'max_pair_corr': 0.937685411505282, 'n_estimators': 1432, 'learning_rate': 0.010313868947017236, 'max_depth': 8, 'num_leaves': 245, 'min_child_samples': 6, 'min_child_weight': 0.022687260288223304, 'subsample': 0.5811016703676373, 'colsample_bytree': 0.3827292135650364, 'reg_alpha': 0.002427740330190881, 'reg_lambda': 0.09305523316853027}. Best is trial 247 with value: 0.03012119889640085.
[I 2025-08-03 12:55:10,782] Trial 411 finished with value: 0.031073960976079857 and parameters: {'min_abs_corr': 0.006644314719947657, 'max_pair_corr': 0.9426990257402372, 'n_estimators': 1412, 'learning_rate': 0.010344500662470465, 'max_depth': 8, 'num_leaves': 241, 'min_child_samples': 6, 'min_child_weight': 0.022688038820040207, 'subsample': 0.5759889501628661, 'colsample_bytree': 0.3816108182948658, 'reg_alpha': 0.0024446246655733836, 'reg_lambda': 0.09258467651478279}. Best is trial 247 with value: 0.03012119889640085.
[I 2025-08-03 12:55:18,324] Trial 412 finished with value: 0.030256992120855954 and parameters: {'min_abs_corr': 0.006702718053945077, 'max_pair_corr': 0.9507606278751031, 'n_estimators': 1461, 'learning_rate': 0.010368122107354709, 'max_depth': 8, 'num_leaves': 245, 'min_child_samples': 6, 'min_child_weight': 0.022494550975071834, 'subsample': 0.5854400204845399, 'colsample_bytree': 0.3833787981842414, 'reg_alpha': 0.0024356306739149887, 'reg_lambda': 0.09142662741636237}. Best is trial 247 with value: 0.03012119889640085.
[I 2025-08-03 12:55:25,957] Trial 413 finished with value: 0.030786773325725447 and parameters: {'min_abs_corr': 0.006712282689614207, 'max_pair_corr': 0.9531515644943862, 'n_estimators': 1468, 'learning_rate': 0.010352130862178949, 'max_depth': 8, 'num_leaves': 245, 'min_child_samples': 6, 'min_child_weight': 0.02253269260849634, 'subsample': 0.5837393321769782, 'colsample_bytree': 0.3833959457256882, 'reg_alpha': 0.0024354447136206866, 'reg_lambda': 0.09153934421837756}. Best is trial 247 with value: 0.03012119889640085.
[I 2025-08-03 12:55:34,393] Trial 414 finished with value: 0.031275408096662266 and parameters: {'min_abs_corr': 0.006748814230755061, 'max_pair_corr': 0.9462090842072577, 'n_estimators': 1464, 'learning_rate': 0.0103593310090103, 'max_depth': 9, 'num_leaves': 242, 'min_child_samples': 6, 'min_child_weight': 0.022586219320869187, 'subsample': 0.5861949101188328, 'colsample_bytree': 0.3800208982837888, 'reg_alpha': 0.0024315945355816277, 'reg_lambda': 0.09222180461285306}. Best is trial 247 with value: 0.03012119889640085.
[I 2025-08-03 12:55:41,829] Trial 415 finished with value: 0.030285812881368994 and parameters: {'min_abs_corr': 0.006684046350162387, 'max_pair_corr': 0.9514781010544193, 'n_estimators': 1443, 'learning_rate': 0.010277455834506831, 'max_depth': 8, 'num_leaves': 237, 'min_child_samples': 6, 'min_child_weight': 0.022468435662927347, 'subsample': 0.5827825067738466, 'colsample_bytree': 0.38320649119317773, 'reg_alpha': 0.002437501633360541, 'reg_lambda': 0.09166159946555502}. Best is trial 247 with value: 0.03012119889640085.
[I 2025-08-03 12:55:49,610] Trial 416 finished with value: 0.031041647951545126 and parameters: {'min_abs_corr': 0.0066907643338566004, 'max_pair_corr': 0.9426641843300927, 'n_estimators': 1467, 'learning_rate': 0.01038954559550265, 'max_depth': 8, 'num_leaves': 241, 'min_child_samples': 6, 'min_child_weight': 0.022481027192499912, 'subsample': 0.58938957677081, 'colsample_bytree': 0.3811794777390546, 'reg_alpha': 0.0024247310792108396, 'reg_lambda': 0.09321445164658494}. Best is trial 247 with value: 0.03012119889640085.
[I 2025-08-03 12:55:57,597] Trial 417 finished with value: 0.030668790708375637 and parameters: {'min_abs_corr': 0.006664808316797718, 'max_pair_corr': 0.9557631571833662, 'n_estimators': 1436, 'learning_rate': 0.010448263881381691, 'max_depth': 8, 'num_leaves': 244, 'min_child_samples': 6, 'min_child_weight': 0.022593984615807264, 'subsample': 0.5799081821387335, 'colsample_bytree': 0.38412656642548787, 'reg_alpha': 0.0024209681843086043, 'reg_lambda': 0.09078486636752284}. Best is trial 247 with value: 0.03012119889640085.
[I 2025-08-03 12:56:05,763] Trial 418 finished with value: 0.03066100819643743 and parameters: {'min_abs_corr': 0.006715648882372007, 'max_pair_corr': 0.9331020170534293, 'n_estimators': 1467, 'learning_rate': 0.010302649966757036, 'max_depth': 8, 'num_leaves': 234, 'min_child_samples': 6, 'min_child_weight': 0.02268410966130054, 'subsample': 0.5869081985567524, 'colsample_bytree': 0.4488854209485297, 'reg_alpha': 0.0024373077362161793, 'reg_lambda': 0.09117359112719109}. Best is trial 247 with value: 0.03012119889640085.
[I 2025-08-03 12:56:14,262] Trial 419 finished with value: 0.030391303429167942 and parameters: {'min_abs_corr': 0.0066371168255369584, 'max_pair_corr': 0.94811100697023, 'n_estimators': 1436, 'learning_rate': 0.010182842196724644, 'max_depth': 9, 'num_leaves': 248, 'min_child_samples': 6, 'min_child_weight': 0.022451770606738173, 'subsample': 0.5848779679741067, 'colsample_bytree': 0.379475930181892, 'reg_alpha': 0.0021741803806743375, 'reg_lambda': 0.09373546495132694}. Best is trial 247 with value: 0.03012119889640085.
[I 2025-08-03 12:56:21,835] Trial 420 finished with value: 0.030285000913599574 and parameters: {'min_abs_corr': 0.006668011647165688, 'max_pair_corr': 0.9504404930266676, 'n_estimators': 1473, 'learning_rate': 0.010428131126073307, 'max_depth': 8, 'num_leaves': 240, 'min_child_samples': 6, 'min_child_weight': 0.02255045154794933, 'subsample': 0.5833364557813302, 'colsample_bytree': 0.3815862079108716, 'reg_alpha': 0.0024446177656067235, 'reg_lambda': 0.09275786288884492}. Best is trial 247 with value: 0.03012119889640085.
[I 2025-08-03 12:56:29,522] Trial 421 finished with value: 0.030841022414479308 and parameters: {'min_abs_corr': 0.006771810465625813, 'max_pair_corr': 0.939839647911539, 'n_estimators': 1455, 'learning_rate': 0.010465642472685022, 'max_depth': 8, 'num_leaves': 238, 'min_child_samples': 6, 'min_child_weight': 0.022587313843928734, 'subsample': 0.5902776070616421, 'colsample_bytree': 0.378682588897934, 'reg_alpha': 0.002427072281596246, 'reg_lambda': 0.09194222818939403}. Best is trial 247 with value: 0.03012119889640085.
[I 2025-08-03 12:56:31,910] Trial 422 finished with value: 0.03739859153740979 and parameters: {'min_abs_corr': 0.006730097653622127, 'max_pair_corr': 0.9447795897882961, 'n_estimators': 1416, 'learning_rate': 0.010388660581787014, 'max_depth': 2, 'num_leaves': 236, 'min_child_samples': 6, 'min_child_weight': 0.02244297045397988, 'subsample': 0.5779202934973952, 'colsample_bytree': 0.3803513999427265, 'reg_alpha': 0.0021915064529839, 'reg_lambda': 0.09416567023430357}. Best is trial 247 with value: 0.03012119889640085.
[I 2025-08-03 12:56:40,194] Trial 423 finished with value: 0.030670663156707367 and parameters: {'min_abs_corr': 0.005800024980585832, 'max_pair_corr': 0.9540610518129096, 'n_estimators': 1482, 'learning_rate': 0.010027914816987277, 'max_depth': 8, 'num_leaves': 232, 'min_child_samples': 6, 'min_child_weight': 0.022535579072886183, 'subsample': 0.5811521009849622, 'colsample_bytree': 0.3824448224439303, 'reg_alpha': 0.0021585419346382244, 'reg_lambda': 0.09287592785850748}. Best is trial 247 with value: 0.03012119889640085.
[I 2025-08-03 12:56:48,448] Trial 424 finished with value: 0.03035542890988293 and parameters: {'min_abs_corr': 0.006698268422647615, 'max_pair_corr': 0.9477571652210561, 'n_estimators': 1434, 'learning_rate': 0.0103299816265733, 'max_depth': 9, 'num_leaves': 245, 'min_child_samples': 6, 'min_child_weight': 0.022433353618818295, 'subsample': 0.5862531995526207, 'colsample_bytree': 0.38490807319237047, 'reg_alpha': 0.0022090832075611594, 'reg_lambda': 0.09233723027718381}. Best is trial 247 with value: 0.03012119889640085.
[I 2025-08-03 12:56:51,830] Trial 425 finished with value: 0.03180692696686206 and parameters: {'min_abs_corr': 0.006636488770369431, 'max_pair_corr': 0.9579006221851953, 'n_estimators': 1106, 'learning_rate': 0.010479667457467262, 'max_depth': 4, 'num_leaves': 240, 'min_child_samples': 6, 'min_child_weight': 0.022582404438050922, 'subsample': 0.5879607109511613, 'colsample_bytree': 0.37904650298305875, 'reg_alpha': 0.002418197227928736, 'reg_lambda': 0.09139523441629441}. Best is trial 247 with value: 0.03012119889640085.
[I 2025-08-03 12:56:54,951] Trial 426 finished with value: 0.032001327218541695 and parameters: {'min_abs_corr': 0.0066699683245982746, 'max_pair_corr': 0.9521536155688864, 'n_estimators': 383, 'learning_rate': 0.010255784677161359, 'max_depth': 8, 'num_leaves': 234, 'min_child_samples': 6, 'min_child_weight': 0.022495246418767597, 'subsample': 0.5906491004239687, 'colsample_bytree': 0.38088826969730155, 'reg_alpha': 0.0024322783627927455, 'reg_lambda': 0.09183753099516884}. Best is trial 247 with value: 0.03012119889640085.
[I 2025-08-03 12:57:02,223] Trial 427 finished with value: 0.03031931209480452 and parameters: {'min_abs_corr': 0.006634036661328582, 'max_pair_corr': 0.9440891782762519, 'n_estimators': 1402, 'learning_rate': 0.01042432368831649, 'max_depth': 8, 'num_leaves': 238, 'min_child_samples': 6, 'min_child_weight': 0.02260726362219289, 'subsample': 0.5834517598635415, 'colsample_bytree': 0.3783041758035038, 'reg_alpha': 0.0024175714005947122, 'reg_lambda': 0.09263923073893131}. Best is trial 247 with value: 0.03012119889640085.
[I 2025-08-03 12:57:10,657] Trial 428 finished with value: 0.030279914331084973 and parameters: {'min_abs_corr': 0.006697916770516899, 'max_pair_corr': 0.9491948108206182, 'n_estimators': 1480, 'learning_rate': 0.010377705153971024, 'max_depth': 9, 'num_leaves': 242, 'min_child_samples': 6, 'min_child_weight': 0.02241911515567793, 'subsample': 0.5856085306881653, 'colsample_bytree': 0.3830464028666047, 'reg_alpha': 0.0020585465317155566, 'reg_lambda': 0.09353142769741103}. Best is trial 247 with value: 0.03012119889640085.
[I 2025-08-03 12:57:19,835] Trial 429 finished with value: 0.03066181989483256 and parameters: {'min_abs_corr': 0.00673798399105213, 'max_pair_corr': 0.9562308554404948, 'n_estimators': 1455, 'learning_rate': 0.010370773998122366, 'max_depth': 9, 'num_leaves': 242, 'min_child_samples': 6, 'min_child_weight': 0.022424861865749365, 'subsample': 0.5883090681731354, 'colsample_bytree': 0.3836390353146407, 'reg_alpha': 0.0020807911150849956, 'reg_lambda': 0.0935368073214036}. Best is trial 247 with value: 0.03012119889640085.
[I 2025-08-03 12:57:28,153] Trial 430 finished with value: 0.03037770238842919 and parameters: {'min_abs_corr': 0.00670624843078403, 'max_pair_corr': 0.9497042318541334, 'n_estimators': 1422, 'learning_rate': 0.009943754549138102, 'max_depth': 9, 'num_leaves': 244, 'min_child_samples': 6, 'min_child_weight': 0.022492655203322335, 'subsample': 0.5858587429641521, 'colsample_bytree': 0.38582540370379925, 'reg_alpha': 0.002114050273296779, 'reg_lambda': 0.09295241395562054}. Best is trial 247 with value: 0.03012119889640085.
[I 2025-08-03 12:57:37,738] Trial 431 finished with value: 0.03141629223087265 and parameters: {'min_abs_corr': 0.006669475047129701, 'max_pair_corr': 0.937779681129871, 'n_estimators': 1448, 'learning_rate': 0.0103057565798834, 'max_depth': 10, 'num_leaves': 240, 'min_child_samples': 6, 'min_child_weight': 0.0224024775631267, 'subsample': 0.5899145977098578, 'colsample_bytree': 0.38280375771998104, 'reg_alpha': 0.0022925203016629283, 'reg_lambda': 0.09326977461965398}. Best is trial 247 with value: 0.03012119889640085.
[I 2025-08-03 12:57:45,080] Trial 432 finished with value: 0.030479603420197742 and parameters: {'min_abs_corr': 0.006694462832117079, 'max_pair_corr': 0.9536304553832424, 'n_estimators': 1234, 'learning_rate': 0.01041359754397169, 'max_depth': 9, 'num_leaves': 247, 'min_child_samples': 6, 'min_child_weight': 0.0226216689669115, 'subsample': 0.5859733691202248, 'colsample_bytree': 0.37712120962827433, 'reg_alpha': 0.002435316233642033, 'reg_lambda': 0.09235241239161869}. Best is trial 247 with value: 0.03012119889640085.
[I 2025-08-03 12:57:49,197] Trial 433 finished with value: 0.031261445129958834 and parameters: {'min_abs_corr': 0.006661765777020882, 'max_pair_corr': 0.945513137065239, 'n_estimators': 503, 'learning_rate': 0.010470753909476762, 'max_depth': 9, 'num_leaves': 236, 'min_child_samples': 6, 'min_child_weight': 0.022688061837892206, 'subsample': 0.5912617653129764, 'colsample_bytree': 0.3801117315627693, 'reg_alpha': 0.002025349468469748, 'reg_lambda': 0.09476837594812945}. Best is trial 247 with value: 0.03012119889640085.
[I 2025-08-03 12:57:54,330] Trial 434 finished with value: 0.030743851946458334 and parameters: {'min_abs_corr': 0.006794597552220562, 'max_pair_corr': 0.9495390204362787, 'n_estimators': 1478, 'learning_rate': 0.010374623278050804, 'max_depth': 5, 'num_leaves': 243, 'min_child_samples': 6, 'min_child_weight': 0.022529781711769732, 'subsample': 0.5841430674354876, 'colsample_bytree': 0.3848278179615357, 'reg_alpha': 0.0021062926289910286, 'reg_lambda': 0.09392907068249584}. Best is trial 247 with value: 0.03012119889640085.
[I 2025-08-03 12:58:03,108] Trial 435 finished with value: 0.030557114226623477 and parameters: {'min_abs_corr': 0.006639700502346126, 'max_pair_corr': 0.9590474920084892, 'n_estimators': 1390, 'learning_rate': 0.010243138164139708, 'max_depth': 9, 'num_leaves': 200, 'min_child_samples': 6, 'min_child_weight': 0.022398709776685465, 'subsample': 0.5880299902531263, 'colsample_bytree': 0.38199830089913395, 'reg_alpha': 0.002051459997263221, 'reg_lambda': 0.09096403787134871}. Best is trial 247 with value: 0.03012119889640085.
[I 2025-08-03 12:58:12,077] Trial 436 finished with value: 0.03050353125336805 and parameters: {'min_abs_corr': 0.0067205329677127385, 'max_pair_corr': 0.9541528086180426, 'n_estimators': 1426, 'learning_rate': 0.010484662796021492, 'max_depth': 9, 'num_leaves': 231, 'min_child_samples': 6, 'min_child_weight': 0.022522115094710717, 'subsample': 0.5819855952676483, 'colsample_bytree': 0.379775537429849, 'reg_alpha': 0.0024238250753951256, 'reg_lambda': 0.09209344997910239}. Best is trial 247 with value: 0.03012119889640085.
[I 2025-08-03 12:58:21,613] Trial 437 finished with value: 0.03113256051943697 and parameters: {'min_abs_corr': 0.006681003351284933, 'max_pair_corr': 0.9406527995478515, 'n_estimators': 1459, 'learning_rate': 0.010439778858793325, 'max_depth': 10, 'num_leaves': 238, 'min_child_samples': 6, 'min_child_weight': 0.02246607870251429, 'subsample': 0.5916585812182648, 'colsample_bytree': 0.38187910553730364, 'reg_alpha': 0.002064635421632751, 'reg_lambda': 0.09654277210499318}. Best is trial 247 with value: 0.03012119889640085.
[I 2025-08-03 12:58:30,135] Trial 438 finished with value: 0.030267217314864352 and parameters: {'min_abs_corr': 0.006615677183930252, 'max_pair_corr': 0.9464805361976394, 'n_estimators': 1481, 'learning_rate': 0.010338696028857917, 'max_depth': 9, 'num_leaves': 234, 'min_child_samples': 6, 'min_child_weight': 0.02268911344937165, 'subsample': 0.5852523812111294, 'colsample_bytree': 0.3790002685400445, 'reg_alpha': 0.0024271700385914627, 'reg_lambda': 0.09338744260716776}. Best is trial 247 with value: 0.03012119889640085.
[I 2025-08-03 12:58:40,224] Trial 439 finished with value: 0.03091869919421057 and parameters: {'min_abs_corr': 0.006622107147776325, 'max_pair_corr': 0.943364851904264, 'n_estimators': 1481, 'learning_rate': 0.010311646353550308, 'max_depth': 9, 'num_leaves': 229, 'min_child_samples': 5, 'min_child_weight': 0.02267882570867703, 'subsample': 0.5811149703330862, 'colsample_bytree': 0.41293170067290036, 'reg_alpha': 0.002444135210778993, 'reg_lambda': 0.09355479284012488}. Best is trial 247 with value: 0.03012119889640085.
[I 2025-08-03 12:58:48,985] Trial 440 finished with value: 0.03135781021467351 and parameters: {'min_abs_corr': 0.006610171457279958, 'max_pair_corr': 0.9365117312101501, 'n_estimators': 1477, 'learning_rate': 0.010138501098676096, 'max_depth': 9, 'num_leaves': 234, 'min_child_samples': 6, 'min_child_weight': 0.022610756150361535, 'subsample': 0.5850119491155608, 'colsample_bytree': 0.37877360371197044, 'reg_alpha': 0.002431409232540747, 'reg_lambda': 0.0929736600624547}. Best is trial 247 with value: 0.03012119889640085.
[I 2025-08-03 12:58:57,596] Trial 441 finished with value: 0.030358015276262824 and parameters: {'min_abs_corr': 0.006650471667047236, 'max_pair_corr': 0.946858470018459, 'n_estimators': 1498, 'learning_rate': 0.010353733159731426, 'max_depth': 9, 'num_leaves': 246, 'min_child_samples': 6, 'min_child_weight': 0.022687856579528026, 'subsample': 0.5788410542055381, 'colsample_bytree': 0.37820234273134157, 'reg_alpha': 0.002427019451645176, 'reg_lambda': 0.09326751880862905}. Best is trial 247 with value: 0.03012119889640085.
[I 2025-08-03 12:59:06,282] Trial 442 finished with value: 0.03104185114818887 and parameters: {'min_abs_corr': 0.006613048346789775, 'max_pair_corr': 0.9418650820216471, 'n_estimators': 1457, 'learning_rate': 0.010337173981151485, 'max_depth': 9, 'num_leaves': 231, 'min_child_samples': 6, 'min_child_weight': 0.022614332893838966, 'subsample': 0.583889366907253, 'colsample_bytree': 0.3771243936705006, 'reg_alpha': 0.0024377323124630972, 'reg_lambda': 0.09381043882727143}. Best is trial 247 with value: 0.03012119889640085.
[I 2025-08-03 12:59:14,823] Trial 443 finished with value: 0.030287088074236013 and parameters: {'min_abs_corr': 0.006599114911030722, 'max_pair_corr': 0.9480963059766486, 'n_estimators': 1472, 'learning_rate': 0.010282755018930053, 'max_depth': 9, 'num_leaves': 235, 'min_child_samples': 6, 'min_child_weight': 0.02241262356954243, 'subsample': 0.5896261156399663, 'colsample_bytree': 0.3838443765365094, 'reg_alpha': 0.0024149829042857686, 'reg_lambda': 0.09415140978244224}. Best is trial 247 with value: 0.03012119889640085.
[I 2025-08-03 12:59:27,058] Trial 444 finished with value: 0.03131617980902891 and parameters: {'min_abs_corr': 0.006634009183239862, 'max_pair_corr': 1.0111217195637272, 'n_estimators': 1447, 'learning_rate': 0.00888076974659809, 'max_depth': 10, 'num_leaves': 242, 'min_child_samples': 6, 'min_child_weight': 0.02257354227867116, 'subsample': 0.5826091703402514, 'colsample_bytree': 0.38134766902799594, 'reg_alpha': 0.002435658363453349, 'reg_lambda': 0.09331670255916359}. Best is trial 247 with value: 0.03012119889640085.
[I 2025-08-03 12:59:36,271] Trial 445 finished with value: 0.030919560166068328 and parameters: {'min_abs_corr': 0.0066434449471405, 'max_pair_corr': 0.9588072374279997, 'n_estimators': 1483, 'learning_rate': 0.010220420693434764, 'max_depth': 9, 'num_leaves': 232, 'min_child_samples': 6, 'min_child_weight': 0.02237639851027642, 'subsample': 0.5868082882213886, 'colsample_bytree': 0.37932384808577807, 'reg_alpha': 0.0024259837403118006, 'reg_lambda': 0.09274367096577521}. Best is trial 247 with value: 0.03012119889640085.
[I 2025-08-03 12:59:44,599] Trial 446 finished with value: 0.03043825946017744 and parameters: {'min_abs_corr': 0.006660553714813356, 'max_pair_corr': 0.945007633829931, 'n_estimators': 1440, 'learning_rate': 0.010488313997053633, 'max_depth': 9, 'num_leaves': 240, 'min_child_samples': 6, 'min_child_weight': 0.022536674523889015, 'subsample': 0.5802486997188545, 'colsample_bytree': 0.38626173845716777, 'reg_alpha': 0.002417358838757096, 'reg_lambda': 0.09300395128884167}. Best is trial 247 with value: 0.03012119889640085.
[I 2025-08-03 12:59:53,165] Trial 447 finished with value: 0.03027223646231298 and parameters: {'min_abs_corr': 0.006599129799193495, 'max_pair_corr': 0.95145338873317, 'n_estimators': 1498, 'learning_rate': 0.010437889330051551, 'max_depth': 9, 'num_leaves': 236, 'min_child_samples': 6, 'min_child_weight': 0.02268828421119992, 'subsample': 0.5854955615689948, 'colsample_bytree': 0.3829546536914872, 'reg_alpha': 0.0024310472261157615, 'reg_lambda': 0.09170331042226687}. Best is trial 247 with value: 0.03012119889640085.
[I 2025-08-03 13:00:00,474] Trial 448 finished with value: 0.030595209645581083 and parameters: {'min_abs_corr': 0.006597767846826498, 'max_pair_corr': 0.9555181107084499, 'n_estimators': 1492, 'learning_rate': 0.010439012006262967, 'max_depth': 7, 'num_leaves': 227, 'min_child_samples': 6, 'min_child_weight': 0.02267986887684227, 'subsample': 0.5922308967315748, 'colsample_bytree': 0.3806748016119676, 'reg_alpha': 0.0024345929127843405, 'reg_lambda': 0.0918198489661667}. Best is trial 247 with value: 0.03012119889640085.
[I 2025-08-03 13:00:08,081] Trial 449 finished with value: 0.030199352462340883 and parameters: {'min_abs_corr': 0.006615688778575875, 'max_pair_corr': 0.9520110964367797, 'n_estimators': 1462, 'learning_rate': 0.010473734760762845, 'max_depth': 8, 'num_leaves': 235, 'min_child_samples': 6, 'min_child_weight': 0.022688988375945577, 'subsample': 0.5881922386416816, 'colsample_bytree': 0.37863776094648205, 'reg_alpha': 0.0024293283517676815, 'reg_lambda': 0.0911866333636292}. Best is trial 247 with value: 0.03012119889640085.
[I 2025-08-03 13:00:16,183] Trial 450 finished with value: 0.03053294565939445 and parameters: {'min_abs_corr': 0.0065932760905098265, 'max_pair_corr': 0.9584403149458051, 'n_estimators': 1460, 'learning_rate': 0.010502960387512587, 'max_depth': 8, 'num_leaves': 233, 'min_child_samples': 6, 'min_child_weight': 0.022678604596176415, 'subsample': 0.5760776940453971, 'colsample_bytree': 0.37809443235561413, 'reg_alpha': 0.002425724799767972, 'reg_lambda': 0.0909404754541343}. Best is trial 247 with value: 0.03012119889640085.
