[I 2025-08-03 13:50:38,022] Trial 861 finished with value: 0.030400491582890078 and parameters: {'min_abs_corr': 0.006489657802061338, 'max_pair_corr': 0.9627885247439203, 'n_estimators': 1449, 'learning_rate': 0.010595080616040236, 'max_depth': 8, 'num_leaves': 248, 'min_child_samples': 6, 'min_child_weight': 0.022524539633145973, 'subsample': 0.6229597511078743, 'colsample_bytree': 0.38412004397178606, 'reg_alpha': 0.0023720097352424884, 'reg_lambda': 0.09142602044010868}. Best is trial 815 with value: 0.03009530961939528.
[I 2025-08-03 13:50:46,053] Trial 862 finished with value: 0.030611559311387548 and parameters: {'min_abs_corr': 0.006526356765659276, 'max_pair_corr': 0.9573172641432212, 'n_estimators': 1402, 'learning_rate': 0.010539492752525595, 'max_depth': 8, 'num_leaves': 247, 'min_child_samples': 6, 'min_child_weight': 0.022491796109025613, 'subsample': 0.6275385987749772, 'colsample_bytree': 0.3822269248075935, 'reg_alpha': 0.002377649976544781, 'reg_lambda': 0.09177963058448058}. Best is trial 815 with value: 0.03009530961939528.
[I 2025-08-03 13:50:55,152] Trial 863 finished with value: 0.030824524464903795 and parameters: {'min_abs_corr': 0.006545643770757547, 'max_pair_corr': 0.9548660835615858, 'n_estimators': 1435, 'learning_rate': 0.010465553583797653, 'max_depth': 9, 'num_leaves': 256, 'min_child_samples': 6, 'min_child_weight': 0.022544760582876966, 'subsample': 0.6261709855253488, 'colsample_bytree': 0.3838367345626639, 'reg_alpha': 0.002356884193499379, 'reg_lambda': 0.0914521961550027}. Best is trial 815 with value: 0.03009530961939528.
[I 2025-08-03 13:51:02,530] Trial 864 finished with value: 0.03024466894186827 and parameters: {'min_abs_corr': 0.006502707076652057, 'max_pair_corr': 0.9478505788561098, 'n_estimators': 1408, 'learning_rate': 0.010498707889028989, 'max_depth': 8, 'num_leaves': 250, 'min_child_samples': 6, 'min_child_weight': 0.01880115827175915, 'subsample': 0.6216662111739797, 'colsample_bytree': 0.38156382967716, 'reg_alpha': 0.0023644310606843483, 'reg_lambda': 0.09159067372689804}. Best is trial 815 with value: 0.03009530961939528.
[I 2025-08-03 13:51:11,216] Trial 865 finished with value: 0.031261806232186405 and parameters: {'min_abs_corr': 0.00662823271684792, 'max_pair_corr': 0.930053447137723, 'n_estimators': 1450, 'learning_rate': 0.010556341054070169, 'max_depth': 8, 'num_leaves': 239, 'min_child_samples': 6, 'min_child_weight': 0.02187167785162284, 'subsample': 0.6217620632201764, 'colsample_bytree': 0.45596079974959325, 'reg_alpha': 0.002376194284181717, 'reg_lambda': 0.09374547989545443}. Best is trial 815 with value: 0.03009530961939528.
[I 2025-08-03 13:51:16,812] Trial 866 finished with value: 0.0309431466553066 and parameters: {'min_abs_corr': 0.00655952357944756, 'max_pair_corr': 0.9421477250791311, 'n_estimators': 1109, 'learning_rate': 0.010406187627126988, 'max_depth': 7, 'num_leaves': 254, 'min_child_samples': 6, 'min_child_weight': 0.022353622115312152, 'subsample': 0.6250725719215343, 'colsample_bytree': 0.3822389968541281, 'reg_alpha': 0.0023690693094294665, 'reg_lambda': 0.09115998924890824}. Best is trial 815 with value: 0.03009530961939528.
[I 2025-08-03 13:51:24,124] Trial 867 finished with value: 0.030265614102935927 and parameters: {'min_abs_corr': 0.006519648102416603, 'max_pair_corr': 0.9520447394198344, 'n_estimators': 1418, 'learning_rate': 0.010353899103469014, 'max_depth': 8, 'num_leaves': 247, 'min_child_samples': 6, 'min_child_weight': 0.022177372250482125, 'subsample': 0.6233781398939273, 'colsample_bytree': 0.3808647819491878, 'reg_alpha': 0.0023801756259372144, 'reg_lambda': 0.0918849861966753}. Best is trial 815 with value: 0.03009530961939528.
[I 2025-08-03 13:51:31,345] Trial 868 finished with value: 0.030386319692601672 and parameters: {'min_abs_corr': 0.006543088140743829, 'max_pair_corr': 0.945114869663777, 'n_estimators': 1382, 'learning_rate': 0.010625070219014675, 'max_depth': 8, 'num_leaves': 249, 'min_child_samples': 6, 'min_child_weight': 0.022459687254917964, 'subsample': 0.6308039040597888, 'colsample_bytree': 0.3842147887727428, 'reg_alpha': 0.0023608671600316273, 'reg_lambda': 0.09129901535895124}. Best is trial 815 with value: 0.03009530961939528.
[I 2025-08-03 13:51:40,550] Trial 869 finished with value: 0.030424090426003563 and parameters: {'min_abs_corr': 0.006592149219767779, 'max_pair_corr': 0.9606335152227126, 'n_estimators': 1454, 'learning_rate': 0.010494626316722074, 'max_depth': 9, 'num_leaves': 244, 'min_child_samples': 6, 'min_child_weight': 0.022238723955528977, 'subsample': 0.6273159100186254, 'colsample_bytree': 0.38065912325603596, 'reg_alpha': 0.0023680251251056014, 'reg_lambda': 0.09103120685896403}. Best is trial 815 with value: 0.03009530961939528.
[I 2025-08-03 13:51:47,884] Trial 870 finished with value: 0.030394078748966498 and parameters: {'min_abs_corr': 0.006494522145294868, 'max_pair_corr': 0.9490106153000915, 'n_estimators': 1401, 'learning_rate': 0.010582035176317681, 'max_depth': 8, 'num_leaves': 253, 'min_child_samples': 6, 'min_child_weight': 0.022555513967563882, 'subsample': 0.6198591082936415, 'colsample_bytree': 0.3860393861572672, 'reg_alpha': 0.0023889559936595885, 'reg_lambda': 0.09168070946525383}. Best is trial 815 with value: 0.03009530961939528.
[I 2025-08-03 13:51:55,006] Trial 871 finished with value: 0.030759796475388856 and parameters: {'min_abs_corr': 0.006599947862051077, 'max_pair_corr': 0.9554592077222498, 'n_estimators': 1429, 'learning_rate': 0.010667066087295585, 'max_depth': 7, 'num_leaves': 246, 'min_child_samples': 6, 'min_child_weight': 0.02236563252929151, 'subsample': 0.6304779485297487, 'colsample_bytree': 0.38302194246901716, 'reg_alpha': 0.0023828987760270677, 'reg_lambda': 0.09450342755309775}. Best is trial 815 with value: 0.03009530961939528.
[I 2025-08-03 13:52:02,558] Trial 872 finished with value: 0.031271963346046996 and parameters: {'min_abs_corr': 0.0066283170907924585, 'max_pair_corr': 0.9374196909575833, 'n_estimators': 1431, 'learning_rate': 0.010457809565132634, 'max_depth': 8, 'num_leaves': 238, 'min_child_samples': 6, 'min_child_weight': 0.02209759106022925, 'subsample': 0.6271535544522887, 'colsample_bytree': 0.3783409704196973, 'reg_alpha': 0.0023755842238587883, 'reg_lambda': 0.09094309142276312}. Best is trial 815 with value: 0.03009530961939528.
[I 2025-08-03 13:52:09,791] Trial 873 finished with value: 0.030223363396672955 and parameters: {'min_abs_corr': 0.0064606044491985195, 'max_pair_corr': 0.9448766606288109, 'n_estimators': 1392, 'learning_rate': 0.010515939400384337, 'max_depth': 8, 'num_leaves': 242, 'min_child_samples': 6, 'min_child_weight': 0.022437566001096223, 'subsample': 0.6236296411705042, 'colsample_bytree': 0.3799051592155991, 'reg_alpha': 0.0023538927502558737, 'reg_lambda': 0.09394624810109388}. Best is trial 815 with value: 0.03009530961939528.
[I 2025-08-03 13:52:17,252] Trial 874 finished with value: 0.030244275177714646 and parameters: {'min_abs_corr': 0.006570643103011444, 'max_pair_corr': 0.9513761134860378, 'n_estimators': 1456, 'learning_rate': 0.01043237347956477, 'max_depth': 8, 'num_leaves': 248, 'min_child_samples': 6, 'min_child_weight': 0.022282728826969307, 'subsample': 0.6201685344110182, 'colsample_bytree': 0.3824865405666263, 'reg_alpha': 0.002033350368753111, 'reg_lambda': 0.0913969603923009}. Best is trial 815 with value: 0.03009530961939528.
[I 2025-08-03 13:52:25,338] Trial 875 finished with value: 0.030383375052003104 and parameters: {'min_abs_corr': 0.006534464364071489, 'max_pair_corr': 0.9652041288686032, 'n_estimators': 1411, 'learning_rate': 0.010548983486898112, 'max_depth': 8, 'num_leaves': 251, 'min_child_samples': 6, 'min_child_weight': 0.022605270910447017, 'subsample': 0.6289003399595388, 'colsample_bytree': 0.38130934913228953, 'reg_alpha': 0.002363618939324761, 'reg_lambda': 0.09208939032385496}. Best is trial 815 with value: 0.03009530961939528.
[I 2025-08-03 13:52:32,254] Trial 876 finished with value: 0.030696846761708634 and parameters: {'min_abs_corr': 0.006555475995271747, 'max_pair_corr': 0.9578011105157708, 'n_estimators': 1374, 'learning_rate': 0.010488394203370123, 'max_depth': 7, 'num_leaves': 244, 'min_child_samples': 6, 'min_child_weight': 0.02248183497956933, 'subsample': 0.6249988184799309, 'colsample_bytree': 0.38419786414188184, 'reg_alpha': 0.002393065948805645, 'reg_lambda': 0.09540621482623751}. Best is trial 815 with value: 0.03009530961939528.
[I 2025-08-03 13:52:39,797] Trial 877 finished with value: 0.030892592399848394 and parameters: {'min_abs_corr': 0.0065876868377991, 'max_pair_corr': 0.941386830606502, 'n_estimators': 1437, 'learning_rate': 0.010599395626720997, 'max_depth': 8, 'num_leaves': 240, 'min_child_samples': 6, 'min_child_weight': 0.022340393531662544, 'subsample': 0.627739281748883, 'colsample_bytree': 0.37872662492972675, 'reg_alpha': 0.002395177518631032, 'reg_lambda': 0.09474667117974234}. Best is trial 815 with value: 0.03009530961939528.
[I 2025-08-03 13:52:47,128] Trial 878 finished with value: 0.03028017636016156 and parameters: {'min_abs_corr': 0.006511545994913784, 'max_pair_corr': 0.9477871702971654, 'n_estimators': 1410, 'learning_rate': 0.010529517469665026, 'max_depth': 8, 'num_leaves': 245, 'min_child_samples': 6, 'min_child_weight': 0.02217950854680685, 'subsample': 0.6316724780427093, 'colsample_bytree': 0.3801528286774265, 'reg_alpha': 0.002398678446995751, 'reg_lambda': 0.09077758873789492}. Best is trial 815 with value: 0.03009530961939528.
[I 2025-08-03 13:52:55,558] Trial 879 finished with value: 0.030364098681624107 and parameters: {'min_abs_corr': 0.006611988505218492, 'max_pair_corr': 0.9536893903130432, 'n_estimators': 1454, 'learning_rate': 0.010389217792514545, 'max_depth': 9, 'num_leaves': 242, 'min_child_samples': 6, 'min_child_weight': 0.019377282846508023, 'subsample': 0.6181379637432215, 'colsample_bytree': 0.3770964635996162, 'reg_alpha': 0.002383305345062268, 'reg_lambda': 0.09586545404312403}. Best is trial 815 with value: 0.03009530961939528.
[I 2025-08-03 13:53:02,836] Trial 880 finished with value: 0.030333489076222287 and parameters: {'min_abs_corr': 0.006546185594296612, 'max_pair_corr': 0.9451088652816074, 'n_estimators': 1388, 'learning_rate': 0.010457281405659427, 'max_depth': 8, 'num_leaves': 247, 'min_child_samples': 6, 'min_child_weight': 0.022416693994347786, 'subsample': 0.6036625608604709, 'colsample_bytree': 0.3868211553204568, 'reg_alpha': 0.002406297567424732, 'reg_lambda': 0.09132262261200416}. Best is trial 815 with value: 0.03009530961939528.
[I 2025-08-03 13:53:10,173] Trial 881 finished with value: 0.030226057807590218 and parameters: {'min_abs_corr': 0.006474193001948117, 'max_pair_corr': 0.9501251588258525, 'n_estimators': 1425, 'learning_rate': 0.010556218080724971, 'max_depth': 8, 'num_leaves': 249, 'min_child_samples': 6, 'min_child_weight': 0.022277085965176423, 'subsample': 0.6217766126672644, 'colsample_bytree': 0.38213494038497686, 'reg_alpha': 0.002373047284402398, 'reg_lambda': 0.09079306857051678}. Best is trial 815 with value: 0.03009530961939528.
[I 2025-08-03 13:53:18,594] Trial 882 finished with value: 0.030694636712973254 and parameters: {'min_abs_corr': 0.0066305574583661875, 'max_pair_corr': 0.9595921308855092, 'n_estimators': 1456, 'learning_rate': 0.010518591339712429, 'max_depth': 8, 'num_leaves': 252, 'min_child_samples': 6, 'min_child_weight': 0.022537795029436834, 'subsample': 0.6231530893259295, 'colsample_bytree': 0.4394208163554, 'reg_alpha': 0.002389650001039663, 'reg_lambda': 0.09436693647285499}. Best is trial 815 with value: 0.03009530961939528.
[I 2025-08-03 13:53:26,094] Trial 883 finished with value: 0.03119177139486711 and parameters: {'min_abs_corr': 0.006574703874728712, 'max_pair_corr': 0.9398780516980226, 'n_estimators': 1403, 'learning_rate': 0.01042604936491925, 'max_depth': 8, 'num_leaves': 246, 'min_child_samples': 6, 'min_child_weight': 0.022067284093401328, 'subsample': 0.600727119459487, 'colsample_bytree': 0.38337012103549295, 'reg_alpha': 0.002353447368750253, 'reg_lambda': 0.09504701572518344}. Best is trial 815 with value: 0.03009530961939528.
[I 2025-08-03 13:53:33,757] Trial 884 finished with value: 0.03143649615544475 and parameters: {'min_abs_corr': 0.00651717123024257, 'max_pair_corr': 0.9110474360096904, 'n_estimators': 1376, 'learning_rate': 0.010606721177354629, 'max_depth': 9, 'num_leaves': 238, 'min_child_samples': 6, 'min_child_weight': 0.022613846214792885, 'subsample': 0.6184419090829806, 'colsample_bytree': 0.3797615805998253, 'reg_alpha': 0.002418722480828079, 'reg_lambda': 0.09170937358093469}. Best is trial 815 with value: 0.03009530961939528.
[I 2025-08-03 13:53:40,245] Trial 885 finished with value: 0.030359429277411098 and parameters: {'min_abs_corr': 0.00660134646930899, 'max_pair_corr': 0.9532615252089744, 'n_estimators': 1433, 'learning_rate': 0.010467932293932926, 'max_depth': 7, 'num_leaves': 241, 'min_child_samples': 6, 'min_child_weight': 0.019987008979620097, 'subsample': 0.6268211074796325, 'colsample_bytree': 0.3851861290707254, 'reg_alpha': 0.002401493736740611, 'reg_lambda': 0.09119688332492061}. Best is trial 815 with value: 0.03009530961939528.
[I 2025-08-03 13:53:47,529] Trial 886 finished with value: 0.030288072183938263 and parameters: {'min_abs_corr': 0.006555893801285392, 'max_pair_corr': 0.9477674474356306, 'n_estimators': 1410, 'learning_rate': 0.010575865585895596, 'max_depth': 8, 'num_leaves': 243, 'min_child_samples': 6, 'min_child_weight': 0.02238239227204374, 'subsample': 0.6310434123017776, 'colsample_bytree': 0.3813283672959488, 'reg_alpha': 0.002406887478319235, 'reg_lambda': 0.0920571532064442}. Best is trial 815 with value: 0.03009530961939528.
[I 2025-08-03 13:53:55,331] Trial 887 finished with value: 0.030917888874216322 and parameters: {'min_abs_corr': 0.0064356307065464345, 'max_pair_corr': 0.9430777791532795, 'n_estimators': 1464, 'learning_rate': 0.010509265946801773, 'max_depth': 8, 'num_leaves': 250, 'min_child_samples': 6, 'min_child_weight': 0.022489483020444147, 'subsample': 0.6051273553536283, 'colsample_bytree': 0.37711506542823653, 'reg_alpha': 0.002385190179494736, 'reg_lambda': 0.09059618494215255}. Best is trial 815 with value: 0.03009530961939528.
[I 2025-08-03 13:54:03,457] Trial 888 finished with value: 0.030660673572985558 and parameters: {'min_abs_corr': 0.006583221413504827, 'max_pair_corr': 0.9551773666023647, 'n_estimators': 1389, 'learning_rate': 0.00898055476363703, 'max_depth': 8, 'num_leaves': 247, 'min_child_samples': 6, 'min_child_weight': 0.02221476920459979, 'subsample': 0.6070269166675196, 'colsample_bytree': 0.3794962077041065, 'reg_alpha': 0.0024201732559925447, 'reg_lambda': 0.09111500485963624}. Best is trial 815 with value: 0.03009530961939528.
[I 2025-08-03 13:54:10,913] Trial 889 finished with value: 0.030343427503385718 and parameters: {'min_abs_corr': 0.006481337374173399, 'max_pair_corr': 0.9508159484895633, 'n_estimators': 1437, 'learning_rate': 0.010360621558458953, 'max_depth': 8, 'num_leaves': 245, 'min_child_samples': 6, 'min_child_weight': 0.02229423903901343, 'subsample': 0.6250993589053683, 'colsample_bytree': 0.38264016696168623, 'reg_alpha': 0.002363077692318782, 'reg_lambda': 0.09164091796836853}. Best is trial 815 with value: 0.03009530961939528.
[I 2025-08-03 13:54:17,514] Trial 890 finished with value: 0.031243005543858015 and parameters: {'min_abs_corr': 0.006629326406919077, 'max_pair_corr': 0.9354332503347984, 'n_estimators': 1413, 'learning_rate': 0.010634165551301512, 'max_depth': 7, 'num_leaves': 238, 'min_child_samples': 6, 'min_child_weight': 0.022429791376352863, 'subsample': 0.629464442125993, 'colsample_bytree': 0.380993257274476, 'reg_alpha': 0.0023981101956713664, 'reg_lambda': 0.09548406890436995}. Best is trial 815 with value: 0.03009530961939528.
[I 2025-08-03 13:54:24,622] Trial 891 finished with value: 0.0302778517547371 and parameters: {'min_abs_corr': 0.006538915844766174, 'max_pair_corr': 0.9460030424022028, 'n_estimators': 1360, 'learning_rate': 0.010489070678370651, 'max_depth': 8, 'num_leaves': 243, 'min_child_samples': 6, 'min_child_weight': 0.022541128690548824, 'subsample': 0.5989571456609939, 'colsample_bytree': 0.38449314577628607, 'reg_alpha': 0.0024108350587647926, 'reg_lambda': 0.09414916548708646}. Best is trial 815 with value: 0.03009530961939528.
[I 2025-08-03 13:54:33,146] Trial 892 finished with value: 0.030589892688693564 and parameters: {'min_abs_corr': 0.00650161237200792, 'max_pair_corr': 0.9596501416008834, 'n_estimators': 1454, 'learning_rate': 0.010422050871661322, 'max_depth': 8, 'num_leaves': 249, 'min_child_samples': 6, 'min_child_weight': 0.022364668610896338, 'subsample': 0.6210796297760107, 'colsample_bytree': 0.422128080983349, 'reg_alpha': 0.002391921251096566, 'reg_lambda': 0.09089469962590774}. Best is trial 815 with value: 0.03009530961939528.
[I 2025-08-03 13:54:40,967] Trial 893 finished with value: 0.03124224629060372 and parameters: {'min_abs_corr': 0.006863388676257071, 'max_pair_corr': 0.9497633544103838, 'n_estimators': 1332, 'learning_rate': 0.010548018601454257, 'max_depth': 9, 'num_leaves': 240, 'min_child_samples': 6, 'min_child_weight': 0.02215535631530056, 'subsample': 0.6162964166626463, 'colsample_bytree': 0.37819207572935803, 'reg_alpha': 0.0023743253848777374, 'reg_lambda': 0.09472798109698484}. Best is trial 815 with value: 0.03009530961939528.
[I 2025-08-03 13:54:48,454] Trial 894 finished with value: 0.0310125529139127 and parameters: {'min_abs_corr': 0.0066013134111794, 'max_pair_corr': 0.9420190640975636, 'n_estimators': 1383, 'learning_rate': 0.01046308593380352, 'max_depth': 8, 'num_leaves': 244, 'min_child_samples': 6, 'min_child_weight': 0.02201073601299985, 'subsample': 0.5980577256793791, 'colsample_bytree': 0.38128779701727106, 'reg_alpha': 0.0024218186867006977, 'reg_lambda': 0.09056649874957556}. Best is trial 815 with value: 0.03009530961939528.
[I 2025-08-03 13:54:56,601] Trial 895 finished with value: 0.03036410112061675 and parameters: {'min_abs_corr': 0.006569275639442012, 'max_pair_corr': 0.9636366884821547, 'n_estimators': 1418, 'learning_rate': 0.01057485678493788, 'max_depth': 8, 'num_leaves': 246, 'min_child_samples': 6, 'min_child_weight': 0.02228578181600415, 'subsample': 0.6028790793108636, 'colsample_bytree': 0.38312603610854395, 'reg_alpha': 0.0024017754725104323, 'reg_lambda': 0.09157878953246382}. Best is trial 815 with value: 0.03009530961939528.
[I 2025-08-03 13:55:04,646] Trial 896 finished with value: 0.030494837161884863 and parameters: {'min_abs_corr': 0.0065173595489850635, 'max_pair_corr': 0.9550634979364356, 'n_estimators': 1434, 'learning_rate': 0.010522227955442531, 'max_depth': 8, 'num_leaves': 248, 'min_child_samples': 6, 'min_child_weight': 0.022606789799422062, 'subsample': 0.6297539701850425, 'colsample_bytree': 0.3792583249768278, 'reg_alpha': 0.0024110016800313328, 'reg_lambda': 0.095130713070767}. Best is trial 815 with value: 0.03009530961939528.
[I 2025-08-03 13:55:09,385] Trial 897 finished with value: 0.03074269276436039 and parameters: {'min_abs_corr': 0.0065500885080460765, 'max_pair_corr': 0.9465558218450051, 'n_estimators': 925, 'learning_rate': 0.010384158798898351, 'max_depth': 7, 'num_leaves': 237, 'min_child_samples': 6, 'min_child_weight': 0.022476649276629557, 'subsample': 0.6327784880435191, 'colsample_bytree': 0.3858259598132478, 'reg_alpha': 0.0024238622470623434, 'reg_lambda': 0.09046275904037546}. Best is trial 815 with value: 0.03009530961939528.
[I 2025-08-03 13:55:16,536] Trial 898 finished with value: 0.03027404105900828 and parameters: {'min_abs_corr': 0.006629174448139698, 'max_pair_corr': 0.9525914019322076, 'n_estimators': 1396, 'learning_rate': 0.010617793041524588, 'max_depth': 8, 'num_leaves': 263, 'min_child_samples': 6, 'min_child_weight': 0.022369691268239733, 'subsample': 0.5969725683157338, 'colsample_bytree': 0.3813104172062132, 'reg_alpha': 0.002384236126290263, 'reg_lambda': 0.09101964293904342}. Best is trial 815 with value: 0.03009530961939528.
[I 2025-08-03 13:55:25,187] Trial 899 finished with value: 0.030690689327556624 and parameters: {'min_abs_corr': 0.0065757316631418926, 'max_pair_corr': 0.9572300334872705, 'n_estimators': 1375, 'learning_rate': 0.010469039276687974, 'max_depth': 9, 'num_leaves': 242, 'min_child_samples': 6, 'min_child_weight': 0.020661695273338092, 'subsample': 0.6264849271438299, 'colsample_bytree': 0.3786139250601929, 'reg_alpha': 0.002259542501581713, 'reg_lambda': 0.09205415613878055}. Best is trial 815 with value: 0.03009530961939528.
[I 2025-08-03 13:55:32,175] Trial 900 finished with value: 0.031359725736471444 and parameters: {'min_abs_corr': 0.006221640881788789, 'max_pair_corr': 0.9382586942554958, 'n_estimators': 1264, 'learning_rate': 0.010523970890895988, 'max_depth': 8, 'num_leaves': 251, 'min_child_samples': 6, 'min_child_weight': 0.02219930242861589, 'subsample': 0.6177868443394711, 'colsample_bytree': 0.3838771121189853, 'reg_alpha': 0.002413578593944504, 'reg_lambda': 0.08991389047730243}. Best is trial 815 with value: 0.03009530961939528.
[I 2025-08-03 13:55:38,771] Trial 901 finished with value: 0.03039241275179013 and parameters: {'min_abs_corr': 0.006376301275835981, 'max_pair_corr': 0.9489884978518859, 'n_estimators': 1458, 'learning_rate': 0.010424135097506261, 'max_depth': 7, 'num_leaves': 245, 'min_child_samples': 6, 'min_child_weight': 0.022463118426171155, 'subsample': 0.6235407503994622, 'colsample_bytree': 0.38010625972632983, 'reg_alpha': 0.0023979683106494514, 'reg_lambda': 0.09388190618940312}. Best is trial 815 with value: 0.03009530961939528.
