[I 2025-08-03 12:49:59,038] Trial 369 finished with value: 0.030229492428352052 and parameters: {'min_abs_corr': 0.0066455776605269514, 'max_pair_corr': 0.9507694797644196, 'n_estimators': 1429, 'learning_rate': 0.010491228642000467, 'max_depth': 8, 'num_leaves': 244, 'min_child_samples': 6, 'min_child_weight': 0.02253378748728783, 'subsample': 0.5868432181623097, 'colsample_bytree': 0.37990221807145524, 'reg_alpha': 0.002173573084960529, 'reg_lambda': 0.09341441491048792}. Best is trial 247 with value: 0.03012119889640085.
[I 2025-08-03 12:50:04,704] Trial 370 finished with value: 0.03041452759899414 and parameters: {'min_abs_corr': 0.006618134439550157, 'max_pair_corr': 0.9455980809335963, 'n_estimators': 1431, 'learning_rate': 0.010493656698231997, 'max_depth': 6, 'num_leaves': 243, 'min_child_samples': 6, 'min_child_weight': 0.022558122025443425, 'subsample': 0.5830360693558331, 'colsample_bytree': 0.3795279548022393, 'reg_alpha': 0.002172282955959347, 'reg_lambda': 0.0976748203922652}. Best is trial 247 with value: 0.03012119889640085.
[I 2025-08-03 12:50:11,637] Trial 371 finished with value: 0.030594583609512793 and parameters: {'min_abs_corr': 0.006579261984417373, 'max_pair_corr': 0.9557722028752704, 'n_estimators': 1194, 'learning_rate': 0.010543922773308763, 'max_depth': 8, 'num_leaves': 271, 'min_child_samples': 6, 'min_child_weight': 0.022534984036898614, 'subsample': 0.5854990848416084, 'colsample_bytree': 0.3770918549618213, 'reg_alpha': 0.002423364775564153, 'reg_lambda': 0.09340424418035148}. Best is trial 247 with value: 0.03012119889640085.
[I 2025-08-03 12:50:18,444] Trial 372 finished with value: 0.030960437522718803 and parameters: {'min_abs_corr': 0.00575408084764305, 'max_pair_corr': 0.9389702495517677, 'n_estimators': 1416, 'learning_rate': 0.010580213885842541, 'max_depth': 7, 'num_leaves': 253, 'min_child_samples': 6, 'min_child_weight': 0.02246167119081495, 'subsample': 0.593106508058782, 'colsample_bytree': 0.37917231217436015, 'reg_alpha': 0.0022027398168641384, 'reg_lambda': 0.08700517904173301}. Best is trial 247 with value: 0.03012119889640085.
[I 2025-08-03 12:50:25,975] Trial 373 finished with value: 0.030186933300376573 and parameters: {'min_abs_corr': 0.006628904127224931, 'max_pair_corr': 0.9511329627065376, 'n_estimators': 1443, 'learning_rate': 0.010495240029102704, 'max_depth': 8, 'num_leaves': 244, 'min_child_samples': 6, 'min_child_weight': 0.022404531556446235, 'subsample': 0.5862716745685193, 'colsample_bytree': 0.3806716434103108, 'reg_alpha': 0.0024057048925543462, 'reg_lambda': 0.09296726658946193}. Best is trial 247 with value: 0.03012119889640085.
[I 2025-08-03 12:50:33,974] Trial 374 finished with value: 0.03051899044682831 and parameters: {'min_abs_corr': 0.00672323749921647, 'max_pair_corr': 0.9563899957758051, 'n_estimators': 1423, 'learning_rate': 0.010614589954957447, 'max_depth': 8, 'num_leaves': 247, 'min_child_samples': 6, 'min_child_weight': 0.022603663883880194, 'subsample': 0.5869985919026643, 'colsample_bytree': 0.38054416493996057, 'reg_alpha': 0.0024023714297981137, 'reg_lambda': 0.0945166228069976}. Best is trial 247 with value: 0.03012119889640085.
[I 2025-08-03 12:50:42,290] Trial 375 finished with value: 0.030595336521465167 and parameters: {'min_abs_corr': 0.00668004053639258, 'max_pair_corr': 0.9838754796858062, 'n_estimators': 1446, 'learning_rate': 0.010538441359689387, 'max_depth': 8, 'num_leaves': 243, 'min_child_samples': 6, 'min_child_weight': 0.022450618297036165, 'subsample': 0.5817706116901324, 'colsample_bytree': 0.378388093518521, 'reg_alpha': 0.0020090137667776457, 'reg_lambda': 0.09562867146478743}. Best is trial 247 with value: 0.03012119889640085.
[I 2025-08-03 12:50:50,411] Trial 376 finished with value: 0.03189208044477867 and parameters: {'min_abs_corr': 0.006634667563914883, 'max_pair_corr': 0.928117807393305, 'n_estimators': 1406, 'learning_rate': 0.010390059228844603, 'max_depth': 9, 'num_leaves': 243, 'min_child_samples': 6, 'min_child_weight': 0.022539161768980902, 'subsample': 0.583506446612667, 'colsample_bytree': 0.380298075370599, 'reg_alpha': 0.002405067392598104, 'reg_lambda': 0.093095481326941}. Best is trial 247 with value: 0.03012119889640085.
[I 2025-08-03 12:50:57,740] Trial 377 finished with value: 0.03109519195324333 and parameters: {'min_abs_corr': 0.006656322917086034, 'max_pair_corr': 1.0255010759995156, 'n_estimators': 1081, 'learning_rate': 0.010590606080584554, 'max_depth': 8, 'num_leaves': 250, 'min_child_samples': 6, 'min_child_weight': 0.022391377948258295, 'subsample': 0.5866227840213692, 'colsample_bytree': 0.37708009580121865, 'reg_alpha': 0.0023927065265002953, 'reg_lambda': 0.0918016450800777}. Best is trial 247 with value: 0.03012119889640085.
[I 2025-08-03 12:51:03,328] Trial 378 finished with value: 0.03050226300670563 and parameters: {'min_abs_corr': 0.006622079787418649, 'max_pair_corr': 0.9463627770481834, 'n_estimators': 989, 'learning_rate': 0.010665937188449062, 'max_depth': 8, 'num_leaves': 246, 'min_child_samples': 6, 'min_child_weight': 0.022312940852861, 'subsample': 0.6139383237488077, 'colsample_bytree': 0.3810837375779788, 'reg_alpha': 0.002130000229646845, 'reg_lambda': 0.09524936279177819}. Best is trial 247 with value: 0.03012119889640085.
[I 2025-08-03 12:51:10,766] Trial 379 finished with value: 0.030158704225872423 and parameters: {'min_abs_corr': 0.006603605700822669, 'max_pair_corr': 0.9529514528143177, 'n_estimators': 1440, 'learning_rate': 0.01048129597045291, 'max_depth': 8, 'num_leaves': 237, 'min_child_samples': 6, 'min_child_weight': 0.022610211209512635, 'subsample': 0.5877181920924945, 'colsample_bytree': 0.37892106950114285, 'reg_alpha': 0.0024115957423745523, 'reg_lambda': 0.09136311123994172}. Best is trial 247 with value: 0.03012119889640085.
[I 2025-08-03 12:51:18,138] Trial 380 finished with value: 0.03026525744117468 and parameters: {'min_abs_corr': 0.006643751568647118, 'max_pair_corr': 0.9518266856444283, 'n_estimators': 1438, 'learning_rate': 0.010467032663992074, 'max_depth': 8, 'num_leaves': 233, 'min_child_samples': 6, 'min_child_weight': 0.02263061762069854, 'subsample': 0.5860957947892171, 'colsample_bytree': 0.37941223708286087, 'reg_alpha': 0.0024186394317551926, 'reg_lambda': 0.09296640659908302}. Best is trial 247 with value: 0.03012119889640085.
[I 2025-08-03 12:51:25,688] Trial 381 finished with value: 0.030222898290772144 and parameters: {'min_abs_corr': 0.00669092548734967, 'max_pair_corr': 0.9512862208537236, 'n_estimators': 1440, 'learning_rate': 0.010294868196266007, 'max_depth': 8, 'num_leaves': 233, 'min_child_samples': 6, 'min_child_weight': 0.022653701090497677, 'subsample': 0.5840720090240007, 'colsample_bytree': 0.37944045288445943, 'reg_alpha': 0.002434798818093578, 'reg_lambda': 0.09251352224580452}. Best is trial 247 with value: 0.03012119889640085.
[I 2025-08-03 12:51:35,215] Trial 382 finished with value: 0.03099723773319355 and parameters: {'min_abs_corr': 0.006673534770305923, 'max_pair_corr': 1.0391261538636434, 'n_estimators': 1439, 'learning_rate': 0.010321948960715895, 'max_depth': 8, 'num_leaves': 232, 'min_child_samples': 6, 'min_child_weight': 0.022641321049772074, 'subsample': 0.581381841060378, 'colsample_bytree': 0.37891222114611994, 'reg_alpha': 0.002437434401913119, 'reg_lambda': 0.09252799226249185}. Best is trial 247 with value: 0.03012119889640085.
[I 2025-08-03 12:51:42,853] Trial 383 finished with value: 0.030959740335226214 and parameters: {'min_abs_corr': 0.006705156450202681, 'max_pair_corr': 0.9414465609000664, 'n_estimators': 1437, 'learning_rate': 0.01027718220963107, 'max_depth': 8, 'num_leaves': 230, 'min_child_samples': 6, 'min_child_weight': 0.02267497420127538, 'subsample': 0.5857749045813011, 'colsample_bytree': 0.37938461897155734, 'reg_alpha': 0.0024319374381459482, 'reg_lambda': 0.09371569368468803}. Best is trial 247 with value: 0.03012119889640085.
[I 2025-08-03 12:51:50,070] Trial 384 finished with value: 0.031035720256885158 and parameters: {'min_abs_corr': 0.006717604223422326, 'max_pair_corr': 0.9493606910082114, 'n_estimators': 1398, 'learning_rate': 0.010368211061419092, 'max_depth': 8, 'num_leaves': 234, 'min_child_samples': 6, 'min_child_weight': 0.022626695180243572, 'subsample': 0.5844231504729318, 'colsample_bytree': 0.3784566581085856, 'reg_alpha': 0.0024292416442501822, 'reg_lambda': 0.09305350679647262}. Best is trial 247 with value: 0.03012119889640085.
[I 2025-08-03 12:51:57,355] Trial 385 finished with value: 0.03026027503038555 and parameters: {'min_abs_corr': 0.00664933411012164, 'max_pair_corr': 0.9441578169639936, 'n_estimators': 1428, 'learning_rate': 0.010455517124191042, 'max_depth': 8, 'num_leaves': 237, 'min_child_samples': 6, 'min_child_weight': 0.022590453042022215, 'subsample': 0.5868193991035718, 'colsample_bytree': 0.38006485130708034, 'reg_alpha': 0.0024438176329073698, 'reg_lambda': 0.09212331551747789}. Best is trial 247 with value: 0.03012119889640085.
[I 2025-08-03 12:52:04,764] Trial 386 finished with value: 0.03028082750549536 and parameters: {'min_abs_corr': 0.006686384929159791, 'max_pair_corr': 0.9514207647110952, 'n_estimators': 1417, 'learning_rate': 0.010400426949334208, 'max_depth': 8, 'num_leaves': 237, 'min_child_samples': 6, 'min_child_weight': 0.022514198848611163, 'subsample': 0.5873408642879642, 'colsample_bytree': 0.3804303251998281, 'reg_alpha': 0.0024206304674929584, 'reg_lambda': 0.09239565705881608}. Best is trial 247 with value: 0.03012119889640085.
[I 2025-08-03 12:52:11,938] Trial 387 finished with value: 0.030259335404622202 and parameters: {'min_abs_corr': 0.006688955778184651, 'max_pair_corr': 0.952082693990963, 'n_estimators': 1392, 'learning_rate': 0.010415738243231528, 'max_depth': 8, 'num_leaves': 238, 'min_child_samples': 6, 'min_child_weight': 0.02257633867901326, 'subsample': 0.58501578758802, 'colsample_bytree': 0.3797396413961821, 'reg_alpha': 0.002425539964272475, 'reg_lambda': 0.09230892577860199}. Best is trial 247 with value: 0.03012119889640085.
[I 2025-08-03 12:52:19,195] Trial 388 finished with value: 0.03100498277908461 and parameters: {'min_abs_corr': 0.006737076255291341, 'max_pair_corr': 0.9515358904149126, 'n_estimators': 1414, 'learning_rate': 0.01041722208990078, 'max_depth': 8, 'num_leaves': 237, 'min_child_samples': 6, 'min_child_weight': 0.022569302726624364, 'subsample': 0.5796537020292956, 'colsample_bytree': 0.37724506360777066, 'reg_alpha': 0.002427318012400553, 'reg_lambda': 0.09243152885144816}. Best is trial 247 with value: 0.03012119889640085.
[I 2025-08-03 12:52:26,934] Trial 389 finished with value: 0.030478625027252303 and parameters: {'min_abs_corr': 0.0066912703104490545, 'max_pair_corr': 0.9549100917115717, 'n_estimators': 1387, 'learning_rate': 0.0103515741032131, 'max_depth': 8, 'num_leaves': 239, 'min_child_samples': 6, 'min_child_weight': 0.0226123668588028, 'subsample': 0.5837255336087706, 'colsample_bytree': 0.379876378002547, 'reg_alpha': 0.0024369469634765452, 'reg_lambda': 0.092785737551668}. Best is trial 247 with value: 0.03012119889640085.
[I 2025-08-03 12:52:35,160] Trial 390 finished with value: 0.030484977216519594 and parameters: {'min_abs_corr': 0.006701450308988557, 'max_pair_corr': 0.9511182389888246, 'n_estimators': 1419, 'learning_rate': 0.010424643402320728, 'max_depth': 9, 'num_leaves': 235, 'min_child_samples': 6, 'min_child_weight': 0.0225283848369565, 'subsample': 0.5849321968950082, 'colsample_bytree': 0.37845702079366766, 'reg_alpha': 0.00242243523250815, 'reg_lambda': 0.09155421958636138}. Best is trial 247 with value: 0.03012119889640085.
[I 2025-08-03 12:52:42,449] Trial 391 finished with value: 0.030256820882754176 and parameters: {'min_abs_corr': 0.0066761712659081365, 'max_pair_corr': 0.9516552115241299, 'n_estimators': 1428, 'learning_rate': 0.010291494748399813, 'max_depth': 8, 'num_leaves': 235, 'min_child_samples': 6, 'min_child_weight': 0.022582706878513464, 'subsample': 0.5816471190003015, 'colsample_bytree': 0.38010413726099856, 'reg_alpha': 0.002435863131853096, 'reg_lambda': 0.09189459150529468}. Best is trial 247 with value: 0.03012119889640085.
[I 2025-08-03 12:52:50,440] Trial 392 finished with value: 0.030541419326684638 and parameters: {'min_abs_corr': 0.006677479010895489, 'max_pair_corr': 0.9552598288161243, 'n_estimators': 1435, 'learning_rate': 0.010244991906940427, 'max_depth': 8, 'num_leaves': 235, 'min_child_samples': 6, 'min_child_weight': 0.022608938776665238, 'subsample': 0.5779284640422949, 'colsample_bytree': 0.37706911844516744, 'reg_alpha': 0.0024432712357998917, 'reg_lambda': 0.09206783841345356}. Best is trial 247 with value: 0.03012119889640085.
[I 2025-08-03 12:52:57,768] Trial 393 finished with value: 0.030321143046578125 and parameters: {'min_abs_corr': 0.006665055846739237, 'max_pair_corr': 0.9517586294032274, 'n_estimators': 1423, 'learning_rate': 0.010305097821637793, 'max_depth': 8, 'num_leaves': 240, 'min_child_samples': 6, 'min_child_weight': 0.022688378713719218, 'subsample': 0.5815635299012729, 'colsample_bytree': 0.3795672999985587, 'reg_alpha': 0.0024348309137230506, 'reg_lambda': 0.09228565384138146}. Best is trial 247 with value: 0.03012119889640085.
[I 2025-08-03 12:53:05,642] Trial 394 finished with value: 0.030532811733103016 and parameters: {'min_abs_corr': 0.0066979233275697705, 'max_pair_corr': 0.9546547594047526, 'n_estimators': 1403, 'learning_rate': 0.01020199516350685, 'max_depth': 8, 'num_leaves': 233, 'min_child_samples': 6, 'min_child_weight': 0.0225324268827738, 'subsample': 0.5826518059145042, 'colsample_bytree': 0.380004027955689, 'reg_alpha': 0.0024332699906824537, 'reg_lambda': 0.09274068356846661}. Best is trial 247 with value: 0.03012119889640085.
[I 2025-08-03 12:53:13,065] Trial 395 finished with value: 0.03110294302669763 and parameters: {'min_abs_corr': 0.006727614138901082, 'max_pair_corr': 0.9501779228795071, 'n_estimators': 1452, 'learning_rate': 0.010388834837192799, 'max_depth': 8, 'num_leaves': 238, 'min_child_samples': 6, 'min_child_weight': 0.022557707781921146, 'subsample': 0.5801409741551405, 'colsample_bytree': 0.3786321227563471, 'reg_alpha': 0.002428926859719089, 'reg_lambda': 0.09112831567804264}. Best is trial 247 with value: 0.03012119889640085.
[I 2025-08-03 12:53:21,107] Trial 396 finished with value: 0.030563693523469843 and parameters: {'min_abs_corr': 0.006656475177834491, 'max_pair_corr': 0.9571745527296067, 'n_estimators': 1440, 'learning_rate': 0.010270964756115386, 'max_depth': 8, 'num_leaves': 241, 'min_child_samples': 6, 'min_child_weight': 0.02252040681615889, 'subsample': 0.584817610342653, 'colsample_bytree': 0.38039593750269535, 'reg_alpha': 0.0024353599723576347, 'reg_lambda': 0.09188950487038695}. Best is trial 247 with value: 0.03012119889640085.
[I 2025-08-03 12:53:28,367] Trial 397 finished with value: 0.030379079860402235 and parameters: {'min_abs_corr': 0.0066932913994189065, 'max_pair_corr': 0.951895508977298, 'n_estimators': 1407, 'learning_rate': 0.010382217397435597, 'max_depth': 8, 'num_leaves': 227, 'min_child_samples': 6, 'min_child_weight': 0.02261178425255203, 'subsample': 0.587088667620238, 'colsample_bytree': 0.3785114305320074, 'reg_alpha': 0.0024220463460076043, 'reg_lambda': 0.09215161290274716}. Best is trial 247 with value: 0.03012119889640085.
[I 2025-08-03 12:53:35,876] Trial 398 finished with value: 0.030236491881882266 and parameters: {'min_abs_corr': 0.006650508268273433, 'max_pair_corr': 0.9482209987545992, 'n_estimators': 1446, 'learning_rate': 0.010315667663861793, 'max_depth': 8, 'num_leaves': 236, 'min_child_samples': 6, 'min_child_weight': 0.022680991520066085, 'subsample': 0.5833556469788486, 'colsample_bytree': 0.3809431639771342, 'reg_alpha': 0.0024419028759289263, 'reg_lambda': 0.09250454183778921}. Best is trial 247 with value: 0.03012119889640085.
[I 2025-08-03 12:53:40,573] Trial 399 finished with value: 0.03113677146048306 and parameters: {'min_abs_corr': 0.006671778940344754, 'max_pair_corr': 0.9568215428225255, 'n_estimators': 680, 'learning_rate': 0.01034764544732746, 'max_depth': 8, 'num_leaves': 236, 'min_child_samples': 6, 'min_child_weight': 0.02266580229059905, 'subsample': 0.5784802392891035, 'colsample_bytree': 0.3814263126942799, 'reg_alpha': 0.002441985429741857, 'reg_lambda': 0.09254260261281239}. Best is trial 247 with value: 0.03012119889640085.
[I 2025-08-03 12:53:48,740] Trial 400 finished with value: 0.030804067337154063 and parameters: {'min_abs_corr': 0.006648689419680532, 'max_pair_corr': 0.9488845739597679, 'n_estimators': 1435, 'learning_rate': 0.01034104876594424, 'max_depth': 8, 'num_leaves': 233, 'min_child_samples': 5, 'min_child_weight': 0.022591834677710712, 'subsample': 0.5820733175933972, 'colsample_bytree': 0.3818223721543832, 'reg_alpha': 0.002443750743602193, 'reg_lambda': 0.09139025661302888}. Best is trial 247 with value: 0.03012119889640085.
[I 2025-08-03 12:53:56,279] Trial 401 finished with value: 0.031038084770405643 and parameters: {'min_abs_corr': 0.006758199530090952, 'max_pair_corr': 0.9525816094434935, 'n_estimators': 1457, 'learning_rate': 0.010219770683793462, 'max_depth': 8, 'num_leaves': 231, 'min_child_samples': 6, 'min_child_weight': 0.02252458828127841, 'subsample': 0.5869994295476055, 'colsample_bytree': 0.38044705101762777, 'reg_alpha': 0.002431466727748257, 'reg_lambda': 0.09340288999783172}. Best is trial 247 with value: 0.03012119889640085.
[I 2025-08-03 12:54:03,692] Trial 402 finished with value: 0.031111930112869314 and parameters: {'min_abs_corr': 0.006715871074711642, 'max_pair_corr': 0.9489645560870428, 'n_estimators': 1433, 'learning_rate': 0.0103085741896108, 'max_depth': 8, 'num_leaves': 236, 'min_child_samples': 6, 'min_child_weight': 0.02268906039835068, 'subsample': 0.583172471168122, 'colsample_bytree': 0.3784812478577322, 'reg_alpha': 0.0024434002156474496, 'reg_lambda': 0.0940160387285091}. Best is trial 247 with value: 0.03012119889640085.
[I 2025-08-03 12:54:11,734] Trial 403 finished with value: 0.030558827539786244 and parameters: {'min_abs_corr': 0.006651442926430663, 'max_pair_corr': 0.9550066777053076, 'n_estimators': 1455, 'learning_rate': 0.01045245491211367, 'max_depth': 8, 'num_leaves': 239, 'min_child_samples': 6, 'min_child_weight': 0.022502208251274174, 'subsample': 0.5809320494798282, 'colsample_bytree': 0.38214953165531657, 'reg_alpha': 0.0024290190937829538, 'reg_lambda': 0.09208985560038323}. Best is trial 247 with value: 0.03012119889640085.
[I 2025-08-03 12:54:19,203] Trial 404 finished with value: 0.03029723914255029 and parameters: {'min_abs_corr': 0.006679148902972112, 'max_pair_corr': 0.9476302416668517, 'n_estimators': 1455, 'learning_rate': 0.01040372185565937, 'max_depth': 8, 'num_leaves': 229, 'min_child_samples': 6, 'min_child_weight': 0.022628460785953992, 'subsample': 0.5875229892801239, 'colsample_bytree': 0.377227802811192, 'reg_alpha': 0.0024369423582846017, 'reg_lambda': 0.09269383277499703}. Best is trial 247 with value: 0.03012119889640085.
[I 2025-08-03 12:54:26,870] Trial 405 finished with value: 0.031086329692733616 and parameters: {'min_abs_corr': 0.005689224745334589, 'max_pair_corr': 0.9524114371555767, 'n_estimators': 1424, 'learning_rate': 0.01027757461630185, 'max_depth': 8, 'num_leaves': 235, 'min_child_samples': 6, 'min_child_weight': 0.022471876489648962, 'subsample': 0.5773940372631249, 'colsample_bytree': 0.4467999596771171, 'reg_alpha': 0.0024194003130187797, 'reg_lambda': 0.09302813060681295}. Best is trial 247 with value: 0.03012119889640085.
[I 2025-08-03 12:54:34,497] Trial 406 finished with value: 0.031012639808801267 and parameters: {'min_abs_corr': 0.006705723416248399, 'max_pair_corr': 0.9422595122127647, 'n_estimators': 1459, 'learning_rate': 0.010460093214585488, 'max_depth': 8, 'num_leaves': 237, 'min_child_samples': 6, 'min_child_weight': 0.022589460048820273, 'subsample': 0.5845640405909633, 'colsample_bytree': 0.3804714186154057, 'reg_alpha': 0.002424476618317917, 'reg_lambda': 0.092325393985237}. Best is trial 247 with value: 0.03012119889640085.
[I 2025-08-03 12:54:42,414] Trial 407 finished with value: 0.030578415497407696 and parameters: {'min_abs_corr': 0.006651686981174353, 'max_pair_corr': 0.9579986440170705, 'n_estimators': 1414, 'learning_rate': 0.010418181413031207, 'max_depth': 8, 'num_leaves': 233, 'min_child_samples': 6, 'min_child_weight': 0.022488179824074354, 'subsample': 0.5886597626272767, 'colsample_bytree': 0.37994228614808273, 'reg_alpha': 0.0024439880376253115, 'reg_lambda': 0.09189954204273801}. Best is trial 247 with value: 0.03012119889640085.
[I 2025-08-03 12:54:49,776] Trial 408 finished with value: 0.030264682309847312 and parameters: {'min_abs_corr': 0.006683623277498219, 'max_pair_corr': 0.9486288078533741, 'n_estimators': 1435, 'learning_rate': 0.010376077563045325, 'max_depth': 8, 'num_leaves': 242, 'min_child_samples': 6, 'min_child_weight': 0.022554740001074804, 'subsample': 0.5806387529553299, 'colsample_bytree': 0.38202785118730836, 'reg_alpha': 0.002434755578704094, 'reg_lambda': 0.09328799104445706}. Best is trial 247 with value: 0.03012119889640085.
[I 2025-08-03 12:54:55,568] Trial 409 finished with value: 0.031090300126887523 and parameters: {'min_abs_corr': 0.00673264453198192, 'max_pair_corr': 0.9471854885109479, 'n_estimators': 1048, 'learning_rate': 0.010394226776031383, 'max_depth': 8, 'num_leaves': 239, 'min_child_samples': 6, 'min_child_weight': 0.02258352318497733, 'subsample': 0.5793772531009187, 'colsample_bytree': 0.3830655418640557, 'reg_alpha': 0.002433259520545933, 'reg_lambda': 0.09345570470359038}. Best is trial 247 with value: 0.03012119889640085.
