[I 2025-08-03 13:40:05,677] Trial 779 finished with value: 0.030279080557396115 and parameters: {'min_abs_corr': 0.006599226153147226, 'max_pair_corr': 0.9530501023098126, 'n_estimators': 1442, 'learning_rate': 0.01046526398397633, 'max_depth': 8, 'num_leaves': 251, 'min_child_samples': 6, 'min_child_weight': 0.02236545226131639, 'subsample': 0.6296986452449477, 'colsample_bytree': 0.37831312210729306, 'reg_alpha': 0.0023185734451983122, 'reg_lambda': 0.09049166770690198}. Best is trial 247 with value: 0.03012119889640085.
[I 2025-08-03 13:40:13,983] Trial 780 finished with value: 0.030404787073905565 and parameters: {'min_abs_corr': 0.006571881921470162, 'max_pair_corr': 0.9498398676975051, 'n_estimators': 1421, 'learning_rate': 0.010535683792766795, 'max_depth': 9, 'num_leaves': 244, 'min_child_samples': 6, 'min_child_weight': 0.022569676428747052, 'subsample': 0.6271154656399512, 'colsample_bytree': 0.3829698792819541, 'reg_alpha': 0.002392518832037028, 'reg_lambda': 0.0906436064829983}. Best is trial 247 with value: 0.03012119889640085.
[I 2025-08-03 13:40:21,789] Trial 781 finished with value: 0.030595275310758684 and parameters: {'min_abs_corr': 0.0064592135024153915, 'max_pair_corr': 0.9559958927048653, 'n_estimators': 1383, 'learning_rate': 0.010377685229087164, 'max_depth': 8, 'num_leaves': 253, 'min_child_samples': 6, 'min_child_weight': 0.02245125795075922, 'subsample': 0.6146026943816773, 'colsample_bytree': 0.38053790915301994, 'reg_alpha': 0.00236171232696254, 'reg_lambda': 0.09009237636663169}. Best is trial 247 with value: 0.03012119889640085.
[I 2025-08-03 13:40:29,239] Trial 782 finished with value: 0.030246374064574606 and parameters: {'min_abs_corr': 0.006539319132424989, 'max_pair_corr': 0.9462364525405074, 'n_estimators': 1444, 'learning_rate': 0.010627662467927533, 'max_depth': 8, 'num_leaves': 257, 'min_child_samples': 6, 'min_child_weight': 0.02195538281890903, 'subsample': 0.6424620741455478, 'colsample_bytree': 0.3815623246908096, 'reg_alpha': 0.002402260049876263, 'reg_lambda': 0.09642814207419186}. Best is trial 247 with value: 0.03012119889640085.
[I 2025-08-03 13:40:36,788] Trial 783 finished with value: 0.03099660085470198 and parameters: {'min_abs_corr': 0.006517099955836106, 'max_pair_corr': 0.9411523906791486, 'n_estimators': 1410, 'learning_rate': 0.010494319907095621, 'max_depth': 8, 'num_leaves': 242, 'min_child_samples': 6, 'min_child_weight': 0.022277732473803546, 'subsample': 0.6309822290392876, 'colsample_bytree': 0.37869414957899045, 'reg_alpha': 0.0024119720409971905, 'reg_lambda': 0.09422131192175376}. Best is trial 247 with value: 0.03012119889640085.
[I 2025-08-03 13:40:44,576] Trial 784 finished with value: 0.03034969543627266 and parameters: {'min_abs_corr': 0.006598761490409234, 'max_pair_corr': 0.961465294303874, 'n_estimators': 1357, 'learning_rate': 0.01043908811227728, 'max_depth': 8, 'num_leaves': 246, 'min_child_samples': 6, 'min_child_weight': 0.022131928782466257, 'subsample': 0.6226349865985114, 'colsample_bytree': 0.3837758804767579, 'reg_alpha': 0.0023845566581653563, 'reg_lambda': 0.09397968285448023}. Best is trial 247 with value: 0.03012119889640085.
[I 2025-08-03 13:40:51,920] Trial 785 finished with value: 0.030359740962868864 and parameters: {'min_abs_corr': 0.006570769985183549, 'max_pair_corr': 0.9503564781653774, 'n_estimators': 1422, 'learning_rate': 0.010583563018457257, 'max_depth': 8, 'num_leaves': 244, 'min_child_samples': 6, 'min_child_weight': 0.022387862077598415, 'subsample': 0.6358456723001749, 'colsample_bytree': 0.3796834695404156, 'reg_alpha': 0.0023956975310063687, 'reg_lambda': 0.09616682875313852}. Best is trial 247 with value: 0.03012119889640085.
[I 2025-08-03 13:40:59,163] Trial 786 finished with value: 0.030288907468298144 and parameters: {'min_abs_corr': 0.00653448410112474, 'max_pair_corr': 0.9443393993993583, 'n_estimators': 1384, 'learning_rate': 0.010538791380918025, 'max_depth': 8, 'num_leaves': 249, 'min_child_samples': 6, 'min_child_weight': 0.022592540392902694, 'subsample': 0.6245187573971993, 'colsample_bytree': 0.3821941415776283, 'reg_alpha': 0.0024074402191045165, 'reg_lambda': 0.08940165684137193}. Best is trial 247 with value: 0.03012119889640085.
[I 2025-08-03 13:41:07,361] Trial 787 finished with value: 0.03183214687807949 and parameters: {'min_abs_corr': 0.0066129427529584475, 'max_pair_corr': 0.9270554187739364, 'n_estimators': 1446, 'learning_rate': 0.010494437350789717, 'max_depth': 9, 'num_leaves': 242, 'min_child_samples': 6, 'min_child_weight': 0.02223412433309857, 'subsample': 0.6211445595586103, 'colsample_bytree': 0.38653997976284965, 'reg_alpha': 0.0024171003200927, 'reg_lambda': 0.09520765031406801}. Best is trial 247 with value: 0.03012119889640085.
[I 2025-08-03 13:41:11,637] Trial 788 finished with value: 0.03158391177803353 and parameters: {'min_abs_corr': 0.00648326094095839, 'max_pair_corr': 0.9321657050643085, 'n_estimators': 615, 'learning_rate': 0.010577501095047867, 'max_depth': 8, 'num_leaves': 248, 'min_child_samples': 6, 'min_child_weight': 0.02182792841718436, 'subsample': 0.6324901757386326, 'colsample_bytree': 0.37720298976536293, 'reg_alpha': 0.002405586234134565, 'reg_lambda': 0.09460404848827968}. Best is trial 247 with value: 0.03012119889640085.
[I 2025-08-03 13:41:18,583] Trial 789 finished with value: 0.03035171822061893 and parameters: {'min_abs_corr': 0.006553014482307598, 'max_pair_corr': 0.9518559220957975, 'n_estimators': 1333, 'learning_rate': 0.010662976680890696, 'max_depth': 8, 'num_leaves': 255, 'min_child_samples': 6, 'min_child_weight': 0.022512183059426108, 'subsample': 0.618184782250313, 'colsample_bytree': 0.3811249988485317, 'reg_alpha': 0.002349628747072816, 'reg_lambda': 0.0907271315793705}. Best is trial 247 with value: 0.03012119889640085.
[I 2025-08-03 13:41:26,437] Trial 790 finished with value: 0.030546485404932273 and parameters: {'min_abs_corr': 0.006592575612274292, 'max_pair_corr': 0.9559918214514118, 'n_estimators': 1399, 'learning_rate': 0.010366732747365999, 'max_depth': 8, 'num_leaves': 245, 'min_child_samples': 6, 'min_child_weight': 0.022331319102448413, 'subsample': 0.6278668279121935, 'colsample_bytree': 0.3794581280567252, 'reg_alpha': 0.0023923724019542653, 'reg_lambda': 0.09018854147068056}. Best is trial 247 with value: 0.03012119889640085.
[I 2025-08-03 13:41:33,963] Trial 791 finished with value: 0.03032901744838023 and parameters: {'min_abs_corr': 0.006430848814828172, 'max_pair_corr': 0.9473542565722335, 'n_estimators': 1432, 'learning_rate': 0.010441831172226617, 'max_depth': 8, 'num_leaves': 252, 'min_child_samples': 6, 'min_child_weight': 0.022469265991646628, 'subsample': 0.6298899057953041, 'colsample_bytree': 0.384624673768957, 'reg_alpha': 0.0024170414883509786, 'reg_lambda': 0.09356081214167418}. Best is trial 247 with value: 0.03012119889640085.
[I 2025-08-03 13:41:38,798] Trial 792 finished with value: 0.031100251763398028 and parameters: {'min_abs_corr': 0.006518889085911804, 'max_pair_corr': 0.9383031098500805, 'n_estimators': 1365, 'learning_rate': 0.010536967028639014, 'max_depth': 5, 'num_leaves': 247, 'min_child_samples': 6, 'min_child_weight': 0.022390155007166408, 'subsample': 0.6268720314091376, 'colsample_bytree': 0.3828190971721385, 'reg_alpha': 0.0024100251441191056, 'reg_lambda': 0.08981267945587273}. Best is trial 247 with value: 0.03012119889640085.
[I 2025-08-03 13:41:47,370] Trial 793 finished with value: 0.03103620445317235 and parameters: {'min_abs_corr': 0.006569029149257958, 'max_pair_corr': 0.9422052157063662, 'n_estimators': 1447, 'learning_rate': 0.010477166835852349, 'max_depth': 9, 'num_leaves': 242, 'min_child_samples': 6, 'min_child_weight': 0.022192887514993258, 'subsample': 0.6320435232416425, 'colsample_bytree': 0.38052229842462904, 'reg_alpha': 0.002338981520898608, 'reg_lambda': 0.0904743859830123}. Best is trial 247 with value: 0.03012119889640085.
[I 2025-08-03 13:41:55,248] Trial 794 finished with value: 0.030367239314121802 and parameters: {'min_abs_corr': 0.006464104728798788, 'max_pair_corr': 0.9591411165013302, 'n_estimators': 1401, 'learning_rate': 0.010605119016399375, 'max_depth': 8, 'num_leaves': 250, 'min_child_samples': 6, 'min_child_weight': 0.022089118759554948, 'subsample': 0.6244131525320539, 'colsample_bytree': 0.3786984124040278, 'reg_alpha': 0.0023735795873895092, 'reg_lambda': 0.09561659517171389}. Best is trial 247 with value: 0.03012119889640085.
[I 2025-08-03 13:42:04,429] Trial 795 finished with value: 0.03094838218546377 and parameters: {'min_abs_corr': 0.006600921208702197, 'max_pair_corr': 1.0059713200256395, 'n_estimators': 1422, 'learning_rate': 0.010520665993540476, 'max_depth': 8, 'num_leaves': 215, 'min_child_samples': 6, 'min_child_weight': 0.022591710809523324, 'subsample': 0.6348754015495893, 'colsample_bytree': 0.38168611982503386, 'reg_alpha': 0.0023990955547356567, 'reg_lambda': 0.09513399524009558}. Best is trial 247 with value: 0.03012119889640085.
[I 2025-08-03 13:42:12,095] Trial 796 finished with value: 0.030568496052621512 and parameters: {'min_abs_corr': 0.006500259231818991, 'max_pair_corr': 0.9546710185814011, 'n_estimators': 1375, 'learning_rate': 0.010419803554364344, 'max_depth': 8, 'num_leaves': 244, 'min_child_samples': 6, 'min_child_weight': 0.022318457722362788, 'subsample': 0.6114288040702959, 'colsample_bytree': 0.3832948513283175, 'reg_alpha': 0.002421499893402872, 'reg_lambda': 0.0907608454150768}. Best is trial 247 with value: 0.03012119889640085.
[I 2025-08-03 13:42:20,407] Trial 797 finished with value: 0.03029912143077416 and parameters: {'min_abs_corr': 0.006406487066162243, 'max_pair_corr': 0.9493561214078245, 'n_estimators': 1418, 'learning_rate': 0.010563422628527249, 'max_depth': 9, 'num_leaves': 241, 'min_child_samples': 6, 'min_child_weight': 0.02248108547373416, 'subsample': 0.6208580289448217, 'colsample_bytree': 0.3771481189408968, 'reg_alpha': 0.0023825646754189202, 'reg_lambda': 0.09463370057816174}. Best is trial 247 with value: 0.03012119889640085.
[I 2025-08-03 13:42:27,883] Trial 798 finished with value: 0.03023932326199242 and parameters: {'min_abs_corr': 0.006537297103290199, 'max_pair_corr': 0.9456476629060411, 'n_estimators': 1454, 'learning_rate': 0.010464834200516264, 'max_depth': 8, 'num_leaves': 246, 'min_child_samples': 6, 'min_child_weight': 0.0222660668583449, 'subsample': 0.6144196366146253, 'colsample_bytree': 0.3799879931409552, 'reg_alpha': 0.0023592717081783003, 'reg_lambda': 0.09014963282954482}. Best is trial 247 with value: 0.03012119889640085.
[I 2025-08-03 13:42:35,093] Trial 799 finished with value: 0.03022180732389355 and parameters: {'min_abs_corr': 0.00655416611644555, 'max_pair_corr': 0.9516865476487579, 'n_estimators': 1400, 'learning_rate': 0.010507794307850432, 'max_depth': 8, 'num_leaves': 248, 'min_child_samples': 6, 'min_child_weight': 0.022398427809324613, 'subsample': 0.6375688654516385, 'colsample_bytree': 0.3853527968569469, 'reg_alpha': 0.0024169666774022445, 'reg_lambda': 0.09090991843316228}. Best is trial 247 with value: 0.03012119889640085.
[I 2025-08-03 13:42:43,290] Trial 800 finished with value: 0.030390340001702175 and parameters: {'min_abs_corr': 0.006569879140890333, 'max_pair_corr': 0.9618512092541548, 'n_estimators': 1448, 'learning_rate': 0.010397480361411086, 'max_depth': 8, 'num_leaves': 252, 'min_child_samples': 6, 'min_child_weight': 0.022604600126551123, 'subsample': 0.6455299924517386, 'colsample_bytree': 0.3863956961692294, 'reg_alpha': 0.0024162982883654603, 'reg_lambda': 0.09087719546193769}. Best is trial 247 with value: 0.03012119889640085.
[I 2025-08-03 13:42:52,744] Trial 801 finished with value: 0.03099214497650262 and parameters: {'min_abs_corr': 0.006584754828606136, 'max_pair_corr': 1.051393639367665, 'n_estimators': 1429, 'learning_rate': 0.010456682801865062, 'max_depth': 8, 'num_leaves': 249, 'min_child_samples': 6, 'min_child_weight': 0.02244124075461062, 'subsample': 0.6250761355575333, 'colsample_bytree': 0.383687761200382, 'reg_alpha': 0.0024233368869938966, 'reg_lambda': 0.0911249679158355}. Best is trial 247 with value: 0.03012119889640085.
[I 2025-08-03 13:43:00,052] Trial 802 finished with value: 0.030321928182826613 and parameters: {'min_abs_corr': 0.006563882065145554, 'max_pair_corr': 0.953631576064605, 'n_estimators': 1406, 'learning_rate': 0.010496521562476132, 'max_depth': 8, 'num_leaves': 249, 'min_child_samples': 6, 'min_child_weight': 0.022514121691984565, 'subsample': 0.6394569351999725, 'colsample_bytree': 0.3861032839772937, 'reg_alpha': 0.0024088293194845086, 'reg_lambda': 0.0906515965039485}. Best is trial 247 with value: 0.03012119889640085.
[I 2025-08-03 13:43:08,090] Trial 803 finished with value: 0.03070448464358978 and parameters: {'min_abs_corr': 0.006610772328305324, 'max_pair_corr': 0.9577418923998512, 'n_estimators': 1449, 'learning_rate': 0.01062001925441952, 'max_depth': 8, 'num_leaves': 254, 'min_child_samples': 6, 'min_child_weight': 0.019632624432468163, 'subsample': 0.5604897115561576, 'colsample_bytree': 0.38490352100744923, 'reg_alpha': 0.002403973221582245, 'reg_lambda': 0.09043662988122195}. Best is trial 247 with value: 0.03012119889640085.
[I 2025-08-03 13:43:15,307] Trial 804 finished with value: 0.030393139340263376 and parameters: {'min_abs_corr': 0.006542685622815535, 'max_pair_corr': 0.9510740443574162, 'n_estimators': 1369, 'learning_rate': 0.010368408602523204, 'max_depth': 8, 'num_leaves': 252, 'min_child_samples': 6, 'min_child_weight': 0.022416872134851194, 'subsample': 0.6189015388358571, 'colsample_bytree': 0.3853956603135843, 'reg_alpha': 0.0024158540633210383, 'reg_lambda': 0.09096021412520375}. Best is trial 247 with value: 0.03012119889640085.
[I 2025-08-03 13:43:23,321] Trial 805 finished with value: 0.030733885344290585 and parameters: {'min_abs_corr': 0.006612532264051167, 'max_pair_corr': 0.9546420015807988, 'n_estimators': 1418, 'learning_rate': 0.010503618675311329, 'max_depth': 8, 'num_leaves': 248, 'min_child_samples': 6, 'min_child_weight': 0.022557374702484173, 'subsample': 0.606841184164684, 'colsample_bytree': 0.3846135301891277, 'reg_alpha': 0.0024239889013109943, 'reg_lambda': 0.09198530558570396}. Best is trial 247 with value: 0.03012119889640085.
[I 2025-08-03 13:43:32,535] Trial 806 finished with value: 0.03058276255886564 and parameters: {'min_abs_corr': 0.006586717618027142, 'max_pair_corr': 0.9642157152012106, 'n_estimators': 1398, 'learning_rate': 0.010423024694686787, 'max_depth': 9, 'num_leaves': 240, 'min_child_samples': 6, 'min_child_weight': 0.02262165635000399, 'subsample': 0.638296020370689, 'colsample_bytree': 0.4092156058360461, 'reg_alpha': 0.002398289122087316, 'reg_lambda': 0.09017045561895952}. Best is trial 247 with value: 0.03012119889640085.
[I 2025-08-03 13:43:40,225] Trial 807 finished with value: 0.03077748188600763 and parameters: {'min_abs_corr': 0.006567141574019283, 'max_pair_corr': 0.9580027679254188, 'n_estimators': 1343, 'learning_rate': 0.010559496107524786, 'max_depth': 8, 'num_leaves': 250, 'min_child_samples': 6, 'min_child_weight': 0.02241636350789191, 'subsample': 0.640676568508895, 'colsample_bytree': 0.3881394119441768, 'reg_alpha': 0.002408559529082212, 'reg_lambda': 0.09108299849532633}. Best is trial 247 with value: 0.03012119889640085.
[I 2025-08-03 13:43:47,672] Trial 808 finished with value: 0.030236386406021998 and parameters: {'min_abs_corr': 0.006551991931656054, 'max_pair_corr': 0.9523783276435014, 'n_estimators': 1448, 'learning_rate': 0.010461869594530408, 'max_depth': 8, 'num_leaves': 243, 'min_child_samples': 6, 'min_child_weight': 0.022506012543617684, 'subsample': 0.6221319080500508, 'colsample_bytree': 0.3827589571730801, 'reg_alpha': 0.002425594242255929, 'reg_lambda': 0.09067142369723881}. Best is trial 247 with value: 0.03012119889640085.
[I 2025-08-03 13:43:55,167] Trial 809 finished with value: 0.030434920257829935 and parameters: {'min_abs_corr': 0.0065253408243232764, 'max_pair_corr': 0.9445930502814657, 'n_estimators': 1428, 'learning_rate': 0.0103462284658272, 'max_depth': 8, 'num_leaves': 247, 'min_child_samples': 6, 'min_child_weight': 0.022184034463031826, 'subsample': 0.6289188447811761, 'colsample_bytree': 0.38672688604236, 'reg_alpha': 0.0024151131359896024, 'reg_lambda': 0.09125465352174089}. Best is trial 247 with value: 0.03012119889640085.
[I 2025-08-03 13:44:02,361] Trial 810 finished with value: 0.03039251388907921 and parameters: {'min_abs_corr': 0.006611744518447017, 'max_pair_corr': 0.9502152993297498, 'n_estimators': 1387, 'learning_rate': 0.010580459735751719, 'max_depth': 8, 'num_leaves': 251, 'min_child_samples': 6, 'min_child_weight': 0.022355362084904618, 'subsample': 0.616413143995808, 'colsample_bytree': 0.38389779857512724, 'reg_alpha': 0.002390763432910625, 'reg_lambda': 0.0904021126548975}. Best is trial 247 with value: 0.03012119889640085.
[I 2025-08-03 13:44:11,297] Trial 811 finished with value: 0.031002009904865478 and parameters: {'min_abs_corr': 0.0065851340715499225, 'max_pair_corr': 0.9680797454973276, 'n_estimators': 1458, 'learning_rate': 0.010505297554760486, 'max_depth': 9, 'num_leaves': 244, 'min_child_samples': 6, 'min_child_weight': 0.022024558230848992, 'subsample': 0.6261530964866133, 'colsample_bytree': 0.38198860272081786, 'reg_alpha': 0.002402875217997624, 'reg_lambda': 0.08967898329930524}. Best is trial 247 with value: 0.03012119889640085.
[I 2025-08-03 13:44:13,010] Trial 812 finished with value: 0.03534413775192165 and parameters: {'min_abs_corr': 0.00655730740594524, 'max_pair_corr': 0.940799461841825, 'n_estimators': 658, 'learning_rate': 0.010621795800570835, 'max_depth': 3, 'num_leaves': 241, 'min_child_samples': 6, 'min_child_weight': 0.022605057611127962, 'subsample': 0.624303360416821, 'colsample_bytree': 0.4119782302535108, 'reg_alpha': 0.0024214903127759745, 'reg_lambda': 0.09181161188066193}. Best is trial 247 with value: 0.03012119889640085.
[I 2025-08-03 13:44:20,992] Trial 813 finished with value: 0.030403227409698176 and parameters: {'min_abs_corr': 0.006534363714017783, 'max_pair_corr': 0.9598173981461213, 'n_estimators': 1410, 'learning_rate': 0.010533546647376229, 'max_depth': 8, 'num_leaves': 245, 'min_child_samples': 6, 'min_child_weight': 0.0223004604785685, 'subsample': 0.6106397831396406, 'colsample_bytree': 0.3818651091617265, 'reg_alpha': 0.0024097773332941446, 'reg_lambda': 0.08999555147697151}. Best is trial 247 with value: 0.03012119889640085.
[I 2025-08-03 13:44:28,646] Trial 814 finished with value: 0.030691787006407102 and parameters: {'min_abs_corr': 0.006622252851406491, 'max_pair_corr': 0.9545427401891353, 'n_estimators': 1355, 'learning_rate': 0.010416788702460288, 'max_depth': 8, 'num_leaves': 248, 'min_child_samples': 6, 'min_child_weight': 0.02249055689258129, 'subsample': 0.6290277040515244, 'colsample_bytree': 0.38467118080700025, 'reg_alpha': 0.002426782847353058, 'reg_lambda': 0.09083108484724237}. Best is trial 247 with value: 0.03012119889640085.
[I 2025-08-03 13:44:36,150] Trial 815 finished with value: 0.03009530961939528 and parameters: {'min_abs_corr': 0.0065965190338150995, 'max_pair_corr': 0.9471692177144928, 'n_estimators': 1430, 'learning_rate': 0.010473955778920236, 'max_depth': 8, 'num_leaves': 247, 'min_child_samples': 6, 'min_child_weight': 0.02237354713085971, 'subsample': 0.6136303574015481, 'colsample_bytree': 0.3831568447541598, 'reg_alpha': 0.002399771296811505, 'reg_lambda': 0.09181476210741255}. Best is trial 815 with value: 0.03009530961939528.
[I 2025-08-03 13:44:44,192] Trial 816 finished with value: 0.030612113311193623 and parameters: {'min_abs_corr': 0.006583473189841409, 'max_pair_corr': 0.9766657713746654, 'n_estimators': 1375, 'learning_rate': 0.01046940917560829, 'max_depth': 8, 'num_leaves': 247, 'min_child_samples': 6, 'min_child_weight': 0.022253380200996483, 'subsample': 0.6103838332324818, 'colsample_bytree': 0.3853650025781216, 'reg_alpha': 0.0023903764479342366, 'reg_lambda': 0.0915440988368493}. Best is trial 815 with value: 0.03009530961939528.
[I 2025-08-03 13:44:51,708] Trial 817 finished with value: 0.03142900438233034 and parameters: {'min_abs_corr': 0.0065732956623682955, 'max_pair_corr': 0.9347807677073676, 'n_estimators': 1396, 'learning_rate': 0.010496444590762545, 'max_depth': 8, 'num_leaves': 251, 'min_child_samples': 6, 'min_child_weight': 0.02216758767417162, 'subsample': 0.6123911038825712, 'colsample_bytree': 0.387185280621471, 'reg_alpha': 0.002394541400199066, 'reg_lambda': 0.0917356937041894}. Best is trial 815 with value: 0.03009530961939528.
[I 2025-08-03 13:45:00,019] Trial 818 finished with value: 0.030292000364649664 and parameters: {'min_abs_corr': 0.006597237387354088, 'max_pair_corr': 0.9438959235145397, 'n_estimators': 1424, 'learning_rate': 0.01046760501368008, 'max_depth': 9, 'num_leaves': 249, 'min_child_samples': 6, 'min_child_weight': 0.022338353142100264, 'subsample': 0.6178350508316391, 'colsample_bytree': 0.3832597681088897, 'reg_alpha': 0.0023979124147651626, 'reg_lambda': 0.0910942830725042}. Best is trial 815 with value: 0.03009530961939528.
[I 2025-08-03 13:45:07,572] Trial 819 finished with value: 0.03145879450501312 and parameters: {'min_abs_corr': 0.006611968399331155, 'max_pair_corr': 0.9376307209730248, 'n_estimators': 1429, 'learning_rate': 0.010544393234194123, 'max_depth': 8, 'num_leaves': 246, 'min_child_samples': 6, 'min_child_weight': 0.022238406186821626, 'subsample': 0.613656334264738, 'colsample_bytree': 0.38593430979679993, 'reg_alpha': 0.0023808744381080644, 'reg_lambda': 0.09132208515103295}. Best is trial 815 with value: 0.03009530961939528.
