[I 2025-08-03 12:14:57,515] Trial 82 finished with value: 0.030947383724024446 and parameters: {'min_abs_corr': 0.005804825919087606, 'max_pair_corr': 0.9492280767197931, 'n_estimators': 1499, 'learning_rate': 0.009472349666093081, 'max_depth': 8, 'num_leaves': 277, 'min_child_samples': 6, 'min_child_weight': 0.020283140101252203, 'subsample': 0.5835975599959758, 'colsample_bytree': 0.38307546636688483, 'reg_alpha': 0.0022267916021637686, 'reg_lambda': 0.08873298711140558}. Best is trial 21 with value: 0.03025798159015493.
[I 2025-08-03 12:15:05,926] Trial 83 finished with value: 0.030366805595807032 and parameters: {'min_abs_corr': 0.0059839741085916725, 'max_pair_corr': 0.9444106776823086, 'n_estimators': 1423, 'learning_rate': 0.00931516348060793, 'max_depth': 9, 'num_leaves': 297, 'min_child_samples': 6, 'min_child_weight': 0.02089743681824681, 'subsample': 0.5736361624303313, 'colsample_bytree': 0.38882620237127313, 'reg_alpha': 0.0022382588787344827, 'reg_lambda': 0.08976435055847051}. Best is trial 21 with value: 0.03025798159015493.
[I 2025-08-03 12:15:14,423] Trial 84 finished with value: 0.03129351237030622 and parameters: {'min_abs_corr': 0.005902806335496568, 'max_pair_corr': 0.9329924148950203, 'n_estimators': 1413, 'learning_rate': 0.0095852509992182, 'max_depth': 9, 'num_leaves': 278, 'min_child_samples': 6, 'min_child_weight': 0.020901461045773017, 'subsample': 0.5710973282070102, 'colsample_bytree': 0.3780997768606353, 'reg_alpha': 0.002277464357458417, 'reg_lambda': 0.08955499100637408}. Best is trial 21 with value: 0.03025798159015493.
[I 2025-08-03 12:15:21,931] Trial 85 finished with value: 0.03109037600134016 and parameters: {'min_abs_corr': 0.005988219466001309, 'max_pair_corr': 0.9425199591759831, 'n_estimators': 1343, 'learning_rate': 0.009493229827208757, 'max_depth': 8, 'num_leaves': 273, 'min_child_samples': 6, 'min_child_weight': 0.02104679758999304, 'subsample': 0.5702092922610218, 'colsample_bytree': 0.41945567734475425, 'reg_alpha': 0.002248182368096531, 'reg_lambda': 0.08875967594777291}. Best is trial 21 with value: 0.03025798159015493.
[I 2025-08-03 12:15:30,877] Trial 86 finished with value: 0.031000234002589507 and parameters: {'min_abs_corr': 0.005712184825482393, 'max_pair_corr': 0.9390409916732206, 'n_estimators': 1473, 'learning_rate': 0.009317675195650138, 'max_depth': 9, 'num_leaves': 291, 'min_child_samples': 6, 'min_child_weight': 0.021666580026670046, 'subsample': 0.5646031526233326, 'colsample_bytree': 0.39594960020344283, 'reg_alpha': 0.0022975037685885862, 'reg_lambda': 0.0906090720107319}. Best is trial 21 with value: 0.03025798159015493.
[I 2025-08-03 12:15:38,122] Trial 87 finished with value: 0.03160104704116586 and parameters: {'min_abs_corr': 0.005927488862208025, 'max_pair_corr': 0.9281310256190929, 'n_estimators': 1396, 'learning_rate': 0.009411136253446493, 'max_depth': 8, 'num_leaves': 283, 'min_child_samples': 6, 'min_child_weight': 0.02123442483951718, 'subsample': 0.5805743906896205, 'colsample_bytree': 0.3869630302947742, 'reg_alpha': 0.002215600565149874, 'reg_lambda': 0.08987810584549039}. Best is trial 21 with value: 0.03025798159015493.
[I 2025-08-03 12:15:46,992] Trial 88 finished with value: 0.030991036044513087 and parameters: {'min_abs_corr': 0.006008287411928339, 'max_pair_corr': 0.970636388243678, 'n_estimators': 1432, 'learning_rate': 0.00952324031564496, 'max_depth': 9, 'num_leaves': 279, 'min_child_samples': 6, 'min_child_weight': 0.018600068284451206, 'subsample': 0.5762758586517616, 'colsample_bytree': 0.38996029362319196, 'reg_alpha': 0.0022623692357208727, 'reg_lambda': 0.08914974962128659}. Best is trial 21 with value: 0.03025798159015493.
[I 2025-08-03 12:15:56,584] Trial 89 finished with value: 0.030609720957753488 and parameters: {'min_abs_corr': 0.005767584662591702, 'max_pair_corr': 0.9621977565136736, 'n_estimators': 1355, 'learning_rate': 0.009448582670485787, 'max_depth': 10, 'num_leaves': 269, 'min_child_samples': 6, 'min_child_weight': 0.021371153156958634, 'subsample': 0.5896176062000078, 'colsample_bytree': 0.3811112273706751, 'reg_alpha': 0.002172968120816578, 'reg_lambda': 0.0876250631111472}. Best is trial 21 with value: 0.03025798159015493.
[I 2025-08-03 12:16:03,516] Trial 90 finished with value: 0.031008752584766604 and parameters: {'min_abs_corr': 0.005815927220793121, 'max_pair_corr': 0.946091599880631, 'n_estimators': 1308, 'learning_rate': 0.009263739303961599, 'max_depth': 8, 'num_leaves': 297, 'min_child_samples': 6, 'min_child_weight': 0.021953410474364794, 'subsample': 0.5980148435458962, 'colsample_bytree': 0.38429088733687766, 'reg_alpha': 0.0023390421988111086, 'reg_lambda': 0.09703538126737862}. Best is trial 21 with value: 0.03025798159015493.
[I 2025-08-03 12:16:10,330] Trial 91 finished with value: 0.030500597808272696 and parameters: {'min_abs_corr': 0.005982607865483168, 'max_pair_corr': 0.9516242761953749, 'n_estimators': 1447, 'learning_rate': 0.009203684074257402, 'max_depth': 7, 'num_leaves': 293, 'min_child_samples': 6, 'min_child_weight': 0.020705868023248888, 'subsample': 0.5826453985978645, 'colsample_bytree': 0.42786400866882457, 'reg_alpha': 0.0022365657874627103, 'reg_lambda': 0.08699901754769172}. Best is trial 21 with value: 0.03025798159015493.
[I 2025-08-03 12:16:18,875] Trial 92 finished with value: 0.030944346452698168 and parameters: {'min_abs_corr': 0.005979578323945083, 'max_pair_corr': 1.0526535175590537, 'n_estimators': 1470, 'learning_rate': 0.009373261829701876, 'max_depth': 7, 'num_leaves': 286, 'min_child_samples': 6, 'min_child_weight': 0.020561500798676174, 'subsample': 0.587904487831469, 'colsample_bytree': 0.4277526102866995, 'reg_alpha': 0.002233516404106981, 'reg_lambda': 0.08812438791650773}. Best is trial 21 with value: 0.03025798159015493.
[I 2025-08-03 12:16:26,915] Trial 93 finished with value: 0.030987544426507994 and parameters: {'min_abs_corr': 0.0058874872229004, 'max_pair_corr': 0.9536203218197721, 'n_estimators': 1496, 'learning_rate': 0.009118316921473118, 'max_depth': 8, 'num_leaves': 292, 'min_child_samples': 6, 'min_child_weight': 0.020825785350636224, 'subsample': 0.5774605871081446, 'colsample_bytree': 0.4381820023553816, 'reg_alpha': 0.002253012404959995, 'reg_lambda': 0.08850864198075199}. Best is trial 21 with value: 0.03025798159015493.
[I 2025-08-03 12:16:33,688] Trial 94 finished with value: 0.03056241522127729 and parameters: {'min_abs_corr': 0.005970488462882729, 'max_pair_corr': 0.9442398595625104, 'n_estimators': 1415, 'learning_rate': 0.009310231969486257, 'max_depth': 7, 'num_leaves': 293, 'min_child_samples': 6, 'min_child_weight': 0.020918764570230838, 'subsample': 0.5856247560579605, 'colsample_bytree': 0.43417450685675624, 'reg_alpha': 0.0022052383425256446, 'reg_lambda': 0.08962565000710142}. Best is trial 21 with value: 0.03025798159015493.
[I 2025-08-03 12:16:40,354] Trial 95 finished with value: 0.030826872198836796 and parameters: {'min_abs_corr': 0.005866258347734441, 'max_pair_corr': 0.9443597030797867, 'n_estimators': 1403, 'learning_rate': 0.010212417472740364, 'max_depth': 7, 'num_leaves': 275, 'min_child_samples': 6, 'min_child_weight': 0.021129303435062505, 'subsample': 0.5844615886494586, 'colsample_bytree': 0.4353195362032611, 'reg_alpha': 0.0021918443964064485, 'reg_lambda': 0.08608027006255846}. Best is trial 21 with value: 0.03025798159015493.
[I 2025-08-03 12:16:46,810] Trial 96 finished with value: 0.031221111688124758 and parameters: {'min_abs_corr': 0.005965744487319727, 'max_pair_corr': 0.9371195792538048, 'n_estimators': 1382, 'learning_rate': 0.009600101516343797, 'max_depth': 7, 'num_leaves': 288, 'min_child_samples': 6, 'min_child_weight': 0.02090355778424945, 'subsample': 0.566960625869617, 'colsample_bytree': 0.3805101061508577, 'reg_alpha': 0.00220311607788007, 'reg_lambda': 0.09224719381382829}. Best is trial 21 with value: 0.03025798159015493.
[I 2025-08-03 12:16:55,806] Trial 97 finished with value: 0.03112121182013804 and parameters: {'min_abs_corr': 0.005907984651644226, 'max_pair_corr': 0.976774659112899, 'n_estimators': 1454, 'learning_rate': 0.00964664359399008, 'max_depth': 8, 'num_leaves': 296, 'min_child_samples': 6, 'min_child_weight': 0.02184082796181016, 'subsample': 0.5754554966751672, 'colsample_bytree': 0.44510334071860636, 'reg_alpha': 0.002219743895823186, 'reg_lambda': 0.09079876604772263}. Best is trial 21 with value: 0.03025798159015493.
[I 2025-08-03 12:17:04,976] Trial 98 finished with value: 0.030880115453041767 and parameters: {'min_abs_corr': 0.006650159385673765, 'max_pair_corr': 0.9680678173037734, 'n_estimators': 1421, 'learning_rate': 0.009397002588104848, 'max_depth': 9, 'num_leaves': 282, 'min_child_samples': 6, 'min_child_weight': 0.020995252085931934, 'subsample': 0.5837912087533474, 'colsample_bytree': 0.4369883670336202, 'reg_alpha': 0.002239340376498976, 'reg_lambda': 0.09026066441481365}. Best is trial 21 with value: 0.03025798159015493.
[I 2025-08-03 12:17:12,509] Trial 99 finished with value: 0.030958473599119678 and parameters: {'min_abs_corr': 0.006030340319938312, 'max_pair_corr': 0.9317227956694234, 'n_estimators': 1356, 'learning_rate': 0.010433093692745456, 'max_depth': 8, 'num_leaves': 290, 'min_child_samples': 6, 'min_child_weight': 0.0214847174482891, 'subsample': 0.5926097892141888, 'colsample_bytree': 0.42807800102260357, 'reg_alpha': 0.002209381762348275, 'reg_lambda': 0.08970992636105497}. Best is trial 21 with value: 0.03025798159015493.
[I 2025-08-03 12:17:15,142] Trial 100 finished with value: 0.033852444864723275 and parameters: {'min_abs_corr': 0.005945014069948051, 'max_pair_corr': 0.9593857287033665, 'n_estimators': 311, 'learning_rate': 0.009798109381119424, 'max_depth': 7, 'num_leaves': 293, 'min_child_samples': 6, 'min_child_weight': 0.021231793733400013, 'subsample': 0.5804712919567334, 'colsample_bytree': 0.43401056916384545, 'reg_alpha': 0.0022691245179316285, 'reg_lambda': 0.08779313270361727}. Best is trial 21 with value: 0.03025798159015493.
[I 2025-08-03 12:17:21,918] Trial 101 finished with value: 0.03057454612454303 and parameters: {'min_abs_corr': 0.0060452479730645, 'max_pair_corr': 0.9464142405331423, 'n_estimators': 1438, 'learning_rate': 0.009319709851040527, 'max_depth': 7, 'num_leaves': 298, 'min_child_samples': 6, 'min_child_weight': 0.020688212326227876, 'subsample': 0.5738830379955617, 'colsample_bytree': 0.43143835719258705, 'reg_alpha': 0.002245511561879105, 'reg_lambda': 0.08912590722800853}. Best is trial 21 with value: 0.03025798159015493.
[I 2025-08-03 12:17:40,143] Trial 102 finished with value: 0.031494907515124 and parameters: {'min_abs_corr': 0.006108943834528625, 'max_pair_corr': 0.9391995911355787, 'n_estimators': 1483, 'learning_rate': 0.009310777696367005, 'max_depth': 0, 'num_leaves': 297, 'min_child_samples': 6, 'min_child_weight': 0.02077914922394735, 'subsample': 0.5661544765352649, 'colsample_bytree': 0.4320665671752411, 'reg_alpha': 0.002234543329323998, 'reg_lambda': 0.0892110903724741}. Best is trial 21 with value: 0.03025798159015493.
[I 2025-08-03 12:17:47,674] Trial 103 finished with value: 0.03093743078049685 and parameters: {'min_abs_corr': 0.006048872183677195, 'max_pair_corr': 0.9566499382627643, 'n_estimators': 1450, 'learning_rate': 0.009204130687674656, 'max_depth': 7, 'num_leaves': 237, 'min_child_samples': 6, 'min_child_weight': 0.020568245507670925, 'subsample': 0.5615558725966286, 'colsample_bytree': 0.43914794868138785, 'reg_alpha': 0.0022591311972679946, 'reg_lambda': 0.09155816110238414}. Best is trial 21 with value: 0.03025798159015493.
[I 2025-08-03 12:17:54,377] Trial 104 finished with value: 0.030526310176970023 and parameters: {'min_abs_corr': 0.006009031836782075, 'max_pair_corr': 0.9450585471430275, 'n_estimators': 1413, 'learning_rate': 0.009450114198004985, 'max_depth': 7, 'num_leaves': 298, 'min_child_samples': 6, 'min_child_weight': 0.021714333360728436, 'subsample': 0.5729702894597665, 'colsample_bytree': 0.4261973983175714, 'reg_alpha': 0.0022212225515248016, 'reg_lambda': 0.0898037285209254}. Best is trial 21 with value: 0.03025798159015493.
[I 2025-08-03 12:18:01,961] Trial 105 finished with value: 0.03047218588436782 and parameters: {'min_abs_corr': 0.006001182793028887, 'max_pair_corr': 0.945079190844857, 'n_estimators': 1398, 'learning_rate': 0.009524577830024613, 'max_depth': 8, 'num_leaves': 298, 'min_child_samples': 6, 'min_child_weight': 0.02174265250525697, 'subsample': 0.5751723708801431, 'colsample_bytree': 0.42375400573818023, 'reg_alpha': 0.0021779684885617945, 'reg_lambda': 0.08962816362157931}. Best is trial 21 with value: 0.03025798159015493.
[I 2025-08-03 12:18:09,161] Trial 106 finished with value: 0.03141312256607769 and parameters: {'min_abs_corr': 0.006000169273804433, 'max_pair_corr': 0.9348533808014394, 'n_estimators': 1317, 'learning_rate': 0.009504374304035463, 'max_depth': 8, 'num_leaves': 287, 'min_child_samples': 6, 'min_child_weight': 0.021729851726277248, 'subsample': 0.578559279756504, 'colsample_bytree': 0.41377231400038433, 'reg_alpha': 0.0021625441195548376, 'reg_lambda': 0.08377158585095604}. Best is trial 21 with value: 0.03025798159015493.
[I 2025-08-03 12:18:17,460] Trial 107 finished with value: 0.03154836804482018 and parameters: {'min_abs_corr': 0.005825477342266353, 'max_pair_corr': 0.9264009902103096, 'n_estimators': 1383, 'learning_rate': 0.009567783664493519, 'max_depth': 9, 'num_leaves': 266, 'min_child_samples': 6, 'min_child_weight': 0.02206649587096841, 'subsample': 0.5732965190517721, 'colsample_bytree': 0.4231968926303274, 'reg_alpha': 0.00217410051593239, 'reg_lambda': 0.09794311962054131}. Best is trial 21 with value: 0.03025798159015493.
[I 2025-08-03 12:18:24,907] Trial 108 finished with value: 0.03153459019614596 and parameters: {'min_abs_corr': 0.005959567426961958, 'max_pair_corr': 0.9208661247810109, 'n_estimators': 1500, 'learning_rate': 0.009439509938285877, 'max_depth': 8, 'num_leaves': 290, 'min_child_samples': 6, 'min_child_weight': 0.021547025570879116, 'subsample': 0.5865806551190395, 'colsample_bytree': 0.4217111135369116, 'reg_alpha': 0.0021527506871657906, 'reg_lambda': 0.08978853211620996}. Best is trial 21 with value: 0.03025798159015493.
[I 2025-08-03 12:18:32,416] Trial 109 finished with value: 0.0307453689640698 and parameters: {'min_abs_corr': 0.005925083418603357, 'max_pair_corr': 0.9543802303101591, 'n_estimators': 1237, 'learning_rate': 0.009532559911262544, 'max_depth': 8, 'num_leaves': 284, 'min_child_samples': 6, 'min_child_weight': 0.02141164859876842, 'subsample': 0.5686928475984628, 'colsample_bytree': 0.4256551587479505, 'reg_alpha': 0.002219268842299198, 'reg_lambda': 0.08717834996568528}. Best is trial 21 with value: 0.03025798159015493.
[I 2025-08-03 12:18:42,143] Trial 110 finished with value: 0.030648302601615152 and parameters: {'min_abs_corr': 0.0058548371724238355, 'max_pair_corr': 0.940425964982284, 'n_estimators': 1409, 'learning_rate': 0.00961571489362217, 'max_depth': 10, 'num_leaves': 300, 'min_child_samples': 6, 'min_child_weight': 0.02188975639457706, 'subsample': 0.556038608472536, 'colsample_bytree': 0.4177545476411427, 'reg_alpha': 0.002195996534539388, 'reg_lambda': 0.09386779137800738}. Best is trial 21 with value: 0.03025798159015493.
[I 2025-08-03 12:18:49,021] Trial 111 finished with value: 0.030496210800209478 and parameters: {'min_abs_corr': 0.00598201742476475, 'max_pair_corr': 0.9457053943409843, 'n_estimators': 1456, 'learning_rate': 0.009469086889819905, 'max_depth': 7, 'num_leaves': 296, 'min_child_samples': 6, 'min_child_weight': 0.0216937827011563, 'subsample': 0.5750086652175266, 'colsample_bytree': 0.4301353199432644, 'reg_alpha': 0.0022058257348502165, 'reg_lambda': 0.08904177587166504}. Best is trial 21 with value: 0.03025798159015493.
[I 2025-08-03 12:18:55,938] Trial 112 finished with value: 0.030572105642322288 and parameters: {'min_abs_corr': 0.0059808527338621655, 'max_pair_corr': 0.9446973874299106, 'n_estimators': 1471, 'learning_rate': 0.009395365897295576, 'max_depth': 7, 'num_leaves': 293, 'min_child_samples': 6, 'min_child_weight': 0.02177438685337182, 'subsample': 0.582312152359601, 'colsample_bytree': 0.4295438792650332, 'reg_alpha': 0.0021802952385148494, 'reg_lambda': 0.0880815879197839}. Best is trial 21 with value: 0.03025798159015493.
[I 2025-08-03 12:19:02,491] Trial 113 finished with value: 0.03054985690788855 and parameters: {'min_abs_corr': 0.006012861808901092, 'max_pair_corr': 0.9472186441222765, 'n_estimators': 1367, 'learning_rate': 0.009482667794178085, 'max_depth': 7, 'num_leaves': 298, 'min_child_samples': 6, 'min_child_weight': 0.02163503480836049, 'subsample': 0.5934509813578708, 'colsample_bytree': 0.42636190315296785, 'reg_alpha': 0.002205059521655781, 'reg_lambda': 0.09023977168537216}. Best is trial 21 with value: 0.03025798159015493.
[I 2025-08-03 12:19:10,698] Trial 114 finished with value: 0.030604789930786237 and parameters: {'min_abs_corr': 0.006013239368097462, 'max_pair_corr': 0.948348689306747, 'n_estimators': 1345, 'learning_rate': 0.009476086664676924, 'max_depth': 9, 'num_leaves': 298, 'min_child_samples': 6, 'min_child_weight': 0.021602213993952804, 'subsample': 0.5908592206935186, 'colsample_bytree': 0.4270740520043799, 'reg_alpha': 0.002130708099955704, 'reg_lambda': 0.0807658923014403}. Best is trial 21 with value: 0.03025798159015493.
[I 2025-08-03 12:19:18,714] Trial 115 finished with value: 0.030692455730860223 and parameters: {'min_abs_corr': 0.005908824014437002, 'max_pair_corr': 0.9542422993657668, 'n_estimators': 1365, 'learning_rate': 0.009550412675393277, 'max_depth': 8, 'num_leaves': 272, 'min_child_samples': 6, 'min_child_weight': 0.02170856245779222, 'subsample': 0.5965723323489137, 'colsample_bytree': 0.42486883388161195, 'reg_alpha': 0.0020819265231715556, 'reg_lambda': 0.09032685146291912}. Best is trial 21 with value: 0.03025798159015493.
[I 2025-08-03 12:19:25,557] Trial 116 finished with value: 0.030926846012817043 and parameters: {'min_abs_corr': 0.005936898897056292, 'max_pair_corr': 0.9656009487308919, 'n_estimators': 1293, 'learning_rate': 0.009487865769565475, 'max_depth': 7, 'num_leaves': 295, 'min_child_samples': 6, 'min_child_weight': 0.022124316464497928, 'subsample': 0.5741878381531773, 'colsample_bytree': 0.42129621992788274, 'reg_alpha': 0.0022232984208810404, 'reg_lambda': 0.08883290507136146}. Best is trial 21 with value: 0.03025798159015493.
[I 2025-08-03 12:19:32,086] Trial 117 finished with value: 0.03139336806491992 and parameters: {'min_abs_corr': 0.005881050544375535, 'max_pair_corr': 0.887557162966313, 'n_estimators': 1460, 'learning_rate': 0.009688689004536476, 'max_depth': 7, 'num_leaves': 291, 'min_child_samples': 6, 'min_child_weight': 0.021986591120959197, 'subsample': 0.5813702153238871, 'colsample_bytree': 0.4293796822892986, 'reg_alpha': 0.002186615140943162, 'reg_lambda': 0.09623295609560858}. Best is trial 21 with value: 0.03025798159015493.
[I 2025-08-03 12:19:41,604] Trial 118 finished with value: 0.03075705937211278 and parameters: {'min_abs_corr': 0.006003212405679965, 'max_pair_corr': 0.9597662594781169, 'n_estimators': 1398, 'learning_rate': 0.00943244321477094, 'max_depth': 9, 'num_leaves': 262, 'min_child_samples': 6, 'min_child_weight': 0.021845754589248426, 'subsample': 0.5781262877959302, 'colsample_bytree': 0.44887195461230495, 'reg_alpha': 0.0022130173789919067, 'reg_lambda': 0.09513177293729039}. Best is trial 21 with value: 0.03025798159015493.
[I 2025-08-03 12:19:51,280] Trial 119 finished with value: 0.031342567448909134 and parameters: {'min_abs_corr': 0.00602486403020786, 'max_pair_corr': 1.0096537898976026, 'n_estimators': 1478, 'learning_rate': 0.009359122875619425, 'max_depth': 8, 'num_leaves': 296, 'min_child_samples': 6, 'min_child_weight': 0.02149991705936511, 'subsample': 0.5937666951498579, 'colsample_bytree': 0.4005142875593568, 'reg_alpha': 0.002101041481180125, 'reg_lambda': 0.0927931103659821}. Best is trial 21 with value: 0.03025798159015493.
[I 2025-08-03 12:19:58,952] Trial 120 finished with value: 0.030865482275768567 and parameters: {'min_abs_corr': 0.005773537784541407, 'max_pair_corr': 0.9338830609908635, 'n_estimators': 1441, 'learning_rate': 0.009615938385168185, 'max_depth': 8, 'num_leaves': 280, 'min_child_samples': 6, 'min_child_weight': 0.02225354105898867, 'subsample': 0.5694950257959631, 'colsample_bytree': 0.3920289241258242, 'reg_alpha': 0.0021953562069199004, 'reg_lambda': 0.08623708498306744}. Best is trial 21 with value: 0.03025798159015493.
[I 2025-08-03 12:20:05,861] Trial 121 finished with value: 0.031000397694846117 and parameters: {'min_abs_corr': 0.005962090627212787, 'max_pair_corr': 0.9418685361950597, 'n_estimators': 1417, 'learning_rate': 0.009463134305881929, 'max_depth': 7, 'num_leaves': 300, 'min_child_samples': 6, 'min_child_weight': 0.02161551156174752, 'subsample': 0.585941084966686, 'colsample_bytree': 0.4235366540166601, 'reg_alpha': 0.0022074231692774293, 'reg_lambda': 0.08946634712378851}. Best is trial 21 with value: 0.03025798159015493.
[I 2025-08-03 12:20:12,547] Trial 122 finished with value: 0.03052915211247083 and parameters: {'min_abs_corr': 0.005982878177882543, 'max_pair_corr': 0.9503278777127684, 'n_estimators': 1387, 'learning_rate': 0.009512285169974164, 'max_depth': 7, 'num_leaves': 293, 'min_child_samples': 6, 'min_child_weight': 0.021442522239814226, 'subsample': 0.601882777913294, 'colsample_bytree': 0.4297268214322831, 'reg_alpha': 0.0022033092677407225, 'reg_lambda': 0.09004419747610376}. Best is trial 21 with value: 0.03025798159015493.
