[I 2025-08-03 13:35:01,749] Trial 738 finished with value: 0.030310110392870536 and parameters: {'min_abs_corr': 0.006517315104013299, 'max_pair_corr': 0.9528451521074559, 'n_estimators': 1340, 'learning_rate': 0.010566655994309735, 'max_depth': 8, 'num_leaves': 245, 'min_child_samples': 6, 'min_child_weight': 0.021862932478796084, 'subsample': 0.6317057839250058, 'colsample_bytree': 0.3838679185949719, 'reg_alpha': 0.002367148858985369, 'reg_lambda': 0.09490115382368633}. Best is trial 247 with value: 0.03012119889640085.
[I 2025-08-03 13:35:09,039] Trial 739 finished with value: 0.030377324571435292 and parameters: {'min_abs_corr': 0.006519933108192966, 'max_pair_corr': 0.9498461447674211, 'n_estimators': 1408, 'learning_rate': 0.010413276492028499, 'max_depth': 8, 'num_leaves': 255, 'min_child_samples': 6, 'min_child_weight': 0.02239562399493697, 'subsample': 0.6140866350888015, 'colsample_bytree': 0.37836895415290667, 'reg_alpha': 0.0023238267670773177, 'reg_lambda': 0.09556181792375495}. Best is trial 247 with value: 0.03012119889640085.
[I 2025-08-03 13:35:16,384] Trial 740 finished with value: 0.030155323047161474 and parameters: {'min_abs_corr': 0.0064664006727573105, 'max_pair_corr': 0.9450172380962822, 'n_estimators': 1429, 'learning_rate': 0.010484511258524804, 'max_depth': 8, 'num_leaves': 249, 'min_child_samples': 6, 'min_child_weight': 0.0220501255609447, 'subsample': 0.6290294296247639, 'colsample_bytree': 0.38125508537386543, 'reg_alpha': 0.0023513149182904348, 'reg_lambda': 0.0953844798780913}. Best is trial 247 with value: 0.03012119889640085.
[I 2025-08-03 13:35:24,003] Trial 741 finished with value: 0.03133193395377375 and parameters: {'min_abs_corr': 0.0064193346687983505, 'max_pair_corr': 0.9386794913764998, 'n_estimators': 1430, 'learning_rate': 0.010465796827230762, 'max_depth': 8, 'num_leaves': 248, 'min_child_samples': 6, 'min_child_weight': 0.022026922771603473, 'subsample': 0.6388546918672761, 'colsample_bytree': 0.3850798057578336, 'reg_alpha': 0.0023422344321528355, 'reg_lambda': 0.09508293682385303}. Best is trial 247 with value: 0.03012119889640085.
[I 2025-08-03 13:35:31,744] Trial 742 finished with value: 0.030531656252502586 and parameters: {'min_abs_corr': 0.006546124837492807, 'max_pair_corr': 0.954904317571559, 'n_estimators': 1382, 'learning_rate': 0.010524863621869012, 'max_depth': 8, 'num_leaves': 249, 'min_child_samples': 6, 'min_child_weight': 0.02232668969916131, 'subsample': 0.6262260472008515, 'colsample_bytree': 0.38227842248900884, 'reg_alpha': 0.00234444236725882, 'reg_lambda': 0.09459716035550152}. Best is trial 247 with value: 0.03012119889640085.
[I 2025-08-03 13:35:39,943] Trial 743 finished with value: 0.030422180628816055 and parameters: {'min_abs_corr': 0.006462574077529507, 'max_pair_corr': 0.9480421963819062, 'n_estimators': 1409, 'learning_rate': 0.01042268666357313, 'max_depth': 9, 'num_leaves': 246, 'min_child_samples': 6, 'min_child_weight': 0.02245299119058247, 'subsample': 0.6291370768218931, 'colsample_bytree': 0.37706098805039456, 'reg_alpha': 0.0023139719335204777, 'reg_lambda': 0.09528269439395401}. Best is trial 247 with value: 0.03012119889640085.
[I 2025-08-03 13:35:47,585] Trial 744 finished with value: 0.030813905817252962 and parameters: {'min_abs_corr': 0.00643487822122843, 'max_pair_corr': 0.9433822808758912, 'n_estimators': 1434, 'learning_rate': 0.010480232412806514, 'max_depth': 8, 'num_leaves': 245, 'min_child_samples': 6, 'min_child_weight': 0.021907897546473338, 'subsample': 0.6274293177158042, 'colsample_bytree': 0.3834873594230718, 'reg_alpha': 0.0023512109191833933, 'reg_lambda': 0.09488294657588792}. Best is trial 247 with value: 0.03012119889640085.
[I 2025-08-03 13:35:55,343] Trial 745 finished with value: 0.03067031915566526 and parameters: {'min_abs_corr': 0.006390766249376641, 'max_pair_corr': 0.9541733219856872, 'n_estimators': 1375, 'learning_rate': 0.010561393010687824, 'max_depth': 8, 'num_leaves': 248, 'min_child_samples': 6, 'min_child_weight': 0.022288192715373762, 'subsample': 0.6341593115528689, 'colsample_bytree': 0.3813959495323157, 'reg_alpha': 0.002358417959433436, 'reg_lambda': 0.09447472686444078}. Best is trial 247 with value: 0.03012119889640085.
[I 2025-08-03 13:36:02,786] Trial 746 finished with value: 0.030282234522261243 and parameters: {'min_abs_corr': 0.0064731999685701935, 'max_pair_corr': 0.9496978467420408, 'n_estimators': 1432, 'learning_rate': 0.010590423521013945, 'max_depth': 8, 'num_leaves': 250, 'min_child_samples': 6, 'min_child_weight': 0.022417092193760264, 'subsample': 0.6251633603879134, 'colsample_bytree': 0.3827831688553108, 'reg_alpha': 0.0023873755670996413, 'reg_lambda': 0.09419638393060416}. Best is trial 247 with value: 0.03012119889640085.
[I 2025-08-03 13:36:11,209] Trial 747 finished with value: 0.03142830352111954 and parameters: {'min_abs_corr': 0.006475121939211692, 'max_pair_corr': 0.9356276174966761, 'n_estimators': 1398, 'learning_rate': 0.010372502474163716, 'max_depth': 9, 'num_leaves': 244, 'min_child_samples': 6, 'min_child_weight': 0.02237454979154565, 'subsample': 0.6327693505077766, 'colsample_bytree': 0.3847369926166542, 'reg_alpha': 0.0023472783903009478, 'reg_lambda': 0.09600890768532161}. Best is trial 247 with value: 0.03012119889640085.
[I 2025-08-03 13:36:18,689] Trial 748 finished with value: 0.030263072839065153 and parameters: {'min_abs_corr': 0.006551610243214818, 'max_pair_corr': 0.9461837282517569, 'n_estimators': 1434, 'learning_rate': 0.010456611916771727, 'max_depth': 8, 'num_leaves': 247, 'min_child_samples': 6, 'min_child_weight': 0.0222281711185539, 'subsample': 0.6302883487829438, 'colsample_bytree': 0.38086815224498777, 'reg_alpha': 0.0023918256034038262, 'reg_lambda': 0.09486177275798813}. Best is trial 247 with value: 0.03012119889640085.
[I 2025-08-03 13:36:25,925] Trial 749 finished with value: 0.0310591987674895 and parameters: {'min_abs_corr': 0.0065233230809796225, 'max_pair_corr': 0.9407779364271228, 'n_estimators': 1349, 'learning_rate': 0.010524823246329288, 'max_depth': 8, 'num_leaves': 243, 'min_child_samples': 6, 'min_child_weight': 0.022072306248806888, 'subsample': 0.6122866196561604, 'colsample_bytree': 0.3787419747938793, 'reg_alpha': 0.0023603300149126504, 'reg_lambda': 0.09402713139180785}. Best is trial 247 with value: 0.03012119889640085.
[I 2025-08-03 13:36:34,117] Trial 750 finished with value: 0.030653148212182558 and parameters: {'min_abs_corr': 0.00647520384254414, 'max_pair_corr': 0.9846575843703539, 'n_estimators': 1384, 'learning_rate': 0.010541373325154122, 'max_depth': 8, 'num_leaves': 246, 'min_child_samples': 6, 'min_child_weight': 0.02247536809318953, 'subsample': 0.6283456958557854, 'colsample_bytree': 0.38150354989238444, 'reg_alpha': 0.0023813986568054744, 'reg_lambda': 0.09419081803897726}. Best is trial 247 with value: 0.03012119889640085.
[I 2025-08-03 13:36:42,017] Trial 751 finished with value: 0.03056012118873187 and parameters: {'min_abs_corr': 0.006562726234483847, 'max_pair_corr': 0.9557737505272638, 'n_estimators': 1412, 'learning_rate': 0.010488506623481242, 'max_depth': 8, 'num_leaves': 219, 'min_child_samples': 6, 'min_child_weight': 0.02229408788532051, 'subsample': 0.6263585273280174, 'colsample_bytree': 0.37961263605390333, 'reg_alpha': 0.0023749317564485087, 'reg_lambda': 0.09380213384159368}. Best is trial 247 with value: 0.03012119889640085.
[I 2025-08-03 13:36:46,075] Trial 752 finished with value: 0.031185021289578542 and parameters: {'min_abs_corr': 0.006498075344570158, 'max_pair_corr': 0.9510863009389505, 'n_estimators': 1440, 'learning_rate': 0.01039526441324154, 'max_depth': 4, 'num_leaves': 250, 'min_child_samples': 6, 'min_child_weight': 0.02245673103215063, 'subsample': 0.6373837485558904, 'colsample_bytree': 0.38342421520309744, 'reg_alpha': 0.002335157419976351, 'reg_lambda': 0.09621768705271506}. Best is trial 247 with value: 0.03012119889640085.
[I 2025-08-03 13:36:55,210] Trial 753 finished with value: 0.030970714032832036 and parameters: {'min_abs_corr': 0.0065441322566114, 'max_pair_corr': 0.9996155477030026, 'n_estimators': 1365, 'learning_rate': 0.010577082579736023, 'max_depth': 8, 'num_leaves': 243, 'min_child_samples': 6, 'min_child_weight': 0.02217165799418493, 'subsample': 0.6140018545025848, 'colsample_bytree': 0.3771258160919135, 'reg_alpha': 0.0022992737234421206, 'reg_lambda': 0.09533132768415382}. Best is trial 247 with value: 0.03012119889640085.
[I 2025-08-03 13:37:03,688] Trial 754 finished with value: 0.031168539848659627 and parameters: {'min_abs_corr': 0.0064460401140074616, 'max_pair_corr': 0.9433640043841666, 'n_estimators': 1404, 'learning_rate': 0.010459089153578651, 'max_depth': 9, 'num_leaves': 248, 'min_child_samples': 6, 'min_child_weight': 0.022355445068613373, 'subsample': 0.6322354941374994, 'colsample_bytree': 0.3811690767621442, 'reg_alpha': 0.002390852614463557, 'reg_lambda': 0.0957250091640329}. Best is trial 247 with value: 0.03012119889640085.
[I 2025-08-03 13:37:11,106] Trial 755 finished with value: 0.030313706080312086 and parameters: {'min_abs_corr': 0.006525373532672807, 'max_pair_corr': 0.947601728720835, 'n_estimators': 1438, 'learning_rate': 0.01049965970476894, 'max_depth': 8, 'num_leaves': 245, 'min_child_samples': 6, 'min_child_weight': 0.022470739944754604, 'subsample': 0.6200509874359149, 'colsample_bytree': 0.3848621457566483, 'reg_alpha': 0.002322778870661526, 'reg_lambda': 0.09477333903422987}. Best is trial 247 with value: 0.03012119889640085.
[I 2025-08-03 13:37:18,106] Trial 756 finished with value: 0.03147272673260006 and parameters: {'min_abs_corr': 0.00657020904906227, 'max_pair_corr': 0.9032023427250027, 'n_estimators': 1393, 'learning_rate': 0.010437380773415605, 'max_depth': 8, 'num_leaves': 246, 'min_child_samples': 6, 'min_child_weight': 0.022259147765332808, 'subsample': 0.6343681304766245, 'colsample_bytree': 0.37956499534699856, 'reg_alpha': 0.002394458711656437, 'reg_lambda': 0.09437067197044213}. Best is trial 247 with value: 0.03012119889640085.
[I 2025-08-03 13:37:25,521] Trial 757 finished with value: 0.030174959385196553 and parameters: {'min_abs_corr': 0.006412093954651576, 'max_pair_corr': 0.9528522476741947, 'n_estimators': 1429, 'learning_rate': 0.010537348821007028, 'max_depth': 8, 'num_leaves': 251, 'min_child_samples': 6, 'min_child_weight': 0.022435914613416687, 'subsample': 0.627421662549211, 'colsample_bytree': 0.38291399918226243, 'reg_alpha': 0.002348325044900665, 'reg_lambda': 0.09467067536399493}. Best is trial 247 with value: 0.03012119889640085.
[I 2025-08-03 13:37:32,579] Trial 758 finished with value: 0.03167627082940318 and parameters: {'min_abs_corr': 0.0063783847718889885, 'max_pair_corr': 0.8857900284084861, 'n_estimators': 1433, 'learning_rate': 0.01059224914808879, 'max_depth': 8, 'num_leaves': 250, 'min_child_samples': 6, 'min_child_weight': 0.022496189647171455, 'subsample': 0.6233890250232903, 'colsample_bytree': 0.38448034570947665, 'reg_alpha': 0.002341775965643739, 'reg_lambda': 0.09499060322296958}. Best is trial 247 with value: 0.03012119889640085.
[I 2025-08-03 13:37:37,553] Trial 759 finished with value: 0.03133151082822509 and parameters: {'min_abs_corr': 0.006422640751767946, 'max_pair_corr': 0.9587943027192479, 'n_estimators': 744, 'learning_rate': 0.010546120174163119, 'max_depth': 8, 'num_leaves': 244, 'min_child_samples': 6, 'min_child_weight': 0.022413846537840388, 'subsample': 0.627431013706026, 'colsample_bytree': 0.38561215226405976, 'reg_alpha': 0.0023487145371712567, 'reg_lambda': 0.09501593799479502}. Best is trial 247 with value: 0.03012119889640085.
[I 2025-08-03 13:37:45,213] Trial 760 finished with value: 0.03067573872747803 and parameters: {'min_abs_corr': 0.006323753884191501, 'max_pair_corr': 0.9564723888268857, 'n_estimators': 1337, 'learning_rate': 0.010589308681490783, 'max_depth': 8, 'num_leaves': 252, 'min_child_samples': 6, 'min_child_weight': 0.022542742264905918, 'subsample': 0.6159211767137541, 'colsample_bytree': 0.3829261630478177, 'reg_alpha': 0.0023496696846934517, 'reg_lambda': 0.08939963381577737}. Best is trial 247 with value: 0.03012119889640085.
[I 2025-08-03 13:37:53,332] Trial 761 finished with value: 0.030349223239598905 and parameters: {'min_abs_corr': 0.006358466182075041, 'max_pair_corr': 0.9533854193252663, 'n_estimators': 1379, 'learning_rate': 0.010544667775555414, 'max_depth': 9, 'num_leaves': 254, 'min_child_samples': 6, 'min_child_weight': 0.02253529460397572, 'subsample': 0.62509259353695, 'colsample_bytree': 0.38245742154129636, 'reg_alpha': 0.002354518863024263, 'reg_lambda': 0.09535432675739317}. Best is trial 247 with value: 0.03012119889640085.
[I 2025-08-03 13:38:01,621] Trial 762 finished with value: 0.030734469719692847 and parameters: {'min_abs_corr': 0.006393270440884642, 'max_pair_corr': 0.957586583255061, 'n_estimators': 1410, 'learning_rate': 0.00884276668759198, 'max_depth': 8, 'num_leaves': 242, 'min_child_samples': 6, 'min_child_weight': 0.022413649466198605, 'subsample': 0.6220541207745701, 'colsample_bytree': 0.3832843911129911, 'reg_alpha': 0.002397306935374426, 'reg_lambda': 0.09532335884576902}. Best is trial 247 with value: 0.03012119889640085.
[I 2025-08-03 13:38:09,341] Trial 763 finished with value: 0.030530623506019077 and parameters: {'min_abs_corr': 0.006481752161711519, 'max_pair_corr': 0.9524000169852874, 'n_estimators': 1437, 'learning_rate': 0.010599747523035576, 'max_depth': 8, 'num_leaves': 248, 'min_child_samples': 6, 'min_child_weight': 0.02254916410969568, 'subsample': 0.6281455631705931, 'colsample_bytree': 0.42045591538779675, 'reg_alpha': 0.0023931487784273116, 'reg_lambda': 0.09387615575090201}. Best is trial 247 with value: 0.03012119889640085.
[I 2025-08-03 13:38:14,444] Trial 764 finished with value: 0.030710424477086433 and parameters: {'min_abs_corr': 0.006467812933830542, 'max_pair_corr': 0.9508902456379006, 'n_estimators': 855, 'learning_rate': 0.01049051252318737, 'max_depth': 8, 'num_leaves': 252, 'min_child_samples': 6, 'min_child_weight': 0.022441646092819748, 'subsample': 0.6243643328591737, 'colsample_bytree': 0.38596625223805436, 'reg_alpha': 0.0023302969369672546, 'reg_lambda': 0.08974706046664316}. Best is trial 247 with value: 0.03012119889640085.
[I 2025-08-03 13:38:22,348] Trial 765 finished with value: 0.03058788706772204 and parameters: {'min_abs_corr': 0.006441965854592955, 'max_pair_corr': 0.9550449654988439, 'n_estimators': 1410, 'learning_rate': 0.010533451333127478, 'max_depth': 8, 'num_leaves': 243, 'min_child_samples': 6, 'min_child_weight': 0.022344021716185814, 'subsample': 0.6171906574183209, 'colsample_bytree': 0.37920660738133827, 'reg_alpha': 0.0023999580613336792, 'reg_lambda': 0.09572010082409099}. Best is trial 247 with value: 0.03012119889640085.
[I 2025-08-03 13:38:30,305] Trial 766 finished with value: 0.030377286490810958 and parameters: {'min_abs_corr': 0.006575146996911635, 'max_pair_corr': 0.9499652440580941, 'n_estimators': 1359, 'learning_rate': 0.010377321425943664, 'max_depth': 9, 'num_leaves': 246, 'min_child_samples': 6, 'min_child_weight': 0.022207918679803717, 'subsample': 0.6256525959700269, 'colsample_bytree': 0.38206978555355314, 'reg_alpha': 0.0023855808669113413, 'reg_lambda': 0.09455182547648645}. Best is trial 247 with value: 0.03012119889640085.
[I 2025-08-03 13:38:38,274] Trial 767 finished with value: 0.03077731623538275 and parameters: {'min_abs_corr': 0.006412657777768045, 'max_pair_corr': 0.9587229937705407, 'n_estimators': 1439, 'learning_rate': 0.010417052787790763, 'max_depth': 8, 'num_leaves': 205, 'min_child_samples': 6, 'min_child_weight': 0.02256561228657032, 'subsample': 0.6287779231060104, 'colsample_bytree': 0.38094829349734527, 'reg_alpha': 0.002358063765435769, 'reg_lambda': 0.08991816532874194}. Best is trial 247 with value: 0.03012119889640085.
[I 2025-08-03 13:38:45,448] Trial 768 finished with value: 0.030357261190541395 and parameters: {'min_abs_corr': 0.006447489852813246, 'max_pair_corr': 0.9528818404147296, 'n_estimators': 1387, 'learning_rate': 0.010570729572564557, 'max_depth': 8, 'num_leaves': 251, 'min_child_samples': 6, 'min_child_weight': 0.022017249515934846, 'subsample': 0.6350243359669406, 'colsample_bytree': 0.3770812805861787, 'reg_alpha': 0.0022680232261432154, 'reg_lambda': 0.0952748061593835}. Best is trial 247 with value: 0.03012119889640085.
[I 2025-08-03 13:38:52,793] Trial 769 finished with value: 0.030282181234202427 and parameters: {'min_abs_corr': 0.006549943540313838, 'max_pair_corr': 0.9490249947633295, 'n_estimators': 1439, 'learning_rate': 0.010628050955042897, 'max_depth': 8, 'num_leaves': 250, 'min_child_samples': 6, 'min_child_weight': 0.022470666990388827, 'subsample': 0.6192247901903308, 'colsample_bytree': 0.38399126699897035, 'reg_alpha': 0.0023994638712657715, 'reg_lambda': 0.09484243930910208}. Best is trial 247 with value: 0.03012119889640085.
[I 2025-08-03 13:39:00,626] Trial 770 finished with value: 0.0305474904777711 and parameters: {'min_abs_corr': 0.0065790053886918345, 'max_pair_corr': 0.9557320537246029, 'n_estimators': 1407, 'learning_rate': 0.010467042748744427, 'max_depth': 8, 'num_leaves': 244, 'min_child_samples': 6, 'min_child_weight': 0.022363745323268267, 'subsample': 0.6318040368810737, 'colsample_bytree': 0.37861278182584146, 'reg_alpha': 0.0023407065352398573, 'reg_lambda': 0.09020289487663316}. Best is trial 247 with value: 0.03012119889640085.
[I 2025-08-03 13:39:07,506] Trial 771 finished with value: 0.0303078727026605 and parameters: {'min_abs_corr': 0.006526965320808322, 'max_pair_corr': 0.9470295979034149, 'n_estimators': 1324, 'learning_rate': 0.010518853853578206, 'max_depth': 8, 'num_leaves': 246, 'min_child_samples': 6, 'min_child_weight': 0.02210156540688721, 'subsample': 0.6226688904390605, 'colsample_bytree': 0.380316392310075, 'reg_alpha': 0.0023326712722525266, 'reg_lambda': 0.09440420622336808}. Best is trial 247 with value: 0.03012119889640085.
[I 2025-08-03 13:39:15,262] Trial 772 finished with value: 0.030340754084954152 and parameters: {'min_abs_corr': 0.0064234324707770464, 'max_pair_corr': 0.9621085706390444, 'n_estimators': 1376, 'learning_rate': 0.010441183518618698, 'max_depth': 8, 'num_leaves': 249, 'min_child_samples': 6, 'min_child_weight': 0.02227245753472631, 'subsample': 0.6291011853494644, 'colsample_bytree': 0.3823244117487003, 'reg_alpha': 0.0023842400621169814, 'reg_lambda': 0.09048648781061472}. Best is trial 247 with value: 0.03012119889640085.
[I 2025-08-03 13:39:23,479] Trial 773 finished with value: 0.030364027242382054 and parameters: {'min_abs_corr': 0.0065554091043593795, 'max_pair_corr': 0.9526016378358546, 'n_estimators': 1420, 'learning_rate': 0.010557129380499256, 'max_depth': 9, 'num_leaves': 242, 'min_child_samples': 6, 'min_child_weight': 0.022452400976044864, 'subsample': 0.6197142222350845, 'colsample_bytree': 0.3801022376800124, 'reg_alpha': 0.002399542152556933, 'reg_lambda': 0.08926361934682187}. Best is trial 247 with value: 0.03012119889640085.
[I 2025-08-03 13:39:28,528] Trial 774 finished with value: 0.03142243880893677 and parameters: {'min_abs_corr': 0.006582817809086873, 'max_pair_corr': 0.9425084084503798, 'n_estimators': 802, 'learning_rate': 0.010485976059160674, 'max_depth': 8, 'num_leaves': 247, 'min_child_samples': 6, 'min_child_weight': 0.022583555006086227, 'subsample': 0.6122470814780461, 'colsample_bytree': 0.38427124595515527, 'reg_alpha': 0.0023905067706558782, 'reg_lambda': 0.0937464209427441}. Best is trial 247 with value: 0.03012119889640085.
[I 2025-08-03 13:39:35,913] Trial 775 finished with value: 0.03036388253975511 and parameters: {'min_abs_corr': 0.006281232060714018, 'max_pair_corr': 0.9487686563556634, 'n_estimators': 1445, 'learning_rate': 0.010621045934199293, 'max_depth': 8, 'num_leaves': 242, 'min_child_samples': 6, 'min_child_weight': 0.022385553555309235, 'subsample': 0.6331925993913917, 'colsample_bytree': 0.37854734271082585, 'reg_alpha': 0.0024050974712149223, 'reg_lambda': 0.09500551868346817}. Best is trial 247 with value: 0.03012119889640085.
[I 2025-08-03 13:39:43,627] Trial 776 finished with value: 0.030613517652803596 and parameters: {'min_abs_corr': 0.006485705374105555, 'max_pair_corr': 0.9580091782225957, 'n_estimators': 1353, 'learning_rate': 0.010514606665259657, 'max_depth': 8, 'num_leaves': 245, 'min_child_samples': 6, 'min_child_weight': 0.022289977823715234, 'subsample': 0.6373515760044466, 'colsample_bytree': 0.38206105464997536, 'reg_alpha': 0.002347478764679586, 'reg_lambda': 0.09571269295958891}. Best is trial 247 with value: 0.03012119889640085.
[I 2025-08-03 13:39:51,045] Trial 777 finished with value: 0.031289472115290394 and parameters: {'min_abs_corr': 0.006507491809680421, 'max_pair_corr': 0.9383207119799236, 'n_estimators': 1390, 'learning_rate': 0.010576016003381258, 'max_depth': 8, 'num_leaves': 249, 'min_child_samples': 6, 'min_child_weight': 0.022183252977599075, 'subsample': 0.6260933490956047, 'colsample_bytree': 0.38053378836982554, 'reg_alpha': 0.002405518065891792, 'reg_lambda': 0.08978855894952148}. Best is trial 247 with value: 0.03012119889640085.
[I 2025-08-03 13:39:58,316] Trial 778 finished with value: 0.03030009663810161 and parameters: {'min_abs_corr': 0.0065471639497308625, 'max_pair_corr': 0.9454383105286458, 'n_estimators': 1407, 'learning_rate': 0.01040860149987344, 'max_depth': 8, 'num_leaves': 247, 'min_child_samples': 6, 'min_child_weight': 0.022505309166049724, 'subsample': 0.6165087431712193, 'colsample_bytree': 0.38546856981582334, 'reg_alpha': 0.00237525899885529, 'reg_lambda': 0.09470764582082046}. Best is trial 247 with value: 0.03012119889640085.
