[I 2025-08-03 12:44:52,351] Trial 328 finished with value: 0.030311802311204106 and parameters: {'min_abs_corr': 0.0066301290185827935, 'max_pair_corr': 0.9524538595777315, 'n_estimators': 1370, 'learning_rate': 0.010629054096882116, 'max_depth': 8, 'num_leaves': 274, 'min_child_samples': 6, 'min_child_weight': 0.022200419985315356, 'subsample': 0.5923183747273156, 'colsample_bytree': 0.38402956616344264, 'reg_alpha': 0.0023795669578275955, 'reg_lambda': 0.0868178674464264}. Best is trial 247 with value: 0.03012119889640085.
[I 2025-08-03 12:44:59,360] Trial 329 finished with value: 0.03044113969905878 and parameters: {'min_abs_corr': 0.006696072006769124, 'max_pair_corr': 0.9504945656449166, 'n_estimators': 1357, 'learning_rate': 0.010634826451188184, 'max_depth': 8, 'num_leaves': 279, 'min_child_samples': 6, 'min_child_weight': 0.022088653184759634, 'subsample': 0.591261195851562, 'colsample_bytree': 0.37712462586135076, 'reg_alpha': 0.0024236424285165596, 'reg_lambda': 0.08700726207745813}. Best is trial 247 with value: 0.03012119889640085.
[I 2025-08-03 12:45:07,523] Trial 330 finished with value: 0.03150545330178393 and parameters: {'min_abs_corr': 0.006646898804933246, 'max_pair_corr': 0.9363387384020945, 'n_estimators': 1367, 'learning_rate': 0.010594535499455911, 'max_depth': 9, 'num_leaves': 271, 'min_child_samples': 6, 'min_child_weight': 0.022176501926625326, 'subsample': 0.5987818805413415, 'colsample_bytree': 0.3851018788201452, 'reg_alpha': 0.0023749729768537124, 'reg_lambda': 0.08557852974488928}. Best is trial 247 with value: 0.03012119889640085.
[I 2025-08-03 12:45:14,416] Trial 331 finished with value: 0.030290007863858725 and parameters: {'min_abs_corr': 0.006620623670150658, 'max_pair_corr': 0.9442929090476594, 'n_estimators': 1387, 'learning_rate': 0.010664261759385256, 'max_depth': 8, 'num_leaves': 282, 'min_child_samples': 6, 'min_child_weight': 0.022240849093852346, 'subsample': 0.585238134247221, 'colsample_bytree': 0.3793115400036768, 'reg_alpha': 0.0024109394081127103, 'reg_lambda': 0.08717012250028024}. Best is trial 247 with value: 0.03012119889640085.
[I 2025-08-03 12:45:21,665] Trial 332 finished with value: 0.030940487308990506 and parameters: {'min_abs_corr': 0.006629141063675716, 'max_pair_corr': 0.9411224285757679, 'n_estimators': 1375, 'learning_rate': 0.010656711337478166, 'max_depth': 8, 'num_leaves': 275, 'min_child_samples': 6, 'min_child_weight': 0.022224052187305457, 'subsample': 0.5886573956005572, 'colsample_bytree': 0.3869595223909245, 'reg_alpha': 0.0023883108787318354, 'reg_lambda': 0.08709433065624979}. Best is trial 247 with value: 0.03012119889640085.
[I 2025-08-03 12:45:28,758] Trial 333 finished with value: 0.030295056933676547 and parameters: {'min_abs_corr': 0.006622179940899228, 'max_pair_corr': 0.9454726701409609, 'n_estimators': 1385, 'learning_rate': 0.010663686929669684, 'max_depth': 8, 'num_leaves': 277, 'min_child_samples': 6, 'min_child_weight': 0.022106375129126533, 'subsample': 0.5880631990567691, 'colsample_bytree': 0.38132374061744995, 'reg_alpha': 0.002405118669620359, 'reg_lambda': 0.08780795612749429}. Best is trial 247 with value: 0.03012119889640085.
[I 2025-08-03 12:45:35,760] Trial 334 finished with value: 0.030332735877987387 and parameters: {'min_abs_corr': 0.006665364661835469, 'max_pair_corr': 0.9446379215518506, 'n_estimators': 1357, 'learning_rate': 0.01065592624375684, 'max_depth': 8, 'num_leaves': 281, 'min_child_samples': 6, 'min_child_weight': 0.02208901056961191, 'subsample': 0.5837850307451625, 'colsample_bytree': 0.38130990644529467, 'reg_alpha': 0.0020435391173022994, 'reg_lambda': 0.0874779327103093}. Best is trial 247 with value: 0.03012119889640085.
[I 2025-08-03 12:45:42,870] Trial 335 finished with value: 0.03129046974006217 and parameters: {'min_abs_corr': 0.006628382373603183, 'max_pair_corr': 0.9347927343791792, 'n_estimators': 1345, 'learning_rate': 0.010662995319517601, 'max_depth': 8, 'num_leaves': 277, 'min_child_samples': 6, 'min_child_weight': 0.02195990047087354, 'subsample': 0.587630066859116, 'colsample_bytree': 0.3798806197547958, 'reg_alpha': 0.002408180305277206, 'reg_lambda': 0.08798036666984556}. Best is trial 247 with value: 0.03012119889640085.
[I 2025-08-03 12:45:50,232] Trial 336 finished with value: 0.03101323436145127 and parameters: {'min_abs_corr': 0.006604617419544389, 'max_pair_corr': 0.9311302366357399, 'n_estimators': 1389, 'learning_rate': 0.010638004930757151, 'max_depth': 8, 'num_leaves': 279, 'min_child_samples': 6, 'min_child_weight': 0.022158302127265158, 'subsample': 0.5828563388108009, 'colsample_bytree': 0.3785922597865644, 'reg_alpha': 0.002409422698038078, 'reg_lambda': 0.08672932194550866}. Best is trial 247 with value: 0.03012119889640085.
[I 2025-08-03 12:45:57,402] Trial 337 finished with value: 0.031017352832339383 and parameters: {'min_abs_corr': 0.006617845583385508, 'max_pair_corr': 0.942926075422331, 'n_estimators': 1391, 'learning_rate': 0.010610414013154365, 'max_depth': 8, 'num_leaves': 277, 'min_child_samples': 6, 'min_child_weight': 0.022057358398624258, 'subsample': 0.5897898936540913, 'colsample_bytree': 0.3819848213189474, 'reg_alpha': 0.002399550864536152, 'reg_lambda': 0.08796826337892419}. Best is trial 247 with value: 0.03012119889640085.
[I 2025-08-03 12:46:06,044] Trial 338 finished with value: 0.030630947371292443 and parameters: {'min_abs_corr': 0.006639516409240419, 'max_pair_corr': 0.9463170118296794, 'n_estimators': 1404, 'learning_rate': 0.010583127139064796, 'max_depth': 9, 'num_leaves': 281, 'min_child_samples': 6, 'min_child_weight': 0.02219028759140876, 'subsample': 0.5868326154261482, 'colsample_bytree': 0.45304412613466183, 'reg_alpha': 0.002443898430631852, 'reg_lambda': 0.08771015846512546}. Best is trial 247 with value: 0.03012119889640085.
[I 2025-08-03 12:46:13,409] Trial 339 finished with value: 0.031319416612283 and parameters: {'min_abs_corr': 0.006669332713193595, 'max_pair_corr': 0.9383824490420783, 'n_estimators': 1365, 'learning_rate': 0.010624176228960823, 'max_depth': 8, 'num_leaves': 275, 'min_child_samples': 6, 'min_child_weight': 0.02226188194466237, 'subsample': 0.5858351728379396, 'colsample_bytree': 0.38345334116217367, 'reg_alpha': 0.002413474623617018, 'reg_lambda': 0.0863201475593275}. Best is trial 247 with value: 0.03012119889640085.
[I 2025-08-03 12:46:21,501] Trial 340 finished with value: 0.0303379958959063 and parameters: {'min_abs_corr': 0.006602664292072242, 'max_pair_corr': 0.951298421929081, 'n_estimators': 1401, 'learning_rate': 0.010666343281288597, 'max_depth': 9, 'num_leaves': 278, 'min_child_samples': 6, 'min_child_weight': 0.021989599562552444, 'subsample': 0.5847100789122919, 'colsample_bytree': 0.3802438841497891, 'reg_alpha': 0.0024308589590656556, 'reg_lambda': 0.0870041508750354}. Best is trial 247 with value: 0.03012119889640085.
[I 2025-08-03 12:46:26,193] Trial 341 finished with value: 0.03075989362263552 and parameters: {'min_abs_corr': 0.0065458936783679075, 'max_pair_corr': 0.9473745237747593, 'n_estimators': 784, 'learning_rate': 0.010570712276343189, 'max_depth': 8, 'num_leaves': 273, 'min_child_samples': 6, 'min_child_weight': 0.022327853092402396, 'subsample': 0.5915931788946345, 'colsample_bytree': 0.3817164197538882, 'reg_alpha': 0.002392895234557743, 'reg_lambda': 0.08610487985991788}. Best is trial 247 with value: 0.03012119889640085.
[I 2025-08-03 12:46:33,386] Trial 342 finished with value: 0.031093310180574478 and parameters: {'min_abs_corr': 0.006592852228086408, 'max_pair_corr': 0.9401762691348892, 'n_estimators': 1333, 'learning_rate': 0.010547881375433818, 'max_depth': 8, 'num_leaves': 276, 'min_child_samples': 6, 'min_child_weight': 0.022139669867784546, 'subsample': 0.5851273321506664, 'colsample_bytree': 0.37851345489724836, 'reg_alpha': 0.0024198255285401205, 'reg_lambda': 0.08442538502634488}. Best is trial 247 with value: 0.03012119889640085.
[I 2025-08-03 12:46:41,292] Trial 343 finished with value: 0.03064157959267203 and parameters: {'min_abs_corr': 0.006628980717572642, 'max_pair_corr': 0.9539064681403113, 'n_estimators': 1416, 'learning_rate': 0.010618146725903518, 'max_depth': 8, 'num_leaves': 279, 'min_child_samples': 6, 'min_child_weight': 0.02236577446145915, 'subsample': 0.5884295038020064, 'colsample_bytree': 0.38336418014013884, 'reg_alpha': 0.002402583086839261, 'reg_lambda': 0.08660928426956906}. Best is trial 247 with value: 0.03012119889640085.
[I 2025-08-03 12:46:48,424] Trial 344 finished with value: 0.03024422188872784 and parameters: {'min_abs_corr': 0.00665610641736454, 'max_pair_corr': 0.9503556192764273, 'n_estimators': 1386, 'learning_rate': 0.010486816804333134, 'max_depth': 8, 'num_leaves': 282, 'min_child_samples': 6, 'min_child_weight': 0.022229644694895037, 'subsample': 0.5929065035572337, 'colsample_bytree': 0.3798450839858336, 'reg_alpha': 0.002411776610856564, 'reg_lambda': 0.0877754635523321}. Best is trial 247 with value: 0.03012119889640085.
[I 2025-08-03 12:46:55,477] Trial 345 finished with value: 0.030366911966758992 and parameters: {'min_abs_corr': 0.0066663698925990495, 'max_pair_corr': 0.9441342871990579, 'n_estimators': 1354, 'learning_rate': 0.010420564071976198, 'max_depth': 8, 'num_leaves': 283, 'min_child_samples': 6, 'min_child_weight': 0.022083769872084266, 'subsample': 0.5918789688062196, 'colsample_bytree': 0.37712612250431926, 'reg_alpha': 0.0021632207745459, 'reg_lambda': 0.08754932563326755}. Best is trial 247 with value: 0.03012119889640085.
[I 2025-08-03 12:47:02,560] Trial 346 finished with value: 0.030276571806304414 and parameters: {'min_abs_corr': 0.006706366134983911, 'max_pair_corr': 0.9462273498849327, 'n_estimators': 1370, 'learning_rate': 0.010462217805323247, 'max_depth': 8, 'num_leaves': 286, 'min_child_samples': 6, 'min_child_weight': 0.022223351792469915, 'subsample': 0.5898243481111556, 'colsample_bytree': 0.379965634364239, 'reg_alpha': 0.002189587831719526, 'reg_lambda': 0.08727697543763409}. Best is trial 247 with value: 0.03012119889640085.
[I 2025-08-03 12:47:10,080] Trial 347 finished with value: 0.03070004461479592 and parameters: {'min_abs_corr': 0.006748741970832711, 'max_pair_corr': 0.94792653892142, 'n_estimators': 1312, 'learning_rate': 0.010380096620822524, 'max_depth': 8, 'num_leaves': 287, 'min_child_samples': 5, 'min_child_weight': 0.02222691060117822, 'subsample': 0.590274432008232, 'colsample_bytree': 0.3792821649564408, 'reg_alpha': 0.0024108162569527066, 'reg_lambda': 0.08721427266753252}. Best is trial 247 with value: 0.03012119889640085.
[I 2025-08-03 12:47:18,087] Trial 348 finished with value: 0.031217503807408887 and parameters: {'min_abs_corr': 0.006690184895944835, 'max_pair_corr': 0.896006436583343, 'n_estimators': 1372, 'learning_rate': 0.010471193557932449, 'max_depth': 9, 'num_leaves': 285, 'min_child_samples': 6, 'min_child_weight': 0.022250898223674834, 'subsample': 0.5869172174889224, 'colsample_bytree': 0.3814766489503561, 'reg_alpha': 0.0021911948579002635, 'reg_lambda': 0.0877178980841882}. Best is trial 247 with value: 0.03012119889640085.
[I 2025-08-03 12:47:25,350] Trial 349 finished with value: 0.030752184680128573 and parameters: {'min_abs_corr': 0.006712702175605929, 'max_pair_corr': 0.942407575938212, 'n_estimators': 1336, 'learning_rate': 0.010305963497696826, 'max_depth': 8, 'num_leaves': 286, 'min_child_samples': 6, 'min_child_weight': 0.022302251173284996, 'subsample': 0.5928382370266224, 'colsample_bytree': 0.3801755265964345, 'reg_alpha': 0.00218376140582035, 'reg_lambda': 0.08720006637875641}. Best is trial 247 with value: 0.03012119889640085.
[I 2025-08-03 12:47:32,536] Trial 350 finished with value: 0.030310555867107764 and parameters: {'min_abs_corr': 0.006654710017017867, 'max_pair_corr': 0.9497963740700056, 'n_estimators': 1372, 'learning_rate': 0.010439233782044286, 'max_depth': 8, 'num_leaves': 281, 'min_child_samples': 6, 'min_child_weight': 0.022196048877265357, 'subsample': 0.5892222252510347, 'colsample_bytree': 0.3824290289890088, 'reg_alpha': 0.002174068671168876, 'reg_lambda': 0.08181907859132868}. Best is trial 247 with value: 0.03012119889640085.
[I 2025-08-03 12:47:39,623] Trial 351 finished with value: 0.030388028800382445 and parameters: {'min_abs_corr': 0.006686390058161833, 'max_pair_corr': 0.9486651963354885, 'n_estimators': 1373, 'learning_rate': 0.010472019110600124, 'max_depth': 8, 'num_leaves': 281, 'min_child_samples': 6, 'min_child_weight': 0.022412824280487215, 'subsample': 0.5890711518407632, 'colsample_bytree': 0.3855708042895004, 'reg_alpha': 0.002151283478444661, 'reg_lambda': 0.08151661750643206}. Best is trial 247 with value: 0.03012119889640085.
[I 2025-08-03 12:47:46,577] Trial 352 finished with value: 0.030343765334361915 and parameters: {'min_abs_corr': 0.006650361749842463, 'max_pair_corr': 0.9444940890978456, 'n_estimators': 1344, 'learning_rate': 0.010425292018304359, 'max_depth': 8, 'num_leaves': 284, 'min_child_samples': 6, 'min_child_weight': 0.022212423897386722, 'subsample': 0.5850535921927342, 'colsample_bytree': 0.38377620015081254, 'reg_alpha': 0.002182952546137801, 'reg_lambda': 0.08109042028882212}. Best is trial 247 with value: 0.03012119889640085.
[I 2025-08-03 12:47:54,546] Trial 353 finished with value: 0.030255309297413775 and parameters: {'min_abs_corr': 0.0066456582529755, 'max_pair_corr': 0.9506740742846838, 'n_estimators': 1377, 'learning_rate': 0.010482507389726005, 'max_depth': 9, 'num_leaves': 274, 'min_child_samples': 6, 'min_child_weight': 0.022306994543738832, 'subsample': 0.5816686157863685, 'colsample_bytree': 0.382150514781033, 'reg_alpha': 0.002167017832911859, 'reg_lambda': 0.08271103549125866}. Best is trial 247 with value: 0.03012119889640085.
[I 2025-08-03 12:48:03,450] Trial 354 finished with value: 0.03158845131212532 and parameters: {'min_abs_corr': 0.006658467404384027, 'max_pair_corr': 0.9379305407098605, 'n_estimators': 1385, 'learning_rate': 0.010427129668326839, 'max_depth': 9, 'num_leaves': 277, 'min_child_samples': 6, 'min_child_weight': 0.022341444775170107, 'subsample': 0.586093762613158, 'colsample_bytree': 0.459429491985477, 'reg_alpha': 0.0021649268001469875, 'reg_lambda': 0.08230675406752716}. Best is trial 247 with value: 0.03012119889640085.
[I 2025-08-03 12:48:12,330] Trial 355 finished with value: 0.030406795685515187 and parameters: {'min_abs_corr': 0.006702120967890463, 'max_pair_corr': 0.9486962449392103, 'n_estimators': 1392, 'learning_rate': 0.010481472066230076, 'max_depth': 10, 'num_leaves': 282, 'min_child_samples': 6, 'min_child_weight': 0.02245367511098621, 'subsample': 0.5818174971969652, 'colsample_bytree': 0.3822917411466809, 'reg_alpha': 0.002156646442031946, 'reg_lambda': 0.08244249685828345}. Best is trial 247 with value: 0.03012119889640085.
[I 2025-08-03 12:48:20,608] Trial 356 finished with value: 0.03101216223015633 and parameters: {'min_abs_corr': 0.006651004933888128, 'max_pair_corr': 0.9414710780822265, 'n_estimators': 1402, 'learning_rate': 0.010397035375865496, 'max_depth': 9, 'num_leaves': 276, 'min_child_samples': 6, 'min_child_weight': 0.022309818980629184, 'subsample': 0.5837032582893745, 'colsample_bytree': 0.3787717205049961, 'reg_alpha': 0.0021960191135891568, 'reg_lambda': 0.08171546191794266}. Best is trial 247 with value: 0.03012119889640085.
[I 2025-08-03 12:48:28,315] Trial 357 finished with value: 0.030334856682607464 and parameters: {'min_abs_corr': 0.006669908783416628, 'max_pair_corr': 0.944889949794406, 'n_estimators': 1315, 'learning_rate': 0.010512204023736312, 'max_depth': 9, 'num_leaves': 225, 'min_child_samples': 6, 'min_child_weight': 0.022403812618659907, 'subsample': 0.5820300602024856, 'colsample_bytree': 0.38171628107912864, 'reg_alpha': 0.002183098225497259, 'reg_lambda': 0.08295909026046502}. Best is trial 247 with value: 0.03012119889640085.
[I 2025-08-03 12:48:35,364] Trial 358 finished with value: 0.03032064491879368 and parameters: {'min_abs_corr': 0.006609821451206922, 'max_pair_corr': 0.9503050948330445, 'n_estimators': 1359, 'learning_rate': 0.010483408182881132, 'max_depth': 8, 'num_leaves': 280, 'min_child_samples': 6, 'min_child_weight': 0.022478477834869053, 'subsample': 0.5890964677417193, 'colsample_bytree': 0.37834884778509986, 'reg_alpha': 0.0021424056562236384, 'reg_lambda': 0.08158974657046253}. Best is trial 247 with value: 0.03012119889640085.
[I 2025-08-03 12:48:40,394] Trial 359 finished with value: 0.030875448139322074 and parameters: {'min_abs_corr': 0.006758190985242845, 'max_pair_corr': 0.9395909384161583, 'n_estimators': 1408, 'learning_rate': 0.00981054700925233, 'max_depth': 5, 'num_leaves': 288, 'min_child_samples': 6, 'min_child_weight': 0.022266072461583235, 'subsample': 0.5797358928366655, 'colsample_bytree': 0.38260390106490544, 'reg_alpha': 0.0021739442353787062, 'reg_lambda': 0.08332753829954623}. Best is trial 247 with value: 0.03012119889640085.
[I 2025-08-03 12:48:48,343] Trial 360 finished with value: 0.031234312723116713 and parameters: {'min_abs_corr': 0.006734831376889333, 'max_pair_corr': 0.9468848266070962, 'n_estimators': 1381, 'learning_rate': 0.010429046707758717, 'max_depth': 9, 'num_leaves': 274, 'min_child_samples': 6, 'min_child_weight': 0.022380149610096305, 'subsample': 0.5939411057630907, 'colsample_bytree': 0.3806446922302376, 'reg_alpha': 0.002185160031101309, 'reg_lambda': 0.08220279757828755}. Best is trial 247 with value: 0.03012119889640085.
[I 2025-08-03 12:48:58,651] Trial 361 finished with value: 0.031160979666536102 and parameters: {'min_abs_corr': 0.006685503425964744, 'max_pair_corr': 1.0030768453302605, 'n_estimators': 1416, 'learning_rate': 0.010510746161188867, 'max_depth': 9, 'num_leaves': 278, 'min_child_samples': 6, 'min_child_weight': 0.02252298179382087, 'subsample': 0.5851539454128507, 'colsample_bytree': 0.378650232370383, 'reg_alpha': 0.002166107235839786, 'reg_lambda': 0.08817174159859387}. Best is trial 247 with value: 0.03012119889640085.
[I 2025-08-03 12:49:08,821] Trial 362 finished with value: 0.031130750441845812 and parameters: {'min_abs_corr': 0.006599116180572896, 'max_pair_corr': 0.9927189612574616, 'n_estimators': 1387, 'learning_rate': 0.010543674138916371, 'max_depth': 9, 'num_leaves': 273, 'min_child_samples': 6, 'min_child_weight': 0.022301275869956397, 'subsample': 0.5899463442833667, 'colsample_bytree': 0.386114698487922, 'reg_alpha': 0.0021972704963051206, 'reg_lambda': 0.08201087950179488}. Best is trial 247 with value: 0.03012119889640085.
[I 2025-08-03 12:49:17,724] Trial 363 finished with value: 0.03147426629570454 and parameters: {'min_abs_corr': 0.006634342245545602, 'max_pair_corr': 0.9344133056992583, 'n_estimators': 1338, 'learning_rate': 0.010455416724271652, 'max_depth': 10, 'num_leaves': 282, 'min_child_samples': 6, 'min_child_weight': 0.0222065940697427, 'subsample': 0.5507158340264635, 'colsample_bytree': 0.3802110116956304, 'reg_alpha': 0.0021557778493258247, 'reg_lambda': 0.08768011031629784}. Best is trial 247 with value: 0.03012119889640085.
[I 2025-08-03 12:49:25,910] Trial 364 finished with value: 0.030398100214759693 and parameters: {'min_abs_corr': 0.006578674736759889, 'max_pair_corr': 0.9529301311378702, 'n_estimators': 1420, 'learning_rate': 0.010562327021468056, 'max_depth': 9, 'num_leaves': 276, 'min_child_samples': 6, 'min_child_weight': 0.022471880589142113, 'subsample': 0.5880950128575072, 'colsample_bytree': 0.3772305318141961, 'reg_alpha': 0.0021816686374896248, 'reg_lambda': 0.08280178210858452}. Best is trial 247 with value: 0.03012119889640085.
[I 2025-08-03 12:49:27,902] Trial 365 finished with value: 0.047957833309535 and parameters: {'min_abs_corr': 0.006773397039397427, 'max_pair_corr': 0.9545389217967689, 'n_estimators': 1427, 'learning_rate': 0.010361855245666768, 'max_depth': 1, 'num_leaves': 285, 'min_child_samples': 6, 'min_child_weight': 0.022372362859492075, 'subsample': 0.5947582600852765, 'colsample_bytree': 0.38277259500756816, 'reg_alpha': 0.002167658773781111, 'reg_lambda': 0.08260783175639409}. Best is trial 247 with value: 0.03012119889640085.
[I 2025-08-03 12:49:34,976] Trial 366 finished with value: 0.031031474797776466 and parameters: {'min_abs_corr': 0.006813182018127756, 'max_pair_corr': 0.9486424655196796, 'n_estimators': 1354, 'learning_rate': 0.010512291258109584, 'max_depth': 8, 'num_leaves': 279, 'min_child_samples': 6, 'min_child_weight': 0.022290707962567016, 'subsample': 0.5915028227742047, 'colsample_bytree': 0.3817335856901115, 'reg_alpha': 0.0021793094990793594, 'reg_lambda': 0.08114534175377455}. Best is trial 247 with value: 0.03012119889640085.
[I 2025-08-03 12:49:43,410] Trial 367 finished with value: 0.031000248458783318 and parameters: {'min_abs_corr': 0.006606709517964921, 'max_pair_corr': 1.0801402648993774, 'n_estimators': 1283, 'learning_rate': 0.0104506462224438, 'max_depth': 8, 'num_leaves': 272, 'min_child_samples': 6, 'min_child_weight': 0.022023908090150097, 'subsample': 0.5804318343877857, 'colsample_bytree': 0.38831732030976646, 'reg_alpha': 0.00219283922909713, 'reg_lambda': 0.08747417556576235}. Best is trial 247 with value: 0.03012119889640085.
[I 2025-08-03 12:49:51,695] Trial 368 finished with value: 0.03098988973888147 and parameters: {'min_abs_corr': 0.0063375424126735184, 'max_pair_corr': 0.943129402940706, 'n_estimators': 1393, 'learning_rate': 0.01058213645952442, 'max_depth': 9, 'num_leaves': 275, 'min_child_samples': 6, 'min_child_weight': 0.020315296353031035, 'subsample': 0.5959402482762138, 'colsample_bytree': 0.3844732544821971, 'reg_alpha': 0.00241215041418485, 'reg_lambda': 0.08799465509216148}. Best is trial 247 with value: 0.03012119889640085.
