[I 2025-08-03 13:00:23,022] Trial 451 finished with value: 0.030934794938835643 and parameters: {'min_abs_corr': 0.006619166121541774, 'max_pair_corr': 0.9538241129151735, 'n_estimators': 1458, 'learning_rate': 0.010073622002227152, 'max_depth': 7, 'num_leaves': 235, 'min_child_samples': 7, 'min_child_weight': 0.022687922090457977, 'subsample': 0.5824787995486439, 'colsample_bytree': 0.37717961431067515, 'reg_alpha': 0.0024432675284064825, 'reg_lambda': 0.0913151869450103}. Best is trial 247 with value: 0.03012119889640085.
[I 2025-08-03 13:00:31,683] Trial 452 finished with value: 0.030346049725569035 and parameters: {'min_abs_corr': 0.006616474565386917, 'max_pair_corr': 0.9521152820358199, 'n_estimators': 1500, 'learning_rate': 0.010485422388080996, 'max_depth': 9, 'num_leaves': 238, 'min_child_samples': 6, 'min_child_weight': 0.02259260608375387, 'subsample': 0.5850330247272334, 'colsample_bytree': 0.37888410794549743, 'reg_alpha': 0.0024282319927046154, 'reg_lambda': 0.09123694823589047}. Best is trial 247 with value: 0.03012119889640085.
[I 2025-08-03 13:00:37,888] Trial 453 finished with value: 0.030577703922346967 and parameters: {'min_abs_corr': 0.0065908967122948765, 'max_pair_corr': 0.9570031114470632, 'n_estimators': 1435, 'learning_rate': 0.010422017764159902, 'max_depth': 6, 'num_leaves': 233, 'min_child_samples': 6, 'min_child_weight': 0.02255873397302171, 'subsample': 0.5885115848122796, 'colsample_bytree': 0.3815676910063744, 'reg_alpha': 0.00241821695322052, 'reg_lambda': 0.090547113279143}. Best is trial 247 with value: 0.03012119889640085.
[I 2025-08-03 13:00:47,426] Trial 454 finished with value: 0.03033240495690246 and parameters: {'min_abs_corr': 0.006633640422225063, 'max_pair_corr': 0.9506689221985463, 'n_estimators': 1500, 'learning_rate': 0.010496805764639109, 'max_depth': 10, 'num_leaves': 237, 'min_child_samples': 6, 'min_child_weight': 0.0226090456387913, 'subsample': 0.579436579758919, 'colsample_bytree': 0.3793085061260591, 'reg_alpha': 0.002436231968521081, 'reg_lambda': 0.09159166298350868}. Best is trial 247 with value: 0.03012119889640085.
[I 2025-08-03 13:00:55,733] Trial 455 finished with value: 0.03039602244460269 and parameters: {'min_abs_corr': 0.006596095757979255, 'max_pair_corr': 0.9603842813481326, 'n_estimators': 1476, 'learning_rate': 0.010448693183582491, 'max_depth': 8, 'num_leaves': 235, 'min_child_samples': 6, 'min_child_weight': 0.022685066136907836, 'subsample': 0.5869496824718399, 'colsample_bytree': 0.38420692529852657, 'reg_alpha': 0.0024444649886121, 'reg_lambda': 0.09163365365685619}. Best is trial 247 with value: 0.03012119889640085.
[I 2025-08-03 13:01:03,400] Trial 456 finished with value: 0.030263303954298337 and parameters: {'min_abs_corr': 0.006647083595528875, 'max_pair_corr': 0.9532608859586156, 'n_estimators': 1461, 'learning_rate': 0.010180409498332803, 'max_depth': 8, 'num_leaves': 230, 'min_child_samples': 6, 'min_child_weight': 0.022587550144016023, 'subsample': 0.5832501007634144, 'colsample_bytree': 0.38209269981493815, 'reg_alpha': 0.0021423536736723697, 'reg_lambda': 0.09184735167647767}. Best is trial 247 with value: 0.03012119889640085.
[I 2025-08-03 13:01:11,675] Trial 457 finished with value: 0.030804462370632158 and parameters: {'min_abs_corr': 0.006648888935664501, 'max_pair_corr': 0.9561453761197769, 'n_estimators': 1438, 'learning_rate': 0.010201930127427719, 'max_depth': 8, 'num_leaves': 224, 'min_child_samples': 6, 'min_child_weight': 0.022606429505318795, 'subsample': 0.5813686304800972, 'colsample_bytree': 0.3874061495116451, 'reg_alpha': 0.0021211127508285617, 'reg_lambda': 0.09198109925662575}. Best is trial 247 with value: 0.03012119889640085.
[I 2025-08-03 13:01:19,190] Trial 458 finished with value: 0.03037346149060981 and parameters: {'min_abs_corr': 0.006618884435224928, 'max_pair_corr': 0.9533604919266506, 'n_estimators': 1421, 'learning_rate': 0.010270654173039132, 'max_depth': 8, 'num_leaves': 230, 'min_child_samples': 6, 'min_child_weight': 0.022591674633948577, 'subsample': 0.5844123985683833, 'colsample_bytree': 0.38462865698983295, 'reg_alpha': 0.0021339324946561935, 'reg_lambda': 0.09210133313087171}. Best is trial 247 with value: 0.03012119889640085.
[I 2025-08-03 13:01:26,801] Trial 459 finished with value: 0.03025165576503496 and parameters: {'min_abs_corr': 0.006659105813633619, 'max_pair_corr': 0.9484035149495481, 'n_estimators': 1453, 'learning_rate': 0.010319843612375597, 'max_depth': 8, 'num_leaves': 229, 'min_child_samples': 6, 'min_child_weight': 0.022518558669623098, 'subsample': 0.5767721850438443, 'colsample_bytree': 0.38232229131219747, 'reg_alpha': 0.0024287715049522377, 'reg_lambda': 0.09154621268217197}. Best is trial 247 with value: 0.03012119889640085.
[I 2025-08-03 13:01:34,619] Trial 460 finished with value: 0.030918806193186675 and parameters: {'min_abs_corr': 0.006660124508466356, 'max_pair_corr': 0.9433127362096639, 'n_estimators': 1404, 'learning_rate': 0.01030663206569508, 'max_depth': 8, 'num_leaves': 228, 'min_child_samples': 6, 'min_child_weight': 0.02252159648445027, 'subsample': 0.5734809405395953, 'colsample_bytree': 0.38242048532566236, 'reg_alpha': 0.0021324698873164648, 'reg_lambda': 0.091594165384655}. Best is trial 247 with value: 0.03012119889640085.
[I 2025-08-03 13:01:42,754] Trial 461 finished with value: 0.03128819107648244 and parameters: {'min_abs_corr': 0.006634251294873008, 'max_pair_corr': 0.9400107928128659, 'n_estimators': 1445, 'learning_rate': 0.0103408576857391, 'max_depth': 8, 'num_leaves': 230, 'min_child_samples': 6, 'min_child_weight': 0.022604980368286235, 'subsample': 0.5738718398427157, 'colsample_bytree': 0.4105589774443013, 'reg_alpha': 0.002146660401112919, 'reg_lambda': 0.09107797300383591}. Best is trial 247 with value: 0.03012119889640085.
[I 2025-08-03 13:01:50,812] Trial 462 finished with value: 0.030546970630498677 and parameters: {'min_abs_corr': 0.006671143327987849, 'max_pair_corr': 0.9480340674805251, 'n_estimators': 1424, 'learning_rate': 0.01026028742735957, 'max_depth': 8, 'num_leaves': 232, 'min_child_samples': 6, 'min_child_weight': 0.022511703801813443, 'subsample': 0.5764797527362306, 'colsample_bytree': 0.44319627976116, 'reg_alpha': 0.002150777454406559, 'reg_lambda': 0.09144936736034084}. Best is trial 247 with value: 0.03012119889640085.
[I 2025-08-03 13:01:56,432] Trial 463 finished with value: 0.030540634470677213 and parameters: {'min_abs_corr': 0.0066481637486417115, 'max_pair_corr': 0.9467783717589543, 'n_estimators': 951, 'learning_rate': 0.010381345060119273, 'max_depth': 8, 'num_leaves': 228, 'min_child_samples': 6, 'min_child_weight': 0.02268168689081579, 'subsample': 0.5786493661331195, 'colsample_bytree': 0.38126717854812814, 'reg_alpha': 0.0024299627589148744, 'reg_lambda': 0.09176581560753974}. Best is trial 247 with value: 0.03012119889640085.
[I 2025-08-03 13:02:04,347] Trial 464 finished with value: 0.03132435913528342 and parameters: {'min_abs_corr': 0.006672418544034534, 'max_pair_corr': 0.9354655107946486, 'n_estimators': 1453, 'learning_rate': 0.010324881592983825, 'max_depth': 8, 'num_leaves': 226, 'min_child_samples': 6, 'min_child_weight': 0.022605494038906895, 'subsample': 0.5778295544924309, 'colsample_bytree': 0.38293907530817456, 'reg_alpha': 0.0024346676037344285, 'reg_lambda': 0.0923571753898678}. Best is trial 247 with value: 0.03012119889640085.
[I 2025-08-03 13:02:13,528] Trial 465 finished with value: 0.03092899918237977 and parameters: {'min_abs_corr': 0.006629632709428718, 'max_pair_corr': 0.9768257160003391, 'n_estimators': 1402, 'learning_rate': 0.01024260957393663, 'max_depth': 9, 'num_leaves': 231, 'min_child_samples': 6, 'min_child_weight': 0.022685501410510577, 'subsample': 0.5821909739463531, 'colsample_bytree': 0.38044292775614436, 'reg_alpha': 0.002139823923639206, 'reg_lambda': 0.09077791704173889}. Best is trial 247 with value: 0.03012119889640085.
[I 2025-08-03 13:02:21,103] Trial 466 finished with value: 0.030363353728877655 and parameters: {'min_abs_corr': 0.006655442146070447, 'max_pair_corr': 0.950145244309001, 'n_estimators': 1436, 'learning_rate': 0.00974374911623413, 'max_depth': 8, 'num_leaves': 234, 'min_child_samples': 6, 'min_child_weight': 0.022501245207540543, 'subsample': 0.5796320388845304, 'colsample_bytree': 0.38506099037373454, 'reg_alpha': 0.0024304475502517583, 'reg_lambda': 0.09246800334056564}. Best is trial 247 with value: 0.03012119889640085.
[I 2025-08-03 13:02:28,777] Trial 467 finished with value: 0.030966907965273495 and parameters: {'min_abs_corr': 0.006613114745789658, 'max_pair_corr': 0.9423375890059696, 'n_estimators': 1462, 'learning_rate': 0.010396544900498001, 'max_depth': 8, 'num_leaves': 223, 'min_child_samples': 6, 'min_child_weight': 0.022547585089793976, 'subsample': 0.582838161398506, 'colsample_bytree': 0.37850886715844234, 'reg_alpha': 0.0024209007680371926, 'reg_lambda': 0.0920900789067704}. Best is trial 247 with value: 0.03012119889640085.
[I 2025-08-03 13:02:37,804] Trial 468 finished with value: 0.03057162059931735 and parameters: {'min_abs_corr': 0.006682177861524191, 'max_pair_corr': 0.9589273973450235, 'n_estimators': 1417, 'learning_rate': 0.010294362243992461, 'max_depth': 9, 'num_leaves': 235, 'min_child_samples': 6, 'min_child_weight': 0.022483920818565775, 'subsample': 0.5753947478910005, 'colsample_bytree': 0.3812621664343325, 'reg_alpha': 0.0024443107567455233, 'reg_lambda': 0.09147367471397244}. Best is trial 247 with value: 0.03012119889640085.
[I 2025-08-03 13:02:46,932] Trial 469 finished with value: 0.030616145417777844 and parameters: {'min_abs_corr': 0.006637591784854708, 'max_pair_corr': 0.9543965180389725, 'n_estimators': 1455, 'learning_rate': 0.010360966723806644, 'max_depth': 8, 'num_leaves': 236, 'min_child_samples': 5, 'min_child_weight': 0.022689213250298438, 'subsample': 0.5840482727477435, 'colsample_bytree': 0.3797670598904277, 'reg_alpha': 0.0024247312111665476, 'reg_lambda': 0.09122690230296475}. Best is trial 247 with value: 0.03012119889640085.
[I 2025-08-03 13:02:54,476] Trial 470 finished with value: 0.030333184916047563 and parameters: {'min_abs_corr': 0.0062702230264606714, 'max_pair_corr': 0.946650185583671, 'n_estimators': 1431, 'learning_rate': 0.009871178166277847, 'max_depth': 8, 'num_leaves': 251, 'min_child_samples': 6, 'min_child_weight': 0.022593534473475306, 'subsample': 0.5862469548264039, 'colsample_bytree': 0.38312967411632576, 'reg_alpha': 0.002435175298695739, 'reg_lambda': 0.09039446501043248}. Best is trial 247 with value: 0.03012119889640085.
[I 2025-08-03 13:03:04,116] Trial 471 finished with value: 0.031140827010890538 and parameters: {'min_abs_corr': 0.006659096384069476, 'max_pair_corr': 0.9973153399432881, 'n_estimators': 1461, 'learning_rate': 0.0101759134294571, 'max_depth': 8, 'num_leaves': 239, 'min_child_samples': 6, 'min_child_weight': 0.022491113092738053, 'subsample': 0.5810714874644622, 'colsample_bytree': 0.37725037667732775, 'reg_alpha': 0.002415854629100282, 'reg_lambda': 0.09269364157232003}. Best is trial 247 with value: 0.03012119889640085.
[I 2025-08-03 13:03:13,598] Trial 472 finished with value: 0.030706796710983024 and parameters: {'min_abs_corr': 0.006229285527543064, 'max_pair_corr': 1.0602000885320049, 'n_estimators': 1398, 'learning_rate': 0.010418520301254846, 'max_depth': 9, 'num_leaves': 229, 'min_child_samples': 7, 'min_child_weight': 0.022591384567206736, 'subsample': 0.584287856473572, 'colsample_bytree': 0.3811006823242474, 'reg_alpha': 0.002425600268284866, 'reg_lambda': 0.09186972150562281}. Best is trial 247 with value: 0.03012119889640085.
[I 2025-08-03 13:03:21,180] Trial 473 finished with value: 0.03047069887581714 and parameters: {'min_abs_corr': 0.006612929764799586, 'max_pair_corr': 0.9504742866250495, 'n_estimators': 1436, 'learning_rate': 0.009036974696051664, 'max_depth': 8, 'num_leaves': 233, 'min_child_samples': 6, 'min_child_weight': 0.022472617943270223, 'subsample': 0.5803749600484857, 'colsample_bytree': 0.3794918910321898, 'reg_alpha': 0.002436314941130447, 'reg_lambda': 0.09725991399983189}. Best is trial 247 with value: 0.03012119889640085.
[I 2025-08-03 13:03:29,081] Trial 474 finished with value: 0.031325926320336456 and parameters: {'min_abs_corr': 0.006687129295609316, 'max_pair_corr': 0.9390039626257216, 'n_estimators': 1467, 'learning_rate': 0.010326810406642475, 'max_depth': 8, 'num_leaves': 237, 'min_child_samples': 6, 'min_child_weight': 0.022687981666460865, 'subsample': 0.5779937458038986, 'colsample_bytree': 0.3859283944144099, 'reg_alpha': 0.002417533084472286, 'reg_lambda': 0.09241546088723733}. Best is trial 247 with value: 0.03012119889640085.
[I 2025-08-03 13:03:37,612] Trial 475 finished with value: 0.03026419400248865 and parameters: {'min_abs_corr': 0.006636065838334155, 'max_pair_corr': 0.9452014534217017, 'n_estimators': 1473, 'learning_rate': 0.010452438387208812, 'max_depth': 9, 'num_leaves': 231, 'min_child_samples': 6, 'min_child_weight': 0.022563191027547832, 'subsample': 0.5880271931244094, 'colsample_bytree': 0.3837764664295779, 'reg_alpha': 0.002427383096213413, 'reg_lambda': 0.09188134808657764}. Best is trial 247 with value: 0.03012119889640085.
[I 2025-08-03 13:03:45,170] Trial 476 finished with value: 0.031005098777044087 and parameters: {'min_abs_corr': 0.006642622021033266, 'max_pair_corr': 0.9424206810296213, 'n_estimators': 1409, 'learning_rate': 0.010387198946936209, 'max_depth': 8, 'num_leaves': 222, 'min_child_samples': 6, 'min_child_weight': 0.022465835571918794, 'subsample': 0.5874544733042173, 'colsample_bytree': 0.3844363378150557, 'reg_alpha': 0.0021252636629100255, 'reg_lambda': 0.09211331389573528}. Best is trial 247 with value: 0.03012119889640085.
[I 2025-08-03 13:03:53,058] Trial 477 finished with value: 0.030727293074962088 and parameters: {'min_abs_corr': 0.006684343118435864, 'max_pair_corr': 0.9329126913767668, 'n_estimators': 1432, 'learning_rate': 0.010469173060178994, 'max_depth': 8, 'num_leaves': 229, 'min_child_samples': 6, 'min_child_weight': 0.022546237376961337, 'subsample': 0.6381993987730605, 'colsample_bytree': 0.4152290246714632, 'reg_alpha': 0.0024116207970444033, 'reg_lambda': 0.09266323327787114}. Best is trial 247 with value: 0.03012119889640085.
[I 2025-08-03 13:04:00,177] Trial 478 finished with value: 0.031932436941322855 and parameters: {'min_abs_corr': 0.006665099227053363, 'max_pair_corr': 0.9230723540273837, 'n_estimators': 1390, 'learning_rate': 0.01022579151016812, 'max_depth': 8, 'num_leaves': 232, 'min_child_samples': 6, 'min_child_weight': 0.022558978230199707, 'subsample': 0.589380592577946, 'colsample_bytree': 0.3770986496666402, 'reg_alpha': 0.002426672506645103, 'reg_lambda': 0.0921532300431775}. Best is trial 247 with value: 0.03012119889640085.
[I 2025-08-03 13:04:08,497] Trial 479 finished with value: 0.0311840009545201 and parameters: {'min_abs_corr': 0.006721261632583196, 'max_pair_corr': 0.9453490129540445, 'n_estimators': 1446, 'learning_rate': 0.010527983657818716, 'max_depth': 9, 'num_leaves': 233, 'min_child_samples': 6, 'min_child_weight': 0.02245327919478199, 'subsample': 0.6170982392436399, 'colsample_bytree': 0.38164480877123547, 'reg_alpha': 0.002438364578461796, 'reg_lambda': 0.09099024276849758}. Best is trial 247 with value: 0.03012119889640085.
[I 2025-08-03 13:04:16,106] Trial 480 finished with value: 0.031055181063570803 and parameters: {'min_abs_corr': 0.00663956677620205, 'max_pair_corr': 0.9418667290677991, 'n_estimators': 1414, 'learning_rate': 0.010293114459734073, 'max_depth': 8, 'num_leaves': 230, 'min_child_samples': 6, 'min_child_weight': 0.022382859158284047, 'subsample': 0.5878090130879141, 'colsample_bytree': 0.3870100443395574, 'reg_alpha': 0.0024444095435814475, 'reg_lambda': 0.09822395202184468}. Best is trial 247 with value: 0.03012119889640085.
[I 2025-08-03 13:04:23,912] Trial 481 finished with value: 0.03115586656797229 and parameters: {'min_abs_corr': 0.0066215032340223015, 'max_pair_corr': 0.9392316790051405, 'n_estimators': 1468, 'learning_rate': 0.010364259490235516, 'max_depth': 8, 'num_leaves': 227, 'min_child_samples': 6, 'min_child_weight': 0.022578829789258865, 'subsample': 0.583212046028561, 'colsample_bytree': 0.3797126131372133, 'reg_alpha': 0.0024138481230691843, 'reg_lambda': 0.09302945831094014}. Best is trial 247 with value: 0.03012119889640085.
[I 2025-08-03 13:04:32,287] Trial 482 finished with value: 0.03030798535714413 and parameters: {'min_abs_corr': 0.006657626163563509, 'max_pair_corr': 0.9479693236535842, 'n_estimators': 1446, 'learning_rate': 0.01040858940849741, 'max_depth': 9, 'num_leaves': 244, 'min_child_samples': 6, 'min_child_weight': 0.022464069318447556, 'subsample': 0.5907908393474234, 'colsample_bytree': 0.3824401254342432, 'reg_alpha': 0.002420238881740043, 'reg_lambda': 0.0913082343313126}. Best is trial 247 with value: 0.03012119889640085.
[I 2025-08-03 13:04:39,829] Trial 483 finished with value: 0.030256220963868798 and parameters: {'min_abs_corr': 0.0067002557006159294, 'max_pair_corr': 0.946098794109934, 'n_estimators': 1469, 'learning_rate': 0.010483914165392984, 'max_depth': 8, 'num_leaves': 231, 'min_child_samples': 6, 'min_child_weight': 0.022605293865450703, 'subsample': 0.5859195002916536, 'colsample_bytree': 0.3785243215118673, 'reg_alpha': 0.002426490039430488, 'reg_lambda': 0.09265653357450408}. Best is trial 247 with value: 0.03012119889640085.
[I 2025-08-03 13:04:47,663] Trial 484 finished with value: 0.03045737337675718 and parameters: {'min_abs_corr': 0.006733529579879197, 'max_pair_corr': 0.9561161630882204, 'n_estimators': 1419, 'learning_rate': 0.010502933262480914, 'max_depth': 8, 'num_leaves': 231, 'min_child_samples': 6, 'min_child_weight': 0.02241621468555923, 'subsample': 0.5881776595652253, 'colsample_bytree': 0.3771245897615469, 'reg_alpha': 0.002140733581215617, 'reg_lambda': 0.0925140818493043}. Best is trial 247 with value: 0.03012119889640085.
[I 2025-08-03 13:04:54,910] Trial 485 finished with value: 0.03097227726868489 and parameters: {'min_abs_corr': 0.0067091430761970555, 'max_pair_corr': 0.9364156076684175, 'n_estimators': 1377, 'learning_rate': 0.010460651572710741, 'max_depth': 8, 'num_leaves': 229, 'min_child_samples': 6, 'min_child_weight': 0.022529974046899617, 'subsample': 0.5820258464951534, 'colsample_bytree': 0.38072900257942405, 'reg_alpha': 0.002413573939222108, 'reg_lambda': 0.0920133815945647}. Best is trial 247 with value: 0.03012119889640085.
[I 2025-08-03 13:05:02,441] Trial 486 finished with value: 0.030926788111647185 and parameters: {'min_abs_corr': 0.006750972750541945, 'max_pair_corr': 0.9441517156326887, 'n_estimators': 1454, 'learning_rate': 0.01053035311113058, 'max_depth': 8, 'num_leaves': 247, 'min_child_samples': 6, 'min_child_weight': 0.02258477804084937, 'subsample': 0.6212844190989528, 'colsample_bytree': 0.3840075797052834, 'reg_alpha': 0.0024348775186145543, 'reg_lambda': 0.0923838404741326}. Best is trial 247 with value: 0.03012119889640085.
[I 2025-08-03 13:05:10,294] Trial 487 finished with value: 0.030387011142268695 and parameters: {'min_abs_corr': 0.0066975590428690595, 'max_pair_corr': 0.960809215742962, 'n_estimators': 1400, 'learning_rate': 0.010487456521501933, 'max_depth': 8, 'num_leaves': 226, 'min_child_samples': 6, 'min_child_weight': 0.02237932293222602, 'subsample': 0.576461239926872, 'colsample_bytree': 0.378680906079621, 'reg_alpha': 0.0024232733763410712, 'reg_lambda': 0.09164467579160337}. Best is trial 247 with value: 0.03012119889640085.
[I 2025-08-03 13:05:17,076] Trial 488 finished with value: 0.030898601046450157 and parameters: {'min_abs_corr': 0.006689337420363807, 'max_pair_corr': 0.9497679905387001, 'n_estimators': 1430, 'learning_rate': 0.010439439112612393, 'max_depth': 8, 'num_leaves': 217, 'min_child_samples': 7, 'min_child_weight': 0.022509990005026282, 'subsample': 0.5862160926256054, 'colsample_bytree': 0.3807277124510523, 'reg_alpha': 0.0021596229811744984, 'reg_lambda': 0.0928116650024339}. Best is trial 247 with value: 0.03012119889640085.
[I 2025-08-03 13:05:25,303] Trial 489 finished with value: 0.030671509998035355 and parameters: {'min_abs_corr': 0.006673162816606869, 'max_pair_corr': 0.9543891827897314, 'n_estimators': 1467, 'learning_rate': 0.010490060705035392, 'max_depth': 8, 'num_leaves': 231, 'min_child_samples': 6, 'min_child_weight': 0.02258580386415009, 'subsample': 0.5922438239116653, 'colsample_bytree': 0.3888888428184948, 'reg_alpha': 0.002436007881988164, 'reg_lambda': 0.09056207790966882}. Best is trial 247 with value: 0.03012119889640085.
[I 2025-08-03 13:05:32,838] Trial 490 finished with value: 0.030192875707392153 and parameters: {'min_abs_corr': 0.006668838339570491, 'max_pair_corr': 0.9457960976876263, 'n_estimators': 1441, 'learning_rate': 0.010531692978221471, 'max_depth': 8, 'num_leaves': 249, 'min_child_samples': 6, 'min_child_weight': 0.022451159522980598, 'subsample': 0.5887958556128862, 'colsample_bytree': 0.3827251680329115, 'reg_alpha': 0.0024133638781478383, 'reg_lambda': 0.0918202826810065}. Best is trial 247 with value: 0.03012119889640085.
[I 2025-08-03 13:05:40,855] Trial 491 finished with value: 0.030959346570618523 and parameters: {'min_abs_corr': 0.006719604140380887, 'max_pair_corr': 0.9388983427928371, 'n_estimators': 1470, 'learning_rate': 0.009144000729218971, 'max_depth': 8, 'num_leaves': 256, 'min_child_samples': 6, 'min_child_weight': 0.022369743147453516, 'subsample': 0.5895342504667151, 'colsample_bytree': 0.3856963642601985, 'reg_alpha': 0.0024271101553884874, 'reg_lambda': 0.09178527456459523}. Best is trial 247 with value: 0.03012119889640085.
