[I 2025-08-03 13:05:48,424] Trial 492 finished with value: 0.030863907013557422 and parameters: {'min_abs_corr': 0.006700391265534961, 'max_pair_corr': 0.9431731013330747, 'n_estimators': 1419, 'learning_rate': 0.010544853929817952, 'max_depth': 8, 'num_leaves': 249, 'min_child_samples': 6, 'min_child_weight': 0.022403909263836362, 'subsample': 0.592870058116316, 'colsample_bytree': 0.3844621612929733, 'reg_alpha': 0.002412173959430191, 'reg_lambda': 0.09121500558244995}. Best is trial 247 with value: 0.03012119889640085.
[I 2025-08-03 13:05:55,862] Trial 493 finished with value: 0.030799793557439635 and parameters: {'min_abs_corr': 0.006746607448427703, 'max_pair_corr': 0.9456496708592174, 'n_estimators': 1451, 'learning_rate': 0.010113927465058231, 'max_depth': 8, 'num_leaves': 248, 'min_child_samples': 6, 'min_child_weight': 0.022465060251327492, 'subsample': 0.5896027180092995, 'colsample_bytree': 0.3827817556421118, 'reg_alpha': 0.002438396795703512, 'reg_lambda': 0.09199494810700744}. Best is trial 247 with value: 0.03012119889640085.
[I 2025-08-03 13:06:03,391] Trial 494 finished with value: 0.030976937559122147 and parameters: {'min_abs_corr': 0.006671662394653923, 'max_pair_corr': 0.9321592863293658, 'n_estimators': 1378, 'learning_rate': 0.010516599004092787, 'max_depth': 8, 'num_leaves': 254, 'min_child_samples': 6, 'min_child_weight': 0.022335025827351997, 'subsample': 0.5795712104465635, 'colsample_bytree': 0.3872100032620655, 'reg_alpha': 0.00209444238395066, 'reg_lambda': 0.09164612637206794}. Best is trial 247 with value: 0.03012119889640085.
[I 2025-08-03 13:06:11,040] Trial 495 finished with value: 0.031058653391259638 and parameters: {'min_abs_corr': 0.006670189729363014, 'max_pair_corr': 0.94152290919068, 'n_estimators': 1406, 'learning_rate': 0.010546249274782381, 'max_depth': 8, 'num_leaves': 245, 'min_child_samples': 6, 'min_child_weight': 0.022467261001882163, 'subsample': 0.6678544913883153, 'colsample_bytree': 0.38240437350586054, 'reg_alpha': 0.0024138789976786757, 'reg_lambda': 0.09624274474388111}. Best is trial 247 with value: 0.03012119889640085.
[I 2025-08-03 13:06:18,640] Trial 496 finished with value: 0.030222594783215744 and parameters: {'min_abs_corr': 0.0067030100151068755, 'max_pair_corr': 0.9481019765294906, 'n_estimators': 1468, 'learning_rate': 0.010428296033465116, 'max_depth': 8, 'num_leaves': 249, 'min_child_samples': 6, 'min_child_weight': 0.022519058950343625, 'subsample': 0.5836696466176331, 'colsample_bytree': 0.38347629283118634, 'reg_alpha': 0.0024299296942539342, 'reg_lambda': 0.0923935090491563}. Best is trial 247 with value: 0.03012119889640085.
[I 2025-08-03 13:06:26,383] Trial 497 finished with value: 0.03072818711519189 and parameters: {'min_abs_corr': 0.006770312807365692, 'max_pair_corr': 0.9353891031211924, 'n_estimators': 1478, 'learning_rate': 0.010538992580837223, 'max_depth': 8, 'num_leaves': 249, 'min_child_samples': 6, 'min_child_weight': 0.022367657814239005, 'subsample': 0.5883195911963673, 'colsample_bytree': 0.38598807408488617, 'reg_alpha': 0.0024442856234529508, 'reg_lambda': 0.09232899144176858}. Best is trial 247 with value: 0.03012119889640085.
[I 2025-08-03 13:06:34,022] Trial 498 finished with value: 0.03094883377910284 and parameters: {'min_abs_corr': 0.006849221622634217, 'max_pair_corr': 0.9453309573146833, 'n_estimators': 1477, 'learning_rate': 0.010456259894301512, 'max_depth': 8, 'num_leaves': 250, 'min_child_samples': 6, 'min_child_weight': 0.022458147316421605, 'subsample': 0.5841040926770056, 'colsample_bytree': 0.3840036324212203, 'reg_alpha': 0.0024233986086273965, 'reg_lambda': 0.09091390109869303}. Best is trial 247 with value: 0.03012119889640085.
[I 2025-08-03 13:06:41,558] Trial 499 finished with value: 0.030895898972760107 and parameters: {'min_abs_corr': 0.006717353913456985, 'max_pair_corr': 0.9488036881113406, 'n_estimators': 1457, 'learning_rate': 0.010487350529970347, 'max_depth': 8, 'num_leaves': 251, 'min_child_samples': 6, 'min_child_weight': 0.02250586599097789, 'subsample': 0.557221057387248, 'colsample_bytree': 0.3841757991296812, 'reg_alpha': 0.002409712863158305, 'reg_lambda': 0.09208339495718004}. Best is trial 247 with value: 0.03012119889640085.
[I 2025-08-03 13:06:49,290] Trial 500 finished with value: 0.03099550830369015 and parameters: {'min_abs_corr': 0.006644857407629049, 'max_pair_corr': 0.9408279897006913, 'n_estimators': 1479, 'learning_rate': 0.010419505018570063, 'max_depth': 8, 'num_leaves': 253, 'min_child_samples': 6, 'min_child_weight': 0.02233767100939215, 'subsample': 0.5905932526620957, 'colsample_bytree': 0.3809101339944837, 'reg_alpha': 0.002423063768859216, 'reg_lambda': 0.09149764144590973}. Best is trial 247 with value: 0.03012119889640085.
[I 2025-08-03 13:06:57,297] Trial 501 finished with value: 0.03068120631831365 and parameters: {'min_abs_corr': 0.006704209441833527, 'max_pair_corr': 0.9542028094399345, 'n_estimators': 1447, 'learning_rate': 0.010553389012083136, 'max_depth': 8, 'num_leaves': 250, 'min_child_samples': 6, 'min_child_weight': 0.0225960537880028, 'subsample': 0.5873695259024077, 'colsample_bytree': 0.3853586138623457, 'reg_alpha': 0.0024066006814417915, 'reg_lambda': 0.09193471950691758}. Best is trial 247 with value: 0.03012119889640085.
[I 2025-08-03 13:07:05,017] Trial 502 finished with value: 0.03091623934415335 and parameters: {'min_abs_corr': 0.006731776937393578, 'max_pair_corr': 0.9462403341276814, 'n_estimators': 1465, 'learning_rate': 0.010055998922920018, 'max_depth': 8, 'num_leaves': 245, 'min_child_samples': 6, 'min_child_weight': 0.018626690135127702, 'subsample': 0.5937100310731642, 'colsample_bytree': 0.3831389214206345, 'reg_alpha': 0.0024293496077907057, 'reg_lambda': 0.09248510955832596}. Best is trial 247 with value: 0.03012119889640085.
[I 2025-08-03 13:07:14,414] Trial 503 finished with value: 0.030987821685547822 and parameters: {'min_abs_corr': 0.006654779187151903, 'max_pair_corr': 0.9880248057118044, 'n_estimators': 1423, 'learning_rate': 0.009999494166533038, 'max_depth': 8, 'num_leaves': 248, 'min_child_samples': 6, 'min_child_weight': 0.022438390351177322, 'subsample': 0.5847556663043031, 'colsample_bytree': 0.38888791974188625, 'reg_alpha': 0.0024151652391658602, 'reg_lambda': 0.09181961929331882}. Best is trial 247 with value: 0.03012119889640085.
[I 2025-08-03 13:07:21,286] Trial 504 finished with value: 0.03053488993463411 and parameters: {'min_abs_corr': 0.0065971627365971125, 'max_pair_corr': 0.9517321482770865, 'n_estimators': 1439, 'learning_rate': 0.010507775434390217, 'max_depth': 7, 'num_leaves': 252, 'min_child_samples': 6, 'min_child_weight': 0.022516931216477278, 'subsample': 0.5911409702077699, 'colsample_bytree': 0.4543296012580092, 'reg_alpha': 0.0024294031439657565, 'reg_lambda': 0.09228876434980975}. Best is trial 247 with value: 0.03012119889640085.
[I 2025-08-03 13:07:29,469] Trial 505 finished with value: 0.03052094112863828 and parameters: {'min_abs_corr': 0.00662522260937201, 'max_pair_corr': 0.957946318994469, 'n_estimators': 1484, 'learning_rate': 0.010432761017155758, 'max_depth': 8, 'num_leaves': 228, 'min_child_samples': 6, 'min_child_weight': 0.022602856629847224, 'subsample': 0.5828114573600507, 'colsample_bytree': 0.3783105134638827, 'reg_alpha': 0.002444045946735335, 'reg_lambda': 0.09131957094469981}. Best is trial 247 with value: 0.03012119889640085.
[I 2025-08-03 13:07:37,116] Trial 506 finished with value: 0.03134215807239816 and parameters: {'min_abs_corr': 0.006686295023211298, 'max_pair_corr': 0.9384496942210803, 'n_estimators': 1457, 'learning_rate': 0.010192693502237452, 'max_depth': 8, 'num_leaves': 247, 'min_child_samples': 6, 'min_child_weight': 0.022421442424997516, 'subsample': 0.586238530447561, 'colsample_bytree': 0.3806296606693019, 'reg_alpha': 0.00241952227127109, 'reg_lambda': 0.09264680053489528}. Best is trial 247 with value: 0.03012119889640085.
[I 2025-08-03 13:07:43,612] Trial 507 finished with value: 0.030864510257552564 and parameters: {'min_abs_corr': 0.006658507624535598, 'max_pair_corr': 0.9434407553761878, 'n_estimators': 1396, 'learning_rate': 0.010569665409418661, 'max_depth': 7, 'num_leaves': 231, 'min_child_samples': 6, 'min_child_weight': 0.022530220766577225, 'subsample': 0.5935134332484044, 'colsample_bytree': 0.38161371439782615, 'reg_alpha': 0.002408141697944443, 'reg_lambda': 0.09148257802012887}. Best is trial 247 with value: 0.03012119889640085.
[I 2025-08-03 13:07:50,571] Trial 508 finished with value: 0.030856681984420965 and parameters: {'min_abs_corr': 0.0065886580313975745, 'max_pair_corr': 0.9491778464895881, 'n_estimators': 1474, 'learning_rate': 0.010488522648114746, 'max_depth': 8, 'num_leaves': 239, 'min_child_samples': 7, 'min_child_weight': 0.02234506291398944, 'subsample': 0.5883185471327391, 'colsample_bytree': 0.37879075167015314, 'reg_alpha': 0.0024308089553414357, 'reg_lambda': 0.09079816665096704}. Best is trial 247 with value: 0.03012119889640085.
[I 2025-08-03 13:07:58,824] Trial 509 finished with value: 0.030651695832945063 and parameters: {'min_abs_corr': 0.006188194454338854, 'max_pair_corr': 0.9546811507409741, 'n_estimators': 1500, 'learning_rate': 0.010439498723204167, 'max_depth': 8, 'num_leaves': 235, 'min_child_samples': 6, 'min_child_weight': 0.022604403496696148, 'subsample': 0.5829212477148987, 'colsample_bytree': 0.38313805964953734, 'reg_alpha': 0.002167027197463231, 'reg_lambda': 0.09205678854385448}. Best is trial 247 with value: 0.03012119889640085.
[I 2025-08-03 13:08:05,833] Trial 510 finished with value: 0.030310257357757685 and parameters: {'min_abs_corr': 0.006630038746339866, 'max_pair_corr': 0.9596718625649271, 'n_estimators': 1433, 'learning_rate': 0.01053762016370906, 'max_depth': 7, 'num_leaves': 247, 'min_child_samples': 6, 'min_child_weight': 0.02249648216803862, 'subsample': 0.5860485460709974, 'colsample_bytree': 0.38005336445431176, 'reg_alpha': 0.0021459419108559815, 'reg_lambda': 0.09173503028466115}. Best is trial 247 with value: 0.03012119889640085.
[I 2025-08-03 13:08:08,754] Trial 511 finished with value: 0.03294125442537108 and parameters: {'min_abs_corr': 0.006704272912198423, 'max_pair_corr': 0.9481258707376036, 'n_estimators': 1416, 'learning_rate': 0.010416981630422893, 'max_depth': 3, 'num_leaves': 237, 'min_child_samples': 6, 'min_child_weight': 0.022432642362997125, 'subsample': 0.5908687590232246, 'colsample_bytree': 0.3770710267873989, 'reg_alpha': 0.0024214801718507642, 'reg_lambda': 0.09222642652926981}. Best is trial 247 with value: 0.03012119889640085.
[I 2025-08-03 13:08:16,103] Trial 512 finished with value: 0.03026510877131508 and parameters: {'min_abs_corr': 0.006673496163107494, 'max_pair_corr': 0.9518736303770609, 'n_estimators': 1444, 'learning_rate': 0.010473865043413536, 'max_depth': 8, 'num_leaves': 230, 'min_child_samples': 6, 'min_child_weight': 0.022604727129971, 'subsample': 0.588014813947268, 'colsample_bytree': 0.3820911321832398, 'reg_alpha': 0.0024065407362759, 'reg_lambda': 0.0926415178033376}. Best is trial 247 with value: 0.03012119889640085.
[I 2025-08-03 13:08:20,787] Trial 513 finished with value: 0.030855046541512436 and parameters: {'min_abs_corr': 0.006743770382254925, 'max_pair_corr': 0.9171023631536442, 'n_estimators': 1362, 'learning_rate': 0.010523421567923286, 'max_depth': 5, 'num_leaves': 232, 'min_child_samples': 5, 'min_child_weight': 0.022524773226956188, 'subsample': 0.5839394598659357, 'colsample_bytree': 0.3870278585208525, 'reg_alpha': 0.00230403148420322, 'reg_lambda': 0.09029288477913938}. Best is trial 247 with value: 0.03012119889640085.
[I 2025-08-03 13:08:28,259] Trial 514 finished with value: 0.030242243897432176 and parameters: {'min_abs_corr': 0.00663015716780564, 'max_pair_corr': 0.9442655356091437, 'n_estimators': 1461, 'learning_rate': 0.01015246592822697, 'max_depth': 8, 'num_leaves': 234, 'min_child_samples': 6, 'min_child_weight': 0.022361330272699105, 'subsample': 0.6532564389788925, 'colsample_bytree': 0.3797759277209698, 'reg_alpha': 0.0024360683434741545, 'reg_lambda': 0.09135063230046746}. Best is trial 247 with value: 0.03012119889640085.
[I 2025-08-03 13:08:35,686] Trial 515 finished with value: 0.03133659433907813 and parameters: {'min_abs_corr': 0.006608360235626721, 'max_pair_corr': 0.9392251582319807, 'n_estimators': 1400, 'learning_rate': 0.010136081614091035, 'max_depth': 8, 'num_leaves': 235, 'min_child_samples': 6, 'min_child_weight': 0.022333991797975686, 'subsample': 0.648603152319222, 'colsample_bytree': 0.3789072354235927, 'reg_alpha': 0.002438172467437142, 'reg_lambda': 0.09129408423890252}. Best is trial 247 with value: 0.03012119889640085.
[I 2025-08-03 13:08:43,063] Trial 516 finished with value: 0.031939590189688304 and parameters: {'min_abs_corr': 0.00665051476377818, 'max_pair_corr': 0.9270089337678153, 'n_estimators': 1452, 'learning_rate': 0.010118153077865977, 'max_depth': 8, 'num_leaves': 240, 'min_child_samples': 6, 'min_child_weight': 0.022331756907819956, 'subsample': 0.6446432632450378, 'colsample_bytree': 0.3803651646635579, 'reg_alpha': 0.0024382610471048493, 'reg_lambda': 0.0913288742242569}. Best is trial 247 with value: 0.03012119889640085.
[I 2025-08-03 13:08:51,254] Trial 517 finished with value: 0.030773740385464883 and parameters: {'min_abs_corr': 0.006578746353272423, 'max_pair_corr': 0.9427195345699781, 'n_estimators': 1419, 'learning_rate': 0.010227934158320542, 'max_depth': 8, 'num_leaves': 236, 'min_child_samples': 6, 'min_child_weight': 0.0223139074701027, 'subsample': 0.652946021798657, 'colsample_bytree': 0.46072966110334623, 'reg_alpha': 0.0024356000653414232, 'reg_lambda': 0.0910160738415749}. Best is trial 247 with value: 0.03012119889640085.
[I 2025-08-03 13:08:58,900] Trial 518 finished with value: 0.03050009648849143 and parameters: {'min_abs_corr': 0.006695032588062786, 'max_pair_corr': 0.9563652395895936, 'n_estimators': 1377, 'learning_rate': 0.010088564564579369, 'max_depth': 8, 'num_leaves': 238, 'min_child_samples': 6, 'min_child_weight': 0.02240869402590984, 'subsample': 0.5711151885222079, 'colsample_bytree': 0.3770854538923516, 'reg_alpha': 0.0024183577388132774, 'reg_lambda': 0.09160843152321574}. Best is trial 247 with value: 0.03012119889640085.
[I 2025-08-03 13:09:03,282] Trial 519 finished with value: 0.030830856458666938 and parameters: {'min_abs_corr': 0.006621775901322586, 'max_pair_corr': 0.9501457174978247, 'n_estimators': 827, 'learning_rate': 0.010158033049480236, 'max_depth': 7, 'num_leaves': 244, 'min_child_samples': 6, 'min_child_weight': 0.022437887667920715, 'subsample': 0.6626478149922245, 'colsample_bytree': 0.37913779435065503, 'reg_alpha': 0.0024313443659647205, 'reg_lambda': 0.09089812064534336}. Best is trial 247 with value: 0.03012119889640085.
[I 2025-08-03 13:09:10,780] Trial 520 finished with value: 0.031173700368909273 and parameters: {'min_abs_corr': 0.006718020742825009, 'max_pair_corr': 0.9462449153767148, 'n_estimators': 1457, 'learning_rate': 0.01026809448228023, 'max_depth': 8, 'num_leaves': 234, 'min_child_samples': 6, 'min_child_weight': 0.022687537861092413, 'subsample': 0.6569710091730747, 'colsample_bytree': 0.38037008178762177, 'reg_alpha': 0.0024432571049474204, 'reg_lambda': 0.09059917740533485}. Best is trial 247 with value: 0.03012119889640085.
[I 2025-08-03 13:09:18,844] Trial 521 finished with value: 0.030475221606891444 and parameters: {'min_abs_corr': 0.006670407190202314, 'max_pair_corr': 0.9623991357334231, 'n_estimators': 1430, 'learning_rate': 0.01002253407015852, 'max_depth': 8, 'num_leaves': 250, 'min_child_samples': 6, 'min_child_weight': 0.022273525054553295, 'subsample': 0.5817382685400744, 'colsample_bytree': 0.37837051921626325, 'reg_alpha': 0.0024238570581573467, 'reg_lambda': 0.09278746830378784}. Best is trial 247 with value: 0.03012119889640085.
[I 2025-08-03 13:09:25,599] Trial 522 finished with value: 0.03042198639023394 and parameters: {'min_abs_corr': 0.006648814975364805, 'max_pair_corr': 0.9536096131249653, 'n_estimators': 1479, 'learning_rate': 0.010065111094544596, 'max_depth': 7, 'num_leaves': 246, 'min_child_samples': 6, 'min_child_weight': 0.022499377627480378, 'subsample': 0.5771072058073726, 'colsample_bytree': 0.38145750426347036, 'reg_alpha': 0.002413446804590231, 'reg_lambda': 0.09239245055285421}. Best is trial 247 with value: 0.03012119889640085.
[I 2025-08-03 13:09:33,147] Trial 523 finished with value: 0.031438521253437546 and parameters: {'min_abs_corr': 0.006589374452288122, 'max_pair_corr': 0.9113150429946084, 'n_estimators': 1500, 'learning_rate': 0.01017163845494531, 'max_depth': 8, 'num_leaves': 254, 'min_child_samples': 6, 'min_child_weight': 0.02237718730557909, 'subsample': 0.6596533627276508, 'colsample_bytree': 0.3796950296830702, 'reg_alpha': 0.0021542877925330257, 'reg_lambda': 0.09210173932822675}. Best is trial 247 with value: 0.03012119889640085.
[I 2025-08-03 13:09:40,590] Trial 524 finished with value: 0.031243087008125704 and parameters: {'min_abs_corr': 0.006680688813597472, 'max_pair_corr': 0.9355711337876864, 'n_estimators': 1400, 'learning_rate': 0.010184792465260387, 'max_depth': 8, 'num_leaves': 240, 'min_child_samples': 6, 'min_child_weight': 0.022627312318570264, 'subsample': 0.6637897912515033, 'colsample_bytree': 0.37860773883542975, 'reg_alpha': 0.002402045172895932, 'reg_lambda': 0.09166326735039014}. Best is trial 247 with value: 0.03012119889640085.
[I 2025-08-03 13:09:48,135] Trial 525 finished with value: 0.030336403059585258 and parameters: {'min_abs_corr': 0.006610277072472997, 'max_pair_corr': 0.948279210077711, 'n_estimators': 1443, 'learning_rate': 0.010570796104228267, 'max_depth': 8, 'num_leaves': 233, 'min_child_samples': 6, 'min_child_weight': 0.02244464644507928, 'subsample': 0.6332485957554381, 'colsample_bytree': 0.4081129816948501, 'reg_alpha': 0.0022143009719784107, 'reg_lambda': 0.0911562960577336}. Best is trial 247 with value: 0.03012119889640085.
[I 2025-08-03 13:09:55,013] Trial 526 finished with value: 0.030831111163793168 and parameters: {'min_abs_corr': 0.00663590365680589, 'max_pair_corr': 0.9309216139664266, 'n_estimators': 1465, 'learning_rate': 0.010226565112924264, 'max_depth': 7, 'num_leaves': 237, 'min_child_samples': 6, 'min_child_weight': 0.022520558021009083, 'subsample': 0.5797177650709138, 'colsample_bytree': 0.38118144640004853, 'reg_alpha': 0.0024345847253753623, 'reg_lambda': 0.0925070331507164}. Best is trial 247 with value: 0.03012119889640085.
[I 2025-08-03 13:09:59,143] Trial 527 finished with value: 0.03155732040902404 and parameters: {'min_abs_corr': 0.006936785868495588, 'max_pair_corr': 0.9420890678769879, 'n_estimators': 577, 'learning_rate': 0.010325749542871165, 'max_depth': 8, 'num_leaves': 243, 'min_child_samples': 6, 'min_child_weight': 0.022301721231045124, 'subsample': 0.6514133577657832, 'colsample_bytree': 0.3823395391055034, 'reg_alpha': 0.002443718055889044, 'reg_lambda': 0.091872261467427}. Best is trial 247 with value: 0.03012119889640085.
[I 2025-08-03 13:10:06,442] Trial 528 finished with value: 0.03026907290207847 and parameters: {'min_abs_corr': 0.006662246319186868, 'max_pair_corr': 0.9514677665097537, 'n_estimators': 1419, 'learning_rate': 0.010271091818510842, 'max_depth': 8, 'num_leaves': 234, 'min_child_samples': 6, 'min_child_weight': 0.022621561503491705, 'subsample': 0.6688230985343464, 'colsample_bytree': 0.37992275360479266, 'reg_alpha': 0.0024291607748745097, 'reg_lambda': 0.09295788832352266}. Best is trial 247 with value: 0.03012119889640085.
[I 2025-08-03 13:10:13,506] Trial 529 finished with value: 0.031114995047055727 and parameters: {'min_abs_corr': 0.006705625106621764, 'max_pair_corr': 0.9585315119277172, 'n_estimators': 1447, 'learning_rate': 0.010380917747206982, 'max_depth': 7, 'num_leaves': 227, 'min_child_samples': 6, 'min_child_weight': 0.022385295194786835, 'subsample': 0.5950772806797053, 'colsample_bytree': 0.37858169580938544, 'reg_alpha': 0.0024152679225559704, 'reg_lambda': 0.09223205556666694}. Best is trial 247 with value: 0.03012119889640085.
[I 2025-08-03 13:10:21,283] Trial 530 finished with value: 0.031095239384572794 and parameters: {'min_abs_corr': 0.006759359886307293, 'max_pair_corr': 0.9455283013133788, 'n_estimators': 1479, 'learning_rate': 0.008976578168175427, 'max_depth': 8, 'num_leaves': 239, 'min_child_samples': 6, 'min_child_weight': 0.022532234678791962, 'subsample': 0.5844163580857988, 'colsample_bytree': 0.38198970498132934, 'reg_alpha': 0.00244437514191183, 'reg_lambda': 0.09142091235289765}. Best is trial 247 with value: 0.03012119889640085.
[I 2025-08-03 13:10:29,115] Trial 531 finished with value: 0.030597435953362822 and parameters: {'min_abs_corr': 0.006574525424340611, 'max_pair_corr': 0.9557357008633031, 'n_estimators': 1383, 'learning_rate': 0.009975624828249348, 'max_depth': 8, 'num_leaves': 241, 'min_child_samples': 6, 'min_child_weight': 0.022599576382782514, 'subsample': 0.664611614569084, 'colsample_bytree': 0.38024362987273924, 'reg_alpha': 0.0024228239666827726, 'reg_lambda': 0.09017925033086183}. Best is trial 247 with value: 0.03012119889640085.
[I 2025-08-03 13:10:35,906] Trial 532 finished with value: 0.030901289994451808 and parameters: {'min_abs_corr': 0.006627498371570975, 'max_pair_corr': 0.9832701580310957, 'n_estimators': 1152, 'learning_rate': 0.010581587373896658, 'max_depth': 8, 'num_leaves': 248, 'min_child_samples': 6, 'min_child_weight': 0.022458033466023566, 'subsample': 0.6657326262232449, 'colsample_bytree': 0.3771137562203107, 'reg_alpha': 0.0024072745144333428, 'reg_lambda': 0.09261498912923123}. Best is trial 247 with value: 0.03012119889640085.
