[I 2025-08-03 12:25:05,742] Trial 164 finished with value: 0.030426907870203745 and parameters: {'min_abs_corr': 0.006035199668616141, 'max_pair_corr': 0.9499044920442741, 'n_estimators': 1432, 'learning_rate': 0.009463319581930049, 'max_depth': 7, 'num_leaves': 270, 'min_child_samples': 6, 'min_child_weight': 0.021774176845616517, 'subsample': 0.5877570940196588, 'colsample_bytree': 0.40003511070225717, 'reg_alpha': 0.0024360208071574747, 'reg_lambda': 0.08852855225226751}. Best is trial 21 with value: 0.03025798159015493.
[I 2025-08-03 12:25:13,288] Trial 165 finished with value: 0.03092595845513994 and parameters: {'min_abs_corr': 0.006026207192496276, 'max_pair_corr': 0.942302669816016, 'n_estimators': 1381, 'learning_rate': 0.0094712643128052, 'max_depth': 8, 'num_leaves': 275, 'min_child_samples': 6, 'min_child_weight': 0.021740755608282526, 'subsample': 0.5871325428322715, 'colsample_bytree': 0.39895462097588485, 'reg_alpha': 0.0024270775486716317, 'reg_lambda': 0.0886959154898595}. Best is trial 21 with value: 0.03025798159015493.
[I 2025-08-03 12:25:20,149] Trial 166 finished with value: 0.03066253995607831 and parameters: {'min_abs_corr': 0.0059646064503129275, 'max_pair_corr': 0.9562590115815451, 'n_estimators': 1361, 'learning_rate': 0.00939589118774008, 'max_depth': 7, 'num_leaves': 270, 'min_child_samples': 6, 'min_child_weight': 0.02155347055942854, 'subsample': 0.5896623720073737, 'colsample_bytree': 0.39791529182948443, 'reg_alpha': 0.002434323534186177, 'reg_lambda': 0.08836656556960538}. Best is trial 21 with value: 0.03025798159015493.
[I 2025-08-03 12:25:26,724] Trial 167 finished with value: 0.0303508044221057 and parameters: {'min_abs_corr': 0.006000550203557626, 'max_pair_corr': 0.9485218551352484, 'n_estimators': 1427, 'learning_rate': 0.009501112305180357, 'max_depth': 7, 'num_leaves': 267, 'min_child_samples': 6, 'min_child_weight': 0.021702040952380233, 'subsample': 0.6004065930093867, 'colsample_bytree': 0.40080917321679865, 'reg_alpha': 0.002435720774827738, 'reg_lambda': 0.08923385249434072}. Best is trial 21 with value: 0.03025798159015493.
[I 2025-08-03 12:25:33,433] Trial 168 finished with value: 0.030400242088493547 and parameters: {'min_abs_corr': 0.005993704915123894, 'max_pair_corr': 0.9471040235309549, 'n_estimators': 1427, 'learning_rate': 0.009434269914086833, 'max_depth': 7, 'num_leaves': 265, 'min_child_samples': 6, 'min_child_weight': 0.021742918270489818, 'subsample': 0.6004064243454189, 'colsample_bytree': 0.4022351823776213, 'reg_alpha': 0.002444179113049589, 'reg_lambda': 0.08905001288118948}. Best is trial 21 with value: 0.03025798159015493.
[I 2025-08-03 12:25:39,162] Trial 169 finished with value: 0.03044409861339592 and parameters: {'min_abs_corr': 0.006001226676888823, 'max_pair_corr': 0.947064637289938, 'n_estimators': 1425, 'learning_rate': 0.00941365112978285, 'max_depth': 6, 'num_leaves': 264, 'min_child_samples': 6, 'min_child_weight': 0.02217369887532602, 'subsample': 0.6055881856574087, 'colsample_bytree': 0.40195973531450657, 'reg_alpha': 0.002432626665646858, 'reg_lambda': 0.08926584620964857}. Best is trial 21 with value: 0.03025798159015493.
[I 2025-08-03 12:25:44,865] Trial 170 finished with value: 0.030438452350154032 and parameters: {'min_abs_corr': 0.0060363984210891055, 'max_pair_corr': 0.9481138022901336, 'n_estimators': 1427, 'learning_rate': 0.009432992312443393, 'max_depth': 6, 'num_leaves': 265, 'min_child_samples': 6, 'min_child_weight': 0.022181640070543247, 'subsample': 0.605325211471903, 'colsample_bytree': 0.40250787323502046, 'reg_alpha': 0.0024379516718845856, 'reg_lambda': 0.08918993277158863}. Best is trial 21 with value: 0.03025798159015493.
[I 2025-08-03 12:25:50,862] Trial 171 finished with value: 0.03134492065524966 and parameters: {'min_abs_corr': 0.0059991680698645135, 'max_pair_corr': 0.9388673947528828, 'n_estimators': 1429, 'learning_rate': 0.009432166767900877, 'max_depth': 6, 'num_leaves': 265, 'min_child_samples': 6, 'min_child_weight': 0.022466154929322753, 'subsample': 0.6045544129625823, 'colsample_bytree': 0.39972432062486923, 'reg_alpha': 0.0024431066004010475, 'reg_lambda': 0.08914427884546837}. Best is trial 21 with value: 0.03025798159015493.
[I 2025-08-03 12:25:57,377] Trial 172 finished with value: 0.030491711893406666 and parameters: {'min_abs_corr': 0.00603875071126404, 'max_pair_corr': 0.9473689529563197, 'n_estimators': 1431, 'learning_rate': 0.009380662473176947, 'max_depth': 7, 'num_leaves': 268, 'min_child_samples': 6, 'min_child_weight': 0.0221676032847614, 'subsample': 0.5986090551717392, 'colsample_bytree': 0.4022692268375919, 'reg_alpha': 0.0024386729089188545, 'reg_lambda': 0.08887940848178649}. Best is trial 21 with value: 0.03025798159015493.
[I 2025-08-03 12:26:03,418] Trial 173 finished with value: 0.030477988672653156 and parameters: {'min_abs_corr': 0.005958940892316396, 'max_pair_corr': 0.9534136432593152, 'n_estimators': 1481, 'learning_rate': 0.009453925719931285, 'max_depth': 6, 'num_leaves': 264, 'min_child_samples': 6, 'min_child_weight': 0.022220641635343083, 'subsample': 0.6070071768863302, 'colsample_bytree': 0.4037584108731377, 'reg_alpha': 0.0024444065233887938, 'reg_lambda': 0.0900695508100438}. Best is trial 21 with value: 0.03025798159015493.
[I 2025-08-03 12:26:09,137] Trial 174 finished with value: 0.03082333975609175 and parameters: {'min_abs_corr': 0.00601955085924022, 'max_pair_corr': 0.9432143407465752, 'n_estimators': 1410, 'learning_rate': 0.009409402679312085, 'max_depth': 6, 'num_leaves': 266, 'min_child_samples': 6, 'min_child_weight': 0.022277475382005175, 'subsample': 0.6023422465587996, 'colsample_bytree': 0.39452807467317336, 'reg_alpha': 0.0024114632781796655, 'reg_lambda': 0.08937126507152558}. Best is trial 21 with value: 0.03025798159015493.
[I 2025-08-03 12:26:15,984] Trial 175 finished with value: 0.03048838764944481 and parameters: {'min_abs_corr': 0.005994001312658415, 'max_pair_corr': 0.9485876703589806, 'n_estimators': 1498, 'learning_rate': 0.009483696819271891, 'max_depth': 7, 'num_leaves': 269, 'min_child_samples': 6, 'min_child_weight': 0.02202648239709814, 'subsample': 0.6101267043488823, 'colsample_bytree': 0.40235034709913053, 'reg_alpha': 0.002429487009764101, 'reg_lambda': 0.08876560595395341}. Best is trial 21 with value: 0.03025798159015493.
[I 2025-08-03 12:26:22,712] Trial 176 finished with value: 0.031170977954389955 and parameters: {'min_abs_corr': 0.006045230123654514, 'max_pair_corr': 0.9343539926644361, 'n_estimators': 1447, 'learning_rate': 0.00936189631602584, 'max_depth': 7, 'num_leaves': 263, 'min_child_samples': 6, 'min_child_weight': 0.022035577288367872, 'subsample': 0.6073196971096417, 'colsample_bytree': 0.39842742274393333, 'reg_alpha': 0.002428031870802662, 'reg_lambda': 0.08969283422523076}. Best is trial 21 with value: 0.03025798159015493.
[I 2025-08-03 12:26:29,650] Trial 177 finished with value: 0.030327689747385 and parameters: {'min_abs_corr': 0.005932309454746881, 'max_pair_corr': 0.9578190573577213, 'n_estimators': 1471, 'learning_rate': 0.009438415466561023, 'max_depth': 7, 'num_leaves': 268, 'min_child_samples': 7, 'min_child_weight': 0.022649439378133508, 'subsample': 0.6045387245197844, 'colsample_bytree': 0.4069840182706606, 'reg_alpha': 0.002416879745755866, 'reg_lambda': 0.08917325248793413}. Best is trial 21 with value: 0.03025798159015493.
[I 2025-08-03 12:26:33,424] Trial 178 finished with value: 0.031500019346517104 and parameters: {'min_abs_corr': 0.005925928087053576, 'max_pair_corr': 0.9584550348376275, 'n_estimators': 813, 'learning_rate': 0.009417287900497529, 'max_depth': 6, 'num_leaves': 268, 'min_child_samples': 7, 'min_child_weight': 0.02241680461374898, 'subsample': 0.5995244446707906, 'colsample_bytree': 0.401271906443459, 'reg_alpha': 0.0024176552030160297, 'reg_lambda': 0.09057671792497489}. Best is trial 21 with value: 0.03025798159015493.
[I 2025-08-03 12:26:40,380] Trial 179 finished with value: 0.03084090347978627 and parameters: {'min_abs_corr': 0.00595107348668708, 'max_pair_corr': 0.95396284716549, 'n_estimators': 1475, 'learning_rate': 0.009457109190648329, 'max_depth': 7, 'num_leaves': 258, 'min_child_samples': 7, 'min_child_weight': 0.022495799886149054, 'subsample': 0.606301581900228, 'colsample_bytree': 0.4062922512025709, 'reg_alpha': 0.0024341006072789704, 'reg_lambda': 0.08929912949279475}. Best is trial 21 with value: 0.03025798159015493.
[I 2025-08-03 12:26:46,897] Trial 180 finished with value: 0.030358230186358377 and parameters: {'min_abs_corr': 0.005972424780235427, 'max_pair_corr': 0.9509833628720405, 'n_estimators': 1424, 'learning_rate': 0.009492215268253291, 'max_depth': 7, 'num_leaves': 273, 'min_child_samples': 6, 'min_child_weight': 0.02253471552221748, 'subsample': 0.6042596959565745, 'colsample_bytree': 0.39661812365267274, 'reg_alpha': 0.002435808597681481, 'reg_lambda': 0.0890600423695164}. Best is trial 21 with value: 0.03025798159015493.
[I 2025-08-03 12:26:53,133] Trial 181 finished with value: 0.030810244045724543 and parameters: {'min_abs_corr': 0.005976917131371632, 'max_pair_corr': 0.9502593012009215, 'n_estimators': 1422, 'learning_rate': 0.009491730073444511, 'max_depth': 7, 'num_leaves': 272, 'min_child_samples': 7, 'min_child_weight': 0.022556017676980025, 'subsample': 0.6033788909399292, 'colsample_bytree': 0.3977007983811419, 'reg_alpha': 0.0024264158028233546, 'reg_lambda': 0.08902509985691374}. Best is trial 21 with value: 0.03025798159015493.
[I 2025-08-03 12:26:57,654] Trial 182 finished with value: 0.031170636134920448 and parameters: {'min_abs_corr': 0.006000362500736924, 'max_pair_corr': 0.9438725664027277, 'n_estimators': 949, 'learning_rate': 0.009441982768561882, 'max_depth': 7, 'num_leaves': 271, 'min_child_samples': 7, 'min_child_weight': 0.02268461079205919, 'subsample': 0.6002683071084229, 'colsample_bytree': 0.39982505311430977, 'reg_alpha': 0.002437694099722365, 'reg_lambda': 0.08994598213942695}. Best is trial 21 with value: 0.03025798159015493.
[I 2025-08-03 12:27:03,921] Trial 183 finished with value: 0.030888873425126778 and parameters: {'min_abs_corr': 0.005911013823951303, 'max_pair_corr': 0.953530980780694, 'n_estimators': 1393, 'learning_rate': 0.008733562237580246, 'max_depth': 7, 'num_leaves': 265, 'min_child_samples': 7, 'min_child_weight': 0.022330365370739316, 'subsample': 0.6051080322618451, 'colsample_bytree': 0.39573151241586146, 'reg_alpha': 0.0024141346799158147, 'reg_lambda': 0.08925456985500672}. Best is trial 21 with value: 0.03025798159015493.
[I 2025-08-03 12:27:10,868] Trial 184 finished with value: 0.030971999918283942 and parameters: {'min_abs_corr': 0.005963991512490274, 'max_pair_corr': 0.9408995164404149, 'n_estimators': 1430, 'learning_rate': 0.009371561704110444, 'max_depth': 7, 'num_leaves': 274, 'min_child_samples': 6, 'min_child_weight': 0.02213220078865521, 'subsample': 0.5958392684047789, 'colsample_bytree': 0.4073109777838018, 'reg_alpha': 0.0024441141174806, 'reg_lambda': 0.0887066008995705}. Best is trial 21 with value: 0.03025798159015493.
[I 2025-08-03 12:27:17,764] Trial 185 finished with value: 0.030636222003858193 and parameters: {'min_abs_corr': 0.0068889670259060995, 'max_pair_corr': 0.9577084592988843, 'n_estimators': 1476, 'learning_rate': 0.009482823007696789, 'max_depth': 7, 'num_leaves': 268, 'min_child_samples': 7, 'min_child_weight': 0.02259361670973152, 'subsample': 0.6090876277302185, 'colsample_bytree': 0.3920224517873526, 'reg_alpha': 0.002403966708760084, 'reg_lambda': 0.08828898056186954}. Best is trial 21 with value: 0.03025798159015493.
[I 2025-08-03 12:27:23,571] Trial 186 finished with value: 0.03086227208161276 and parameters: {'min_abs_corr': 0.005936656073357019, 'max_pair_corr': 0.9491365460386241, 'n_estimators': 1440, 'learning_rate': 0.009415984261285081, 'max_depth': 6, 'num_leaves': 261, 'min_child_samples': 6, 'min_child_weight': 0.022601436703934875, 'subsample': 0.6041177450993446, 'colsample_bytree': 0.396974993227003, 'reg_alpha': 0.0024247980155419294, 'reg_lambda': 0.0895903840202495}. Best is trial 21 with value: 0.03025798159015493.
[I 2025-08-03 12:27:30,417] Trial 187 finished with value: 0.03038397822585222 and parameters: {'min_abs_corr': 0.00649224130298701, 'max_pair_corr': 0.9457455025955306, 'n_estimators': 1500, 'learning_rate': 0.009515032444716829, 'max_depth': 7, 'num_leaves': 266, 'min_child_samples': 6, 'min_child_weight': 0.022680259147453766, 'subsample': 0.5996106676817301, 'colsample_bytree': 0.4026640678067362, 'reg_alpha': 0.0024336947019244215, 'reg_lambda': 0.08893786942648949}. Best is trial 21 with value: 0.03025798159015493.
[I 2025-08-03 12:27:37,470] Trial 188 finished with value: 0.0313628119779736 and parameters: {'min_abs_corr': 0.006319271556411539, 'max_pair_corr': 0.9365104635432957, 'n_estimators': 1493, 'learning_rate': 0.009509197153447292, 'max_depth': 7, 'num_leaves': 270, 'min_child_samples': 6, 'min_child_weight': 0.022510637522012992, 'subsample': 0.5974329237618949, 'colsample_bytree': 0.4035004953833443, 'reg_alpha': 0.002419788106606996, 'reg_lambda': 0.08880222441443553}. Best is trial 21 with value: 0.03025798159015493.
[I 2025-08-03 12:27:44,423] Trial 189 finished with value: 0.030376911817314993 and parameters: {'min_abs_corr': 0.006416114566369472, 'max_pair_corr': 0.9516168032601698, 'n_estimators': 1500, 'learning_rate': 0.009519240178122777, 'max_depth': 7, 'num_leaves': 273, 'min_child_samples': 6, 'min_child_weight': 0.02165203862285218, 'subsample': 0.6005623417876416, 'colsample_bytree': 0.3937086963430448, 'reg_alpha': 0.0024377848116860267, 'reg_lambda': 0.08817195497232988}. Best is trial 21 with value: 0.03025798159015493.
[I 2025-08-03 12:27:51,793] Trial 190 finished with value: 0.03053100601014951 and parameters: {'min_abs_corr': 0.0064737850992782646, 'max_pair_corr': 0.9639066652512013, 'n_estimators': 1478, 'learning_rate': 0.00954789190734151, 'max_depth': 7, 'num_leaves': 273, 'min_child_samples': 6, 'min_child_weight': 0.021698294547820917, 'subsample': 0.6003948745959328, 'colsample_bytree': 0.3952439880081299, 'reg_alpha': 0.002437181921988259, 'reg_lambda': 0.08826551178255672}. Best is trial 21 with value: 0.03025798159015493.
[I 2025-08-03 12:27:58,509] Trial 191 finished with value: 0.03031753288373971 and parameters: {'min_abs_corr': 0.006492461011766248, 'max_pair_corr': 0.9517041652077705, 'n_estimators': 1462, 'learning_rate': 0.009460543412639074, 'max_depth': 7, 'num_leaves': 267, 'min_child_samples': 6, 'min_child_weight': 0.022665091723276697, 'subsample': 0.6012435558658965, 'colsample_bytree': 0.39397711362134763, 'reg_alpha': 0.0024279726908307065, 'reg_lambda': 0.08856621427358718}. Best is trial 21 with value: 0.03025798159015493.
[I 2025-08-03 12:28:05,946] Trial 192 finished with value: 0.030620239167619735 and parameters: {'min_abs_corr': 0.006539761429878948, 'max_pair_corr': 0.9541356380108286, 'n_estimators': 1500, 'learning_rate': 0.009543224435748506, 'max_depth': 7, 'num_leaves': 267, 'min_child_samples': 6, 'min_child_weight': 0.022684123910631952, 'subsample': 0.6000397012802592, 'colsample_bytree': 0.39382293829843856, 'reg_alpha': 0.0024252947918863873, 'reg_lambda': 0.088564326159923}. Best is trial 21 with value: 0.03025798159015493.
[I 2025-08-03 12:28:12,604] Trial 193 finished with value: 0.030295791039237963 and parameters: {'min_abs_corr': 0.006576550362330103, 'max_pair_corr': 0.9448869527622995, 'n_estimators': 1456, 'learning_rate': 0.00945246236769863, 'max_depth': 7, 'num_leaves': 270, 'min_child_samples': 6, 'min_child_weight': 0.02267896424399211, 'subsample': 0.5939974802994042, 'colsample_bytree': 0.39170775635367433, 'reg_alpha': 0.0024437191604500617, 'reg_lambda': 0.0881368538244123}. Best is trial 21 with value: 0.03025798159015493.
[I 2025-08-03 12:28:19,381] Trial 194 finished with value: 0.03025398200713377 and parameters: {'min_abs_corr': 0.006601580529420458, 'max_pair_corr': 0.944091506268703, 'n_estimators': 1464, 'learning_rate': 0.009444979157969569, 'max_depth': 7, 'num_leaves': 270, 'min_child_samples': 6, 'min_child_weight': 0.02259805358325284, 'subsample': 0.5952523878849327, 'colsample_bytree': 0.39379265275193265, 'reg_alpha': 0.0024433678598442857, 'reg_lambda': 0.08804844129845708}. Best is trial 194 with value: 0.03025398200713377.
[I 2025-08-03 12:28:26,241] Trial 195 finished with value: 0.030819086498753544 and parameters: {'min_abs_corr': 0.006616386196917466, 'max_pair_corr': 0.9406878027870097, 'n_estimators': 1461, 'learning_rate': 0.009463713323448126, 'max_depth': 7, 'num_leaves': 271, 'min_child_samples': 6, 'min_child_weight': 0.02262096551391844, 'subsample': 0.5922711854356252, 'colsample_bytree': 0.3912843017851859, 'reg_alpha': 0.002443889958357418, 'reg_lambda': 0.08801463642948879}. Best is trial 194 with value: 0.03025398200713377.
[I 2025-08-03 12:28:32,934] Trial 196 finished with value: 0.0303656935446049 and parameters: {'min_abs_corr': 0.006477721072400575, 'max_pair_corr': 0.9445233869933686, 'n_estimators': 1472, 'learning_rate': 0.009501702557584804, 'max_depth': 7, 'num_leaves': 269, 'min_child_samples': 6, 'min_child_weight': 0.02267803319592887, 'subsample': 0.5949074547795343, 'colsample_bytree': 0.3926023334072029, 'reg_alpha': 0.0024314412399039707, 'reg_lambda': 0.08819381468109083}. Best is trial 194 with value: 0.03025398200713377.
[I 2025-08-03 12:28:39,791] Trial 197 finished with value: 0.03036026347616293 and parameters: {'min_abs_corr': 0.006479070710684094, 'max_pair_corr': 0.9452442206279014, 'n_estimators': 1500, 'learning_rate': 0.009500122079866283, 'max_depth': 7, 'num_leaves': 269, 'min_child_samples': 6, 'min_child_weight': 0.022687308321703976, 'subsample': 0.5953840238151008, 'colsample_bytree': 0.3881408663178366, 'reg_alpha': 0.0024143175292948866, 'reg_lambda': 0.08742434144304358}. Best is trial 194 with value: 0.03025398200713377.
[I 2025-08-03 12:28:46,556] Trial 198 finished with value: 0.030255922028523275 and parameters: {'min_abs_corr': 0.0064819537324637445, 'max_pair_corr': 0.9444034217002594, 'n_estimators': 1499, 'learning_rate': 0.01006195401743079, 'max_depth': 7, 'num_leaves': 269, 'min_child_samples': 6, 'min_child_weight': 0.02263277228604131, 'subsample': 0.5951340463281707, 'colsample_bytree': 0.3876111822724429, 'reg_alpha': 0.0024114512242629717, 'reg_lambda': 0.08734754657486885}. Best is trial 194 with value: 0.03025398200713377.
[I 2025-08-03 12:28:53,247] Trial 199 finished with value: 0.030417258790244588 and parameters: {'min_abs_corr': 0.006477367770085465, 'max_pair_corr': 0.9450693166505225, 'n_estimators': 1471, 'learning_rate': 0.010122778809765658, 'max_depth': 7, 'num_leaves': 268, 'min_child_samples': 6, 'min_child_weight': 0.02265951276581896, 'subsample': 0.5960993211099451, 'colsample_bytree': 0.3877842314337785, 'reg_alpha': 0.0024040123945280544, 'reg_lambda': 0.08711230257539553}. Best is trial 194 with value: 0.03025398200713377.
[I 2025-08-03 12:28:56,416] Trial 200 finished with value: 0.032858491399001835 and parameters: {'min_abs_corr': 0.006487170248301739, 'max_pair_corr': 0.9450053260633327, 'n_estimators': 1478, 'learning_rate': 0.010056562119262792, 'max_depth': 3, 'num_leaves': 268, 'min_child_samples': 6, 'min_child_weight': 0.022631497433613687, 'subsample': 0.5949421096015789, 'colsample_bytree': 0.38830483175123987, 'reg_alpha': 0.0024133715452909613, 'reg_lambda': 0.08749734470107323}. Best is trial 194 with value: 0.03025398200713377.
[I 2025-08-03 12:29:03,190] Trial 201 finished with value: 0.030359820377236883 and parameters: {'min_abs_corr': 0.006494481071480331, 'max_pair_corr': 0.9441261456275134, 'n_estimators': 1500, 'learning_rate': 0.01000314692718463, 'max_depth': 7, 'num_leaves': 273, 'min_child_samples': 6, 'min_child_weight': 0.022522869720987045, 'subsample': 0.5964946180646568, 'colsample_bytree': 0.38655725426176096, 'reg_alpha': 0.002400495985247242, 'reg_lambda': 0.08732746550378222}. Best is trial 194 with value: 0.03025398200713377.
[I 2025-08-03 12:29:09,856] Trial 202 finished with value: 0.030341106880456742 and parameters: {'min_abs_corr': 0.006510559437044453, 'max_pair_corr': 0.9440788926673277, 'n_estimators': 1500, 'learning_rate': 0.010077825694866281, 'max_depth': 7, 'num_leaves': 275, 'min_child_samples': 6, 'min_child_weight': 0.022420435936503086, 'subsample': 0.5960509598996961, 'colsample_bytree': 0.3855748190351013, 'reg_alpha': 0.00238111084423566, 'reg_lambda': 0.08750296291692664}. Best is trial 194 with value: 0.03025398200713377.
[I 2025-08-03 12:29:16,795] Trial 203 finished with value: 0.03130399298815168 and parameters: {'min_abs_corr': 0.0064371729476146436, 'max_pair_corr': 0.9391492777550148, 'n_estimators': 1497, 'learning_rate': 0.009986592991579089, 'max_depth': 7, 'num_leaves': 273, 'min_child_samples': 6, 'min_child_weight': 0.022445297751704327, 'subsample': 0.5977321019072599, 'colsample_bytree': 0.3853434130827528, 'reg_alpha': 0.002424432035591422, 'reg_lambda': 0.0874349750390984}. Best is trial 194 with value: 0.03025398200713377.
[I 2025-08-03 12:29:23,799] Trial 204 finished with value: 0.03087175591671206 and parameters: {'min_abs_corr': 0.006589986635114129, 'max_pair_corr': 0.9427626351874819, 'n_estimators': 1500, 'learning_rate': 0.010028718709323299, 'max_depth': 7, 'num_leaves': 275, 'min_child_samples': 6, 'min_child_weight': 0.022510265182597234, 'subsample': 0.5919429359506603, 'colsample_bytree': 0.3861495383691258, 'reg_alpha': 0.002415195064204864, 'reg_lambda': 0.087729706780092}. Best is trial 194 with value: 0.03025398200713377.
