[I 2025-08-03 12:29:30,657] Trial 205 finished with value: 0.031263870523029584 and parameters: {'min_abs_corr': 0.006509980503819951, 'max_pair_corr': 0.9354132221022342, 'n_estimators': 1457, 'learning_rate': 0.010175617962119035, 'max_depth': 7, 'num_leaves': 272, 'min_child_samples': 6, 'min_child_weight': 0.022538894796322616, 'subsample': 0.594939374895907, 'colsample_bytree': 0.3933017107305605, 'reg_alpha': 0.0024305568802422423, 'reg_lambda': 0.08730351762999641}. Best is trial 194 with value: 0.03025398200713377.
[I 2025-08-03 12:29:37,148] Trial 206 finished with value: 0.03037808628328024 and parameters: {'min_abs_corr': 0.006512460438007479, 'max_pair_corr': 0.9458150729045849, 'n_estimators': 1457, 'learning_rate': 0.010090259866847359, 'max_depth': 7, 'num_leaves': 270, 'min_child_samples': 6, 'min_child_weight': 0.02237241394815153, 'subsample': 0.6017822720963784, 'colsample_bytree': 0.38098077617682996, 'reg_alpha': 0.0023897535679257478, 'reg_lambda': 0.0865942365031868}. Best is trial 194 with value: 0.03025398200713377.
[I 2025-08-03 12:29:43,912] Trial 207 finished with value: 0.030326981892993255 and parameters: {'min_abs_corr': 0.006516369657679583, 'max_pair_corr': 0.9537637026904537, 'n_estimators': 1500, 'learning_rate': 0.010109597224527781, 'max_depth': 7, 'num_leaves': 274, 'min_child_samples': 6, 'min_child_weight': 0.02232187183051051, 'subsample': 0.5941994699884626, 'colsample_bytree': 0.3830433426212091, 'reg_alpha': 0.0023831638803261195, 'reg_lambda': 0.08666485093829593}. Best is trial 194 with value: 0.03025398200713377.
[I 2025-08-03 12:29:50,545] Trial 208 finished with value: 0.03035662374523625 and parameters: {'min_abs_corr': 0.00653425261208659, 'max_pair_corr': 0.9527800869902967, 'n_estimators': 1461, 'learning_rate': 0.010087294893270763, 'max_depth': 7, 'num_leaves': 276, 'min_child_samples': 6, 'min_child_weight': 0.022366328177290746, 'subsample': 0.5932170672872046, 'colsample_bytree': 0.3821783874483575, 'reg_alpha': 0.0023886666190369708, 'reg_lambda': 0.08678696883140569}. Best is trial 194 with value: 0.03025398200713377.
[I 2025-08-03 12:29:57,582] Trial 209 finished with value: 0.030732508045285545 and parameters: {'min_abs_corr': 0.006543873704525715, 'max_pair_corr': 0.9543568855641997, 'n_estimators': 1462, 'learning_rate': 0.010080654905106843, 'max_depth': 7, 'num_leaves': 275, 'min_child_samples': 6, 'min_child_weight': 0.02244179881008993, 'subsample': 0.5938870270056019, 'colsample_bytree': 0.3820627898058014, 'reg_alpha': 0.0023779604043613783, 'reg_lambda': 0.08677479863164314}. Best is trial 194 with value: 0.03025398200713377.
[I 2025-08-03 12:30:04,897] Trial 210 finished with value: 0.03043953366188933 and parameters: {'min_abs_corr': 0.00651556147834093, 'max_pair_corr': 0.9593180453581418, 'n_estimators': 1471, 'learning_rate': 0.010101041778507618, 'max_depth': 7, 'num_leaves': 274, 'min_child_samples': 6, 'min_child_weight': 0.022329088192208774, 'subsample': 0.5973849026307546, 'colsample_bytree': 0.38293929958943446, 'reg_alpha': 0.0023889074532838406, 'reg_lambda': 0.08658217927676494}. Best is trial 194 with value: 0.03025398200713377.
[I 2025-08-03 12:30:11,710] Trial 211 finished with value: 0.030273901043389884 and parameters: {'min_abs_corr': 0.00657116628966174, 'max_pair_corr': 0.9516142790784266, 'n_estimators': 1499, 'learning_rate': 0.010148302014219648, 'max_depth': 7, 'num_leaves': 277, 'min_child_samples': 6, 'min_child_weight': 0.022350851714534995, 'subsample': 0.5916916894887111, 'colsample_bytree': 0.3793142934331264, 'reg_alpha': 0.002389633345579729, 'reg_lambda': 0.08652210222178426}. Best is trial 194 with value: 0.03025398200713377.
[I 2025-08-03 12:30:18,649] Trial 212 finished with value: 0.030379780200185485 and parameters: {'min_abs_corr': 0.006571524292361047, 'max_pair_corr': 0.9520483627688878, 'n_estimators': 1500, 'learning_rate': 0.010005043705837612, 'max_depth': 7, 'num_leaves': 277, 'min_child_samples': 6, 'min_child_weight': 0.022363342085994536, 'subsample': 0.593907104588756, 'colsample_bytree': 0.3796343893260514, 'reg_alpha': 0.002384933077230503, 'reg_lambda': 0.08611237448110627}. Best is trial 194 with value: 0.03025398200713377.
[I 2025-08-03 12:30:25,729] Trial 213 finished with value: 0.030686859596835515 and parameters: {'min_abs_corr': 0.006430879370832358, 'max_pair_corr': 0.9549386760794543, 'n_estimators': 1455, 'learning_rate': 0.010191200649327131, 'max_depth': 7, 'num_leaves': 276, 'min_child_samples': 6, 'min_child_weight': 0.02254147888188976, 'subsample': 0.5903628585963593, 'colsample_bytree': 0.3771941020278663, 'reg_alpha': 0.002363740164334277, 'reg_lambda': 0.08528171137844053}. Best is trial 194 with value: 0.03025398200713377.
[I 2025-08-03 12:30:32,449] Trial 214 finished with value: 0.03035507888948281 and parameters: {'min_abs_corr': 0.0064604506461367174, 'max_pair_corr': 0.9524804903868368, 'n_estimators': 1476, 'learning_rate': 0.009955968967868264, 'max_depth': 7, 'num_leaves': 272, 'min_child_samples': 6, 'min_child_weight': 0.02241132416887694, 'subsample': 0.5916550161186948, 'colsample_bytree': 0.379805520851919, 'reg_alpha': 0.002396990621428166, 'reg_lambda': 0.08644644924719766}. Best is trial 194 with value: 0.03025398200713377.
[I 2025-08-03 12:30:39,784] Trial 215 finished with value: 0.03046773216633658 and parameters: {'min_abs_corr': 0.006466711236736871, 'max_pair_corr': 0.959453184887122, 'n_estimators': 1500, 'learning_rate': 0.009890363467579785, 'max_depth': 7, 'num_leaves': 273, 'min_child_samples': 6, 'min_child_weight': 0.02256805118546849, 'subsample': 0.591237164308328, 'colsample_bytree': 0.3838602286758728, 'reg_alpha': 0.002397498123233295, 'reg_lambda': 0.0862865001812539}. Best is trial 194 with value: 0.03025398200713377.
[I 2025-08-03 12:30:49,421] Trial 216 finished with value: 0.03047839962795628 and parameters: {'min_abs_corr': 0.0065799690669410445, 'max_pair_corr': 0.9517430292481223, 'n_estimators': 1478, 'learning_rate': 0.01015172343108369, 'max_depth': 10, 'num_leaves': 279, 'min_child_samples': 6, 'min_child_weight': 0.0224554505641442, 'subsample': 0.5966404109127531, 'colsample_bytree': 0.38926650034035426, 'reg_alpha': 0.0023816693006007963, 'reg_lambda': 0.08590864063266174}. Best is trial 194 with value: 0.03025398200713377.
[I 2025-08-03 12:30:56,571] Trial 217 finished with value: 0.030766223275383586 and parameters: {'min_abs_corr': 0.006613386462827888, 'max_pair_corr': 0.9567515344645402, 'n_estimators': 1477, 'learning_rate': 0.009974424586217105, 'max_depth': 7, 'num_leaves': 272, 'min_child_samples': 6, 'min_child_weight': 0.02258150362931188, 'subsample': 0.5947107910369627, 'colsample_bytree': 0.3793637122259563, 'reg_alpha': 0.002399650816091094, 'reg_lambda': 0.08679132166406443}. Best is trial 194 with value: 0.03025398200713377.
[I 2025-08-03 12:31:02,963] Trial 218 finished with value: 0.030694014465190038 and parameters: {'min_abs_corr': 0.0065488338793383005, 'max_pair_corr': 0.942259774745968, 'n_estimators': 1448, 'learning_rate': 0.010031243277986976, 'max_depth': 7, 'num_leaves': 269, 'min_child_samples': 7, 'min_child_weight': 0.02231710828058127, 'subsample': 0.5921065368352776, 'colsample_bytree': 0.38584808934021525, 'reg_alpha': 0.002410290001164958, 'reg_lambda': 0.08710720929556927}. Best is trial 194 with value: 0.03025398200713377.
[I 2025-08-03 12:31:09,636] Trial 219 finished with value: 0.03035583679237803 and parameters: {'min_abs_corr': 0.006452361900912837, 'max_pair_corr': 0.9523154301256477, 'n_estimators': 1476, 'learning_rate': 0.010230268589316733, 'max_depth': 7, 'num_leaves': 276, 'min_child_samples': 6, 'min_child_weight': 0.022436645230878193, 'subsample': 0.5978094280046908, 'colsample_bytree': 0.3904731621557606, 'reg_alpha': 0.002401475316628306, 'reg_lambda': 0.08733067086037043}. Best is trial 194 with value: 0.03025398200713377.
[I 2025-08-03 12:31:16,239] Trial 220 finished with value: 0.030400997347466707 and parameters: {'min_abs_corr': 0.00646443017297382, 'max_pair_corr': 0.9492749096480332, 'n_estimators': 1449, 'learning_rate': 0.01027418917067801, 'max_depth': 7, 'num_leaves': 278, 'min_child_samples': 6, 'min_child_weight': 0.02244487575159321, 'subsample': 0.5966946664186052, 'colsample_bytree': 0.38997807285354674, 'reg_alpha': 0.0023890218557697843, 'reg_lambda': 0.08712788442018207}. Best is trial 194 with value: 0.03025398200713377.
[I 2025-08-03 12:31:22,997] Trial 221 finished with value: 0.030342113658344688 and parameters: {'min_abs_corr': 0.006447614675354861, 'max_pair_corr': 0.9510902764823875, 'n_estimators': 1478, 'learning_rate': 0.010341710358450775, 'max_depth': 7, 'num_leaves': 276, 'min_child_samples': 6, 'min_child_weight': 0.02268890514244894, 'subsample': 0.5931208082326437, 'colsample_bytree': 0.39146276976034694, 'reg_alpha': 0.00240307148327823, 'reg_lambda': 0.08741042734504081}. Best is trial 194 with value: 0.03025398200713377.
[I 2025-08-03 12:31:30,194] Trial 222 finished with value: 0.030656323333334224 and parameters: {'min_abs_corr': 0.006521822855011971, 'max_pair_corr': 0.9546733745839989, 'n_estimators': 1473, 'learning_rate': 0.01034496651014176, 'max_depth': 7, 'num_leaves': 276, 'min_child_samples': 6, 'min_child_weight': 0.022677392713823692, 'subsample': 0.5898101590020308, 'colsample_bytree': 0.3824351585502422, 'reg_alpha': 0.002402895998367906, 'reg_lambda': 0.0864179780096767}. Best is trial 194 with value: 0.03025398200713377.
[I 2025-08-03 12:31:36,799] Trial 223 finished with value: 0.030364337965202732 and parameters: {'min_abs_corr': 0.006453137082954078, 'max_pair_corr': 0.9466833865944312, 'n_estimators': 1476, 'learning_rate': 0.010421929979119518, 'max_depth': 7, 'num_leaves': 274, 'min_child_samples': 6, 'min_child_weight': 0.022536511225058748, 'subsample': 0.5933358189799197, 'colsample_bytree': 0.3914607076213673, 'reg_alpha': 0.002378992096659945, 'reg_lambda': 0.08745203414866902}. Best is trial 194 with value: 0.03025398200713377.
[I 2025-08-03 12:31:43,479] Trial 224 finished with value: 0.030810875075028978 and parameters: {'min_abs_corr': 0.006725073714030608, 'max_pair_corr': 0.943981827322546, 'n_estimators': 1475, 'learning_rate': 0.01039236996636905, 'max_depth': 7, 'num_leaves': 274, 'min_child_samples': 6, 'min_child_weight': 0.022529770526346693, 'subsample': 0.5926035312912418, 'colsample_bytree': 0.3880704537780703, 'reg_alpha': 0.002358119553301854, 'reg_lambda': 0.08752840787947368}. Best is trial 194 with value: 0.03025398200713377.
[I 2025-08-03 12:31:46,978] Trial 225 finished with value: 0.032337605227162655 and parameters: {'min_abs_corr': 0.006452161443824921, 'max_pair_corr': 0.9396508027987345, 'n_estimators': 577, 'learning_rate': 0.01024606750691619, 'max_depth': 7, 'num_leaves': 276, 'min_child_samples': 6, 'min_child_weight': 0.02258006202056533, 'subsample': 0.5949639181421312, 'colsample_bytree': 0.3906959795422819, 'reg_alpha': 0.0023823225002507775, 'reg_lambda': 0.08683701057948498}. Best is trial 194 with value: 0.03025398200713377.
[I 2025-08-03 12:31:53,558] Trial 226 finished with value: 0.030317865229172992 and parameters: {'min_abs_corr': 0.0064018500684076786, 'max_pair_corr': 0.9462816176712908, 'n_estimators': 1477, 'learning_rate': 0.010525594377085914, 'max_depth': 7, 'num_leaves': 271, 'min_child_samples': 6, 'min_child_weight': 0.022419374902150433, 'subsample': 0.5985156865924142, 'colsample_bytree': 0.3846047347584209, 'reg_alpha': 0.0023963964680584204, 'reg_lambda': 0.08728181110740109}. Best is trial 194 with value: 0.03025398200713377.
[I 2025-08-03 12:32:01,234] Trial 227 finished with value: 0.03029511396714174 and parameters: {'min_abs_corr': 0.006396275250308252, 'max_pair_corr': 0.9469671863727152, 'n_estimators': 1500, 'learning_rate': 0.010464225074941453, 'max_depth': 8, 'num_leaves': 272, 'min_child_samples': 6, 'min_child_weight': 0.02239702200002589, 'subsample': 0.597949162015727, 'colsample_bytree': 0.3853310049935023, 'reg_alpha': 0.0023949250618109565, 'reg_lambda': 0.08744926652292241}. Best is trial 194 with value: 0.03025398200713377.
[I 2025-08-03 12:32:08,625] Trial 228 finished with value: 0.03038220640470707 and parameters: {'min_abs_corr': 0.006402906814816663, 'max_pair_corr': 0.9470327593441374, 'n_estimators': 1478, 'learning_rate': 0.010555821492438524, 'max_depth': 8, 'num_leaves': 280, 'min_child_samples': 6, 'min_child_weight': 0.02239131900592954, 'subsample': 0.5977518195800665, 'colsample_bytree': 0.3850827727814207, 'reg_alpha': 0.0023725399343493825, 'reg_lambda': 0.0871679027939262}. Best is trial 194 with value: 0.03025398200713377.
[I 2025-08-03 12:32:15,549] Trial 229 finished with value: 0.03137800741693324 and parameters: {'min_abs_corr': 0.006366864163179962, 'max_pair_corr': 0.9381942335123172, 'n_estimators': 1485, 'learning_rate': 0.010458942292507484, 'max_depth': 7, 'num_leaves': 271, 'min_child_samples': 6, 'min_child_weight': 0.022449043537645024, 'subsample': 0.5984542077866598, 'colsample_bytree': 0.38377227764932115, 'reg_alpha': 0.002395714616085339, 'reg_lambda': 0.08765159147337537}. Best is trial 194 with value: 0.03025398200713377.
[I 2025-08-03 12:32:23,465] Trial 230 finished with value: 0.030540392492896546 and parameters: {'min_abs_corr': 0.006490469515021404, 'max_pair_corr': 0.9572068850053467, 'n_estimators': 1456, 'learning_rate': 0.010451834146685846, 'max_depth': 8, 'num_leaves': 274, 'min_child_samples': 6, 'min_child_weight': 0.022275576939082536, 'subsample': 0.5935239649394833, 'colsample_bytree': 0.3812761946386997, 'reg_alpha': 0.002382372904604033, 'reg_lambda': 0.08735566798416321}. Best is trial 194 with value: 0.03025398200713377.
[I 2025-08-03 12:32:30,231] Trial 231 finished with value: 0.03038485051887068 and parameters: {'min_abs_corr': 0.0064407783672812795, 'max_pair_corr': 0.9450449056931847, 'n_estimators': 1497, 'learning_rate': 0.010224342297026382, 'max_depth': 7, 'num_leaves': 272, 'min_child_samples': 6, 'min_child_weight': 0.022599687740774213, 'subsample': 0.5890313993330007, 'colsample_bytree': 0.38605200520892524, 'reg_alpha': 0.0023928212830707004, 'reg_lambda': 0.08686760338270783}. Best is trial 194 with value: 0.03025398200713377.
[I 2025-08-03 12:32:38,885] Trial 232 finished with value: 0.030956955917020967 and parameters: {'min_abs_corr': 0.006493220086131233, 'max_pair_corr': 0.9416915720062552, 'n_estimators': 1472, 'learning_rate': 0.010504191954166724, 'max_depth': 9, 'num_leaves': 269, 'min_child_samples': 6, 'min_child_weight': 0.022688818262484478, 'subsample': 0.5953695173753252, 'colsample_bytree': 0.3888853310024096, 'reg_alpha': 0.002402489916605954, 'reg_lambda': 0.08772061977190597}. Best is trial 194 with value: 0.03025398200713377.
[I 2025-08-03 12:32:45,383] Trial 233 finished with value: 0.030406276238079632 and parameters: {'min_abs_corr': 0.006455657957031255, 'max_pair_corr': 0.9488265214314974, 'n_estimators': 1454, 'learning_rate': 0.01032214808791601, 'max_depth': 7, 'num_leaves': 277, 'min_child_samples': 6, 'min_child_weight': 0.02250502610421202, 'subsample': 0.5910093315002801, 'colsample_bytree': 0.3788330557068324, 'reg_alpha': 0.00236664178799242, 'reg_lambda': 0.08722031714805714}. Best is trial 194 with value: 0.03025398200713377.
[I 2025-08-03 12:32:52,069] Trial 234 finished with value: 0.030342329321209328 and parameters: {'min_abs_corr': 0.006527623707088994, 'max_pair_corr': 0.9470067091000611, 'n_estimators': 1498, 'learning_rate': 0.01063859119657708, 'max_depth': 7, 'num_leaves': 274, 'min_child_samples': 6, 'min_child_weight': 0.022361372367247594, 'subsample': 0.5982918365498796, 'colsample_bytree': 0.383793457129576, 'reg_alpha': 0.002412131063233674, 'reg_lambda': 0.08669898220790889}. Best is trial 194 with value: 0.03025398200713377.
[I 2025-08-03 12:32:58,675] Trial 235 finished with value: 0.03027241664828706 and parameters: {'min_abs_corr': 0.006528186653647834, 'max_pair_corr': 0.9520297243274726, 'n_estimators': 1499, 'learning_rate': 0.01051638583867659, 'max_depth': 7, 'num_leaves': 275, 'min_child_samples': 6, 'min_child_weight': 0.022388686956248717, 'subsample': 0.5978100506332601, 'colsample_bytree': 0.38259971511376256, 'reg_alpha': 0.002410491244006656, 'reg_lambda': 0.08652881307053527}. Best is trial 194 with value: 0.03025398200713377.
[I 2025-08-03 12:33:05,396] Trial 236 finished with value: 0.03025953184155486 and parameters: {'min_abs_corr': 0.006560159886257922, 'max_pair_corr': 0.9537549499674273, 'n_estimators': 1500, 'learning_rate': 0.010545988350198125, 'max_depth': 7, 'num_leaves': 275, 'min_child_samples': 6, 'min_child_weight': 0.0223720536118586, 'subsample': 0.6023351752843303, 'colsample_bytree': 0.38320287758318666, 'reg_alpha': 0.002409587962423111, 'reg_lambda': 0.0859228438705478}. Best is trial 194 with value: 0.03025398200713377.
[I 2025-08-03 12:33:12,049] Trial 237 finished with value: 0.030300342093513 and parameters: {'min_abs_corr': 0.006562171633988161, 'max_pair_corr': 0.9532783538044379, 'n_estimators': 1500, 'learning_rate': 0.01062270393754509, 'max_depth': 7, 'num_leaves': 278, 'min_child_samples': 6, 'min_child_weight': 0.022281059708082546, 'subsample': 0.6028117229008002, 'colsample_bytree': 0.3835346119829659, 'reg_alpha': 0.0024096128090920787, 'reg_lambda': 0.08576607751850242}. Best is trial 194 with value: 0.03025398200713377.
[I 2025-08-03 12:33:19,298] Trial 238 finished with value: 0.030368198316543353 and parameters: {'min_abs_corr': 0.006604449763125409, 'max_pair_corr': 0.9610593274208034, 'n_estimators': 1500, 'learning_rate': 0.010580345234018502, 'max_depth': 7, 'num_leaves': 279, 'min_child_samples': 6, 'min_child_weight': 0.022269151787358884, 'subsample': 0.6020992672890457, 'colsample_bytree': 0.3827104546498156, 'reg_alpha': 0.0024066801486541055, 'reg_lambda': 0.08497737209566342}. Best is trial 194 with value: 0.03025398200713377.
[I 2025-08-03 12:33:26,400] Trial 239 finished with value: 0.030604320369513337 and parameters: {'min_abs_corr': 0.0065549369841199625, 'max_pair_corr': 0.9556377555248572, 'n_estimators': 1500, 'learning_rate': 0.010626427378268468, 'max_depth': 7, 'num_leaves': 277, 'min_child_samples': 6, 'min_child_weight': 0.022383297896428605, 'subsample': 0.5989667362386352, 'colsample_bytree': 0.37957264571131233, 'reg_alpha': 0.002397899382395565, 'reg_lambda': 0.08582532096482415}. Best is trial 194 with value: 0.03025398200713377.
[I 2025-08-03 12:33:31,745] Trial 240 finished with value: 0.030718935511961486 and parameters: {'min_abs_corr': 0.006533727204239804, 'max_pair_corr': 0.9532469630151708, 'n_estimators': 1449, 'learning_rate': 0.010610371764501738, 'max_depth': 6, 'num_leaves': 276, 'min_child_samples': 7, 'min_child_weight': 0.02232421458116862, 'subsample': 0.6025482877324282, 'colsample_bytree': 0.38129668614122436, 'reg_alpha': 0.0024090422115960156, 'reg_lambda': 0.08537738740855956}. Best is trial 194 with value: 0.03025398200713377.
[I 2025-08-03 12:33:38,405] Trial 241 finished with value: 0.030306565555156678 and parameters: {'min_abs_corr': 0.006568557893271588, 'max_pair_corr': 0.9511054021713121, 'n_estimators': 1484, 'learning_rate': 0.010508031783160917, 'max_depth': 7, 'num_leaves': 275, 'min_child_samples': 6, 'min_child_weight': 0.022373986019973174, 'subsample': 0.5977902088208136, 'colsample_bytree': 0.3838190579932919, 'reg_alpha': 0.0024155961787793554, 'reg_lambda': 0.08634442244387895}. Best is trial 194 with value: 0.03025398200713377.
[I 2025-08-03 12:33:45,008] Trial 242 finished with value: 0.03038241393507434 and parameters: {'min_abs_corr': 0.006566125981546205, 'max_pair_corr': 0.9516150382305026, 'n_estimators': 1475, 'learning_rate': 0.010504027137042864, 'max_depth': 7, 'num_leaves': 281, 'min_child_samples': 6, 'min_child_weight': 0.022399036805445912, 'subsample': 0.5985812929833442, 'colsample_bytree': 0.3839664331883576, 'reg_alpha': 0.0024167150805343243, 'reg_lambda': 0.08636156840688491}. Best is trial 194 with value: 0.03025398200713377.
[I 2025-08-03 12:33:52,224] Trial 243 finished with value: 0.030743518602643894 and parameters: {'min_abs_corr': 0.00652450971059251, 'max_pair_corr': 0.957368814853738, 'n_estimators': 1500, 'learning_rate': 0.010524899632353356, 'max_depth': 7, 'num_leaves': 278, 'min_child_samples': 6, 'min_child_weight': 0.022323795957975526, 'subsample': 0.6031707125721928, 'colsample_bytree': 0.3844741276340755, 'reg_alpha': 0.0023916051396213056, 'reg_lambda': 0.08605757271792343}. Best is trial 194 with value: 0.03025398200713377.
[I 2025-08-03 12:33:57,112] Trial 244 finished with value: 0.030508733047376092 and parameters: {'min_abs_corr': 0.006591315104808744, 'max_pair_corr': 0.9506786603622054, 'n_estimators': 1043, 'learning_rate': 0.010560859413895288, 'max_depth': 7, 'num_leaves': 275, 'min_child_samples': 6, 'min_child_weight': 0.022251374078122742, 'subsample': 0.6006202979671196, 'colsample_bytree': 0.3826785343156983, 'reg_alpha': 0.0024045580188779324, 'reg_lambda': 0.08568356205714178}. Best is trial 194 with value: 0.03025398200713377.
[I 2025-08-03 12:34:04,200] Trial 245 finished with value: 0.030691722705376658 and parameters: {'min_abs_corr': 0.006638920553342151, 'max_pair_corr': 0.9538642140624697, 'n_estimators': 1478, 'learning_rate': 0.010595907273819776, 'max_depth': 7, 'num_leaves': 272, 'min_child_samples': 6, 'min_child_weight': 0.022441850149671226, 'subsample': 0.5980793022780926, 'colsample_bytree': 0.3861491300319587, 'reg_alpha': 0.0024176656372905374, 'reg_lambda': 0.08646713752852632}. Best is trial 194 with value: 0.03025398200713377.
