[I 2025-08-03 12:20:19,133] Trial 123 finished with value: 0.030438918455110976 and parameters: {'min_abs_corr': 0.0060664611262220905, 'max_pair_corr': 0.9511870423890303, 'n_estimators': 1376, 'learning_rate': 0.009512171026661862, 'max_depth': 7, 'num_leaves': 296, 'min_child_samples': 6, 'min_child_weight': 0.021404943350055758, 'subsample': 0.6059020670581305, 'colsample_bytree': 0.42668883671113655, 'reg_alpha': 0.0022257802913105947, 'reg_lambda': 0.09006714826699941}. Best is trial 21 with value: 0.03025798159015493.
[I 2025-08-03 12:20:23,842] Trial 124 finished with value: 0.03153743211600259 and parameters: {'min_abs_corr': 0.006062198820068792, 'max_pair_corr': 0.9729974439407332, 'n_estimators': 708, 'learning_rate': 0.009576840324219823, 'max_depth': 7, 'num_leaves': 295, 'min_child_samples': 6, 'min_child_weight': 0.02132058663037226, 'subsample': 0.6025502805249245, 'colsample_bytree': 0.42847212823318165, 'reg_alpha': 0.002232472066897899, 'reg_lambda': 0.09110276884095389}. Best is trial 21 with value: 0.03025798159015493.
[I 2025-08-03 12:20:31,009] Trial 125 finished with value: 0.030474770201626013 and parameters: {'min_abs_corr': 0.0061098888158968336, 'max_pair_corr': 0.9515112941593411, 'n_estimators': 1330, 'learning_rate': 0.0095277495591987, 'max_depth': 8, 'num_leaves': 291, 'min_child_samples': 6, 'min_child_weight': 0.021485857841048384, 'subsample': 0.6126538151186276, 'colsample_bytree': 0.4056240770197889, 'reg_alpha': 0.0022240492829224846, 'reg_lambda': 0.08849378712868733}. Best is trial 21 with value: 0.03025798159015493.
[I 2025-08-03 12:20:38,710] Trial 126 finished with value: 0.03068728000232394 and parameters: {'min_abs_corr': 0.006096498741776246, 'max_pair_corr': 0.9573752119029578, 'n_estimators': 1339, 'learning_rate': 0.00955096560614559, 'max_depth': 8, 'num_leaves': 289, 'min_child_samples': 6, 'min_child_weight': 0.021535526073966308, 'subsample': 0.6232169690472147, 'colsample_bytree': 0.3868995882624389, 'reg_alpha': 0.002251047478821064, 'reg_lambda': 0.088346539618413}. Best is trial 21 with value: 0.03025798159015493.
[I 2025-08-03 12:20:48,008] Trial 127 finished with value: 0.03108585334310706 and parameters: {'min_abs_corr': 0.006119024327671568, 'max_pair_corr': 0.9803860316584718, 'n_estimators': 1451, 'learning_rate': 0.00965712788295368, 'max_depth': 9, 'num_leaves': 291, 'min_child_samples': 6, 'min_child_weight': 0.021286097018387233, 'subsample': 0.6122467749092091, 'colsample_bytree': 0.40437867098279934, 'reg_alpha': 0.002223698555329674, 'reg_lambda': 0.08893172288184505}. Best is trial 21 with value: 0.03025798159015493.
[I 2025-08-03 12:20:55,801] Trial 128 finished with value: 0.030502753222691366 and parameters: {'min_abs_corr': 0.006068172876801525, 'max_pair_corr': 0.9623202621415835, 'n_estimators': 1320, 'learning_rate': 0.009416141863126849, 'max_depth': 8, 'num_leaves': 287, 'min_child_samples': 6, 'min_child_weight': 0.021805679829620207, 'subsample': 0.6271550937479327, 'colsample_bytree': 0.40990609657741733, 'reg_alpha': 0.0022750276202364774, 'reg_lambda': 0.08768871501022373}. Best is trial 21 with value: 0.03025798159015493.
[I 2025-08-03 12:21:03,525] Trial 129 finished with value: 0.030584619765310926 and parameters: {'min_abs_corr': 0.006203782124216763, 'max_pair_corr': 0.9634661426031828, 'n_estimators': 1276, 'learning_rate': 0.009380905879636657, 'max_depth': 8, 'num_leaves': 286, 'min_child_samples': 6, 'min_child_weight': 0.022388635149102963, 'subsample': 0.6098022570261978, 'colsample_bytree': 0.39750514133715265, 'reg_alpha': 0.002294229476850725, 'reg_lambda': 0.08729778290531634}. Best is trial 21 with value: 0.03025798159015493.
[I 2025-08-03 12:21:12,746] Trial 130 finished with value: 0.031306577841360476 and parameters: {'min_abs_corr': 0.006155610948031794, 'max_pair_corr': 0.9873802873381543, 'n_estimators': 1316, 'learning_rate': 0.009265474484045393, 'max_depth': 9, 'num_leaves': 276, 'min_child_samples': 6, 'min_child_weight': 0.021108594980515746, 'subsample': 0.6269478398461206, 'colsample_bytree': 0.4018708827181767, 'reg_alpha': 0.0022787102667973748, 'reg_lambda': 0.08781352957219074}. Best is trial 21 with value: 0.03025798159015493.
[I 2025-08-03 12:21:20,478] Trial 131 finished with value: 0.03057606925749824 and parameters: {'min_abs_corr': 0.006072384152053481, 'max_pair_corr': 0.9522501377373942, 'n_estimators': 1430, 'learning_rate': 0.00944809485524512, 'max_depth': 8, 'num_leaves': 284, 'min_child_samples': 6, 'min_child_weight': 0.021801729124061017, 'subsample': 0.6203271758316913, 'colsample_bytree': 0.4202522608183893, 'reg_alpha': 0.002264097884428486, 'reg_lambda': 0.08835199945016659}. Best is trial 21 with value: 0.03025798159015493.
[I 2025-08-03 12:21:28,185] Trial 132 finished with value: 0.03141331313733341 and parameters: {'min_abs_corr': 0.006039674822957229, 'max_pair_corr': 0.9399097278972247, 'n_estimators': 1390, 'learning_rate': 0.009410897530514809, 'max_depth': 8, 'num_leaves': 288, 'min_child_samples': 6, 'min_child_weight': 0.02204374245789055, 'subsample': 0.6306097056610963, 'colsample_bytree': 0.41120316647047156, 'reg_alpha': 0.002240190242068548, 'reg_lambda': 0.08698137184037046}. Best is trial 21 with value: 0.03025798159015493.
[I 2025-08-03 12:21:36,006] Trial 133 finished with value: 0.031023065693586364 and parameters: {'min_abs_corr': 0.005948275954666086, 'max_pair_corr': 0.953581965583323, 'n_estimators': 1480, 'learning_rate': 0.009526509786103117, 'max_depth': 8, 'num_leaves': 296, 'min_child_samples': 6, 'min_child_weight': 0.0216861804354381, 'subsample': 0.6350024666379108, 'colsample_bytree': 0.40889246846160954, 'reg_alpha': 0.0022272459236374895, 'reg_lambda': 0.08933538176127952}. Best is trial 21 with value: 0.03025798159015493.
[I 2025-08-03 12:21:44,691] Trial 134 finished with value: 0.031196603174866257 and parameters: {'min_abs_corr': 0.005994183625339403, 'max_pair_corr': 0.9678050192721501, 'n_estimators': 1350, 'learning_rate': 0.009347271647553008, 'max_depth': 9, 'num_leaves': 257, 'min_child_samples': 6, 'min_child_weight': 0.02139325809332477, 'subsample': 0.616334593534466, 'colsample_bytree': 0.40616022627944876, 'reg_alpha': 0.0022507977874481055, 'reg_lambda': 0.08859344454419808}. Best is trial 21 with value: 0.03025798159015493.
[I 2025-08-03 12:21:51,501] Trial 135 finished with value: 0.030470238886903846 and parameters: {'min_abs_corr': 0.006068985445477958, 'max_pair_corr': 0.9476907019793667, 'n_estimators': 1453, 'learning_rate': 0.009583571896361498, 'max_depth': 7, 'num_leaves': 298, 'min_child_samples': 6, 'min_child_weight': 0.02022761877501083, 'subsample': 0.6422178141436504, 'colsample_bytree': 0.43682692799558187, 'reg_alpha': 0.0022182034540384303, 'reg_lambda': 0.08775804907557924}. Best is trial 21 with value: 0.03025798159015493.
[I 2025-08-03 12:21:59,971] Trial 136 finished with value: 0.03069249056212306 and parameters: {'min_abs_corr': 0.0060626593764559755, 'max_pair_corr': 0.9598666447774534, 'n_estimators': 1464, 'learning_rate': 0.009563319459089906, 'max_depth': 8, 'num_leaves': 292, 'min_child_samples': 6, 'min_child_weight': 0.020003099632422007, 'subsample': 0.6409444555599525, 'colsample_bytree': 0.4363932502372074, 'reg_alpha': 0.002269701859240142, 'reg_lambda': 0.08754241133018721}. Best is trial 21 with value: 0.03025798159015493.
[I 2025-08-03 12:22:06,911] Trial 137 finished with value: 0.03153530363937693 and parameters: {'min_abs_corr': 0.006127067232334687, 'max_pair_corr': 0.9369469239280488, 'n_estimators': 1441, 'learning_rate': 0.009615753792447057, 'max_depth': 7, 'num_leaves': 282, 'min_child_samples': 6, 'min_child_weight': 0.020202894942107898, 'subsample': 0.6329242131960982, 'colsample_bytree': 0.4404002129682271, 'reg_alpha': 0.0022145045166565283, 'reg_lambda': 0.08801911763855506}. Best is trial 21 with value: 0.03025798159015493.
[I 2025-08-03 12:22:08,814] Trial 138 finished with value: 0.0482844959664896 and parameters: {'min_abs_corr': 0.005899087652096859, 'max_pair_corr': 0.94969749687641, 'n_estimators': 1490, 'learning_rate': 0.009502837778675714, 'max_depth': 1, 'num_leaves': 290, 'min_child_samples': 7, 'min_child_weight': 0.020343677642737815, 'subsample': 0.6293702409828797, 'colsample_bytree': 0.41401898799878023, 'reg_alpha': 0.002241108284785723, 'reg_lambda': 0.0866358021879038}. Best is trial 21 with value: 0.03025798159015493.
[I 2025-08-03 12:22:18,344] Trial 139 finished with value: 0.03112132227884668 and parameters: {'min_abs_corr': 0.006029401867934229, 'max_pair_corr': 0.9551206964810603, 'n_estimators': 1296, 'learning_rate': 0.00972521375917535, 'max_depth': 10, 'num_leaves': 294, 'min_child_samples': 6, 'min_child_weight': 0.020066047263795354, 'subsample': 0.6150969006670357, 'colsample_bytree': 0.41595440678429174, 'reg_alpha': 0.002232687055406554, 'reg_lambda': 0.0969366611722423}. Best is trial 21 with value: 0.03025798159015493.
[I 2025-08-03 12:22:24,150] Trial 140 finished with value: 0.030944065024880146 and parameters: {'min_abs_corr': 0.006092841825578965, 'max_pair_corr': 0.9420112285339134, 'n_estimators': 1381, 'learning_rate': 0.009773124376332524, 'max_depth': 6, 'num_leaves': 278, 'min_child_samples': 6, 'min_child_weight': 0.020271951574220397, 'subsample': 0.6483815337936321, 'colsample_bytree': 0.43253179513690726, 'reg_alpha': 0.002253783684660704, 'reg_lambda': 0.08565436423162288}. Best is trial 21 with value: 0.03025798159015493.
[I 2025-08-03 12:22:30,810] Trial 141 finished with value: 0.03076474986579092 and parameters: {'min_abs_corr': 0.005922768910603316, 'max_pair_corr': 0.9468386018379827, 'n_estimators': 1406, 'learning_rate': 0.009440306488251863, 'max_depth': 7, 'num_leaves': 297, 'min_child_samples': 6, 'min_child_weight': 0.020436087983344408, 'subsample': 0.6427425400776388, 'colsample_bytree': 0.4351591533275827, 'reg_alpha': 0.0022204011633528372, 'reg_lambda': 0.08861580676572142}. Best is trial 21 with value: 0.03025798159015493.
[I 2025-08-03 12:22:37,448] Trial 142 finished with value: 0.030426385024070246 and parameters: {'min_abs_corr': 0.006025822614905871, 'max_pair_corr': 0.9445078554839029, 'n_estimators': 1415, 'learning_rate': 0.009528543914668317, 'max_depth': 7, 'num_leaves': 299, 'min_child_samples': 6, 'min_child_weight': 0.021898522324977587, 'subsample': 0.5727156185900976, 'colsample_bytree': 0.4245155748654418, 'reg_alpha': 0.002406460640791497, 'reg_lambda': 0.08892472534011413}. Best is trial 21 with value: 0.03025798159015493.
[I 2025-08-03 12:22:44,315] Trial 143 finished with value: 0.03049075211665809 and parameters: {'min_abs_corr': 0.006060670363477246, 'max_pair_corr': 0.9503564274368567, 'n_estimators': 1454, 'learning_rate': 0.00959240786499797, 'max_depth': 7, 'num_leaves': 299, 'min_child_samples': 6, 'min_child_weight': 0.021913046372376302, 'subsample': 0.5769370067913296, 'colsample_bytree': 0.42412223941750526, 'reg_alpha': 0.002395270739747323, 'reg_lambda': 0.0877854469627557}. Best is trial 21 with value: 0.03025798159015493.
[I 2025-08-03 12:22:51,490] Trial 144 finished with value: 0.0313815429737726 and parameters: {'min_abs_corr': 0.006046975220861051, 'max_pair_corr': 0.9374187101031831, 'n_estimators': 1500, 'learning_rate': 0.009641235770271804, 'max_depth': 7, 'num_leaves': 300, 'min_child_samples': 6, 'min_child_weight': 0.02193197664229566, 'subsample': 0.5772663875395563, 'colsample_bytree': 0.4211262414975127, 'reg_alpha': 0.0024190691399815687, 'reg_lambda': 0.0878087889181583}. Best is trial 21 with value: 0.03025798159015493.
[I 2025-08-03 12:23:00,043] Trial 145 finished with value: 0.031429471317066915 and parameters: {'min_abs_corr': 0.005961452631682099, 'max_pair_corr': 0.9300930034682467, 'n_estimators': 1455, 'learning_rate': 0.009594537850711916, 'max_depth': 8, 'num_leaves': 299, 'min_child_samples': 6, 'min_child_weight': 0.02183192767634174, 'subsample': 0.5795657655414571, 'colsample_bytree': 0.4233343327267027, 'reg_alpha': 0.0023943383106245124, 'reg_lambda': 0.0869174290661514}. Best is trial 21 with value: 0.03025798159015493.
[I 2025-08-03 12:23:06,355] Trial 146 finished with value: 0.0309449732793056 and parameters: {'min_abs_corr': 0.005834052751972603, 'max_pair_corr': 0.9445254283084221, 'n_estimators': 1331, 'learning_rate': 0.00953295789609984, 'max_depth': 7, 'num_leaves': 252, 'min_child_samples': 6, 'min_child_weight': 0.021596946714399018, 'subsample': 0.563801976349607, 'colsample_bytree': 0.42464228891240163, 'reg_alpha': 0.0023721850052350426, 'reg_lambda': 0.08742037275547729}. Best is trial 21 with value: 0.03025798159015493.
[I 2025-08-03 12:23:14,330] Trial 147 finished with value: 0.0305939835874649 and parameters: {'min_abs_corr': 0.005990715232929759, 'max_pair_corr': 0.9617861950034915, 'n_estimators': 1370, 'learning_rate': 0.009670139949029165, 'max_depth': 8, 'num_leaves': 297, 'min_child_samples': 6, 'min_child_weight': 0.022150605192944105, 'subsample': 0.5751590000538583, 'colsample_bytree': 0.41901952815003696, 'reg_alpha': 0.0024086671169686984, 'reg_lambda': 0.08630786245041804}. Best is trial 21 with value: 0.03025798159015493.
[I 2025-08-03 12:23:23,414] Trial 148 finished with value: 0.030849952846983792 and parameters: {'min_abs_corr': 0.006106350334380341, 'max_pair_corr': 0.955882469430528, 'n_estimators': 1432, 'learning_rate': 0.009581878723960281, 'max_depth': 9, 'num_leaves': 293, 'min_child_samples': 6, 'min_child_weight': 0.02119788788171197, 'subsample': 0.5712895970581655, 'colsample_bytree': 0.3846305134456714, 'reg_alpha': 0.0023716251307148036, 'reg_lambda': 0.09591520217469775}. Best is trial 21 with value: 0.03025798159015493.
[I 2025-08-03 12:23:26,187] Trial 149 finished with value: 0.03254237066439501 and parameters: {'min_abs_corr': 0.006026543818828776, 'max_pair_corr': 0.9482680098760189, 'n_estimators': 384, 'learning_rate': 0.009491967367006903, 'max_depth': 7, 'num_leaves': 296, 'min_child_samples': 6, 'min_child_weight': 0.021910244753797853, 'subsample': 0.6246963775447013, 'colsample_bytree': 0.4175269727900347, 'reg_alpha': 0.002354318394899213, 'reg_lambda': 0.0884399182985856}. Best is trial 21 with value: 0.03025798159015493.
[I 2025-08-03 12:23:33,270] Trial 150 finished with value: 0.0304326856935833 and parameters: {'min_abs_corr': 0.005938979297268978, 'max_pair_corr': 0.9406170771108645, 'n_estimators': 1479, 'learning_rate': 0.009538834102495241, 'max_depth': 7, 'num_leaves': 286, 'min_child_samples': 6, 'min_child_weight': 0.021780001815960893, 'subsample': 0.5824946200411558, 'colsample_bytree': 0.3952238580831245, 'reg_alpha': 0.002438922362189195, 'reg_lambda': 0.08814244148326096}. Best is trial 21 with value: 0.03025798159015493.
[I 2025-08-03 12:23:39,867] Trial 151 finished with value: 0.03061357524438718 and parameters: {'min_abs_corr': 0.005943836103138879, 'max_pair_corr': 0.9409144014049318, 'n_estimators': 1471, 'learning_rate': 0.009548360624083695, 'max_depth': 7, 'num_leaves': 225, 'min_child_samples': 7, 'min_child_weight': 0.021755571985797407, 'subsample': 0.5812150045618947, 'colsample_bytree': 0.38751482493487915, 'reg_alpha': 0.002433918307143255, 'reg_lambda': 0.08812161131401991}. Best is trial 21 with value: 0.03025798159015493.
[I 2025-08-03 12:23:46,507] Trial 152 finished with value: 0.030375826645898985 and parameters: {'min_abs_corr': 0.005981284347424918, 'max_pair_corr': 0.9500043688180185, 'n_estimators': 1453, 'learning_rate': 0.009515959674650656, 'max_depth': 7, 'num_leaves': 286, 'min_child_samples': 6, 'min_child_weight': 0.021488836660878495, 'subsample': 0.5763040096619513, 'colsample_bytree': 0.3927501711965833, 'reg_alpha': 0.0024268102298554612, 'reg_lambda': 0.08902287670849533}. Best is trial 21 with value: 0.03025798159015493.
[I 2025-08-03 12:23:52,483] Trial 153 finished with value: 0.03089565580719536 and parameters: {'min_abs_corr': 0.005870440786966393, 'max_pair_corr': 0.9357379236283303, 'n_estimators': 1457, 'learning_rate': 0.009527647911343713, 'max_depth': 6, 'num_leaves': 285, 'min_child_samples': 6, 'min_child_weight': 0.02150282904485411, 'subsample': 0.5754331681498893, 'colsample_bytree': 0.39479983536758156, 'reg_alpha': 0.002442916453223582, 'reg_lambda': 0.08928320995135819}. Best is trial 21 with value: 0.03025798159015493.
[I 2025-08-03 12:23:59,330] Trial 154 finished with value: 0.030936447481114838 and parameters: {'min_abs_corr': 0.005974123814226233, 'max_pair_corr': 0.9436628438858928, 'n_estimators': 1474, 'learning_rate': 0.009619205121505933, 'max_depth': 7, 'num_leaves': 280, 'min_child_samples': 6, 'min_child_weight': 0.021647366091988324, 'subsample': 0.5772868987161749, 'colsample_bytree': 0.3902974921514798, 'reg_alpha': 0.0024216006281642137, 'reg_lambda': 0.08894723927614515}. Best is trial 21 with value: 0.03025798159015493.
[I 2025-08-03 12:24:07,349] Trial 155 finished with value: 0.030938232448352643 and parameters: {'min_abs_corr': 0.005916502260862497, 'max_pair_corr': 1.0291979012285095, 'n_estimators': 1433, 'learning_rate': 0.00949214306395688, 'max_depth': 7, 'num_leaves': 274, 'min_child_samples': 6, 'min_child_weight': 0.021464020323695366, 'subsample': 0.5836503775668117, 'colsample_bytree': 0.3926976858773616, 'reg_alpha': 0.002402920014055866, 'reg_lambda': 0.089413741387385}. Best is trial 21 with value: 0.03025798159015493.
[I 2025-08-03 12:24:13,815] Trial 156 finished with value: 0.030370775365292934 and parameters: {'min_abs_corr': 0.00599348632649309, 'max_pair_corr': 0.9519845746722899, 'n_estimators': 1412, 'learning_rate': 0.009570547309701187, 'max_depth': 7, 'num_leaves': 270, 'min_child_samples': 6, 'min_child_weight': 0.02199471691090583, 'subsample': 0.5685061005408286, 'colsample_bytree': 0.3914287238266434, 'reg_alpha': 0.002425035114281363, 'reg_lambda': 0.08867277890173796}. Best is trial 21 with value: 0.03025798159015493.
[I 2025-08-03 12:24:20,556] Trial 157 finished with value: 0.03123253770395157 and parameters: {'min_abs_corr': 0.005710722244166352, 'max_pair_corr': 0.9322677795158167, 'n_estimators': 1399, 'learning_rate': 0.009580593387348743, 'max_depth': 7, 'num_leaves': 272, 'min_child_samples': 6, 'min_child_weight': 0.02202182768638718, 'subsample': 0.5675732750559146, 'colsample_bytree': 0.39088912685642324, 'reg_alpha': 0.0024227270178825786, 'reg_lambda': 0.08899762817652322}. Best is trial 21 with value: 0.03025798159015493.
[I 2025-08-03 12:24:26,182] Trial 158 finished with value: 0.03082736789768506 and parameters: {'min_abs_corr': 0.00594033765253323, 'max_pair_corr': 0.9472184282397604, 'n_estimators': 1419, 'learning_rate': 0.00965106086323982, 'max_depth': 6, 'num_leaves': 267, 'min_child_samples': 6, 'min_child_weight': 0.02137282685315376, 'subsample': 0.57127853780003, 'colsample_bytree': 0.39594126397290713, 'reg_alpha': 0.0023945775731488103, 'reg_lambda': 0.08851411672019618}. Best is trial 21 with value: 0.03025798159015493.
[I 2025-08-03 12:24:33,137] Trial 159 finished with value: 0.03127119184584052 and parameters: {'min_abs_corr': 0.006388734059737993, 'max_pair_corr': 0.9397432555336688, 'n_estimators': 1494, 'learning_rate': 0.009525553361582905, 'max_depth': 7, 'num_leaves': 261, 'min_child_samples': 6, 'min_child_weight': 0.0219368751113592, 'subsample': 0.5722648374392229, 'colsample_bytree': 0.3891873981008368, 'reg_alpha': 0.0024092076025517173, 'reg_lambda': 0.0898256217951049}. Best is trial 21 with value: 0.03025798159015493.
[I 2025-08-03 12:24:39,845] Trial 160 finished with value: 0.0309833388746932 and parameters: {'min_abs_corr': 0.005888577908586174, 'max_pair_corr': 0.9520612512610885, 'n_estimators': 1462, 'learning_rate': 0.009573916949587398, 'max_depth': 7, 'num_leaves': 277, 'min_child_samples': 6, 'min_child_weight': 0.021569129558003726, 'subsample': 0.5637234061043503, 'colsample_bytree': 0.3935052709806202, 'reg_alpha': 0.0024303149394520034, 'reg_lambda': 0.08808224850873514}. Best is trial 21 with value: 0.03025798159015493.
[I 2025-08-03 12:24:46,433] Trial 161 finished with value: 0.03033571918874406 and parameters: {'min_abs_corr': 0.005996037815411855, 'max_pair_corr': 0.9513158998327806, 'n_estimators': 1442, 'learning_rate': 0.009473631851785258, 'max_depth': 7, 'num_leaves': 270, 'min_child_samples': 6, 'min_child_weight': 0.02172412196610407, 'subsample': 0.5791280947910243, 'colsample_bytree': 0.39768590165688356, 'reg_alpha': 0.0024422453567948654, 'reg_lambda': 0.08890106577196828}. Best is trial 21 with value: 0.03025798159015493.
[I 2025-08-03 12:24:52,973] Trial 162 finished with value: 0.030379787305323164 and parameters: {'min_abs_corr': 0.006003814999348974, 'max_pair_corr': 0.9490620545037216, 'n_estimators': 1407, 'learning_rate': 0.009466571700571112, 'max_depth': 7, 'num_leaves': 271, 'min_child_samples': 6, 'min_child_weight': 0.021714497848128025, 'subsample': 0.5791481419310701, 'colsample_bytree': 0.3974187282337828, 'reg_alpha': 0.0024347796076509376, 'reg_lambda': 0.0889484451510267}. Best is trial 21 with value: 0.03025798159015493.
[I 2025-08-03 12:24:59,153] Trial 163 finished with value: 0.030764977863996894 and parameters: {'min_abs_corr': 0.006013471632434049, 'max_pair_corr': 0.9575068155223458, 'n_estimators': 1407, 'learning_rate': 0.009698139805624789, 'max_depth': 6, 'num_leaves': 270, 'min_child_samples': 6, 'min_child_weight': 0.02183991363988317, 'subsample': 0.5792482993436014, 'colsample_bytree': 0.3961889021157092, 'reg_alpha': 0.002417244723403144, 'reg_lambda': 0.08955720248395921}. Best is trial 21 with value: 0.03025798159015493.
