[I 2025-08-03 13:45:14,589] Trial 820 finished with value: 0.030196916984262384 and parameters: {'min_abs_corr': 0.006561759447915143, 'max_pair_corr': 0.9472514871470098, 'n_estimators': 1333, 'learning_rate': 0.010433343974564479, 'max_depth': 8, 'num_leaves': 245, 'min_child_samples': 6, 'min_child_weight': 0.022384362162252223, 'subsample': 0.6133092641460397, 'colsample_bytree': 0.3837680714336669, 'reg_alpha': 0.002400766512763112, 'reg_lambda': 0.09064503606334862}. Best is trial 815 with value: 0.03009530961939528.
[I 2025-08-03 13:45:21,738] Trial 821 finished with value: 0.03104902849427974 and parameters: {'min_abs_corr': 0.006554131019868657, 'max_pair_corr': 0.942602197040754, 'n_estimators': 1312, 'learning_rate': 0.010512593344185256, 'max_depth': 8, 'num_leaves': 243, 'min_child_samples': 6, 'min_child_weight': 0.022293116281831275, 'subsample': 0.6145848810411656, 'colsample_bytree': 0.3845798410619443, 'reg_alpha': 0.0023868556315720857, 'reg_lambda': 0.0905052805740722}. Best is trial 815 with value: 0.03009530961939528.
[I 2025-08-03 13:45:28,703] Trial 822 finished with value: 0.030328328458889508 and parameters: {'min_abs_corr': 0.006523635390411531, 'max_pair_corr': 0.9467618939871818, 'n_estimators': 1335, 'learning_rate': 0.010578877730181051, 'max_depth': 8, 'num_leaves': 244, 'min_child_samples': 6, 'min_child_weight': 0.022384813231292794, 'subsample': 0.6144962727299633, 'colsample_bytree': 0.3829596513674547, 'reg_alpha': 0.0023998043080811133, 'reg_lambda': 0.09075419846921784}. Best is trial 815 with value: 0.03009530961939528.
[I 2025-08-03 13:45:35,935] Trial 823 finished with value: 0.03029835221498776 and parameters: {'min_abs_corr': 0.006564831608534627, 'max_pair_corr': 0.9459223377120365, 'n_estimators': 1363, 'learning_rate': 0.01044534422636561, 'max_depth': 8, 'num_leaves': 245, 'min_child_samples': 6, 'min_child_weight': 0.022133586037775592, 'subsample': 0.6164545927069999, 'colsample_bytree': 0.38618003704162013, 'reg_alpha': 0.002389147262223418, 'reg_lambda': 0.09020706340183773}. Best is trial 815 with value: 0.03009530961939528.
[I 2025-08-03 13:45:43,118] Trial 824 finished with value: 0.031230713984594805 and parameters: {'min_abs_corr': 0.006533768546465389, 'max_pair_corr': 0.9391619280050882, 'n_estimators': 1325, 'learning_rate': 0.010664617484805674, 'max_depth': 8, 'num_leaves': 242, 'min_child_samples': 6, 'min_child_weight': 0.022222569770747255, 'subsample': 0.6123401926945029, 'colsample_bytree': 0.3816659735822275, 'reg_alpha': 0.0023978822400826326, 'reg_lambda': 0.09091569911676535}. Best is trial 815 with value: 0.03009530961939528.
[I 2025-08-03 13:45:50,887] Trial 825 finished with value: 0.03047884357915977 and parameters: {'min_abs_corr': 0.006585477695230527, 'max_pair_corr': 0.948913337524373, 'n_estimators': 1300, 'learning_rate': 0.010536705705528683, 'max_depth': 9, 'num_leaves': 246, 'min_child_samples': 6, 'min_child_weight': 0.022321712724578804, 'subsample': 0.608977725743155, 'colsample_bytree': 0.38805408667044344, 'reg_alpha': 0.002403492584876287, 'reg_lambda': 0.08993640178975881}. Best is trial 815 with value: 0.03009530961939528.
[I 2025-08-03 13:45:58,020] Trial 826 finished with value: 0.03092761051160889 and parameters: {'min_abs_corr': 0.006563699118495482, 'max_pair_corr': 0.9415746331339369, 'n_estimators': 1331, 'learning_rate': 0.0104779989398337, 'max_depth': 8, 'num_leaves': 241, 'min_child_samples': 6, 'min_child_weight': 0.022360485425471605, 'subsample': 0.6161446096286043, 'colsample_bytree': 0.38337370900643947, 'reg_alpha': 0.002380770584968072, 'reg_lambda': 0.09046003780473157}. Best is trial 815 with value: 0.03009530961939528.
[I 2025-08-03 13:46:05,102] Trial 827 finished with value: 0.030339932984501335 and parameters: {'min_abs_corr': 0.006598551441370935, 'max_pair_corr': 0.9496839304838975, 'n_estimators': 1339, 'learning_rate': 0.010588146194896841, 'max_depth': 8, 'num_leaves': 244, 'min_child_samples': 6, 'min_child_weight': 0.019834729756418753, 'subsample': 0.6122562869117745, 'colsample_bytree': 0.38434229902124895, 'reg_alpha': 0.0023940887805955664, 'reg_lambda': 0.09074506454754624}. Best is trial 815 with value: 0.03009530961939528.
[I 2025-08-03 13:46:13,052] Trial 828 finished with value: 0.030269855577379202 and parameters: {'min_abs_corr': 0.006534461700012809, 'max_pair_corr': 0.9460383510994783, 'n_estimators': 1358, 'learning_rate': 0.010507322526229795, 'max_depth': 9, 'num_leaves': 243, 'min_child_samples': 6, 'min_child_weight': 0.022109892476412797, 'subsample': 0.6086297513256621, 'colsample_bytree': 0.381652749662363, 'reg_alpha': 0.002404128108812475, 'reg_lambda': 0.08956413880836846}. Best is trial 815 with value: 0.03009530961939528.
[I 2025-08-03 13:46:20,157] Trial 829 finished with value: 0.030554122455565668 and parameters: {'min_abs_corr': 0.006504279190339906, 'max_pair_corr': 0.9513265639430559, 'n_estimators': 1322, 'learning_rate': 0.010439040000341718, 'max_depth': 8, 'num_leaves': 247, 'min_child_samples': 6, 'min_child_weight': 0.022228983007572697, 'subsample': 0.6186502277739571, 'colsample_bytree': 0.4165090831124123, 'reg_alpha': 0.0024077130878298572, 'reg_lambda': 0.090312399393375}. Best is trial 815 with value: 0.03009530961939528.
[I 2025-08-03 13:46:27,549] Trial 830 finished with value: 0.031045588413451432 and parameters: {'min_abs_corr': 0.006555843507796884, 'max_pair_corr': 0.9427010248466939, 'n_estimators': 1371, 'learning_rate': 0.010554447915280343, 'max_depth': 8, 'num_leaves': 245, 'min_child_samples': 6, 'min_child_weight': 0.022367764648223074, 'subsample': 0.6178461011062102, 'colsample_bytree': 0.38120364305841975, 'reg_alpha': 0.00238946411604345, 'reg_lambda': 0.09105146535769833}. Best is trial 815 with value: 0.03009530961939528.
[I 2025-08-03 13:46:34,786] Trial 831 finished with value: 0.031297763039517396 and parameters: {'min_abs_corr': 0.006585459229366874, 'max_pair_corr': 0.9354775888618424, 'n_estimators': 1352, 'learning_rate': 0.01061803322058841, 'max_depth': 8, 'num_leaves': 240, 'min_child_samples': 6, 'min_child_weight': 0.022396406066374254, 'subsample': 0.610921259318746, 'colsample_bytree': 0.38270914138069906, 'reg_alpha': 0.0023996811956588137, 'reg_lambda': 0.09059660195027491}. Best is trial 815 with value: 0.03009530961939528.
[I 2025-08-03 13:46:42,014] Trial 832 finished with value: 0.030752627656324406 and parameters: {'min_abs_corr': 0.00661623664641603, 'max_pair_corr': 0.9546970470747507, 'n_estimators': 1230, 'learning_rate': 0.010411817564000107, 'max_depth': 8, 'num_leaves': 247, 'min_child_samples': 6, 'min_child_weight': 0.02227303079795952, 'subsample': 0.6159080726794004, 'colsample_bytree': 0.38504298076445287, 'reg_alpha': 0.002409200602274747, 'reg_lambda': 0.0913543565493938}. Best is trial 815 with value: 0.03009530961939528.
[I 2025-08-03 13:46:49,238] Trial 833 finished with value: 0.030249072378869847 and parameters: {'min_abs_corr': 0.006548394462301535, 'max_pair_corr': 0.9462082743587769, 'n_estimators': 1383, 'learning_rate': 0.010486415037001602, 'max_depth': 8, 'num_leaves': 243, 'min_child_samples': 6, 'min_child_weight': 0.02019512418575053, 'subsample': 0.6425262272454207, 'colsample_bytree': 0.38073241245466766, 'reg_alpha': 0.0023787414025043655, 'reg_lambda': 0.08992774081398437}. Best is trial 815 with value: 0.03009530961939528.
[I 2025-08-03 13:47:05,237] Trial 834 finished with value: 0.0315859835962679 and parameters: {'min_abs_corr': 0.006508405700337954, 'max_pair_corr': 0.9400342575530595, 'n_estimators': 1387, 'learning_rate': 0.010531058725161774, 'max_depth': 0, 'num_leaves': 240, 'min_child_samples': 6, 'min_child_weight': 0.02206928514623898, 'subsample': 0.611419794655622, 'colsample_bytree': 0.38295302622757166, 'reg_alpha': 0.0023895472462400233, 'reg_lambda': 0.09100154830478387}. Best is trial 815 with value: 0.03009530961939528.
[I 2025-08-03 13:47:12,410] Trial 835 finished with value: 0.030221275079998073 and parameters: {'min_abs_corr': 0.0065749851978605415, 'max_pair_corr': 0.9519458227288563, 'n_estimators': 1359, 'learning_rate': 0.010451710210827693, 'max_depth': 8, 'num_leaves': 245, 'min_child_samples': 6, 'min_child_weight': 0.022414568721413265, 'subsample': 0.6138127022394899, 'colsample_bytree': 0.3795166851075507, 'reg_alpha': 0.0024116748806727595, 'reg_lambda': 0.09024425417998655}. Best is trial 815 with value: 0.03009530961939528.
[I 2025-08-03 13:47:19,844] Trial 836 finished with value: 0.030637364300959858 and parameters: {'min_abs_corr': 0.0066108416440635405, 'max_pair_corr': 0.9552272375399347, 'n_estimators': 1298, 'learning_rate': 0.010436229225320804, 'max_depth': 8, 'num_leaves': 243, 'min_child_samples': 6, 'min_child_weight': 0.02217698888512542, 'subsample': 0.6196675159826979, 'colsample_bytree': 0.37852805773081466, 'reg_alpha': 0.0023979285308812406, 'reg_lambda': 0.08965916135622162}. Best is trial 815 with value: 0.03009530961939528.
[I 2025-08-03 13:47:27,394] Trial 837 finished with value: 0.03037442805677625 and parameters: {'min_abs_corr': 0.006596911451176116, 'max_pair_corr': 0.9598796424070595, 'n_estimators': 1323, 'learning_rate': 0.010396087544525085, 'max_depth': 8, 'num_leaves': 209, 'min_child_samples': 6, 'min_child_weight': 0.022431095044992147, 'subsample': 0.6131787888281467, 'colsample_bytree': 0.3785753433589914, 'reg_alpha': 0.002402969618794288, 'reg_lambda': 0.08917591645023029}. Best is trial 815 with value: 0.03009530961939528.
[I 2025-08-03 13:47:34,483] Trial 838 finished with value: 0.03026510315904004 and parameters: {'min_abs_corr': 0.006589805606306407, 'max_pair_corr': 0.9462539529238063, 'n_estimators': 1347, 'learning_rate': 0.010446016382811778, 'max_depth': 8, 'num_leaves': 241, 'min_child_samples': 6, 'min_child_weight': 0.02196548044077651, 'subsample': 0.6151199534216206, 'colsample_bytree': 0.3770589591026581, 'reg_alpha': 0.002409667172532994, 'reg_lambda': 0.09007891262189861}. Best is trial 815 with value: 0.03009530961939528.
[I 2025-08-03 13:47:42,237] Trial 839 finished with value: 0.030380876072022077 and parameters: {'min_abs_corr': 0.006617545909296147, 'max_pair_corr': 0.9500054964643118, 'n_estimators': 1319, 'learning_rate': 0.010408745726183825, 'max_depth': 9, 'num_leaves': 245, 'min_child_samples': 6, 'min_child_weight': 0.022304282074640407, 'subsample': 0.6086464509161135, 'colsample_bytree': 0.3797042509594002, 'reg_alpha': 0.002387327172860693, 'reg_lambda': 0.0898069738879787}. Best is trial 815 with value: 0.03009530961939528.
[I 2025-08-03 13:47:49,251] Trial 840 finished with value: 0.031018382258324807 and parameters: {'min_abs_corr': 0.006577233613940531, 'max_pair_corr': 0.9435453361480868, 'n_estimators': 1278, 'learning_rate': 0.010477220393207807, 'max_depth': 8, 'num_leaves': 242, 'min_child_samples': 6, 'min_child_weight': 0.022430584458332386, 'subsample': 0.6107508658713106, 'colsample_bytree': 0.380251142684714, 'reg_alpha': 0.0023958082229671874, 'reg_lambda': 0.09030755810832924}. Best is trial 815 with value: 0.03009530961939528.
[I 2025-08-03 13:47:56,895] Trial 841 finished with value: 0.030563663735088058 and parameters: {'min_abs_corr': 0.0065728254349581555, 'max_pair_corr': 0.957156124708367, 'n_estimators': 1348, 'learning_rate': 0.010462218477966523, 'max_depth': 8, 'num_leaves': 245, 'min_child_samples': 6, 'min_child_weight': 0.022249003682488774, 'subsample': 0.6166838680512493, 'colsample_bytree': 0.37860714997004175, 'reg_alpha': 0.0024126317838091284, 'reg_lambda': 0.08933192614678778}. Best is trial 815 with value: 0.03009530961939528.
[I 2025-08-03 13:48:04,079] Trial 842 finished with value: 0.030363783712361703 and parameters: {'min_abs_corr': 0.006523303065070153, 'max_pair_corr': 0.9482210811048893, 'n_estimators': 1373, 'learning_rate': 0.010583133345721809, 'max_depth': 8, 'num_leaves': 239, 'min_child_samples': 6, 'min_child_weight': 0.02233115728137498, 'subsample': 0.6141560942455393, 'colsample_bytree': 0.3805021430629694, 'reg_alpha': 0.002403289204476229, 'reg_lambda': 0.0902289068799542}. Best is trial 815 with value: 0.03009530961939528.
[I 2025-08-03 13:48:11,233] Trial 843 finished with value: 0.03027374126268546 and parameters: {'min_abs_corr': 0.006619253754456518, 'max_pair_corr': 0.9529662881424836, 'n_estimators': 1354, 'learning_rate': 0.010379619811762645, 'max_depth': 8, 'num_leaves': 244, 'min_child_samples': 6, 'min_child_weight': 0.022449325480547542, 'subsample': 0.6057959609754505, 'colsample_bytree': 0.38118317052842493, 'reg_alpha': 0.0023769481294032115, 'reg_lambda': 0.09051906432051586}. Best is trial 815 with value: 0.03009530961939528.
[I 2025-08-03 13:48:21,558] Trial 844 finished with value: 0.031182106776059242 and parameters: {'min_abs_corr': 0.00658769703341973, 'max_pair_corr': 1.0166441775559092, 'n_estimators': 1377, 'learning_rate': 0.01062767988497731, 'max_depth': 9, 'num_leaves': 242, 'min_child_samples': 6, 'min_child_weight': 0.022131414892445737, 'subsample': 0.6140601301259558, 'colsample_bytree': 0.37901708267190565, 'reg_alpha': 0.0023699874348392293, 'reg_lambda': 0.08967897703526771}. Best is trial 815 with value: 0.03009530961939528.
[I 2025-08-03 13:48:30,175] Trial 845 finished with value: 0.031042434591955492 and parameters: {'min_abs_corr': 0.006542731228982515, 'max_pair_corr': 1.069241096362551, 'n_estimators': 1295, 'learning_rate': 0.010532397963900035, 'max_depth': 8, 'num_leaves': 259, 'min_child_samples': 6, 'min_child_weight': 0.02221617577635917, 'subsample': 0.6134191636270101, 'colsample_bytree': 0.38135452575012047, 'reg_alpha': 0.002410086667792516, 'reg_lambda': 0.09017532893262559}. Best is trial 815 with value: 0.03009530961939528.
[I 2025-08-03 13:48:37,640] Trial 846 finished with value: 0.03118360197411384 and parameters: {'min_abs_corr': 0.006566807869875577, 'max_pair_corr': 0.9391166110944267, 'n_estimators': 1399, 'learning_rate': 0.010492131959004784, 'max_depth': 8, 'num_leaves': 246, 'min_child_samples': 6, 'min_child_weight': 0.022330040742875184, 'subsample': 0.6078633705044255, 'colsample_bytree': 0.37708994301141824, 'reg_alpha': 0.002392524182727882, 'reg_lambda': 0.09063493510515788}. Best is trial 815 with value: 0.03009530961939528.
[I 2025-08-03 13:48:44,797] Trial 847 finished with value: 0.03103909981516717 and parameters: {'min_abs_corr': 0.006343003970895516, 'max_pair_corr': 0.943495357363293, 'n_estimators': 1338, 'learning_rate': 0.010440272738723323, 'max_depth': 8, 'num_leaves': 240, 'min_child_samples': 6, 'min_child_weight': 0.022434778457724007, 'subsample': 0.6208479000599136, 'colsample_bytree': 0.3799353543669997, 'reg_alpha': 0.0023840867572884313, 'reg_lambda': 0.0940484097599278}. Best is trial 815 with value: 0.03009530961939528.
[I 2025-08-03 13:48:49,911] Trial 848 finished with value: 0.030470144092745732 and parameters: {'min_abs_corr': 0.0066191644805432244, 'max_pair_corr': 0.9617052782822655, 'n_estimators': 1371, 'learning_rate': 0.010574423925544004, 'max_depth': 5, 'num_leaves': 247, 'min_child_samples': 6, 'min_child_weight': 0.022293212586632177, 'subsample': 0.6123243896168263, 'colsample_bytree': 0.37878927662200196, 'reg_alpha': 0.00240286579776432, 'reg_lambda': 0.08993867868103253}. Best is trial 815 with value: 0.03009530961939528.
[I 2025-08-03 13:48:57,253] Trial 849 finished with value: 0.030221962522328012 and parameters: {'min_abs_corr': 0.006515290705293848, 'max_pair_corr': 0.9480228206841609, 'n_estimators': 1408, 'learning_rate': 0.010395928847939676, 'max_depth': 8, 'num_leaves': 244, 'min_child_samples': 6, 'min_child_weight': 0.02248727757296049, 'subsample': 0.6173083092506918, 'colsample_bytree': 0.3822062797968197, 'reg_alpha': 0.0024140933321261646, 'reg_lambda': 0.09116032185892455}. Best is trial 815 with value: 0.03009530961939528.
[I 2025-08-03 13:49:04,393] Trial 850 finished with value: 0.03030365793019755 and parameters: {'min_abs_corr': 0.006593153930618203, 'max_pair_corr': 0.9534878868755022, 'n_estimators': 1362, 'learning_rate': 0.010547232536961073, 'max_depth': 8, 'num_leaves': 248, 'min_child_samples': 6, 'min_child_weight': 0.019118411830429935, 'subsample': 0.6151953298656238, 'colsample_bytree': 0.3808256154924005, 'reg_alpha': 0.002396888390470086, 'reg_lambda': 0.09044844378808874}. Best is trial 815 with value: 0.03009530961939528.
[I 2025-08-03 13:49:20,241] Trial 851 finished with value: 0.031579825826976736 and parameters: {'min_abs_corr': 0.006555982083825344, 'max_pair_corr': 0.9339101637879468, 'n_estimators': 1390, 'learning_rate': 0.010473271321383891, 'max_depth': -1, 'num_leaves': 242, 'min_child_samples': 6, 'min_child_weight': 0.0220696639994552, 'subsample': 0.6182144919947417, 'colsample_bytree': 0.37858365992419946, 'reg_alpha': 0.002413292257800801, 'reg_lambda': 0.08949220600338455}. Best is trial 815 with value: 0.03009530961939528.
[I 2025-08-03 13:49:29,208] Trial 852 finished with value: 0.030737540452119072 and parameters: {'min_abs_corr': 0.006619589728879673, 'max_pair_corr': 0.9572470555687649, 'n_estimators': 1423, 'learning_rate': 0.01063135020687495, 'max_depth': 9, 'num_leaves': 245, 'min_child_samples': 6, 'min_child_weight': 0.02240846943958808, 'subsample': 0.6094747617206003, 'colsample_bytree': 0.3798427767104367, 'reg_alpha': 0.0024048830114040327, 'reg_lambda': 0.09071500771014887}. Best is trial 815 with value: 0.03009530961939528.
[I 2025-08-03 13:49:36,037] Trial 853 finished with value: 0.030344112427614194 and parameters: {'min_abs_corr': 0.006541080537406301, 'max_pair_corr': 0.9505338206948807, 'n_estimators': 1310, 'learning_rate': 0.010665052796384326, 'max_depth': 8, 'num_leaves': 239, 'min_child_samples': 6, 'min_child_weight': 0.022186019702122216, 'subsample': 0.5521705707671297, 'colsample_bytree': 0.38245161881361406, 'reg_alpha': 0.0023875726095556357, 'reg_lambda': 0.0943037673913648}. Best is trial 815 with value: 0.03009530961939528.
[I 2025-08-03 13:49:43,531] Trial 854 finished with value: 0.03091100178924696 and parameters: {'min_abs_corr': 0.006577907203761452, 'max_pair_corr': 0.943578451426194, 'n_estimators': 1412, 'learning_rate': 0.01049310511590517, 'max_depth': 8, 'num_leaves': 250, 'min_child_samples': 6, 'min_child_weight': 0.022339672538213527, 'subsample': 0.610486807550195, 'colsample_bytree': 0.38092907966753503, 'reg_alpha': 0.0024167068880123115, 'reg_lambda': 0.09129097730037078}. Best is trial 815 with value: 0.03009530961939528.
[I 2025-08-03 13:49:52,073] Trial 855 finished with value: 0.03039881382472759 and parameters: {'min_abs_corr': 0.0065148455228407984, 'max_pair_corr': 0.9806859375142691, 'n_estimators': 1388, 'learning_rate': 0.010425444920856182, 'max_depth': 8, 'num_leaves': 246, 'min_child_samples': 6, 'min_child_weight': 0.022488516827900856, 'subsample': 0.6050679853875599, 'colsample_bytree': 0.38301685224299453, 'reg_alpha': 0.002395523505182283, 'reg_lambda': 0.0902034905408508}. Best is trial 815 with value: 0.03009530961939528.
[I 2025-08-03 13:49:59,979] Trial 856 finished with value: 0.03078552498587044 and parameters: {'min_abs_corr': 0.006599777090298315, 'max_pair_corr': 0.966902180749808, 'n_estimators': 1435, 'learning_rate': 0.010528690326086934, 'max_depth': 8, 'num_leaves': 243, 'min_child_samples': 6, 'min_child_weight': 0.022271087176128544, 'subsample': 0.6122924939018792, 'colsample_bytree': 0.37854965707059224, 'reg_alpha': 0.0024056227130600477, 'reg_lambda': 0.0907690740134448}. Best is trial 815 with value: 0.03009530961939528.
[I 2025-08-03 13:50:06,402] Trial 857 finished with value: 0.030485841658244427 and parameters: {'min_abs_corr': 0.00649618031735271, 'max_pair_corr': 0.9474311132812194, 'n_estimators': 1004, 'learning_rate': 0.010597651404867481, 'max_depth': 9, 'num_leaves': 241, 'min_child_samples': 6, 'min_child_weight': 0.02240268328545653, 'subsample': 0.6203542255559785, 'colsample_bytree': 0.38193033342129307, 'reg_alpha': 0.0024169923375185086, 'reg_lambda': 0.08992497803337819}. Best is trial 815 with value: 0.03009530961939528.
[I 2025-08-03 13:50:13,696] Trial 858 finished with value: 0.031225683836118113 and parameters: {'min_abs_corr': 0.0065657292470014126, 'max_pair_corr': 0.9390365136292971, 'n_estimators': 1352, 'learning_rate': 0.010559176245052492, 'max_depth': 8, 'num_leaves': 249, 'min_child_samples': 6, 'min_child_weight': 0.021989957638817326, 'subsample': 0.6145933759358398, 'colsample_bytree': 0.37996696727700335, 'reg_alpha': 0.002382578332112451, 'reg_lambda': 0.09037570175117449}. Best is trial 815 with value: 0.03009530961939528.
[I 2025-08-03 13:50:21,166] Trial 859 finished with value: 0.030200569190898818 and parameters: {'min_abs_corr': 0.00654568615545385, 'max_pair_corr': 0.9531132399879094, 'n_estimators': 1402, 'learning_rate': 0.010468757226975696, 'max_depth': 8, 'num_leaves': 247, 'min_child_samples': 6, 'min_child_weight': 0.022516799453499835, 'subsample': 0.6232058265611343, 'colsample_bytree': 0.38128409749603703, 'reg_alpha': 0.0023712074484726806, 'reg_lambda': 0.09155613954439741}. Best is trial 815 with value: 0.03009530961939528.
[I 2025-08-03 13:50:29,820] Trial 860 finished with value: 0.030906366164523913 and parameters: {'min_abs_corr': 0.006533921214533025, 'max_pair_corr': 0.9730008164393057, 'n_estimators': 1422, 'learning_rate': 0.010508091055069554, 'max_depth': 8, 'num_leaves': 251, 'min_child_samples': 6, 'min_child_weight': 0.02253913477745008, 'subsample': 0.6242689913288562, 'colsample_bytree': 0.3838151193458141, 'reg_alpha': 0.002368388898402813, 'reg_lambda': 0.09176151507991977}. Best is trial 815 with value: 0.03009530961939528.
