[I 2025-08-03 13:15:21,252] Trial 574 finished with value: 0.030335629875185045 and parameters: {'min_abs_corr': 0.006661534671573681, 'max_pair_corr': 0.944832220043565, 'n_estimators': 1460, 'learning_rate': 0.009832456755647182, 'max_depth': 8, 'num_leaves': 234, 'min_child_samples': 6, 'min_child_weight': 0.022391747525049716, 'subsample': 0.5879668045137713, 'colsample_bytree': 0.3862823953154134, 'reg_alpha': 0.0024190376140283154, 'reg_lambda': 0.09312373855958087}. Best is trial 247 with value: 0.03012119889640085.
[I 2025-08-03 13:15:27,307] Trial 575 finished with value: 0.0310405005489802 and parameters: {'min_abs_corr': 0.006587892131886148, 'max_pair_corr': 0.9340518156575646, 'n_estimators': 1479, 'learning_rate': 0.010598035490834776, 'max_depth': 6, 'num_leaves': 244, 'min_child_samples': 6, 'min_child_weight': 0.021222395124810875, 'subsample': 0.5782876838367712, 'colsample_bytree': 0.37972363181923224, 'reg_alpha': 0.0024294386581837123, 'reg_lambda': 0.09227365329862627}. Best is trial 247 with value: 0.03012119889640085.
[I 2025-08-03 13:15:34,311] Trial 576 finished with value: 0.03065985373678549 and parameters: {'min_abs_corr': 0.006637695244273967, 'max_pair_corr': 0.9503793032611499, 'n_estimators': 1363, 'learning_rate': 0.009279993344007373, 'max_depth': 7, 'num_leaves': 236, 'min_child_samples': 5, 'min_child_weight': 0.02223859252203468, 'subsample': 0.5958391834127066, 'colsample_bytree': 0.38155122556329374, 'reg_alpha': 0.002412426046427547, 'reg_lambda': 0.09186074347935659}. Best is trial 247 with value: 0.03012119889640085.
[I 2025-08-03 13:15:42,357] Trial 577 finished with value: 0.030928220057703636 and parameters: {'min_abs_corr': 0.0066890326261543585, 'max_pair_corr': 0.9413788016797657, 'n_estimators': 1430, 'learning_rate': 0.010412130663359458, 'max_depth': 8, 'num_leaves': 239, 'min_child_samples': 6, 'min_child_weight': 0.022621221583393483, 'subsample': 0.5920620320936513, 'colsample_bytree': 0.4446669671532237, 'reg_alpha': 0.0024443574279056366, 'reg_lambda': 0.09066483450043983}. Best is trial 247 with value: 0.03012119889640085.
[I 2025-08-03 13:15:50,658] Trial 578 finished with value: 0.031053564635607572 and parameters: {'min_abs_corr': 0.006609923985809158, 'max_pair_corr': 0.9623326601224483, 'n_estimators': 1398, 'learning_rate': 0.009898856516323202, 'max_depth': 9, 'num_leaves': 221, 'min_child_samples': 7, 'min_child_weight': 0.022688490690217843, 'subsample': 0.5840781192405119, 'colsample_bytree': 0.3783630161756296, 'reg_alpha': 0.002401114660113306, 'reg_lambda': 0.09151623894619146}. Best is trial 247 with value: 0.03012119889640085.
[I 2025-08-03 13:15:58,635] Trial 579 finished with value: 0.030764316259748493 and parameters: {'min_abs_corr': 0.006655058484947529, 'max_pair_corr': 0.9566499944993213, 'n_estimators': 1448, 'learning_rate': 0.010499626686936554, 'max_depth': 8, 'num_leaves': 232, 'min_child_samples': 6, 'min_child_weight': 0.0224989059580168, 'subsample': 0.5868536457638115, 'colsample_bytree': 0.38819829393792255, 'reg_alpha': 0.002424391701799465, 'reg_lambda': 0.09100480045967822}. Best is trial 247 with value: 0.03012119889640085.
[I 2025-08-03 13:16:05,396] Trial 580 finished with value: 0.030283854572110958 and parameters: {'min_abs_corr': 0.006574492138747789, 'max_pair_corr': 0.9474805890506912, 'n_estimators': 1483, 'learning_rate': 0.010253502485520918, 'max_depth': 7, 'num_leaves': 248, 'min_child_samples': 6, 'min_child_weight': 0.02230969463111576, 'subsample': 0.5811257888318601, 'colsample_bytree': 0.3808891239998653, 'reg_alpha': 0.0024362690082671496, 'reg_lambda': 0.0924506488453048}. Best is trial 247 with value: 0.03012119889640085.
[I 2025-08-03 13:16:12,882] Trial 581 finished with value: 0.030985753546763927 and parameters: {'min_abs_corr': 0.006812411779850837, 'max_pair_corr': 0.9521417697184466, 'n_estimators': 1431, 'learning_rate': 0.010564287134088985, 'max_depth': 8, 'num_leaves': 237, 'min_child_samples': 6, 'min_child_weight': 0.02255120256136975, 'subsample': 0.5944273352087462, 'colsample_bytree': 0.3836025823104968, 'reg_alpha': 0.0024161318722401644, 'reg_lambda': 0.09003616673670146}. Best is trial 247 with value: 0.03012119889640085.
[I 2025-08-03 13:16:20,854] Trial 582 finished with value: 0.03082030175442279 and parameters: {'min_abs_corr': 0.006631053793895058, 'max_pair_corr': 0.9680313430233911, 'n_estimators': 1458, 'learning_rate': 0.010451364100457713, 'max_depth': 8, 'num_leaves': 242, 'min_child_samples': 6, 'min_child_weight': 0.022408824736888718, 'subsample': 0.5898023170785686, 'colsample_bytree': 0.37969907115579427, 'reg_alpha': 0.0021789751555277045, 'reg_lambda': 0.09205512959272434}. Best is trial 247 with value: 0.03012119889640085.
[I 2025-08-03 13:16:27,177] Trial 583 finished with value: 0.030366712747194206 and parameters: {'min_abs_corr': 0.006706814337363325, 'max_pair_corr': 0.9451554558108646, 'n_estimators': 1384, 'learning_rate': 0.00999124470008567, 'max_depth': 7, 'num_leaves': 263, 'min_child_samples': 6, 'min_child_weight': 0.022611211122604592, 'subsample': 0.585233358152596, 'colsample_bytree': 0.3823806140938302, 'reg_alpha': 0.002428876250249553, 'reg_lambda': 0.08350782425197}. Best is trial 247 with value: 0.03012119889640085.
[I 2025-08-03 13:16:35,982] Trial 584 finished with value: 0.030949545741260843 and parameters: {'min_abs_corr': 0.006750660872480044, 'max_pair_corr': 0.9373408506075666, 'n_estimators': 1476, 'learning_rate': 0.00971427954987111, 'max_depth': 9, 'num_leaves': 233, 'min_child_samples': 6, 'min_child_weight': 0.022463687395191646, 'subsample': 0.5917918495167787, 'colsample_bytree': 0.3847993981982357, 'reg_alpha': 0.002397604877518023, 'reg_lambda': 0.09453627222177129}. Best is trial 247 with value: 0.03012119889640085.
[I 2025-08-03 13:16:38,636] Trial 585 finished with value: 0.03319100380188295 and parameters: {'min_abs_corr': 0.006673613507219318, 'max_pair_corr': 0.9534624672463105, 'n_estimators': 301, 'learning_rate': 0.010392266451991932, 'max_depth': 8, 'num_leaves': 251, 'min_child_samples': 6, 'min_child_weight': 0.022194461671155546, 'subsample': 0.5824582082472878, 'colsample_bytree': 0.3785336765582387, 'reg_alpha': 0.0024081813484723943, 'reg_lambda': 0.09116917390732722}. Best is trial 247 with value: 0.03012119889640085.
[I 2025-08-03 13:16:45,978] Trial 586 finished with value: 0.03019787321435774 and parameters: {'min_abs_corr': 0.006599675183276999, 'max_pair_corr': 0.9494854808181902, 'n_estimators': 1412, 'learning_rate': 0.010517050275554359, 'max_depth': 8, 'num_leaves': 240, 'min_child_samples': 6, 'min_child_weight': 0.022358138387318625, 'subsample': 0.588154155217168, 'colsample_bytree': 0.38042701232532106, 'reg_alpha': 0.0024359463771116622, 'reg_lambda': 0.09287191497196398}. Best is trial 247 with value: 0.03012119889640085.
[I 2025-08-03 13:16:49,928] Trial 587 finished with value: 0.030740904842562856 and parameters: {'min_abs_corr': 0.006563421250145634, 'max_pair_corr': 0.941197879643942, 'n_estimators': 1415, 'learning_rate': 0.010537606807319813, 'max_depth': 4, 'num_leaves': 241, 'min_child_samples': 6, 'min_child_weight': 0.02227344736704662, 'subsample': 0.5898229615315603, 'colsample_bytree': 0.3828895258708773, 'reg_alpha': 0.002438683688685532, 'reg_lambda': 0.09310931684521419}. Best is trial 247 with value: 0.03012119889640085.
[I 2025-08-03 13:16:56,496] Trial 588 finished with value: 0.030281824934063152 and parameters: {'min_abs_corr': 0.0065881817728403475, 'max_pair_corr': 0.9473984529816617, 'n_estimators': 1446, 'learning_rate': 0.010619003640826834, 'max_depth': 7, 'num_leaves': 269, 'min_child_samples': 6, 'min_child_weight': 0.022357507854953218, 'subsample': 0.6284318230788377, 'colsample_bytree': 0.38145718428493663, 'reg_alpha': 0.0024380167007638097, 'reg_lambda': 0.09314457182550234}. Best is trial 247 with value: 0.03012119889640085.
[I 2025-08-03 13:17:05,888] Trial 589 finished with value: 0.03093864781828104 and parameters: {'min_abs_corr': 0.006531927206205013, 'max_pair_corr': 1.0204102003697348, 'n_estimators': 1464, 'learning_rate': 0.010565463186792813, 'max_depth': 8, 'num_leaves': 245, 'min_child_samples': 6, 'min_child_weight': 0.022170633255655305, 'subsample': 0.594006033761569, 'colsample_bytree': 0.3863970079733503, 'reg_alpha': 0.0024319207858014627, 'reg_lambda': 0.0928336905019301}. Best is trial 247 with value: 0.03012119889640085.
[I 2025-08-03 13:17:12,854] Trial 590 finished with value: 0.031182547764540786 and parameters: {'min_abs_corr': 0.0066020734437752145, 'max_pair_corr': 0.9432631406619908, 'n_estimators': 1016, 'learning_rate': 0.01053207173162234, 'max_depth': 9, 'num_leaves': 243, 'min_child_samples': 6, 'min_child_weight': 0.022313170455424625, 'subsample': 0.5968255715355181, 'colsample_bytree': 0.44157210353626125, 'reg_alpha': 0.0024426513495816355, 'reg_lambda': 0.09343660741993766}. Best is trial 247 with value: 0.03012119889640085.
[I 2025-08-03 13:17:19,313] Trial 591 finished with value: 0.03041250758293807 and parameters: {'min_abs_corr': 0.006301993413359669, 'max_pair_corr': 0.9495253211481588, 'n_estimators': 1205, 'learning_rate': 0.010498578062806817, 'max_depth': 8, 'num_leaves': 240, 'min_child_samples': 6, 'min_child_weight': 0.02236707699094323, 'subsample': 0.5878714203235764, 'colsample_bytree': 0.37722081972911975, 'reg_alpha': 0.002422330116790362, 'reg_lambda': 0.09077903350870695}. Best is trial 247 with value: 0.03012119889640085.
[I 2025-08-03 13:17:27,902] Trial 592 finished with value: 0.030624695346993785 and parameters: {'min_abs_corr': 0.006550406064444311, 'max_pair_corr': 0.9743992151789771, 'n_estimators': 1499, 'learning_rate': 0.010619220738012882, 'max_depth': 8, 'num_leaves': 247, 'min_child_samples': 6, 'min_child_weight': 0.02224098926914364, 'subsample': 0.5909385967524412, 'colsample_bytree': 0.3845333098170953, 'reg_alpha': 0.0024304614193693787, 'reg_lambda': 0.09033150584935731}. Best is trial 247 with value: 0.03012119889640085.
[I 2025-08-03 13:17:31,916] Trial 593 finished with value: 0.03146281420413204 and parameters: {'min_abs_corr': 0.006615346356227244, 'max_pair_corr': 0.9402128641934924, 'n_estimators': 699, 'learning_rate': 0.010578337601719348, 'max_depth': 7, 'num_leaves': 236, 'min_child_samples': 6, 'min_child_weight': 0.022425821697601475, 'subsample': 0.6561613331179507, 'colsample_bytree': 0.38050358445097104, 'reg_alpha': 0.0024186630489982943, 'reg_lambda': 0.0927390551629876}. Best is trial 247 with value: 0.03012119889640085.
[I 2025-08-03 13:17:38,366] Trial 594 finished with value: 0.030292605337394297 and parameters: {'min_abs_corr': 0.006579185500723274, 'max_pair_corr': 0.946345629531098, 'n_estimators': 1422, 'learning_rate': 0.010483468952232688, 'max_depth': 7, 'num_leaves': 241, 'min_child_samples': 6, 'min_child_weight': 0.022471151071474994, 'subsample': 0.5873371941875459, 'colsample_bytree': 0.38260035550979427, 'reg_alpha': 0.002395487012840839, 'reg_lambda': 0.09674259392104173}. Best is trial 247 with value: 0.03012119889640085.
[I 2025-08-03 13:17:46,002] Trial 595 finished with value: 0.031158963610125313 and parameters: {'min_abs_corr': 0.006628486789487432, 'max_pair_corr': 0.8945146710358799, 'n_estimators': 1480, 'learning_rate': 0.010520777428811582, 'max_depth': 8, 'num_leaves': 234, 'min_child_samples': 6, 'min_child_weight': 0.022146859010226803, 'subsample': 0.5936088554520553, 'colsample_bytree': 0.3785709474920951, 'reg_alpha': 0.0024438620158311994, 'reg_lambda': 0.09380267568938219}. Best is trial 247 with value: 0.03012119889640085.
[I 2025-08-03 13:17:53,994] Trial 596 finished with value: 0.030530928629752718 and parameters: {'min_abs_corr': 0.006598104966304204, 'max_pair_corr': 0.9545678408851901, 'n_estimators': 1441, 'learning_rate': 0.010588106276884758, 'max_depth': 8, 'num_leaves': 244, 'min_child_samples': 6, 'min_child_weight': 0.022278634735611154, 'subsample': 0.5898057574233256, 'colsample_bytree': 0.3817220651058827, 'reg_alpha': 0.002433409384326102, 'reg_lambda': 0.08095539837432633}. Best is trial 247 with value: 0.03012119889640085.
[I 2025-08-03 13:18:01,477] Trial 597 finished with value: 0.030307579096276228 and parameters: {'min_abs_corr': 0.00663769535025828, 'max_pair_corr': 0.9498553504713759, 'n_estimators': 1459, 'learning_rate': 0.010467567639800028, 'max_depth': 8, 'num_leaves': 238, 'min_child_samples': 6, 'min_child_weight': 0.022376873210585818, 'subsample': 0.5786185891499112, 'colsample_bytree': 0.38038732168096956, 'reg_alpha': 0.0024442605009975843, 'reg_lambda': 0.09519693629894295}. Best is trial 247 with value: 0.03012119889640085.
[I 2025-08-03 13:18:08,815] Trial 598 finished with value: 0.03032815103252301 and parameters: {'min_abs_corr': 0.00661635549933587, 'max_pair_corr': 0.9593141761438645, 'n_estimators': 1499, 'learning_rate': 0.0105386964523228, 'max_depth': 7, 'num_leaves': 231, 'min_child_samples': 6, 'min_child_weight': 0.02251244329945674, 'subsample': 0.5871221785628165, 'colsample_bytree': 0.3890434982382272, 'reg_alpha': 0.0024105027605401106, 'reg_lambda': 0.09161379305598755}. Best is trial 247 with value: 0.03012119889640085.
[I 2025-08-03 13:18:16,110] Trial 599 finished with value: 0.03018960959894402 and parameters: {'min_abs_corr': 0.006562820320526086, 'max_pair_corr': 0.9447891153142224, 'n_estimators': 1410, 'learning_rate': 0.010303130746471094, 'max_depth': 8, 'num_leaves': 248, 'min_child_samples': 6, 'min_child_weight': 0.022431873340346308, 'subsample': 0.5960351273025407, 'colsample_bytree': 0.38416670693838606, 'reg_alpha': 0.0024236331944230017, 'reg_lambda': 0.09107928017420301}. Best is trial 247 with value: 0.03012119889640085.
[I 2025-08-03 13:18:25,060] Trial 600 finished with value: 0.031068636731648492 and parameters: {'min_abs_corr': 0.0065437623923412765, 'max_pair_corr': 1.073195898332242, 'n_estimators': 1370, 'learning_rate': 0.010312494319370367, 'max_depth': 8, 'num_leaves': 249, 'min_child_samples': 6, 'min_child_weight': 0.022412062307455904, 'subsample': 0.5968530496444214, 'colsample_bytree': 0.3869370174829928, 'reg_alpha': 0.0024210632419137896, 'reg_lambda': 0.09090349238557689}. Best is trial 247 with value: 0.03012119889640085.
[I 2025-08-03 13:18:32,530] Trial 601 finished with value: 0.030514919919113426 and parameters: {'min_abs_corr': 0.006562391637742073, 'max_pair_corr': 0.9456860783765824, 'n_estimators': 1400, 'learning_rate': 0.009087500335320402, 'max_depth': 8, 'num_leaves': 249, 'min_child_samples': 6, 'min_child_weight': 0.019268740459874194, 'subsample': 0.5963353765891402, 'colsample_bytree': 0.38519363007039764, 'reg_alpha': 0.0024264887602498423, 'reg_lambda': 0.09329874677079888}. Best is trial 247 with value: 0.03012119889640085.
[I 2025-08-03 13:18:39,869] Trial 602 finished with value: 0.03030317721468174 and parameters: {'min_abs_corr': 0.00657726243175505, 'max_pair_corr': 0.9509096601656869, 'n_estimators': 1411, 'learning_rate': 0.010229056409813263, 'max_depth': 8, 'num_leaves': 248, 'min_child_samples': 6, 'min_child_weight': 0.022293017021505736, 'subsample': 0.6115622924355807, 'colsample_bytree': 0.38402954464093514, 'reg_alpha': 0.0022841352559976073, 'reg_lambda': 0.09133625550212124}. Best is trial 247 with value: 0.03012119889640085.
[I 2025-08-03 13:18:47,388] Trial 603 finished with value: 0.03086408476620195 and parameters: {'min_abs_corr': 0.006528641958092927, 'max_pair_corr': 0.9562190037187659, 'n_estimators': 1336, 'learning_rate': 0.01029071089904982, 'max_depth': 8, 'num_leaves': 252, 'min_child_samples': 6, 'min_child_weight': 0.019926725517287993, 'subsample': 0.5931248875198512, 'colsample_bytree': 0.38568902253798554, 'reg_alpha': 0.002413833509707951, 'reg_lambda': 0.0934756904275806}. Best is trial 247 with value: 0.03012119889640085.
[I 2025-08-03 13:18:50,423] Trial 604 finished with value: 0.03294013203408058 and parameters: {'min_abs_corr': 0.006587196768516542, 'max_pair_corr': 0.9435250331463121, 'n_estimators': 346, 'learning_rate': 0.01027528539566521, 'max_depth': 8, 'num_leaves': 246, 'min_child_samples': 6, 'min_child_weight': 0.022520192046315377, 'subsample': 0.5983032143723159, 'colsample_bytree': 0.38321501297513993, 'reg_alpha': 0.0024323861569508845, 'reg_lambda': 0.09043273438931546}. Best is trial 247 with value: 0.03012119889640085.
[I 2025-08-03 13:18:57,757] Trial 605 finished with value: 0.030209281103698478 and parameters: {'min_abs_corr': 0.0065477773151023135, 'max_pair_corr': 0.9482741288927106, 'n_estimators': 1424, 'learning_rate': 0.01031896382021604, 'max_depth': 8, 'num_leaves': 244, 'min_child_samples': 6, 'min_child_weight': 0.022372339234576086, 'subsample': 0.5943500305040536, 'colsample_bytree': 0.38419500024678427, 'reg_alpha': 0.0024066548473670787, 'reg_lambda': 0.09088887366994458}. Best is trial 247 with value: 0.03012119889640085.
[I 2025-08-03 13:19:05,119] Trial 606 finished with value: 0.031452727639122054 and parameters: {'min_abs_corr': 0.006546402614160837, 'max_pair_corr': 0.9378207267441379, 'n_estimators': 1380, 'learning_rate': 0.01024484301128285, 'max_depth': 8, 'num_leaves': 255, 'min_child_samples': 6, 'min_child_weight': 0.022340940711449535, 'subsample': 0.5972722986719831, 'colsample_bytree': 0.3881674123989897, 'reg_alpha': 0.0023896166610581767, 'reg_lambda': 0.0905384037913214}. Best is trial 247 with value: 0.03012119889640085.
[I 2025-08-03 13:19:11,524] Trial 607 finished with value: 0.030367886360258733 and parameters: {'min_abs_corr': 0.006517642531659112, 'max_pair_corr': 0.9471595199468619, 'n_estimators': 1406, 'learning_rate': 0.010216845836177393, 'max_depth': 7, 'num_leaves': 212, 'min_child_samples': 6, 'min_child_weight': 0.022237315033904238, 'subsample': 0.5959269114705952, 'colsample_bytree': 0.3863711165329187, 'reg_alpha': 0.0024038776097796742, 'reg_lambda': 0.09382283386854659}. Best is trial 247 with value: 0.03012119889640085.
[I 2025-08-03 13:19:19,194] Trial 608 finished with value: 0.031028988288904918 and parameters: {'min_abs_corr': 0.00652604692322445, 'max_pair_corr': 0.940827881207049, 'n_estimators': 1420, 'learning_rate': 0.010328817851813435, 'max_depth': 8, 'num_leaves': 251, 'min_child_samples': 6, 'min_child_weight': 0.018971573356132716, 'subsample': 0.5921753619193009, 'colsample_bytree': 0.384382185207484, 'reg_alpha': 0.0023970859560581204, 'reg_lambda': 0.09079985842161703}. Best is trial 247 with value: 0.03012119889640085.
[I 2025-08-03 13:19:26,481] Trial 609 finished with value: 0.03136404784031162 and parameters: {'min_abs_corr': 0.006556944652126939, 'max_pair_corr': 0.9334176614342666, 'n_estimators': 1375, 'learning_rate': 0.010254585984135254, 'max_depth': 8, 'num_leaves': 243, 'min_child_samples': 6, 'min_child_weight': 0.022354187533785822, 'subsample': 0.5946207847501968, 'colsample_bytree': 0.38185047870944583, 'reg_alpha': 0.0024061467679261923, 'reg_lambda': 0.08999278252488982}. Best is trial 247 with value: 0.03012119889640085.
[I 2025-08-03 13:19:32,779] Trial 610 finished with value: 0.030445739054562482 and parameters: {'min_abs_corr': 0.006565525522892537, 'max_pair_corr': 0.9483151255215397, 'n_estimators': 1353, 'learning_rate': 0.010286508744489959, 'max_depth': 7, 'num_leaves': 240, 'min_child_samples': 6, 'min_child_weight': 0.02242288909680047, 'subsample': 0.5938570729379028, 'colsample_bytree': 0.3900126443097984, 'reg_alpha': 0.0024117863967203, 'reg_lambda': 0.09290844786125098}. Best is trial 247 with value: 0.03012119889640085.
[I 2025-08-03 13:19:40,636] Trial 611 finished with value: 0.03050696367241787 and parameters: {'min_abs_corr': 0.0065854845032999034, 'max_pair_corr': 0.9623752087694554, 'n_estimators': 1402, 'learning_rate': 0.010610715606395682, 'max_depth': 8, 'num_leaves': 245, 'min_child_samples': 6, 'min_child_weight': 0.022226971228260325, 'subsample': 0.594918387050053, 'colsample_bytree': 0.37715482589919647, 'reg_alpha': 0.002386365357734493, 'reg_lambda': 0.09110747750549364}. Best is trial 247 with value: 0.03012119889640085.
[I 2025-08-03 13:19:46,330] Trial 612 finished with value: 0.030396164521536796 and parameters: {'min_abs_corr': 0.006601940197763781, 'max_pair_corr': 0.9442391833861025, 'n_estimators': 1428, 'learning_rate': 0.01056778757567219, 'max_depth': 6, 'num_leaves': 234, 'min_child_samples': 6, 'min_child_weight': 0.02268794942408815, 'subsample': 0.5982446003099524, 'colsample_bytree': 0.3797134121815264, 'reg_alpha': 0.0024010690398861877, 'reg_lambda': 0.0909424013835385}. Best is trial 247 with value: 0.03012119889640085.
[I 2025-08-03 13:19:53,693] Trial 613 finished with value: 0.03021543934659457 and parameters: {'min_abs_corr': 0.006549344905869148, 'max_pair_corr': 0.9532769314113061, 'n_estimators': 1426, 'learning_rate': 0.010505943981886548, 'max_depth': 8, 'num_leaves': 238, 'min_child_samples': 6, 'min_child_weight': 0.0221461422781037, 'subsample': 0.5925536293427546, 'colsample_bytree': 0.3810175624774591, 'reg_alpha': 0.00241640604166731, 'reg_lambda': 0.09030817948350177}. Best is trial 247 with value: 0.03012119889640085.
[I 2025-08-03 13:20:00,542] Trial 614 finished with value: 0.030722847514696457 and parameters: {'min_abs_corr': 0.006540497146200727, 'max_pair_corr': 0.9553386624392931, 'n_estimators': 1386, 'learning_rate': 0.010506606159280842, 'max_depth': 7, 'num_leaves': 242, 'min_child_samples': 6, 'min_child_weight': 0.022135647738432532, 'subsample': 0.5930042444563448, 'colsample_bytree': 0.3835505604237325, 'reg_alpha': 0.0024068540159225137, 'reg_lambda': 0.0904985972220365}. Best is trial 247 with value: 0.03012119889640085.
