[I 2025-08-03 13:10:39,576] Trial 533 finished with value: 0.031370459848792866 and parameters: {'min_abs_corr': 0.006728147977207684, 'max_pair_corr': 0.9380165223903287, 'n_estimators': 625, 'learning_rate': 0.010498238335448938, 'max_depth': 7, 'num_leaves': 259, 'min_child_samples': 6, 'min_child_weight': 0.022308869762689105, 'subsample': 0.6468343394084434, 'colsample_bytree': 0.383908486875386, 'reg_alpha': 0.0024321865477697686, 'reg_lambda': 0.09170908409986266}. Best is trial 247 with value: 0.03012119889640085.
[I 2025-08-03 13:10:45,194] Trial 534 finished with value: 0.030512531504196954 and parameters: {'min_abs_corr': 0.0066881615191502755, 'max_pair_corr': 0.9491057577555231, 'n_estimators': 1427, 'learning_rate': 0.010397239200062369, 'max_depth': 6, 'num_leaves': 237, 'min_child_samples': 6, 'min_child_weight': 0.022607718687903098, 'subsample': 0.5810306122619976, 'colsample_bytree': 0.38125486026269617, 'reg_alpha': 0.0022002195859465875, 'reg_lambda': 0.09699120162936803}. Best is trial 247 with value: 0.03012119889640085.
[I 2025-08-03 13:10:53,266] Trial 535 finished with value: 0.03044142643554512 and parameters: {'min_abs_corr': 0.006603077639750409, 'max_pair_corr': 0.9617293928726858, 'n_estimators': 1460, 'learning_rate': 0.01011232763308068, 'max_depth': 8, 'num_leaves': 229, 'min_child_samples': 6, 'min_child_weight': 0.022516492720692307, 'subsample': 0.6704730265985762, 'colsample_bytree': 0.37857109882734, 'reg_alpha': 0.0024157254879899003, 'reg_lambda': 0.09073203572343251}. Best is trial 247 with value: 0.03012119889640085.
[I 2025-08-03 13:11:00,246] Trial 536 finished with value: 0.030612014915194958 and parameters: {'min_abs_corr': 0.006648577520532447, 'max_pair_corr': 0.971553320358732, 'n_estimators': 1352, 'learning_rate': 0.010551752584374447, 'max_depth': 8, 'num_leaves': 235, 'min_child_samples': 7, 'min_child_weight': 0.02268404734297164, 'subsample': 0.5855741176059529, 'colsample_bytree': 0.38508020590015757, 'reg_alpha': 0.0024263544504766602, 'reg_lambda': 0.09491391794647604}. Best is trial 247 with value: 0.03012119889640085.
[I 2025-08-03 13:11:07,668] Trial 537 finished with value: 0.03089304025628186 and parameters: {'min_abs_corr': 0.0066615029300578785, 'max_pair_corr': 0.9431952727760495, 'n_estimators': 1412, 'learning_rate': 0.01029429727246554, 'max_depth': 8, 'num_leaves': 233, 'min_child_samples': 6, 'min_child_weight': 0.022428297346331585, 'subsample': 0.5922397504462731, 'colsample_bytree': 0.3827590867151473, 'reg_alpha': 0.0024009308608477567, 'reg_lambda': 0.09223744413678857}. Best is trial 247 with value: 0.03012119889640085.
[I 2025-08-03 13:11:14,410] Trial 538 finished with value: 0.030287867962966564 and parameters: {'min_abs_corr': 0.00662097742374114, 'max_pair_corr': 0.9525491202630407, 'n_estimators': 1481, 'learning_rate': 0.010510293436701793, 'max_depth': 7, 'num_leaves': 245, 'min_child_samples': 6, 'min_child_weight': 0.022378797178359666, 'subsample': 0.6545283356891856, 'colsample_bytree': 0.3798538954107965, 'reg_alpha': 0.0024446771345880613, 'reg_lambda': 0.09114204694239282}. Best is trial 247 with value: 0.03012119889640085.
[I 2025-08-03 13:11:21,889] Trial 539 finished with value: 0.03031186558332034 and parameters: {'min_abs_corr': 0.006690893769922577, 'max_pair_corr': 0.947255153289879, 'n_estimators': 1442, 'learning_rate': 0.00981110762942482, 'max_depth': 8, 'num_leaves': 232, 'min_child_samples': 6, 'min_child_weight': 0.02253860333484262, 'subsample': 0.5742808655486265, 'colsample_bytree': 0.38115728530813653, 'reg_alpha': 0.0024353754202919146, 'reg_lambda': 0.0919415416192449}. Best is trial 247 with value: 0.03012119889640085.
[I 2025-08-03 13:11:29,989] Trial 540 finished with value: 0.030461123199476366 and parameters: {'min_abs_corr': 0.006667948681109542, 'max_pair_corr': 0.9569240753581216, 'n_estimators': 1459, 'learning_rate': 0.010348650657831275, 'max_depth': 8, 'num_leaves': 242, 'min_child_samples': 6, 'min_child_weight': 0.02226845848477143, 'subsample': 0.595198466446778, 'colsample_bytree': 0.37859524927572735, 'reg_alpha': 0.0024205158010163676, 'reg_lambda': 0.09578659521763479}. Best is trial 247 with value: 0.03012119889640085.
[I 2025-08-03 13:11:31,898] Trial 541 finished with value: 0.04812019258251664 and parameters: {'min_abs_corr': 0.006583386227527788, 'max_pair_corr': 0.9411734109760598, 'n_estimators': 1390, 'learning_rate': 0.010457766067263856, 'max_depth': 1, 'num_leaves': 225, 'min_child_samples': 6, 'min_child_weight': 0.022597942384412154, 'subsample': 0.5827970306014786, 'colsample_bytree': 0.37708313230571155, 'reg_alpha': 0.0024075526001639653, 'reg_lambda': 0.09290617613586391}. Best is trial 247 with value: 0.03012119889640085.
[I 2025-08-03 13:11:38,578] Trial 542 finished with value: 0.030239273524597966 and parameters: {'min_abs_corr': 0.006634485714662603, 'max_pair_corr': 0.9506969271014803, 'n_estimators': 1499, 'learning_rate': 0.010575393658590664, 'max_depth': 7, 'num_leaves': 236, 'min_child_samples': 6, 'min_child_weight': 0.02245485456745588, 'subsample': 0.5901472374761372, 'colsample_bytree': 0.3832275677292826, 'reg_alpha': 0.002429825793832277, 'reg_lambda': 0.09142453591307409}. Best is trial 247 with value: 0.03012119889640085.
[I 2025-08-03 13:11:42,725] Trial 543 finished with value: 0.030900934775288148 and parameters: {'min_abs_corr': 0.006605439728524067, 'max_pair_corr': 0.9442274362915797, 'n_estimators': 765, 'learning_rate': 0.01058202987680993, 'max_depth': 7, 'num_leaves': 252, 'min_child_samples': 6, 'min_child_weight': 0.022331511869275802, 'subsample': 0.5903168152904108, 'colsample_bytree': 0.3853419687994826, 'reg_alpha': 0.002429914173366165, 'reg_lambda': 0.09092808290888874}. Best is trial 247 with value: 0.03012119889640085.
[I 2025-08-03 13:11:49,608] Trial 544 finished with value: 0.03047881522723111 and parameters: {'min_abs_corr': 0.006562277359959649, 'max_pair_corr': 0.9501366771830253, 'n_estimators': 1486, 'learning_rate': 0.010549388183294962, 'max_depth': 7, 'num_leaves': 237, 'min_child_samples': 6, 'min_child_weight': 0.022460715160220458, 'subsample': 0.593142995047354, 'colsample_bytree': 0.41813618066184155, 'reg_alpha': 0.002422951250153141, 'reg_lambda': 0.09134513338286815}. Best is trial 247 with value: 0.03012119889640085.
[I 2025-08-03 13:11:56,328] Trial 545 finished with value: 0.03025391725014156 and parameters: {'min_abs_corr': 0.006630636759038547, 'max_pair_corr': 0.9467222375432118, 'n_estimators': 1491, 'learning_rate': 0.010594348290958195, 'max_depth': 7, 'num_leaves': 239, 'min_child_samples': 6, 'min_child_weight': 0.021059973699500436, 'subsample': 0.5899252559352772, 'colsample_bytree': 0.3841429536007927, 'reg_alpha': 0.0024362769769932587, 'reg_lambda': 0.09048877303605214}. Best is trial 247 with value: 0.03012119889640085.
[I 2025-08-03 13:12:03,177] Trial 546 finished with value: 0.030229701444463325 and parameters: {'min_abs_corr': 0.0065908928718122995, 'max_pair_corr': 0.9487043168072085, 'n_estimators': 1497, 'learning_rate': 0.009934776252882279, 'max_depth': 7, 'num_leaves': 241, 'min_child_samples': 6, 'min_child_weight': 0.022290276057956634, 'subsample': 0.5923568938365964, 'colsample_bytree': 0.3873324689577754, 'reg_alpha': 0.002413529329346714, 'reg_lambda': 0.09056832534312735}. Best is trial 247 with value: 0.03012119889640085.
[I 2025-08-03 13:12:09,173] Trial 547 finished with value: 0.03038388178642104 and parameters: {'min_abs_corr': 0.0066203512512805224, 'max_pair_corr': 0.9474782873995709, 'n_estimators': 1496, 'learning_rate': 0.009950228951523322, 'max_depth': 6, 'num_leaves': 241, 'min_child_samples': 6, 'min_child_weight': 0.021101154646495507, 'subsample': 0.591679186030995, 'colsample_bytree': 0.3875643042866337, 'reg_alpha': 0.0024172026633671644, 'reg_lambda': 0.09055194003805804}. Best is trial 247 with value: 0.03012119889640085.
[I 2025-08-03 13:12:16,153] Trial 548 finished with value: 0.03134145632678395 and parameters: {'min_abs_corr': 0.006594368664687891, 'max_pair_corr': 0.9392482154384916, 'n_estimators': 1484, 'learning_rate': 0.01000782043495833, 'max_depth': 7, 'num_leaves': 240, 'min_child_samples': 6, 'min_child_weight': 0.02107053572335678, 'subsample': 0.5942277930323121, 'colsample_bytree': 0.38690792359616977, 'reg_alpha': 0.0024303357133765935, 'reg_lambda': 0.0906656208751769}. Best is trial 247 with value: 0.03012119889640085.
[I 2025-08-03 13:12:22,104] Trial 549 finished with value: 0.030473727542741292 and parameters: {'min_abs_corr': 0.00662347050104627, 'max_pair_corr': 0.9489377947102959, 'n_estimators': 1478, 'learning_rate': 0.0105848955508957, 'max_depth': 6, 'num_leaves': 243, 'min_child_samples': 6, 'min_child_weight': 0.022206147648237473, 'subsample': 0.5901106356849315, 'colsample_bytree': 0.38766980728607875, 'reg_alpha': 0.002421842962027962, 'reg_lambda': 0.08985120781224272}. Best is trial 247 with value: 0.03012119889640085.
[I 2025-08-03 13:12:28,904] Trial 550 finished with value: 0.03080019943912534 and parameters: {'min_abs_corr': 0.006715074865266414, 'max_pair_corr': 0.9453751388816791, 'n_estimators': 1497, 'learning_rate': 0.009891937062803766, 'max_depth': 7, 'num_leaves': 239, 'min_child_samples': 6, 'min_child_weight': 0.02229908032739011, 'subsample': 0.5929943108105454, 'colsample_bytree': 0.3899303230978946, 'reg_alpha': 0.0024353704778554493, 'reg_lambda': 0.09069697304162737}. Best is trial 247 with value: 0.03012119889640085.
[I 2025-08-03 13:12:35,898] Trial 551 finished with value: 0.031235747245926437 and parameters: {'min_abs_corr': 0.0066386934302775594, 'max_pair_corr': 0.9358419284850059, 'n_estimators': 1498, 'learning_rate': 0.009863381887294907, 'max_depth': 7, 'num_leaves': 242, 'min_child_samples': 6, 'min_child_weight': 0.022257045039166132, 'subsample': 0.5899690963904382, 'colsample_bytree': 0.384757895046507, 'reg_alpha': 0.0024129418669313206, 'reg_lambda': 0.09021546664050312}. Best is trial 247 with value: 0.03012119889640085.
[I 2025-08-03 13:12:42,663] Trial 552 finished with value: 0.03041463997845923 and parameters: {'min_abs_corr': 0.00659725462948156, 'max_pair_corr': 0.951192284607367, 'n_estimators': 1464, 'learning_rate': 0.00992652509404737, 'max_depth': 7, 'num_leaves': 246, 'min_child_samples': 6, 'min_child_weight': 0.021162745424417168, 'subsample': 0.5954578562237359, 'colsample_bytree': 0.385921608739803, 'reg_alpha': 0.0024264780326021165, 'reg_lambda': 0.09004100843403617}. Best is trial 247 with value: 0.03012119889640085.
[I 2025-08-03 13:12:50,192] Trial 553 finished with value: 0.03072353745110749 and parameters: {'min_abs_corr': 0.006674548762601365, 'max_pair_corr': 0.9409244678985457, 'n_estimators': 1470, 'learning_rate': 0.00995040740411901, 'max_depth': 7, 'num_leaves': 239, 'min_child_samples': 5, 'min_child_weight': 0.020604290083856013, 'subsample': 0.5911857162717103, 'colsample_bytree': 0.390100708859049, 'reg_alpha': 0.002173451920028939, 'reg_lambda': 0.09053596107058151}. Best is trial 247 with value: 0.03012119889640085.
[I 2025-08-03 13:12:56,997] Trial 554 finished with value: 0.030822011527558268 and parameters: {'min_abs_corr': 0.006740373291598546, 'max_pair_corr': 0.9451428087526306, 'n_estimators': 1500, 'learning_rate': 0.010048132264873838, 'max_depth': 7, 'num_leaves': 241, 'min_child_samples': 6, 'min_child_weight': 0.020948473344366055, 'subsample': 0.5885156863390598, 'colsample_bytree': 0.3858670289615189, 'reg_alpha': 0.0024314000994196524, 'reg_lambda': 0.09091361933142339}. Best is trial 247 with value: 0.03012119889640085.
[I 2025-08-03 13:13:03,660] Trial 555 finished with value: 0.030344495340920836 and parameters: {'min_abs_corr': 0.0066378146847461085, 'max_pair_corr': 0.9495885821920266, 'n_estimators': 1452, 'learning_rate': 0.010590973131061197, 'max_depth': 7, 'num_leaves': 244, 'min_child_samples': 6, 'min_child_weight': 0.02238239804603209, 'subsample': 0.5937144565970901, 'colsample_bytree': 0.38799715033670024, 'reg_alpha': 0.0024014269540908596, 'reg_lambda': 0.09115752641584803}. Best is trial 247 with value: 0.03012119889640085.
[I 2025-08-03 13:13:11,864] Trial 556 finished with value: 0.030902994725057226 and parameters: {'min_abs_corr': 0.0065842120687607105, 'max_pair_corr': 1.042027532463384, 'n_estimators': 1476, 'learning_rate': 0.010610753517936188, 'max_depth': 7, 'num_leaves': 236, 'min_child_samples': 6, 'min_child_weight': 0.021850484039217258, 'subsample': 0.5886556463661033, 'colsample_bytree': 0.38383247691142125, 'reg_alpha': 0.0024132256188681297, 'reg_lambda': 0.09109411709747356}. Best is trial 247 with value: 0.03012119889640085.
[I 2025-08-03 13:13:17,459] Trial 557 finished with value: 0.030635906240590004 and parameters: {'min_abs_corr': 0.00677970878060084, 'max_pair_corr': 0.9774926133941185, 'n_estimators': 1446, 'learning_rate': 0.010537605370316347, 'max_depth': 5, 'num_leaves': 238, 'min_child_samples': 6, 'min_child_weight': 0.020766766466059825, 'subsample': 0.5918964863795534, 'colsample_bytree': 0.3892169719056809, 'reg_alpha': 0.002436470422297695, 'reg_lambda': 0.09039473850269412}. Best is trial 247 with value: 0.03012119889640085.
[I 2025-08-03 13:13:24,398] Trial 558 finished with value: 0.030739132159490784 and parameters: {'min_abs_corr': 0.006680778277338512, 'max_pair_corr': 0.9541520358995881, 'n_estimators': 1475, 'learning_rate': 0.009973737911848767, 'max_depth': 7, 'num_leaves': 238, 'min_child_samples': 7, 'min_child_weight': 0.02127368160862069, 'subsample': 0.5871733229734629, 'colsample_bytree': 0.3839386966510015, 'reg_alpha': 0.002419587282994891, 'reg_lambda': 0.0902912920246213}. Best is trial 247 with value: 0.03012119889640085.
[I 2025-08-03 13:13:31,553] Trial 559 finished with value: 0.03059250560656974 and parameters: {'min_abs_corr': 0.006614778407485936, 'max_pair_corr': 0.9468160866538906, 'n_estimators': 1499, 'learning_rate': 0.0092357933746963, 'max_depth': 7, 'num_leaves': 243, 'min_child_samples': 6, 'min_child_weight': 0.021366673317791008, 'subsample': 0.5956712473697646, 'colsample_bytree': 0.45172808799846664, 'reg_alpha': 0.0024274266427157447, 'reg_lambda': 0.09157210810314806}. Best is trial 247 with value: 0.03012119889640085.
[I 2025-08-03 13:13:38,234] Trial 560 finished with value: 0.030845963405826037 and parameters: {'min_abs_corr': 0.006650879922714394, 'max_pair_corr': 0.9408862686019249, 'n_estimators': 1437, 'learning_rate': 0.010597835697426419, 'max_depth': 7, 'num_leaves': 235, 'min_child_samples': 6, 'min_child_weight': 0.022255675339984963, 'subsample': 0.5904695018027138, 'colsample_bytree': 0.38295716001665325, 'reg_alpha': 0.002407211481815544, 'reg_lambda': 0.09090073252353224}. Best is trial 247 with value: 0.03012119889640085.
[I 2025-08-03 13:13:44,553] Trial 561 finished with value: 0.030733614564450663 and parameters: {'min_abs_corr': 0.0067062638258044115, 'max_pair_corr': 0.9587758931090616, 'n_estimators': 1462, 'learning_rate': 0.010518463666625694, 'max_depth': 6, 'num_leaves': 241, 'min_child_samples': 6, 'min_child_weight': 0.0224345582303605, 'subsample': 0.5931137033268711, 'colsample_bytree': 0.3817938626028122, 'reg_alpha': 0.002435503754809716, 'reg_lambda': 0.0912822240572073}. Best is trial 247 with value: 0.03012119889640085.
[I 2025-08-03 13:13:51,074] Trial 562 finished with value: 0.030315455033353818 and parameters: {'min_abs_corr': 0.006609530907053145, 'max_pair_corr': 0.9519707018681617, 'n_estimators': 1424, 'learning_rate': 0.010557450171272152, 'max_depth': 7, 'num_leaves': 239, 'min_child_samples': 6, 'min_child_weight': 0.02248244373097885, 'subsample': 0.6408812226115409, 'colsample_bytree': 0.38606847338790634, 'reg_alpha': 0.0024229537817785744, 'reg_lambda': 0.09141483105182538}. Best is trial 247 with value: 0.03012119889640085.
[I 2025-08-03 13:13:57,656] Trial 563 finished with value: 0.030343838324551516 and parameters: {'min_abs_corr': 0.0066682616482705475, 'max_pair_corr': 0.9438246600206961, 'n_estimators': 1473, 'learning_rate': 0.010498788902204929, 'max_depth': 7, 'num_leaves': 246, 'min_child_samples': 6, 'min_child_weight': 0.022347191241500898, 'subsample': 0.635937505979627, 'colsample_bytree': 0.38001036111445063, 'reg_alpha': 0.002412616374983591, 'reg_lambda': 0.09120037617496428}. Best is trial 247 with value: 0.03012119889640085.
[I 2025-08-03 13:14:05,181] Trial 564 finished with value: 0.030290933510124705 and parameters: {'min_abs_corr': 0.006633173533029181, 'max_pair_corr': 0.9652459754458889, 'n_estimators': 1445, 'learning_rate': 0.008778118988319828, 'max_depth': 7, 'num_leaves': 248, 'min_child_samples': 6, 'min_child_weight': 0.020531314666018163, 'subsample': 0.5886747727634727, 'colsample_bytree': 0.38479660556693446, 'reg_alpha': 0.002437854279967909, 'reg_lambda': 0.09068519703235095}. Best is trial 247 with value: 0.03012119889640085.
[I 2025-08-03 13:14:11,647] Trial 565 finished with value: 0.030390282760501007 and parameters: {'min_abs_corr': 0.006572836590072151, 'max_pair_corr': 0.9489867088425225, 'n_estimators': 1410, 'learning_rate': 0.01061361097558787, 'max_depth': 7, 'num_leaves': 234, 'min_child_samples': 6, 'min_child_weight': 0.02218013279787408, 'subsample': 0.661145708684976, 'colsample_bytree': 0.3827887341509395, 'reg_alpha': 0.002421045484018532, 'reg_lambda': 0.08988793588234459}. Best is trial 247 with value: 0.03012119889640085.
[I 2025-08-03 13:14:18,080] Trial 566 finished with value: 0.03074833952484333 and parameters: {'min_abs_corr': 0.006694944797781834, 'max_pair_corr': 0.9552678559298919, 'n_estimators': 1258, 'learning_rate': 0.009769379379957243, 'max_depth': 7, 'num_leaves': 244, 'min_child_samples': 6, 'min_child_weight': 0.022497300613465294, 'subsample': 0.5959237202934985, 'colsample_bytree': 0.37845630394904284, 'reg_alpha': 0.0024287676493060582, 'reg_lambda': 0.09154205427678698}. Best is trial 247 with value: 0.03012119889640085.
[I 2025-08-03 13:14:23,964] Trial 567 finished with value: 0.030340862165800488 and parameters: {'min_abs_corr': 0.00666177268764124, 'max_pair_corr': 0.946391320097614, 'n_estimators': 1475, 'learning_rate': 0.010033538912820507, 'max_depth': 6, 'num_leaves': 236, 'min_child_samples': 6, 'min_child_weight': 0.022408120386018304, 'subsample': 0.5863739076915542, 'colsample_bytree': 0.3807866354308785, 'reg_alpha': 0.00240050743231064, 'reg_lambda': 0.08383095096145841}. Best is trial 247 with value: 0.03012119889640085.
[I 2025-08-03 13:14:34,842] Trial 568 finished with value: 0.03161646502966386 and parameters: {'min_abs_corr': 0.006546141201811808, 'max_pair_corr': 0.9377679377864152, 'n_estimators': 918, 'learning_rate': 0.010415694539580219, 'max_depth': -1, 'num_leaves': 240, 'min_child_samples': 6, 'min_child_weight': 0.022520497841300616, 'subsample': 0.5903193956067891, 'colsample_bytree': 0.3787177026403503, 'reg_alpha': 0.002414326279865083, 'reg_lambda': 0.09102001713457925}. Best is trial 247 with value: 0.03012119889640085.
[I 2025-08-03 13:14:41,259] Trial 569 finished with value: 0.030948958817521 and parameters: {'min_abs_corr': 0.006734642091020313, 'max_pair_corr': 0.9521869773096711, 'n_estimators': 1443, 'learning_rate': 0.010328803634646907, 'max_depth': 7, 'num_leaves': 236, 'min_child_samples': 6, 'min_child_weight': 0.02232177458793663, 'subsample': 0.5861083383593354, 'colsample_bytree': 0.37714486803366815, 'reg_alpha': 0.002435352450760829, 'reg_lambda': 0.09769272740598792}. Best is trial 247 with value: 0.03012119889640085.
[I 2025-08-03 13:14:51,098] Trial 570 finished with value: 0.031112967721591812 and parameters: {'min_abs_corr': 0.006630937242638165, 'max_pair_corr': 0.9426117231063286, 'n_estimators': 1500, 'learning_rate': 0.010562910969678901, 'max_depth': 10, 'num_leaves': 238, 'min_child_samples': 6, 'min_child_weight': 0.020825588168319278, 'subsample': 0.6244023469375019, 'colsample_bytree': 0.38163878058766054, 'reg_alpha': 0.0024258197427577746, 'reg_lambda': 0.09038092279559404}. Best is trial 247 with value: 0.03012119889640085.
[I 2025-08-03 13:14:58,982] Trial 571 finished with value: 0.030319172788569076 and parameters: {'min_abs_corr': 0.0066057388962202585, 'max_pair_corr': 0.9591354016714783, 'n_estimators': 1403, 'learning_rate': 0.010518449432677022, 'max_depth': 8, 'num_leaves': 250, 'min_child_samples': 6, 'min_child_weight': 0.02268873060257097, 'subsample': 0.5926457023701304, 'colsample_bytree': 0.38429772918693744, 'reg_alpha': 0.0024058478299209237, 'reg_lambda': 0.09175403164064891}. Best is trial 247 with value: 0.03012119889640085.
[I 2025-08-03 13:15:05,560] Trial 572 finished with value: 0.030323226680946856 and parameters: {'min_abs_corr': 0.006686822853501066, 'max_pair_corr': 0.9488444515916288, 'n_estimators': 1460, 'learning_rate': 0.010472187747334584, 'max_depth': 7, 'num_leaves': 246, 'min_child_samples': 6, 'min_child_weight': 0.022441681774459533, 'subsample': 0.589174393466111, 'colsample_bytree': 0.3799489731512056, 'reg_alpha': 0.002165303694174317, 'reg_lambda': 0.09143232057672984}. Best is trial 247 with value: 0.03012119889640085.
[I 2025-08-03 13:15:13,650] Trial 573 finished with value: 0.030537527705084423 and parameters: {'min_abs_corr': 0.006716049071539173, 'max_pair_corr': 0.955113069155632, 'n_estimators': 1430, 'learning_rate': 0.010363252607888554, 'max_depth': 8, 'num_leaves': 242, 'min_child_samples': 6, 'min_child_weight': 0.022546631333420653, 'subsample': 0.5848854147456558, 'colsample_bytree': 0.3829042670636314, 'reg_alpha': 0.002436964829323761, 'reg_lambda': 0.09262290099204641}. Best is trial 247 with value: 0.03012119889640085.
