[I 2025-08-03 13:29:59,243] Trial 697 finished with value: 0.030174137641477323 and parameters: {'min_abs_corr': 0.006514950680510292, 'max_pair_corr': 0.9455928363625704, 'n_estimators': 1419, 'learning_rate': 0.01054379322909351, 'max_depth': 8, 'num_leaves': 245, 'min_child_samples': 6, 'min_child_weight': 0.02230305765651452, 'subsample': 0.6286568725197501, 'colsample_bytree': 0.38037580790804343, 'reg_alpha': 0.0023946419173107776, 'reg_lambda': 0.09457218177993876}. Best is trial 247 with value: 0.03012119889640085.
[I 2025-08-03 13:30:06,873] Trial 698 finished with value: 0.031031621153483846 and parameters: {'min_abs_corr': 0.006587497131310836, 'max_pair_corr': 0.9423404814441994, 'n_estimators': 1425, 'learning_rate': 0.010490538425703987, 'max_depth': 8, 'num_leaves': 249, 'min_child_samples': 6, 'min_child_weight': 0.022032209500516157, 'subsample': 0.6232747639208718, 'colsample_bytree': 0.37923144808182796, 'reg_alpha': 0.002377643347629093, 'reg_lambda': 0.09420369384436947}. Best is trial 247 with value: 0.03012119889640085.
[I 2025-08-03 13:30:14,305] Trial 699 finished with value: 0.031211722769659934 and parameters: {'min_abs_corr': 0.006539458512770364, 'max_pair_corr': 0.936173786736102, 'n_estimators': 1416, 'learning_rate': 0.010434134105168278, 'max_depth': 8, 'num_leaves': 245, 'min_child_samples': 6, 'min_child_weight': 0.022150551249182363, 'subsample': 0.6280280380817105, 'colsample_bytree': 0.37864250711077, 'reg_alpha': 0.002385897666525617, 'reg_lambda': 0.09430568058456239}. Best is trial 247 with value: 0.03012119889640085.
[I 2025-08-03 13:30:21,558] Trial 700 finished with value: 0.030206706768647375 and parameters: {'min_abs_corr': 0.006605200538816456, 'max_pair_corr': 0.9450139809802963, 'n_estimators': 1404, 'learning_rate': 0.010542429308042355, 'max_depth': 8, 'num_leaves': 247, 'min_child_samples': 6, 'min_child_weight': 0.022284150151333563, 'subsample': 0.6255552185159655, 'colsample_bytree': 0.3801591206915843, 'reg_alpha': 0.0023674514682072026, 'reg_lambda': 0.09485957043191243}. Best is trial 247 with value: 0.03012119889640085.
[I 2025-08-03 13:30:28,978] Trial 701 finished with value: 0.031261560630576994 and parameters: {'min_abs_corr': 0.006601418450000236, 'max_pair_corr': 0.9383689967233604, 'n_estimators': 1394, 'learning_rate': 0.010519294622300212, 'max_depth': 8, 'num_leaves': 247, 'min_child_samples': 6, 'min_child_weight': 0.02229667278469373, 'subsample': 0.6306755763960884, 'colsample_bytree': 0.38286856222478316, 'reg_alpha': 0.002373429025279847, 'reg_lambda': 0.0943978649670862}. Best is trial 247 with value: 0.03012119889640085.
[I 2025-08-03 13:30:37,395] Trial 702 finished with value: 0.031081910891562897 and parameters: {'min_abs_corr': 0.006567062689978025, 'max_pair_corr': 0.9426459179630243, 'n_estimators': 1400, 'learning_rate': 0.010469503582124692, 'max_depth': 9, 'num_leaves': 251, 'min_child_samples': 6, 'min_child_weight': 0.022293886057821392, 'subsample': 0.6255872640905193, 'colsample_bytree': 0.38050314918524225, 'reg_alpha': 0.0023626078164959113, 'reg_lambda': 0.09456289173086327}. Best is trial 247 with value: 0.03012119889640085.
[I 2025-08-03 13:30:44,742] Trial 703 finished with value: 0.03022356566506179 and parameters: {'min_abs_corr': 0.0065027902901085895, 'max_pair_corr': 0.94537455930682, 'n_estimators': 1422, 'learning_rate': 0.01050679990257531, 'max_depth': 8, 'num_leaves': 248, 'min_child_samples': 6, 'min_child_weight': 0.02233330652341323, 'subsample': 0.6305589189292736, 'colsample_bytree': 0.3811564877437362, 'reg_alpha': 0.0023667851795532865, 'reg_lambda': 0.09456728510236787}. Best is trial 247 with value: 0.03012119889640085.
[I 2025-08-03 13:30:52,121] Trial 704 finished with value: 0.030995320590659865 and parameters: {'min_abs_corr': 0.00647418651031513, 'max_pair_corr': 0.9409708416677521, 'n_estimators': 1393, 'learning_rate': 0.010518074825751775, 'max_depth': 8, 'num_leaves': 249, 'min_child_samples': 6, 'min_child_weight': 0.022243521200731104, 'subsample': 0.6332933669715086, 'colsample_bytree': 0.383062776134844, 'reg_alpha': 0.002362960617024286, 'reg_lambda': 0.09456398731978675}. Best is trial 247 with value: 0.03012119889640085.
[I 2025-08-03 13:30:59,401] Trial 705 finished with value: 0.030224292778327094 and parameters: {'min_abs_corr': 0.006500041073627331, 'max_pair_corr': 0.9452551975398531, 'n_estimators': 1418, 'learning_rate': 0.010497378196955549, 'max_depth': 8, 'num_leaves': 253, 'min_child_samples': 6, 'min_child_weight': 0.022115340454113754, 'subsample': 0.6308931140759936, 'colsample_bytree': 0.380098432640384, 'reg_alpha': 0.002366854181668127, 'reg_lambda': 0.09541615063508108}. Best is trial 247 with value: 0.03012119889640085.
[I 2025-08-03 13:31:06,432] Trial 706 finished with value: 0.03141607229183906 and parameters: {'min_abs_corr': 0.006494245755532612, 'max_pair_corr': 0.929662548495055, 'n_estimators': 1384, 'learning_rate': 0.010492642998792398, 'max_depth': 8, 'num_leaves': 253, 'min_child_samples': 6, 'min_child_weight': 0.0220845724143203, 'subsample': 0.6295774313599848, 'colsample_bytree': 0.37718709212810436, 'reg_alpha': 0.002350792647020277, 'reg_lambda': 0.09550031874028031}. Best is trial 247 with value: 0.03012119889640085.
[I 2025-08-03 13:31:13,910] Trial 707 finished with value: 0.031252774501401584 and parameters: {'min_abs_corr': 0.006492892550068288, 'max_pair_corr': 0.9330733394718205, 'n_estimators': 1419, 'learning_rate': 0.010549913331562966, 'max_depth': 8, 'num_leaves': 250, 'min_child_samples': 6, 'min_child_weight': 0.021979313818487733, 'subsample': 0.6266691668915354, 'colsample_bytree': 0.37985815714965193, 'reg_alpha': 0.0023516247754651522, 'reg_lambda': 0.09496942945013352}. Best is trial 247 with value: 0.03012119889640085.
[I 2025-08-03 13:31:21,226] Trial 708 finished with value: 0.031270881728671596 and parameters: {'min_abs_corr': 0.006455822529459495, 'max_pair_corr': 0.9383195154355434, 'n_estimators': 1369, 'learning_rate': 0.010467183838373025, 'max_depth': 8, 'num_leaves': 248, 'min_child_samples': 6, 'min_child_weight': 0.02195615155709776, 'subsample': 0.6299396002672513, 'colsample_bytree': 0.37990679190286775, 'reg_alpha': 0.0023414018599331914, 'reg_lambda': 0.09513670700373068}. Best is trial 247 with value: 0.03012119889640085.
[I 2025-08-03 13:31:28,502] Trial 709 finished with value: 0.03028801566992732 and parameters: {'min_abs_corr': 0.006505685616260288, 'max_pair_corr': 0.9439057456880844, 'n_estimators': 1407, 'learning_rate': 0.010503718127163515, 'max_depth': 8, 'num_leaves': 247, 'min_child_samples': 6, 'min_child_weight': 0.02214759239548342, 'subsample': 0.6197280774549071, 'colsample_bytree': 0.37850056242810465, 'reg_alpha': 0.002370285492136072, 'reg_lambda': 0.0948367238768903}. Best is trial 247 with value: 0.03012119889640085.
[I 2025-08-03 13:31:36,046] Trial 710 finished with value: 0.031238525090831814 and parameters: {'min_abs_corr': 0.006508619264019438, 'max_pair_corr': 0.9397566610225423, 'n_estimators': 1410, 'learning_rate': 0.010437818117088054, 'max_depth': 8, 'num_leaves': 246, 'min_child_samples': 6, 'min_child_weight': 0.022164378130228337, 'subsample': 0.6329713789808923, 'colsample_bytree': 0.3809772488378583, 'reg_alpha': 0.0023687456992117022, 'reg_lambda': 0.09551762344762874}. Best is trial 247 with value: 0.03012119889640085.
[I 2025-08-03 13:31:43,237] Trial 711 finished with value: 0.03021198655319602 and parameters: {'min_abs_corr': 0.0064630772038216855, 'max_pair_corr': 0.9449155695650767, 'n_estimators': 1378, 'learning_rate': 0.010532633361160929, 'max_depth': 8, 'num_leaves': 252, 'min_child_samples': 6, 'min_child_weight': 0.022068840491986708, 'subsample': 0.6319339886598035, 'colsample_bytree': 0.38021242722490856, 'reg_alpha': 0.0023597433042240627, 'reg_lambda': 0.09500603221862985}. Best is trial 247 with value: 0.03012119889640085.
[I 2025-08-03 13:31:51,461] Trial 712 finished with value: 0.03142857528947334 and parameters: {'min_abs_corr': 0.006484216055138723, 'max_pair_corr': 0.935956577653692, 'n_estimators': 1366, 'learning_rate': 0.010546404616950568, 'max_depth': 9, 'num_leaves': 252, 'min_child_samples': 6, 'min_child_weight': 0.021932214586442667, 'subsample': 0.6351304429346712, 'colsample_bytree': 0.38174628637115093, 'reg_alpha': 0.002359984906101005, 'reg_lambda': 0.09525442873659927}. Best is trial 247 with value: 0.03012119889640085.
[I 2025-08-03 13:31:58,798] Trial 713 finished with value: 0.031026039410096674 and parameters: {'min_abs_corr': 0.006465214449904518, 'max_pair_corr': 0.9433589845454478, 'n_estimators': 1375, 'learning_rate': 0.010549410506029644, 'max_depth': 8, 'num_leaves': 255, 'min_child_samples': 6, 'min_child_weight': 0.022041061543613568, 'subsample': 0.6324647041000498, 'colsample_bytree': 0.37853854509976587, 'reg_alpha': 0.0023645708233436453, 'reg_lambda': 0.09546740432884249}. Best is trial 247 with value: 0.03012119889640085.
[I 2025-08-03 13:32:06,078] Trial 714 finished with value: 0.0313716483809494 and parameters: {'min_abs_corr': 0.006434927288425035, 'max_pair_corr': 0.9399027056006649, 'n_estimators': 1355, 'learning_rate': 0.01054826936063816, 'max_depth': 8, 'num_leaves': 254, 'min_child_samples': 6, 'min_child_weight': 0.02209427586924531, 'subsample': 0.6303021124327587, 'colsample_bytree': 0.38052765599697175, 'reg_alpha': 0.002381729941329869, 'reg_lambda': 0.09594777724009547}. Best is trial 247 with value: 0.03012119889640085.
[I 2025-08-03 13:32:13,692] Trial 715 finished with value: 0.030995349282218233 and parameters: {'min_abs_corr': 0.006510994229904105, 'max_pair_corr': 0.931172369267324, 'n_estimators': 1391, 'learning_rate': 0.01050512867910331, 'max_depth': 8, 'num_leaves': 256, 'min_child_samples': 6, 'min_child_weight': 0.021898035475913482, 'subsample': 0.6247046010882431, 'colsample_bytree': 0.38204078322169216, 'reg_alpha': 0.002344194470223261, 'reg_lambda': 0.09508488511685508}. Best is trial 247 with value: 0.03012119889640085.
[I 2025-08-03 13:32:20,935] Trial 716 finished with value: 0.030296132709388884 and parameters: {'min_abs_corr': 0.006459729508016401, 'max_pair_corr': 0.9446882818394314, 'n_estimators': 1385, 'learning_rate': 0.010444459573008488, 'max_depth': 8, 'num_leaves': 251, 'min_child_samples': 6, 'min_child_weight': 0.022009265931397175, 'subsample': 0.629233987218707, 'colsample_bytree': 0.3799429978851574, 'reg_alpha': 0.0023684031472447275, 'reg_lambda': 0.09507712927522842}. Best is trial 247 with value: 0.03012119889640085.
[I 2025-08-03 13:32:29,175] Trial 717 finished with value: 0.03137787749215086 and parameters: {'min_abs_corr': 0.006487791170053823, 'max_pair_corr': 0.9354330984797716, 'n_estimators': 1404, 'learning_rate': 0.010514777942606472, 'max_depth': 9, 'num_leaves': 253, 'min_child_samples': 6, 'min_child_weight': 0.022144210027107605, 'subsample': 0.632167378461012, 'colsample_bytree': 0.3784578296481356, 'reg_alpha': 0.002360212359594597, 'reg_lambda': 0.09499183445143343}. Best is trial 247 with value: 0.03012119889640085.
[I 2025-08-03 13:32:36,213] Trial 718 finished with value: 0.030405417239945054 and parameters: {'min_abs_corr': 0.0064480089852715135, 'max_pair_corr': 0.9439810790434536, 'n_estimators': 1361, 'learning_rate': 0.010555930414554533, 'max_depth': 8, 'num_leaves': 251, 'min_child_samples': 6, 'min_child_weight': 0.022057279922685035, 'subsample': 0.6366699077757594, 'colsample_bytree': 0.3770701812726784, 'reg_alpha': 0.002352358958659788, 'reg_lambda': 0.09474549973946712}. Best is trial 247 with value: 0.03012119889640085.
[I 2025-08-03 13:32:41,799] Trial 719 finished with value: 0.0305257620656585 and parameters: {'min_abs_corr': 0.00652214438572232, 'max_pair_corr': 0.9461067996667467, 'n_estimators': 969, 'learning_rate': 0.010469860239062646, 'max_depth': 8, 'num_leaves': 249, 'min_child_samples': 6, 'min_child_weight': 0.022220331958593312, 'subsample': 0.621833212773022, 'colsample_bytree': 0.3831245065889863, 'reg_alpha': 0.0023719767912381852, 'reg_lambda': 0.09434797747734178}. Best is trial 247 with value: 0.03012119889640085.
[I 2025-08-03 13:32:49,423] Trial 720 finished with value: 0.03095697907124817 and parameters: {'min_abs_corr': 0.006511223481246487, 'max_pair_corr': 0.942294620097799, 'n_estimators': 1425, 'learning_rate': 0.010499207347097918, 'max_depth': 8, 'num_leaves': 249, 'min_child_samples': 6, 'min_child_weight': 0.02219566800742449, 'subsample': 0.6271832822406544, 'colsample_bytree': 0.38112794260915805, 'reg_alpha': 0.002376128404329762, 'reg_lambda': 0.09555621485339783}. Best is trial 247 with value: 0.03012119889640085.
[I 2025-08-03 13:32:56,846] Trial 721 finished with value: 0.031171009436456426 and parameters: {'min_abs_corr': 0.006532389683791569, 'max_pair_corr': 0.9387843805000812, 'n_estimators': 1391, 'learning_rate': 0.010425015748498892, 'max_depth': 8, 'num_leaves': 261, 'min_child_samples': 6, 'min_child_weight': 0.022085996810622618, 'subsample': 0.6344432241535257, 'colsample_bytree': 0.3795912374132079, 'reg_alpha': 0.002379334971433063, 'reg_lambda': 0.09599906451538742}. Best is trial 247 with value: 0.03012119889640085.
[I 2025-08-03 13:33:04,295] Trial 722 finished with value: 0.030245408470794165 and parameters: {'min_abs_corr': 0.006496416830681773, 'max_pair_corr': 0.9462954961259528, 'n_estimators': 1421, 'learning_rate': 0.01055716719813076, 'max_depth': 8, 'num_leaves': 247, 'min_child_samples': 6, 'min_child_weight': 0.022251311345537768, 'subsample': 0.6234707413511914, 'colsample_bytree': 0.38184923603195814, 'reg_alpha': 0.002357360495509093, 'reg_lambda': 0.09482188886024391}. Best is trial 247 with value: 0.03012119889640085.
[I 2025-08-03 13:33:11,559] Trial 723 finished with value: 0.030231704646399415 and parameters: {'min_abs_corr': 0.0065294017908696005, 'max_pair_corr': 0.9459090366817234, 'n_estimators': 1374, 'learning_rate': 0.010470134829447095, 'max_depth': 8, 'num_leaves': 250, 'min_child_samples': 6, 'min_child_weight': 0.022318533342155226, 'subsample': 0.6314172269762641, 'colsample_bytree': 0.38345659312039415, 'reg_alpha': 0.002334585634209457, 'reg_lambda': 0.09415974724922993}. Best is trial 247 with value: 0.03012119889640085.
[I 2025-08-03 13:33:19,126] Trial 724 finished with value: 0.031003295967649946 and parameters: {'min_abs_corr': 0.006478022793264929, 'max_pair_corr': 0.9419555400394146, 'n_estimators': 1421, 'learning_rate': 0.010524339403564547, 'max_depth': 8, 'num_leaves': 245, 'min_child_samples': 6, 'min_child_weight': 0.022182127717029713, 'subsample': 0.6288572289333589, 'colsample_bytree': 0.37972964816396393, 'reg_alpha': 0.00234569795832271, 'reg_lambda': 0.0946105790384494}. Best is trial 247 with value: 0.03012119889640085.
[I 2025-08-03 13:33:27,188] Trial 725 finished with value: 0.03133564440696354 and parameters: {'min_abs_corr': 0.006542239640924901, 'max_pair_corr': 0.9355884161034597, 'n_estimators': 1349, 'learning_rate': 0.010442680475265947, 'max_depth': 9, 'num_leaves': 253, 'min_child_samples': 6, 'min_child_weight': 0.022315193050757184, 'subsample': 0.6201873047388978, 'colsample_bytree': 0.381122220162267, 'reg_alpha': 0.0023673122039768522, 'reg_lambda': 0.09404373745215554}. Best is trial 247 with value: 0.03012119889640085.
[I 2025-08-03 13:33:36,193] Trial 726 finished with value: 0.03109354156894547 and parameters: {'min_abs_corr': 0.006543870814205153, 'max_pair_corr': 1.0345585298902484, 'n_estimators': 1398, 'learning_rate': 0.010562790704349435, 'max_depth': 8, 'num_leaves': 248, 'min_child_samples': 6, 'min_child_weight': 0.022129779116360743, 'subsample': 0.6287608471387142, 'colsample_bytree': 0.3784303022061044, 'reg_alpha': 0.002355477998733676, 'reg_lambda': 0.09528651791264169}. Best is trial 247 with value: 0.03012119889640085.
[I 2025-08-03 13:33:39,114] Trial 727 finished with value: 0.03292219988034041 and parameters: {'min_abs_corr': 0.006505407066304338, 'max_pair_corr': 0.9474967884847404, 'n_estimators': 1426, 'learning_rate': 0.010509673396801868, 'max_depth': 3, 'num_leaves': 245, 'min_child_samples': 6, 'min_child_weight': 0.022213407505368345, 'subsample': 0.6270401454876374, 'colsample_bytree': 0.3838587180694822, 'reg_alpha': 0.0023679878311693367, 'reg_lambda': 0.09585651571315397}. Best is trial 247 with value: 0.03012119889640085.
[I 2025-08-03 13:33:46,670] Trial 728 finished with value: 0.031014295835894812 and parameters: {'min_abs_corr': 0.00644340950417586, 'max_pair_corr': 0.9407064667796534, 'n_estimators': 1401, 'learning_rate': 0.010400033477225297, 'max_depth': 8, 'num_leaves': 247, 'min_child_samples': 6, 'min_child_weight': 0.022341504848676183, 'subsample': 0.6238379907794356, 'colsample_bytree': 0.38222627768165496, 'reg_alpha': 0.0023827067396843763, 'reg_lambda': 0.09474856214698732}. Best is trial 247 with value: 0.03012119889640085.
[I 2025-08-03 13:33:53,777] Trial 729 finished with value: 0.030368409802711566 and parameters: {'min_abs_corr': 0.006532725390075015, 'max_pair_corr': 0.9510095489314835, 'n_estimators': 1373, 'learning_rate': 0.010478024398127221, 'max_depth': 8, 'num_leaves': 250, 'min_child_samples': 6, 'min_child_weight': 0.021986597158148248, 'subsample': 0.6193963603315386, 'colsample_bytree': 0.3771881702719056, 'reg_alpha': 0.0023858316376873467, 'reg_lambda': 0.09535604352334581}. Best is trial 247 with value: 0.03012119889640085.
[I 2025-08-03 13:34:01,322] Trial 730 finished with value: 0.030369515474755544 and parameters: {'min_abs_corr': 0.006558891797762515, 'max_pair_corr': 0.9453155933444953, 'n_estimators': 1427, 'learning_rate': 0.010555704250219877, 'max_depth': 8, 'num_leaves': 244, 'min_child_samples': 6, 'min_child_weight': 0.022238906567226397, 'subsample': 0.6301965410818353, 'colsample_bytree': 0.40504453522255446, 'reg_alpha': 0.002376150298933651, 'reg_lambda': 0.09430935082652951}. Best is trial 247 with value: 0.03012119889640085.
[I 2025-08-03 13:34:08,509] Trial 731 finished with value: 0.03022356390246897 and parameters: {'min_abs_corr': 0.0064768896066234784, 'max_pair_corr': 0.9481329081655205, 'n_estimators': 1393, 'learning_rate': 0.010528958456395975, 'max_depth': 8, 'num_leaves': 246, 'min_child_samples': 6, 'min_child_weight': 0.022332713314534344, 'subsample': 0.6351350429529302, 'colsample_bytree': 0.3800515130294856, 'reg_alpha': 0.0023262469680310894, 'reg_lambda': 0.09494488550921536}. Best is trial 247 with value: 0.03012119889640085.
[I 2025-08-03 13:34:16,500] Trial 732 finished with value: 0.03040473088092177 and parameters: {'min_abs_corr': 0.006456385644529999, 'max_pair_corr': 0.9526383090857946, 'n_estimators': 1360, 'learning_rate': 0.010458401416271253, 'max_depth': 9, 'num_leaves': 248, 'min_child_samples': 6, 'min_child_weight': 0.022364274838463618, 'subsample': 0.6336496436724409, 'colsample_bytree': 0.37888090555439136, 'reg_alpha': 0.0023608259968119906, 'reg_lambda': 0.09509586392559889}. Best is trial 247 with value: 0.03012119889640085.
[I 2025-08-03 13:34:25,016] Trial 733 finished with value: 0.031090506107447402 and parameters: {'min_abs_corr': 0.006491932316680024, 'max_pair_corr': 0.9921891569006509, 'n_estimators': 1343, 'learning_rate': 0.010404350060938797, 'max_depth': 8, 'num_leaves': 252, 'min_child_samples': 6, 'min_child_weight': 0.022366540886457606, 'subsample': 0.6347904556857719, 'colsample_bytree': 0.3797696561873248, 'reg_alpha': 0.002329454429087619, 'reg_lambda': 0.09580458541281674}. Best is trial 247 with value: 0.03012119889640085.
[I 2025-08-03 13:34:32,302] Trial 734 finished with value: 0.030289674766238395 and parameters: {'min_abs_corr': 0.00643162257905179, 'max_pair_corr': 0.9480234272120828, 'n_estimators': 1383, 'learning_rate': 0.010499773643876921, 'max_depth': 8, 'num_leaves': 246, 'min_child_samples': 6, 'min_child_weight': 0.022133147042433736, 'subsample': 0.6360222556818037, 'colsample_bytree': 0.3785692878317309, 'reg_alpha': 0.002355321894986668, 'reg_lambda': 0.0950499580773288}. Best is trial 247 with value: 0.03012119889640085.
[I 2025-08-03 13:34:39,479] Trial 735 finished with value: 0.030268332198083243 and parameters: {'min_abs_corr': 0.006478133993150059, 'max_pair_corr': 0.9524250728525777, 'n_estimators': 1396, 'learning_rate': 0.010570739624502558, 'max_depth': 8, 'num_leaves': 250, 'min_child_samples': 6, 'min_child_weight': 0.02226383541051356, 'subsample': 0.6399480033035502, 'colsample_bytree': 0.38034951971238695, 'reg_alpha': 0.0023385305435350383, 'reg_lambda': 0.0945797014821998}. Best is trial 247 with value: 0.03012119889640085.
[I 2025-08-03 13:34:47,412] Trial 736 finished with value: 0.030329584260720337 and parameters: {'min_abs_corr': 0.006501604743299063, 'max_pair_corr': 0.9489211846745045, 'n_estimators': 1366, 'learning_rate': 0.010442787932359364, 'max_depth': 9, 'num_leaves': 247, 'min_child_samples': 6, 'min_child_weight': 0.022371549532645273, 'subsample': 0.6372285771701098, 'colsample_bytree': 0.382223741808927, 'reg_alpha': 0.0023723688894534767, 'reg_lambda': 0.0955200541357194}. Best is trial 247 with value: 0.03012119889640085.
[I 2025-08-03 13:34:54,785] Trial 737 finished with value: 0.031011804501984985 and parameters: {'min_abs_corr': 0.006453625216796678, 'max_pair_corr': 0.9418135976706415, 'n_estimators': 1397, 'learning_rate': 0.010518875989656852, 'max_depth': 8, 'num_leaves': 258, 'min_child_samples': 6, 'min_child_weight': 0.022215802338900262, 'subsample': 0.6315432438445192, 'colsample_bytree': 0.3799033430915438, 'reg_alpha': 0.0023765139072573992, 'reg_lambda': 0.09472702723729286}. Best is trial 247 with value: 0.03012119889640085.
