[I 2025-08-03 14:00:34,453] Trial 943 finished with value: 0.03132456430240297 and parameters: {'min_abs_corr': 0.006539136267190678, 'max_pair_corr': 0.933088699407391, 'n_estimators': 1472, 'learning_rate': 0.01031956902517367, 'max_depth': 8, 'num_leaves': 245, 'min_child_samples': 6, 'min_child_weight': 0.02027405880704664, 'subsample': 0.6177388670239649, 'colsample_bytree': 0.3834887134638602, 'reg_alpha': 0.0024005563422258066, 'reg_lambda': 0.09326473506913383}. Best is trial 815 with value: 0.03009530961939528.
[I 2025-08-03 14:00:42,488] Trial 944 finished with value: 0.030554173717765375 and parameters: {'min_abs_corr': 0.006644991164887133, 'max_pair_corr': 0.9565867635761145, 'n_estimators': 1429, 'learning_rate': 0.010486695310162128, 'max_depth': 8, 'num_leaves': 248, 'min_child_samples': 6, 'min_child_weight': 0.020247365403465962, 'subsample': 0.6004322577582936, 'colsample_bytree': 0.38024382295085213, 'reg_alpha': 0.0023853584132130733, 'reg_lambda': 0.09504682194468934}. Best is trial 815 with value: 0.03009530961939528.
[I 2025-08-03 14:00:49,840] Trial 945 finished with value: 0.030231118597834117 and parameters: {'min_abs_corr': 0.006566103270638277, 'max_pair_corr': 0.9459628439585701, 'n_estimators': 1396, 'learning_rate': 0.010409575061578894, 'max_depth': 8, 'num_leaves': 258, 'min_child_samples': 6, 'min_child_weight': 0.020353853763284406, 'subsample': 0.6064646308685976, 'colsample_bytree': 0.38176936677528067, 'reg_alpha': 0.002397419907669449, 'reg_lambda': 0.09450293544117831}. Best is trial 815 with value: 0.03009530961939528.
[I 2025-08-03 14:00:54,588] Trial 946 finished with value: 0.031021170344056742 and parameters: {'min_abs_corr': 0.006160158888286407, 'max_pair_corr': 0.9745235593182525, 'n_estimators': 831, 'learning_rate': 0.010357832183051236, 'max_depth': 7, 'num_leaves': 246, 'min_child_samples': 6, 'min_child_weight': 0.02052347487430977, 'subsample': 0.6248634755674713, 'colsample_bytree': 0.3794927553634014, 'reg_alpha': 0.0023472602593900224, 'reg_lambda': 0.09378337110722006}. Best is trial 815 with value: 0.03009530961939528.
[I 2025-08-03 14:01:02,766] Trial 947 finished with value: 0.03033887936172423 and parameters: {'min_abs_corr': 0.006592563603321243, 'max_pair_corr': 0.9617032454069939, 'n_estimators': 1444, 'learning_rate': 0.010528550412183127, 'max_depth': 8, 'num_leaves': 242, 'min_child_samples': 6, 'min_child_weight': 0.020447273620496902, 'subsample': 0.6114436458236531, 'colsample_bytree': 0.384098433589728, 'reg_alpha': 0.0023906569999092697, 'reg_lambda': 0.09217871132628366}. Best is trial 815 with value: 0.03009530961939528.
[I 2025-08-03 14:01:10,114] Trial 948 finished with value: 0.03029375413682577 and parameters: {'min_abs_corr': 0.006532751206323009, 'max_pair_corr': 0.9520125488486089, 'n_estimators': 1407, 'learning_rate': 0.010555302678369155, 'max_depth': 8, 'num_leaves': 251, 'min_child_samples': 6, 'min_child_weight': 0.020225891010399035, 'subsample': 0.5885079459021764, 'colsample_bytree': 0.3821698314978004, 'reg_alpha': 0.0024060990782697107, 'reg_lambda': 0.09531652088244587}. Best is trial 815 with value: 0.03009530961939528.
[I 2025-08-03 14:01:18,895] Trial 949 finished with value: 0.031022536270321654 and parameters: {'min_abs_corr': 0.006616832809232579, 'max_pair_corr': 0.9421641757864658, 'n_estimators': 1468, 'learning_rate': 0.010448691053888145, 'max_depth': 9, 'num_leaves': 248, 'min_child_samples': 6, 'min_child_weight': 0.020287992896236312, 'subsample': 0.5938079426159372, 'colsample_bytree': 0.37861866747190265, 'reg_alpha': 0.0023786727136639466, 'reg_lambda': 0.09488017780781798}. Best is trial 815 with value: 0.03009530961939528.
[I 2025-08-03 14:01:21,366] Trial 950 finished with value: 0.037428340755095046 and parameters: {'min_abs_corr': 0.006554348607208727, 'max_pair_corr': 0.9489338989959822, 'n_estimators': 1375, 'learning_rate': 0.01049563097298003, 'max_depth': 2, 'num_leaves': 244, 'min_child_samples': 6, 'min_child_weight': 0.02036404442545884, 'subsample': 0.6040974292309452, 'colsample_bytree': 0.38666181252992515, 'reg_alpha': 0.0023582818475632434, 'reg_lambda': 0.09405771555897108}. Best is trial 815 with value: 0.03009530961939528.
[I 2025-08-03 14:01:27,733] Trial 951 finished with value: 0.03135686519914514 and parameters: {'min_abs_corr': 0.006584440948771334, 'max_pair_corr': 0.939008354279292, 'n_estimators': 1140, 'learning_rate': 0.010580259499745764, 'max_depth': 8, 'num_leaves': 242, 'min_child_samples': 6, 'min_child_weight': 0.022210158180492823, 'subsample': 0.5968001145351112, 'colsample_bytree': 0.3807605664207971, 'reg_alpha': 0.0023380540979777665, 'reg_lambda': 0.09639973830243108}. Best is trial 815 with value: 0.03009530961939528.
[I 2025-08-03 14:01:34,845] Trial 952 finished with value: 0.030580521323802446 and parameters: {'min_abs_corr': 0.006629026667731322, 'max_pair_corr': 0.9549849100441852, 'n_estimators': 1434, 'learning_rate': 0.010524522871503574, 'max_depth': 7, 'num_leaves': 256, 'min_child_samples': 6, 'min_child_weight': 0.020371600631684052, 'subsample': 0.6193908507409969, 'colsample_bytree': 0.3825243171652872, 'reg_alpha': 0.002412829210070391, 'reg_lambda': 0.09572344434426017}. Best is trial 815 with value: 0.03009530961939528.
[I 2025-08-03 14:01:42,336] Trial 953 finished with value: 0.03017373232563831 and parameters: {'min_abs_corr': 0.006525507501330342, 'max_pair_corr': 0.9453859073599793, 'n_estimators': 1421, 'learning_rate': 0.010460549568645207, 'max_depth': 8, 'num_leaves': 246, 'min_child_samples': 6, 'min_child_weight': 0.022354243421487993, 'subsample': 0.6289866511441732, 'colsample_bytree': 0.3795573846555101, 'reg_alpha': 0.0023960445320918766, 'reg_lambda': 0.09187512407900957}. Best is trial 815 with value: 0.03009530961939528.
[I 2025-08-03 14:01:49,798] Trial 954 finished with value: 0.03130815678697761 and parameters: {'min_abs_corr': 0.006490486672335721, 'max_pair_corr': 0.9369873189393555, 'n_estimators': 1386, 'learning_rate': 0.010387934895056619, 'max_depth': 8, 'num_leaves': 246, 'min_child_samples': 6, 'min_child_weight': 0.020018209927178378, 'subsample': 0.6294328315982797, 'colsample_bytree': 0.3784527584642725, 'reg_alpha': 0.002384999408796603, 'reg_lambda': 0.09212747180676156}. Best is trial 815 with value: 0.03009530961939528.
[I 2025-08-03 14:01:57,360] Trial 955 finished with value: 0.03102420677738645 and parameters: {'min_abs_corr': 0.006513934165015288, 'max_pair_corr': 0.9424757018092641, 'n_estimators': 1412, 'learning_rate': 0.010423484267091648, 'max_depth': 8, 'num_leaves': 249, 'min_child_samples': 6, 'min_child_weight': 0.02241791240330895, 'subsample': 0.6336872708659504, 'colsample_bytree': 0.3782824084691135, 'reg_alpha': 0.0023926886414778205, 'reg_lambda': 0.09186052999090127}. Best is trial 815 with value: 0.03009530961939528.
[I 2025-08-03 14:02:03,095] Trial 956 finished with value: 0.03171487051995941 and parameters: {'min_abs_corr': 0.006507053609279526, 'max_pair_corr': 1.0280221435254417, 'n_estimators': 589, 'learning_rate': 0.010368874556741854, 'max_depth': 8, 'num_leaves': 247, 'min_child_samples': 6, 'min_child_weight': 0.020608710207720888, 'subsample': 0.630326123127581, 'colsample_bytree': 0.45774410912882735, 'reg_alpha': 0.0023734823946596237, 'reg_lambda': 0.09232970834535359}. Best is trial 815 with value: 0.03009530961939528.
[I 2025-08-03 14:02:10,591] Trial 957 finished with value: 0.031141586733740734 and parameters: {'min_abs_corr': 0.006899944832505595, 'max_pair_corr': 0.9442722689551336, 'n_estimators': 1459, 'learning_rate': 0.01046314624828103, 'max_depth': 8, 'num_leaves': 244, 'min_child_samples': 6, 'min_child_weight': 0.020092740613659163, 'subsample': 0.6307526195843892, 'colsample_bytree': 0.3798341925278077, 'reg_alpha': 0.002394648842802971, 'reg_lambda': 0.09198179298835711}. Best is trial 815 with value: 0.03009530961939528.
[I 2025-08-03 14:02:19,334] Trial 958 finished with value: 0.031344064052073586 and parameters: {'min_abs_corr': 0.006529349561177617, 'max_pair_corr': 0.9393834722448129, 'n_estimators': 1416, 'learning_rate': 0.010339152856114387, 'max_depth': 9, 'num_leaves': 249, 'min_child_samples': 6, 'min_child_weight': 0.020421772681794934, 'subsample': 0.6264257254411241, 'colsample_bytree': 0.37710203268021514, 'reg_alpha': 0.002381489193103607, 'reg_lambda': 0.09171550428743269}. Best is trial 815 with value: 0.03009530961939528.
[I 2025-08-03 14:02:26,582] Trial 959 finished with value: 0.03127251826320344 and parameters: {'min_abs_corr': 0.0064635418360639366, 'max_pair_corr': 0.933185362816929, 'n_estimators': 1370, 'learning_rate': 0.010409181204427003, 'max_depth': 8, 'num_leaves': 246, 'min_child_samples': 6, 'min_child_weight': 0.022371967060035067, 'subsample': 0.6282235381925078, 'colsample_bytree': 0.3793468251851191, 'reg_alpha': 0.002399618355284653, 'reg_lambda': 0.09164424339191216}. Best is trial 815 with value: 0.03009530961939528.
[I 2025-08-03 14:02:30,601] Trial 960 finished with value: 0.031129911610972692 and parameters: {'min_abs_corr': 0.006570915977353491, 'max_pair_corr': 0.945869225504508, 'n_estimators': 713, 'learning_rate': 0.010456400893873735, 'max_depth': 7, 'num_leaves': 251, 'min_child_samples': 6, 'min_child_weight': 0.02256829394536884, 'subsample': 0.6245116984455065, 'colsample_bytree': 0.3807399269142764, 'reg_alpha': 0.002366367330294456, 'reg_lambda': 0.09222823458669996}. Best is trial 815 with value: 0.03009530961939528.
[I 2025-08-03 14:02:38,329] Trial 961 finished with value: 0.030960165080068804 and parameters: {'min_abs_corr': 0.006645605567605512, 'max_pair_corr': 0.9413788564516862, 'n_estimators': 1447, 'learning_rate': 0.010427259476797191, 'max_depth': 8, 'num_leaves': 245, 'min_child_samples': 6, 'min_child_weight': 0.022438805994274183, 'subsample': 0.6331010099717408, 'colsample_bytree': 0.37884890329545035, 'reg_alpha': 0.002389761222594508, 'reg_lambda': 0.09183296125310864}. Best is trial 815 with value: 0.03009530961939528.
[I 2025-08-03 14:02:45,491] Trial 962 finished with value: 0.03190392783994454 and parameters: {'min_abs_corr': 0.006419990732630678, 'max_pair_corr': 0.9232786999683711, 'n_estimators': 1399, 'learning_rate': 0.010475532426023157, 'max_depth': 8, 'num_leaves': 253, 'min_child_samples': 6, 'min_child_weight': 0.020157752897414692, 'subsample': 0.6280236463629758, 'colsample_bytree': 0.3833743628779695, 'reg_alpha': 0.002247828416000242, 'reg_lambda': 0.09258490953277057}. Best is trial 815 with value: 0.03009530961939528.
[I 2025-08-03 14:02:54,040] Trial 963 finished with value: 0.030337076299544574 and parameters: {'min_abs_corr': 0.006604924346361348, 'max_pair_corr': 0.9471930367139489, 'n_estimators': 1432, 'learning_rate': 0.009180395048335777, 'max_depth': 9, 'num_leaves': 248, 'min_child_samples': 6, 'min_child_weight': 0.02232581087460313, 'subsample': 0.6315890485164177, 'colsample_bytree': 0.37706327991437805, 'reg_alpha': 0.002378393351261505, 'reg_lambda': 0.0944975726278704}. Best is trial 815 with value: 0.03009530961939528.
[I 2025-08-03 14:03:01,689] Trial 964 finished with value: 0.030204518150831937 and parameters: {'min_abs_corr': 0.006483000385728943, 'max_pair_corr': 0.9440984540713382, 'n_estimators': 1471, 'learning_rate': 0.01049309866231123, 'max_depth': 8, 'num_leaves': 245, 'min_child_samples': 6, 'min_child_weight': 0.022532818604056287, 'subsample': 0.6357710830961716, 'colsample_bytree': 0.38128653102371796, 'reg_alpha': 0.0023998442388314754, 'reg_lambda': 0.09162269468951155}. Best is trial 815 with value: 0.03009530961939528.
[I 2025-08-03 14:03:09,515] Trial 965 finished with value: 0.031410421959469595 and parameters: {'min_abs_corr': 0.006443973437116663, 'max_pair_corr': 0.9363249512363542, 'n_estimators': 1475, 'learning_rate': 0.010392156759599935, 'max_depth': 8, 'num_leaves': 244, 'min_child_samples': 6, 'min_child_weight': 0.02261339161821927, 'subsample': 0.6357149188283209, 'colsample_bytree': 0.38511900529631277, 'reg_alpha': 0.0023871040731380903, 'reg_lambda': 0.09150446601393346}. Best is trial 815 with value: 0.03009530961939528.
[I 2025-08-03 14:03:17,384] Trial 966 finished with value: 0.03131627996803834 and parameters: {'min_abs_corr': 0.006460289076784764, 'max_pair_corr': 0.9389597384124896, 'n_estimators': 1477, 'learning_rate': 0.01042913648193691, 'max_depth': 8, 'num_leaves': 243, 'min_child_samples': 6, 'min_child_weight': 0.022625837833795164, 'subsample': 0.6220793414345342, 'colsample_bytree': 0.381825220671609, 'reg_alpha': 0.002404191970014608, 'reg_lambda': 0.09199411499000242}. Best is trial 815 with value: 0.03009530961939528.
[I 2025-08-03 14:03:24,001] Trial 967 finished with value: 0.03158025998298264 and parameters: {'min_abs_corr': 0.006482939455853796, 'max_pair_corr': 0.9292075269093303, 'n_estimators': 1472, 'learning_rate': 0.010473264609522985, 'max_depth': 7, 'num_leaves': 247, 'min_child_samples': 6, 'min_child_weight': 0.02254099978514087, 'subsample': 0.6380865338398255, 'colsample_bytree': 0.3796111724948948, 'reg_alpha': 0.002395288644210707, 'reg_lambda': 0.09160436183274953}. Best is trial 815 with value: 0.03009530961939528.
[I 2025-08-03 14:03:31,993] Trial 968 finished with value: 0.030954302678858108 and parameters: {'min_abs_corr': 0.006305845003960235, 'max_pair_corr': 0.9424368133864938, 'n_estimators': 1468, 'learning_rate': 0.010320332584847233, 'max_depth': 8, 'num_leaves': 250, 'min_child_samples': 6, 'min_child_weight': 0.022624181523024266, 'subsample': 0.6355987448218496, 'colsample_bytree': 0.38300852922266243, 'reg_alpha': 0.0024037480291408094, 'reg_lambda': 0.09167004302513444}. Best is trial 815 with value: 0.03009530961939528.
[I 2025-08-03 14:03:39,772] Trial 969 finished with value: 0.03142034746741389 and parameters: {'min_abs_corr': 0.006482907989381335, 'max_pair_corr': 0.9345493069161334, 'n_estimators': 1475, 'learning_rate': 0.01037952673212039, 'max_depth': 8, 'num_leaves': 246, 'min_child_samples': 6, 'min_child_weight': 0.022536502881759846, 'subsample': 0.6348201048818011, 'colsample_bytree': 0.3845598511423843, 'reg_alpha': 0.0023738259267730637, 'reg_lambda': 0.09181831411039906}. Best is trial 815 with value: 0.03009530961939528.
[I 2025-08-03 14:03:45,691] Trial 970 finished with value: 0.030630186856076456 and parameters: {'min_abs_corr': 0.006431417340890259, 'max_pair_corr': 0.942909169121188, 'n_estimators': 1454, 'learning_rate': 0.010491260510804332, 'max_depth': 6, 'num_leaves': 244, 'min_child_samples': 6, 'min_child_weight': 0.022521381548601355, 'subsample': 0.6154898932539137, 'colsample_bytree': 0.3798866387628107, 'reg_alpha': 0.002364757991471863, 'reg_lambda': 0.09217952586573909}. Best is trial 815 with value: 0.03009530961939528.
[I 2025-08-03 14:03:53,478] Trial 971 finished with value: 0.031143779101206543 and parameters: {'min_abs_corr': 0.006454832516231713, 'max_pair_corr': 0.9398776769342325, 'n_estimators': 1446, 'learning_rate': 0.01044386511977919, 'max_depth': 8, 'num_leaves': 242, 'min_child_samples': 6, 'min_child_weight': 0.022670164578694953, 'subsample': 0.6363120266158222, 'colsample_bytree': 0.37709116183038305, 'reg_alpha': 0.002386279376904191, 'reg_lambda': 0.0916263695796272}. Best is trial 815 with value: 0.03009530961939528.
[I 2025-08-03 14:04:01,131] Trial 972 finished with value: 0.0301603517047944 and parameters: {'min_abs_corr': 0.0064901854104970355, 'max_pair_corr': 0.9447893353752538, 'n_estimators': 1481, 'learning_rate': 0.010503690572277898, 'max_depth': 8, 'num_leaves': 248, 'min_child_samples': 6, 'min_child_weight': 0.022480759848233597, 'subsample': 0.6098755696880471, 'colsample_bytree': 0.38150627156237504, 'reg_alpha': 0.0023501795148574726, 'reg_lambda': 0.09134800105434301}. Best is trial 815 with value: 0.03009530961939528.
[I 2025-08-03 14:04:10,035] Trial 973 finished with value: 0.03147814789139802 and parameters: {'min_abs_corr': 0.006522693585393313, 'max_pair_corr': 0.9366213049819556, 'n_estimators': 1491, 'learning_rate': 0.010415317873965307, 'max_depth': 9, 'num_leaves': 245, 'min_child_samples': 6, 'min_child_weight': 0.02071623155517837, 'subsample': 0.6097114671962073, 'colsample_bytree': 0.3874866285681883, 'reg_alpha': 0.002333171710569673, 'reg_lambda': 0.09150470170692442}. Best is trial 815 with value: 0.03009530961939528.
[I 2025-08-03 14:04:17,653] Trial 974 finished with value: 0.03024835175255732 and parameters: {'min_abs_corr': 0.006485236688030242, 'max_pair_corr': 0.9449463186904853, 'n_estimators': 1486, 'learning_rate': 0.010443097067212545, 'max_depth': 8, 'num_leaves': 248, 'min_child_samples': 6, 'min_child_weight': 0.0224832987147278, 'subsample': 0.6088218532582693, 'colsample_bytree': 0.38479017530107223, 'reg_alpha': 0.0023449922221283723, 'reg_lambda': 0.09127408222900972}. Best is trial 815 with value: 0.03009530961939528.
[I 2025-08-03 14:04:24,628] Trial 975 finished with value: 0.03081110435313964 and parameters: {'min_abs_corr': 0.00649672108339158, 'max_pair_corr': 0.9403113943818219, 'n_estimators': 1481, 'learning_rate': 0.01048560641356956, 'max_depth': 7, 'num_leaves': 247, 'min_child_samples': 6, 'min_child_weight': 0.022543187898168497, 'subsample': 0.6124184780145863, 'colsample_bytree': 0.38252126727967367, 'reg_alpha': 0.002407365029032979, 'reg_lambda': 0.09133921763174846}. Best is trial 815 with value: 0.03009530961939528.
[I 2025-08-03 14:04:32,516] Trial 976 finished with value: 0.03049729774870049 and parameters: {'min_abs_corr': 0.006498389962153806, 'max_pair_corr': 0.9471315351476575, 'n_estimators': 1476, 'learning_rate': 0.010365739948752409, 'max_depth': 8, 'num_leaves': 245, 'min_child_samples': 6, 'min_child_weight': 0.022472120811066355, 'subsample': 0.6073772203309806, 'colsample_bytree': 0.4288351637345427, 'reg_alpha': 0.002334463484233448, 'reg_lambda': 0.09200742127644362}. Best is trial 815 with value: 0.03009530961939528.
[I 2025-08-03 14:04:40,325] Trial 977 finished with value: 0.030871876612936174 and parameters: {'min_abs_corr': 0.006515491229026238, 'max_pair_corr': 0.9435612664269755, 'n_estimators': 1478, 'learning_rate': 0.010458628935638247, 'max_depth': 8, 'num_leaves': 242, 'min_child_samples': 6, 'min_child_weight': 0.02259786061196841, 'subsample': 0.6099926965047633, 'colsample_bytree': 0.3833302320737457, 'reg_alpha': 0.0023527343268013976, 'reg_lambda': 0.09132439576266815}. Best is trial 815 with value: 0.03009530961939528.
[I 2025-08-03 14:04:48,756] Trial 978 finished with value: 0.030354312798186966 and parameters: {'min_abs_corr': 0.006515787807491942, 'max_pair_corr': 0.9478016389120876, 'n_estimators': 1461, 'learning_rate': 0.010502441179580433, 'max_depth': 9, 'num_leaves': 248, 'min_child_samples': 6, 'min_child_weight': 0.022440970061028975, 'subsample': 0.6131630654896834, 'colsample_bytree': 0.3862401292797405, 'reg_alpha': 0.0023948332625235227, 'reg_lambda': 0.09135241529505216}. Best is trial 815 with value: 0.03009530961939528.
[I 2025-08-03 14:04:56,993] Trial 979 finished with value: 0.031526885506236765 and parameters: {'min_abs_corr': 0.006539156509450511, 'max_pair_corr': 0.9391030744484871, 'n_estimators': 1462, 'learning_rate': 0.010396445982365818, 'max_depth': 8, 'num_leaves': 244, 'min_child_samples': 6, 'min_child_weight': 0.022679949566427247, 'subsample': 0.6047383558978995, 'colsample_bytree': 0.44815867429996803, 'reg_alpha': 0.0024101743522708836, 'reg_lambda': 0.09192026143807284}. Best is trial 815 with value: 0.03009530961939528.
[I 2025-08-03 14:05:05,048] Trial 980 finished with value: 0.031001122873203064 and parameters: {'min_abs_corr': 0.0057262242143478895, 'max_pair_corr': 0.9332753541692083, 'n_estimators': 1484, 'learning_rate': 0.009665210392386395, 'max_depth': 8, 'num_leaves': 246, 'min_child_samples': 6, 'min_child_weight': 0.022529492353929877, 'subsample': 0.6122681144177142, 'colsample_bytree': 0.3818444198055313, 'reg_alpha': 0.0023973842697004224, 'reg_lambda': 0.09214814423016457}. Best is trial 815 with value: 0.03009530961939528.
[I 2025-08-03 14:05:07,603] Trial 981 finished with value: 0.032700936897950506 and parameters: {'min_abs_corr': 0.006504416236976343, 'max_pair_corr': 0.9440118813457136, 'n_estimators': 340, 'learning_rate': 0.010463135664585925, 'max_depth': 7, 'num_leaves': 249, 'min_child_samples': 6, 'min_child_weight': 0.02243375193063346, 'subsample': 0.6080722657982337, 'colsample_bytree': 0.3811529450628947, 'reg_alpha': 0.0024034583842348213, 'reg_lambda': 0.0924293021421034}. Best is trial 815 with value: 0.03009530961939528.
[I 2025-08-03 14:05:15,090] Trial 982 finished with value: 0.030221419690144337 and parameters: {'min_abs_corr': 0.006540389151160998, 'max_pair_corr': 0.9500115348491649, 'n_estimators': 1449, 'learning_rate': 0.010512267622311644, 'max_depth': 8, 'num_leaves': 242, 'min_child_samples': 6, 'min_child_weight': 0.022569088084701327, 'subsample': 0.6153701284577231, 'colsample_bytree': 0.38415821327449606, 'reg_alpha': 0.0023476051382180277, 'reg_lambda': 0.09121473711962781}. Best is trial 815 with value: 0.03009530961939528.
[I 2025-08-03 14:05:22,681] Trial 983 finished with value: 0.030206718661553483 and parameters: {'min_abs_corr': 0.006475321200252369, 'max_pair_corr': 0.9461336418245122, 'n_estimators': 1458, 'learning_rate': 0.010416689707973839, 'max_depth': 8, 'num_leaves': 245, 'min_child_samples': 6, 'min_child_weight': 0.02241394186035449, 'subsample': 0.6093300596089122, 'colsample_bytree': 0.38179629844669793, 'reg_alpha': 0.0023880631230255834, 'reg_lambda': 0.09180114661051608}. Best is trial 815 with value: 0.03009530961939528.
