Best trial: 815. Best value: 0.0300953: 100%
 1000/1000 [2:01:27<00:00,  7.88s/it]
[I 2025-08-03 12:06:19,490] Trial 0 finished with value: 0.03138738338312033 and parameters: {'min_abs_corr': 0.0061510513553420096, 'max_pair_corr': 1.0725554584569548, 'n_estimators': 1179, 'learning_rate': 0.00984176998863578, 'max_depth': 0, 'num_leaves': 215, 'min_child_samples': 5, 'min_child_weight': 0.02208809131462238, 'subsample': 0.621898718866286, 'colsample_bytree': 0.4363876298111502, 'reg_alpha': 0.0020093429244821886, 'reg_lambda': 0.09811132112835613}. Best is trial 0 with value: 0.03138738338312033.
[I 2025-08-03 12:06:20,279] Trial 1 finished with value: 0.046579289346988136 and parameters: {'min_abs_corr': 0.006728866258820515, 'max_pair_corr': 0.9272628780625138, 'n_estimators': 518, 'learning_rate': 0.00905490199484081, 'max_depth': 2, 'num_leaves': 253, 'min_child_samples': 6, 'min_child_weight': 0.01968119464493369, 'subsample': 0.6232078200437167, 'colsample_bytree': 0.38874606663605793, 'reg_alpha': 0.00213004799595708, 'reg_lambda': 0.08728575103398736}. Best is trial 0 with value: 0.03138738338312033.
[I 2025-08-03 12:06:23,825] Trial 2 finished with value: 0.032013509920220146 and parameters: {'min_abs_corr': 0.006253931704391545, 'max_pair_corr': 1.0399819193663047, 'n_estimators': 539, 'learning_rate': 0.009676440723324133, 'max_depth': 6, 'num_leaves': 204, 'min_child_samples': 6, 'min_child_weight': 0.019210204720043873, 'subsample': 0.5565449378617067, 'colsample_bytree': 0.45656549696557563, 'reg_alpha': 0.002429404663786147, 'reg_lambda': 0.0952143437413535}. Best is trial 0 with value: 0.03138738338312033.
[I 2025-08-03 12:06:38,428] Trial 3 finished with value: 0.03160018082980692 and parameters: {'min_abs_corr': 0.0060628131713391185, 'max_pair_corr': 0.9046994659532653, 'n_estimators': 1121, 'learning_rate': 0.00953365399510427, 'max_depth': 0, 'num_leaves': 250, 'min_child_samples': 5, 'min_child_weight': 0.022280155550725926, 'subsample': 0.5801631931667098, 'colsample_bytree': 0.43257094248672046, 'reg_alpha': 0.002138745026797455, 'reg_lambda': 0.0900427098478224}. Best is trial 0 with value: 0.03138738338312033.
[I 2025-08-03 12:06:47,231] Trial 4 finished with value: 0.03164064996337056 and parameters: {'min_abs_corr': 0.006368308260249438, 'max_pair_corr': 0.9218546296659281, 'n_estimators': 1464, 'learning_rate': 0.010196543600359317, 'max_depth': 10, 'num_leaves': 290, 'min_child_samples': 6, 'min_child_weight': 0.022336354172985146, 'subsample': 0.5594027192063823, 'colsample_bytree': 0.3934793151120183, 'reg_alpha': 0.0020202963366042423, 'reg_lambda': 0.08654978718612545}. Best is trial 0 with value: 0.03138738338312033.
[I 2025-08-03 12:06:49,516] Trial 5 finished with value: 0.03793583807786019 and parameters: {'min_abs_corr': 0.00616889067182089, 'max_pair_corr': 0.9388744594840152, 'n_estimators': 1295, 'learning_rate': 0.00937542866980225, 'max_depth': 2, 'num_leaves': 254, 'min_child_samples': 5, 'min_child_weight': 0.021806320636111567, 'subsample': 0.5577030077040354, 'colsample_bytree': 0.4597496577741875, 'reg_alpha': 0.0023434464584595085, 'reg_lambda': 0.08427875697798416}. Best is trial 0 with value: 0.03138738338312033.
[I 2025-08-03 12:06:57,403] Trial 6 finished with value: 0.03134162790274364 and parameters: {'min_abs_corr': 0.005685397442499609, 'max_pair_corr': 1.0459412929792042, 'n_estimators': 1148, 'learning_rate': 0.01010259915502068, 'max_depth': 8, 'num_leaves': 207, 'min_child_samples': 6, 'min_child_weight': 0.01900066472231603, 'subsample': 0.6538388454330583, 'colsample_bytree': 0.42928432601227434, 'reg_alpha': 0.0021472733840902924, 'reg_lambda': 0.08185450051172859}. Best is trial 6 with value: 0.03134162790274364.
[I 2025-08-03 12:07:05,459] Trial 7 finished with value: 0.031314116733705204 and parameters: {'min_abs_corr': 0.006070849476875998, 'max_pair_corr': 0.949467614549022, 'n_estimators': 1176, 'learning_rate': 0.009918894351548708, 'max_depth': 9, 'num_leaves': 247, 'min_child_samples': 5, 'min_child_weight': 0.021420529115862078, 'subsample': 0.6413647750411587, 'colsample_bytree': 0.42408755390256925, 'reg_alpha': 0.0023428785860730565, 'reg_lambda': 0.08957147314057186}. Best is trial 7 with value: 0.031314116733705204.
[I 2025-08-03 12:07:09,904] Trial 8 finished with value: 0.03394841099109157 and parameters: {'min_abs_corr': 0.006338051759638897, 'max_pair_corr': 0.9696088840678905, 'n_estimators': 330, 'learning_rate': 0.008918725053043744, 'max_depth': -1, 'num_leaves': 264, 'min_child_samples': 5, 'min_child_weight': 0.020558565638106405, 'subsample': 0.6592595255306134, 'colsample_bytree': 0.3979461399971209, 'reg_alpha': 0.0021826034211615357, 'reg_lambda': 0.09426646496857552}. Best is trial 7 with value: 0.031314116733705204.
[I 2025-08-03 12:07:15,144] Trial 9 finished with value: 0.03191018931765135 and parameters: {'min_abs_corr': 0.005967143495756889, 'max_pair_corr': 0.9006277910698318, 'n_estimators': 647, 'learning_rate': 0.009014683476243282, 'max_depth': 10, 'num_leaves': 281, 'min_child_samples': 6, 'min_child_weight': 0.022111526682175146, 'subsample': 0.6465933158372971, 'colsample_bytree': 0.39269061046892173, 'reg_alpha': 0.002396924619402895, 'reg_lambda': 0.09038842290551778}. Best is trial 7 with value: 0.031314116733705204.
[I 2025-08-03 12:07:19,653] Trial 10 finished with value: 0.031206695317438214 and parameters: {'min_abs_corr': 0.006659203901061056, 'max_pair_corr': 0.995447172504562, 'n_estimators': 897, 'learning_rate': 0.010523235412028568, 'max_depth': 6, 'num_leaves': 230, 'min_child_samples': 7, 'min_child_weight': 0.020978951579100787, 'subsample': 0.5933716562041745, 'colsample_bytree': 0.4088650644541713, 'reg_alpha': 0.002301668655199866, 'reg_lambda': 0.09321905572075126}. Best is trial 10 with value: 0.031206695317438214.
[I 2025-08-03 12:07:24,002] Trial 11 finished with value: 0.03151435497835024 and parameters: {'min_abs_corr': 0.006870335158516193, 'max_pair_corr': 0.9908767892637692, 'n_estimators': 878, 'learning_rate': 0.010579093827450614, 'max_depth': 6, 'num_leaves': 230, 'min_child_samples': 7, 'min_child_weight': 0.021059567824474008, 'subsample': 0.5955501424862797, 'colsample_bytree': 0.40863971195269444, 'reg_alpha': 0.0022709190440088544, 'reg_lambda': 0.09285426499673327}. Best is trial 10 with value: 0.031206695317438214.
[I 2025-08-03 12:07:28,448] Trial 12 finished with value: 0.0310893208476394 and parameters: {'min_abs_corr': 0.0065645040649531085, 'max_pair_corr': 0.9788063991772168, 'n_estimators': 897, 'learning_rate': 0.010658670448262528, 'max_depth': 7, 'num_leaves': 231, 'min_child_samples': 7, 'min_child_weight': 0.021184724025232454, 'subsample': 0.608256668550915, 'colsample_bytree': 0.41214660923300084, 'reg_alpha': 0.002288665383299621, 'reg_lambda': 0.0919827287321465}. Best is trial 12 with value: 0.0310893208476394.
[I 2025-08-03 12:07:33,169] Trial 13 finished with value: 0.031336666090805286 and parameters: {'min_abs_corr': 0.0065692410918939065, 'max_pair_corr': 0.9990199379250083, 'n_estimators': 854, 'learning_rate': 0.010658671427044821, 'max_depth': 6, 'num_leaves': 229, 'min_child_samples': 7, 'min_child_weight': 0.02026475520562747, 'subsample': 0.5961059522383527, 'colsample_bytree': 0.4093129134540117, 'reg_alpha': 0.0022622624908445613, 'reg_lambda': 0.09809984173320467}. Best is trial 12 with value: 0.0310893208476394.
[I 2025-08-03 12:07:35,544] Trial 14 finished with value: 0.03276923884920554 and parameters: {'min_abs_corr': 0.006530272191234173, 'max_pair_corr': 1.0164972499481324, 'n_estimators': 750, 'learning_rate': 0.01037777586126188, 'max_depth': 4, 'num_leaves': 228, 'min_child_samples': 7, 'min_child_weight': 0.02081783225775471, 'subsample': 0.57962047784954, 'colsample_bytree': 0.37854613584574753, 'reg_alpha': 0.0023208777085761767, 'reg_lambda': 0.0924815601858041}. Best is trial 12 with value: 0.0310893208476394.
[I 2025-08-03 12:07:40,582] Trial 15 finished with value: 0.031113784895887803 and parameters: {'min_abs_corr': 0.006919672595621072, 'max_pair_corr': 0.9652802897365061, 'n_estimators': 986, 'learning_rate': 0.010395163883875787, 'max_depth': 7, 'num_leaves': 220, 'min_child_samples': 7, 'min_child_weight': 0.020040693158708843, 'subsample': 0.6127568875891937, 'colsample_bytree': 0.4118246577091785, 'reg_alpha': 0.0022412402114465758, 'reg_lambda': 0.09521595569347877}. Best is trial 12 with value: 0.0310893208476394.
[I 2025-08-03 12:07:46,431] Trial 16 finished with value: 0.030856701496350593 and parameters: {'min_abs_corr': 0.006939014474160435, 'max_pair_corr': 0.960991046828121, 'n_estimators': 992, 'learning_rate': 0.010281160217801025, 'max_depth': 8, 'num_leaves': 217, 'min_child_samples': 7, 'min_child_weight': 0.02005928171708695, 'subsample': 0.6184968406197061, 'colsample_bytree': 0.4438806288418212, 'reg_alpha': 0.0022160048822581825, 'reg_lambda': 0.09635012879053637}. Best is trial 16 with value: 0.030856701496350593.
[I 2025-08-03 12:07:49,596] Trial 17 finished with value: 0.03230536147233933 and parameters: {'min_abs_corr': 0.006782463745789471, 'max_pair_corr': 0.9644504091535733, 'n_estimators': 1014, 'learning_rate': 0.010155587416489774, 'max_depth': 4, 'num_leaves': 242, 'min_child_samples': 7, 'min_child_weight': 0.019792934761749092, 'subsample': 0.6314883432432016, 'colsample_bytree': 0.4431094130216521, 'reg_alpha': 0.002195360108247979, 'reg_lambda': 0.09637200136316178}. Best is trial 16 with value: 0.030856701496350593.
[I 2025-08-03 12:07:55,531] Trial 18 finished with value: 0.031482726167516066 and parameters: {'min_abs_corr': 0.006559338645932514, 'max_pair_corr': 1.0148078364894777, 'n_estimators': 725, 'learning_rate': 0.008728843111957797, 'max_depth': 8, 'num_leaves': 216, 'min_child_samples': 7, 'min_child_weight': 0.018570690981778843, 'subsample': 0.6128074101544558, 'colsample_bytree': 0.4475115879177171, 'reg_alpha': 0.002059651618003107, 'reg_lambda': 0.09154330153074319}. Best is trial 16 with value: 0.030856701496350593.
[I 2025-08-03 12:08:03,239] Trial 19 finished with value: 0.030772703904682546 and parameters: {'min_abs_corr': 0.0064406690190868445, 'max_pair_corr': 0.9780878299831537, 'n_estimators': 1360, 'learning_rate': 0.010336078516268868, 'max_depth': 8, 'num_leaves': 270, 'min_child_samples': 7, 'min_child_weight': 0.021485855162346253, 'subsample': 0.6669173669969578, 'colsample_bytree': 0.419484908210042, 'reg_alpha': 0.0022086071921725786, 'reg_lambda': 0.0969379406229514}. Best is trial 19 with value: 0.030772703904682546.
[I 2025-08-03 12:08:10,668] Trial 20 finished with value: 0.030947013001575364 and parameters: {'min_abs_corr': 0.005883832470464309, 'max_pair_corr': 0.9457149109546079, 'n_estimators': 1498, 'learning_rate': 0.010000217504654327, 'max_depth': 8, 'num_leaves': 271, 'min_child_samples': 7, 'min_child_weight': 0.02268662264754888, 'subsample': 0.666597152584728, 'colsample_bytree': 0.4474277160845123, 'reg_alpha': 0.0022171098349161064, 'reg_lambda': 0.09674926272937441}. Best is trial 19 with value: 0.030772703904682546.
[I 2025-08-03 12:08:19,169] Trial 21 finished with value: 0.03025798159015493 and parameters: {'min_abs_corr': 0.005864724693717284, 'max_pair_corr': 0.9428961083955464, 'n_estimators': 1491, 'learning_rate': 0.009967190526571138, 'max_depth': 9, 'num_leaves': 271, 'min_child_samples': 7, 'min_child_weight': 0.02162845719754796, 'subsample': 0.6703936393854272, 'colsample_bytree': 0.45093969371072423, 'reg_alpha': 0.0022006061833083645, 'reg_lambda': 0.09639411254525847}. Best is trial 21 with value: 0.03025798159015493.
[I 2025-08-03 12:08:26,297] Trial 22 finished with value: 0.03189195422576913 and parameters: {'min_abs_corr': 0.005684066902128515, 'max_pair_corr': 0.8855317710127022, 'n_estimators': 1349, 'learning_rate': 0.010306242662528855, 'max_depth': 9, 'num_leaves': 300, 'min_child_samples': 7, 'min_child_weight': 0.021588181456714785, 'subsample': 0.66297551563337, 'colsample_bytree': 0.4406165621623042, 'reg_alpha': 0.002092128910176761, 'reg_lambda': 0.09661264306451535}. Best is trial 21 with value: 0.03025798159015493.
[I 2025-08-03 12:08:35,376] Trial 23 finished with value: 0.031051413759582952 and parameters: {'min_abs_corr': 0.005829109450012858, 'max_pair_corr': 0.9539897829124365, 'n_estimators': 1340, 'learning_rate': 0.009789606474253393, 'max_depth': 9, 'num_leaves': 266, 'min_child_samples': 6, 'min_child_weight': 0.02058194814372471, 'subsample': 0.6700258417427827, 'colsample_bytree': 0.45141720860749124, 'reg_alpha': 0.0021857313531132233, 'reg_lambda': 0.09851268227009718}. Best is trial 21 with value: 0.03025798159015493.
[I 2025-08-03 12:08:44,120] Trial 24 finished with value: 0.031121541738191327 and parameters: {'min_abs_corr': 0.006412772105413921, 'max_pair_corr': 0.9348623519590056, 'n_estimators': 1391, 'learning_rate': 0.010063462633382213, 'max_depth': 10, 'num_leaves': 280, 'min_child_samples': 7, 'min_child_weight': 0.021758937961670853, 'subsample': 0.6410160292994234, 'colsample_bytree': 0.42145663844241543, 'reg_alpha': 0.00224037729821065, 'reg_lambda': 0.09446819181495429}. Best is trial 21 with value: 0.03025798159015493.
[I 2025-08-03 12:08:48,343] Trial 25 finished with value: 0.03155691238678299 and parameters: {'min_abs_corr': 0.006447633111645489, 'max_pair_corr': 0.9145420033760892, 'n_estimators': 1293, 'learning_rate': 0.010261672633730628, 'max_depth': 5, 'num_leaves': 274, 'min_child_samples': 7, 'min_child_weight': 0.020217886140446586, 'subsample': 0.6516615689449226, 'colsample_bytree': 0.4511974640243114, 'reg_alpha': 0.002169179829663521, 'reg_lambda': 0.0966119472100664}. Best is trial 21 with value: 0.03025798159015493.
[I 2025-08-03 12:08:55,500] Trial 26 finished with value: 0.03042730139579324 and parameters: {'min_abs_corr': 0.005790601140310554, 'max_pair_corr': 0.9795170734678211, 'n_estimators': 1426, 'learning_rate': 0.009455952283676282, 'max_depth': 7, 'num_leaves': 262, 'min_child_samples': 6, 'min_child_weight': 0.021317874940711298, 'subsample': 0.6309763389952016, 'colsample_bytree': 0.4383511295256162, 'reg_alpha': 0.002094617459224644, 'reg_lambda': 0.09542158823458209}. Best is trial 21 with value: 0.03025798159015493.
[I 2025-08-03 12:09:01,782] Trial 27 finished with value: 0.03092381671927511 and parameters: {'min_abs_corr': 0.00583219074710524, 'max_pair_corr': 1.0205249911686236, 'n_estimators': 1451, 'learning_rate': 0.009358287929147627, 'max_depth': 5, 'num_leaves': 260, 'min_child_samples': 6, 'min_child_weight': 0.021249985125834567, 'subsample': 0.6361203249724406, 'colsample_bytree': 0.42602983903621994, 'reg_alpha': 0.0020917314532770807, 'reg_lambda': 0.09471233386048974}. Best is trial 21 with value: 0.03025798159015493.
[I 2025-08-03 12:09:08,240] Trial 28 finished with value: 0.030478122952716857 and parameters: {'min_abs_corr': 0.0059353490103048814, 'max_pair_corr': 0.979330070151557, 'n_estimators': 1256, 'learning_rate': 0.00952500055838321, 'max_depth': 7, 'num_leaves': 286, 'min_child_samples': 6, 'min_child_weight': 0.021526727176214632, 'subsample': 0.6569030575049571, 'colsample_bytree': 0.4358815471996524, 'reg_alpha': 0.002108507635274948, 'reg_lambda': 0.09380622019516945}. Best is trial 21 with value: 0.03025798159015493.
[I 2025-08-03 12:09:15,882] Trial 29 finished with value: 0.030962729446196692 and parameters: {'min_abs_corr': 0.005977030172039085, 'max_pair_corr': 1.0663283287946992, 'n_estimators': 1247, 'learning_rate': 0.009468341347398193, 'max_depth': 7, 'num_leaves': 291, 'min_child_samples': 6, 'min_child_weight': 0.021856058836755808, 'subsample': 0.6576165991788445, 'colsample_bytree': 0.4366954250011444, 'reg_alpha': 0.0020087121342306133, 'reg_lambda': 0.09365682856084506}. Best is trial 21 with value: 0.03025798159015493.
[I 2025-08-03 12:09:18,848] Trial 30 finished with value: 0.033101675763551254 and parameters: {'min_abs_corr': 0.005780297926610042, 'max_pair_corr': 1.0108325891603012, 'n_estimators': 1249, 'learning_rate': 0.009234804368357663, 'max_depth': 3, 'num_leaves': 285, 'min_child_samples': 6, 'min_child_weight': 0.020820568175912116, 'subsample': 0.6277004326518846, 'colsample_bytree': 0.43566761371595053, 'reg_alpha': 0.002060692908715827, 'reg_lambda': 0.09107720877065292}. Best is trial 21 with value: 0.03025798159015493.
[I 2025-08-03 12:09:28,491] Trial 31 finished with value: 0.031125963076901447 and parameters: {'min_abs_corr': 0.005941850325156659, 'max_pair_corr': 0.9783186004341741, 'n_estimators': 1396, 'learning_rate': 0.009733884972169773, 'max_depth': 9, 'num_leaves': 275, 'min_child_samples': 6, 'min_child_weight': 0.021432070413787585, 'subsample': 0.6702208378175152, 'colsample_bytree': 0.43848816433352544, 'reg_alpha': 0.00209999706171391, 'reg_lambda': 0.0980535482375137}. Best is trial 21 with value: 0.03025798159015493.
[I 2025-08-03 12:09:35,912] Trial 32 finished with value: 0.030646352685800533 and parameters: {'min_abs_corr': 0.006236871612868026, 'max_pair_corr': 0.9833210907304655, 'n_estimators': 1424, 'learning_rate': 0.009559397763915631, 'max_depth': 7, 'num_leaves': 259, 'min_child_samples': 6, 'min_child_weight': 0.021542873565762816, 'subsample': 0.6481836796386004, 'colsample_bytree': 0.4169759702414249, 'reg_alpha': 0.0021140294405217835, 'reg_lambda': 0.09549329742718864}. Best is trial 21 with value: 0.03025798159015493.
[I 2025-08-03 12:09:44,316] Trial 33 finished with value: 0.030803746407471373 and parameters: {'min_abs_corr': 0.006185194489914817, 'max_pair_corr': 1.0031514057521185, 'n_estimators': 1422, 'learning_rate': 0.009176409664117988, 'max_depth': 7, 'num_leaves': 259, 'min_child_samples': 6, 'min_child_weight': 0.021914979445677125, 'subsample': 0.6484826875371967, 'colsample_bytree': 0.43089577801402557, 'reg_alpha': 0.0021168202709793563, 'reg_lambda': 0.09547082065161337}. Best is trial 21 with value: 0.03025798159015493.
[I 2025-08-03 12:09:50,863] Trial 34 finished with value: 0.030836602044394916 and parameters: {'min_abs_corr': 0.006062058084874359, 'max_pair_corr': 1.0313985558847767, 'n_estimators': 1500, 'learning_rate': 0.009645008671283182, 'max_depth': 5, 'num_leaves': 298, 'min_child_samples': 6, 'min_child_weight': 0.02255773565803397, 'subsample': 0.6429228457169418, 'colsample_bytree': 0.4551756919854849, 'reg_alpha': 0.002050718397163727, 'reg_lambda': 0.09545401854080765}. Best is trial 21 with value: 0.03025798159015493.
[I 2025-08-03 12:09:56,947] Trial 35 finished with value: 0.031293742159277015 and parameters: {'min_abs_corr': 0.0057929350253192735, 'max_pair_corr': 0.9307132620379495, 'n_estimators': 1222, 'learning_rate': 0.009599920853567378, 'max_depth': 7, 'num_leaves': 241, 'min_child_samples': 6, 'min_child_weight': 0.022138563872274357, 'subsample': 0.6338851754111797, 'colsample_bytree': 0.4009692357510913, 'reg_alpha': 0.002148232596385078, 'reg_lambda': 0.08775760036403635}. Best is trial 21 with value: 0.03025798159015493.
[I 2025-08-03 12:10:02,107] Trial 36 finished with value: 0.030917492571220406 and parameters: {'min_abs_corr': 0.006248128680520467, 'max_pair_corr': 0.983047425156808, 'n_estimators': 1087, 'learning_rate': 0.009862623907128405, 'max_depth': 6, 'num_leaves': 260, 'min_child_samples': 6, 'min_child_weight': 0.021641355942947537, 'subsample': 0.6577040053427814, 'colsample_bytree': 0.4171085103307584, 'reg_alpha': 0.00204531120412587, 'reg_lambda': 0.0935904752730273}. Best is trial 21 with value: 0.03025798159015493.
[I 2025-08-03 12:10:14,035] Trial 37 finished with value: 0.030948089841353672 and parameters: {'min_abs_corr': 0.006037593216006309, 'max_pair_corr': 0.9894352964833772, 'n_estimators': 1438, 'learning_rate': 0.009467684119052574, 'max_depth': 9, 'num_leaves': 252, 'min_child_samples': 5, 'min_child_weight': 0.022342508265159478, 'subsample': 0.6238102919864784, 'colsample_bytree': 0.46024503815317874, 'reg_alpha': 0.0021225150462167346, 'reg_lambda': 0.0957080216614253}. Best is trial 21 with value: 0.03025798159015493.
[I 2025-08-03 12:10:23,065] Trial 38 finished with value: 0.03122001643688262 and parameters: {'min_abs_corr': 0.005886642649684144, 'max_pair_corr': 0.9523647936885526, 'n_estimators': 1305, 'learning_rate': 0.009270194454463193, 'max_depth': 10, 'num_leaves': 292, 'min_child_samples': 6, 'min_child_weight': 0.021260637935651545, 'subsample': 0.650618726922766, 'colsample_bytree': 0.4289810479571352, 'reg_alpha': 0.00216189458191316, 'reg_lambda': 0.0975629119161327}. Best is trial 21 with value: 0.03025798159015493.
[I 2025-08-03 12:10:24,548] Trial 39 finished with value: 0.051916452668485345 and parameters: {'min_abs_corr': 0.0057496283867882764, 'max_pair_corr': 0.9194847723380057, 'n_estimators': 1097, 'learning_rate': 0.009558087495838257, 'max_depth': 1, 'num_leaves': 280, 'min_child_samples': 6, 'min_child_weight': 0.021991668407720405, 'subsample': 0.6612980958104145, 'colsample_bytree': 0.43469416423530793, 'reg_alpha': 0.0020843207605544885, 'reg_lambda': 0.08868626909807503}. Best is trial 21 with value: 0.03025798159015493.
[I 2025-08-03 12:10:31,659] Trial 40 finished with value: 0.030664938194753234 and parameters: {'min_abs_corr': 0.0062382784128067375, 'max_pair_corr': 0.9744628342198658, 'n_estimators': 1185, 'learning_rate': 0.009725007755971378, 'max_depth': 7, 'num_leaves': 255, 'min_child_samples': 5, 'min_child_weight': 0.02089564806533596, 'subsample': 0.6381647685896475, 'colsample_bytree': 0.45312041000449566, 'reg_alpha': 0.002032734104563074, 'reg_lambda': 0.09442286443211499}. Best is trial 21 with value: 0.03025798159015493.
