[I 2025-08-03 14:05:30,577] Trial 984 finished with value: 0.03096454483880306 and parameters: {'min_abs_corr': 0.006476400611351891, 'max_pair_corr': 0.9415608188769984, 'n_estimators': 1498, 'learning_rate': 0.010427508978266616, 'max_depth': 8, 'num_leaves': 248, 'min_child_samples': 6, 'min_child_weight': 0.0224584008514804, 'subsample': 0.6069817285707576, 'colsample_bytree': 0.3796732192282164, 'reg_alpha': 0.002379617089355406, 'reg_lambda': 0.09241430356439077}. Best is trial 815 with value: 0.03009530961939528.
[I 2025-08-03 14:05:38,192] Trial 985 finished with value: 0.030219157484279446 and parameters: {'min_abs_corr': 0.006419246478037749, 'max_pair_corr': 0.94514607423823, 'n_estimators': 1476, 'learning_rate': 0.010483610281372444, 'max_depth': 8, 'num_leaves': 246, 'min_child_samples': 6, 'min_child_weight': 0.0226038676690557, 'subsample': 0.6101271056179418, 'colsample_bytree': 0.3814171030653455, 'reg_alpha': 0.002381777775685039, 'reg_lambda': 0.09190177248219576}. Best is trial 815 with value: 0.03009530961939528.
[I 2025-08-03 14:05:45,945] Trial 986 finished with value: 0.031192858463175526 and parameters: {'min_abs_corr': 0.006446392797714407, 'max_pair_corr': 0.9385806987946624, 'n_estimators': 1459, 'learning_rate': 0.010454516268897327, 'max_depth': 8, 'num_leaves': 250, 'min_child_samples': 6, 'min_child_weight': 0.022484634455331713, 'subsample': 0.6072410824675899, 'colsample_bytree': 0.3785631086149905, 'reg_alpha': 0.0023734338268620587, 'reg_lambda': 0.09252460196929552}. Best is trial 815 with value: 0.03009530961939528.
[I 2025-08-03 14:05:52,532] Trial 987 finished with value: 0.03021844919855903 and parameters: {'min_abs_corr': 0.006473136918144836, 'max_pair_corr': 0.9477645320386012, 'n_estimators': 1455, 'learning_rate': 0.010562247019927081, 'max_depth': 7, 'num_leaves': 247, 'min_child_samples': 6, 'min_child_weight': 0.022671818991866106, 'subsample': 0.6122891468611031, 'colsample_bytree': 0.3809520006708907, 'reg_alpha': 0.002387985980655678, 'reg_lambda': 0.09199654982780371}. Best is trial 815 with value: 0.03009530961939528.
[I 2025-08-03 14:06:01,068] Trial 988 finished with value: 0.03187481844854053 and parameters: {'min_abs_corr': 0.006465631398521918, 'max_pair_corr': 0.927214606412195, 'n_estimators': 1500, 'learning_rate': 0.010421574461514678, 'max_depth': 9, 'num_leaves': 245, 'min_child_samples': 6, 'min_child_weight': 0.0224034411744433, 'subsample': 0.6106063080748962, 'colsample_bytree': 0.37845572725484916, 'reg_alpha': 0.002382088394354182, 'reg_lambda': 0.09173880636306025}. Best is trial 815 with value: 0.03009530961939528.
[I 2025-08-03 14:06:08,667] Trial 989 finished with value: 0.031359461184489144 and parameters: {'min_abs_corr': 0.006477394887228787, 'max_pair_corr': 0.9368034785456333, 'n_estimators': 1451, 'learning_rate': 0.010521495062249543, 'max_depth': 8, 'num_leaves': 241, 'min_child_samples': 6, 'min_child_weight': 0.022541639072182092, 'subsample': 0.6050481907212631, 'colsample_bytree': 0.3821212283359577, 'reg_alpha': 0.0023886803644966575, 'reg_lambda': 0.09159305635546003}. Best is trial 815 with value: 0.03009530961939528.
[I 2025-08-03 14:06:16,505] Trial 990 finished with value: 0.030888414840975386 and parameters: {'min_abs_corr': 0.006499266219400526, 'max_pair_corr': 0.9434358948399947, 'n_estimators': 1480, 'learning_rate': 0.010501112198586135, 'max_depth': 8, 'num_leaves': 249, 'min_child_samples': 6, 'min_child_weight': 0.022413971125791975, 'subsample': 0.6088487302505584, 'colsample_bytree': 0.3797052065078766, 'reg_alpha': 0.0023635435863219533, 'reg_lambda': 0.09228015938562839}. Best is trial 815 with value: 0.03009530961939528.
[I 2025-08-03 14:06:24,232] Trial 991 finished with value: 0.031083543700423738 and parameters: {'min_abs_corr': 0.0064568098453106244, 'max_pair_corr': 0.9415421300452651, 'n_estimators': 1446, 'learning_rate': 0.01041066968818267, 'max_depth': 8, 'num_leaves': 265, 'min_child_samples': 6, 'min_child_weight': 0.02254871204326111, 'subsample': 0.6072439666691316, 'colsample_bytree': 0.38080917146800236, 'reg_alpha': 0.0023725101218828584, 'reg_lambda': 0.09154416921737071}. Best is trial 815 with value: 0.03009530961939528.
[I 2025-08-03 14:06:32,735] Trial 992 finished with value: 0.03036312133742996 and parameters: {'min_abs_corr': 0.006394872219317915, 'max_pair_corr': 0.9479886566167869, 'n_estimators': 1480, 'learning_rate': 0.010563712031983237, 'max_depth': 9, 'num_leaves': 244, 'min_child_samples': 6, 'min_child_weight': 0.022682758180918812, 'subsample': 0.6034634446973565, 'colsample_bytree': 0.37857469487733425, 'reg_alpha': 0.002393065986232871, 'reg_lambda': 0.09275465646844663}. Best is trial 815 with value: 0.03009530961939528.
[I 2025-08-03 14:06:40,919] Trial 993 finished with value: 0.03088209541580274 and parameters: {'min_abs_corr': 0.006433497509299786, 'max_pair_corr': 0.97950333941707, 'n_estimators': 1459, 'learning_rate': 0.010467322646096535, 'max_depth': 8, 'num_leaves': 247, 'min_child_samples': 6, 'min_child_weight': 0.022474336379903266, 'subsample': 0.6177943362349524, 'colsample_bytree': 0.3825865760027038, 'reg_alpha': 0.002385534473646358, 'reg_lambda': 0.09224661014100044}. Best is trial 815 with value: 0.03009530961939528.
[I 2025-08-03 14:06:48,291] Trial 994 finished with value: 0.03026776151849911 and parameters: {'min_abs_corr': 0.0064826640949688895, 'max_pair_corr': 0.9461923074960589, 'n_estimators': 1437, 'learning_rate': 0.010530522217434389, 'max_depth': 8, 'num_leaves': 243, 'min_child_samples': 6, 'min_child_weight': 0.02237143793478617, 'subsample': 0.6139034194481999, 'colsample_bytree': 0.3770845096917632, 'reg_alpha': 0.002375278433854345, 'reg_lambda': 0.0918459934243441}. Best is trial 815 with value: 0.03009530961939528.
[I 2025-08-03 14:06:55,591] Trial 995 finished with value: 0.03145766721561252 and parameters: {'min_abs_corr': 0.00650952325658884, 'max_pair_corr': 0.934465187407142, 'n_estimators': 1482, 'learning_rate': 0.010452369487256925, 'max_depth': 7, 'num_leaves': 250, 'min_child_samples': 6, 'min_child_weight': 0.022590577948089774, 'subsample': 0.6109927648197226, 'colsample_bytree': 0.434276256428514, 'reg_alpha': 0.0023958140020279924, 'reg_lambda': 0.0914030871401721}. Best is trial 815 with value: 0.03009530961939528.
[I 2025-08-03 14:07:03,090] Trial 996 finished with value: 0.030209182137687036 and parameters: {'min_abs_corr': 0.0065015434372768365, 'max_pair_corr': 0.9498969587050816, 'n_estimators': 1438, 'learning_rate': 0.010502117824097119, 'max_depth': 8, 'num_leaves': 246, 'min_child_samples': 6, 'min_child_weight': 0.022471409066713882, 'subsample': 0.6154073701660684, 'colsample_bytree': 0.3800556650225056, 'reg_alpha': 0.00235454384001203, 'reg_lambda': 0.09180038190542077}. Best is trial 815 with value: 0.03009530961939528.
[I 2025-08-03 14:07:10,861] Trial 997 finished with value: 0.030993101170971926 and parameters: {'min_abs_corr': 0.006527397840607216, 'max_pair_corr': 0.9408340349906336, 'n_estimators': 1464, 'learning_rate': 0.010584658858255684, 'max_depth': 8, 'num_leaves': 241, 'min_child_samples': 6, 'min_child_weight': 0.022374543534305215, 'subsample': 0.6053284774285845, 'colsample_bytree': 0.3823066275012656, 'reg_alpha': 0.0023808903047980727, 'reg_lambda': 0.09116315571887545}. Best is trial 815 with value: 0.03009530961939528.
[I 2025-08-03 14:07:18,367] Trial 998 finished with value: 0.030252886844750276 and parameters: {'min_abs_corr': 0.00645117790533391, 'max_pair_corr': 0.9445349578278227, 'n_estimators': 1436, 'learning_rate': 0.010404777872560963, 'max_depth': 8, 'num_leaves': 245, 'min_child_samples': 6, 'min_child_weight': 0.022515558776759117, 'subsample': 0.6028144074874433, 'colsample_bytree': 0.38092238377732074, 'reg_alpha': 0.0023921275601058336, 'reg_lambda': 0.09205705562532128}. Best is trial 815 with value: 0.03009530961939528.
[I 2025-08-03 14:07:26,879] Trial 999 finished with value: 0.03031009105225212 and parameters: {'min_abs_corr': 0.006491256944158319, 'max_pair_corr': 0.9494812661246508, 'n_estimators': 1462, 'learning_rate': 0.010483958676105383, 'max_depth': 9, 'num_leaves': 248, 'min_child_samples': 6, 'min_child_weight': 0.022374156177329223, 'subsample': 0.6132798995317265, 'colsample_bytree': 0.37916373751816357, 'reg_alpha': 0.002399305635206757, 'reg_lambda': 0.09151298640925853}. Best is trial 815 with value: 0.03009530961939528.
Best 5-fold MAE: 0.03009530961939528

Best hyper-parameters:
  min_abs_corr: 0.0065965190338150995
  max_pair_corr: 0.9471692177144928
  n_estimators: 1430
  learning_rate: 0.010473955778920236
  max_depth: 8
  num_leaves: 247
  min_child_samples: 6
  min_child_weight: 0.02237354713085971
  subsample: 0.6136303574015481
  colsample_bytree: 0.3831568447541598
  reg_alpha: 0.002399771296811505
  reg_lambda: 0.09181476210741255

Final feature count: 124