[I 2025-07-30 11:18:35,841] Trial 78 finished with value: 0.033043056776314764 and parameters: {'min_abs_corr': 0.09680867181776906, 'max_pair_corr': 0.9790251304622952, 'n_estimators': 1078, 'learning_rate': 0.10344252618053908}. Best is trial 66 with value: 0.030667817160321055.
[I 2025-07-30 11:19:11,717] Trial 79 finished with value: 0.0318533207256933 and parameters: {'min_abs_corr': 0.09015992275209721, 'max_pair_corr': 0.9875943236296898, 'n_estimators': 1138, 'learning_rate': 0.08368736450538214}. Best is trial 66 with value: 0.030667817160321055.
[I 2025-07-30 11:19:44,686] Trial 80 finished with value: 0.031099349567517455 and parameters: {'min_abs_corr': 0.0655534511694652, 'max_pair_corr': 0.9751794203051821, 'n_estimators': 1071, 'learning_rate': 0.07708480155041206}. Best is trial 66 with value: 0.030667817160321055.
[I 2025-07-30 11:20:18,816] Trial 81 finished with value: 0.03226475642092498 and parameters: {'min_abs_corr': 0.08509699587414095, 'max_pair_corr': 0.9849041563487002, 'n_estimators': 1058, 'learning_rate': 0.07573474770874428}. Best is trial 66 with value: 0.030667817160321055.
[I 2025-07-30 11:20:52,869] Trial 82 finished with value: 0.03207595734157866 and parameters: {'min_abs_corr': 0.06566969610525841, 'max_pair_corr': 0.9747442469258021, 'n_estimators': 1083, 'learning_rate': 0.06263583016956721}. Best is trial 66 with value: 0.030667817160321055.
[I 2025-07-30 11:21:25,144] Trial 83 finished with value: 0.031087157465934954 and parameters: {'min_abs_corr': 0.05838815035695255, 'max_pair_corr': 0.9796690967857901, 'n_estimators': 1034, 'learning_rate': 0.06925867171580244}. Best is trial 66 with value: 0.030667817160321055.
[I 2025-07-30 11:21:56,550] Trial 84 finished with value: 0.0322033711454441 and parameters: {'min_abs_corr': 0.05902126118965838, 'max_pair_corr': 0.9713436567529776, 'n_estimators': 1034, 'learning_rate': 0.08546703411392195}. Best is trial 66 with value: 0.030667817160321055.
[I 2025-07-30 11:22:31,561] Trial 85 finished with value: 0.032375900349662604 and parameters: {'min_abs_corr': 0.05486443990219847, 'max_pair_corr': 0.9792098429885677, 'n_estimators': 1125, 'learning_rate': 0.09960225611393167}. Best is trial 66 with value: 0.030667817160321055.
[I 2025-07-30 11:23:07,767] Trial 86 finished with value: 0.031947907439847 and parameters: {'min_abs_corr': 0.06248761829433009, 'max_pair_corr': 0.9760656055886394, 'n_estimators': 1174, 'learning_rate': 0.06912196455850447}. Best is trial 66 with value: 0.030667817160321055.
[I 2025-07-30 11:23:38,938] Trial 87 finished with value: 0.032246488818436746 and parameters: {'min_abs_corr': 0.09519503676690606, 'max_pair_corr': 0.9674407165712734, 'n_estimators': 1012, 'learning_rate': 0.089516607822064}. Best is trial 66 with value: 0.030667817160321055.
[I 2025-07-30 11:24:08,785] Trial 88 finished with value: 0.03238725816077571 and parameters: {'min_abs_corr': 0.08440439896206618, 'max_pair_corr': 0.9834749038919818, 'n_estimators': 952, 'learning_rate': 0.05616603963142583}. Best is trial 66 with value: 0.030667817160321055.
[I 2025-07-30 11:24:41,796] Trial 89 finished with value: 0.031894368255889885 and parameters: {'min_abs_corr': 0.0901195610879124, 'max_pair_corr': 0.9805678967480622, 'n_estimators': 1063, 'learning_rate': 0.08112051320537855}. Best is trial 66 with value: 0.030667817160321055.
[I 2025-07-30 11:25:12,193] Trial 90 finished with value: 0.032384477683805465 and parameters: {'min_abs_corr': 0.0494222142627869, 'max_pair_corr': 0.9602194456898354, 'n_estimators': 1002, 'learning_rate': 0.06594430018825102}. Best is trial 66 with value: 0.030667817160321055.
[I 2025-07-30 11:25:19,054] Trial 91 finished with value: 0.03727010821265865 and parameters: {'min_abs_corr': 0.0670274603295365, 'max_pair_corr': 0.9877758790406086, 'n_estimators': 210, 'learning_rate': 0.07094636963490625}. Best is trial 66 with value: 0.030667817160321055.
[I 2025-07-30 11:25:49,194] Trial 92 finished with value: 0.03835240204469191 and parameters: {'min_abs_corr': 0.06330417050857141, 'max_pair_corr': 0.9850655744952257, 'n_estimators': 954, 'learning_rate': 0.011540599733356525}. Best is trial 66 with value: 0.030667817160321055.
[I 2025-07-30 11:26:14,488] Trial 93 finished with value: 0.0313438156941665 and parameters: {'min_abs_corr': 0.06876413189508983, 'max_pair_corr': 0.977846743385423, 'n_estimators': 823, 'learning_rate': 0.07911074841877612}. Best is trial 66 with value: 0.030667817160321055.
[I 2025-07-30 11:26:39,110] Trial 94 finished with value: 0.0319022674002876 and parameters: {'min_abs_corr': 0.06867532061118317, 'max_pair_corr': 0.9729992761614547, 'n_estimators': 797, 'learning_rate': 0.07936420266200826}. Best is trial 66 with value: 0.030667817160321055.
[I 2025-07-30 11:27:06,077] Trial 95 finished with value: 0.03207531895024545 and parameters: {'min_abs_corr': 0.05742879886425119, 'max_pair_corr': 0.9772850158564086, 'n_estimators': 871, 'learning_rate': 0.06299467096733298}. Best is trial 66 with value: 0.030667817160321055.
[I 2025-07-30 11:27:38,613] Trial 96 finished with value: 0.03164770802735247 and parameters: {'min_abs_corr': 0.07677122224707192, 'max_pair_corr': 0.9810715573614068, 'n_estimators': 1034, 'learning_rate': 0.11051806130300332}. Best is trial 66 with value: 0.030667817160321055.
[I 2025-07-30 11:28:01,681] Trial 97 finished with value: 0.032746446290252765 and parameters: {'min_abs_corr': 0.059632012964244516, 'max_pair_corr': 0.983662155941718, 'n_estimators': 748, 'learning_rate': 0.09720949919428432}. Best is trial 66 with value: 0.030667817160321055.
[I 2025-07-30 11:28:25,885] Trial 98 finished with value: 0.03367221145578249 and parameters: {'min_abs_corr': 0.05532539728678544, 'max_pair_corr': 0.9155831658695738, 'n_estimators': 820, 'learning_rate': 0.05386729422316939}. Best is trial 66 with value: 0.030667817160321055.
[I 2025-07-30 11:28:53,437] Trial 99 finished with value: 0.03283934385183305 and parameters: {'min_abs_corr': 0.07140667924156419, 'max_pair_corr': 0.9748987120504272, 'n_estimators': 915, 'learning_rate': 0.08881446117019294}. Best is trial 66 with value: 0.030667817160321055.
Best 5-fold MAE: 0.030667817160321055
Best hyper-parameters:
 {'min_abs_corr': 0.07054360670405574, 'max_pair_corr': 0.9782972599595314, 'n_estimators': 961, 'learning_rate': 0.11708195152443233}
Final feature count: 91