Best trial: 66. Best value: 0.0306678: 100%
 100/100 [45:49<00:00, 26.31s/it]
[I 2025-07-30 10:43:33,957] Trial 0 finished with value: 0.032562874843191446 and parameters: {'min_abs_corr': 0.04058131129049943, 'max_pair_corr': 0.9855642875768924, 'n_estimators': 932, 'learning_rate': 0.07661100707771368}. Best is trial 0 with value: 0.032562874843191446.
[I 2025-07-30 10:43:41,222] Trial 1 finished with value: 0.03679627372814641 and parameters: {'min_abs_corr': 0.019821770842031468, 'max_pair_corr': 0.9140395068302583, 'n_estimators': 258, 'learning_rate': 0.19030368381735815}. Best is trial 0 with value: 0.032562874843191446.
[I 2025-07-30 10:43:47,974] Trial 2 finished with value: 0.03691266015565571 and parameters: {'min_abs_corr': 0.06210592611560484, 'max_pair_corr': 0.9637265320016442, 'n_estimators': 220, 'learning_rate': 0.2708160864249968}. Best is trial 0 with value: 0.032562874843191446.
[I 2025-07-30 10:43:59,303] Trial 3 finished with value: 0.04239112692391152 and parameters: {'min_abs_corr': 0.08408205087604007, 'max_pair_corr': 0.9191105199610449, 'n_estimators': 382, 'learning_rate': 0.018659959624904916}. Best is trial 0 with value: 0.032562874843191446.
[I 2025-07-30 10:44:17,946] Trial 4 finished with value: 0.0370540425861114 and parameters: {'min_abs_corr': 0.033903013081156085, 'max_pair_corr': 0.9472280788469014, 'n_estimators': 632, 'learning_rate': 0.02692655251486473}. Best is trial 0 with value: 0.032562874843191446.
[I 2025-07-30 10:44:32,579] Trial 5 finished with value: 0.03730629917377275 and parameters: {'min_abs_corr': 0.06312602499862605, 'max_pair_corr': 0.9125544474586837, 'n_estimators': 492, 'learning_rate': 0.03476649150592621}. Best is trial 0 with value: 0.032562874843191446.
[I 2025-07-30 10:44:44,530] Trial 6 finished with value: 0.034921551214392076 and parameters: {'min_abs_corr': 0.048326648500618415, 'max_pair_corr': 0.9706658365253712, 'n_estimators': 399, 'learning_rate': 0.05748924681991978}. Best is trial 0 with value: 0.032562874843191446.
[I 2025-07-30 10:45:08,583] Trial 7 finished with value: 0.03792615141610064 and parameters: {'min_abs_corr': 0.06127938404189403, 'max_pair_corr': 0.9041805371447998, 'n_estimators': 808, 'learning_rate': 0.0178601378893971}. Best is trial 0 with value: 0.032562874843191446.
[I 2025-07-30 10:45:42,782] Trial 8 finished with value: 0.03466558489605479 and parameters: {'min_abs_corr': 0.011179901333601555, 'max_pair_corr': 0.9853996983528, 'n_estimators': 1166, 'learning_rate': 0.1563510870813346}. Best is trial 0 with value: 0.032562874843191446.
[I 2025-07-30 10:46:08,536] Trial 9 finished with value: 0.034596471433649814 and parameters: {'min_abs_corr': 0.03393830807147021, 'max_pair_corr': 0.9087904902605746, 'n_estimators': 884, 'learning_rate': 0.044684675025045834}. Best is trial 0 with value: 0.032562874843191446.
[I 2025-07-30 10:46:40,277] Trial 10 finished with value: 0.03259583449812492 and parameters: {'min_abs_corr': 0.09478797170188676, 'max_pair_corr': 0.9425994589309201, 'n_estimators': 1059, 'learning_rate': 0.0881169608213446}. Best is trial 0 with value: 0.032562874843191446.
[I 2025-07-30 10:47:12,654] Trial 11 finished with value: 0.03320972129620443 and parameters: {'min_abs_corr': 0.09389699237942267, 'max_pair_corr': 0.936149831474103, 'n_estimators': 1076, 'learning_rate': 0.08757126827307508}. Best is trial 0 with value: 0.032562874843191446.
[I 2025-07-30 10:47:41,294] Trial 12 finished with value: 0.032401717204375666 and parameters: {'min_abs_corr': 0.0794448140091566, 'max_pair_corr': 0.9441692793932327, 'n_estimators': 952, 'learning_rate': 0.09761903532756135}. Best is trial 12 with value: 0.032401717204375666.
[I 2025-07-30 10:48:09,636] Trial 13 finished with value: 0.03165280382575729 and parameters: {'min_abs_corr': 0.08083581207376611, 'max_pair_corr': 0.9892750232181314, 'n_estimators': 906, 'learning_rate': 0.09435648338570746}. Best is trial 13 with value: 0.03165280382575729.
[I 2025-07-30 10:48:30,901] Trial 14 finished with value: 0.032830363087745264 and parameters: {'min_abs_corr': 0.07766172722497126, 'max_pair_corr': 0.9582263303099593, 'n_estimators': 709, 'learning_rate': 0.14193421522138908}. Best is trial 13 with value: 0.03165280382575729.
[I 2025-07-30 10:48:59,910] Trial 15 finished with value: 0.033589985176760935 and parameters: {'min_abs_corr': 0.07884834380681112, 'max_pair_corr': 0.9289590459840238, 'n_estimators': 972, 'learning_rate': 0.12542335291883563}. Best is trial 13 with value: 0.03165280382575729.
[I 2025-07-30 10:49:22,236] Trial 16 finished with value: 0.03834528168401165 and parameters: {'min_abs_corr': 0.07161044656240717, 'max_pair_corr': 0.9520892398138545, 'n_estimators': 745, 'learning_rate': 0.2959628420607886}. Best is trial 13 with value: 0.03165280382575729.
[I 2025-07-30 10:49:40,801] Trial 17 finished with value: 0.034196485088008446 and parameters: {'min_abs_corr': 0.09819313706216667, 'max_pair_corr': 0.9699970615234471, 'n_estimators': 608, 'learning_rate': 0.05852064727777197}. Best is trial 13 with value: 0.03165280382575729.
[I 2025-07-30 10:50:16,411] Trial 18 finished with value: 0.03181563983026824 and parameters: {'min_abs_corr': 0.08677979518065367, 'max_pair_corr': 0.9265338812694959, 'n_estimators': 1192, 'learning_rate': 0.10293745505149193}. Best is trial 13 with value: 0.03165280382575729.
[I 2025-07-30 10:50:52,064] Trial 19 finished with value: 0.03448731009858173 and parameters: {'min_abs_corr': 0.0872849263683763, 'max_pair_corr': 0.9272763553139721, 'n_estimators': 1195, 'learning_rate': 0.19920325342059408}. Best is trial 13 with value: 0.03165280382575729.
[I 2025-07-30 10:51:24,915] Trial 20 finished with value: 0.03264629855237107 and parameters: {'min_abs_corr': 0.06820393525701413, 'max_pair_corr': 0.976450027540333, 'n_estimators': 1069, 'learning_rate': 0.03897803960375351}. Best is trial 13 with value: 0.03165280382575729.
[I 2025-07-30 10:51:50,759] Trial 21 finished with value: 0.03264078980174067 and parameters: {'min_abs_corr': 0.08302485430119311, 'max_pair_corr': 0.9356491889119058, 'n_estimators': 862, 'learning_rate': 0.11003579559764488}. Best is trial 13 with value: 0.03165280382575729.
[I 2025-07-30 10:52:18,957] Trial 22 finished with value: 0.03327368154947855 and parameters: {'min_abs_corr': 0.052459748086988646, 'max_pair_corr': 0.9258660279545249, 'n_estimators': 955, 'learning_rate': 0.0760834716510011}. Best is trial 13 with value: 0.03165280382575729.
[I 2025-07-30 10:52:49,423] Trial 23 finished with value: 0.038557061959657954 and parameters: {'min_abs_corr': 0.09013759588698865, 'max_pair_corr': 0.9399391036121156, 'n_estimators': 1011, 'learning_rate': 0.010737220541389723}. Best is trial 13 with value: 0.03165280382575729.
[I 2025-07-30 10:53:23,747] Trial 24 finished with value: 0.032461711819356906 and parameters: {'min_abs_corr': 0.0725452157385134, 'max_pair_corr': 0.9563398132343821, 'n_estimators': 1143, 'learning_rate': 0.10383035398899457}. Best is trial 13 with value: 0.03165280382575729.
[I 2025-07-30 10:53:48,534] Trial 25 finished with value: 0.03345697347560256 and parameters: {'min_abs_corr': 0.09901429478076682, 'max_pair_corr': 0.9469132448050415, 'n_estimators': 820, 'learning_rate': 0.0640365889156342}. Best is trial 13 with value: 0.03165280382575729.
[I 2025-07-30 10:54:21,443] Trial 26 finished with value: 0.03364525307924472 and parameters: {'min_abs_corr': 0.0826414151019126, 'max_pair_corr': 0.9196014073411133, 'n_estimators': 1110, 'learning_rate': 0.18559912081333288}. Best is trial 13 with value: 0.03165280382575729.
[I 2025-07-30 10:54:51,675] Trial 27 finished with value: 0.032716965005350124 and parameters: {'min_abs_corr': 0.07652410867590148, 'max_pair_corr': 0.9348661740280763, 'n_estimators': 1009, 'learning_rate': 0.10647124601134374}. Best is trial 13 with value: 0.03165280382575729.
[I 2025-07-30 10:55:15,749] Trial 28 finished with value: 0.03278759274357455 and parameters: {'min_abs_corr': 0.0880520190102397, 'max_pair_corr': 0.9790608505970234, 'n_estimators': 776, 'learning_rate': 0.04780302787797651}. Best is trial 13 with value: 0.03165280382575729.
[I 2025-07-30 10:55:44,227] Trial 29 finished with value: 0.03163164277606254 and parameters: {'min_abs_corr': 0.06723629209164453, 'max_pair_corr': 0.9882828042442721, 'n_estimators': 898, 'learning_rate': 0.0733777515100113}. Best is trial 29 with value: 0.03163164277606254.
[I 2025-07-30 10:56:03,909] Trial 30 finished with value: 0.03290926085518704 and parameters: {'min_abs_corr': 0.04308740525902594, 'max_pair_corr': 0.9887599838411562, 'n_estimators': 629, 'learning_rate': 0.06928442915224106}. Best is trial 29 with value: 0.03163164277606254.
[I 2025-07-30 10:56:32,155] Trial 31 finished with value: 0.031248594743025816 and parameters: {'min_abs_corr': 0.06653617122192484, 'max_pair_corr': 0.9832802604949643, 'n_estimators': 905, 'learning_rate': 0.08906082095158468}. Best is trial 31 with value: 0.031248594743025816.
[I 2025-07-30 10:57:00,157] Trial 32 finished with value: 0.03204125597764236 and parameters: {'min_abs_corr': 0.06039314005683733, 'max_pair_corr': 0.982559779816638, 'n_estimators': 908, 'learning_rate': 0.0789339783916657}. Best is trial 31 with value: 0.031248594743025816.
[I 2025-07-30 10:57:26,671] Trial 33 finished with value: 0.03227191471463631 and parameters: {'min_abs_corr': 0.06718351322894894, 'max_pair_corr': 0.973193889667937, 'n_estimators': 863, 'learning_rate': 0.12842854998699452}. Best is trial 31 with value: 0.031248594743025816.
[I 2025-07-30 10:57:43,791] Trial 34 finished with value: 0.03407144130117244 and parameters: {'min_abs_corr': 0.0557565396359957, 'max_pair_corr': 0.9888683891618575, 'n_estimators': 547, 'learning_rate': 0.22133629827629392}. Best is trial 31 with value: 0.031248594743025816.
[I 2025-07-30 10:58:04,643] Trial 35 finished with value: 0.033177964485686176 and parameters: {'min_abs_corr': 0.07407524557468388, 'max_pair_corr': 0.9633297891682013, 'n_estimators': 689, 'learning_rate': 0.151481442047688}. Best is trial 31 with value: 0.031248594743025816.
[I 2025-07-30 10:58:35,765] Trial 36 finished with value: 0.0321982240328676 and parameters: {'min_abs_corr': 0.06792894846403655, 'max_pair_corr': 0.9804857356977836, 'n_estimators': 1012, 'learning_rate': 0.04942805001894649}. Best is trial 31 with value: 0.031248594743025816.
[I 2025-07-30 10:59:00,971] Trial 37 finished with value: 0.03168768038019306 and parameters: {'min_abs_corr': 0.057994621892222785, 'max_pair_corr': 0.9842093310670246, 'n_estimators': 825, 'learning_rate': 0.06631266653491974}. Best is trial 31 with value: 0.031248594743025816.
[I 2025-07-30 10:59:28,185] Trial 38 finished with value: 0.03378613898618595 and parameters: {'min_abs_corr': 0.05534376579824337, 'max_pair_corr': 0.9650648338558583, 'n_estimators': 901, 'learning_rate': 0.033317923003716}. Best is trial 31 with value: 0.031248594743025816.
[I 2025-07-30 10:59:53,060] Trial 39 finished with value: 0.03483842715195329 and parameters: {'min_abs_corr': 0.04701368148258663, 'max_pair_corr': 0.9835409885078319, 'n_estimators': 810, 'learning_rate': 0.02535709091150933}. Best is trial 31 with value: 0.031248594743025816.
[I 2025-07-30 11:00:14,684] Trial 40 finished with value: 0.033680946367667774 and parameters: {'min_abs_corr': 0.03151445864725707, 'max_pair_corr': 0.9747342187170053, 'n_estimators': 693, 'learning_rate': 0.06729490480218328}. Best is trial 31 with value: 0.031248594743025816.
[I 2025-07-30 11:00:41,162] Trial 41 finished with value: 0.03178470038121316 and parameters: {'min_abs_corr': 0.05808813456944325, 'max_pair_corr': 0.9869334490098854, 'n_estimators': 843, 'learning_rate': 0.08518058790297892}. Best is trial 31 with value: 0.031248594743025816.
[I 2025-07-30 11:01:08,413] Trial 42 finished with value: 0.03268438394410713 and parameters: {'min_abs_corr': 0.06394357072560292, 'max_pair_corr': 0.9896639077271896, 'n_estimators': 841, 'learning_rate': 0.0805509411871952}. Best is trial 31 with value: 0.031248594743025816.
[I 2025-07-30 11:01:32,785] Trial 43 finished with value: 0.03329239864549897 and parameters: {'min_abs_corr': 0.05688963286309691, 'max_pair_corr': 0.9849939020711767, 'n_estimators': 768, 'learning_rate': 0.055204225486685056}. Best is trial 31 with value: 0.031248594743025816.
[I 2025-07-30 11:02:01,450] Trial 44 finished with value: 0.030777962432528706 and parameters: {'min_abs_corr': 0.04850018293503331, 'max_pair_corr': 0.9785605165053527, 'n_estimators': 910, 'learning_rate': 0.08973488571635238}. Best is trial 44 with value: 0.030777962432528706.
[I 2025-07-30 11:02:30,541] Trial 45 finished with value: 0.0319210089202347 and parameters: {'min_abs_corr': 0.05034915063765217, 'max_pair_corr': 0.9790275257633632, 'n_estimators': 930, 'learning_rate': 0.06613356537172807}. Best is trial 44 with value: 0.030777962432528706.
[I 2025-07-30 11:02:57,916] Trial 46 finished with value: 0.033701983486033364 and parameters: {'min_abs_corr': 0.043759499127089416, 'max_pair_corr': 0.9708077397346705, 'n_estimators': 903, 'learning_rate': 0.11896781772331644}. Best is trial 44 with value: 0.030777962432528706.
[I 2025-07-30 11:03:07,738] Trial 47 finished with value: 0.03548388894758982 and parameters: {'min_abs_corr': 0.02656355350761879, 'max_pair_corr': 0.966173763902642, 'n_estimators': 326, 'learning_rate': 0.09437758015697768}. Best is trial 44 with value: 0.030777962432528706.
[I 2025-07-30 11:03:38,019] Trial 48 finished with value: 0.03164432246364932 and parameters: {'min_abs_corr': 0.037824866161041026, 'max_pair_corr': 0.9823616075205852, 'n_estimators': 981, 'learning_rate': 0.04229592447725514}. Best is trial 44 with value: 0.030777962432528706.
[I 2025-07-30 11:04:08,099] Trial 49 finished with value: 0.03246788310114458 and parameters: {'min_abs_corr': 0.03825214566272088, 'max_pair_corr': 0.9806639170566093, 'n_estimators': 974, 'learning_rate': 0.04116518952298789}. Best is trial 44 with value: 0.030777962432528706.
[I 2025-07-30 11:04:39,297] Trial 50 finished with value: 0.03306489575051698 and parameters: {'min_abs_corr': 0.014214473423655248, 'max_pair_corr': 0.9772400048498209, 'n_estimators': 1047, 'learning_rate': 0.028700027342638906}. Best is trial 44 with value: 0.030777962432528706.
[I 2025-07-30 11:05:10,373] Trial 51 finished with value: 0.03191190798482902 and parameters: {'min_abs_corr': 0.03763628685467205, 'max_pair_corr': 0.9839594944111569, 'n_estimators': 989, 'learning_rate': 0.052428821741066334}. Best is trial 44 with value: 0.030777962432528706.
[I 2025-07-30 11:05:40,467] Trial 52 finished with value: 0.03134683143241379 and parameters: {'min_abs_corr': 0.06481110223570896, 'max_pair_corr': 0.9856938062374623, 'n_estimators': 933, 'learning_rate': 0.073716388525963}. Best is trial 44 with value: 0.030777962432528706.
[I 2025-07-30 11:06:10,196] Trial 53 finished with value: 0.031805719691821846 and parameters: {'min_abs_corr': 0.06296295902187543, 'max_pair_corr': 0.9732364511014974, 'n_estimators': 932, 'learning_rate': 0.09046609031394912}. Best is trial 44 with value: 0.030777962432528706.
[I 2025-07-30 11:06:43,805] Trial 54 finished with value: 0.03216721709456925 and parameters: {'min_abs_corr': 0.027746927581513682, 'max_pair_corr': 0.9872155479137121, 'n_estimators': 1105, 'learning_rate': 0.05887103583898849}. Best is trial 44 with value: 0.030777962432528706.
[I 2025-07-30 11:07:16,387] Trial 55 finished with value: 0.03219235362104945 and parameters: {'min_abs_corr': 0.04604577643225717, 'max_pair_corr': 0.9822074628860763, 'n_estimators': 1035, 'learning_rate': 0.07486885038869734}. Best is trial 44 with value: 0.030777962432528706.
[I 2025-07-30 11:07:43,921] Trial 56 finished with value: 0.032458814258441646 and parameters: {'min_abs_corr': 0.06925781908146666, 'max_pair_corr': 0.9694411662880963, 'n_estimators': 888, 'learning_rate': 0.13055628004883427}. Best is trial 44 with value: 0.030777962432528706.
[I 2025-07-30 11:08:13,363] Trial 57 finished with value: 0.03318496142341653 and parameters: {'min_abs_corr': 0.06494769293240295, 'max_pair_corr': 0.9769433179855043, 'n_estimators': 947, 'learning_rate': 0.16844781464854205}. Best is trial 44 with value: 0.030777962432528706.
[I 2025-07-30 11:08:37,875] Trial 58 finished with value: 0.03419631162506484 and parameters: {'min_abs_corr': 0.05312614566002667, 'max_pair_corr': 0.9859766253833582, 'n_estimators': 780, 'learning_rate': 0.03464618605563234}. Best is trial 44 with value: 0.030777962432528706.
[I 2025-07-30 11:09:00,629] Trial 59 finished with value: 0.03494144227267386 and parameters: {'min_abs_corr': 0.07419389524335539, 'max_pair_corr': 0.980329268198298, 'n_estimators': 728, 'learning_rate': 0.0427665299420487}. Best is trial 44 with value: 0.030777962432528706.
[I 2025-07-30 11:09:31,967] Trial 60 finished with value: 0.03413081559352565 and parameters: {'min_abs_corr': 0.05017953723031297, 'max_pair_corr': 0.9895134764571583, 'n_estimators': 978, 'learning_rate': 0.02106898792041961}. Best is trial 44 with value: 0.030777962432528706.
[I 2025-07-30 11:09:58,569] Trial 61 finished with value: 0.03374587468269624 and parameters: {'min_abs_corr': 0.07944595007264327, 'max_pair_corr': 0.9004912717839582, 'n_estimators': 882, 'learning_rate': 0.058782538943321146}. Best is trial 44 with value: 0.030777962432528706.
[I 2025-07-30 11:10:26,404] Trial 62 finished with value: 0.03133856363886468 and parameters: {'min_abs_corr': 0.06024074051497817, 'max_pair_corr': 0.9850036346692796, 'n_estimators': 829, 'learning_rate': 0.07199664279901904}. Best is trial 44 with value: 0.030777962432528706.
[I 2025-07-30 11:10:54,749] Trial 63 finished with value: 0.03199333750336582 and parameters: {'min_abs_corr': 0.06080258625281462, 'max_pair_corr': 0.9859452803149407, 'n_estimators': 865, 'learning_rate': 0.0966552275808047}. Best is trial 44 with value: 0.030777962432528706.
[I 2025-07-30 11:11:24,164] Trial 64 finished with value: 0.03298431890473729 and parameters: {'min_abs_corr': 0.04184546473073607, 'max_pair_corr': 0.9760668078281978, 'n_estimators': 923, 'learning_rate': 0.07330602237297983}. Best is trial 44 with value: 0.030777962432528706.
[I 2025-07-30 11:11:49,044] Trial 65 finished with value: 0.031796269926854054 and parameters: {'min_abs_corr': 0.0657800373565837, 'max_pair_corr': 0.9821544797006339, 'n_estimators': 790, 'learning_rate': 0.08301091946304205}. Best is trial 44 with value: 0.030777962432528706.
[I 2025-07-30 11:12:18,809] Trial 66 finished with value: 0.030667817160321055 and parameters: {'min_abs_corr': 0.07054360670405574, 'max_pair_corr': 0.9782972599595314, 'n_estimators': 961, 'learning_rate': 0.11708195152443233}. Best is trial 66 with value: 0.030667817160321055.
[I 2025-07-30 11:12:52,541] Trial 67 finished with value: 0.031671168800604936 and parameters: {'min_abs_corr': 0.07089079589943142, 'max_pair_corr': 0.9724575894559824, 'n_estimators': 1098, 'learning_rate': 0.1087715186853644}. Best is trial 66 with value: 0.030667817160321055.
[I 2025-07-30 11:13:23,510] Trial 68 finished with value: 0.03357848669076472 and parameters: {'min_abs_corr': 0.07582679079370801, 'max_pair_corr': 0.9783158602794134, 'n_estimators': 1009, 'learning_rate': 0.1199989334212365}. Best is trial 66 with value: 0.030667817160321055.
[I 2025-07-30 11:13:52,513] Trial 69 finished with value: 0.03280085325388811 and parameters: {'min_abs_corr': 0.052654844085404044, 'max_pair_corr': 0.968091941618692, 'n_estimators': 959, 'learning_rate': 0.046708159933575924}. Best is trial 66 with value: 0.030667817160321055.
[I 2025-07-30 11:14:26,943] Trial 70 finished with value: 0.031941661906280894 and parameters: {'min_abs_corr': 0.06054768259857376, 'max_pair_corr': 0.9617073061509509, 'n_estimators': 1143, 'learning_rate': 0.13695328471699011}. Best is trial 66 with value: 0.030667817160321055.
[I 2025-07-30 11:14:54,154] Trial 71 finished with value: 0.03329115880256721 and parameters: {'min_abs_corr': 0.07041810232885318, 'max_pair_corr': 0.9899036594488159, 'n_estimators': 854, 'learning_rate': 0.09239554219100819}. Best is trial 66 with value: 0.030667817160321055.
[I 2025-07-30 11:15:23,435] Trial 72 finished with value: 0.03190864809136794 and parameters: {'min_abs_corr': 0.08155755657671457, 'max_pair_corr': 0.9512604698401593, 'n_estimators': 924, 'learning_rate': 0.07252613027001127}. Best is trial 66 with value: 0.030667817160321055.
[I 2025-07-30 11:15:51,740] Trial 73 finished with value: 0.03388871407315268 and parameters: {'min_abs_corr': 0.07332857729830054, 'max_pair_corr': 0.9818676645474947, 'n_estimators': 890, 'learning_rate': 0.11472619627350449}. Best is trial 66 with value: 0.030667817160321055.
[I 2025-07-30 11:16:25,032] Trial 74 finished with value: 0.03155178616934013 and parameters: {'min_abs_corr': 0.0911116489132733, 'max_pair_corr': 0.987061665864592, 'n_estimators': 1036, 'learning_rate': 0.06135964628886653}. Best is trial 66 with value: 0.030667817160321055.
[I 2025-07-30 11:16:57,883] Trial 75 finished with value: 0.03177128233945743 and parameters: {'min_abs_corr': 0.09260676923885808, 'max_pair_corr': 0.9862091556261647, 'n_estimators': 1032, 'learning_rate': 0.06110835556591397}. Best is trial 66 with value: 0.030667817160321055.
[I 2025-07-30 11:17:28,154] Trial 76 finished with value: 0.03240216524628669 and parameters: {'min_abs_corr': 0.03919072148488296, 'max_pair_corr': 0.9747736888040265, 'n_estimators': 991, 'learning_rate': 0.05178907958951539}. Best is trial 66 with value: 0.030667817160321055.
[I 2025-07-30 11:18:02,306] Trial 77 finished with value: 0.031542624252840414 and parameters: {'min_abs_corr': 0.08578359088804595, 'max_pair_corr': 0.9790483664053193, 'n_estimators': 1077, 'learning_rate': 0.08223079631656785}. Best is trial 66 with value: 0.030667817160321055.
