[I 2025-08-01 10:12:32,801] Trial 927 finished with value: 0.0475137202251575 and parameters: {'min_abs_corr': 0.027428333514366306, 'max_pair_corr': 0.9752262779787728, 'n_estimators': 1088, 'learning_rate': 0.02224256278358461, 'max_depth': 16, 'min_child_weight': 0.14410414474869918, 'subsample': 0.6547926159279432, 'colsample_bytree': 0.49978315406784635, 'gamma': 0.0931658406190657, 'reg_alpha': 0.09168154405784347, 'reg_lambda': 4.396888015108661}. Best is trial 355 with value: 0.031237053151983718.
[I 2025-08-01 10:12:35,395] Trial 928 finished with value: 0.05581022970124595 and parameters: {'min_abs_corr': 0.03412711177723949, 'max_pair_corr': 0.9797065160616061, 'n_estimators': 1145, 'learning_rate': 0.01238918841281559, 'max_depth': 20, 'min_child_weight': 0.19624632602701372, 'subsample': 0.5593595482069469, 'colsample_bytree': 0.48688603547313236, 'gamma': 0.17923343083798357, 'reg_alpha': 0.2569570696885542, 'reg_lambda': 4.660613505824613}. Best is trial 355 with value: 0.031237053151983718.
[I 2025-08-01 10:12:41,162] Trial 929 finished with value: 0.03366015351988838 and parameters: {'min_abs_corr': 0.024917539918261424, 'max_pair_corr': 0.9767515395369079, 'n_estimators': 1115, 'learning_rate': 0.01645055320153446, 'max_depth': 19, 'min_child_weight': 0.01443188727168282, 'subsample': 0.6424089819525057, 'colsample_bytree': 0.5640263607412579, 'gamma': 0.003315314662088736, 'reg_alpha': 0.09733675157004641, 'reg_lambda': 4.99762949297052}. Best is trial 355 with value: 0.031237053151983718.
[I 2025-08-01 10:12:43,514] Trial 930 finished with value: 0.049222851886002526 and parameters: {'min_abs_corr': 0.028331881234071935, 'max_pair_corr': 0.9588920209457239, 'n_estimators': 1120, 'learning_rate': 0.019359424179566452, 'max_depth': 16, 'min_child_weight': 0.0923600776430812, 'subsample': 0.5440667672383332, 'colsample_bytree': 0.549506014750078, 'gamma': 0.0899493985264659, 'reg_alpha': 0.18150107162548293, 'reg_lambda': 4.552783817290786}. Best is trial 355 with value: 0.031237053151983718.
[I 2025-08-01 10:12:45,457] Trial 931 finished with value: 0.06228419865483936 and parameters: {'min_abs_corr': 0.03010494560502246, 'max_pair_corr': 0.9624334390176863, 'n_estimators': 1041, 'learning_rate': 0.013220530717994382, 'max_depth': 19, 'min_child_weight': 0.13090130770204728, 'subsample': 0.6656927065414512, 'colsample_bytree': 0.5085397867924726, 'gamma': 0.34149620043651663, 'reg_alpha': 0.003834931399938478, 'reg_lambda': 4.788315986143233}. Best is trial 355 with value: 0.031237053151983718.
[I 2025-08-01 10:12:47,746] Trial 932 finished with value: 0.05929106134763455 and parameters: {'min_abs_corr': 0.023911155811852627, 'max_pair_corr': 0.9810453205781534, 'n_estimators': 1079, 'learning_rate': 0.015206475978182466, 'max_depth': 15, 'min_child_weight': 0.17659530384419403, 'subsample': 0.5505444805591936, 'colsample_bytree': 0.5377960319227629, 'gamma': 0.2281278819369424, 'reg_alpha': 0.39166494041900973, 'reg_lambda': 4.700992648219291}. Best is trial 355 with value: 0.031237053151983718.
[I 2025-08-01 10:12:50,155] Trial 933 finished with value: 0.047315165797934544 and parameters: {'min_abs_corr': 0.026209285738691523, 'max_pair_corr': 0.9780005041364354, 'n_estimators': 1005, 'learning_rate': 0.017740266536048682, 'max_depth': 20, 'min_child_weight': 0.10743821949986285, 'subsample': 0.6660093054546041, 'colsample_bytree': 0.4714283066941761, 'gamma': 0.09554731432176047, 'reg_alpha': 0.098892863241364, 'reg_lambda': 2.598902114392147}. Best is trial 355 with value: 0.031237053151983718.
[I 2025-08-01 10:12:52,142] Trial 934 finished with value: 0.07089737791178878 and parameters: {'min_abs_corr': 0.029165251962412476, 'max_pair_corr': 0.9723925471936443, 'n_estimators': 1141, 'learning_rate': 0.012533030159627498, 'max_depth': 16, 'min_child_weight': 0.005499531859404547, 'subsample': 0.6395323007990847, 'colsample_bytree': 0.49152773529570487, 'gamma': 0.5407191057895044, 'reg_alpha': 0.2716225940634222, 'reg_lambda': 2.4572459227277195}. Best is trial 355 with value: 0.031237053151983718.
[I 2025-08-01 10:12:54,449] Trial 935 finished with value: 0.06688255907260225 and parameters: {'min_abs_corr': 0.024685792395004603, 'max_pair_corr': 0.9758416065852573, 'n_estimators': 1078, 'learning_rate': 0.014912785255141645, 'max_depth': 19, 'min_child_weight': 0.4352337258310063, 'subsample': 0.5314851159894117, 'colsample_bytree': 0.522429922734641, 'gamma': 0.18051880694199599, 'reg_alpha': 1.8900557223786132, 'reg_lambda': 2.065638686333731}. Best is trial 355 with value: 0.031237053151983718.
[I 2025-08-01 10:12:57,886] Trial 936 finished with value: 0.03413897274401087 and parameters: {'min_abs_corr': 0.02706909541017844, 'max_pair_corr': 0.9792026503966966, 'n_estimators': 543, 'learning_rate': 0.021834623130473064, 'max_depth': 20, 'min_child_weight': 0.21314413369012597, 'subsample': 0.5415196579122054, 'colsample_bytree': 0.5640355326468531, 'gamma': 0.004140914140721286, 'reg_alpha': 0.09179444533526522, 'reg_lambda': 1.9847534553981616}. Best is trial 355 with value: 0.031237053151983718.
[I 2025-08-01 10:13:03,223] Trial 937 finished with value: 0.03366090411525042 and parameters: {'min_abs_corr': 0.03158918384364374, 'max_pair_corr': 0.9806459383167875, 'n_estimators': 1078, 'learning_rate': 0.017142090204096815, 'max_depth': 19, 'min_child_weight': 0.002976861331324616, 'subsample': 0.5560895396068272, 'colsample_bytree': 0.554468060448334, 'gamma': 0.002772863821585912, 'reg_alpha': 0.19018547731377322, 'reg_lambda': 2.175288979401805}. Best is trial 355 with value: 0.031237053151983718.
[I 2025-08-01 10:13:05,825] Trial 938 finished with value: 0.05230048973772829 and parameters: {'min_abs_corr': 0.02320609630327182, 'max_pair_corr': 0.9774666417233389, 'n_estimators': 1113, 'learning_rate': 0.013340444133332206, 'max_depth': 16, 'min_child_weight': 0.07385855793234455, 'subsample': 0.6546094141421609, 'colsample_bytree': 0.4825644887724766, 'gamma': 0.15931997666275402, 'reg_alpha': 0.08145569242755381, 'reg_lambda': 2.2547750333079493}. Best is trial 355 with value: 0.031237053151983718.
[I 2025-08-01 10:13:07,339] Trial 939 finished with value: 0.06266010581004786 and parameters: {'min_abs_corr': 0.025023370051660058, 'max_pair_corr': 0.9721580555908863, 'n_estimators': 759, 'learning_rate': 0.011582898357727182, 'max_depth': 18, 'min_child_weight': 0.15260202354081928, 'subsample': 0.5308885017352495, 'colsample_bytree': 0.5128352627586817, 'gamma': 0.2921891146954452, 'reg_alpha': 0.18359261528885173, 'reg_lambda': 1.8218832665472675}. Best is trial 355 with value: 0.031237053151983718.
[I 2025-08-01 10:13:16,279] Trial 940 finished with value: 0.03240633102975371 and parameters: {'min_abs_corr': 0.026567438320129175, 'max_pair_corr': 0.9811638441030601, 'n_estimators': 1128, 'learning_rate': 0.015619837215195094, 'max_depth': 19, 'min_child_weight': 0.12003356615012736, 'subsample': 0.7511718877349686, 'colsample_bytree': 0.5292607771892497, 'gamma': 0.0012575134410894217, 'reg_alpha': 0.003778203425233893, 'reg_lambda': 4.878799232821875}. Best is trial 355 with value: 0.031237053151983718.
[I 2025-08-01 10:13:18,083] Trial 941 finished with value: 0.050812041148562304 and parameters: {'min_abs_corr': 0.029480820727004357, 'max_pair_corr': 0.9550034867828975, 'n_estimators': 830, 'learning_rate': 0.019415583833457244, 'max_depth': 20, 'min_child_weight': 0.08643307807064017, 'subsample': 0.5467018470581567, 'colsample_bytree': 0.5377860849127609, 'gamma': 0.10573372703558276, 'reg_alpha': 0.27128343853573894, 'reg_lambda': 1.4379216879200862}. Best is trial 355 with value: 0.031237053151983718.
[I 2025-08-01 10:13:19,695] Trial 942 finished with value: 0.04884655928151478 and parameters: {'min_abs_corr': 0.022584350728943596, 'max_pair_corr': 0.9644802195234463, 'n_estimators': 505, 'learning_rate': 0.014544915930160305, 'max_depth': 18, 'min_child_weight': 0.10169185011278388, 'subsample': 0.5258721974805808, 'colsample_bytree': 0.4934881103261859, 'gamma': 0.08833774034302323, 'reg_alpha': 0.09249388653036669, 'reg_lambda': 2.0420537760805066}. Best is trial 355 with value: 0.031237053151983718.
[I 2025-08-01 10:13:25,875] Trial 943 finished with value: 0.03190465371713299 and parameters: {'min_abs_corr': 0.02478580697166981, 'max_pair_corr': 0.975196263918961, 'n_estimators': 811, 'learning_rate': 0.017695871062912445, 'max_depth': 17, 'min_child_weight': 3.140311649814353, 'subsample': 0.6327676953374244, 'colsample_bytree': 0.5043836384039553, 'gamma': 0.0004432771756296169, 'reg_alpha': 0.15658055849953795, 'reg_lambda': 2.5268865988624483}. Best is trial 355 with value: 0.031237053151983718.
[I 2025-08-01 10:13:27,272] Trial 944 finished with value: 0.05899441828209874 and parameters: {'min_abs_corr': 0.022000957910580966, 'max_pair_corr': 0.9738742767933568, 'n_estimators': 768, 'learning_rate': 0.023682145750739993, 'max_depth': 17, 'min_child_weight': 8.419734141969029, 'subsample': 0.6342236464438661, 'colsample_bytree': 0.5038866227578204, 'gamma': 0.22191553230447159, 'reg_alpha': 0.46239394749803675, 'reg_lambda': 4.553688949704662}. Best is trial 355 with value: 0.031237053151983718.
[I 2025-08-01 10:13:28,915] Trial 945 finished with value: 0.06776122728415862 and parameters: {'min_abs_corr': 0.023586682561834396, 'max_pair_corr': 0.9744296262679173, 'n_estimators': 802, 'learning_rate': 0.01917171830039206, 'max_depth': 16, 'min_child_weight': 12.043947632371585, 'subsample': 0.628504406605685, 'colsample_bytree': 0.5061065111654228, 'gamma': 0.4345122515391795, 'reg_alpha': 0.3274269788738535, 'reg_lambda': 3.305395300846241}. Best is trial 355 with value: 0.031237053151983718.
[I 2025-08-01 10:13:30,242] Trial 946 finished with value: 0.05423537344045226 and parameters: {'min_abs_corr': 0.04284460038911177, 'max_pair_corr': 0.9749634516381951, 'n_estimators': 790, 'learning_rate': 0.18212309168823115, 'max_depth': 19, 'min_child_weight': 4.159481972971462, 'subsample': 0.6362429131621992, 'colsample_bytree': 0.4961208560599512, 'gamma': 0.1649166315746808, 'reg_alpha': 0.35833795612194025, 'reg_lambda': 4.0571877918286745}. Best is trial 355 with value: 0.031237053151983718.
[I 2025-08-01 10:13:32,754] Trial 947 finished with value: 0.04853225414319047 and parameters: {'min_abs_corr': 0.024715453455508084, 'max_pair_corr': 0.9766311991770106, 'n_estimators': 1336, 'learning_rate': 0.0175502622687722, 'max_depth': 18, 'min_child_weight': 10.819696059119137, 'subsample': 0.6460855531996756, 'colsample_bytree': 0.4765366787256642, 'gamma': 0.09621003771980303, 'reg_alpha': 0.1958251693300087, 'reg_lambda': 3.847504228427847}. Best is trial 355 with value: 0.031237053151983718.
[I 2025-08-01 10:13:37,807] Trial 948 finished with value: 0.032764432636840174 and parameters: {'min_abs_corr': 0.04946507748235856, 'max_pair_corr': 0.9730342792483887, 'n_estimators': 720, 'learning_rate': 0.021486452652542475, 'max_depth': 15, 'min_child_weight': 2.842426392545781, 'subsample': 0.6276914366137467, 'colsample_bytree': 0.4906157333100448, 'gamma': 0.00026883149379377917, 'reg_alpha': 0.28407552482683535, 'reg_lambda': 3.482793730927235}. Best is trial 355 with value: 0.031237053151983718.
[I 2025-08-01 10:13:39,657] Trial 949 finished with value: 0.059817270024880645 and parameters: {'min_abs_corr': 0.02194609910586276, 'max_pair_corr': 0.9755850400999059, 'n_estimators': 851, 'learning_rate': 0.017356208907831686, 'max_depth': 17, 'min_child_weight': 4.150851743685694, 'subsample': 0.6340566171581359, 'colsample_bytree': 0.5151997381958661, 'gamma': 0.2797314490801167, 'reg_alpha': 0.24218527811604385, 'reg_lambda': 2.911969147142176}. Best is trial 355 with value: 0.031237053151983718.
[I 2025-08-01 10:13:41,093] Trial 950 finished with value: 0.08596126509134572 and parameters: {'min_abs_corr': 0.024282846897891456, 'max_pair_corr': 0.9711838909980889, 'n_estimators': 808, 'learning_rate': 0.02073917668254011, 'max_depth': 14, 'min_child_weight': 0.07347275389129536, 'subsample': 0.6469191844876464, 'colsample_bytree': 0.5042583842893162, 'gamma': 1.1166364082236129, 'reg_alpha': 0.1595058938289036, 'reg_lambda': 2.4776021373460955}. Best is trial 355 with value: 0.031237053151983718.
[I 2025-08-01 10:13:42,972] Trial 951 finished with value: 0.049801788635237154 and parameters: {'min_abs_corr': 0.025796114673205847, 'max_pair_corr': 0.9778817126528679, 'n_estimators': 773, 'learning_rate': 0.016152331822585263, 'max_depth': 20, 'min_child_weight': 5.957152932849654, 'subsample': 0.6380774530921683, 'colsample_bytree': 0.5181834697171931, 'gamma': 0.09539271299626638, 'reg_alpha': 0.3997342039639381, 'reg_lambda': 2.112968407598369}. Best is trial 355 with value: 0.031237053151983718.
[I 2025-08-01 10:13:44,886] Trial 952 finished with value: 0.05382873877996085 and parameters: {'min_abs_corr': 0.020521315117077468, 'max_pair_corr': 0.9761646261072353, 'n_estimators': 1015, 'learning_rate': 0.01957060840966479, 'max_depth': 19, 'min_child_weight': 21.384703917782105, 'subsample': 0.6256057766936046, 'colsample_bytree': 0.4830127055061495, 'gamma': 0.16252344160590196, 'reg_alpha': 0.17055700627295792, 'reg_lambda': 1.9059790256877704}. Best is trial 355 with value: 0.031237053151983718.
[I 2025-08-01 10:13:48,718] Trial 953 finished with value: 0.032389035244821965 and parameters: {'min_abs_corr': 0.02325863015218169, 'max_pair_corr': 0.9739551023620971, 'n_estimators': 759, 'learning_rate': 0.0239964113672755, 'max_depth': 16, 'min_child_weight': 4.104417516108904, 'subsample': 0.6526474911980187, 'colsample_bytree': 0.49874352856330756, 'gamma': 0.0020442428949564223, 'reg_alpha': 0.09575335995868131, 'reg_lambda': 3.146254430943382}. Best is trial 355 with value: 0.031237053151983718.
[I 2025-08-01 10:13:51,875] Trial 954 finished with value: 0.06561346652299165 and parameters: {'min_abs_corr': 0.02744675341094515, 'max_pair_corr': 0.9784864006943292, 'n_estimators': 648, 'learning_rate': 0.0017918346352195674, 'max_depth': 17, 'min_child_weight': 7.549366831247954, 'subsample': 0.64363057689961, 'colsample_bytree': 0.4670373357846513, 'gamma': 0.09124436595768806, 'reg_alpha': 0.27403930697767565, 'reg_lambda': 2.6815578026636966}. Best is trial 355 with value: 0.031237053151983718.
[I 2025-08-01 10:13:53,428] Trial 955 finished with value: 0.05874623903478856 and parameters: {'min_abs_corr': 0.02521466433023861, 'max_pair_corr': 0.9719704293955995, 'n_estimators': 835, 'learning_rate': 0.016328912115779234, 'max_depth': 18, 'min_child_weight': 3.0346954110551425, 'subsample': 0.6504452660285541, 'colsample_bytree': 0.48487187532368836, 'gamma': 0.2496608880583776, 'reg_alpha': 0.10066117567679402, 'reg_lambda': 4.825062854803097}. Best is trial 355 with value: 0.031237053151983718.
[I 2025-08-01 10:13:55,089] Trial 956 finished with value: 0.06702927200844548 and parameters: {'min_abs_corr': 0.02201262766894771, 'max_pair_corr': 0.9762497934251688, 'n_estimators': 733, 'learning_rate': 0.014133982205840279, 'max_depth': 18, 'min_child_weight': 0.05593829398828656, 'subsample': 0.6702055940041459, 'colsample_bytree': 0.5154101771938424, 'gamma': 0.17446648097752576, 'reg_alpha': 2.3375823868572487, 'reg_lambda': 2.350564018903079}. Best is trial 355 with value: 0.031237053151983718.
[I 2025-08-01 10:13:56,813] Trial 957 finished with value: 0.04857098469074737 and parameters: {'min_abs_corr': 0.028186099709672834, 'max_pair_corr': 0.9790920650533825, 'n_estimators': 685, 'learning_rate': 0.017580282296250607, 'max_depth': 16, 'min_child_weight': 1.3106961079002413, 'subsample': 0.6339168461060488, 'colsample_bytree': 0.4735968388278252, 'gamma': 0.0928415867326747, 'reg_alpha': 0.17080240590804702, 'reg_lambda': 3.980661818512551}. Best is trial 355 with value: 0.031237053151983718.
[I 2025-08-01 10:14:01,266] Trial 958 finished with value: 0.03197996438610209 and parameters: {'min_abs_corr': 0.03254374286316022, 'max_pair_corr': 0.9575265137440363, 'n_estimators': 802, 'learning_rate': 0.030605011087583546, 'max_depth': 20, 'min_child_weight': 5.002675042893652, 'subsample': 0.6564359130481364, 'colsample_bytree': 0.5255226122005128, 'gamma': 0.0011607049410369543, 'reg_alpha': 0.0023077774562119124, 'reg_lambda': 4.2356723894803885}. Best is trial 355 with value: 0.031237053151983718.
[I 2025-08-01 10:14:02,801] Trial 959 finished with value: 0.06318302538628061 and parameters: {'min_abs_corr': 0.030610052527197357, 'max_pair_corr': 0.9615738036685011, 'n_estimators': 797, 'learning_rate': 0.026257498025823424, 'max_depth': 20, 'min_child_weight': 6.833735054787096, 'subsample': 0.6592708832215665, 'colsample_bytree': 0.5109296498821042, 'gamma': 0.35825732331400884, 'reg_alpha': 0.08609932520814895, 'reg_lambda': 4.44960776638722}. Best is trial 355 with value: 0.031237053151983718.
[I 2025-08-01 10:14:04,098] Trial 960 finished with value: 0.09084024808608941 and parameters: {'min_abs_corr': 0.03626098930228778, 'max_pair_corr': 0.9565917978039006, 'n_estimators': 790, 'learning_rate': 0.027231263256688492, 'max_depth': 20, 'min_child_weight': 5.063938133576162, 'subsample': 0.6639235209278722, 'colsample_bytree': 0.5058686482548879, 'gamma': 1.398501380258548, 'reg_alpha': 0.00037689156438654886, 'reg_lambda': 4.630035525239927}. Best is trial 355 with value: 0.031237053151983718.
[I 2025-08-01 10:14:09,205] Trial 961 finished with value: 0.030916594053460866 and parameters: {'min_abs_corr': 0.03244859670597081, 'max_pair_corr': 0.9740347033698019, 'n_estimators': 756, 'learning_rate': 0.034899400237084, 'max_depth': 20, 'min_child_weight': 2.5552201927042684, 'subsample': 0.6470034741452673, 'colsample_bytree': 0.5189064312595789, 'gamma': 0.000624505105024267, 'reg_alpha': 0.0004807393114970612, 'reg_lambda': 4.562718646839835}. Best is trial 961 with value: 0.030916594053460866.
[I 2025-08-01 10:14:10,752] Trial 962 finished with value: 0.0526284181318893 and parameters: {'min_abs_corr': 0.03318664515346051, 'max_pair_corr': 0.971080586855379, 'n_estimators': 716, 'learning_rate': 0.030892274239133308, 'max_depth': 20, 'min_child_weight': 4.307614028626727, 'subsample': 0.6615185838386212, 'colsample_bytree': 0.5243106697857703, 'gamma': 0.16836760541410814, 'reg_alpha': 0.07560111309124087, 'reg_lambda': 4.451541515634764}. Best is trial 961 with value: 0.030916594053460866.
[I 2025-08-01 10:14:13,514] Trial 963 finished with value: 0.03270544842585451 and parameters: {'min_abs_corr': 0.03294022968804247, 'max_pair_corr': 0.9730264113275592, 'n_estimators': 740, 'learning_rate': 0.05086446772718559, 'max_depth': 20, 'min_child_weight': 2.2540789649139437, 'subsample': 0.6783693132475344, 'colsample_bytree': 0.5200779189878546, 'gamma': 0.0014927969255122426, 'reg_alpha': 0.1702550689409394, 'reg_lambda': 4.134741308285963}. Best is trial 961 with value: 0.030916594053460866.
[I 2025-08-01 10:14:15,023] Trial 964 finished with value: 0.04761752449526716 and parameters: {'min_abs_corr': 0.035183774698215486, 'max_pair_corr': 0.9726664388810976, 'n_estimators': 705, 'learning_rate': 0.03451402546511629, 'max_depth': 20, 'min_child_weight': 2.916692557115839, 'subsample': 0.653397793541572, 'colsample_bytree': 0.5226318891109367, 'gamma': 0.0924338162366851, 'reg_alpha': 0.08544293310646434, 'reg_lambda': 4.263650431793405}. Best is trial 961 with value: 0.030916594053460866.
[I 2025-08-01 10:14:16,678] Trial 965 finished with value: 0.055645065676229566 and parameters: {'min_abs_corr': 0.0339073602853968, 'max_pair_corr': 0.9737878961638583, 'n_estimators': 766, 'learning_rate': 0.02934077220707357, 'max_depth': 20, 'min_child_weight': 3.851528201073863, 'subsample': 0.6783492767232472, 'colsample_bytree': 0.5305288179475679, 'gamma': 0.23160754278624557, 'reg_alpha': 0.007754595070689676, 'reg_lambda': 4.562847595012852}. Best is trial 961 with value: 0.030916594053460866.
[I 2025-08-01 10:14:18,460] Trial 966 finished with value: 0.04860324766641818 and parameters: {'min_abs_corr': 0.03615708020329758, 'max_pair_corr': 0.9707524284666871, 'n_estimators': 747, 'learning_rate': 0.031022561722823888, 'max_depth': 19, 'min_child_weight': 0.0482629461179543, 'subsample': 0.6572755677758602, 'colsample_bytree': 0.5136611160192621, 'gamma': 0.09320219060320606, 'reg_alpha': 0.19640033787402847, 'reg_lambda': 4.372716930208955}. Best is trial 961 with value: 0.030916594053460866.
[I 2025-08-01 10:14:21,457] Trial 967 finished with value: 0.032691532625782206 and parameters: {'min_abs_corr': 0.0351525177388114, 'max_pair_corr': 0.9712094486584568, 'n_estimators': 751, 'learning_rate': 0.06356358457984759, 'max_depth': 20, 'min_child_weight': 2.610631027608913, 'subsample': 0.6660023996710477, 'colsample_bytree': 0.525189419311532, 'gamma': 0.0007151600890445283, 'reg_alpha': 0.08323668471058798, 'reg_lambda': 4.26438842594007}. Best is trial 961 with value: 0.030916594053460866.
[I 2025-08-01 10:14:22,959] Trial 968 finished with value: 0.05197619224126802 and parameters: {'min_abs_corr': 0.03035747338764925, 'max_pair_corr': 0.9580972678520382, 'n_estimators': 728, 'learning_rate': 0.02395038896410794, 'max_depth': 20, 'min_child_weight': 2.997133423312882, 'subsample': 0.6718139292263531, 'colsample_bytree': 0.5078154122780497, 'gamma': 0.14729622056451522, 'reg_alpha': 0.005884106460537031, 'reg_lambda': 4.662179352508226}. Best is trial 961 with value: 0.030916594053460866.
