[I 2025-08-01 10:05:31,414] Trial 801 finished with value: 0.09431074243388696 and parameters: {'min_abs_corr': 0.09161602010913308, 'max_pair_corr': 0.9883300491265313, 'n_estimators': 778, 'learning_rate': 0.012103394453226026, 'max_depth': 16, 'min_child_weight': 0.16935006665358085, 'subsample': 0.5106336949597057, 'colsample_bytree': 0.548401429501292, 'gamma': 0.4075644562764677, 'reg_alpha': 3.805925150297404, 'reg_lambda': 0.8643880128048644}. Best is trial 355 with value: 0.031237053151983718.
[I 2025-08-01 10:05:33,198] Trial 802 finished with value: 0.06168748548660576 and parameters: {'min_abs_corr': 0.02266046055387717, 'max_pair_corr': 0.9899581824584321, 'n_estimators': 868, 'learning_rate': 0.016400796096032417, 'max_depth': 19, 'min_child_weight': 0.08261635698115243, 'subsample': 0.5405185548587388, 'colsample_bytree': 0.5152386775559744, 'gamma': 0.3031916171425839, 'reg_alpha': 0.1935012846679235, 'reg_lambda': 1.6811467634071506}. Best is trial 355 with value: 0.031237053151983718.
[I 2025-08-01 10:05:42,641] Trial 803 finished with value: 0.03369638927267407 and parameters: {'min_abs_corr': 0.062322263997284306, 'max_pair_corr': 0.9868445912896706, 'n_estimators': 807, 'learning_rate': 0.006317985299256635, 'max_depth': 17, 'min_child_weight': 0.3273969269935019, 'subsample': 0.5215922427886426, 'colsample_bytree': 0.45416486592800914, 'gamma': 0.0015698888811178301, 'reg_alpha': 0.08364533401522231, 'reg_lambda': 0.9828551390848657}. Best is trial 355 with value: 0.031237053151983718.
[I 2025-08-01 10:05:45,088] Trial 804 finished with value: 0.10954942931511469 and parameters: {'min_abs_corr': 0.028639068097818254, 'max_pair_corr': 0.9772671300954803, 'n_estimators': 1458, 'learning_rate': 0.007696314100642433, 'max_depth': 19, 'min_child_weight': 0.22278886778258483, 'subsample': 0.5723890076885043, 'colsample_bytree': 0.5910251713792383, 'gamma': 4.504694395126323, 'reg_alpha': 0.0002801250489987972, 'reg_lambda': 1.424000449399667}. Best is trial 355 with value: 0.031237053151983718.
[I 2025-08-01 10:05:52,032] Trial 805 finished with value: 0.03446209263238414 and parameters: {'min_abs_corr': 0.02419878953138578, 'max_pair_corr': 0.9836486183538777, 'n_estimators': 760, 'learning_rate': 0.01321332519051843, 'max_depth': 18, 'min_child_weight': 0.14143260092226656, 'subsample': 0.5441077483043227, 'colsample_bytree': 0.43610956330944745, 'gamma': 0.0009356214694649612, 'reg_alpha': 0.32684692846932906, 'reg_lambda': 4.841453808636938}. Best is trial 355 with value: 0.031237053151983718.
[I 2025-08-01 10:05:54,111] Trial 806 finished with value: 0.05305852258760564 and parameters: {'min_abs_corr': 0.018951406150624052, 'max_pair_corr': 0.9860366558976191, 'n_estimators': 692, 'learning_rate': 0.01039802236847752, 'max_depth': 17, 'min_child_weight': 0.1072966332891261, 'subsample': 0.6453470359116942, 'colsample_bytree': 0.4772558606730391, 'gamma': 0.16125987221545082, 'reg_alpha': 0.16647525834648758, 'reg_lambda': 0.7482719017691989}. Best is trial 355 with value: 0.031237053151983718.
[I 2025-08-01 10:05:57,221] Trial 807 finished with value: 0.03412999042850724 and parameters: {'min_abs_corr': 0.058409106166858384, 'max_pair_corr': 0.9652738499045173, 'n_estimators': 329, 'learning_rate': 0.017907282456165612, 'max_depth': 16, 'min_child_weight': 0.0617811017346746, 'subsample': 0.5535578819792808, 'colsample_bytree': 0.5295842574648653, 'gamma': 0.0019150986156312299, 'reg_alpha': 0.09530087721521951, 'reg_lambda': 1.5948770638017884}. Best is trial 355 with value: 0.031237053151983718.
[I 2025-08-01 10:06:13,226] Trial 808 finished with value: 0.03269046868650873 and parameters: {'min_abs_corr': 0.03038144693742651, 'max_pair_corr': 0.9808570517046074, 'n_estimators': 845, 'learning_rate': 0.00834816295834446, 'max_depth': 18, 'min_child_weight': 0.1879470984776341, 'subsample': 0.5246782846336696, 'colsample_bytree': 0.5594823917307316, 'gamma': 5.159399356249156e-05, 'reg_alpha': 0.1820069782432526, 'reg_lambda': 1.268373066342373}. Best is trial 355 with value: 0.031237053151983718.
[I 2025-08-01 10:06:14,538] Trial 809 finished with value: 0.05518682987094394 and parameters: {'min_abs_corr': 0.07645698136126394, 'max_pair_corr': 0.947539426299679, 'n_estimators': 794, 'learning_rate': 0.02114162483177627, 'max_depth': 19, 'min_child_weight': 0.2913965269272645, 'subsample': 0.5895728778738676, 'colsample_bytree': 0.503048026825212, 'gamma': 0.19378199596638812, 'reg_alpha': 0.08736993573441072, 'reg_lambda': 0.6283008731429978}. Best is trial 355 with value: 0.031237053151983718.
[I 2025-08-01 10:06:16,530] Trial 810 finished with value: 0.050596540368429255 and parameters: {'min_abs_corr': 0.0221040541343163, 'max_pair_corr': 0.9784320467928341, 'n_estimators': 714, 'learning_rate': 0.015902464224191778, 'max_depth': 17, 'min_child_weight': 0.08885992579699903, 'subsample': 0.5331066552866753, 'colsample_bytree': 0.5715756654188807, 'gamma': 0.09682415926738175, 'reg_alpha': 0.2698235853504092, 'reg_lambda': 4.996110939901656}. Best is trial 355 with value: 0.031237053151983718.
[I 2025-08-01 10:06:18,325] Trial 811 finished with value: 0.065914728384508 and parameters: {'min_abs_corr': 0.02624189660288348, 'max_pair_corr': 0.982444844762046, 'n_estimators': 827, 'learning_rate': 0.011641233219929967, 'max_depth': 19, 'min_child_weight': 0.0011049539362757122, 'subsample': 0.5077478049873527, 'colsample_bytree': 0.4003821088460273, 'gamma': 0.15886784005517604, 'reg_alpha': 1.7797895874989222, 'reg_lambda': 0.8932684551364588}. Best is trial 355 with value: 0.031237053151983718.
[I 2025-08-01 10:06:20,186] Trial 812 finished with value: 0.057089518013712134 and parameters: {'min_abs_corr': 0.02753113663931678, 'max_pair_corr': 0.9853479955461968, 'n_estimators': 747, 'learning_rate': 0.014476834532910836, 'max_depth': 18, 'min_child_weight': 0.12379496421752695, 'subsample': 0.6584001800929974, 'colsample_bytree': 0.5444223129584209, 'gamma': 0.2581473848187166, 'reg_alpha': 0.0007181339354861618, 'reg_lambda': 2.490471114610717}. Best is trial 355 with value: 0.031237053151983718.
[I 2025-08-01 10:06:21,655] Trial 813 finished with value: 0.08703260818731033 and parameters: {'min_abs_corr': 0.024112011344876418, 'max_pair_corr': 0.9758003032997732, 'n_estimators': 871, 'learning_rate': 0.006799301987824156, 'max_depth': 17, 'min_child_weight': 0.16821897732149493, 'subsample': 0.5602153768144313, 'colsample_bytree': 0.4662807649492421, 'gamma': 1.0207734957778498, 'reg_alpha': 0.08079643098561115, 'reg_lambda': 2.320961160426775}. Best is trial 355 with value: 0.031237053151983718.
[I 2025-08-01 10:06:23,771] Trial 814 finished with value: 0.05032192650332175 and parameters: {'min_abs_corr': 0.021128468466129164, 'max_pair_corr': 0.9625661179573237, 'n_estimators': 778, 'learning_rate': 0.009554756906344775, 'max_depth': 16, 'min_child_weight': 0.15029965447245602, 'subsample': 0.5452952715322841, 'colsample_bytree': 0.4909554362212809, 'gamma': 0.10181560299795962, 'reg_alpha': 0.18112193876653832, 'reg_lambda': 0.8028701152091223}. Best is trial 355 with value: 0.031237053151983718.
[I 2025-08-01 10:06:26,500] Trial 815 finished with value: 0.046911177813948324 and parameters: {'min_abs_corr': 0.025517365643504174, 'max_pair_corr': 0.9833614792233786, 'n_estimators': 808, 'learning_rate': 0.013407566313292953, 'max_depth': 19, 'min_child_weight': 0.22390488367958641, 'subsample': 0.6748442708372538, 'colsample_bytree': 0.5818183560792011, 'gamma': 0.08985910998295417, 'reg_alpha': 0.08971561519849482, 'reg_lambda': 2.166129055964185}. Best is trial 355 with value: 0.031237053151983718.
[I 2025-08-01 10:06:28,627] Trial 816 finished with value: 0.04984491203813019 and parameters: {'min_abs_corr': 0.05536624784378809, 'max_pair_corr': 0.9879053476325644, 'n_estimators': 837, 'learning_rate': 0.025933517277526363, 'max_depth': 18, 'min_child_weight': 0.07472013282566976, 'subsample': 0.5176642055962303, 'colsample_bytree': 0.6676500503083724, 'gamma': 0.09172166680985237, 'reg_alpha': 0.36313205663652937, 'reg_lambda': 1.0972127137453085}. Best is trial 355 with value: 0.031237053151983718.
[I 2025-08-01 10:06:30,214] Trial 817 finished with value: 0.05773999948544628 and parameters: {'min_abs_corr': 0.023254921598815606, 'max_pair_corr': 0.9680384091704788, 'n_estimators': 864, 'learning_rate': 0.020002118739166498, 'max_depth': 17, 'min_child_weight': 1.3955062462436405, 'subsample': 0.5328184165016986, 'colsample_bytree': 0.5162849792998235, 'gamma': 0.22934443529513526, 'reg_alpha': 0.004808267091114982, 'reg_lambda': 1.7441136091330012}. Best is trial 355 with value: 0.031237053151983718.
[I 2025-08-01 10:06:31,860] Trial 818 finished with value: 0.06117880648311573 and parameters: {'min_abs_corr': 0.05174765405660736, 'max_pair_corr': 0.9804012509523033, 'n_estimators': 792, 'learning_rate': 0.01051535213213583, 'max_depth': 18, 'min_child_weight': 0.11563522974400896, 'subsample': 0.6337809054992443, 'colsample_bytree': 0.5527601579709458, 'gamma': 0.3266218681405034, 'reg_alpha': 0.0018329679735398854, 'reg_lambda': 1.510662777878377}. Best is trial 355 with value: 0.031237053151983718.
[I 2025-08-01 10:06:34,157] Trial 819 finished with value: 0.056598740143818715 and parameters: {'min_abs_corr': 0.02993469034254153, 'max_pair_corr': 0.9859264518668353, 'n_estimators': 765, 'learning_rate': 0.008630750406725967, 'max_depth': 18, 'min_child_weight': 0.4581512342223507, 'subsample': 0.5122320216749193, 'colsample_bytree': 0.5376719959072328, 'gamma': 0.16722432727397926, 'reg_alpha': 0.26011403783063874, 'reg_lambda': 4.685960179309557}. Best is trial 355 with value: 0.031237053151983718.
[I 2025-08-01 10:06:37,917] Trial 820 finished with value: 0.034149894713040786 and parameters: {'min_abs_corr': 0.061384983472652525, 'max_pair_corr': 0.9784462369055413, 'n_estimators': 822, 'learning_rate': 0.017269583060345057, 'max_depth': 19, 'min_child_weight': 0.10062225072521994, 'subsample': 0.5507042947719919, 'colsample_bytree': 0.4234715649439809, 'gamma': 0.003186008657271488, 'reg_alpha': 0.16982471859831622, 'reg_lambda': 0.9683529755535059}. Best is trial 355 with value: 0.031237053151983718.
[I 2025-08-01 10:06:43,928] Trial 821 finished with value: 0.03366544934255509 and parameters: {'min_abs_corr': 0.027060931220193762, 'max_pair_corr': 0.9641749500865455, 'n_estimators': 874, 'learning_rate': 0.011943910825770461, 'max_depth': 17, 'min_child_weight': 0.26091278527159384, 'subsample': 0.5244103925238214, 'colsample_bytree': 0.50422336401752, 'gamma': 0.0020718844991327915, 'reg_alpha': 0.16256196328480987, 'reg_lambda': 1.4126475953929267}. Best is trial 355 with value: 0.031237053151983718.
[I 2025-08-01 10:06:45,893] Trial 822 finished with value: 0.04812235420717387 and parameters: {'min_abs_corr': 0.020145332952393673, 'max_pair_corr': 0.9748543556791147, 'n_estimators': 732, 'learning_rate': 0.014366601184422635, 'max_depth': 19, 'min_child_weight': 0.7517930199021936, 'subsample': 0.5699376911253424, 'colsample_bytree': 0.4808274063352649, 'gamma': 0.09516692291209536, 'reg_alpha': 0.08166412081275111, 'reg_lambda': 0.6941625222061206}. Best is trial 355 with value: 0.031237053151983718.
[I 2025-08-01 10:06:47,815] Trial 823 finished with value: 0.05427982515395659 and parameters: {'min_abs_corr': 0.02493844322660015, 'max_pair_corr': 0.9820885177973258, 'n_estimators': 846, 'learning_rate': 0.02269626410148521, 'max_depth': 16, 'min_child_weight': 0.18467094610631518, 'subsample': 0.5408448677585582, 'colsample_bytree': 0.5644378760846344, 'gamma': 0.19034693655946966, 'reg_alpha': 0.004496880736342523, 'reg_lambda': 1.8129234467183022}. Best is trial 355 with value: 0.031237053151983718.
[I 2025-08-01 10:06:49,830] Trial 824 finished with value: 0.051714910620192976 and parameters: {'min_abs_corr': 0.06454248287999394, 'max_pair_corr': 0.9247429666216795, 'n_estimators': 798, 'learning_rate': 0.007228861182407515, 'max_depth': 18, 'min_child_weight': 0.13736481119907804, 'subsample': 0.5320268574866873, 'colsample_bytree': 0.4464208856901375, 'gamma': 0.08923601814670991, 'reg_alpha': 0.258200432424975, 'reg_lambda': 4.320524685665812}. Best is trial 355 with value: 0.031237053151983718.
[I 2025-08-01 10:06:53,731] Trial 825 finished with value: 0.047319727863188624 and parameters: {'min_abs_corr': 0.05792746137660577, 'max_pair_corr': 0.9845215630875852, 'n_estimators': 821, 'learning_rate': 0.016130398566116918, 'max_depth': 17, 'min_child_weight': 0.3758082997908847, 'subsample': 0.5595414794722082, 'colsample_bytree': 0.5247465289690412, 'gamma': 0.002296330551188023, 'reg_alpha': 2.2242289478720427, 'reg_lambda': 1.6514625802609297}. Best is trial 355 with value: 0.031237053151983718.
[I 2025-08-01 10:06:55,459] Trial 826 finished with value: 0.06606834087392045 and parameters: {'min_abs_corr': 0.02844313017596747, 'max_pair_corr': 0.9869135894635905, 'n_estimators': 768, 'learning_rate': 0.012552947117233914, 'max_depth': 19, 'min_child_weight': 0.09454400927437845, 'subsample': 0.6429004365795089, 'colsample_bytree': 0.4590753328842619, 'gamma': 0.45212900879897644, 'reg_alpha': 0.0020123338524053996, 'reg_lambda': 0.5538550222563625}. Best is trial 355 with value: 0.031237053151983718.
[I 2025-08-01 10:06:57,451] Trial 827 finished with value: 0.06005588472025345 and parameters: {'min_abs_corr': 0.02399779316831293, 'max_pair_corr': 0.9420503779217224, 'n_estimators': 882, 'learning_rate': 0.009193315652588926, 'max_depth': 16, 'min_child_weight': 0.14749364149234248, 'subsample': 0.5169308063049725, 'colsample_bytree': 0.5748238262534922, 'gamma': 0.23927827325598774, 'reg_alpha': 0.14976998289921667, 'reg_lambda': 1.1752460958745536}. Best is trial 355 with value: 0.031237053151983718.
[I 2025-08-01 10:06:59,268] Trial 828 finished with value: 0.05073060031194576 and parameters: {'min_abs_corr': 0.03262178417745325, 'max_pair_corr': 0.9066721429166907, 'n_estimators': 605, 'learning_rate': 0.010695107506413823, 'max_depth': 17, 'min_child_weight': 0.9441672898979276, 'subsample': 0.5407654241753538, 'colsample_bytree': 0.5526231672578324, 'gamma': 0.09796424143041779, 'reg_alpha': 0.09417595561249097, 'reg_lambda': 0.8128149897418353}. Best is trial 355 with value: 0.031237053151983718.
[I 2025-08-01 10:07:01,293] Trial 829 finished with value: 0.052186408861120116 and parameters: {'min_abs_corr': 0.022377296437285095, 'max_pair_corr': 0.9661553873680871, 'n_estimators': 1003, 'learning_rate': 0.019317203158573066, 'max_depth': 10, 'min_child_weight': 0.20658451934396205, 'subsample': 0.5790500427709309, 'colsample_bytree': 0.4923639919608633, 'gamma': 0.15617159084984408, 'reg_alpha': 0.0013886138781111085, 'reg_lambda': 1.3003842131206276}. Best is trial 355 with value: 0.031237053151983718.
[I 2025-08-01 10:07:02,431] Trial 830 finished with value: 0.10953262154250129 and parameters: {'min_abs_corr': 0.039410022941534235, 'max_pair_corr': 0.9767365848419834, 'n_estimators': 708, 'learning_rate': 0.013315987191560458, 'max_depth': 18, 'min_child_weight': 0.06894957347016302, 'subsample': 0.5502314657873715, 'colsample_bytree': 0.5976806887732358, 'gamma': 3.2846193008676288, 'reg_alpha': 0.32771214894066214, 'reg_lambda': 1.5022370710352466}. Best is trial 355 with value: 0.031237053151983718.
[I 2025-08-01 10:07:03,996] Trial 831 finished with value: 0.10955040465619217 and parameters: {'min_abs_corr': 0.017520470171680545, 'max_pair_corr': 0.980263506423032, 'n_estimators': 850, 'learning_rate': 0.015417806432482539, 'max_depth': 17, 'min_child_weight': 0.11250203261198773, 'subsample': 0.5286787383459065, 'colsample_bytree': 0.5323549383960456, 'gamma': 3.710671418904738, 'reg_alpha': 0.22628665265923822, 'reg_lambda': 2.383914500384197}. Best is trial 355 with value: 0.031237053151983718.
[I 2025-08-01 10:07:06,026] Trial 832 finished with value: 0.0642151397074097 and parameters: {'min_abs_corr': 0.026731223485126493, 'max_pair_corr': 0.9881749690735219, 'n_estimators': 745, 'learning_rate': 0.008407816205125887, 'max_depth': 19, 'min_child_weight': 0.5825459420428296, 'subsample': 0.5082993110340834, 'colsample_bytree': 0.5084957284741353, 'gamma': 0.32083328679157214, 'reg_alpha': 0.1474639389832642, 'reg_lambda': 2.271873611129652}. Best is trial 355 with value: 0.031237053151983718.
[I 2025-08-01 10:07:08,560] Trial 833 finished with value: 0.04851263838257834 and parameters: {'min_abs_corr': 0.053654590091980016, 'max_pair_corr': 0.9833445348249469, 'n_estimators': 792, 'learning_rate': 0.011203338551853141, 'max_depth': 18, 'min_child_weight': 0.002139745725244412, 'subsample': 0.5363820603159936, 'colsample_bytree': 0.6287726688992916, 'gamma': 0.09266854644538272, 'reg_alpha': 0.09185748740747557, 'reg_lambda': 1.0170219030217187}. Best is trial 355 with value: 0.031237053151983718.
[I 2025-08-01 10:07:14,105] Trial 834 finished with value: 0.03665567330779461 and parameters: {'min_abs_corr': 0.005015039381409059, 'max_pair_corr': 0.9859399292080219, 'n_estimators': 825, 'learning_rate': 0.009964065596712752, 'max_depth': 19, 'min_child_weight': 0.1651590419472877, 'subsample': 0.5204445135505894, 'colsample_bytree': 0.43959484451630293, 'gamma': 0.0038589118949526923, 'reg_alpha': 0.44182127537615423, 'reg_lambda': 2.760630251059312}. Best is trial 355 with value: 0.031237053151983718.
[I 2025-08-01 10:07:15,719] Trial 835 finished with value: 0.0774730128887217 and parameters: {'min_abs_corr': 0.059999935135291504, 'max_pair_corr': 0.9705146863763168, 'n_estimators': 878, 'learning_rate': 0.00773412222378691, 'max_depth': 18, 'min_child_weight': 0.2862584030648808, 'subsample': 0.5640014756548182, 'colsample_bytree': 0.4703639580181684, 'gamma': 0.2061195710508144, 'reg_alpha': 3.0959419949567013, 'reg_lambda': 4.492775071438895}. Best is trial 355 with value: 0.031237053151983718.
[I 2025-08-01 10:07:21,953] Trial 836 finished with value: 0.03273676413747717 and parameters: {'min_abs_corr': 0.0216723197962519, 'max_pair_corr': 0.974994622335439, 'n_estimators': 670, 'learning_rate': 0.018131231220275566, 'max_depth': 17, 'min_child_weight': 0.0800800820693632, 'subsample': 0.5084525665432963, 'colsample_bytree': 0.5440541368712493, 'gamma': 0.0005705906944394742, 'reg_alpha': 0.23551005899455535, 'reg_lambda': 1.5801009514880187}. Best is trial 355 with value: 0.031237053151983718.
[I 2025-08-01 10:07:34,660] Trial 837 finished with value: 0.03154579959432237 and parameters: {'min_abs_corr': 0.025278452377646952, 'max_pair_corr': 0.9899677701205146, 'n_estimators': 767, 'learning_rate': 0.014989969117246033, 'max_depth': 11, 'min_child_weight': 0.11758021610406225, 'subsample': 0.5501236026673257, 'colsample_bytree': 0.5616499125081231, 'gamma': 0.0003438435093458763, 'reg_alpha': 0.0022068948782561874, 'reg_lambda': 1.772146745357464}. Best is trial 355 with value: 0.031237053151983718.
[I 2025-08-01 10:07:36,889] Trial 838 finished with value: 0.05185421238564188 and parameters: {'min_abs_corr': 0.020370517331068625, 'max_pair_corr': 0.9893992524711519, 'n_estimators': 768, 'learning_rate': 0.013891336814850413, 'max_depth': 15, 'min_child_weight': 0.05131744896324488, 'subsample': 0.6269133171679726, 'colsample_bytree': 0.5514262956639756, 'gamma': 0.1494881915289294, 'reg_alpha': 0.0872272546396203, 'reg_lambda': 1.7976920515652082}. Best is trial 355 with value: 0.031237053151983718.
[I 2025-08-01 10:07:39,603] Trial 839 finished with value: 0.04849994846470331 and parameters: {'min_abs_corr': 0.023849970677602327, 'max_pair_corr': 0.9882719277472507, 'n_estimators': 727, 'learning_rate': 0.012305521714295166, 'max_depth': 6, 'min_child_weight': 0.09095468029645172, 'subsample': 0.5304354896608328, 'colsample_bytree': 0.5586170822709234, 'gamma': 0.09468451347350397, 'reg_alpha': 0.07283152506729068, 'reg_lambda': 1.7455933798386392}. Best is trial 355 with value: 0.031237053151983718.
[I 2025-08-01 10:07:41,713] Trial 840 finished with value: 0.057578484885802014 and parameters: {'min_abs_corr': 0.022661233795228622, 'max_pair_corr': 0.9889173772729757, 'n_estimators': 748, 'learning_rate': 0.014794457430267902, 'max_depth': 12, 'min_child_weight': 0.11220786994660144, 'subsample': 0.5399788414894582, 'colsample_bytree': 0.5426945909785376, 'gamma': 0.2372635997279793, 'reg_alpha': 0.007412429388428091, 'reg_lambda': 1.818612996146932}. Best is trial 355 with value: 0.031237053151983718.
[I 2025-08-01 10:07:44,148] Trial 841 finished with value: 0.04956345839421436 and parameters: {'min_abs_corr': 0.025050641711596242, 'max_pair_corr': 0.9896144210051997, 'n_estimators': 698, 'learning_rate': 0.01282059761006124, 'max_depth': 10, 'min_child_weight': 0.08240564567422508, 'subsample': 0.5005236772045757, 'colsample_bytree': 0.5263965098857906, 'gamma': 0.10954351976619603, 'reg_alpha': 7.389257580197629e-06, 'reg_lambda': 1.8835641732092834}. Best is trial 355 with value: 0.031237053151983718.
[I 2025-08-01 10:07:46,633] Trial 842 finished with value: 0.04780182531750551 and parameters: {'min_abs_corr': 0.018899301399517586, 'max_pair_corr': 0.988021813421534, 'n_estimators': 773, 'learning_rate': 0.015181687987651939, 'max_depth': 16, 'min_child_weight': 0.09741507907146482, 'subsample': 0.5475458625090729, 'colsample_bytree': 0.5634816465912483, 'gamma': 0.07937110608059307, 'reg_alpha': 0.1588333301933254, 'reg_lambda': 1.6481505414665691}. Best is trial 355 with value: 0.031237053151983718.
