[I 2025-08-01 10:03:32,492] Trial 759 finished with value: 0.03395693284123374 and parameters: {'min_abs_corr': 0.05726885153398051, 'max_pair_corr': 0.9446149259612739, 'n_estimators': 704, 'learning_rate': 0.011976383850651763, 'max_depth': 18, 'min_child_weight': 0.6292660577793852, 'subsample': 0.5354432902557326, 'colsample_bytree': 0.43417429907990185, 'gamma': 0.0027966428200788145, 'reg_alpha': 0.09308483030849332, 'reg_lambda': 2.893048055796614}. Best is trial 355 with value: 0.031237053151983718.
[I 2025-08-01 10:03:33,603] Trial 760 finished with value: 0.10343244935522629 and parameters: {'min_abs_corr': 0.0646254240941365, 'max_pair_corr': 0.9829020389612059, 'n_estimators': 739, 'learning_rate': 0.008560580820807956, 'max_depth': 16, 'min_child_weight': 0.10124043115202622, 'subsample': 0.5570529624589959, 'colsample_bytree': 0.45042746625500063, 'gamma': 1.913892245613639, 'reg_alpha': 0.1742719989186441, 'reg_lambda': 0.6255259186532427}. Best is trial 355 with value: 0.031237053151983718.
[I 2025-08-01 10:03:35,667] Trial 761 finished with value: 0.052633587085287516 and parameters: {'min_abs_corr': 0.02253616345267769, 'max_pair_corr': 0.9874971754603672, 'n_estimators': 814, 'learning_rate': 0.013970166233385662, 'max_depth': 17, 'min_child_weight': 0.12694301380542367, 'subsample': 0.5449286299117582, 'colsample_bytree': 0.47552594212731025, 'gamma': 0.16072189814240606, 'reg_alpha': 0.003055141031868041, 'reg_lambda': 0.7863706639862502}. Best is trial 355 with value: 0.031237053151983718.
[I 2025-08-01 10:03:37,501] Trial 762 finished with value: 0.06974534849659711 and parameters: {'min_abs_corr': 0.05050451225694611, 'max_pair_corr': 0.9843893046727323, 'n_estimators': 853, 'learning_rate': 0.010661191294516873, 'max_depth': 8, 'min_child_weight': 0.061058299196114725, 'subsample': 0.5703526229252684, 'colsample_bytree': 0.5069519662147944, 'gamma': 0.518335043976278, 'reg_alpha': 0.09042877949229824, 'reg_lambda': 0.4819017572504569}. Best is trial 355 with value: 0.031237053151983718.
[I 2025-08-01 10:03:41,214] Trial 763 finished with value: 0.0765885139993377 and parameters: {'min_abs_corr': 0.04829855974624658, 'max_pair_corr': 0.9796939422189305, 'n_estimators': 813, 'learning_rate': 0.0010713206021961653, 'max_depth': 11, 'min_child_weight': 0.08959472293352908, 'subsample': 0.5144660500874182, 'colsample_bytree': 0.4954975384116557, 'gamma': 0.2645839469235425, 'reg_alpha': 0.0023476642857697817, 'reg_lambda': 1.4484111944729616}. Best is trial 355 with value: 0.031237053151983718.
[I 2025-08-01 10:03:42,325] Trial 764 finished with value: 0.10961775197530588 and parameters: {'min_abs_corr': 0.05857542812438784, 'max_pair_corr': 0.9822232397457207, 'n_estimators': 770, 'learning_rate': 0.009541560495230448, 'max_depth': 18, 'min_child_weight': 0.22278192936403107, 'subsample': 0.5341953479423062, 'colsample_bytree': 0.4823181616642751, 'gamma': 2.7022689845630237, 'reg_alpha': 3.6497044037713122, 'reg_lambda': 1.4013583797935}. Best is trial 355 with value: 0.031237053151983718.
[I 2025-08-01 10:03:51,942] Trial 765 finished with value: 0.06533620158625787 and parameters: {'min_abs_corr': 0.06031551510172039, 'max_pair_corr': 0.985226563610277, 'n_estimators': 720, 'learning_rate': 0.0013935453053287657, 'max_depth': 12, 'min_child_weight': 0.13748268067774166, 'subsample': 0.5230781748708107, 'colsample_bytree': 0.4010558918711449, 'gamma': 0.0013753978940557353, 'reg_alpha': 0.31633298440650803, 'reg_lambda': 1.6004307538699025}. Best is trial 355 with value: 0.031237053151983718.
[I 2025-08-01 10:03:53,536] Trial 766 finished with value: 0.05136522129201783 and parameters: {'min_abs_corr': 0.05653901247965566, 'max_pair_corr': 0.9647544418534593, 'n_estimators': 821, 'learning_rate': 0.016764400426195022, 'max_depth': 17, 'min_child_weight': 0.07362123464911145, 'subsample': 0.6538078099199203, 'colsample_bytree': 0.5175029558842356, 'gamma': 0.11980695514125415, 'reg_alpha': 0.22554807702009627, 'reg_lambda': 4.708377739121005}. Best is trial 355 with value: 0.031237053151983718.
[I 2025-08-01 10:04:02,826] Trial 767 finished with value: 0.03383243012459396 and parameters: {'min_abs_corr': 0.063404459515559, 'max_pair_corr': 0.9787473149390349, 'n_estimators': 854, 'learning_rate': 0.006779689085103234, 'max_depth': 18, 'min_child_weight': 0.1822555725960329, 'subsample': 0.5466410600265773, 'colsample_bytree': 0.45976038401955016, 'gamma': 0.0007730666106088608, 'reg_alpha': 0.15830748667328876, 'reg_lambda': 1.0499150343226706}. Best is trial 355 with value: 0.031237053151983718.
[I 2025-08-01 10:04:05,088] Trial 768 finished with value: 0.048393436604095626 and parameters: {'min_abs_corr': 0.06260245939496902, 'max_pair_corr': 0.9863216549095285, 'n_estimators': 792, 'learning_rate': 0.012100135621463257, 'max_depth': 16, 'min_child_weight': 0.10766188645374912, 'subsample': 0.5575003101268715, 'colsample_bytree': 0.501255290830874, 'gamma': 0.09573112876637482, 'reg_alpha': 0.09333536000893591, 'reg_lambda': 0.9128029106229864}. Best is trial 355 with value: 0.031237053151983718.
[I 2025-08-01 10:04:06,806] Trial 769 finished with value: 0.0567471980967833 and parameters: {'min_abs_corr': 0.05366988502446619, 'max_pair_corr': 0.987795168303804, 'n_estimators': 749, 'learning_rate': 0.014981257957348755, 'max_depth': 19, 'min_child_weight': 1.9799566017133878, 'subsample': 0.5800962366299843, 'colsample_bytree': 0.4288599066426557, 'gamma': 0.23463026593028244, 'reg_alpha': 0.0006258861932416353, 'reg_lambda': 1.222426697267898}. Best is trial 355 with value: 0.031237053151983718.
[I 2025-08-01 10:04:08,030] Trial 770 finished with value: 0.10785226480378148 and parameters: {'min_abs_corr': 0.058005229006936776, 'max_pair_corr': 0.9813025790436273, 'n_estimators': 780, 'learning_rate': 0.007999140134434344, 'max_depth': 18, 'min_child_weight': 0.14957632643500765, 'subsample': 0.5085308207493106, 'colsample_bytree': 0.4437962645011794, 'gamma': 2.1804049528800644, 'reg_alpha': 0.24797897040287847, 'reg_lambda': 1.507654985969122}. Best is trial 355 with value: 0.031237053151983718.
[I 2025-08-01 10:04:10,668] Trial 771 finished with value: 0.04803513175108236 and parameters: {'min_abs_corr': 0.023935439862622362, 'max_pair_corr': 0.9836486676302636, 'n_estimators': 825, 'learning_rate': 0.013093122330323032, 'max_depth': 16, 'min_child_weight': 0.23820400180874393, 'subsample': 0.5275174535265601, 'colsample_bytree': 0.519944733506832, 'gamma': 0.08804893339947516, 'reg_alpha': 0.0948344262307679, 'reg_lambda': 2.2478295524283736}. Best is trial 355 with value: 0.031237053151983718.
[I 2025-08-01 10:04:12,324] Trial 772 finished with value: 0.05330323801993171 and parameters: {'min_abs_corr': 0.07218351207924043, 'max_pair_corr': 0.9849672922126703, 'n_estimators': 852, 'learning_rate': 0.019662113914390888, 'max_depth': 3, 'min_child_weight': 0.9985550457550628, 'subsample': 0.5393819725676016, 'colsample_bytree': 0.49068754775055673, 'gamma': 0.17109103808336779, 'reg_alpha': 0.0021392745750490787, 'reg_lambda': 0.71632369849287}. Best is trial 355 with value: 0.031237053151983718.
[I 2025-08-01 10:04:13,955] Trial 773 finished with value: 0.06622043905845855 and parameters: {'min_abs_corr': 0.021533921128398623, 'max_pair_corr': 0.9636675077365077, 'n_estimators': 793, 'learning_rate': 0.011006586336288792, 'max_depth': 17, 'min_child_weight': 0.09098996612210566, 'subsample': 0.5207936432480504, 'colsample_bytree': 0.46605100738715083, 'gamma': 0.37184952907313845, 'reg_alpha': 0.1651393996472746, 'reg_lambda': 0.9772469385616794}. Best is trial 355 with value: 0.031237053151983718.
[I 2025-08-01 10:04:15,699] Trial 774 finished with value: 0.05244543821075211 and parameters: {'min_abs_corr': 0.04609378882782758, 'max_pair_corr': 0.9798325626102693, 'n_estimators': 532, 'learning_rate': 0.009143479871560781, 'max_depth': 19, 'min_child_weight': 0.11906144761348209, 'subsample': 0.666549630868541, 'colsample_bytree': 0.47880604516069736, 'gamma': 0.1123549388996013, 'reg_alpha': 0.5057036130651827, 'reg_lambda': 1.3239147091695393}. Best is trial 355 with value: 0.031237053151983718.
[I 2025-08-01 10:04:17,207] Trial 775 finished with value: 0.06133292934957355 and parameters: {'min_abs_corr': 0.024669189545593388, 'max_pair_corr': 0.9826434190174743, 'n_estimators': 766, 'learning_rate': 0.017535202188614873, 'max_depth': 17, 'min_child_weight': 0.27691728492759393, 'subsample': 0.5497592102218377, 'colsample_bytree': 0.5088093984123804, 'gamma': 0.2738444842078517, 'reg_alpha': 0.35412352525578455, 'reg_lambda': 1.5821934814621843}. Best is trial 355 with value: 0.031237053151983718.
[I 2025-08-01 10:04:19,359] Trial 776 finished with value: 0.09826750199416912 and parameters: {'min_abs_corr': 0.06069413244782223, 'max_pair_corr': 0.9879804630926088, 'n_estimators': 1353, 'learning_rate': 0.01447890643902278, 'max_depth': 18, 'min_child_weight': 0.1731197342438656, 'subsample': 0.5314378466619017, 'colsample_bytree': 0.45025871087735453, 'gamma': 1.6730718823299897, 'reg_alpha': 0.09845711746230733, 'reg_lambda': 0.6041582355316164}. Best is trial 355 with value: 0.031237053151983718.
[I 2025-08-01 10:04:21,497] Trial 777 finished with value: 0.05521859796709152 and parameters: {'min_abs_corr': 0.05291289391998707, 'max_pair_corr': 0.9866278758238749, 'n_estimators': 729, 'learning_rate': 0.007547267133256272, 'max_depth': 19, 'min_child_weight': 0.7163717209310375, 'subsample': 0.5680364110163604, 'colsample_bytree': 0.5173673390214916, 'gamma': 0.16750685306138405, 'reg_alpha': 0.22324329720321262, 'reg_lambda': 0.8017146421253003}. Best is trial 355 with value: 0.031237053151983718.
[I 2025-08-01 10:04:28,054] Trial 778 finished with value: 0.045420841539126094 and parameters: {'min_abs_corr': 0.05691484068926101, 'max_pair_corr': 0.984146154611288, 'n_estimators': 688, 'learning_rate': 0.006099964416027249, 'max_depth': 17, 'min_child_weight': 0.05287485963433356, 'subsample': 0.515071626661555, 'colsample_bytree': 0.4943985230609806, 'gamma': 0.001457927490368185, 'reg_alpha': 1.134332082285612, 'reg_lambda': 2.450355811757948}. Best is trial 355 with value: 0.031237053151983718.
[I 2025-08-01 10:04:30,302] Trial 779 finished with value: 0.04888200650354132 and parameters: {'min_abs_corr': 0.02298279628997085, 'max_pair_corr': 0.978718809300129, 'n_estimators': 817, 'learning_rate': 0.010225624997704604, 'max_depth': 18, 'min_child_weight': 0.46975916813101226, 'subsample': 0.5404439690206797, 'colsample_bytree': 0.43603892542221473, 'gamma': 0.09500157978864, 'reg_alpha': 0.10753813584111567, 'reg_lambda': 0.8808653968065265}. Best is trial 355 with value: 0.031237053151983718.
[I 2025-08-01 10:04:32,735] Trial 780 finished with value: 0.04702703397067857 and parameters: {'min_abs_corr': 0.020615050670390198, 'max_pair_corr': 0.981206225492158, 'n_estimators': 859, 'learning_rate': 0.012402882068960893, 'max_depth': 19, 'min_child_weight': 0.1504688100320322, 'subsample': 0.5558627028392741, 'colsample_bytree': 0.5265398047592669, 'gamma': 0.09014418237560545, 'reg_alpha': 0.0008405144976747769, 'reg_lambda': 1.1233570668051138}. Best is trial 355 with value: 0.031237053151983718.
[I 2025-08-01 10:04:34,366] Trial 781 finished with value: 0.060269127423410285 and parameters: {'min_abs_corr': 0.0655767997682273, 'max_pair_corr': 0.985434235240246, 'n_estimators': 834, 'learning_rate': 0.016348172393857437, 'max_depth': 10, 'min_child_weight': 0.20735360436190023, 'subsample': 0.5307110933522835, 'colsample_bytree': 0.41252424037189817, 'gamma': 0.25719526577282564, 'reg_alpha': 0.18106796184594254, 'reg_lambda': 1.6850206450479073}. Best is trial 355 with value: 0.031237053151983718.
[I 2025-08-01 10:04:37,544] Trial 782 finished with value: 0.04882474548957094 and parameters: {'min_abs_corr': 0.02522735901969501, 'max_pair_corr': 0.9823385957054772, 'n_estimators': 1500, 'learning_rate': 0.013690457681661794, 'max_depth': 18, 'min_child_weight': 0.10955853720569889, 'subsample': 0.5141988908614042, 'colsample_bytree': 0.48226184374842007, 'gamma': 0.08760151245754864, 'reg_alpha': 0.2818372449102091, 'reg_lambda': 1.5140829010383676}. Best is trial 355 with value: 0.031237053151983718.
[I 2025-08-01 10:04:39,251] Trial 783 finished with value: 0.053674280896703064 and parameters: {'min_abs_corr': 0.05869944675228268, 'max_pair_corr': 0.9881557034350693, 'n_estimators': 657, 'learning_rate': 0.02123006092606421, 'max_depth': 17, 'min_child_weight': 0.07699517567631887, 'subsample': 0.5440588462477491, 'colsample_bytree': 0.47101319621406895, 'gamma': 0.16884625074349754, 'reg_alpha': 0.07979559397012785, 'reg_lambda': 2.3603803991661643}. Best is trial 355 with value: 0.031237053151983718.
[I 2025-08-01 10:04:41,396] Trial 784 finished with value: 0.04852881179961511 and parameters: {'min_abs_corr': 0.06148593918785695, 'max_pair_corr': 0.977463477503442, 'n_estimators': 758, 'learning_rate': 0.008649444122811373, 'max_depth': 19, 'min_child_weight': 0.1200158056092304, 'subsample': 0.5237128287101144, 'colsample_bytree': 0.5087005049974062, 'gamma': 0.08237372383657278, 'reg_alpha': 0.164239700934999, 'reg_lambda': 0.6716917388297511}. Best is trial 355 with value: 0.031237053151983718.
[I 2025-08-01 10:04:42,901] Trial 785 finished with value: 0.054031594285325335 and parameters: {'min_abs_corr': 0.02304585650313728, 'max_pair_corr': 0.9898136813186792, 'n_estimators': 585, 'learning_rate': 0.024225044371959464, 'max_depth': 17, 'min_child_weight': 0.30959960408061576, 'subsample': 0.5007464105740923, 'colsample_bytree': 0.459653829739044, 'gamma': 0.1813363227460216, 'reg_alpha': 0.0018239465530943554, 'reg_lambda': 1.3834176802768359}. Best is trial 355 with value: 0.031237053151983718.
[I 2025-08-01 10:04:44,118] Trial 786 finished with value: 0.07469474826833664 and parameters: {'min_abs_corr': 0.05520500010270223, 'max_pair_corr': 0.9861213645264989, 'n_estimators': 489, 'learning_rate': 0.011031750775344212, 'max_depth': 18, 'min_child_weight': 0.15571279417715414, 'subsample': 0.5651827563718592, 'colsample_bytree': 0.5261223484379979, 'gamma': 0.6290373176721812, 'reg_alpha': 0.09206147757685948, 'reg_lambda': 0.9638200955139804}. Best is trial 355 with value: 0.031237053151983718.
[I 2025-08-01 10:04:46,163] Trial 787 finished with value: 0.05474048063460182 and parameters: {'min_abs_corr': 0.02563302003123076, 'max_pair_corr': 0.984076616578134, 'n_estimators': 805, 'learning_rate': 0.00705879077056818, 'max_depth': 16, 'min_child_weight': 42.72623298272934, 'subsample': 0.509035086566886, 'colsample_bytree': 0.4974179575856263, 'gamma': 0.08914799020668, 'reg_alpha': 0.35257273406771766, 'reg_lambda': 0.8074310155294979}. Best is trial 355 with value: 0.031237053151983718.
[I 2025-08-01 10:04:47,612] Trial 788 finished with value: 0.05825369157852679 and parameters: {'min_abs_corr': 0.06839170172072573, 'max_pair_corr': 0.965879431441188, 'n_estimators': 790, 'learning_rate': 0.01858887647605981, 'max_depth': 18, 'min_child_weight': 0.09279719947499777, 'subsample': 0.5357055550365951, 'colsample_bytree': 0.5360629732457679, 'gamma': 0.24123839385206677, 'reg_alpha': 0.0006290234485801102, 'reg_lambda': 1.6248936508196838}. Best is trial 355 with value: 0.031237053151983718.
[I 2025-08-01 10:04:50,012] Trial 789 finished with value: 0.04778503114872174 and parameters: {'min_abs_corr': 0.020980718838385547, 'max_pair_corr': 0.980283697622652, 'n_estimators': 863, 'learning_rate': 0.015015010361855917, 'max_depth': 19, 'min_child_weight': 0.026157029328537907, 'subsample': 0.5510800581772536, 'colsample_bytree': 0.47871349496381577, 'gamma': 0.0830007245445891, 'reg_alpha': 0.22773679373355785, 'reg_lambda': 1.2224955034972713}. Best is trial 355 with value: 0.031237053151983718.
[I 2025-08-01 10:04:56,233] Trial 790 finished with value: 0.033990302299473016 and parameters: {'min_abs_corr': 0.024509928085627714, 'max_pair_corr': 0.9867741515756678, 'n_estimators': 758, 'learning_rate': 0.009362199221099092, 'max_depth': 17, 'min_child_weight': 0.21683540485757802, 'subsample': 0.6505249885242855, 'colsample_bytree': 0.42588829013195534, 'gamma': 0.0042322032515688945, 'reg_alpha': 0.10148208110644266, 'reg_lambda': 3.0968680510031334}. Best is trial 355 with value: 0.031237053151983718.
[I 2025-08-01 10:05:03,637] Trial 791 finished with value: 0.03263975906071701 and parameters: {'min_abs_corr': 0.02653486412420586, 'max_pair_corr': 0.9828933865481115, 'n_estimators': 828, 'learning_rate': 0.012090729229101644, 'max_depth': 19, 'min_child_weight': 0.13546095785295703, 'subsample': 0.5788444839796165, 'colsample_bytree': 0.5054901221105167, 'gamma': 0.002764229083348949, 'reg_alpha': 7.962802108454035e-05, 'reg_lambda': 0.7107844350651589}. Best is trial 355 with value: 0.031237053151983718.
[I 2025-08-01 10:05:05,204] Trial 792 finished with value: 0.06363632834537775 and parameters: {'min_abs_corr': 0.023625402399304433, 'max_pair_corr': 0.9786961410025442, 'n_estimators': 726, 'learning_rate': 0.016592435687013907, 'max_depth': 10, 'min_child_weight': 0.0706417237800484, 'subsample': 0.5261074039437463, 'colsample_bytree': 0.44820717592788073, 'gamma': 0.3402738542208844, 'reg_alpha': 0.167890483878955, 'reg_lambda': 2.243014250081904}. Best is trial 355 with value: 0.031237053151983718.
[I 2025-08-01 10:05:07,686] Trial 793 finished with value: 0.05616913788501767 and parameters: {'min_abs_corr': 0.019585424842416398, 'max_pair_corr': 0.9846666090183005, 'n_estimators': 803, 'learning_rate': 0.007739531349256349, 'max_depth': 16, 'min_child_weight': 0.18298090417664856, 'subsample': 0.5473984613684287, 'colsample_bytree': 0.5458019482924851, 'gamma': 0.1704520869104891, 'reg_alpha': 0.2646116654282362, 'reg_lambda': 3.6245138121638543}. Best is trial 355 with value: 0.031237053151983718.
[I 2025-08-01 10:05:09,362] Trial 794 finished with value: 0.09297325752986903 and parameters: {'min_abs_corr': 0.021701572106606504, 'max_pair_corr': 0.9629900130194234, 'n_estimators': 843, 'learning_rate': 0.005497558291513378, 'max_depth': 9, 'min_child_weight': 0.09891751360906362, 'subsample': 0.562164820756254, 'colsample_bytree': 0.48921150036299427, 'gamma': 1.278223460223854, 'reg_alpha': 0.08935072095225609, 'reg_lambda': 1.7376942535223319}. Best is trial 355 with value: 0.031237053151983718.
[I 2025-08-01 10:05:13,626] Trial 795 finished with value: 0.03486751278018404 and parameters: {'min_abs_corr': 0.028274372295220576, 'max_pair_corr': 0.9674748559939843, 'n_estimators': 780, 'learning_rate': 0.013238351315335998, 'max_depth': 18, 'min_child_weight': 0.25752318184766715, 'subsample': 0.5370538516430545, 'colsample_bytree': 0.520372844841852, 'gamma': 0.0055512811052058535, 'reg_alpha': 0.16808690992964315, 'reg_lambda': 1.489382619715412}. Best is trial 355 with value: 0.031237053151983718.
[I 2025-08-01 10:05:16,488] Trial 796 finished with value: 0.050547148610645555 and parameters: {'min_abs_corr': 0.02523291089421285, 'max_pair_corr': 0.988345045318422, 'n_estimators': 867, 'learning_rate': 0.010961214472353228, 'max_depth': 19, 'min_child_weight': 0.044424273540266526, 'subsample': 0.5192544552340249, 'colsample_bytree': 0.5334233741288779, 'gamma': 0.09004716760039279, 'reg_alpha': 0.42867519976776824, 'reg_lambda': 1.3514513730506326}. Best is trial 355 with value: 0.031237053151983718.
[I 2025-08-01 10:05:24,059] Trial 797 finished with value: 0.033187476154842174 and parameters: {'min_abs_corr': 0.05632027504951888, 'max_pair_corr': 0.9814088080385805, 'n_estimators': 818, 'learning_rate': 0.010004225561154883, 'max_depth': 17, 'min_child_weight': 0.13449082403207063, 'subsample': 0.5559576052934274, 'colsample_bytree': 0.46795319480549724, 'gamma': 0.0015747995053185947, 'reg_alpha': 0.09755502269122343, 'reg_lambda': 2.5639547031090593}. Best is trial 355 with value: 0.031237053151983718.
[I 2025-08-01 10:05:25,562] Trial 798 finished with value: 0.05910673052335823 and parameters: {'min_abs_corr': 0.026564341507705026, 'max_pair_corr': 0.9761418119674639, 'n_estimators': 741, 'learning_rate': 0.019196424641691235, 'max_depth': 18, 'min_child_weight': 0.4036051572711336, 'subsample': 0.5001686471041029, 'colsample_bytree': 0.4165040578871749, 'gamma': 0.2318854135574941, 'reg_alpha': 0.252731545713341, 'reg_lambda': 1.099215979885264}. Best is trial 355 with value: 0.031237053151983718.
[I 2025-08-01 10:05:27,520] Trial 799 finished with value: 0.051963380156286855 and parameters: {'min_abs_corr': 0.05973740156231477, 'max_pair_corr': 0.9796378634073353, 'n_estimators': 842, 'learning_rate': 0.014450781244617988, 'max_depth': 18, 'min_child_weight': 0.11254487824864, 'subsample': 0.7161367331778575, 'colsample_bytree': 0.5690789457859073, 'gamma': 0.16433797702139738, 'reg_alpha': 0.0950226092094557, 'reg_lambda': 0.5369975112740726}. Best is trial 355 with value: 0.031237053151983718.
[I 2025-08-01 10:05:30,095] Trial 800 finished with value: 0.05301295442560187 and parameters: {'min_abs_corr': 0.07944466361684917, 'max_pair_corr': 0.9844999685446341, 'n_estimators': 1058, 'learning_rate': 0.009012588149297278, 'max_depth': 17, 'min_child_weight': 0.554155819847025, 'subsample': 0.5311705301096082, 'colsample_bytree': 0.4929860062228177, 'gamma': 0.08967200860668385, 'reg_alpha': 0.7454821416458087, 'reg_lambda': 1.5770599098837588}. Best is trial 355 with value: 0.031237053151983718.
