[I 2025-08-01 10:01:05,499] Trial 717 finished with value: 0.04829015021313711 and parameters: {'min_abs_corr': 0.05753512017578993, 'max_pair_corr': 0.9842898810081214, 'n_estimators': 710, 'learning_rate': 0.010079359061504164, 'max_depth': 10, 'min_child_weight': 0.4908038898383766, 'subsample': 0.5007129007585563, 'colsample_bytree': 0.4332658304499269, 'gamma': 0.08660642571432357, 'reg_alpha': 0.0015998866439960906, 'reg_lambda': 3.9392016299652868}. Best is trial 355 with value: 0.031237053151983718.
[I 2025-08-01 10:01:10,580] Trial 718 finished with value: 0.03571173082725085 and parameters: {'min_abs_corr': 0.06533044520188583, 'max_pair_corr': 0.9818683365546815, 'n_estimators': 827, 'learning_rate': 0.007224603224126863, 'max_depth': 18, 'min_child_weight': 3.466424512331455, 'subsample': 0.5379877414366525, 'colsample_bytree': 0.445382578933617, 'gamma': 0.0033343453738683693, 'reg_alpha': 0.31083986014413717, 'reg_lambda': 0.5267096601168807}. Best is trial 355 with value: 0.031237053151983718.
[I 2025-08-01 10:01:19,668] Trial 719 finished with value: 0.03232892868212736 and parameters: {'min_abs_corr': 0.06140156745602476, 'max_pair_corr': 0.9898175600905063, 'n_estimators': 821, 'learning_rate': 0.009128467017136143, 'max_depth': 17, 'min_child_weight': 0.1275188869005791, 'subsample': 0.5149110148216929, 'colsample_bytree': 0.46457350273922315, 'gamma': 0.0022254538070846496, 'reg_alpha': 0.0009810215994064577, 'reg_lambda': 0.7698811297188822}. Best is trial 355 with value: 0.031237053151983718.
[I 2025-08-01 10:01:21,497] Trial 720 finished with value: 0.06210136128750519 and parameters: {'min_abs_corr': 0.054900369545779246, 'max_pair_corr': 0.9819073307771968, 'n_estimators': 770, 'learning_rate': 0.007868724174975923, 'max_depth': 11, 'min_child_weight': 0.09001649675917826, 'subsample': 0.5443081451033341, 'colsample_bytree': 0.45369932521050504, 'gamma': 0.19199765738802183, 'reg_alpha': 0.8782705275893494, 'reg_lambda': 0.9436167756246766}. Best is trial 355 with value: 0.031237053151983718.
[I 2025-08-01 10:01:27,023] Trial 721 finished with value: 0.035303161963346895 and parameters: {'min_abs_corr': 0.06003111624259235, 'max_pair_corr': 0.9869192715199793, 'n_estimators': 469, 'learning_rate': 0.008152424374328782, 'max_depth': 18, 'min_child_weight': 2.6556865241527814, 'subsample': 0.5260697693736123, 'colsample_bytree': 0.4504067166377859, 'gamma': 0.0004257375510683056, 'reg_alpha': 0.16022973623553918, 'reg_lambda': 0.8123443554179461}. Best is trial 355 with value: 0.031237053151983718.
[I 2025-08-01 10:01:29,067] Trial 722 finished with value: 0.05344066531017301 and parameters: {'min_abs_corr': 0.06328514923155408, 'max_pair_corr': 0.9894909183147923, 'n_estimators': 739, 'learning_rate': 0.010484258050499976, 'max_depth': 9, 'min_child_weight': 0.35244160832248184, 'subsample': 0.5475632747464805, 'colsample_bytree': 0.47372737648640206, 'gamma': 0.15797967941435298, 'reg_alpha': 0.09422006842770808, 'reg_lambda': 0.9383871641832405}. Best is trial 355 with value: 0.031237053151983718.
[I 2025-08-01 10:01:31,556] Trial 723 finished with value: 0.048735440537782025 and parameters: {'min_abs_corr': 0.057711668094690666, 'max_pair_corr': 0.9841265138113852, 'n_estimators': 804, 'learning_rate': 0.006723255709787212, 'max_depth': 16, 'min_child_weight': 0.1008948903330609, 'subsample': 0.5251859831113637, 'colsample_bytree': 0.4243088850284115, 'gamma': 0.090136227609708, 'reg_alpha': 1.4260135477983313e-05, 'reg_lambda': 4.131691209446218}. Best is trial 355 with value: 0.031237053151983718.
[I 2025-08-01 10:01:32,817] Trial 724 finished with value: 0.06701406953827702 and parameters: {'min_abs_corr': 0.06318225728126564, 'max_pair_corr': 0.9861820514047562, 'n_estimators': 553, 'learning_rate': 0.009149938503378427, 'max_depth': 11, 'min_child_weight': 0.07360172194427379, 'subsample': 0.511375512493854, 'colsample_bytree': 0.4308370162158338, 'gamma': 0.3642783391340512, 'reg_alpha': 0.2313361853082216, 'reg_lambda': 0.6641942581902551}. Best is trial 355 with value: 0.031237053151983718.
[I 2025-08-01 10:01:34,705] Trial 725 finished with value: 0.05507055902214129 and parameters: {'min_abs_corr': 0.058331619749327004, 'max_pair_corr': 0.9812495854974892, 'n_estimators': 789, 'learning_rate': 0.010602571921749123, 'max_depth': 17, 'min_child_weight': 0.8733777853818292, 'subsample': 0.5306986463227852, 'colsample_bytree': 0.5034618725771411, 'gamma': 0.16660326874044304, 'reg_alpha': 0.14719077175792855, 'reg_lambda': 4.76210184054342}. Best is trial 355 with value: 0.031237053151983718.
[I 2025-08-01 10:01:50,498] Trial 726 finished with value: 0.03194817650567694 and parameters: {'min_abs_corr': 0.0567544582229189, 'max_pair_corr': 0.9880817216597632, 'n_estimators': 815, 'learning_rate': 0.006193047791046312, 'max_depth': 18, 'min_child_weight': 0.1370369191858858, 'subsample': 0.5502714704582807, 'colsample_bytree': 0.41095666731697067, 'gamma': 0.00045856361042187385, 'reg_alpha': 0.0021018690073090684, 'reg_lambda': 0.7824348899709883}. Best is trial 355 with value: 0.031237053151983718.
[I 2025-08-01 10:01:52,438] Trial 727 finished with value: 0.0635515446149705 and parameters: {'min_abs_corr': 0.05428517668413563, 'max_pair_corr': 0.9881054858891867, 'n_estimators': 823, 'learning_rate': 0.005969222053902277, 'max_depth': 18, 'min_child_weight': 0.125630909703026, 'subsample': 0.5542370094667479, 'colsample_bytree': 0.4053009446652336, 'gamma': 0.2890530544480555, 'reg_alpha': 0.32938524474190956, 'reg_lambda': 0.754437451940944}. Best is trial 355 with value: 0.031237053151983718.
[I 2025-08-01 10:01:53,757] Trial 728 finished with value: 0.10836277050943119 and parameters: {'min_abs_corr': 0.056232295688654454, 'max_pair_corr': 0.9879527455785724, 'n_estimators': 805, 'learning_rate': 0.005837184192628544, 'max_depth': 18, 'min_child_weight': 0.13566935501652247, 'subsample': 0.5644836148938229, 'colsample_bytree': 0.4440324292500041, 'gamma': 2.4639911872812874, 'reg_alpha': 0.11101456684231772, 'reg_lambda': 0.8789389312881959}. Best is trial 355 with value: 0.031237053151983718.
[I 2025-08-01 10:01:56,069] Trial 729 finished with value: 0.05010152621388746 and parameters: {'min_abs_corr': 0.055546825071669824, 'max_pair_corr': 0.98684999481669, 'n_estimators': 831, 'learning_rate': 0.006777240251415289, 'max_depth': 18, 'min_child_weight': 0.10456916991172861, 'subsample': 0.5488395708538408, 'colsample_bytree': 0.4169297208014099, 'gamma': 0.09723989464868651, 'reg_alpha': 0.21564186253794082, 'reg_lambda': 0.6655658488908227}. Best is trial 355 with value: 0.031237053151983718.
[I 2025-08-01 10:01:58,238] Trial 730 finished with value: 0.05567022268501024 and parameters: {'min_abs_corr': 0.0582909040090839, 'max_pair_corr': 0.9891562990809319, 'n_estimators': 770, 'learning_rate': 0.006541357564193619, 'max_depth': 18, 'min_child_weight': 0.1560098070109128, 'subsample': 0.5387488116626096, 'colsample_bytree': 0.4409563318931044, 'gamma': 0.1783007196506341, 'reg_alpha': 0.10032869749929683, 'reg_lambda': 0.7703057084812398}. Best is trial 355 with value: 0.031237053151983718.
[I 2025-08-01 10:02:00,748] Trial 731 finished with value: 0.04822875717917265 and parameters: {'min_abs_corr': 0.0611665349515606, 'max_pair_corr': 0.9895259987416064, 'n_estimators': 637, 'learning_rate': 0.006021652780500293, 'max_depth': 17, 'min_child_weight': 0.12388472276879682, 'subsample': 0.552586394945159, 'colsample_bytree': 0.4006098189535921, 'gamma': 0.09089987833757249, 'reg_alpha': 0.003125945658457958, 'reg_lambda': 0.5406237913712826}. Best is trial 355 with value: 0.031237053151983718.
[I 2025-08-01 10:02:02,492] Trial 732 finished with value: 0.061158547946747376 and parameters: {'min_abs_corr': 0.05856586910317928, 'max_pair_corr': 0.985774146347779, 'n_estimators': 744, 'learning_rate': 0.00770660968897179, 'max_depth': 18, 'min_child_weight': 0.08673765302660603, 'subsample': 0.5359786109031389, 'colsample_bytree': 0.43465152829511255, 'gamma': 0.2552888307028047, 'reg_alpha': 0.2541296914200349, 'reg_lambda': 0.8829624603908193}. Best is trial 355 with value: 0.031237053151983718.
[I 2025-08-01 10:02:09,488] Trial 733 finished with value: 0.03298326318690179 and parameters: {'min_abs_corr': 0.0540088677318261, 'max_pair_corr': 0.9847513841579402, 'n_estimators': 791, 'learning_rate': 0.010543390792611643, 'max_depth': 17, 'min_child_weight': 0.1467091661673779, 'subsample': 0.5632862787850662, 'colsample_bytree': 0.4336816979503668, 'gamma': 0.002519825077998971, 'reg_alpha': 0.0005316309139938857, 'reg_lambda': 0.6067404722975402}. Best is trial 355 with value: 0.031237053151983718.
[I 2025-08-01 10:02:17,930] Trial 734 finished with value: 0.03356244130641289 and parameters: {'min_abs_corr': 0.060250988489825345, 'max_pair_corr': 0.9867878478348227, 'n_estimators': 820, 'learning_rate': 0.007318554665222018, 'max_depth': 18, 'min_child_weight': 0.10464500621164738, 'subsample': 0.5411004041313576, 'colsample_bytree': 0.4066380399635995, 'gamma': 0.0012341124743276417, 'reg_alpha': 0.15001116397365072, 'reg_lambda': 1.0574353216437888}. Best is trial 355 with value: 0.031237053151983718.
[I 2025-08-01 10:02:20,146] Trial 735 finished with value: 0.053829218548253885 and parameters: {'min_abs_corr': 0.056838752767474084, 'max_pair_corr': 0.9897156886886216, 'n_estimators': 757, 'learning_rate': 0.008335019880957773, 'max_depth': 18, 'min_child_weight': 0.15472516781550433, 'subsample': 0.5222666334980586, 'colsample_bytree': 0.4150852926100244, 'gamma': 0.15315013874825983, 'reg_alpha': 0.10721695870862452, 'reg_lambda': 1.015518616357598}. Best is trial 355 with value: 0.031237053151983718.
[I 2025-08-01 10:02:22,339] Trial 736 finished with value: 0.05060240132380563 and parameters: {'min_abs_corr': 0.05658293448206495, 'max_pair_corr': 0.9835420838251067, 'n_estimators': 832, 'learning_rate': 0.008971575151846886, 'max_depth': 17, 'min_child_weight': 0.057356715485032767, 'subsample': 0.5542523878195832, 'colsample_bytree': 0.4193470178735126, 'gamma': 0.09342957984877526, 'reg_alpha': 0.38613150640303795, 'reg_lambda': 0.7703921863277462}. Best is trial 355 with value: 0.031237053151983718.
[I 2025-08-01 10:02:23,718] Trial 737 finished with value: 0.06813120154327781 and parameters: {'min_abs_corr': 0.05002214469157865, 'max_pair_corr': 0.9877718871701864, 'n_estimators': 709, 'learning_rate': 0.007081611392019764, 'max_depth': 16, 'min_child_weight': 18.538146289871534, 'subsample': 0.531825364375964, 'colsample_bytree': 0.4119684408427792, 'gamma': 0.4059237830842523, 'reg_alpha': 0.23405195529793008, 'reg_lambda': 0.6577333319552675}. Best is trial 355 with value: 0.031237053151983718.
[I 2025-08-01 10:02:25,415] Trial 738 finished with value: 0.05946451411048316 and parameters: {'min_abs_corr': 0.06779454981027591, 'max_pair_corr': 0.9863217050736819, 'n_estimators': 784, 'learning_rate': 0.010256414919473997, 'max_depth': 18, 'min_child_weight': 0.1200889807733232, 'subsample': 0.5155816532732336, 'colsample_bytree': 0.4242793644032523, 'gamma': 0.24712845083114424, 'reg_alpha': 0.09826165625003264, 'reg_lambda': 0.8724098084579862}. Best is trial 355 with value: 0.031237053151983718.
[I 2025-08-01 10:02:26,694] Trial 739 finished with value: 0.10948263140894401 and parameters: {'min_abs_corr': 0.061341053165414154, 'max_pair_corr': 0.9819707759690112, 'n_estimators': 808, 'learning_rate': 0.011332432212285947, 'max_depth': 17, 'min_child_weight': 0.07517241528070234, 'subsample': 0.546444356829834, 'colsample_bytree': 0.45981767570089227, 'gamma': 4.155824827591962, 'reg_alpha': 0.0990348253536505, 'reg_lambda': 0.9209355470388454}. Best is trial 355 with value: 0.031237053151983718.
[I 2025-08-01 10:02:38,737] Trial 740 finished with value: 0.03397737273091567 and parameters: {'min_abs_corr': 0.06395897575713903, 'max_pair_corr': 0.9849602589697769, 'n_estimators': 840, 'learning_rate': 0.009441461758615268, 'max_depth': 17, 'min_child_weight': 0.1782546515228331, 'subsample': 0.5635763203823838, 'colsample_bytree': 0.4861016947086075, 'gamma': 0.0002505161960009464, 'reg_alpha': 0.19240899879260115, 'reg_lambda': 4.970617961949892}. Best is trial 355 with value: 0.031237053151983718.
[I 2025-08-01 10:02:40,777] Trial 741 finished with value: 0.05118449405792484 and parameters: {'min_abs_corr': 0.05986529570909914, 'max_pair_corr': 0.9831525772478358, 'n_estimators': 431, 'learning_rate': 0.006314141186223747, 'max_depth': 18, 'min_child_weight': 0.10163619268651335, 'subsample': 0.509205525838373, 'colsample_bytree': 0.4709576459417396, 'gamma': 0.09215164876686575, 'reg_alpha': 0.09131909348581439, 'reg_lambda': 1.0297828436864307}. Best is trial 355 with value: 0.031237053151983718.
[I 2025-08-01 10:02:42,792] Trial 742 finished with value: 0.055823900829861564 and parameters: {'min_abs_corr': 0.05175064942460035, 'max_pair_corr': 0.9804710705728463, 'n_estimators': 765, 'learning_rate': 0.008349750607172045, 'max_depth': 18, 'min_child_weight': 0.13397656822187157, 'subsample': 0.5253621739983072, 'colsample_bytree': 0.49840588822122767, 'gamma': 0.16993770081983858, 'reg_alpha': 0.25587936717220683, 'reg_lambda': 0.716428076068264}. Best is trial 355 with value: 0.031237053151983718.
[I 2025-08-01 10:02:44,794] Trial 743 finished with value: 0.057983833239590186 and parameters: {'min_abs_corr': 0.06538568163172473, 'max_pair_corr': 0.9880490738689558, 'n_estimators': 795, 'learning_rate': 0.01113302093329896, 'max_depth': 17, 'min_child_weight': 0.17093946146436895, 'subsample': 0.5384079230098864, 'colsample_bytree': 0.48492712204467153, 'gamma': 0.08903602411158719, 'reg_alpha': 1.4318434725276596, 'reg_lambda': 0.797336981579917}. Best is trial 355 with value: 0.031237053151983718.
[I 2025-08-01 10:02:46,476] Trial 744 finished with value: 0.0717898945446251 and parameters: {'min_abs_corr': 0.05810192403752742, 'max_pair_corr': 0.9837748093614354, 'n_estimators': 815, 'learning_rate': 0.00810399760121994, 'max_depth': 16, 'min_child_weight': 0.09834376810366877, 'subsample': 0.5771063768395194, 'colsample_bytree': 0.40272940881940855, 'gamma': 0.17521926711385521, 'reg_alpha': 2.5774884504475186, 'reg_lambda': 0.6658562770308543}. Best is trial 355 with value: 0.031237053151983718.
[I 2025-08-01 10:02:48,657] Trial 745 finished with value: 0.04834091235071246 and parameters: {'min_abs_corr': 0.05480178419444103, 'max_pair_corr': 0.9801747816974841, 'n_estimators': 729, 'learning_rate': 0.009635605138112185, 'max_depth': 18, 'min_child_weight': 0.06636590787247587, 'subsample': 0.5004971661164208, 'colsample_bytree': 0.42614322911475494, 'gamma': 0.08475219427335569, 'reg_alpha': 0.08962588274312566, 'reg_lambda': 0.9377040883479977}. Best is trial 355 with value: 0.031237053151983718.
[I 2025-08-01 10:02:56,784] Trial 746 finished with value: 0.03401639175630776 and parameters: {'min_abs_corr': 0.05308422368246605, 'max_pair_corr': 0.9851183131396015, 'n_estimators': 846, 'learning_rate': 0.007066204236007143, 'max_depth': 17, 'min_child_weight': 0.12201922561452323, 'subsample': 0.5486811155415287, 'colsample_bytree': 0.45856611027530486, 'gamma': 0.0021969666257073755, 'reg_alpha': 0.16872957391106347, 'reg_lambda': 1.4554083613480708}. Best is trial 355 with value: 0.031237053151983718.
[I 2025-08-01 10:02:58,409] Trial 747 finished with value: 0.06221228758821051 and parameters: {'min_abs_corr': 0.06130795692828046, 'max_pair_corr': 0.9859165990694837, 'n_estimators': 678, 'learning_rate': 0.011680362681321763, 'max_depth': 7, 'min_child_weight': 0.20368159379409115, 'subsample': 0.5310247724447895, 'colsample_bytree': 0.501536873018213, 'gamma': 0.2823485329376264, 'reg_alpha': 0.31001100131245923, 'reg_lambda': 0.5244398934029133}. Best is trial 355 with value: 0.031237053151983718.
[I 2025-08-01 10:02:59,541] Trial 748 finished with value: 0.07537539373081878 and parameters: {'min_abs_corr': 0.06301549854735763, 'max_pair_corr': 0.9874501456823044, 'n_estimators': 765, 'learning_rate': 0.2437614520038438, 'max_depth': 18, 'min_child_weight': 0.08789726487471405, 'subsample': 0.5190448062339021, 'colsample_bytree': 0.4780492021656479, 'gamma': 0.09223753169400455, 'reg_alpha': 4.688741023009406, 'reg_lambda': 2.616098351682411}. Best is trial 355 with value: 0.031237053151983718.
[I 2025-08-01 10:03:01,740] Trial 749 finished with value: 0.05600935346874236 and parameters: {'min_abs_corr': 0.059467894602441694, 'max_pair_corr': 0.9819985882921889, 'n_estimators': 790, 'learning_rate': 0.005513890244734835, 'max_depth': 9, 'min_child_weight': 0.1342060690806454, 'subsample': 0.5567997043882976, 'colsample_bytree': 0.4524341790336828, 'gamma': 0.18752475683699055, 'reg_alpha': 0.082910840334904, 'reg_lambda': 0.8284538991985394}. Best is trial 355 with value: 0.031237053151983718.
[I 2025-08-01 10:03:04,136] Trial 750 finished with value: 0.04856845245903592 and parameters: {'min_abs_corr': 0.059797910227839306, 'max_pair_corr': 0.989627166040983, 'n_estimators': 836, 'learning_rate': 0.008786682905074186, 'max_depth': 17, 'min_child_weight': 0.1561852447102734, 'subsample': 0.5415683444178632, 'colsample_bytree': 0.48786039913977824, 'gamma': 0.08353586125171619, 'reg_alpha': 0.17689167955101504, 'reg_lambda': 3.4562486215967194}. Best is trial 355 with value: 0.031237053151983718.
[I 2025-08-01 10:03:05,697] Trial 751 finished with value: 0.06409343722326519 and parameters: {'min_abs_corr': 0.05618437257324643, 'max_pair_corr': 0.9828762070567709, 'n_estimators': 744, 'learning_rate': 0.00990750588335585, 'max_depth': 16, 'min_child_weight': 0.07983468928216278, 'subsample': 0.5237284930175201, 'colsample_bytree': 0.5109952207978973, 'gamma': 0.34942906201268964, 'reg_alpha': 0.008141477139697447, 'reg_lambda': 2.417045592405391}. Best is trial 355 with value: 0.031237053151983718.
[I 2025-08-01 10:03:12,086] Trial 752 finished with value: 0.03241851660590695 and parameters: {'min_abs_corr': 0.05739580472090215, 'max_pair_corr': 0.9808450616904018, 'n_estimators': 848, 'learning_rate': 0.01153337168702351, 'max_depth': 18, 'min_child_weight': 0.18979663584630307, 'subsample': 0.5387365834145813, 'colsample_bytree': 0.42260292771322705, 'gamma': 0.0021750785257434965, 'reg_alpha': 0.0008231538777206194, 'reg_lambda': 0.7547319020740864}. Best is trial 355 with value: 0.031237053151983718.
[I 2025-08-01 10:03:13,995] Trial 753 finished with value: 0.057790551153948454 and parameters: {'min_abs_corr': 0.054860438142596946, 'max_pair_corr': 0.9840354579800874, 'n_estimators': 802, 'learning_rate': 0.008328467656995098, 'max_depth': 17, 'min_child_weight': 0.03571619550912833, 'subsample': 0.5101311953718817, 'colsample_bytree': 0.46926193857324117, 'gamma': 0.22070033840276526, 'reg_alpha': 0.002807008226852023, 'reg_lambda': 4.858856957097616}. Best is trial 355 with value: 0.031237053151983718.
[I 2025-08-01 10:03:20,447] Trial 754 finished with value: 0.03546820593002286 and parameters: {'min_abs_corr': 0.06691926079995407, 'max_pair_corr': 0.9858056538557687, 'n_estimators': 823, 'learning_rate': 0.010748258811714958, 'max_depth': 16, 'min_child_weight': 0.1141674168574173, 'subsample': 0.5498847659598398, 'colsample_bytree': 0.48879160399199345, 'gamma': 0.0012887937707979325, 'reg_alpha': 0.42868530651789805, 'reg_lambda': 1.0301661585345796}. Best is trial 355 with value: 0.031237053151983718.
[I 2025-08-01 10:03:21,754] Trial 755 finished with value: 0.10955280308418058 and parameters: {'min_abs_corr': 0.0608654859995996, 'max_pair_corr': 0.9876490598162583, 'n_estimators': 770, 'learning_rate': 0.007496072552956528, 'max_depth': 18, 'min_child_weight': 0.24156824357593423, 'subsample': 0.5648953073942938, 'colsample_bytree': 0.49708391096566396, 'gamma': 4.644854352819326, 'reg_alpha': 0.16152989747487936, 'reg_lambda': 1.5026985947242586}. Best is trial 355 with value: 0.031237053151983718.
[I 2025-08-01 10:03:23,868] Trial 756 finished with value: 0.05731520152243478 and parameters: {'min_abs_corr': 0.059016330037568496, 'max_pair_corr': 0.9805036732181603, 'n_estimators': 785, 'learning_rate': 0.006209516404671472, 'max_depth': 17, 'min_child_weight': 0.15266776558410522, 'subsample': 0.5285301249290097, 'colsample_bytree': 0.5137069882653144, 'gamma': 0.16679612692634835, 'reg_alpha': 0.3035932067118239, 'reg_lambda': 4.594479369486072}. Best is trial 355 with value: 0.031237053151983718.
[I 2025-08-01 10:03:26,744] Trial 757 finished with value: 0.048391741851786664 and parameters: {'min_abs_corr': 0.06240263756294556, 'max_pair_corr': 0.9899057836520504, 'n_estimators': 1383, 'learning_rate': 0.012542502772232188, 'max_depth': 18, 'min_child_weight': 1.237991439544004, 'subsample': 0.5168478464473863, 'colsample_bytree': 0.4671938946728987, 'gamma': 0.09851198411499465, 'reg_alpha': 0.08829577197387538, 'reg_lambda': 0.885642715265992}. Best is trial 355 with value: 0.031237053151983718.
[I 2025-08-01 10:03:28,146] Trial 758 finished with value: 0.10955549481182607 and parameters: {'min_abs_corr': 0.05497564772837272, 'max_pair_corr': 0.9858358273169577, 'n_estimators': 845, 'learning_rate': 0.009814206400807346, 'max_depth': 17, 'min_child_weight': 0.1839635412549054, 'subsample': 0.5002706713472505, 'colsample_bytree': 0.41470765161751505, 'gamma': 2.87383442886724, 'reg_alpha': 0.21688312548527372, 'reg_lambda': 2.3257792228869856}. Best is trial 355 with value: 0.031237053151983718.
