[I 2025-08-01 09:20:00,487] Trial 86 finished with value: 0.06389869814471723 and parameters: {'min_abs_corr': 0.03491719139751823, 'max_pair_corr': 0.9667863414657448, 'n_estimators': 1310, 'learning_rate': 0.002548646528535651, 'max_depth': 4, 'min_child_weight': 0.0031828336851472843, 'subsample': 0.8562509645995363, 'colsample_bytree': 0.5752273608023941, 'gamma': 0.24627333823102238, 'reg_alpha': 1.1012721110993913, 'reg_lambda': 4.0493616301408455}. Best is trial 72 with value: 0.03554297807881892.
[I 2025-08-01 09:20:04,417] Trial 87 finished with value: 0.07368547724272276 and parameters: {'min_abs_corr': 0.045479989001315474, 'max_pair_corr': 0.9688028076560044, 'n_estimators': 1169, 'learning_rate': 0.00117104754496736, 'max_depth': 3, 'min_child_weight': 0.001177417705666975, 'subsample': 0.8911563772204986, 'colsample_bytree': 0.5050430283780407, 'gamma': 0.4018040025543561, 'reg_alpha': 0.5747455719959775, 'reg_lambda': 4.283501827635799}. Best is trial 72 with value: 0.03554297807881892.
[I 2025-08-01 09:20:11,739] Trial 88 finished with value: 0.05112493297150349 and parameters: {'min_abs_corr': 0.04230146770344992, 'max_pair_corr': 0.9820340945253045, 'n_estimators': 1412, 'learning_rate': 0.001983662513070742, 'max_depth': 17, 'min_child_weight': 0.0565453835404165, 'subsample': 0.9351669527786362, 'colsample_bytree': 0.6351621737170686, 'gamma': 0.10763532282821991, 'reg_alpha': 0.4675883038440296, 'reg_lambda': 1.3585989263350635}. Best is trial 72 with value: 0.03554297807881892.
[I 2025-08-01 09:20:14,887] Trial 89 finished with value: 0.07251111051719143 and parameters: {'min_abs_corr': 0.04140574239997594, 'max_pair_corr': 0.9810954840471723, 'n_estimators': 1467, 'learning_rate': 0.010819759727914066, 'max_depth': 20, 'min_child_weight': 0.038914885806675584, 'subsample': 0.9356743996782391, 'colsample_bytree': 0.6704215107155383, 'gamma': 0.6476772944377232, 'reg_alpha': 0.40644758260650776, 'reg_lambda': 1.3336139315388673}. Best is trial 72 with value: 0.03554297807881892.
[I 2025-08-01 09:20:21,248] Trial 90 finished with value: 0.05463245014726152 and parameters: {'min_abs_corr': 0.03183912748866473, 'max_pair_corr': 0.9753228451496425, 'n_estimators': 1410, 'learning_rate': 0.0020748529917369576, 'max_depth': 17, 'min_child_weight': 0.05427651463360922, 'subsample': 0.9705465505184802, 'colsample_bytree': 0.6278808242989851, 'gamma': 0.14178735215704485, 'reg_alpha': 0.7190884925319404, 'reg_lambda': 1.1587000700786954}. Best is trial 72 with value: 0.03554297807881892.
[I 2025-08-01 09:20:28,815] Trial 91 finished with value: 0.05251969234982971 and parameters: {'min_abs_corr': 0.030682255764565822, 'max_pair_corr': 0.9835069875313383, 'n_estimators': 1407, 'learning_rate': 0.0020964870664941277, 'max_depth': 17, 'min_child_weight': 0.679865517409352, 'subsample': 0.9700245703826802, 'colsample_bytree': 0.637943001797836, 'gamma': 0.10684510267993283, 'reg_alpha': 0.7589229829645584, 'reg_lambda': 1.163902761058886}. Best is trial 72 with value: 0.03554297807881892.
[I 2025-08-01 09:20:35,326] Trial 92 finished with value: 0.05493196477038398 and parameters: {'min_abs_corr': 0.030758671970987344, 'max_pair_corr': 0.9856270777533225, 'n_estimators': 1406, 'learning_rate': 0.0022198548320937475, 'max_depth': 16, 'min_child_weight': 0.3965134498791383, 'subsample': 0.9677304108365206, 'colsample_bytree': 0.62701938809845, 'gamma': 0.1406614112084886, 'reg_alpha': 0.7862340344822848, 'reg_lambda': 1.1814094946055527}. Best is trial 72 with value: 0.03554297807881892.
[I 2025-08-01 09:20:42,656] Trial 93 finished with value: 0.053040026904313 and parameters: {'min_abs_corr': 0.03128892919921015, 'max_pair_corr': 0.9774205614090543, 'n_estimators': 1404, 'learning_rate': 0.0021616916702921147, 'max_depth': 18, 'min_child_weight': 0.4205188098191558, 'subsample': 0.9587674160629177, 'colsample_bytree': 0.635334987975238, 'gamma': 0.1121436030409714, 'reg_alpha': 0.7628511134924675, 'reg_lambda': 0.7496341029617306}. Best is trial 72 with value: 0.03554297807881892.
[I 2025-08-01 09:20:49,932] Trial 94 finished with value: 0.05404147818114021 and parameters: {'min_abs_corr': 0.03127566628580915, 'max_pair_corr': 0.9825763087982565, 'n_estimators': 1420, 'learning_rate': 0.002107499274008464, 'max_depth': 17, 'min_child_weight': 0.5104863128879894, 'subsample': 0.9663752796692255, 'colsample_bytree': 0.6380034370711672, 'gamma': 0.13060799209881108, 'reg_alpha': 0.7813369586411928, 'reg_lambda': 0.21953604437695828}. Best is trial 72 with value: 0.03554297807881892.
[I 2025-08-01 09:20:55,065] Trial 95 finished with value: 0.06150655442300397 and parameters: {'min_abs_corr': 0.029514705584566994, 'max_pair_corr': 0.9879923939822005, 'n_estimators': 1410, 'learning_rate': 0.0021906497022498505, 'max_depth': 16, 'min_child_weight': 0.40488121357312745, 'subsample': 0.9642094853569864, 'colsample_bytree': 0.6373195387080743, 'gamma': 0.26363089472679124, 'reg_alpha': 0.7894486812306333, 'reg_lambda': 0.199255215873694}. Best is trial 72 with value: 0.03554297807881892.
[I 2025-08-01 09:20:58,939] Trial 96 finished with value: 0.07210414055992843 and parameters: {'min_abs_corr': 0.03154101494842576, 'max_pair_corr': 0.9843106128735468, 'n_estimators': 1343, 'learning_rate': 0.0020304431469734974, 'max_depth': 18, 'min_child_weight': 1.13379526117928, 'subsample': 0.9868806014945128, 'colsample_bytree': 0.6356095232126977, 'gamma': 0.5061812388542051, 'reg_alpha': 0.926539961773586, 'reg_lambda': 0.7087657730448594}. Best is trial 72 with value: 0.03554297807881892.
[I 2025-08-01 09:21:06,007] Trial 97 finished with value: 0.051134056976477785 and parameters: {'min_abs_corr': 0.023058538359726752, 'max_pair_corr': 0.9820644181876914, 'n_estimators': 1431, 'learning_rate': 0.0025612599406188534, 'max_depth': 17, 'min_child_weight': 0.16707623666169544, 'subsample': 0.996430761145167, 'colsample_bytree': 0.5955998248177374, 'gamma': 0.10354854802823212, 'reg_alpha': 0.6233946775459187, 'reg_lambda': 0.24988257924093052}. Best is trial 72 with value: 0.03554297807881892.
[I 2025-08-01 09:21:12,775] Trial 98 finished with value: 0.0515148498806741 and parameters: {'min_abs_corr': 0.020149786771253772, 'max_pair_corr': 0.9808305020901008, 'n_estimators': 1438, 'learning_rate': 0.0025215356158893574, 'max_depth': 18, 'min_child_weight': 0.11921788267008691, 'subsample': 0.9763672679451546, 'colsample_bytree': 0.5906268392103619, 'gamma': 0.10713443514500566, 'reg_alpha': 0.6702075832780798, 'reg_lambda': 0.19394199680222812}. Best is trial 72 with value: 0.03554297807881892.
[I 2025-08-01 09:21:16,184] Trial 99 finished with value: 0.07813218469520739 and parameters: {'min_abs_corr': 0.019319699871665246, 'max_pair_corr': 0.9813785582933525, 'n_estimators': 1461, 'learning_rate': 0.002570057480023763, 'max_depth': 18, 'min_child_weight': 0.17750902777841235, 'subsample': 0.9977413229151738, 'colsample_bytree': 0.5938160267896659, 'gamma': 0.7479308314265922, 'reg_alpha': 0.6596296011092067, 'reg_lambda': 0.2378455272887821}. Best is trial 72 with value: 0.03554297807881892.
[I 2025-08-01 09:21:20,121] Trial 100 finished with value: 0.06580650079624464 and parameters: {'min_abs_corr': 0.024345608596685782, 'max_pair_corr': 0.9826841378303337, 'n_estimators': 1438, 'learning_rate': 0.0029366306185806836, 'max_depth': 17, 'min_child_weight': 0.8257879383330348, 'subsample': 0.9785253456817455, 'colsample_bytree': 0.5594013455478438, 'gamma': 0.4129074589688789, 'reg_alpha': 0.4828623961777763, 'reg_lambda': 0.2908110192569886}. Best is trial 72 with value: 0.03554297807881892.
[I 2025-08-01 09:21:27,853] Trial 101 finished with value: 0.05098254089002126 and parameters: {'min_abs_corr': 0.017213866135993162, 'max_pair_corr': 0.9855655656119149, 'n_estimators': 1371, 'learning_rate': 0.002316810996779702, 'max_depth': 18, 'min_child_weight': 0.15092617905540523, 'subsample': 0.9624962207506489, 'colsample_bytree': 0.6257897200262664, 'gamma': 0.1314064519530257, 'reg_alpha': 0.22938615950287206, 'reg_lambda': 0.416926240144986}. Best is trial 72 with value: 0.03554297807881892.
[I 2025-08-01 09:21:32,854] Trial 102 finished with value: 0.050804638711594664 and parameters: {'min_abs_corr': 0.018594220513574778, 'max_pair_corr': 0.9781581051223286, 'n_estimators': 1336, 'learning_rate': 0.0036506415298509028, 'max_depth': 18, 'min_child_weight': 0.1573199092417762, 'subsample': 0.9502846792236912, 'colsample_bytree': 0.6492997783608552, 'gamma': 0.11118280986713841, 'reg_alpha': 0.5203566661947757, 'reg_lambda': 0.11032768744167848}. Best is trial 72 with value: 0.03554297807881892.
[I 2025-08-01 09:21:37,234] Trial 103 finished with value: 0.057621981420803325 and parameters: {'min_abs_corr': 0.01693742856645637, 'max_pair_corr': 0.9775677374117397, 'n_estimators': 1372, 'learning_rate': 0.003665259828150501, 'max_depth': 18, 'min_child_weight': 0.12541700172239234, 'subsample': 0.9512235354562235, 'colsample_bytree': 0.5814880780233914, 'gamma': 0.2557994019623831, 'reg_alpha': 0.24622536196565895, 'reg_lambda': 0.08747105941367991}. Best is trial 72 with value: 0.03554297807881892.
[I 2025-08-01 09:21:42,248] Trial 104 finished with value: 0.0524509346993518 and parameters: {'min_abs_corr': 0.010406337877227032, 'max_pair_corr': 0.9786952093508926, 'n_estimators': 1326, 'learning_rate': 0.004714897003684717, 'max_depth': 19, 'min_child_weight': 0.1976261434021301, 'subsample': 0.9831859694145023, 'colsample_bytree': 0.6562119653590452, 'gamma': 0.1298344108113066, 'reg_alpha': 0.5794587430752286, 'reg_lambda': 0.42233154289974145}. Best is trial 72 with value: 0.03554297807881892.
[I 2025-08-01 09:21:46,161] Trial 105 finished with value: 0.06571941615298063 and parameters: {'min_abs_corr': 0.010128894029469936, 'max_pair_corr': 0.9871119445698023, 'n_estimators': 1314, 'learning_rate': 0.004952281592438335, 'max_depth': 18, 'min_child_weight': 0.1933785712073041, 'subsample': 0.9844688865450516, 'colsample_bytree': 0.6504328943916412, 'gamma': 0.41924412910624953, 'reg_alpha': 0.4504397753103759, 'reg_lambda': 0.4578454015607815}. Best is trial 72 with value: 0.03554297807881892.
[I 2025-08-01 09:21:50,407] Trial 106 finished with value: 0.06854354893541663 and parameters: {'min_abs_corr': 0.019737263619550107, 'max_pair_corr': 0.9786416099544815, 'n_estimators': 1348, 'learning_rate': 0.002995138961161584, 'max_depth': 19, 'min_child_weight': 0.14068888380972183, 'subsample': 0.9991828577680739, 'colsample_bytree': 0.6803181031325181, 'gamma': 0.5507650297269207, 'reg_alpha': 0.010719094110322736, 'reg_lambda': 0.6207814109774638}. Best is trial 72 with value: 0.03554297807881892.
[I 2025-08-01 09:21:54,089] Trial 107 finished with value: 0.05878636989853423 and parameters: {'min_abs_corr': 0.012456327461380104, 'max_pair_corr': 0.9807372102530149, 'n_estimators': 1363, 'learning_rate': 0.006348698948684636, 'max_depth': 15, 'min_child_weight': 0.32791858130309726, 'subsample': 0.9595760424738928, 'colsample_bytree': 0.7110456071671966, 'gamma': 0.2523338359894044, 'reg_alpha': 0.5564606917072059, 'reg_lambda': 0.3683062326862793}. Best is trial 72 with value: 0.03554297807881892.
[I 2025-08-01 09:21:59,961] Trial 108 finished with value: 0.04818297840052175 and parameters: {'min_abs_corr': 0.021644379587385215, 'max_pair_corr': 0.9878694980345214, 'n_estimators': 1255, 'learning_rate': 0.003899942480522459, 'max_depth': 19, 'min_child_weight': 0.09386411149389691, 'subsample': 0.9411259026628221, 'colsample_bytree': 0.6498619771311599, 'gamma': 0.09752905404026208, 'reg_alpha': 0.22316784711397686, 'reg_lambda': 0.03160510614621714}. Best is trial 72 with value: 0.03554297807881892.
[I 2025-08-01 09:22:04,473] Trial 109 finished with value: 0.05655510339174045 and parameters: {'min_abs_corr': 0.01540598880261096, 'max_pair_corr': 0.9883126639520311, 'n_estimators': 1273, 'learning_rate': 0.004140038643924774, 'max_depth': 20, 'min_child_weight': 0.09616318370010972, 'subsample': 0.9444859433187551, 'colsample_bytree': 0.6070407389288393, 'gamma': 0.23195134660022515, 'reg_alpha': 0.24086409664112224, 'reg_lambda': 0.052340714260593}. Best is trial 72 with value: 0.03554297807881892.
[I 2025-08-01 09:22:08,367] Trial 110 finished with value: 0.06200165867432399 and parameters: {'min_abs_corr': 0.021277714477652497, 'max_pair_corr': 0.9846099097167617, 'n_estimators': 1328, 'learning_rate': 0.0048809079728027735, 'max_depth': 19, 'min_child_weight': 0.053035303761809496, 'subsample': 0.9353314102385546, 'colsample_bytree': 0.6728533047863202, 'gamma': 0.38052504017436006, 'reg_alpha': 0.11025655062308615, 'reg_lambda': 0.5094784325050885}. Best is trial 72 with value: 0.03554297807881892.
[I 2025-08-01 09:22:13,499] Trial 111 finished with value: 0.05369116733195291 and parameters: {'min_abs_corr': 0.021523097782909343, 'max_pair_corr': 0.9860515400750656, 'n_estimators': 1372, 'learning_rate': 0.0033117257988098444, 'max_depth': 18, 'min_child_weight': 0.25331203628101023, 'subsample': 0.9868353536307409, 'colsample_bytree': 0.5952099753807758, 'gamma': 0.10699983309448456, 'reg_alpha': 1.0232905435420283, 'reg_lambda': 0.01447203858021312}. Best is trial 72 with value: 0.03554297807881892.
[I 2025-08-01 09:22:19,790] Trial 112 finished with value: 0.04869925788712837 and parameters: {'min_abs_corr': 0.028455624727706907, 'max_pair_corr': 0.9762850725414867, 'n_estimators': 1241, 'learning_rate': 0.002454992785979425, 'max_depth': 19, 'min_child_weight': 0.16694374946133525, 'subsample': 0.955422417310548, 'colsample_bytree': 0.615267648756675, 'gamma': 0.09629119041056855, 'reg_alpha': 0.29945195828816945, 'reg_lambda': 0.1383801621739228}. Best is trial 72 with value: 0.03554297807881892.
[I 2025-08-01 09:22:25,295] Trial 113 finished with value: 0.04665146122277869 and parameters: {'min_abs_corr': 0.027565542382097387, 'max_pair_corr': 0.982276350637651, 'n_estimators': 1244, 'learning_rate': 0.003759288522917568, 'max_depth': 19, 'min_child_weight': 0.16214984340367408, 'subsample': 0.9760110401869564, 'colsample_bytree': 0.6140051867602233, 'gamma': 0.0760422347724378, 'reg_alpha': 0.26237007612314406, 'reg_lambda': 0.31886824035170475}. Best is trial 72 with value: 0.03554297807881892.
[I 2025-08-01 09:22:37,995] Trial 114 finished with value: 0.036132810137160534 and parameters: {'min_abs_corr': 0.02728784576678597, 'max_pair_corr': 0.9746036486478691, 'n_estimators': 1241, 'learning_rate': 0.003759939291721256, 'max_depth': 19, 'min_child_weight': 0.09154454678043435, 'subsample': 0.9445635714758217, 'colsample_bytree': 0.6125743001199879, 'gamma': 0.00660998344885419, 'reg_alpha': 0.26599456896997464, 'reg_lambda': 0.3925562353515618}. Best is trial 72 with value: 0.03554297807881892.
[I 2025-08-01 09:22:53,761] Trial 115 finished with value: 0.03537510757545703 and parameters: {'min_abs_corr': 0.02755520937568693, 'max_pair_corr': 0.9761568966236672, 'n_estimators': 1226, 'learning_rate': 0.0037428814955769427, 'max_depth': 20, 'min_child_weight': 0.09354319447299654, 'subsample': 0.9231410431072395, 'colsample_bytree': 0.6148599122059398, 'gamma': 0.003312724458351752, 'reg_alpha': 0.2561316236290743, 'reg_lambda': 0.15532254796079664}. Best is trial 115 with value: 0.03537510757545703.
[I 2025-08-01 09:23:13,933] Trial 116 finished with value: 0.03481868103344532 and parameters: {'min_abs_corr': 0.027237990628833697, 'max_pair_corr': 0.9747775618492324, 'n_estimators': 1239, 'learning_rate': 0.003749854564377392, 'max_depth': 19, 'min_child_weight': 0.09106026628836626, 'subsample': 0.9255468921934951, 'colsample_bytree': 0.6101484695868391, 'gamma': 0.0011965546580482642, 'reg_alpha': 0.23270344794672743, 'reg_lambda': 0.3101202019384952}. Best is trial 116 with value: 0.03481868103344532.
[I 2025-08-01 09:23:32,823] Trial 117 finished with value: 0.03547063071263401 and parameters: {'min_abs_corr': 0.027749388744312365, 'max_pair_corr': 0.9748758841464079, 'n_estimators': 1232, 'learning_rate': 0.003680790926239984, 'max_depth': 20, 'min_child_weight': 0.08245331586365885, 'subsample': 0.940502064591168, 'colsample_bytree': 0.6133606003695385, 'gamma': 0.0015429269814192148, 'reg_alpha': 0.2732367434091989, 'reg_lambda': 0.5544047438706408}. Best is trial 116 with value: 0.03481868103344532.
[I 2025-08-01 09:23:35,931] Trial 118 finished with value: 0.05737523221739097 and parameters: {'min_abs_corr': 0.0262806340805089, 'max_pair_corr': 0.9751346970630645, 'n_estimators': 1187, 'learning_rate': 0.0057546711829372516, 'max_depth': 20, 'min_child_weight': 0.09470164535619217, 'subsample': 0.9095342716996756, 'colsample_bytree': 0.6136446279679935, 'gamma': 0.2539612991378235, 'reg_alpha': 0.25586454492429306, 'reg_lambda': 0.5509818099331447}. Best is trial 116 with value: 0.03481868103344532.
[I 2025-08-01 09:23:38,643] Trial 119 finished with value: 0.060898641703214004 and parameters: {'min_abs_corr': 0.028919626753940778, 'max_pair_corr': 0.9759841901269725, 'n_estimators': 1234, 'learning_rate': 0.0074872419313946215, 'max_depth': 20, 'min_child_weight': 0.07026599650274182, 'subsample': 0.9146048386765013, 'colsample_bytree': 0.5530019139760205, 'gamma': 0.36971745414384144, 'reg_alpha': 0.0002946247557032433, 'reg_lambda': 0.33501651539728705}. Best is trial 116 with value: 0.03481868103344532.
[I 2025-08-01 09:23:47,964] Trial 120 finished with value: 0.03705300430601956 and parameters: {'min_abs_corr': 0.027098503462896065, 'max_pair_corr': 0.9737049073983419, 'n_estimators': 1135, 'learning_rate': 0.0037539290571213836, 'max_depth': 19, 'min_child_weight': 0.04124756467259699, 'subsample': 0.9255389890896181, 'colsample_bytree': 0.5724814920951694, 'gamma': 0.011354840279215603, 'reg_alpha': 0.18977267081378368, 'reg_lambda': 0.12779884811070785}. Best is trial 116 with value: 0.03481868103344532.
[I 2025-08-01 09:24:05,394] Trial 121 finished with value: 0.0337598158911083 and parameters: {'min_abs_corr': 0.027595350462680742, 'max_pair_corr': 0.9731035480580328, 'n_estimators': 1129, 'learning_rate': 0.0038064622266080674, 'max_depth': 19, 'min_child_weight': 0.15104070698602057, 'subsample': 0.9220631547743245, 'colsample_bytree': 0.581976445010615, 'gamma': 0.0013614755163224024, 'reg_alpha': 0.13998780812155764, 'reg_lambda': 0.13120902029542236}. Best is trial 121 with value: 0.0337598158911083.
[I 2025-08-01 09:24:13,638] Trial 122 finished with value: 0.03872138954124428 and parameters: {'min_abs_corr': 0.02818427923800807, 'max_pair_corr': 0.9741159312661729, 'n_estimators': 1112, 'learning_rate': 0.0037687377218989914, 'max_depth': 19, 'min_child_weight': 0.08820117677058559, 'subsample': 0.9253604213782229, 'colsample_bytree': 0.5703983605933808, 'gamma': 0.022887265920933098, 'reg_alpha': 0.11102956511870721, 'reg_lambda': 0.13352860776650433}. Best is trial 121 with value: 0.0337598158911083.
[I 2025-08-01 09:24:21,447] Trial 123 finished with value: 0.03819549854010155 and parameters: {'min_abs_corr': 0.027653011645412024, 'max_pair_corr': 0.9736942869630053, 'n_estimators': 1102, 'learning_rate': 0.003861789254724491, 'max_depth': 19, 'min_child_weight': 0.0908568251605726, 'subsample': 0.9239627950022408, 'colsample_bytree': 0.5731846592736158, 'gamma': 0.019669099500523146, 'reg_alpha': 0.11277899994262051, 'reg_lambda': 0.18068430234607435}. Best is trial 121 with value: 0.0337598158911083.
[I 2025-08-01 09:24:36,491] Trial 124 finished with value: 0.03378899224335783 and parameters: {'min_abs_corr': 0.02764833220800926, 'max_pair_corr': 0.9735215723753956, 'n_estimators': 1142, 'learning_rate': 0.004028466027445163, 'max_depth': 19, 'min_child_weight': 0.09115499192375344, 'subsample': 0.9256099745768628, 'colsample_bytree': 0.575687081290626, 'gamma': 0.002123177743559315, 'reg_alpha': 0.14053079644245065, 'reg_lambda': 0.011200036217493409}. Best is trial 121 with value: 0.0337598158911083.
[I 2025-08-01 09:24:52,354] Trial 125 finished with value: 0.033512606020224676 and parameters: {'min_abs_corr': 0.034030504488087136, 'max_pair_corr': 0.9740594057510066, 'n_estimators': 1127, 'learning_rate': 0.003950126378758957, 'max_depth': 19, 'min_child_weight': 0.03892149142314857, 'subsample': 0.9005369071511531, 'colsample_bytree': 0.5681070129189886, 'gamma': 0.0019648512478502266, 'reg_alpha': 0.1293848666343579, 'reg_lambda': 0.3117124522308109}. Best is trial 125 with value: 0.033512606020224676.
[I 2025-08-01 09:24:57,103] Trial 126 finished with value: 0.041452578568921775 and parameters: {'min_abs_corr': 0.026958920651476367, 'max_pair_corr': 0.9736856925661889, 'n_estimators': 1156, 'learning_rate': 0.00547270362984932, 'max_depth': 20, 'min_child_weight': 0.03874685222986028, 'subsample': 0.9001620296578299, 'colsample_bytree': 0.5416239423117938, 'gamma': 0.03966594701429727, 'reg_alpha': 0.1283329398191444, 'reg_lambda': 0.29405198357887463}. Best is trial 125 with value: 0.033512606020224676.
[I 2025-08-01 09:25:05,241] Trial 127 finished with value: 0.035441516171709896 and parameters: {'min_abs_corr': 0.033995095516463694, 'max_pair_corr': 0.9733499559100063, 'n_estimators': 1134, 'learning_rate': 0.005158534021801272, 'max_depth': 20, 'min_child_weight': 0.03546395650127845, 'subsample': 0.9032710049715592, 'colsample_bytree': 0.5670102286621941, 'gamma': 0.00896542327953606, 'reg_alpha': 0.12962688903936453, 'reg_lambda': 0.1571791894445201}. Best is trial 125 with value: 0.033512606020224676.
