[I 2025-08-01 09:25:15,744] Trial 128 finished with value: 0.03440167788568156 and parameters: {'min_abs_corr': 0.0343692920543277, 'max_pair_corr': 0.9712543888799355, 'n_estimators': 1108, 'learning_rate': 0.00446255480539178, 'max_depth': 20, 'min_child_weight': 0.03073911549546589, 'subsample': 0.8812402314490413, 'colsample_bytree': 0.5153413534516198, 'gamma': 0.0048483349967074, 'reg_alpha': 0.12564190008917786, 'reg_lambda': 0.15448147897926645}. Best is trial 125 with value: 0.033512606020224676.
[I 2025-08-01 09:25:29,565] Trial 129 finished with value: 0.0359056248604115 and parameters: {'min_abs_corr': 0.03464821845011591, 'max_pair_corr': 0.9706073682781935, 'n_estimators': 1121, 'learning_rate': 0.00444607829115905, 'max_depth': 20, 'min_child_weight': 0.02704182766210677, 'subsample': 0.8798245078082071, 'colsample_bytree': 0.522481256854041, 'gamma': 0.0011872083249553347, 'reg_alpha': 0.41159733559671685, 'reg_lambda': 0.5773029318589898}. Best is trial 125 with value: 0.033512606020224676.
[I 2025-08-01 09:25:32,499] Trial 130 finished with value: 0.058244825601911396 and parameters: {'min_abs_corr': 0.03415345773190308, 'max_pair_corr': 0.9705596158388179, 'n_estimators': 1141, 'learning_rate': 0.004467585414377121, 'max_depth': 20, 'min_child_weight': 0.03151546028037037, 'subsample': 0.8729321778727401, 'colsample_bytree': 0.5089404294966087, 'gamma': 0.23149101827690283, 'reg_alpha': 0.3907670834122369, 'reg_lambda': 0.5705185276922959}. Best is trial 125 with value: 0.033512606020224676.
[I 2025-08-01 09:25:35,291] Trial 131 finished with value: 0.056272112700418375 and parameters: {'min_abs_corr': 0.03784700557400422, 'max_pair_corr': 0.9728231921727705, 'n_estimators': 1112, 'learning_rate': 0.0061697005483138095, 'max_depth': 20, 'min_child_weight': 0.04777585212805244, 'subsample': 0.9037264806787461, 'colsample_bytree': 0.5685880001195146, 'gamma': 0.23201803272899868, 'reg_alpha': 0.13706758109721787, 'reg_lambda': 0.15559141519796346}. Best is trial 125 with value: 0.033512606020224676.
[I 2025-08-01 09:25:47,902] Trial 132 finished with value: 0.03319566922519862 and parameters: {'min_abs_corr': 0.03342674110594309, 'max_pair_corr': 0.9715136980254838, 'n_estimators': 994, 'learning_rate': 0.005153699681921829, 'max_depth': 19, 'min_child_weight': 0.06580673216255603, 'subsample': 0.88434581168699, 'colsample_bytree': 0.5515353655664769, 'gamma': 0.0014889634297344707, 'reg_alpha': 0.13354887446837144, 'reg_lambda': 0.12899865934268764}. Best is trial 132 with value: 0.03319566922519862.
[I 2025-08-01 09:25:50,492] Trial 133 finished with value: 0.06211792822529927 and parameters: {'min_abs_corr': 0.03416529168711665, 'max_pair_corr': 0.9713142188026584, 'n_estimators': 1088, 'learning_rate': 0.0052941940503939905, 'max_depth': 20, 'min_child_weight': 0.021106993878109888, 'subsample': 0.8994693746355522, 'colsample_bytree': 0.5251388135104593, 'gamma': 0.3236656128709673, 'reg_alpha': 0.3524144183808492, 'reg_lambda': 0.0034875742099223783}. Best is trial 132 with value: 0.03319566922519862.
[I 2025-08-01 09:25:55,804] Trial 134 finished with value: 0.039545600475684256 and parameters: {'min_abs_corr': 0.0362570474007653, 'max_pair_corr': 0.9693515415041429, 'n_estimators': 1008, 'learning_rate': 0.004480632222159384, 'max_depth': 19, 'min_child_weight': 0.0674559448701485, 'subsample': 0.882935002649383, 'colsample_bytree': 0.48951686924451876, 'gamma': 0.024378734067128018, 'reg_alpha': 0.1779493644053328, 'reg_lambda': 0.3580535810251949}. Best is trial 132 with value: 0.03319566922519862.
[I 2025-08-01 09:26:00,996] Trial 135 finished with value: 0.03766970686058113 and parameters: {'min_abs_corr': 0.025086452564555786, 'max_pair_corr': 0.9721096811983394, 'n_estimators': 1198, 'learning_rate': 0.008258926518183234, 'max_depth': 20, 'min_child_weight': 0.04168530065256398, 'subsample': 0.8892169708335909, 'colsample_bytree': 0.5478647789523253, 'gamma': 0.009408152772470948, 'reg_alpha': 0.4203182811396107, 'reg_lambda': 0.5067415317746548}. Best is trial 132 with value: 0.03319566922519862.
[I 2025-08-01 09:26:03,433] Trial 136 finished with value: 0.05725239341054607 and parameters: {'min_abs_corr': 0.03937261944115648, 'max_pair_corr': 0.9713257375982748, 'n_estimators': 1201, 'learning_rate': 0.006670345078136472, 'max_depth': 20, 'min_child_weight': 0.026613428576333316, 'subsample': 0.881262733279173, 'colsample_bytree': 0.5512902541287218, 'gamma': 0.214717833604986, 'reg_alpha': 0.41850756228720726, 'reg_lambda': 0.7851160726100382}. Best is trial 132 with value: 0.03319566922519862.
[I 2025-08-01 09:26:06,433] Trial 137 finished with value: 0.06258677610935338 and parameters: {'min_abs_corr': 0.024733554908892133, 'max_pair_corr': 0.9719800997976883, 'n_estimators': 1056, 'learning_rate': 0.003204859094765114, 'max_depth': 20, 'min_child_weight': 0.04614758044185305, 'subsample': 0.8935674799679727, 'colsample_bytree': 0.46115339304359937, 'gamma': 0.330338805652014, 'reg_alpha': 0.30849412272163945, 'reg_lambda': 0.4688208799304959}. Best is trial 132 with value: 0.03319566922519862.
[I 2025-08-01 09:26:14,458] Trial 138 finished with value: 0.0360635373524842 and parameters: {'min_abs_corr': 0.03318933261222294, 'max_pair_corr': 0.9685403795115819, 'n_estimators': 1145, 'learning_rate': 0.0074988892298311705, 'max_depth': 19, 'min_child_weight': 0.031200296962268427, 'subsample': 0.9070181908602868, 'colsample_bytree': 0.5418445431467368, 'gamma': 0.0023487129580792732, 'reg_alpha': 0.4267581837264525, 'reg_lambda': 0.6468406053110765}. Best is trial 132 with value: 0.03319566922519862.
[I 2025-08-01 09:26:16,383] Trial 139 finished with value: 0.10227495506178678 and parameters: {'min_abs_corr': 0.03657081955685729, 'max_pair_corr': 0.9679020430173487, 'n_estimators': 1154, 'learning_rate': 0.004972189097417452, 'max_depth': 19, 'min_child_weight': 0.0653658678070117, 'subsample': 0.9108803493004164, 'colsample_bytree': 0.5221894383625427, 'gamma': 2.2924202443926007, 'reg_alpha': 0.18122257414194537, 'reg_lambda': 0.661513134288662}. Best is trial 132 with value: 0.03319566922519862.
[I 2025-08-01 09:26:17,887] Trial 140 finished with value: 0.09598125756742212 and parameters: {'min_abs_corr': 0.03423063315591817, 'max_pair_corr': 0.9692606285653182, 'n_estimators': 1011, 'learning_rate': 0.005995673609656327, 'max_depth': 19, 'min_child_weight': 0.029329465012143945, 'subsample': 0.9072609236608017, 'colsample_bytree': 0.5043785181018436, 'gamma': 1.7271096641971682, 'reg_alpha': 0.3317283691361161, 'reg_lambda': 0.2775684658241009}. Best is trial 132 with value: 0.03319566922519862.
[I 2025-08-01 09:26:19,748] Trial 141 finished with value: 0.10958157602013305 and parameters: {'min_abs_corr': 0.03343766215500181, 'max_pair_corr': 0.9754091315260818, 'n_estimators': 1137, 'learning_rate': 0.008004114344378073, 'max_depth': 20, 'min_child_weight': 0.04309584162810512, 'subsample': 0.889427363462065, 'colsample_bytree': 0.5408395605205886, 'gamma': 4.585073952256302, 'reg_alpha': 0.4492474708580907, 'reg_lambda': 0.5339453029937231}. Best is trial 132 with value: 0.03319566922519862.
[I 2025-08-01 09:26:30,659] Trial 142 finished with value: 0.032561856781623176 and parameters: {'min_abs_corr': 0.025078424539060142, 'max_pair_corr': 0.9716617607482555, 'n_estimators': 1192, 'learning_rate': 0.00876898772411142, 'max_depth': 20, 'min_child_weight': 0.0174456862172111, 'subsample': 0.8757578074522241, 'colsample_bytree': 0.54781157263813, 'gamma': 0.0007591813907720156, 'reg_alpha': 0.09940588595027428, 'reg_lambda': 0.39406147873362074}. Best is trial 142 with value: 0.032561856781623176.
[I 2025-08-01 09:26:33,119] Trial 143 finished with value: 0.055838156662921766 and parameters: {'min_abs_corr': 0.03249255800286055, 'max_pair_corr': 0.9700919370519946, 'n_estimators': 1160, 'learning_rate': 0.012499704559909045, 'max_depth': 19, 'min_child_weight': 0.019295560266219418, 'subsample': 0.9272838288236649, 'colsample_bytree': 0.5554100866724673, 'gamma': 0.2303177164472795, 'reg_alpha': 0.0969063494158729, 'reg_lambda': 0.3915260579469686}. Best is trial 142 with value: 0.032561856781623176.
[I 2025-08-01 09:26:35,414] Trial 144 finished with value: 0.05491222883917555 and parameters: {'min_abs_corr': 0.02323526587377077, 'max_pair_corr': 0.9643024733769318, 'n_estimators': 1179, 'learning_rate': 0.009386238604928808, 'max_depth': 20, 'min_child_weight': 0.03289619506986022, 'subsample': 0.8760194780843894, 'colsample_bytree': 0.5589872574521911, 'gamma': 0.20171095527947644, 'reg_alpha': 0.17369682707728357, 'reg_lambda': 0.004110245188237882}. Best is trial 142 with value: 0.032561856781623176.
[I 2025-08-01 09:26:38,784] Trial 145 finished with value: 0.053776517553652245 and parameters: {'min_abs_corr': 0.029305296868123356, 'max_pair_corr': 0.9659557311264644, 'n_estimators': 1066, 'learning_rate': 0.004414650303520242, 'max_depth': 19, 'min_child_weight': 0.025029801512890835, 'subsample': 0.9141171807820433, 'colsample_bytree': 0.5289360424140588, 'gamma': 0.19442634481588034, 'reg_alpha': 0.014254437138249462, 'reg_lambda': 0.23854651741166494}. Best is trial 142 with value: 0.032561856781623176.
[I 2025-08-01 09:26:44,023] Trial 146 finished with value: 0.03775855636023916 and parameters: {'min_abs_corr': 0.04013947002323272, 'max_pair_corr': 0.974226973520128, 'n_estimators': 1126, 'learning_rate': 0.00705360853246286, 'max_depth': 20, 'min_child_weight': 0.058785355494772, 'subsample': 0.9431822215646511, 'colsample_bytree': 0.510030224867927, 'gamma': 0.013121107869191368, 'reg_alpha': 0.29517661360587033, 'reg_lambda': 0.9118023673211315}. Best is trial 142 with value: 0.032561856781623176.
[I 2025-08-01 09:26:47,521] Trial 147 finished with value: 0.06025806061696186 and parameters: {'min_abs_corr': 0.0363775951691401, 'max_pair_corr': 0.9768134849885224, 'n_estimators': 1213, 'learning_rate': 0.0032435868908210473, 'max_depth': 19, 'min_child_weight': 0.017285252836069173, 'subsample': 0.8636611945505781, 'colsample_bytree': 0.6009783202431008, 'gamma': 0.32889550775215504, 'reg_alpha': 0.0980734476117733, 'reg_lambda': 0.10491331457433259}. Best is trial 142 with value: 0.032561856781623176.
[I 2025-08-01 09:27:04,679] Trial 148 finished with value: 0.03690348179959317 and parameters: {'min_abs_corr': 0.0299760129627906, 'max_pair_corr': 0.9707079955708202, 'n_estimators': 960, 'learning_rate': 0.005046085384349203, 'max_depth': 20, 'min_child_weight': 0.07873505256463158, 'subsample': 0.928687111060937, 'colsample_bytree': 0.5740547763764562, 'gamma': 0.00024302393037061365, 'reg_alpha': 0.48562506706340564, 'reg_lambda': 0.6505334485527112}. Best is trial 142 with value: 0.032561856781623176.
[I 2025-08-01 09:27:07,380] Trial 149 finished with value: 0.05526601062198251 and parameters: {'min_abs_corr': 0.03286300352140771, 'max_pair_corr': 0.9678859664556857, 'n_estimators': 966, 'learning_rate': 0.005756659906180246, 'max_depth': 20, 'min_child_weight': 0.07093779127664962, 'subsample': 0.9360003078846681, 'colsample_bytree': 0.5815530872333784, 'gamma': 0.1742346780851967, 'reg_alpha': 0.5098556837590597, 'reg_lambda': 0.6082572290167196}. Best is trial 142 with value: 0.032561856781623176.
[I 2025-08-01 09:27:09,714] Trial 150 finished with value: 0.06835119018856246 and parameters: {'min_abs_corr': 0.03004040047439944, 'max_pair_corr': 0.971392335762154, 'n_estimators': 1084, 'learning_rate': 0.004913739779631382, 'max_depth': 20, 'min_child_weight': 0.11995290815313021, 'subsample': 0.8966842067426919, 'colsample_bytree': 0.4880991330748141, 'gamma': 0.4927705509184421, 'reg_alpha': 0.36183200292005097, 'reg_lambda': 0.8189222508269121}. Best is trial 142 with value: 0.032561856781623176.
[I 2025-08-01 09:27:25,404] Trial 151 finished with value: 0.03426858432079125 and parameters: {'min_abs_corr': 0.026542866112253597, 'max_pair_corr': 0.9730228932850176, 'n_estimators': 1038, 'learning_rate': 0.004271921302229874, 'max_depth': 19, 'min_child_weight': 0.077409511082735, 'subsample': 0.9186836101267383, 'colsample_bytree': 0.563452995168175, 'gamma': 0.0010777642858967743, 'reg_alpha': 0.20316868416238054, 'reg_lambda': 0.3703121218068961}. Best is trial 142 with value: 0.032561856781623176.
[I 2025-08-01 09:27:34,093] Trial 152 finished with value: 0.03642200560405625 and parameters: {'min_abs_corr': 0.02587284229779942, 'max_pair_corr': 0.9706850964738191, 'n_estimators': 1019, 'learning_rate': 0.004525173718168512, 'max_depth': 20, 'min_child_weight': 0.10753181318693085, 'subsample': 0.9127636971647346, 'colsample_bytree': 0.5356428999660917, 'gamma': 0.006790040452895901, 'reg_alpha': 0.26793137238921516, 'reg_lambda': 0.6859476269007783}. Best is trial 142 with value: 0.032561856781623176.
[I 2025-08-01 09:27:37,545] Trial 153 finished with value: 0.055432821346795835 and parameters: {'min_abs_corr': 0.02649221547415047, 'max_pair_corr': 0.975853720086635, 'n_estimators': 1185, 'learning_rate': 0.004326503749950079, 'max_depth': 19, 'min_child_weight': 0.10639364668598861, 'subsample': 0.5818921528323784, 'colsample_bytree': 0.541623941196082, 'gamma': 0.17295677221236122, 'reg_alpha': 0.2529662340423643, 'reg_lambda': 0.4035937806830918}. Best is trial 142 with value: 0.032561856781623176.
[I 2025-08-01 09:27:41,299] Trial 154 finished with value: 0.05924086249404763 and parameters: {'min_abs_corr': 0.02308226962312248, 'max_pair_corr': 0.9692423051462727, 'n_estimators': 1040, 'learning_rate': 0.0029012907152591483, 'max_depth': 18, 'min_child_weight': 0.0775935561114305, 'subsample': 0.9062312514122909, 'colsample_bytree': 0.5353628299877238, 'gamma': 0.29168943765695776, 'reg_alpha': 0.003602152942423248, 'reg_lambda': 0.29929107703733415}. Best is trial 142 with value: 0.032561856781623176.
[I 2025-08-01 09:27:45,128] Trial 155 finished with value: 0.05340774160187287 and parameters: {'min_abs_corr': 0.02465424302429988, 'max_pair_corr': 0.9795818667989841, 'n_estimators': 997, 'learning_rate': 0.003396066753675049, 'max_depth': 20, 'min_child_weight': 0.05542082749528056, 'subsample': 0.8530223476329197, 'colsample_bytree': 0.5171120963497429, 'gamma': 0.16801204704070435, 'reg_alpha': 0.1771791191129417, 'reg_lambda': 0.44294074801010525}. Best is trial 142 with value: 0.032561856781623176.
[I 2025-08-01 09:27:47,872] Trial 156 finished with value: 0.06266933155107156 and parameters: {'min_abs_corr': 0.02586393921966886, 'max_pair_corr': 0.97249627441388, 'n_estimators': 1028, 'learning_rate': 0.00419456925732568, 'max_depth': 19, 'min_child_weight': 0.03300532728578361, 'subsample': 0.9167492166208004, 'colsample_bytree': 0.561773472953777, 'gamma': 0.34181641905538346, 'reg_alpha': 0.3210199655089968, 'reg_lambda': 1.0233532753998225}. Best is trial 142 with value: 0.032561856781623176.
[I 2025-08-01 09:27:50,907] Trial 157 finished with value: 0.0363292985569688 and parameters: {'min_abs_corr': 0.0358290412229725, 'max_pair_corr': 0.9671727224835627, 'n_estimators': 1094, 'learning_rate': 0.018061254703082102, 'max_depth': 20, 'min_child_weight': 0.015267220409383834, 'subsample': 0.8768684205411035, 'colsample_bytree': 0.49725716535127656, 'gamma': 0.013098876863028077, 'reg_alpha': 0.07760548695011268, 'reg_lambda': 0.7471671194386802}. Best is trial 142 with value: 0.032561856781623176.
[I 2025-08-01 09:27:52,776] Trial 158 finished with value: 0.10540591912402882 and parameters: {'min_abs_corr': 0.03722793467332799, 'max_pair_corr': 0.9668672623548035, 'n_estimators': 1223, 'learning_rate': 0.01863128606358061, 'max_depth': 18, 'min_child_weight': 0.012779055398592315, 'subsample': 0.8734167845225995, 'colsample_bytree': 0.4513880866305901, 'gamma': 2.6840929561005797, 'reg_alpha': 0.10969227904393423, 'reg_lambda': 0.2160725708159963}. Best is trial 142 with value: 0.032561856781623176.
[I 2025-08-01 09:27:55,477] Trial 159 finished with value: 0.04849859494333256 and parameters: {'min_abs_corr': 0.03537196598356423, 'max_pair_corr': 0.9774900646890853, 'n_estimators': 1104, 'learning_rate': 0.011613323352531357, 'max_depth': 19, 'min_child_weight': 0.016581421775329955, 'subsample': 0.8815867504180481, 'colsample_bytree': 0.4950376554824459, 'gamma': 0.12701834424789374, 'reg_alpha': 0.0013258139794979917, 'reg_lambda': 0.34277138012748815}. Best is trial 142 with value: 0.032561856781623176.
[I 2025-08-01 09:27:57,656] Trial 160 finished with value: 0.05845549025958846 and parameters: {'min_abs_corr': 0.03261376439894465, 'max_pair_corr': 0.974512703170444, 'n_estimators': 1070, 'learning_rate': 0.0230374561549224, 'max_depth': 20, 'min_child_weight': 0.023535852312925952, 'subsample': 0.6778379066227036, 'colsample_bytree': 0.6058619267702798, 'gamma': 0.24916688564068848, 'reg_alpha': 0.3894762292495284, 'reg_lambda': 0.5323917486095049}. Best is trial 142 with value: 0.032561856781623176.
[I 2025-08-01 09:28:01,463] Trial 161 finished with value: 0.03783514106929988 and parameters: {'min_abs_corr': 0.029054434280137438, 'max_pair_corr': 0.9725413034803027, 'n_estimators': 1163, 'learning_rate': 0.015698490083334717, 'max_depth': 20, 'min_child_weight': 0.11038971237731765, 'subsample': 0.9045247684011325, 'colsample_bytree': 0.5498826618302421, 'gamma': 0.014957394011146744, 'reg_alpha': 0.24080352434861133, 'reg_lambda': 0.7352105056378659}. Best is trial 142 with value: 0.032561856781623176.
[I 2025-08-01 09:28:04,238] Trial 162 finished with value: 0.03750462083172258 and parameters: {'min_abs_corr': 0.03165651914373134, 'max_pair_corr': 0.9697381183633577, 'n_estimators': 1131, 'learning_rate': 0.02649527261515859, 'max_depth': 19, 'min_child_weight': 0.05646216695780466, 'subsample': 0.8918549765985536, 'colsample_bytree': 0.5912925848853108, 'gamma': 0.015029317459841198, 'reg_alpha': 0.1287733790674092, 'reg_lambda': 0.6190554718876524}. Best is trial 142 with value: 0.032561856781623176.
[I 2025-08-01 09:28:08,551] Trial 163 finished with value: 0.049259275477101336 and parameters: {'min_abs_corr': 0.02254362130551084, 'max_pair_corr': 0.9678013423047406, 'n_estimators': 1047, 'learning_rate': 0.0034868215964725616, 'max_depth': 20, 'min_child_weight': 0.027758427600564704, 'subsample': 0.8642750816486438, 'colsample_bytree': 0.5235905726853954, 'gamma': 0.09661978226387818, 'reg_alpha': 0.25557982972146664, 'reg_lambda': 0.2535927715973386}. Best is trial 142 with value: 0.032561856781623176.
[I 2025-08-01 09:28:11,803] Trial 164 finished with value: 0.03637775445226457 and parameters: {'min_abs_corr': 0.038633924672418996, 'max_pair_corr': 0.9023683149138775, 'n_estimators': 1095, 'learning_rate': 0.013973652562388965, 'max_depth': 19, 'min_child_weight': 0.0755205553276788, 'subsample': 0.9176891380521064, 'colsample_bytree': 0.566267905209075, 'gamma': 0.01079260394605374, 'reg_alpha': 0.0877465242044965, 'reg_lambda': 0.42633198737859246}. Best is trial 142 with value: 0.032561856781623176.
[I 2025-08-01 09:28:13,565] Trial 165 finished with value: 0.054565988045891564 and parameters: {'min_abs_corr': 0.039168008907521965, 'max_pair_corr': 0.9162925858099474, 'n_estimators': 1098, 'learning_rate': 0.015532977025972504, 'max_depth': 19, 'min_child_weight': 10.994783750820515, 'subsample': 0.9368370301780651, 'colsample_bytree': 0.5646671080538846, 'gamma': 0.17729780826249697, 'reg_alpha': 0.10008440773285678, 'reg_lambda': 0.4290367639204471}. Best is trial 142 with value: 0.032561856781623176.
[I 2025-08-01 09:28:21,439] Trial 166 finished with value: 0.034024055332893474 and parameters: {'min_abs_corr': 0.03493267906818404, 'max_pair_corr': 0.9755016348524452, 'n_estimators': 1173, 'learning_rate': 0.010466430573736057, 'max_depth': 18, 'min_child_weight': 0.079572066957453, 'subsample': 0.9479336943351129, 'colsample_bytree': 0.5817707776722155, 'gamma': 0.0020059287008813665, 'reg_alpha': 0.17320593829950454, 'reg_lambda': 0.3568393785567279}. Best is trial 142 with value: 0.032561856781623176.
[I 2025-08-01 09:28:23,735] Trial 167 finished with value: 0.06411557777656614 and parameters: {'min_abs_corr': 0.030668558639834653, 'max_pair_corr': 0.9756988985961335, 'n_estimators': 1178, 'learning_rate': 0.03973261196304912, 'max_depth': 18, 'min_child_weight': 0.23162513251314912, 'subsample': 0.9472052649707998, 'colsample_bytree': 0.5884107586095062, 'gamma': 0.42166367522640674, 'reg_alpha': 0.40287977903760874, 'reg_lambda': 0.1499069332093758}. Best is trial 142 with value: 0.032561856781623176.
[I 2025-08-01 09:28:26,517] Trial 168 finished with value: 0.05311046268575985 and parameters: {'min_abs_corr': 0.03507037038744831, 'max_pair_corr': 0.97840934953454, 'n_estimators': 1208, 'learning_rate': 0.011001985493605567, 'max_depth': 18, 'min_child_weight': 0.03647630501746593, 'subsample': 0.9335532761925596, 'colsample_bytree': 0.6045613367390974, 'gamma': 0.14576842164541418, 'reg_alpha': 0.5775549081167692, 'reg_lambda': 0.3301822000245221}. Best is trial 142 with value: 0.032561856781623176.
[I 2025-08-01 09:28:28,816] Trial 169 finished with value: 0.058074152297017845 and parameters: {'min_abs_corr': 0.03262507677314982, 'max_pair_corr': 0.974104656144394, 'n_estimators': 1147, 'learning_rate': 0.010124920911164887, 'max_depth': 19, 'min_child_weight': 0.13861244757288027, 'subsample': 0.8983430217146777, 'colsample_bytree': 0.5818799566971675, 'gamma': 0.2797050322462647, 'reg_alpha': 0.19871022983266212, 'reg_lambda': 0.07693914643157157}. Best is trial 142 with value: 0.032561856781623176.
