Best trial: 961. Best value: 0.0309166: 100%
 1000/1000 [1:01:28<00:00,  1.75s/it]
[I 2025-08-01 09:14:05,525] Trial 0 finished with value: 0.10953360664688787 and parameters: {'min_abs_corr': 0.04058131129049943, 'max_pair_corr': 0.9855642875768924, 'n_estimators': 1152, 'learning_rate': 0.030405325392865647, 'max_depth': 4, 'min_child_weight': 0.005407712220288121, 'subsample': 0.5290418060840998, 'colsample_bytree': 0.9197056874649611, 'gamma': 3.005575058716044, 'reg_alpha': 3.540362888980227, 'reg_lambda': 0.10292247147901223}. Best is trial 0 with value: 0.10953360664688787.
[I 2025-08-01 09:14:06,284] Trial 1 finished with value: 0.10640216364292795 and parameters: {'min_abs_corr': 0.09714143595538946, 'max_pair_corr': 0.9749198376720379, 'n_estimators': 476, 'learning_rate': 0.002820996133514492, 'max_depth': 5, 'min_child_weight': 0.026892128247368887, 'subsample': 0.762378215816119, 'colsample_bytree': 0.6591670111852694, 'gamma': 1.4561457009902097, 'reg_alpha': 3.0592644736118975, 'reg_lambda': 0.6974693032602092}. Best is trial 1 with value: 0.10640216364292795.
[I 2025-08-01 09:14:07,362] Trial 2 finished with value: 0.10951568296855548 and parameters: {'min_abs_corr': 0.032753741610845724, 'max_pair_corr': 0.9329725658964323, 'n_estimators': 793, 'learning_rate': 0.08810003129071789, 'max_depth': 5, 'min_child_weight': 0.2608388046560993, 'subsample': 0.7962072844310213, 'colsample_bytree': 0.42787024763199866, 'gamma': 3.0377242595071916, 'reg_alpha': 0.8526206184364576, 'reg_lambda': 0.3252579649263976}. Best is trial 1 with value: 0.10640216364292795.
[I 2025-08-01 09:14:09,148] Trial 3 finished with value: 0.10695466204294371 and parameters: {'min_abs_corr': 0.09514412603906666, 'max_pair_corr': 0.9869068829767104, 'n_estimators': 1251, 'learning_rate': 0.0056828375585122656, 'max_depth': 3, 'min_child_weight': 1.6413094407760058, 'subsample': 0.7200762468698007, 'colsample_bytree': 0.47322294090686734, 'gamma': 2.475884550556351, 'reg_alpha': 0.17194260557609198, 'reg_lambda': 4.546602010393911}. Best is trial 1 with value: 0.10640216364292795.
[I 2025-08-01 09:14:10,279] Trial 4 finished with value: 0.1096378277475381 and parameters: {'min_abs_corr': 0.029584098252001607, 'max_pair_corr': 0.9596270055918584, 'n_estimators': 605, 'learning_rate': 0.01942099825171803, 'max_depth': 12, 'min_child_weight': 0.0073896784585731805, 'subsample': 0.9847923138822793, 'colsample_bytree': 0.8650796940166687, 'gamma': 4.697494707820946, 'reg_alpha': 4.474136752138244, 'reg_lambda': 2.9894998940554256}. Best is trial 1 with value: 0.10640216364292795.
[I 2025-08-01 09:14:10,986] Trial 5 finished with value: 0.10850240828093409 and parameters: {'min_abs_corr': 0.0925780523271961, 'max_pair_corr': 0.9079643251846727, 'n_estimators': 454, 'learning_rate': 0.001294295611551122, 'max_depth': 8, 'min_child_weight': 0.06704755197530224, 'subsample': 0.6356745158869479, 'colsample_bytree': 0.8972425054911576, 'gamma': 1.7837666334679465, 'reg_alpha': 1.4046725484369038, 'reg_lambda': 2.7134804157912424}. Best is trial 1 with value: 0.10640216364292795.
[I 2025-08-01 09:14:11,656] Trial 6 finished with value: 0.10950497973635705 and parameters: {'min_abs_corr': 0.01838780137260245, 'max_pair_corr': 0.9721977282678635, 'n_estimators': 296, 'learning_rate': 0.27838036931305016, 'max_depth': 16, 'min_child_weight': 0.008585370205937366, 'subsample': 0.5027610585618012, 'colsample_bytree': 0.8892768570729005, 'gamma': 3.534286719238086, 'reg_alpha': 3.6450358402049368, 'reg_lambda': 3.8563517334297286}. Best is trial 1 with value: 0.10640216364292795.
[I 2025-08-01 09:14:12,252] Trial 7 finished with value: 0.10952206440563264 and parameters: {'min_abs_corr': 0.012034241914738585, 'max_pair_corr': 0.9322619155689845, 'n_estimators': 350, 'learning_rate': 0.1374079439469766, 'max_depth': 13, 'min_child_weight': 0.03588226863725918, 'subsample': 0.5317791751430119, 'colsample_bytree': 0.5865893930293973, 'gamma': 1.6259166101337352, 'reg_alpha': 3.64803089169032, 'reg_lambda': 3.1877873567760657}. Best is trial 1 with value: 0.10640216364292795.
[I 2025-08-01 09:14:12,729] Trial 8 finished with value: 0.10958751253789045 and parameters: {'min_abs_corr': 0.08928521054475103, 'max_pair_corr': 0.9424993432645754, 'n_estimators': 355, 'learning_rate': 0.058451252572625234, 'max_depth': 16, 'min_child_weight': 0.4339350349311303, 'subsample': 0.8854835899772805, 'colsample_bytree': 0.6962773578186345, 'gamma': 2.6136641469099704, 'reg_alpha': 2.137705091792748, 'reg_lambda': 0.12709563372047594}. Best is trial 1 with value: 0.10640216364292795.
[I 2025-08-01 09:14:14,412] Trial 9 finished with value: 0.10955185841371655 and parameters: {'min_abs_corr': 0.015249685564363923, 'max_pair_corr': 0.9028286267118061, 'n_estimators': 1027, 'learning_rate': 0.00600755675334899, 'max_depth': 11, 'min_child_weight': 18.391944084751156, 'subsample': 0.6246461145744375, 'colsample_bytree': 0.6462297538213778, 'gamma': 3.7777556927152434, 'reg_alpha': 1.1439908274581123, 'reg_lambda': 0.38489954914396496}. Best is trial 1 with value: 0.10640216364292795.
[I 2025-08-01 09:14:19,752] Trial 10 finished with value: 0.0761209382039679 and parameters: {'min_abs_corr': 0.06707173266140914, 'max_pair_corr': 0.9629600881281792, 'n_estimators': 1461, 'learning_rate': 0.0011078826058841598, 'max_depth': 8, 'min_child_weight': 0.0015204374318976354, 'subsample': 0.8271882613853765, 'colsample_bytree': 0.7744501163034192, 'gamma': 0.2614184049346733, 'reg_alpha': 2.6329602769723834, 'reg_lambda': 1.4038047711985202}. Best is trial 10 with value: 0.0761209382039679.
[I 2025-08-01 09:14:30,818] Trial 11 finished with value: 0.06660198085241657 and parameters: {'min_abs_corr': 0.06837195766612135, 'max_pair_corr': 0.9616468554446378, 'n_estimators': 1358, 'learning_rate': 0.001102964734270037, 'max_depth': 8, 'min_child_weight': 0.001233477825728489, 'subsample': 0.8217839185896255, 'colsample_bytree': 0.794022224174958, 'gamma': 0.02048731788334124, 'reg_alpha': 2.601394071116792, 'reg_lambda': 1.4771984618672835}. Best is trial 11 with value: 0.06660198085241657.
[I 2025-08-01 09:14:46,250] Trial 12 finished with value: 0.05935656574861955 and parameters: {'min_abs_corr': 0.06542846274213188, 'max_pair_corr': 0.9578097450841216, 'n_estimators': 1487, 'learning_rate': 0.0012111454708039885, 'max_depth': 8, 'min_child_weight': 0.0011168596867624624, 'subsample': 0.892817626462969, 'colsample_bytree': 0.7965134351753719, 'gamma': 0.009139886483242727, 'reg_alpha': 2.133501981834188, 'reg_lambda': 1.5264824504114711}. Best is trial 12 with value: 0.05935656574861955.
[I 2025-08-01 09:14:51,406] Trial 13 finished with value: 0.0587921652434087 and parameters: {'min_abs_corr': 0.06539211555904702, 'max_pair_corr': 0.9525512337364661, 'n_estimators': 1499, 'learning_rate': 0.0037043131747278007, 'max_depth': 20, 'min_child_weight': 0.0011631789971169911, 'subsample': 0.918396495107941, 'colsample_bytree': 0.9985924273739077, 'gamma': 0.09879830791983615, 'reg_alpha': 2.073536588280298, 'reg_lambda': 1.7251647680555984}. Best is trial 13 with value: 0.0587921652434087.
[I 2025-08-01 09:14:54,532] Trial 14 finished with value: 0.08265830199123483 and parameters: {'min_abs_corr': 0.06563575308662925, 'max_pair_corr': 0.9434970693994179, 'n_estimators': 1497, 'learning_rate': 0.0035278039200223924, 'max_depth': 19, 'min_child_weight': 0.0011787605802098843, 'subsample': 0.9662888992289456, 'colsample_bytree': 0.9876553550636465, 'gamma': 0.7079212082617552, 'reg_alpha': 1.9028851853362074, 'reg_lambda': 1.6793204585655834}. Best is trial 13 with value: 0.0587921652434087.
[I 2025-08-01 09:14:56,311] Trial 15 finished with value: 0.08227984255800513 and parameters: {'min_abs_corr': 0.052697632981155575, 'max_pair_corr': 0.922489730488566, 'n_estimators': 1013, 'learning_rate': 0.0026425559784354472, 'max_depth': 19, 'min_child_weight': 33.96223247171424, 'subsample': 0.915539532908223, 'colsample_bytree': 0.7853911713972386, 'gamma': 0.8709551495012346, 'reg_alpha': 0.4922299999468316, 'reg_lambda': 2.1522604145180533}. Best is trial 13 with value: 0.0587921652434087.
[I 2025-08-01 09:14:58,715] Trial 16 finished with value: 0.08456207062932622 and parameters: {'min_abs_corr': 0.07756263008614038, 'max_pair_corr': 0.9520594502903128, 'n_estimators': 1310, 'learning_rate': 0.009150287817171289, 'max_depth': 14, 'min_child_weight': 2.3883540921332163, 'subsample': 0.8966837673142932, 'colsample_bytree': 0.9791395107275169, 'gamma': 0.8261097926553197, 'reg_alpha': 1.7835198485403547, 'reg_lambda': 1.0607640381568577}. Best is trial 13 with value: 0.0587921652434087.
[I 2025-08-01 09:15:00,767] Trial 17 finished with value: 0.08568559065335644 and parameters: {'min_abs_corr': 0.05263841646512484, 'max_pair_corr': 0.950757722911929, 'n_estimators': 808, 'learning_rate': 0.002042146609652333, 'max_depth': 10, 'min_child_weight': 0.004159106624097071, 'subsample': 0.939750397944035, 'colsample_bytree': 0.5475929567950106, 'gamma': 0.37077316969013907, 'reg_alpha': 4.842615086880607, 'reg_lambda': 2.0995660538178327}. Best is trial 13 with value: 0.0587921652434087.
[I 2025-08-01 09:15:02,633] Trial 18 finished with value: 0.09959153275747687 and parameters: {'min_abs_corr': 0.081841747945536, 'max_pair_corr': 0.9741487359178576, 'n_estimators': 1125, 'learning_rate': 0.009072505528844435, 'max_depth': 20, 'min_child_weight': 0.018341334565556686, 'subsample': 0.8705381700923641, 'colsample_bytree': 0.833146632701707, 'gamma': 1.241466464122303, 'reg_alpha': 3.034377685788644, 'reg_lambda': 2.231993814100855}. Best is trial 13 with value: 0.0587921652434087.
[I 2025-08-01 09:15:05,041] Trial 19 finished with value: 0.10762062891295816 and parameters: {'min_abs_corr': 0.058778253012994074, 'max_pair_corr': 0.9322000248356982, 'n_estimators': 1373, 'learning_rate': 0.004563037396040676, 'max_depth': 17, 'min_child_weight': 0.08243138091262803, 'subsample': 0.6966373937104076, 'colsample_bytree': 0.9534939834131906, 'gamma': 2.029402856103728, 'reg_alpha': 1.5338315814759131, 'reg_lambda': 1.0030091995378925}. Best is trial 13 with value: 0.0587921652434087.
[I 2025-08-01 09:15:06,711] Trial 20 finished with value: 0.10962750663330548 and parameters: {'min_abs_corr': 0.04237828295545003, 'max_pair_corr': 0.9535036059338198, 'n_estimators': 930, 'learning_rate': 0.0020629174156478005, 'max_depth': 7, 'min_child_weight': 0.002658082513406519, 'subsample': 0.8458740452573812, 'colsample_bytree': 0.7323206529792978, 'gamma': 4.913842220836626, 'reg_alpha': 2.2011409451079, 'reg_lambda': 3.802454313970209}. Best is trial 13 with value: 0.0587921652434087.
[I 2025-08-01 09:15:12,469] Trial 21 finished with value: 0.07571457723295909 and parameters: {'min_abs_corr': 0.07318259376575445, 'max_pair_corr': 0.964026634353, 'n_estimators': 1394, 'learning_rate': 0.00102822375834613, 'max_depth': 9, 'min_child_weight': 0.0012808137710738448, 'subsample': 0.8267482032383899, 'colsample_bytree': 0.8152340070613168, 'gamma': 0.19373065075956497, 'reg_alpha': 2.599068074566679, 'reg_lambda': 1.5868115270530518}. Best is trial 13 with value: 0.0587921652434087.
[I 2025-08-01 09:15:25,961] Trial 22 finished with value: 0.06400095372978351 and parameters: {'min_abs_corr': 0.06323406610726737, 'max_pair_corr': 0.9678714120611287, 'n_estimators': 1228, 'learning_rate': 0.0014610145460500876, 'max_depth': 7, 'min_child_weight': 0.002895286576386898, 'subsample': 0.7803912376640136, 'colsample_bytree': 0.7447097378729391, 'gamma': 0.0018032776461702118, 'reg_alpha': 2.979868202248098, 'reg_lambda': 1.8007908691594676}. Best is trial 13 with value: 0.0587921652434087.
[I 2025-08-01 09:15:28,750] Trial 23 finished with value: 0.08946921088918068 and parameters: {'min_abs_corr': 0.060722080033496835, 'max_pair_corr': 0.9692909339725059, 'n_estimators': 1232, 'learning_rate': 0.0019211299427364583, 'max_depth': 6, 'min_child_weight': 0.011657210622096868, 'subsample': 0.7700472005795816, 'colsample_bytree': 0.730117727204729, 'gamma': 0.6243679515133402, 'reg_alpha': 3.166456628498223, 'reg_lambda': 1.8432570743459147}. Best is trial 13 with value: 0.0587921652434087.
[I 2025-08-01 09:15:32,225] Trial 24 finished with value: 0.06417847839096472 and parameters: {'min_abs_corr': 0.045688240660934375, 'max_pair_corr': 0.9810734700616358, 'n_estimators': 1441, 'learning_rate': 0.009487970412529401, 'max_depth': 10, 'min_child_weight': 0.002854312826186484, 'subsample': 0.94196909897356, 'colsample_bytree': 0.641467693580595, 'gamma': 0.062423207009439846, 'reg_alpha': 4.15782572878348, 'reg_lambda': 1.0630110551803287}. Best is trial 13 with value: 0.0587921652434087.
[I 2025-08-01 09:15:33,962] Trial 25 finished with value: 0.09505170532499188 and parameters: {'min_abs_corr': 0.08339929680264145, 'max_pair_corr': 0.9553492940573357, 'n_estimators': 1184, 'learning_rate': 0.0017464469425777607, 'max_depth': 2, 'min_child_weight': 0.002998502505512749, 'subsample': 0.9923328771890569, 'colsample_bytree': 0.569053225812507, 'gamma': 1.141468199419273, 'reg_alpha': 2.2178781343826413, 'reg_lambda': 2.6407512046114396}. Best is trial 13 with value: 0.0587921652434087.
[I 2025-08-01 09:15:36,470] Trial 26 finished with value: 0.08762338717584872 and parameters: {'min_abs_corr': 0.07436097292318959, 'max_pair_corr': 0.9392725127297392, 'n_estimators': 1303, 'learning_rate': 0.0037350971231880836, 'max_depth': 6, 'min_child_weight': 0.012304200710021035, 'subsample': 0.7028442513351851, 'colsample_bytree': 0.8504336269851224, 'gamma': 0.5534250437876903, 'reg_alpha': 2.949866834933749, 'reg_lambda': 1.9505184717709405}. Best is trial 13 with value: 0.0587921652434087.
[I 2025-08-01 09:15:38,708] Trial 27 finished with value: 0.08690832349431536 and parameters: {'min_abs_corr': 0.061630149230792165, 'max_pair_corr': 0.9797487900196332, 'n_estimators': 1488, 'learning_rate': 0.014609783003555098, 'max_depth': 14, 'min_child_weight': 0.07541929239613407, 'subsample': 0.8699186189462061, 'colsample_bytree': 0.7463705608030081, 'gamma': 1.0970390157379044, 'reg_alpha': 0.9841935389052487, 'reg_lambda': 2.4775281311422868}. Best is trial 13 with value: 0.0587921652434087.
[I 2025-08-01 09:15:56,750] Trial 28 finished with value: 0.05735471330609752 and parameters: {'min_abs_corr': 0.055369256168856996, 'max_pair_corr': 0.9673165013789368, 'n_estimators': 1071, 'learning_rate': 0.00162761597959813, 'max_depth': 11, 'min_child_weight': 0.002693277813130479, 'subsample': 0.9279124036397037, 'colsample_bytree': 0.9309199769800438, 'gamma': 0.003941042400143249, 'reg_alpha': 1.7455099324673098, 'reg_lambda': 1.2395791957980506}. Best is trial 28 with value: 0.05735471330609752.
[I 2025-08-01 09:15:59,914] Trial 29 finished with value: 0.07593041168431713 and parameters: {'min_abs_corr': 0.04772202779377348, 'max_pair_corr': 0.9486837799437784, 'n_estimators': 1101, 'learning_rate': 0.002676907273505778, 'max_depth': 12, 'min_child_weight': 0.005027089704170799, 'subsample': 0.9303037842964204, 'colsample_bytree': 0.9447688809333725, 'gamma': 0.5173765066044497, 'reg_alpha': 1.6311416296768821, 'reg_lambda': 0.8345209819881572}. Best is trial 28 with value: 0.05735471330609752.
[I 2025-08-01 09:16:01,459] Trial 30 finished with value: 0.10530642104976387 and parameters: {'min_abs_corr': 0.034984850286051805, 'max_pair_corr': 0.9892760818826923, 'n_estimators': 688, 'learning_rate': 0.0050145673563311175, 'max_depth': 15, 'min_child_weight': 0.0010750802551916868, 'subsample': 0.9632102511885, 'colsample_bytree': 0.9334029889121502, 'gamma': 2.2030043881661423, 'reg_alpha': 1.227343991995214, 'reg_lambda': 1.326522638462817}. Best is trial 28 with value: 0.05735471330609752.
[I 2025-08-01 09:16:06,072] Trial 31 finished with value: 0.0727624561471099 and parameters: {'min_abs_corr': 0.0542547710044829, 'max_pair_corr': 0.9678598918975686, 'n_estimators': 1195, 'learning_rate': 0.0015466052524136555, 'max_depth': 9, 'min_child_weight': 0.002364824201208523, 'subsample': 0.9065399749115375, 'colsample_bytree': 0.9082636722057467, 'gamma': 0.3315140554756843, 'reg_alpha': 1.9797075316589914, 'reg_lambda': 0.6075768471491333}. Best is trial 28 with value: 0.05735471330609752.
[I 2025-08-01 09:16:11,524] Trial 32 finished with value: 0.0579994981227225 and parameters: {'min_abs_corr': 0.05683957772429852, 'max_pair_corr': 0.957613976947943, 'n_estimators': 1053, 'learning_rate': 0.0030959532665585095, 'max_depth': 4, 'min_child_weight': 0.005269383434490507, 'subsample': 0.8572906393500376, 'colsample_bytree': 0.9949311823029372, 'gamma': 0.0637241422227213, 'reg_alpha': 2.3065686715755227, 'reg_lambda': 1.2554640644590394}. Best is trial 28 with value: 0.05735471330609752.
[I 2025-08-01 09:16:13,571] Trial 33 finished with value: 0.09352476832521085 and parameters: {'min_abs_corr': 0.057454684236153644, 'max_pair_corr': 0.956787872104839, 'n_estimators': 901, 'learning_rate': 0.002920325286381418, 'max_depth': 4, 'min_child_weight': 0.005598206060655292, 'subsample': 0.8561476470403361, 'colsample_bytree': 0.9902262039595557, 'gamma': 1.0222265328364444, 'reg_alpha': 2.414843433346116, 'reg_lambda': 1.2366545366100237}. Best is trial 28 with value: 0.05735471330609752.
[I 2025-08-01 09:16:15,690] Trial 34 finished with value: 0.0921312784648837 and parameters: {'min_abs_corr': 0.0376537670790576, 'max_pair_corr': 0.947436927668282, 'n_estimators': 1052, 'learning_rate': 0.0069572462800205175, 'max_depth': 4, 'min_child_weight': 0.025499785016779, 'subsample': 0.8077965257040273, 'colsample_bytree': 0.9988645521697533, 'gamma': 1.4011554123569299, 'reg_alpha': 0.5933051232473032, 'reg_lambda': 0.6658078029818284}. Best is trial 28 with value: 0.05735471330609752.
[I 2025-08-01 09:16:17,069] Trial 35 finished with value: 0.08028623094357194 and parameters: {'min_abs_corr': 0.07025965007776369, 'max_pair_corr': 0.977355714740652, 'n_estimators': 674, 'learning_rate': 0.019467351129713397, 'max_depth': 2, 'min_child_weight': 0.0064834095516653045, 'subsample': 0.9005938580022957, 'colsample_bytree': 0.9573047923380218, 'gamma': 0.4494443998935093, 'reg_alpha': 3.3474299569666375, 'reg_lambda': 2.378700370812161}. Best is trial 28 with value: 0.05735471330609752.
[I 2025-08-01 09:16:19,736] Trial 36 finished with value: 0.08982582872835432 and parameters: {'min_abs_corr': 0.0508296020048452, 'max_pair_corr': 0.9582378559860291, 'n_estimators': 1295, 'learning_rate': 0.0039016007699125463, 'max_depth': 11, 'min_child_weight': 0.002044677685065742, 'subsample': 0.7399850256759339, 'colsample_bytree': 0.8798660980468751, 'gamma': 0.791336358521689, 'reg_alpha': 2.383119919175889, 'reg_lambda': 4.86973879508497}. Best is trial 28 with value: 0.05735471330609752.
[I 2025-08-01 09:16:21,451] Trial 37 finished with value: 0.10963189258663439 and parameters: {'min_abs_corr': 0.026391951573461626, 'max_pair_corr': 0.9633567603780584, 'n_estimators': 855, 'learning_rate': 0.002445298335619147, 'max_depth': 5, 'min_child_weight': 0.25790865989100753, 'subsample': 0.9538204451207196, 'colsample_bytree': 0.9152430905699388, 'gamma': 4.327720995860396, 'reg_alpha': 1.4146664172710488, 'reg_lambda': 3.0024033067151676}. Best is trial 28 with value: 0.05735471330609752.
[I 2025-08-01 09:16:23,165] Trial 38 finished with value: 0.06748745083660318 and parameters: {'min_abs_corr': 0.04276698506216705, 'max_pair_corr': 0.9376974753276112, 'n_estimators': 959, 'learning_rate': 0.04034777519804922, 'max_depth': 12, 'min_child_weight': 1.327276648816281, 'subsample': 0.924035820869274, 'colsample_bytree': 0.8741486718023042, 'gamma': 0.2714569021441202, 'reg_alpha': 1.9169792222795792, 'reg_lambda': 0.40590289829941906}. Best is trial 28 with value: 0.05735471330609752.
[I 2025-08-01 09:16:24,608] Trial 39 finished with value: 0.09944807801306119 and parameters: {'min_abs_corr': 0.0795295878910138, 'max_pair_corr': 0.9262626406541646, 'n_estimators': 1083, 'learning_rate': 0.0013716323977582374, 'max_depth': 6, 'min_child_weight': 0.013681951874426439, 'subsample': 0.9877175531840406, 'colsample_bytree': 0.4061676251989948, 'gamma': 1.4746110071106024, 'reg_alpha': 1.7509332538048037, 'reg_lambda': 0.8412907580450844}. Best is trial 28 with value: 0.05735471330609752.
[I 2025-08-01 09:16:26,061] Trial 40 finished with value: 0.09905460314795256 and parameters: {'min_abs_corr': 0.005996188911844856, 'max_pair_corr': 0.9830922333403355, 'n_estimators': 554, 'learning_rate': 0.012547514147704766, 'max_depth': 3, 'min_child_weight': 0.034415976448608554, 'subsample': 0.8826858083868753, 'colsample_bytree': 0.962491049610945, 'gamma': 1.882928944601877, 'reg_alpha': 0.6862094228192104, 'reg_lambda': 0.054919243003719975}. Best is trial 28 with value: 0.05735471330609752.
[I 2025-08-01 09:16:33,712] Trial 41 finished with value: 0.06345509922986357 and parameters: {'min_abs_corr': 0.0621260633380915, 'max_pair_corr': 0.9700297156566071, 'n_estimators': 1243, 'learning_rate': 0.001690893464609946, 'max_depth': 7, 'min_child_weight': 0.003436936410590419, 'subsample': 0.7950536528083758, 'colsample_bytree': 0.8211870564693065, 'gamma': 0.04099386581559757, 'reg_alpha': 2.8400372435589727, 'reg_lambda': 1.7727868706196888}. Best is trial 28 with value: 0.05735471330609752.
[I 2025-08-01 09:16:53,311] Trial 42 finished with value: 0.05825615346544448 and parameters: {'min_abs_corr': 0.05655995019084388, 'max_pair_corr': 0.9716061618957225, 'n_estimators': 1389, 'learning_rate': 0.001583111202024327, 'max_depth': 9, 'min_child_weight': 0.004156626231010337, 'subsample': 0.8409724295066775, 'colsample_bytree': 0.9184033736036309, 'gamma': 0.003327594656047865, 'reg_alpha': 2.6893659917339883, 'reg_lambda': 1.590802799447164}. Best is trial 28 with value: 0.05735471330609752.
