[I 2025-08-01 09:46:30,221] Trial 423 finished with value: 0.046893846198894515 and parameters: {'min_abs_corr': 0.02837016811105328, 'max_pair_corr': 0.9877500963284872, 'n_estimators': 918, 'learning_rate': 0.016180084748458338, 'max_depth': 16, 'min_child_weight': 4.897324296158297, 'subsample': 0.6469442050648881, 'colsample_bytree': 0.5716387745178843, 'gamma': 0.0905646035897856, 'reg_alpha': 0.09629554551480207, 'reg_lambda': 2.149247237344548}. Best is trial 355 with value: 0.031237053151983718.
[I 2025-08-01 09:46:31,836] Trial 424 finished with value: 0.06810381038644724 and parameters: {'min_abs_corr': 0.014088644898058255, 'max_pair_corr': 0.954559909976695, 'n_estimators': 981, 'learning_rate': 0.01403819911365969, 'max_depth': 15, 'min_child_weight': 0.18615874061709675, 'subsample': 0.6333591307417534, 'colsample_bytree': 0.5412455736332327, 'gamma': 0.48264311179935915, 'reg_alpha': 0.15222227156748128, 'reg_lambda': 2.0997212298536634}. Best is trial 355 with value: 0.031237053151983718.
[I 2025-08-01 09:46:38,921] Trial 425 finished with value: 0.032744975896026714 and parameters: {'min_abs_corr': 0.02609936785382243, 'max_pair_corr': 0.9574591484218427, 'n_estimators': 893, 'learning_rate': 0.011427182426057315, 'max_depth': 16, 'min_child_weight': 0.11612926273718496, 'subsample': 0.8546452066652446, 'colsample_bytree': 0.5616262531804807, 'gamma': 0.0016002535824693092, 'reg_alpha': 0.07507502753968609, 'reg_lambda': 1.6875583650526371}. Best is trial 355 with value: 0.031237053151983718.
[I 2025-08-01 09:46:40,358] Trial 426 finished with value: 0.10958422812256621 and parameters: {'min_abs_corr': 0.02536204082963478, 'max_pair_corr': 0.9470855333012219, 'n_estimators': 877, 'learning_rate': 0.012118564391431346, 'max_depth': 15, 'min_child_weight': 0.006499770995108785, 'subsample': 0.6216462377965956, 'colsample_bytree': 0.5648477544554146, 'gamma': 4.036385645469275, 'reg_alpha': 0.08778456665013362, 'reg_lambda': 1.5647796385730495}. Best is trial 355 with value: 0.031237053151983718.
[I 2025-08-01 09:46:42,086] Trial 427 finished with value: 0.06265810781120716 and parameters: {'min_abs_corr': 0.026852783546366717, 'max_pair_corr': 0.9804721563050758, 'n_estimators': 659, 'learning_rate': 0.009818391806799574, 'max_depth': 14, 'min_child_weight': 0.11879645249952152, 'subsample': 0.8508042361745944, 'colsample_bytree': 0.5742850792634845, 'gamma': 0.3529134525946179, 'reg_alpha': 0.26314726775898134, 'reg_lambda': 4.20099336156915}. Best is trial 355 with value: 0.031237053151983718.
[I 2025-08-01 09:46:43,215] Trial 428 finished with value: 0.10956831102590134 and parameters: {'min_abs_corr': 0.07933619411651287, 'max_pair_corr': 0.9570765376892646, 'n_estimators': 901, 'learning_rate': 0.01099971496654468, 'max_depth': 15, 'min_child_weight': 0.24371249335790404, 'subsample': 0.5313560500996402, 'colsample_bytree': 0.4486259967508666, 'gamma': 3.5364781519885087, 'reg_alpha': 0.07823145612129584, 'reg_lambda': 1.6838265069327933}. Best is trial 355 with value: 0.031237053151983718.
[I 2025-08-01 09:46:45,835] Trial 429 finished with value: 0.05728673487185617 and parameters: {'min_abs_corr': 0.025761158328249392, 'max_pair_corr': 0.9621916204434179, 'n_estimators': 1276, 'learning_rate': 0.013453723988808826, 'max_depth': 16, 'min_child_weight': 0.14136481925244734, 'subsample': 0.8629702213210797, 'colsample_bytree': 0.5565740565886795, 'gamma': 0.24451735682864045, 'reg_alpha': 0.18891005102651792, 'reg_lambda': 1.768455673537252}. Best is trial 355 with value: 0.031237053151983718.
[I 2025-08-01 09:46:53,203] Trial 430 finished with value: 0.03195315700723639 and parameters: {'min_abs_corr': 0.024501403433034807, 'max_pair_corr': 0.9579852702912921, 'n_estimators': 888, 'learning_rate': 0.012015256876911512, 'max_depth': 16, 'min_child_weight': 0.1860657463569574, 'subsample': 0.6423810957437429, 'colsample_bytree': 0.532672623111405, 'gamma': 0.0014292228360017177, 'reg_alpha': 0.00232742349387645, 'reg_lambda': 1.8731233155671156}. Best is trial 355 with value: 0.031237053151983718.
[I 2025-08-01 09:46:54,365] Trial 431 finished with value: 0.05310605682479015 and parameters: {'min_abs_corr': 0.023652685653997464, 'max_pair_corr': 0.9521803584103312, 'n_estimators': 202, 'learning_rate': 0.009978077204582237, 'max_depth': 15, 'min_child_weight': 0.2056006442755241, 'subsample': 0.6592194577871374, 'colsample_bytree': 0.46417034709540345, 'gamma': 0.09914168639672, 'reg_alpha': 0.017966755656191154, 'reg_lambda': 1.8171257282601345}. Best is trial 355 with value: 0.031237053151983718.
[I 2025-08-01 09:46:55,988] Trial 432 finished with value: 0.05270155732227043 and parameters: {'min_abs_corr': 0.09673614321235313, 'max_pair_corr': 0.9596895813564607, 'n_estimators': 892, 'learning_rate': 0.0150415375147622, 'max_depth': 16, 'min_child_weight': 0.32279598022296085, 'subsample': 0.6424652463783838, 'colsample_bytree': 0.5791321597209118, 'gamma': 0.16805279041201818, 'reg_alpha': 0.0010732277428737108, 'reg_lambda': 1.8840424752930456}. Best is trial 355 with value: 0.031237053151983718.
[I 2025-08-01 09:46:59,241] Trial 433 finished with value: 0.04696102088112032 and parameters: {'min_abs_corr': 0.012563617057094443, 'max_pair_corr': 0.9779340352077862, 'n_estimators': 1235, 'learning_rate': 0.012071589252448237, 'max_depth': 16, 'min_child_weight': 0.25618374545059536, 'subsample': 0.5127682432664119, 'colsample_bytree': 0.5418531392134993, 'gamma': 0.08583426087628813, 'reg_alpha': 0.005087417012743331, 'reg_lambda': 1.672856381880085}. Best is trial 355 with value: 0.031237053151983718.
[I 2025-08-01 09:47:01,066] Trial 434 finished with value: 0.05820502262452674 and parameters: {'min_abs_corr': 0.02445763180232198, 'max_pair_corr': 0.956543868961119, 'n_estimators': 931, 'learning_rate': 0.018317245193286164, 'max_depth': 15, 'min_child_weight': 0.003696599687518996, 'subsample': 0.65359565047476, 'colsample_bytree': 0.4768566881385211, 'gamma': 0.26893421031243, 'reg_alpha': 0.0027117236447215167, 'reg_lambda': 1.8911062603416153}. Best is trial 355 with value: 0.031237053151983718.
[I 2025-08-01 09:47:03,568] Trial 435 finished with value: 0.047606764163480454 and parameters: {'min_abs_corr': 0.02765805302324475, 'max_pair_corr': 0.9602330436166785, 'n_estimators': 921, 'learning_rate': 0.008845675644266691, 'max_depth': 14, 'min_child_weight': 0.20755453035237537, 'subsample': 0.6720603558247992, 'colsample_bytree': 0.5653456289948479, 'gamma': 0.08759802823985015, 'reg_alpha': 0.10682640703304395, 'reg_lambda': 1.4805143146615523}. Best is trial 355 with value: 0.031237053151983718.
[I 2025-08-01 09:47:05,684] Trial 436 finished with value: 0.054043681382232214 and parameters: {'min_abs_corr': 0.010386937895602338, 'max_pair_corr': 0.9536315821679874, 'n_estimators': 884, 'learning_rate': 0.010309108724723874, 'max_depth': 16, 'min_child_weight': 0.16526189281094536, 'subsample': 0.6389087257856658, 'colsample_bytree': 0.5298193473020546, 'gamma': 0.16854373949077173, 'reg_alpha': 0.11553585397428304, 'reg_lambda': 1.9520891333453148}. Best is trial 355 with value: 0.031237053151983718.
[I 2025-08-01 09:47:10,413] Trial 437 finished with value: 0.03465624603390605 and parameters: {'min_abs_corr': 0.016327204325302155, 'max_pair_corr': 0.9585105773909446, 'n_estimators': 860, 'learning_rate': 0.013196424994585326, 'max_depth': 15, 'min_child_weight': 0.32391674106616786, 'subsample': 0.5158935874139219, 'colsample_bytree': 0.5498806627839595, 'gamma': 0.003608356251719871, 'reg_alpha': 0.1962596051627054, 'reg_lambda': 1.6960376674004611}. Best is trial 355 with value: 0.031237053151983718.
[I 2025-08-01 09:47:16,873] Trial 438 finished with value: 0.03243403427376845 and parameters: {'min_abs_corr': 0.021061580028105736, 'max_pair_corr': 0.9540492456647122, 'n_estimators': 912, 'learning_rate': 0.034600463744116, 'max_depth': 16, 'min_child_weight': 0.16646149658584256, 'subsample': 0.6187623580471567, 'colsample_bytree': 0.8016481956161166, 'gamma': 0.0003928152821140255, 'reg_alpha': 0.001314796443129193, 'reg_lambda': 1.8319197608383162}. Best is trial 355 with value: 0.031237053151983718.
[I 2025-08-01 09:47:18,662] Trial 439 finished with value: 0.06390094893758572 and parameters: {'min_abs_corr': 0.021447654746485512, 'max_pair_corr': 0.9555866707513706, 'n_estimators': 910, 'learning_rate': 0.011823538990364202, 'max_depth': 15, 'min_child_weight': 0.2390432616375842, 'subsample': 0.6168070352552955, 'colsample_bytree': 0.4920482255262738, 'gamma': 0.09409224020807795, 'reg_alpha': 2.5263471144905987, 'reg_lambda': 2.0188880528361555}. Best is trial 355 with value: 0.031237053151983718.
[I 2025-08-01 09:47:20,465] Trial 440 finished with value: 0.05818745451234928 and parameters: {'min_abs_corr': 0.023983641076593433, 'max_pair_corr': 0.9552733893072346, 'n_estimators': 947, 'learning_rate': 0.014692353575248913, 'max_depth': 16, 'min_child_weight': 0.3966757925848602, 'subsample': 0.5000001564502087, 'colsample_bytree': 0.5061987725348788, 'gamma': 0.19637098393215674, 'reg_alpha': 0.3180800741266221, 'reg_lambda': 1.7855359607907606}. Best is trial 355 with value: 0.031237053151983718.
[I 2025-08-01 09:47:22,144] Trial 441 finished with value: 0.05234424673514472 and parameters: {'min_abs_corr': 0.029031015439370242, 'max_pair_corr': 0.9571509120296073, 'n_estimators': 289, 'learning_rate': 0.008091557906333873, 'max_depth': 16, 'min_child_weight': 0.18433509631443334, 'subsample': 0.613919121505994, 'colsample_bytree': 0.6838214472189684, 'gamma': 0.09188506645237708, 'reg_alpha': 0.09195029119183507, 'reg_lambda': 1.8789192827101822}. Best is trial 355 with value: 0.031237053151983718.
[I 2025-08-01 09:47:24,270] Trial 442 finished with value: 0.061283314437303074 and parameters: {'min_abs_corr': 0.02626467971728117, 'max_pair_corr': 0.9523350021745948, 'n_estimators': 935, 'learning_rate': 0.04112978114715623, 'max_depth': 16, 'min_child_weight': 0.019870108033342673, 'subsample': 0.5227869641646491, 'colsample_bytree': 0.8919859180208999, 'gamma': 0.3057616952351805, 'reg_alpha': 0.14759986313808443, 'reg_lambda': 1.936794429448593}. Best is trial 355 with value: 0.031237053151983718.
[I 2025-08-01 09:47:26,271] Trial 443 finished with value: 0.04625488417706582 and parameters: {'min_abs_corr': 0.02293832933480793, 'max_pair_corr': 0.950786271507052, 'n_estimators': 898, 'learning_rate': 0.03178490142650694, 'max_depth': 15, 'min_child_weight': 0.24979696811110377, 'subsample': 0.6254840276454865, 'colsample_bytree': 0.5984463972773566, 'gamma': 0.08666078328311318, 'reg_alpha': 0.0011893683865938868, 'reg_lambda': 2.0841776385967172}. Best is trial 355 with value: 0.031237053151983718.
[I 2025-08-01 09:47:29,018] Trial 444 finished with value: 0.05585303613099999 and parameters: {'min_abs_corr': 0.024886348050024428, 'max_pair_corr': 0.9599876861262799, 'n_estimators': 1252, 'learning_rate': 0.01082767608148093, 'max_depth': 15, 'min_child_weight': 0.11628280171240453, 'subsample': 0.6480634307168985, 'colsample_bytree': 0.5842276110496862, 'gamma': 0.1933267832473669, 'reg_alpha': 0.2608421771100909, 'reg_lambda': 1.8317677779747694}. Best is trial 355 with value: 0.031237053151983718.
[I 2025-08-01 09:47:34,597] Trial 445 finished with value: 0.034124137215590135 and parameters: {'min_abs_corr': 0.021006567317934738, 'max_pair_corr': 0.9538223556936211, 'n_estimators': 1302, 'learning_rate': 0.01623885330882837, 'max_depth': 16, 'min_child_weight': 0.3562603813607029, 'subsample': 0.5125979892166715, 'colsample_bytree': 0.8155708255092249, 'gamma': 0.0045487175001114565, 'reg_alpha': 0.16242143604060677, 'reg_lambda': 2.0000999777589126}. Best is trial 355 with value: 0.031237053151983718.
[I 2025-08-01 09:47:37,526] Trial 446 finished with value: 0.032788565167421624 and parameters: {'min_abs_corr': 0.027492913459906836, 'max_pair_corr': 0.958906774735999, 'n_estimators': 877, 'learning_rate': 0.04401357603608488, 'max_depth': 13, 'min_child_weight': 0.15869268731440633, 'subsample': 0.5342987595235907, 'colsample_bytree': 0.48043884809049536, 'gamma': 0.001982262585386624, 'reg_alpha': 0.09465359216007557, 'reg_lambda': 1.5747086112541109}. Best is trial 355 with value: 0.031237053151983718.
[I 2025-08-01 09:47:39,188] Trial 447 finished with value: 0.09675639389217519 and parameters: {'min_abs_corr': 0.022644593834418726, 'max_pair_corr': 0.9487936976323529, 'n_estimators': 874, 'learning_rate': 0.009086766222115412, 'max_depth': 14, 'min_child_weight': 0.18849183053877788, 'subsample': 0.5417662583083542, 'colsample_bytree': 0.4747997214164049, 'gamma': 1.5265978052642168, 'reg_alpha': 0.0008906913627805524, 'reg_lambda': 1.467160441689388}. Best is trial 355 with value: 0.031237053151983718.
[I 2025-08-01 09:47:40,880] Trial 448 finished with value: 0.05349590063197429 and parameters: {'min_abs_corr': 0.027114964586436915, 'max_pair_corr': 0.9578399226377543, 'n_estimators': 920, 'learning_rate': 0.03743021633184293, 'max_depth': 12, 'min_child_weight': 0.303267444116056, 'subsample': 0.5338301533118601, 'colsample_bytree': 0.4591912915172468, 'gamma': 0.1653172201193273, 'reg_alpha': 0.10102516236169033, 'reg_lambda': 1.3007901061667395}. Best is trial 355 with value: 0.031237053151983718.
[I 2025-08-01 09:47:44,150] Trial 449 finished with value: 0.032974236905914625 and parameters: {'min_abs_corr': 0.024664745022396406, 'max_pair_corr': 0.962574597660244, 'n_estimators': 889, 'learning_rate': 0.05949450494364231, 'max_depth': 13, 'min_child_weight': 0.15995391349595875, 'subsample': 0.5546851356157648, 'colsample_bytree': 0.7013167639117174, 'gamma': 0.0018249202631705768, 'reg_alpha': 0.10053852599442616, 'reg_lambda': 1.6020548981333849}. Best is trial 355 with value: 0.031237053151983718.
[I 2025-08-01 09:47:46,224] Trial 450 finished with value: 0.06379556441854646 and parameters: {'min_abs_corr': 0.024819375947038928, 'max_pair_corr': 0.9602540412980469, 'n_estimators': 904, 'learning_rate': 0.06739769348686234, 'max_depth': 13, 'min_child_weight': 0.1544914369395934, 'subsample': 0.5471215302762135, 'colsample_bytree': 0.933632105181965, 'gamma': 0.3759703424290951, 'reg_alpha': 0.10633961157688962, 'reg_lambda': 1.5634780202437262}. Best is trial 355 with value: 0.031237053151983718.
[I 2025-08-01 09:47:48,114] Trial 451 finished with value: 0.049103848731969234 and parameters: {'min_abs_corr': 0.023337325677588353, 'max_pair_corr': 0.9559736532512639, 'n_estimators': 878, 'learning_rate': 0.050632534533576835, 'max_depth': 13, 'min_child_weight': 0.11034399300101173, 'subsample': 0.5269535361352735, 'colsample_bytree': 0.6540220265805814, 'gamma': 0.09809176344090702, 'reg_alpha': 0.08756547095338525, 'reg_lambda': 2.967678591798176}. Best is trial 355 with value: 0.031237053151983718.
[I 2025-08-01 09:47:50,074] Trial 452 finished with value: 0.05794852855512317 and parameters: {'min_abs_corr': 0.027077754082144738, 'max_pair_corr': 0.956522482290895, 'n_estimators': 963, 'learning_rate': 0.052266843528711714, 'max_depth': 13, 'min_child_weight': 0.15984961949662987, 'subsample': 0.5456536704702526, 'colsample_bytree': 0.7989967775176761, 'gamma': 0.2561504245761973, 'reg_alpha': 0.08502004741136981, 'reg_lambda': 0.8179773147956959}. Best is trial 355 with value: 0.031237053151983718.
[I 2025-08-01 09:47:52,591] Trial 453 finished with value: 0.0334891758001451 and parameters: {'min_abs_corr': 0.030242643918605917, 'max_pair_corr': 0.9622916384442305, 'n_estimators': 909, 'learning_rate': 0.06813773475045463, 'max_depth': 13, 'min_child_weight': 0.0980077196812863, 'subsample': 0.5570753151284232, 'colsample_bytree': 0.7464419086431573, 'gamma': 0.004422095317029824, 'reg_alpha': 0.0007130433772092105, 'reg_lambda': 1.6104732107321063}. Best is trial 355 with value: 0.031237053151983718.
[I 2025-08-01 09:47:54,494] Trial 454 finished with value: 0.05322652535463797 and parameters: {'min_abs_corr': 0.021026306361383442, 'max_pair_corr': 0.9591811831242446, 'n_estimators': 943, 'learning_rate': 0.046890126092212256, 'max_depth': 15, 'min_child_weight': 0.18934190686238797, 'subsample': 0.5295801924771659, 'colsample_bytree': 0.7809915856512974, 'gamma': 0.15815150493011895, 'reg_alpha': 0.18414220304664425, 'reg_lambda': 1.7663656454419625}. Best is trial 355 with value: 0.031237053151983718.
[I 2025-08-01 09:47:56,265] Trial 455 finished with value: 0.04740963933821239 and parameters: {'min_abs_corr': 0.024807715498713474, 'max_pair_corr': 0.9621357875695724, 'n_estimators': 890, 'learning_rate': 0.057962615299706116, 'max_depth': 13, 'min_child_weight': 0.12570305933835124, 'subsample': 0.5187645359193312, 'colsample_bytree': 0.7012391113904077, 'gamma': 0.08637360163927235, 'reg_alpha': 0.09505629955509687, 'reg_lambda': 4.008171009398298}. Best is trial 355 with value: 0.031237053151983718.
[I 2025-08-01 09:47:58,623] Trial 456 finished with value: 0.03493107351338965 and parameters: {'min_abs_corr': 0.02639892343733701, 'max_pair_corr': 0.9585352079474119, 'n_estimators': 927, 'learning_rate': 0.05139621614171029, 'max_depth': 12, 'min_child_weight': 0.20702105096573065, 'subsample': 0.5396730833416826, 'colsample_bytree': 0.4464396892469111, 'gamma': 0.003690000090203593, 'reg_alpha': 0.21005140700644193, 'reg_lambda': 1.6819060483641008}. Best is trial 355 with value: 0.031237053151983718.
[I 2025-08-01 09:48:00,381] Trial 457 finished with value: 0.054295474455730984 and parameters: {'min_abs_corr': 0.02246433607085407, 'max_pair_corr': 0.9607087434053454, 'n_estimators': 863, 'learning_rate': 0.03624773413744928, 'max_depth': 13, 'min_child_weight': 0.15049297571240328, 'subsample': 0.5361441573419509, 'colsample_bytree': 0.719977648532769, 'gamma': 0.1786817406710355, 'reg_alpha': 0.07618481311002992, 'reg_lambda': 1.3623144889277108}. Best is trial 355 with value: 0.031237053151983718.
[I 2025-08-01 09:48:02,092] Trial 458 finished with value: 0.07665145081340688 and parameters: {'min_abs_corr': 0.019386187791394355, 'max_pair_corr': 0.9527182365773803, 'n_estimators': 894, 'learning_rate': 0.1082918119647404, 'max_depth': 12, 'min_child_weight': 0.0868757134691266, 'subsample': 0.5217299975873194, 'colsample_bytree': 0.8762119832428882, 'gamma': 0.09167165439632498, 'reg_alpha': 4.692822529751362, 'reg_lambda': 4.81750154059383}. Best is trial 355 with value: 0.031237053151983718.
[I 2025-08-01 09:48:04,587] Trial 459 finished with value: 0.03357451869306319 and parameters: {'min_abs_corr': 0.028632020500846393, 'max_pair_corr': 0.9647655089910777, 'n_estimators': 869, 'learning_rate': 0.05766775235793916, 'max_depth': 14, 'min_child_weight': 0.12447391624098997, 'subsample': 0.8242747440242602, 'colsample_bytree': 0.47604941682389845, 'gamma': 0.0011833653145139173, 'reg_alpha': 0.18692887842960232, 'reg_lambda': 1.574081481023375}. Best is trial 355 with value: 0.031237053151983718.
[I 2025-08-01 09:48:05,438] Trial 460 finished with value: 0.05981923344160989 and parameters: {'min_abs_corr': 0.024888093955358133, 'max_pair_corr': 0.9546044407051473, 'n_estimators': 427, 'learning_rate': 0.07796074684348653, 'max_depth': 14, 'min_child_weight': 0.17646960647023222, 'subsample': 0.5067197594157783, 'colsample_bytree': 0.48762167720628197, 'gamma': 0.2663624390760295, 'reg_alpha': 0.29355337356334127, 'reg_lambda': 1.646357993361824}. Best is trial 355 with value: 0.031237053151983718.
[I 2025-08-01 09:48:10,551] Trial 461 finished with value: 0.03277668242811702 and parameters: {'min_abs_corr': 0.022976892485791888, 'max_pair_corr': 0.956728985449463, 'n_estimators': 1216, 'learning_rate': 0.041971062240184404, 'max_depth': 15, 'min_child_weight': 0.42453495425489607, 'subsample': 0.557768441276899, 'colsample_bytree': 0.7362468030877852, 'gamma': 0.0011531251498737131, 'reg_alpha': 0.0009475229068444871, 'reg_lambda': 1.8062022642263447}. Best is trial 355 with value: 0.031237053151983718.
[I 2025-08-01 09:48:13,112] Trial 462 finished with value: 0.0506383562392231 and parameters: {'min_abs_corr': 0.02236473742440141, 'max_pair_corr': 0.95559682136723, 'n_estimators': 1215, 'learning_rate': 0.046856013174167765, 'max_depth': 14, 'min_child_weight': 0.007208773613508623, 'subsample': 0.7976570370851137, 'colsample_bytree': 0.7268297760797071, 'gamma': 0.14657641931180795, 'reg_alpha': 0.011901465936101835, 'reg_lambda': 1.7844347001175576}. Best is trial 355 with value: 0.031237053151983718.
[I 2025-08-01 09:48:15,135] Trial 463 finished with value: 0.10073488290895818 and parameters: {'min_abs_corr': 0.023512063434761372, 'max_pair_corr': 0.9632004112609245, 'n_estimators': 953, 'learning_rate': 0.007824459996824719, 'max_depth': 15, 'min_child_weight': 0.228370215280614, 'subsample': 0.5644447999025696, 'colsample_bytree': 0.7728618399220656, 'gamma': 1.8231221224641798, 'reg_alpha': 0.007189157572230681, 'reg_lambda': 1.7334426374581573}. Best is trial 355 with value: 0.031237053151983718.
[I 2025-08-01 09:48:17,565] Trial 464 finished with value: 0.04864450339915726 and parameters: {'min_abs_corr': 0.02582367503579367, 'max_pair_corr': 0.9577266206426351, 'n_estimators': 1195, 'learning_rate': 0.0413366405720953, 'max_depth': 15, 'min_child_weight': 0.09634657192619855, 'subsample': 0.5401666127811175, 'colsample_bytree': 0.676873185383445, 'gamma': 0.0949086412119813, 'reg_alpha': 0.09868488697786813, 'reg_lambda': 1.8566436496686085}. Best is trial 355 with value: 0.031237053151983718.
