[I 2025-08-01 09:58:29,471] Trial 675 finished with value: 0.055621266330102656 and parameters: {'min_abs_corr': 0.02731759841223343, 'max_pair_corr': 0.9850153480317084, 'n_estimators': 747, 'learning_rate': 0.007348190025580593, 'max_depth': 16, 'min_child_weight': 0.0829743715030638, 'subsample': 0.5612525740466137, 'colsample_bytree': 0.46004883665822527, 'gamma': 0.19832277463683945, 'reg_alpha': 0.0011304557340609386, 'reg_lambda': 0.9579421747702421}. Best is trial 355 with value: 0.031237053151983718.
[I 2025-08-01 09:58:34,581] Trial 676 finished with value: 0.034578692366397545 and parameters: {'min_abs_corr': 0.0322193140888691, 'max_pair_corr': 0.9898589557628127, 'n_estimators': 803, 'learning_rate': 0.014231036877923355, 'max_depth': 18, 'min_child_weight': 0.11241227189306108, 'subsample': 0.5372254527711836, 'colsample_bytree': 0.552628027264327, 'gamma': 0.005318064732424218, 'reg_alpha': 0.1785104149644547, 'reg_lambda': 0.747899709655687}. Best is trial 355 with value: 0.031237053151983718.
[I 2025-08-01 09:58:36,563] Trial 677 finished with value: 0.0616667357615686 and parameters: {'min_abs_corr': 0.029230009116707943, 'max_pair_corr': 0.98194004317953, 'n_estimators': 780, 'learning_rate': 0.0109600675225895, 'max_depth': 17, 'min_child_weight': 0.10719923413683843, 'subsample': 0.5520434934336877, 'colsample_bytree': 0.5663464904186876, 'gamma': 0.08593621537975434, 'reg_alpha': 2.0466091608679724, 'reg_lambda': 0.6830098243638623}. Best is trial 355 with value: 0.031237053151983718.
[I 2025-08-01 09:58:41,663] Trial 678 finished with value: 0.034819083688553805 and parameters: {'min_abs_corr': 0.0565329814073181, 'max_pair_corr': 0.9865941947698603, 'n_estimators': 798, 'learning_rate': 0.012114443836733005, 'max_depth': 18, 'min_child_weight': 1.1510593864664116, 'subsample': 0.528455712570352, 'colsample_bytree': 0.548411568519487, 'gamma': 0.0034487789860053577, 'reg_alpha': 0.2769427591919433, 'reg_lambda': 1.0543719062189087}. Best is trial 355 with value: 0.031237053151983718.
[I 2025-08-01 09:58:43,585] Trial 679 finished with value: 0.05434164125577491 and parameters: {'min_abs_corr': 0.025753393861667834, 'max_pair_corr': 0.9844378025072633, 'n_estimators': 771, 'learning_rate': 0.009638908515490497, 'max_depth': 16, 'min_child_weight': 0.08187665880657696, 'subsample': 0.5224675173117365, 'colsample_bytree': 0.4741979123519627, 'gamma': 0.17983194230822114, 'reg_alpha': 0.0016543372138635307, 'reg_lambda': 0.9038720784047001}. Best is trial 355 with value: 0.031237053151983718.
[I 2025-08-01 09:58:45,110] Trial 680 finished with value: 0.06447532951495874 and parameters: {'min_abs_corr': 0.05694258074652156, 'max_pair_corr': 0.9608292297338916, 'n_estimators': 818, 'learning_rate': 0.014056551865231416, 'max_depth': 17, 'min_child_weight': 0.13855141397852405, 'subsample': 0.546143521653923, 'colsample_bytree': 0.4825356496326128, 'gamma': 0.08906597471368209, 'reg_alpha': 2.413927586494066, 'reg_lambda': 0.5748735288354132}. Best is trial 355 with value: 0.031237053151983718.
[I 2025-08-01 09:58:54,295] Trial 681 finished with value: 0.0322953388057416 and parameters: {'min_abs_corr': 0.02420352930280879, 'max_pair_corr': 0.9875490280331171, 'n_estimators': 743, 'learning_rate': 0.012977781253222758, 'max_depth': 18, 'min_child_weight': 0.10933229219603119, 'subsample': 0.5772095309384091, 'colsample_bytree': 0.5806918100594294, 'gamma': 0.001501245628772593, 'reg_alpha': 0.0018021388424793866, 'reg_lambda': 0.8790558475775894}. Best is trial 355 with value: 0.031237053151983718.
[I 2025-08-01 09:58:56,638] Trial 682 finished with value: 0.06336897524375426 and parameters: {'min_abs_corr': 0.054074763255425096, 'max_pair_corr': 0.9889948419331631, 'n_estimators': 734, 'learning_rate': 0.007911336888902639, 'max_depth': 18, 'min_child_weight': 0.09807124731918329, 'subsample': 0.5959847817181461, 'colsample_bytree': 0.8351096946431307, 'gamma': 0.22215430538277833, 'reg_alpha': 1.00692985670503, 'reg_lambda': 0.7671724286255512}. Best is trial 355 with value: 0.031237053151983718.
[I 2025-08-01 09:58:58,650] Trial 683 finished with value: 0.04811699401430776 and parameters: {'min_abs_corr': 0.022705176528717046, 'max_pair_corr': 0.9877683830054904, 'n_estimators': 678, 'learning_rate': 0.015521605065998282, 'max_depth': 18, 'min_child_weight': 0.06678223696727338, 'subsample': 0.5702230712037517, 'colsample_bytree': 0.5570290019167535, 'gamma': 0.09445613146814645, 'reg_alpha': 0.07110429120963027, 'reg_lambda': 1.0871707162771391}. Best is trial 355 with value: 0.031237053151983718.
[I 2025-08-01 09:59:00,654] Trial 684 finished with value: 0.06153986680834518 and parameters: {'min_abs_corr': 0.02383767824993961, 'max_pair_corr': 0.9878305943108607, 'n_estimators': 697, 'learning_rate': 0.011039779395826604, 'max_depth': 17, 'min_child_weight': 0.05450957885067024, 'subsample': 0.5609338935615524, 'colsample_bytree': 0.5433605398117279, 'gamma': 0.3082179151863112, 'reg_alpha': 0.0932545309031453, 'reg_lambda': 0.8698652026905207}. Best is trial 355 with value: 0.031237053151983718.
[I 2025-08-01 09:59:07,259] Trial 685 finished with value: 0.03291869298838728 and parameters: {'min_abs_corr': 0.05264255024568307, 'max_pair_corr': 0.9860263092617025, 'n_estimators': 731, 'learning_rate': 0.012501068200004945, 'max_depth': 17, 'min_child_weight': 0.8040164682665181, 'subsample': 0.5866221485609666, 'colsample_bytree': 0.5676909231408943, 'gamma': 0.0029349790955901, 'reg_alpha': 8.95372443122486e-05, 'reg_lambda': 0.8505308370426164}. Best is trial 355 with value: 0.031237053151983718.
[I 2025-08-01 09:59:08,964] Trial 686 finished with value: 0.0521334911421507 and parameters: {'min_abs_corr': 0.055974304284769946, 'max_pair_corr': 0.9876547219039983, 'n_estimators': 758, 'learning_rate': 0.01708180481638286, 'max_depth': 18, 'min_child_weight': 0.07623040374170231, 'subsample': 0.5716243902276373, 'colsample_bytree': 0.5368357139763276, 'gamma': 0.15133301142257863, 'reg_alpha': 0.08682828506219682, 'reg_lambda': 0.7205992576523855}. Best is trial 355 with value: 0.031237053151983718.
[I 2025-08-01 09:59:10,308] Trial 687 finished with value: 0.049456855367526614 and parameters: {'min_abs_corr': 0.053858564193268774, 'max_pair_corr': 0.9836720869311119, 'n_estimators': 720, 'learning_rate': 0.0821408695162319, 'max_depth': 18, 'min_child_weight': 0.09278637069304937, 'subsample': 0.5759646241539097, 'colsample_bytree': 0.5773802202626421, 'gamma': 0.10343839164308848, 'reg_alpha': 0.17415807752247997, 'reg_lambda': 0.7817508773781181}. Best is trial 355 with value: 0.031237053151983718.
[I 2025-08-01 09:59:18,723] Trial 688 finished with value: 0.03209796287153453 and parameters: {'min_abs_corr': 0.06274062414445611, 'max_pair_corr': 0.985129024267685, 'n_estimators': 766, 'learning_rate': 0.010107257307053742, 'max_depth': 17, 'min_child_weight': 0.11761946761784564, 'subsample': 0.5396791505078516, 'colsample_bytree': 0.4941743601698919, 'gamma': 0.0018894522700430042, 'reg_alpha': 0.0007273763707338204, 'reg_lambda': 0.8702460052653146}. Best is trial 355 with value: 0.031237053151983718.
[I 2025-08-01 09:59:20,709] Trial 689 finished with value: 0.05791733631407244 and parameters: {'min_abs_corr': 0.041754151061338424, 'max_pair_corr': 0.9854789471311283, 'n_estimators': 755, 'learning_rate': 0.01000275792936964, 'max_depth': 17, 'min_child_weight': 0.10879036563838915, 'subsample': 0.5367013371783447, 'colsample_bytree': 0.48402026578373175, 'gamma': 0.24023634620681647, 'reg_alpha': 0.0011028032109288094, 'reg_lambda': 0.766328100531577}. Best is trial 355 with value: 0.031237053151983718.
[I 2025-08-01 09:59:34,044] Trial 690 finished with value: 0.03200409923549453 and parameters: {'min_abs_corr': 0.06050139626977606, 'max_pair_corr': 0.9855666838428874, 'n_estimators': 734, 'learning_rate': 0.008105585992112507, 'max_depth': 17, 'min_child_weight': 0.07020452079028008, 'subsample': 0.5301688449234413, 'colsample_bytree': 0.4869359847328017, 'gamma': 0.0004137666195972414, 'reg_alpha': 0.010829640999172857, 'reg_lambda': 0.8913901093034585}. Best is trial 355 with value: 0.031237053151983718.
[I 2025-08-01 09:59:42,909] Trial 691 finished with value: 0.03309513829298575 and parameters: {'min_abs_corr': 0.064231772388706, 'max_pair_corr': 0.9874294809278757, 'n_estimators': 730, 'learning_rate': 0.006893205673755334, 'max_depth': 17, 'min_child_weight': 0.08078489568757483, 'subsample': 0.5308337140084882, 'colsample_bytree': 0.496414694527589, 'gamma': 0.0031584095719836233, 'reg_alpha': 0.004818058469457848, 'reg_lambda': 0.8611829320915317}. Best is trial 355 with value: 0.031237053151983718.
[I 2025-08-01 09:59:45,052] Trial 692 finished with value: 0.0531425468817601 and parameters: {'min_abs_corr': 0.06028151971654277, 'max_pair_corr': 0.9868940879156284, 'n_estimators': 736, 'learning_rate': 0.008491724565122292, 'max_depth': 17, 'min_child_weight': 0.06645837204744595, 'subsample': 0.5410454735598211, 'colsample_bytree': 0.4871338404091338, 'gamma': 0.15308696939862598, 'reg_alpha': 0.09650693551034754, 'reg_lambda': 0.6994736120241152}. Best is trial 355 with value: 0.031237053151983718.
[I 2025-08-01 09:59:46,726] Trial 693 finished with value: 0.06980781944373878 and parameters: {'min_abs_corr': 0.06465016090389873, 'max_pair_corr': 0.9856908402008784, 'n_estimators': 709, 'learning_rate': 0.008073388437360787, 'max_depth': 17, 'min_child_weight': 0.06104304279843828, 'subsample': 0.5233836288422116, 'colsample_bytree': 0.4951203541476665, 'gamma': 0.4522180171569571, 'reg_alpha': 0.16390756200683798, 'reg_lambda': 0.662642604849353}. Best is trial 355 with value: 0.031237053151983718.
[I 2025-08-01 09:59:49,032] Trial 694 finished with value: 0.050292292968247644 and parameters: {'min_abs_corr': 0.06221182190023855, 'max_pair_corr': 0.9884701033799137, 'n_estimators': 768, 'learning_rate': 0.007957245008823713, 'max_depth': 17, 'min_child_weight': 0.07884529928047947, 'subsample': 0.5349246868650196, 'colsample_bytree': 0.4756635957582171, 'gamma': 0.11139637748057284, 'reg_alpha': 0.08656007692590935, 'reg_lambda': 0.8579216832324008}. Best is trial 355 with value: 0.031237053151983718.
[I 2025-08-01 09:59:51,103] Trial 695 finished with value: 0.058598926019581776 and parameters: {'min_abs_corr': 0.062120560158028526, 'max_pair_corr': 0.9849850012885961, 'n_estimators': 753, 'learning_rate': 0.006976473434235128, 'max_depth': 17, 'min_child_weight': 0.08892961630863265, 'subsample': 0.5185516461762235, 'colsample_bytree': 0.4674814932326659, 'gamma': 0.2291143629405462, 'reg_alpha': 0.08457909199108783, 'reg_lambda': 0.9298693049396464}. Best is trial 355 with value: 0.031237053151983718.
[I 2025-08-01 09:59:57,576] Trial 696 finished with value: 0.03529653787067898 and parameters: {'min_abs_corr': 0.06948662325826281, 'max_pair_corr': 0.9867597883329206, 'n_estimators': 664, 'learning_rate': 0.0073773981324898995, 'max_depth': 8, 'min_child_weight': 0.04802073739773519, 'subsample': 0.5479031881904252, 'colsample_bytree': 0.5014006233958781, 'gamma': 0.0025671355717496293, 'reg_alpha': 0.2198825350107404, 'reg_lambda': 0.5996001363556192}. Best is trial 355 with value: 0.031237053151983718.
[I 2025-08-01 09:59:59,847] Trial 697 finished with value: 0.0495349747257835 and parameters: {'min_abs_corr': 0.06174443418127483, 'max_pair_corr': 0.9844835441779495, 'n_estimators': 687, 'learning_rate': 0.008962579532492002, 'max_depth': 18, 'min_child_weight': 0.10538468050248286, 'subsample': 0.5304599964840573, 'colsample_bytree': 0.49105663752548034, 'gamma': 0.11092069653957018, 'reg_alpha': 0.0033256636606237826, 'reg_lambda': 0.9115729889648583}. Best is trial 355 with value: 0.031237053151983718.
[I 2025-08-01 10:00:02,181] Trial 698 finished with value: 0.049002927896678164 and parameters: {'min_abs_corr': 0.06267995301472723, 'max_pair_corr': 0.9891569949138842, 'n_estimators': 773, 'learning_rate': 0.009184262406633354, 'max_depth': 18, 'min_child_weight': 0.06986520538033754, 'subsample': 0.5583477196327639, 'colsample_bytree': 0.47771461877497456, 'gamma': 0.09525871535704247, 'reg_alpha': 0.15198144263200233, 'reg_lambda': 0.7607017845217404}. Best is trial 355 with value: 0.031237053151983718.
[I 2025-08-01 10:00:03,863] Trial 699 finished with value: 0.05934944240873698 and parameters: {'min_abs_corr': 0.06359015942487534, 'max_pair_corr': 0.983669871586479, 'n_estimators': 709, 'learning_rate': 0.009732359415041133, 'max_depth': 17, 'min_child_weight': 0.5000424837458723, 'subsample': 0.5422776563201237, 'colsample_bytree': 0.4637582489547871, 'gamma': 0.2508677863431398, 'reg_alpha': 0.08137032082212756, 'reg_lambda': 0.9596384614049334}. Best is trial 355 with value: 0.031237053151983718.
[I 2025-08-01 10:00:12,660] Trial 700 finished with value: 0.03226579914368025 and parameters: {'min_abs_corr': 0.05939305825655261, 'max_pair_corr': 0.9853067205495228, 'n_estimators': 797, 'learning_rate': 0.008149798096099371, 'max_depth': 10, 'min_child_weight': 0.11696088191061292, 'subsample': 0.5196791551126535, 'colsample_bytree': 0.44411852734856383, 'gamma': 0.002030595999311584, 'reg_alpha': 0.0019840136071971335, 'reg_lambda': 0.8103903530992168}. Best is trial 355 with value: 0.031237053151983718.
[I 2025-08-01 10:00:14,896] Trial 701 finished with value: 0.05352754286309095 and parameters: {'min_abs_corr': 0.059067858777827206, 'max_pair_corr': 0.9856631677908381, 'n_estimators': 744, 'learning_rate': 0.0065445760021738755, 'max_depth': 9, 'min_child_weight': 0.11090711106805148, 'subsample': 0.5189993077917107, 'colsample_bytree': 0.4399784236391312, 'gamma': 0.15580812946751751, 'reg_alpha': 0.0009533933212760166, 'reg_lambda': 0.6106734647895004}. Best is trial 355 with value: 0.031237053151983718.
[I 2025-08-01 10:00:16,590] Trial 702 finished with value: 0.06472811894887207 and parameters: {'min_abs_corr': 0.05737061327993838, 'max_pair_corr': 0.9872656518585391, 'n_estimators': 762, 'learning_rate': 0.007502575472590194, 'max_depth': 10, 'min_child_weight': 0.08963775873424297, 'subsample': 0.516409428570567, 'colsample_bytree': 0.41702393781115005, 'gamma': 0.31936171752416137, 'reg_alpha': 0.23520561533759393, 'reg_lambda': 0.7181343881167109}. Best is trial 355 with value: 0.031237053151983718.
[I 2025-08-01 10:00:19,060] Trial 703 finished with value: 0.04987743171498864 and parameters: {'min_abs_corr': 0.06060457568824686, 'max_pair_corr': 0.9845071267165731, 'n_estimators': 793, 'learning_rate': 0.0083340148222208, 'max_depth': 17, 'min_child_weight': 0.05830184520151392, 'subsample': 0.5082384013894998, 'colsample_bytree': 0.48402117212000056, 'gamma': 0.10335839088664203, 'reg_alpha': 0.12345843697654364, 'reg_lambda': 0.831987824305422}. Best is trial 355 with value: 0.031237053151983718.
[I 2025-08-01 10:00:32,914] Trial 704 finished with value: 0.03143673165409665 and parameters: {'min_abs_corr': 0.058770039542892276, 'max_pair_corr': 0.9829177319587472, 'n_estimators': 785, 'learning_rate': 0.008534624232358332, 'max_depth': 17, 'min_child_weight': 0.09696709016922125, 'subsample': 0.5274061550734849, 'colsample_bytree': 0.42593778387031217, 'gamma': 0.00031281284400182675, 'reg_alpha': 0.0010293958861505121, 'reg_lambda': 0.6758817050067192}. Best is trial 355 with value: 0.031237053151983718.
[I 2025-08-01 10:00:34,480] Trial 705 finished with value: 0.08122539733376513 and parameters: {'min_abs_corr': 0.06690425903176164, 'max_pair_corr': 0.9879766161991773, 'n_estimators': 796, 'learning_rate': 0.007829581774981683, 'max_depth': 11, 'min_child_weight': 0.08109666917699895, 'subsample': 0.518548752743387, 'colsample_bytree': 0.4189714799194898, 'gamma': 0.20204278700036263, 'reg_alpha': 3.3257100538631685, 'reg_lambda': 0.7234939956284406}. Best is trial 355 with value: 0.031237053151983718.
[I 2025-08-01 10:00:36,930] Trial 706 finished with value: 0.04869798091078107 and parameters: {'min_abs_corr': 0.05982287260339244, 'max_pair_corr': 0.9852501295120358, 'n_estimators': 790, 'learning_rate': 0.00647523112464289, 'max_depth': 17, 'min_child_weight': 0.40119853099901287, 'subsample': 0.5274412534077655, 'colsample_bytree': 0.4292108164955926, 'gamma': 0.0947276302309947, 'reg_alpha': 0.003336949797286098, 'reg_lambda': 0.5168803912130504}. Best is trial 355 with value: 0.031237053151983718.
[I 2025-08-01 10:00:38,560] Trial 707 finished with value: 0.08294764134363249 and parameters: {'min_abs_corr': 0.05739679228488229, 'max_pair_corr': 0.9831914008642257, 'n_estimators': 803, 'learning_rate': 0.007496203938739917, 'max_depth': 10, 'min_child_weight': 0.11255372370709214, 'subsample': 0.5092742911869877, 'colsample_bytree': 0.4060639395256258, 'gamma': 0.8114027463205846, 'reg_alpha': 0.16563071934762136, 'reg_lambda': 0.7271493874638475}. Best is trial 355 with value: 0.031237053151983718.
[I 2025-08-01 10:00:40,900] Trial 708 finished with value: 0.04765787890211156 and parameters: {'min_abs_corr': 0.059889249362692416, 'max_pair_corr': 0.9866293279477115, 'n_estimators': 776, 'learning_rate': 0.008815268408305953, 'max_depth': 18, 'min_child_weight': 0.63471085157044, 'subsample': 0.5212903692801104, 'colsample_bytree': 0.412628460967278, 'gamma': 0.09076972521716402, 'reg_alpha': 0.002055894714845522, 'reg_lambda': 0.698833509736884}. Best is trial 355 with value: 0.031237053151983718.
[I 2025-08-01 10:00:42,842] Trial 709 finished with value: 0.05655467083808065 and parameters: {'min_abs_corr': 0.061771249192292856, 'max_pair_corr': 0.9840365058612063, 'n_estimators': 813, 'learning_rate': 0.008122501638218451, 'max_depth': 10, 'min_child_weight': 0.07767174368612535, 'subsample': 0.5086703379997228, 'colsample_bytree': 0.42971294562403295, 'gamma': 0.18874658531444233, 'reg_alpha': 0.1658563043563167, 'reg_lambda': 0.618091573339097}. Best is trial 355 with value: 0.031237053151983718.
[I 2025-08-01 10:00:45,259] Trial 710 finished with value: 0.04946977875956457 and parameters: {'min_abs_corr': 0.058168036988446546, 'max_pair_corr': 0.9863165364915844, 'n_estimators': 782, 'learning_rate': 0.008649543124156124, 'max_depth': 9, 'min_child_weight': 0.09501189917989043, 'subsample': 0.5290011801418356, 'colsample_bytree': 0.44377494513331184, 'gamma': 0.08763671051890885, 'reg_alpha': 0.25908258987695926, 'reg_lambda': 0.5908345883293453}. Best is trial 355 with value: 0.031237053151983718.
[I 2025-08-01 10:00:46,552] Trial 711 finished with value: 0.09399527437128397 and parameters: {'min_abs_corr': 0.05593625789211559, 'max_pair_corr': 0.9850681787188118, 'n_estimators': 742, 'learning_rate': 0.009644677896990524, 'max_depth': 17, 'min_child_weight': 1.6184313638377474, 'subsample': 0.5354047223856087, 'colsample_bytree': 0.4365200727037416, 'gamma': 0.3229013560802299, 'reg_alpha': 4.33043839116722, 'reg_lambda': 0.8636980759285627}. Best is trial 355 with value: 0.031237053151983718.
[I 2025-08-01 10:00:50,421] Trial 712 finished with value: 0.04542428036683464 and parameters: {'min_abs_corr': 0.05982290141212725, 'max_pair_corr': 0.9886545577888209, 'n_estimators': 802, 'learning_rate': 0.007548492023687971, 'max_depth': 5, 'min_child_weight': 0.12490104463622004, 'subsample': 0.5197917668626463, 'colsample_bytree': 0.4216015582689759, 'gamma': 0.005153899552421701, 'reg_alpha': 1.2746881755543318, 'reg_lambda': 0.6766347072044112}. Best is trial 355 with value: 0.031237053151983718.
[I 2025-08-01 10:00:57,200] Trial 713 finished with value: 0.03481946716663618 and parameters: {'min_abs_corr': 0.0641947806371446, 'max_pair_corr': 0.9830678690568426, 'n_estimators': 729, 'learning_rate': 0.005959067542557027, 'max_depth': 10, 'min_child_weight': 0.06530357978222354, 'subsample': 0.5020685738363052, 'colsample_bytree': 0.4432639358194691, 'gamma': 0.003462399645315779, 'reg_alpha': 0.08516947763052307, 'reg_lambda': 0.8225727266411687}. Best is trial 355 with value: 0.031237053151983718.
[I 2025-08-01 10:00:59,269] Trial 714 finished with value: 0.05562506707424092 and parameters: {'min_abs_corr': 0.05556864317746168, 'max_pair_corr': 0.9874807570845217, 'n_estimators': 810, 'learning_rate': 0.00687606971232281, 'max_depth': 17, 'min_child_weight': 6.440762341323065, 'subsample': 0.540860264660651, 'colsample_bytree': 0.45896464969999407, 'gamma': 0.18450843770298245, 'reg_alpha': 0.09316447005626007, 'reg_lambda': 0.6202246786317716}. Best is trial 355 with value: 0.031237053151983718.
[I 2025-08-01 10:01:01,667] Trial 715 finished with value: 0.04798300552306202 and parameters: {'min_abs_corr': 0.061797126251261665, 'max_pair_corr': 0.98306950600751, 'n_estimators': 784, 'learning_rate': 0.00941337365020511, 'max_depth': 10, 'min_child_weight': 0.37444405815767867, 'subsample': 0.5181262743756528, 'colsample_bytree': 0.4548086521234813, 'gamma': 0.0900667330155006, 'reg_alpha': 0.003994960978333487, 'reg_lambda': 0.7971642378980934}. Best is trial 355 with value: 0.031237053151983718.
[I 2025-08-01 10:01:03,569] Trial 716 finished with value: 0.059656702499615556 and parameters: {'min_abs_corr': 0.059127479535943384, 'max_pair_corr': 0.9854388042655975, 'n_estimators': 768, 'learning_rate': 0.008889155900642744, 'max_depth': 18, 'min_child_weight': 0.0475784616729075, 'subsample': 0.530470622108318, 'colsample_bytree': 0.44617182559365565, 'gamma': 0.24485870977334187, 'reg_alpha': 0.17946652916123518, 'reg_lambda': 0.9739881253798285}. Best is trial 355 with value: 0.031237053151983718.
