[I 2025-08-01 09:28:31,628] Trial 170 finished with value: 0.04918465225713278 and parameters: {'min_abs_corr': 0.03353215782514276, 'max_pair_corr': 0.9650863845720147, 'n_estimators': 925, 'learning_rate': 0.006980453597692881, 'max_depth': 20, 'min_child_weight': 0.0473189663620844, 'subsample': 0.8865358030519996, 'colsample_bytree': 0.5499536450775642, 'gamma': 0.1011219538819803, 'reg_alpha': 0.2934644462562925, 'reg_lambda': 0.19245900641254066}. Best is trial 142 with value: 0.032561856781623176.
[I 2025-08-01 09:28:36,574] Trial 171 finished with value: 0.03414214193256356 and parameters: {'min_abs_corr': 0.03798821710005455, 'max_pair_corr': 0.9363753648334325, 'n_estimators': 1092, 'learning_rate': 0.012434050138603499, 'max_depth': 19, 'min_child_weight': 0.07760126186687526, 'subsample': 0.9170763797767311, 'colsample_bytree': 0.5626145809793214, 'gamma': 0.003962343751736968, 'reg_alpha': 0.08137656304090683, 'reg_lambda': 0.46787739298759967}. Best is trial 142 with value: 0.032561856781623176.
[I 2025-08-01 09:28:43,837] Trial 172 finished with value: 0.033926510446099914 and parameters: {'min_abs_corr': 0.02827779316303239, 'max_pair_corr': 0.9287895527343129, 'n_estimators': 1119, 'learning_rate': 0.013198524511448557, 'max_depth': 19, 'min_child_weight': 0.061741395797511214, 'subsample': 0.9207490748408063, 'colsample_bytree': 0.6216910575229468, 'gamma': 0.001355200598708351, 'reg_alpha': 0.0027848934945590154, 'reg_lambda': 0.5401893504777489}. Best is trial 142 with value: 0.032561856781623176.
[I 2025-08-01 09:28:46,296] Trial 173 finished with value: 0.05115426097157918 and parameters: {'min_abs_corr': 0.02882883293539025, 'max_pair_corr': 0.9298354907001196, 'n_estimators': 1121, 'learning_rate': 0.009324449364449502, 'max_depth': 19, 'min_child_weight': 0.0641025637787225, 'subsample': 0.9252176172686678, 'colsample_bytree': 0.6184721889037376, 'gamma': 0.12212080194537803, 'reg_alpha': 0.1730288328386202, 'reg_lambda': 0.527070227475375}. Best is trial 142 with value: 0.032561856781623176.
[I 2025-08-01 09:28:56,712] Trial 174 finished with value: 0.034075114327237976 and parameters: {'min_abs_corr': 0.02783960937524019, 'max_pair_corr': 0.9345352908574004, 'n_estimators': 1168, 'learning_rate': 0.00820496886593063, 'max_depth': 19, 'min_child_weight': 0.07957231021394084, 'subsample': 0.9429189709085247, 'colsample_bytree': 0.598715870217069, 'gamma': 0.002070571985108644, 'reg_alpha': 0.002204551405841193, 'reg_lambda': 3.0882247334799384}. Best is trial 142 with value: 0.032561856781623176.
[I 2025-08-01 09:28:59,084] Trial 175 finished with value: 0.05412056356264107 and parameters: {'min_abs_corr': 0.02985114249968192, 'max_pair_corr': 0.9367002975901233, 'n_estimators': 1154, 'learning_rate': 0.013006185826572597, 'max_depth': 18, 'min_child_weight': 0.0741876031684639, 'subsample': 0.9196865607652286, 'colsample_bytree': 0.5986221698031543, 'gamma': 0.21159708498920163, 'reg_alpha': 0.015190303917980985, 'reg_lambda': 0.26134455578231497}. Best is trial 142 with value: 0.032561856781623176.
[I 2025-08-01 09:29:02,007] Trial 176 finished with value: 0.04819664246909468 and parameters: {'min_abs_corr': 0.027705205510375683, 'max_pair_corr': 0.9297323631484185, 'n_estimators': 1184, 'learning_rate': 0.008544689402443443, 'max_depth': 19, 'min_child_weight': 0.049522409886616645, 'subsample': 0.9491855845912346, 'colsample_bytree': 0.5783834744390784, 'gamma': 0.10099116590704246, 'reg_alpha': 0.003944363186535738, 'reg_lambda': 0.10642187681761645}. Best is trial 142 with value: 0.032561856781623176.
[I 2025-08-01 09:29:04,244] Trial 177 finished with value: 0.05578480317590678 and parameters: {'min_abs_corr': 0.03135580286766405, 'max_pair_corr': 0.934937686379377, 'n_estimators': 1126, 'learning_rate': 0.01124591665573043, 'max_depth': 19, 'min_child_weight': 0.08443916607152614, 'subsample': 0.9354692258422072, 'colsample_bytree': 0.5645369696509012, 'gamma': 0.2115126511364979, 'reg_alpha': 0.17649903499894443, 'reg_lambda': 2.6143830653509883}. Best is trial 142 with value: 0.032561856781623176.
[I 2025-08-01 09:29:06,957] Trial 178 finished with value: 0.049634508168798386 and parameters: {'min_abs_corr': 0.024652277491061626, 'max_pair_corr': 0.9280065119388156, 'n_estimators': 1063, 'learning_rate': 0.008657171642817723, 'max_depth': 18, 'min_child_weight': 0.06175334289753292, 'subsample': 0.9081585145139259, 'colsample_bytree': 0.5843462402289976, 'gamma': 0.10448161387695652, 'reg_alpha': 0.11019766555360444, 'reg_lambda': 3.1637734642431505}. Best is trial 142 with value: 0.032561856781623176.
[I 2025-08-01 09:29:12,621] Trial 179 finished with value: 0.036425471135136854 and parameters: {'min_abs_corr': 0.033796462270567255, 'max_pair_corr': 0.9418263254080029, 'n_estimators': 1168, 'learning_rate': 0.010140860249278356, 'max_depth': 20, 'min_child_weight': 0.13075285869392908, 'subsample': 0.9203788168463843, 'colsample_bytree': 0.5563075019491212, 'gamma': 0.004764243596415125, 'reg_alpha': 0.34571126941676245, 'reg_lambda': 3.448331879810538}. Best is trial 142 with value: 0.032561856781623176.
[I 2025-08-01 09:29:14,985] Trial 180 finished with value: 0.06269930859008203 and parameters: {'min_abs_corr': 0.037737235882037284, 'max_pair_corr': 0.932803369686112, 'n_estimators': 1204, 'learning_rate': 0.007586437805712413, 'max_depth': 19, 'min_child_weight': 0.03683027166063204, 'subsample': 0.9015307059978298, 'colsample_bytree': 0.5961653173802022, 'gamma': 0.34741644174319974, 'reg_alpha': 0.19663356996658507, 'reg_lambda': 3.0452925968539777}. Best is trial 142 with value: 0.032561856781623176.
[I 2025-08-01 09:29:26,374] Trial 181 finished with value: 0.0363851325834814 and parameters: {'min_abs_corr': 0.02704397315247774, 'max_pair_corr': 0.9245319639146732, 'n_estimators': 1271, 'learning_rate': 0.003959136717226427, 'max_depth': 19, 'min_child_weight': 0.09770547515170483, 'subsample': 0.9541975403484005, 'colsample_bytree': 0.6239678802967012, 'gamma': 0.004693823957142873, 'reg_alpha': 0.27972455799547, 'reg_lambda': 0.30919347210218334}. Best is trial 142 with value: 0.032561856781623176.
[I 2025-08-01 09:29:30,067] Trial 182 finished with value: 0.04805309255318452 and parameters: {'min_abs_corr': 0.028310002720744232, 'max_pair_corr': 0.9312258397329555, 'n_estimators': 1226, 'learning_rate': 0.005380505495202676, 'max_depth': 19, 'min_child_weight': 0.09427576269624979, 'subsample': 0.9402284007289529, 'colsample_bytree': 0.6025920279337836, 'gamma': 0.09916430835026292, 'reg_alpha': 0.08452485900378062, 'reg_lambda': 0.0003124039134276835}. Best is trial 142 with value: 0.032561856781623176.
[I 2025-08-01 09:29:32,392] Trial 183 finished with value: 0.05619472992354 and parameters: {'min_abs_corr': 0.026080220091355896, 'max_pair_corr': 0.9727323992949055, 'n_estimators': 831, 'learning_rate': 0.006423333141460221, 'max_depth': 20, 'min_child_weight': 0.06206623720019313, 'subsample': 0.927968792064913, 'colsample_bytree': 0.6183352365187833, 'gamma': 0.1995571938588205, 'reg_alpha': 0.42143244105530003, 'reg_lambda': 0.39779295383663993}. Best is trial 142 with value: 0.032561856781623176.
[I 2025-08-01 09:29:34,606] Trial 184 finished with value: 0.04729618961056686 and parameters: {'min_abs_corr': 0.030027433606079134, 'max_pair_corr': 0.9388521352884408, 'n_estimators': 1139, 'learning_rate': 0.012217998014191548, 'max_depth': 18, 'min_child_weight': 0.08276816659812644, 'subsample': 0.9432740767769873, 'colsample_bytree': 0.5420555530758651, 'gamma': 0.10109860249845742, 'reg_alpha': 0.0002195922839997172, 'reg_lambda': 0.496134111130049}. Best is trial 142 with value: 0.032561856781623176.
[I 2025-08-01 09:29:36,368] Trial 185 finished with value: 0.03782731017074611 and parameters: {'min_abs_corr': 0.02319494198860874, 'max_pair_corr': 0.9339970794215455, 'n_estimators': 1115, 'learning_rate': 0.19953571028087327, 'max_depth': 19, 'min_child_weight': 0.04648255844739284, 'subsample': 0.9124897076277494, 'colsample_bytree': 0.5777048369067436, 'gamma': 0.004561374520913047, 'reg_alpha': 0.21063728466245288, 'reg_lambda': 3.420149801446756}. Best is trial 142 with value: 0.032561856781623176.
[I 2025-08-01 09:29:40,535] Trial 186 finished with value: 0.05882880553884688 and parameters: {'min_abs_corr': 0.03153298346433849, 'max_pair_corr': 0.9763506514485418, 'n_estimators': 1182, 'learning_rate': 0.0031527974158594156, 'max_depth': 20, 'min_child_weight': 0.11869886214845139, 'subsample': 0.9296285155554895, 'colsample_bytree': 0.6083272558331454, 'gamma': 0.270147548168509, 'reg_alpha': 0.3329633445717779, 'reg_lambda': 0.14339739191522868}. Best is trial 142 with value: 0.032561856781623176.
[I 2025-08-01 09:30:08,732] Trial 187 finished with value: 0.032893108178188295 and parameters: {'min_abs_corr': 0.035178307837562275, 'max_pair_corr': 0.9736918749220604, 'n_estimators': 1254, 'learning_rate': 0.004923199157079346, 'max_depth': 20, 'min_child_weight': 0.053162139340607026, 'subsample': 0.8976544089029597, 'colsample_bytree': 0.5327938677990702, 'gamma': 4.223484956331807e-05, 'reg_alpha': 0.14783941030936823, 'reg_lambda': 0.344919381827585}. Best is trial 142 with value: 0.032561856781623176.
[I 2025-08-01 09:30:10,826] Trial 188 finished with value: 0.05309241850739564 and parameters: {'min_abs_corr': 0.034712880552017294, 'max_pair_corr': 0.9440185395705992, 'n_estimators': 1079, 'learning_rate': 0.014033594612253843, 'max_depth': 20, 'min_child_weight': 0.029253168099951904, 'subsample': 0.8941688492140737, 'colsample_bytree': 0.5176985755777392, 'gamma': 0.17131005311445657, 'reg_alpha': 0.12996386771904295, 'reg_lambda': 0.23370794518204605}. Best is trial 142 with value: 0.032561856781623176.
[I 2025-08-01 09:30:13,571] Trial 189 finished with value: 0.051129767293610226 and parameters: {'min_abs_corr': 0.04141022680809812, 'max_pair_corr': 0.920433419745824, 'n_estimators': 1151, 'learning_rate': 0.005814599992266283, 'max_depth': 20, 'min_child_weight': 0.054538808759738995, 'subsample': 0.884845602431695, 'colsample_bytree': 0.5310342903892817, 'gamma': 0.1007807745540031, 'reg_alpha': 0.48171197638703345, 'reg_lambda': 0.5871711802011154}. Best is trial 142 with value: 0.032561856781623176.
[I 2025-08-01 09:30:15,218] Trial 190 finished with value: 0.06078064877707169 and parameters: {'min_abs_corr': 0.03684718234575993, 'max_pair_corr': 0.9258495352546252, 'n_estimators': 401, 'learning_rate': 0.005165803168263423, 'max_depth': 14, 'min_child_weight': 0.021475274752617797, 'subsample': 0.9064212868718147, 'colsample_bytree': 0.5513179597716917, 'gamma': 0.22639929458633384, 'reg_alpha': 0.1761446543360796, 'reg_lambda': 3.1432956655081496}. Best is trial 142 with value: 0.032561856781623176.
[I 2025-08-01 09:30:29,167] Trial 191 finished with value: 0.03515874475024912 and parameters: {'min_abs_corr': 0.032741744513715594, 'max_pair_corr': 0.9746081560721175, 'n_estimators': 1243, 'learning_rate': 0.0041012470231377085, 'max_depth': 19, 'min_child_weight': 0.07579621849135337, 'subsample': 0.9205428753990386, 'colsample_bytree': 0.5631437576035351, 'gamma': 0.0029700093720871432, 'reg_alpha': 0.2602827442057881, 'reg_lambda': 0.3234346893921908}. Best is trial 142 with value: 0.032561856781623176.
[I 2025-08-01 09:30:33,442] Trial 192 finished with value: 0.0471183797196622 and parameters: {'min_abs_corr': 0.032553045922660354, 'max_pair_corr': 0.9360895097435288, 'n_estimators': 1262, 'learning_rate': 0.004636968666799723, 'max_depth': 19, 'min_child_weight': 0.038940757028884374, 'subsample': 0.9206723598783311, 'colsample_bytree': 0.5657429319122713, 'gamma': 0.08972136431997367, 'reg_alpha': 0.0876001048357554, 'reg_lambda': 0.31839847339337896}. Best is trial 142 with value: 0.032561856781623176.
[I 2025-08-01 09:30:37,998] Trial 193 finished with value: 0.04693734137022128 and parameters: {'min_abs_corr': 0.03525676836245464, 'max_pair_corr': 0.9721454358976868, 'n_estimators': 1280, 'learning_rate': 0.004181503698512372, 'max_depth': 20, 'min_child_weight': 0.076985953916161, 'subsample': 0.8992682244591016, 'colsample_bytree': 0.545403743446904, 'gamma': 0.09624945972558849, 'reg_alpha': 0.00013994637351283368, 'reg_lambda': 0.21458678315100155}. Best is trial 142 with value: 0.032561856781623176.
[I 2025-08-01 09:30:39,674] Trial 194 finished with value: 0.10955324567428777 and parameters: {'min_abs_corr': 0.029718848890914383, 'max_pair_corr': 0.9398363976417319, 'n_estimators': 1220, 'learning_rate': 0.010142388425446633, 'max_depth': 19, 'min_child_weight': 0.0638692823137991, 'subsample': 0.9142583498847705, 'colsample_bytree': 0.5328983746775157, 'gamma': 3.428819782212267, 'reg_alpha': 0.2233569945646126, 'reg_lambda': 0.48364057252600334}. Best is trial 142 with value: 0.032561856781623176.
[I 2025-08-01 09:30:43,237] Trial 195 finished with value: 0.054877273999145125 and parameters: {'min_abs_corr': 0.032289386767908906, 'max_pair_corr': 0.9742888904576004, 'n_estimators': 1187, 'learning_rate': 0.0034938169428647336, 'max_depth': 18, 'min_child_weight': 0.05123898156427752, 'subsample': 0.9289612683907383, 'colsample_bytree': 0.5727569566140908, 'gamma': 0.1892243708498003, 'reg_alpha': 0.3625305266347074, 'reg_lambda': 0.3540102908312944}. Best is trial 142 with value: 0.032561856781623176.
[I 2025-08-01 09:30:52,521] Trial 196 finished with value: 0.035467700107913856 and parameters: {'min_abs_corr': 0.03325145177177693, 'max_pair_corr': 0.9773556374132321, 'n_estimators': 1165, 'learning_rate': 0.0046591047057913774, 'max_depth': 20, 'min_child_weight': 0.11112797289680883, 'subsample': 0.9100554048833643, 'colsample_bytree': 0.5585759153759932, 'gamma': 0.009679615721929734, 'reg_alpha': 0.12049378212043482, 'reg_lambda': 0.07401033372684795}. Best is trial 142 with value: 0.032561856781623176.
[I 2025-08-01 09:31:03,393] Trial 197 finished with value: 0.03414158811741254 and parameters: {'min_abs_corr': 0.027889507469817165, 'max_pair_corr': 0.9799982515742266, 'n_estimators': 1203, 'learning_rate': 0.0046367722254166055, 'max_depth': 20, 'min_child_weight': 0.10998120900247944, 'subsample': 0.7214684007563749, 'colsample_bytree': 0.5589443076163131, 'gamma': 0.005280336040183618, 'reg_alpha': 0.08699175546562773, 'reg_lambda': 0.0744334972229044}. Best is trial 142 with value: 0.032561856781623176.
[I 2025-08-01 09:31:27,829] Trial 198 finished with value: 0.032503195741021014 and parameters: {'min_abs_corr': 0.02603102896746338, 'max_pair_corr': 0.9788906492788996, 'n_estimators': 1241, 'learning_rate': 0.004875197248243678, 'max_depth': 20, 'min_child_weight': 0.13752189216091143, 'subsample': 0.9584652391001537, 'colsample_bytree': 0.587637564244857, 'gamma': 0.0002993054348688967, 'reg_alpha': 0.11588176720990326, 'reg_lambda': 0.07319423666389155}. Best is trial 198 with value: 0.032503195741021014.
[I 2025-08-01 09:31:30,977] Trial 199 finished with value: 0.060117046403344906 and parameters: {'min_abs_corr': 0.025861072733717766, 'max_pair_corr': 0.9783203707331806, 'n_estimators': 1220, 'learning_rate': 0.004925693923425726, 'max_depth': 20, 'min_child_weight': 0.14721194388604092, 'subsample': 0.6915348674781263, 'colsample_bytree': 0.5586167194350556, 'gamma': 0.3036155703050744, 'reg_alpha': 0.1305565239007837, 'reg_lambda': 0.1281531846046601}. Best is trial 198 with value: 0.032503195741021014.
[I 2025-08-01 09:31:35,019] Trial 200 finished with value: 0.051891153994724826 and parameters: {'min_abs_corr': 0.02794397320100926, 'max_pair_corr': 0.9765318085818399, 'n_estimators': 1241, 'learning_rate': 0.004180258090017085, 'max_depth': 20, 'min_child_weight': 0.10890514827465986, 'subsample': 0.9379344167302031, 'colsample_bytree': 0.5881017315697267, 'gamma': 0.1516530924874212, 'reg_alpha': 0.24200154206367935, 'reg_lambda': 0.008916682760002126}. Best is trial 198 with value: 0.032503195741021014.
[I 2025-08-01 09:31:39,865] Trial 201 finished with value: 0.04604681232765283 and parameters: {'min_abs_corr': 0.024272068813505986, 'max_pair_corr': 0.9795574336619592, 'n_estimators': 1287, 'learning_rate': 0.004881339322668553, 'max_depth': 20, 'min_child_weight': 0.1347277530189446, 'subsample': 0.9580345559276287, 'colsample_bytree': 0.5824214424029751, 'gamma': 0.08581312811401018, 'reg_alpha': 0.07481701624757865, 'reg_lambda': 0.08801670807513713}. Best is trial 198 with value: 0.032503195741021014.
[I 2025-08-01 09:31:50,592] Trial 202 finished with value: 0.035599548029914795 and parameters: {'min_abs_corr': 0.02884934296824329, 'max_pair_corr': 0.977343925100312, 'n_estimators': 1202, 'learning_rate': 0.0039803153852555236, 'max_depth': 20, 'min_child_weight': 0.29717939780825525, 'subsample': 0.7267984001419676, 'colsample_bytree': 0.5720079316401308, 'gamma': 0.007684504513476798, 'reg_alpha': 0.15704669470137506, 'reg_lambda': 0.19505218257610885}. Best is trial 198 with value: 0.032503195741021014.
[I 2025-08-01 09:31:54,924] Trial 203 finished with value: 0.0469923245411724 and parameters: {'min_abs_corr': 0.021157944518483466, 'max_pair_corr': 0.9801679103152503, 'n_estimators': 1165, 'learning_rate': 0.00573563741252004, 'max_depth': 19, 'min_child_weight': 0.10297572250386829, 'subsample': 0.7593564904903473, 'colsample_bytree': 0.5934092151954306, 'gamma': 0.09793905047111419, 'reg_alpha': 0.002769063707034239, 'reg_lambda': 0.08811652546951317}. Best is trial 198 with value: 0.032503195741021014.
[I 2025-08-01 09:31:58,863] Trial 204 finished with value: 0.05464691773057101 and parameters: {'min_abs_corr': 0.030698205374474985, 'max_pair_corr': 0.9464322363358958, 'n_estimators': 1251, 'learning_rate': 0.003663132685771099, 'max_depth': 19, 'min_child_weight': 0.21559552034261795, 'subsample': 0.727947345446658, 'colsample_bytree': 0.5601749592730981, 'gamma': 0.1793309639262284, 'reg_alpha': 0.14389123813009935, 'reg_lambda': 0.21311221484443996}. Best is trial 198 with value: 0.032503195741021014.
[I 2025-08-01 09:32:10,438] Trial 205 finished with value: 0.035042056474056366 and parameters: {'min_abs_corr': 0.02680955809408077, 'max_pair_corr': 0.9753167068591829, 'n_estimators': 1201, 'learning_rate': 0.0044058936303287945, 'max_depth': 20, 'min_child_weight': 0.08018082539318645, 'subsample': 0.7452182403858726, 'colsample_bytree': 0.5741792450943172, 'gamma': 0.0040413618163788224, 'reg_alpha': 0.2550683123539935, 'reg_lambda': 0.305826001002119}. Best is trial 198 with value: 0.032503195741021014.
[I 2025-08-01 09:32:20,720] Trial 206 finished with value: 0.03580101250470553 and parameters: {'min_abs_corr': 0.02586205632119915, 'max_pair_corr': 0.9760316391249647, 'n_estimators': 1213, 'learning_rate': 0.004519370938184522, 'max_depth': 20, 'min_child_weight': 0.07334056313930519, 'subsample': 0.7473811842982707, 'colsample_bytree': 0.5753218026624537, 'gamma': 0.005992818924112974, 'reg_alpha': 0.2901620995384713, 'reg_lambda': 0.27197810409736334}. Best is trial 198 with value: 0.032503195741021014.
[I 2025-08-01 09:32:23,728] Trial 207 finished with value: 0.05760421084836881 and parameters: {'min_abs_corr': 0.02354506555287457, 'max_pair_corr': 0.9741632033034128, 'n_estimators': 1184, 'learning_rate': 0.0055220407351405125, 'max_depth': 20, 'min_child_weight': 0.08310844727030621, 'subsample': 0.7150655852981409, 'colsample_bytree': 0.5587402014989142, 'gamma': 0.2467446455216602, 'reg_alpha': 0.2447385035409114, 'reg_lambda': 0.14023517804601104}. Best is trial 198 with value: 0.032503195741021014.
[I 2025-08-01 09:32:41,648] Trial 208 finished with value: 0.03290872607868188 and parameters: {'min_abs_corr': 0.02739378398029574, 'max_pair_corr': 0.9769504061952737, 'n_estimators': 1241, 'learning_rate': 0.004121460391645075, 'max_depth': 20, 'min_child_weight': 0.11744938072155557, 'subsample': 0.738516816918494, 'colsample_bytree': 0.5942752627693835, 'gamma': 0.0013637144507071502, 'reg_alpha': 0.10266452159567768, 'reg_lambda': 0.02712259686786536}. Best is trial 198 with value: 0.032503195741021014.
[I 2025-08-01 09:32:45,508] Trial 209 finished with value: 0.04874115293468678 and parameters: {'min_abs_corr': 0.02668076783281386, 'max_pair_corr': 0.9785846682714281, 'n_estimators': 1197, 'learning_rate': 0.006461443162825773, 'max_depth': 20, 'min_child_weight': 0.18812593570146482, 'subsample': 0.7107330829018629, 'colsample_bytree': 0.583099856654494, 'gamma': 0.1126248432583694, 'reg_alpha': 0.09219333483906558, 'reg_lambda': 0.04229245991263565}. Best is trial 198 with value: 0.032503195741021014.
[I 2025-08-01 09:32:48,884] Trial 210 finished with value: 0.0529063112077844 and parameters: {'min_abs_corr': 0.09335647585954907, 'max_pair_corr': 0.9804865003006402, 'n_estimators': 1258, 'learning_rate': 0.004814071013718355, 'max_depth': 19, 'min_child_weight': 0.1228426127359608, 'subsample': 0.7323733410201209, 'colsample_bytree': 0.568928738264963, 'gamma': 0.168116186637637, 'reg_alpha': 0.1795922884299916, 'reg_lambda': 0.15494063262298668}. Best is trial 198 with value: 0.032503195741021014.
[I 2025-08-01 09:32:54,100] Trial 211 finished with value: 0.047214336082376435 and parameters: {'min_abs_corr': 0.02829521614805312, 'max_pair_corr': 0.9752492224656475, 'n_estimators': 1239, 'learning_rate': 0.0040961234849588085, 'max_depth': 20, 'min_child_weight': 0.09285421037763203, 'subsample': 0.7619166209697755, 'colsample_bytree': 0.6012221587148545, 'gamma': 0.0768876985592137, 'reg_alpha': 0.2761645050842251, 'reg_lambda': 0.3153564512809544}. Best is trial 198 with value: 0.032503195741021014.
