[I 2025-08-01 09:50:02,868] Trial 507 finished with value: 0.04366856163296613 and parameters: {'min_abs_corr': 0.0263345526648758, 'max_pair_corr': 0.9547948944798348, 'n_estimators': 538, 'learning_rate': 0.010172484485656628, 'max_depth': 19, 'min_child_weight': 0.17870918812795378, 'subsample': 0.8706955314983259, 'colsample_bytree': 0.49896068756531564, 'gamma': 0.0014777581699464233, 'reg_alpha': 1.8782688640654572, 'reg_lambda': 3.765243243108068}. Best is trial 355 with value: 0.031237053151983718.
[I 2025-08-01 09:50:04,634] Trial 508 finished with value: 0.052101005474619676 and parameters: {'min_abs_corr': 0.023771678681347087, 'max_pair_corr': 0.9000275045245677, 'n_estimators': 620, 'learning_rate': 0.016582466354886086, 'max_depth': 17, 'min_child_weight': 0.43948823794419034, 'subsample': 0.5630555389668161, 'colsample_bytree': 0.9046083226563781, 'gamma': 0.099845359812356, 'reg_alpha': 0.30168444790649734, 'reg_lambda': 4.753636803235582}. Best is trial 355 with value: 0.031237053151983718.
[I 2025-08-01 09:50:06,193] Trial 509 finished with value: 0.07211518753548314 and parameters: {'min_abs_corr': 0.03125299385148443, 'max_pair_corr': 0.9582994074746988, 'n_estimators': 832, 'learning_rate': 0.012992104135293017, 'max_depth': 14, 'min_child_weight': 0.014211626740673814, 'subsample': 0.6205050327258128, 'colsample_bytree': 0.5188929284947156, 'gamma': 0.2490344918181738, 'reg_alpha': 2.292826749412109, 'reg_lambda': 2.0769078104671235}. Best is trial 355 with value: 0.031237053151983718.
[I 2025-08-01 09:50:08,277] Trial 510 finished with value: 0.04790128867235177 and parameters: {'min_abs_corr': 0.006568331628062019, 'max_pair_corr': 0.9563723595697663, 'n_estimators': 870, 'learning_rate': 0.018264508372675507, 'max_depth': 20, 'min_child_weight': 0.2188006989996864, 'subsample': 0.6059169254061946, 'colsample_bytree': 0.4577556224410955, 'gamma': 0.0894696577743064, 'reg_alpha': 0.0970224962709329, 'reg_lambda': 1.642293014117141}. Best is trial 355 with value: 0.031237053151983718.
[I 2025-08-01 09:50:10,242] Trial 511 finished with value: 0.053175728250719 and parameters: {'min_abs_corr': 0.01764625179812225, 'max_pair_corr': 0.9617774244449718, 'n_estimators': 1026, 'learning_rate': 0.03691249277959363, 'max_depth': 15, 'min_child_weight': 0.5912855195649114, 'subsample': 0.9917104641896365, 'colsample_bytree': 0.5470478262913936, 'gamma': 0.16323463682988112, 'reg_alpha': 0.22402228351352388, 'reg_lambda': 1.836230541825093}. Best is trial 355 with value: 0.031237053151983718.
[I 2025-08-01 09:50:22,065] Trial 512 finished with value: 0.03184819358349478 and parameters: {'min_abs_corr': 0.02801846427977453, 'max_pair_corr': 0.9744436173666322, 'n_estimators': 909, 'learning_rate': 0.014704669251480614, 'max_depth': 20, 'min_child_weight': 0.12797214594878364, 'subsample': 0.549571557008902, 'colsample_bytree': 0.568288941961346, 'gamma': 0.0003233037060109182, 'reg_alpha': 0.003278106543636805, 'reg_lambda': 1.7302990779245881}. Best is trial 355 with value: 0.031237053151983718.
[I 2025-08-01 09:50:23,650] Trial 513 finished with value: 0.07602374624694072 and parameters: {'min_abs_corr': 0.028857885715472258, 'max_pair_corr': 0.9723584152103038, 'n_estimators': 914, 'learning_rate': 0.013722925841928317, 'max_depth': 17, 'min_child_weight': 0.18055538780157449, 'subsample': 0.5459164990513974, 'colsample_bytree': 0.5657699953625772, 'gamma': 0.68064168198965, 'reg_alpha': 0.0774868984043097, 'reg_lambda': 1.7725584006128705}. Best is trial 355 with value: 0.031237053151983718.
[I 2025-08-01 09:50:30,412] Trial 514 finished with value: 0.03236697311352449 and parameters: {'min_abs_corr': 0.024655617820926838, 'max_pair_corr': 0.9736380966743021, 'n_estimators': 886, 'learning_rate': 0.015251872468989411, 'max_depth': 19, 'min_child_weight': 0.12720855556881855, 'subsample': 0.5556916729974849, 'colsample_bytree': 0.5580380631763054, 'gamma': 0.001894314151963916, 'reg_alpha': 0.0019132775448139766, 'reg_lambda': 1.1427940847317777}. Best is trial 355 with value: 0.031237053151983718.
[I 2025-08-01 09:50:36,916] Trial 515 finished with value: 0.03259686016799761 and parameters: {'min_abs_corr': 0.024685751313384227, 'max_pair_corr': 0.9747230247616623, 'n_estimators': 891, 'learning_rate': 0.015059755296003506, 'max_depth': 19, 'min_child_weight': 0.1339687612102582, 'subsample': 0.5629182421735374, 'colsample_bytree': 0.5752346192353883, 'gamma': 0.002134154029835852, 'reg_alpha': 0.006023671094514958, 'reg_lambda': 1.401737024073423}. Best is trial 355 with value: 0.031237053151983718.
[I 2025-08-01 09:50:39,305] Trial 516 finished with value: 0.04769439248633595 and parameters: {'min_abs_corr': 0.02345944723574005, 'max_pair_corr': 0.9699461829575796, 'n_estimators': 934, 'learning_rate': 0.015550848975991974, 'max_depth': 19, 'min_child_weight': 0.13279336315880985, 'subsample': 0.5597062845258337, 'colsample_bytree': 0.5788880351752815, 'gamma': 0.09343338566008957, 'reg_alpha': 0.002137050368802615, 'reg_lambda': 1.5794810974784814}. Best is trial 355 with value: 0.031237053151983718.
[I 2025-08-01 09:50:41,122] Trial 517 finished with value: 0.05825991184376763 and parameters: {'min_abs_corr': 0.02560814592634846, 'max_pair_corr': 0.9745092906237387, 'n_estimators': 909, 'learning_rate': 0.01409834441702168, 'max_depth': 19, 'min_child_weight': 0.130755344330643, 'subsample': 0.5687652301377493, 'colsample_bytree': 0.5745706121337486, 'gamma': 0.25950127652841937, 'reg_alpha': 0.0027755512425331865, 'reg_lambda': 1.0960512490221925}. Best is trial 355 with value: 0.031237053151983718.
[I 2025-08-01 09:50:43,265] Trial 518 finished with value: 0.05354779474413769 and parameters: {'min_abs_corr': 0.02485545549323283, 'max_pair_corr': 0.9729780247489045, 'n_estimators': 974, 'learning_rate': 0.015148639958902208, 'max_depth': 19, 'min_child_weight': 0.15453027487418636, 'subsample': 0.5541800350257794, 'colsample_bytree': 0.5642693421775918, 'gamma': 0.1675615743860498, 'reg_alpha': 0.0004707281874084396, 'reg_lambda': 1.2491453300289344}. Best is trial 355 with value: 0.031237053151983718.
[I 2025-08-01 09:50:45,689] Trial 519 finished with value: 0.048567178374714984 and parameters: {'min_abs_corr': 0.021880182444362798, 'max_pair_corr': 0.9742972054283079, 'n_estimators': 885, 'learning_rate': 0.012262005362052674, 'max_depth': 19, 'min_child_weight': 0.11357069881622962, 'subsample': 0.5423470514071285, 'colsample_bytree': 0.5886898284946515, 'gamma': 0.0952586490630748, 'reg_alpha': 0.08162464423929806, 'reg_lambda': 1.322894325324987}. Best is trial 355 with value: 0.031237053151983718.
[I 2025-08-01 09:50:53,877] Trial 520 finished with value: 0.031818742750872986 and parameters: {'min_abs_corr': 0.02717233866195157, 'max_pair_corr': 0.9707852007856267, 'n_estimators': 858, 'learning_rate': 0.01608631126285274, 'max_depth': 19, 'min_child_weight': 0.1646511274871153, 'subsample': 0.5575983836239126, 'colsample_bytree': 0.5706357230095315, 'gamma': 0.0004428756186458204, 'reg_alpha': 0.0805596999950102, 'reg_lambda': 1.1758887721096856}. Best is trial 355 with value: 0.031237053151983718.
[I 2025-08-01 09:50:55,600] Trial 521 finished with value: 0.062184947957344285 and parameters: {'min_abs_corr': 0.025857882950621858, 'max_pair_corr': 0.9704217997490803, 'n_estimators': 847, 'learning_rate': 0.016347063363501606, 'max_depth': 19, 'min_child_weight': 3.2540194292768407, 'subsample': 0.5696199459355696, 'colsample_bytree': 0.5707042343169093, 'gamma': 0.33402790222332157, 'reg_alpha': 0.0022979404257680303, 'reg_lambda': 1.146865295970199}. Best is trial 355 with value: 0.031237053151983718.
[I 2025-08-01 09:50:57,607] Trial 522 finished with value: 0.05398196537378704 and parameters: {'min_abs_corr': 0.023389842170389027, 'max_pair_corr': 0.972142886027821, 'n_estimators': 850, 'learning_rate': 0.014687583270654489, 'max_depth': 19, 'min_child_weight': 0.0020541329809726215, 'subsample': 0.5574532209465324, 'colsample_bytree': 0.5749560994800735, 'gamma': 0.1712171940094074, 'reg_alpha': 0.00023881653063609343, 'reg_lambda': 1.2281357552470111}. Best is trial 355 with value: 0.031237053151983718.
[I 2025-08-01 09:50:59,761] Trial 523 finished with value: 0.04744103748337926 and parameters: {'min_abs_corr': 0.024551272988620948, 'max_pair_corr': 0.9707273007708976, 'n_estimators': 819, 'learning_rate': 0.016243552210440687, 'max_depth': 19, 'min_child_weight': 1.1234295355651254, 'subsample': 0.5773823971604998, 'colsample_bytree': 0.5609140270991758, 'gamma': 0.08529031554685751, 'reg_alpha': 0.09784022094323347, 'reg_lambda': 1.0887091320138516}. Best is trial 355 with value: 0.031237053151983718.
[I 2025-08-01 09:51:07,437] Trial 524 finished with value: 0.032515418633360764 and parameters: {'min_abs_corr': 0.02691041082648615, 'max_pair_corr': 0.969417850482679, 'n_estimators': 902, 'learning_rate': 0.013101638317695974, 'max_depth': 19, 'min_child_weight': 0.15170781988745285, 'subsample': 0.5515552611703278, 'colsample_bytree': 0.5825685355910436, 'gamma': 0.00090990848287404, 'reg_alpha': 0.15256633190396673, 'reg_lambda': 0.9913980158187317}. Best is trial 355 with value: 0.031237053151983718.
[I 2025-08-01 09:51:13,417] Trial 525 finished with value: 0.032594370327570545 and parameters: {'min_abs_corr': 0.02748825016444409, 'max_pair_corr': 0.9671797164950446, 'n_estimators': 951, 'learning_rate': 0.017691708697480824, 'max_depth': 19, 'min_child_weight': 0.1240015512402707, 'subsample': 0.5553064208320483, 'colsample_bytree': 0.5873666483759123, 'gamma': 0.001171694317556946, 'reg_alpha': 0.1684103113526301, 'reg_lambda': 1.360422794885174}. Best is trial 355 with value: 0.031237053151983718.
[I 2025-08-01 09:51:15,149] Trial 526 finished with value: 0.05841275758575389 and parameters: {'min_abs_corr': 0.02988556709677781, 'max_pair_corr': 0.968538102697648, 'n_estimators': 957, 'learning_rate': 0.017631827273983172, 'max_depth': 19, 'min_child_weight': 0.10835747707486582, 'subsample': 0.550129804180057, 'colsample_bytree': 0.5888994423711756, 'gamma': 0.22606394659041829, 'reg_alpha': 0.17942277137451434, 'reg_lambda': 1.1729572123867742}. Best is trial 355 with value: 0.031237053151983718.
[I 2025-08-01 09:51:17,350] Trial 527 finished with value: 0.05255381837264632 and parameters: {'min_abs_corr': 0.02712032552705314, 'max_pair_corr': 0.9712101773332195, 'n_estimators': 1000, 'learning_rate': 0.017258965208414717, 'max_depth': 19, 'min_child_weight': 0.1358773238504201, 'subsample': 0.564055589752338, 'colsample_bytree': 0.6006108325735623, 'gamma': 0.12044658092845106, 'reg_alpha': 0.4109973958620119, 'reg_lambda': 1.2809306917768795}. Best is trial 355 with value: 0.031237053151983718.
[I 2025-08-01 09:51:19,259] Trial 528 finished with value: 0.06850479173776473 and parameters: {'min_abs_corr': 0.02901822824709762, 'max_pair_corr': 0.9670635635353403, 'n_estimators': 937, 'learning_rate': 0.014143395627564637, 'max_depth': 19, 'min_child_weight': 0.1307218797542326, 'subsample': 0.5525633985863591, 'colsample_bytree': 0.5852915362508317, 'gamma': 0.44445067430715784, 'reg_alpha': 0.17163632077124083, 'reg_lambda': 0.8570816129242385}. Best is trial 355 with value: 0.031237053151983718.
[I 2025-08-01 09:51:21,452] Trial 529 finished with value: 0.04939474406661985 and parameters: {'min_abs_corr': 0.027721756802192087, 'max_pair_corr': 0.9688638202638807, 'n_estimators': 921, 'learning_rate': 0.015337760056866193, 'max_depth': 19, 'min_child_weight': 0.16282410455909155, 'subsample': 0.5713834641520757, 'colsample_bytree': 0.5805229816526384, 'gamma': 0.09068228380068798, 'reg_alpha': 0.2608385935344749, 'reg_lambda': 1.0354154000572415}. Best is trial 355 with value: 0.031237053151983718.
[I 2025-08-01 09:51:23,279] Trial 530 finished with value: 0.058539356442839495 and parameters: {'min_abs_corr': 0.02951313064603318, 'max_pair_corr': 0.9665542720045176, 'n_estimators': 905, 'learning_rate': 0.017778548972160958, 'max_depth': 19, 'min_child_weight': 0.18965418579854523, 'subsample': 0.548632317982948, 'colsample_bytree': 0.6018752044878081, 'gamma': 0.23032479935894243, 'reg_alpha': 0.14670186215624387, 'reg_lambda': 1.1794272264977037}. Best is trial 355 with value: 0.031237053151983718.
[I 2025-08-01 09:51:24,861] Trial 531 finished with value: 0.10551522243293747 and parameters: {'min_abs_corr': 0.03149720276383448, 'max_pair_corr': 0.9671811367099225, 'n_estimators': 955, 'learning_rate': 0.01249123395221489, 'max_depth': 19, 'min_child_weight': 0.10576503480411745, 'subsample': 0.542990898225622, 'colsample_bytree': 0.5738678933337709, 'gamma': 2.0924220427297273, 'reg_alpha': 0.33800317547431463, 'reg_lambda': 1.0308860194457463}. Best is trial 355 with value: 0.031237053151983718.
[I 2025-08-01 09:51:27,308] Trial 532 finished with value: 0.04862416269850783 and parameters: {'min_abs_corr': 0.027026864581563337, 'max_pair_corr': 0.9677839728501534, 'n_estimators': 929, 'learning_rate': 0.011263261905584224, 'max_depth': 19, 'min_child_weight': 0.13082636660003708, 'subsample': 0.564057551029468, 'colsample_bytree': 0.5717549795056687, 'gamma': 0.09083387682444084, 'reg_alpha': 0.11750304240896721, 'reg_lambda': 0.9596033185057729}. Best is trial 355 with value: 0.031237053151983718.
[I 2025-08-01 09:51:29,200] Trial 533 finished with value: 0.054713304451203815 and parameters: {'min_abs_corr': 0.025799235410588043, 'max_pair_corr': 0.9712577895274839, 'n_estimators': 901, 'learning_rate': 0.014704599305338717, 'max_depth': 19, 'min_child_weight': 3.953617261322671, 'subsample': 0.5744175762848159, 'colsample_bytree': 0.589841512226614, 'gamma': 0.16480730947775815, 'reg_alpha': 0.2182561856983843, 'reg_lambda': 1.1539935883013375}. Best is trial 355 with value: 0.031237053151983718.
[I 2025-08-01 09:51:34,101] Trial 534 finished with value: 0.032305243409067735 and parameters: {'min_abs_corr': 0.028213133145517173, 'max_pair_corr': 0.9692489531411795, 'n_estimators': 894, 'learning_rate': 0.019851224872967047, 'max_depth': 19, 'min_child_weight': 0.16733805046009892, 'subsample': 0.5526246772359689, 'colsample_bytree': 0.5805356789381801, 'gamma': 0.001969955270585226, 'reg_alpha': 0.08967688870901243, 'reg_lambda': 1.3913208686260203}. Best is trial 355 with value: 0.031237053151983718.
[I 2025-08-01 09:51:36,148] Trial 535 finished with value: 0.04791708739756579 and parameters: {'min_abs_corr': 0.028766813125605903, 'max_pair_corr': 0.9703597790695168, 'n_estimators': 870, 'learning_rate': 0.019393931766443995, 'max_depth': 19, 'min_child_weight': 0.1709036239069346, 'subsample': 0.5584142700590656, 'colsample_bytree': 0.6151978871718807, 'gamma': 0.09504922949823998, 'reg_alpha': 0.0009759374991941405, 'reg_lambda': 1.3502943803658793}. Best is trial 355 with value: 0.031237053151983718.
[I 2025-08-01 09:51:42,338] Trial 536 finished with value: 0.032841871860716944 and parameters: {'min_abs_corr': 0.032401896867515774, 'max_pair_corr': 0.9690792093751434, 'n_estimators': 978, 'learning_rate': 0.01996093861489737, 'max_depth': 19, 'min_child_weight': 0.20216281653856105, 'subsample': 0.5513850510367906, 'colsample_bytree': 0.5894792693253104, 'gamma': 0.0007418515059616056, 'reg_alpha': 0.25092049577015774, 'reg_lambda': 1.2702121174411232}. Best is trial 355 with value: 0.031237053151983718.
[I 2025-08-01 09:51:44,149] Trial 537 finished with value: 0.06282966096268487 and parameters: {'min_abs_corr': 0.030696423882026095, 'max_pair_corr': 0.9688755682113221, 'n_estimators': 932, 'learning_rate': 0.01773384435130771, 'max_depth': 19, 'min_child_weight': 0.1541593865427477, 'subsample': 0.5382834352843958, 'colsample_bytree': 0.593777973190266, 'gamma': 0.31750570937727685, 'reg_alpha': 0.1636714744379703, 'reg_lambda': 1.3567973353351033}. Best is trial 355 with value: 0.031237053151983718.
[I 2025-08-01 09:51:45,996] Trial 538 finished with value: 0.054712363262778216 and parameters: {'min_abs_corr': 0.027378448385716427, 'max_pair_corr': 0.9685655413334827, 'n_estimators': 900, 'learning_rate': 0.02172422910050872, 'max_depth': 19, 'min_child_weight': 0.1999632554798922, 'subsample': 0.5787330879394298, 'colsample_bytree': 0.5783619273087709, 'gamma': 0.18184642396127562, 'reg_alpha': 0.08978911518401538, 'reg_lambda': 1.3186890283655945}. Best is trial 355 with value: 0.031237053151983718.
[I 2025-08-01 09:51:47,674] Trial 539 finished with value: 0.05129313779598614 and parameters: {'min_abs_corr': 0.029064693703779135, 'max_pair_corr': 0.9661319082582263, 'n_estimators': 868, 'learning_rate': 0.018801095371974365, 'max_depth': 20, 'min_child_weight': 26.777759971090614, 'subsample': 0.5648316697750477, 'colsample_bytree': 0.5871995916254376, 'gamma': 0.09526657231629516, 'reg_alpha': 0.35578531091872273, 'reg_lambda': 1.463049239271021}. Best is trial 355 with value: 0.031237053151983718.
[I 2025-08-01 09:51:50,174] Trial 540 finished with value: 0.0719747460105844 and parameters: {'min_abs_corr': 0.02444155740636231, 'max_pair_corr': 0.9650480124317697, 'n_estimators': 955, 'learning_rate': 0.016251323759486243, 'max_depth': 19, 'min_child_weight': 0.16686147176180227, 'subsample': 0.5501439126988398, 'colsample_bytree': 0.9638813225408365, 'gamma': 0.2504548266455494, 'reg_alpha': 2.1529343905018914, 'reg_lambda': 0.9204748254654525}. Best is trial 355 with value: 0.031237053151983718.
[I 2025-08-01 09:51:56,467] Trial 541 finished with value: 0.03314570314640034 and parameters: {'min_abs_corr': 0.027883958676392956, 'max_pair_corr': 0.9721531294998217, 'n_estimators': 919, 'learning_rate': 0.01562528522270258, 'max_depth': 20, 'min_child_weight': 0.005558892894622819, 'subsample': 0.5419561874730717, 'colsample_bytree': 0.6050589674949357, 'gamma': 0.0017687579061965168, 'reg_alpha': 0.1623027955760527, 'reg_lambda': 1.3999109933380474}. Best is trial 355 with value: 0.031237053151983718.
[I 2025-08-01 09:51:58,391] Trial 542 finished with value: 0.05262791735978768 and parameters: {'min_abs_corr': 0.0217035178842592, 'max_pair_corr': 0.9707778603514093, 'n_estimators': 884, 'learning_rate': 0.02079815577840725, 'max_depth': 19, 'min_child_weight': 0.22447293197890428, 'subsample': 0.56349320465773, 'colsample_bytree': 0.5790397448220254, 'gamma': 0.1509952122885511, 'reg_alpha': 0.08841685635289145, 'reg_lambda': 1.2509282060028866}. Best is trial 355 with value: 0.031237053151983718.
[I 2025-08-01 09:52:00,664] Trial 543 finished with value: 0.04914469635670788 and parameters: {'min_abs_corr': 0.024802974179504222, 'max_pair_corr': 0.9695714966232553, 'n_estimators': 902, 'learning_rate': 0.013714034840927576, 'max_depth': 19, 'min_child_weight': 1.6598980119402889, 'subsample': 0.5530097238236149, 'colsample_bytree': 0.5647493794260497, 'gamma': 0.10732836912775301, 'reg_alpha': 0.0006692950999750057, 'reg_lambda': 1.1903023784448263}. Best is trial 355 with value: 0.031237053151983718.
[I 2025-08-01 09:52:02,150] Trial 544 finished with value: 0.10953182468647209 and parameters: {'min_abs_corr': 0.030630852323114306, 'max_pair_corr': 0.9729352033284552, 'n_estimators': 867, 'learning_rate': 0.017568352395787343, 'max_depth': 20, 'min_child_weight': 0.1518251164523636, 'subsample': 0.5372240168679923, 'colsample_bytree': 0.6006584202411216, 'gamma': 3.351207417461353, 'reg_alpha': 0.25868847375802506, 'reg_lambda': 1.4179205664659897}. Best is trial 355 with value: 0.031237053151983718.
[I 2025-08-01 09:52:06,122] Trial 545 finished with value: 0.034066357382180966 and parameters: {'min_abs_corr': 0.026261043097105707, 'max_pair_corr': 0.9684071925981674, 'n_estimators': 928, 'learning_rate': 0.015896683893688247, 'max_depth': 19, 'min_child_weight': 0.11883371744277697, 'subsample': 0.5760982264258696, 'colsample_bytree': 0.5566772727127787, 'gamma': 0.005036052577975202, 'reg_alpha': 0.16544448156347677, 'reg_lambda': 1.0326116230949485}. Best is trial 355 with value: 0.031237053151983718.
[I 2025-08-01 09:52:08,035] Trial 546 finished with value: 0.06977227779098472 and parameters: {'min_abs_corr': 0.020444554996864477, 'max_pair_corr': 0.9734593208170705, 'n_estimators': 996, 'learning_rate': 0.01908888997013847, 'max_depth': 20, 'min_child_weight': 0.09778908834606687, 'subsample': 0.5286823610410918, 'colsample_bytree': 0.5827146015611436, 'gamma': 0.26310414588427905, 'reg_alpha': 1.555602280733508, 'reg_lambda': 1.403903757710573}. Best is trial 355 with value: 0.031237053151983718.
[I 2025-08-01 09:52:10,259] Trial 547 finished with value: 0.060201297007990776 and parameters: {'min_abs_corr': 0.02300424127680057, 'max_pair_corr': 0.9725839870898102, 'n_estimators': 949, 'learning_rate': 0.014041748258423374, 'max_depth': 20, 'min_child_weight': 0.21379475436947087, 'subsample': 0.5580008411886799, 'colsample_bytree': 0.6358235004649628, 'gamma': 0.10142862574682021, 'reg_alpha': 1.7304454533833913, 'reg_lambda': 1.1161614643756812}. Best is trial 355 with value: 0.031237053151983718.
[I 2025-08-01 09:52:12,290] Trial 548 finished with value: 0.055171245585140236 and parameters: {'min_abs_corr': 0.02779686129800692, 'max_pair_corr': 0.9705061377360917, 'n_estimators': 890, 'learning_rate': 0.012951879744639867, 'max_depth': 19, 'min_child_weight': 0.1426399708984156, 'subsample': 0.5282361365936842, 'colsample_bytree': 0.5670576262680751, 'gamma': 0.17868566929694976, 'reg_alpha': 0.09004751297800961, 'reg_lambda': 1.2667274235988513}. Best is trial 355 with value: 0.031237053151983718.
