[I 2025-08-01 09:52:14,360] Trial 549 finished with value: 0.048012100039893826 and parameters: {'min_abs_corr': 0.024291122970355537, 'max_pair_corr': 0.96690563379629, 'n_estimators': 855, 'learning_rate': 0.016657777580537443, 'max_depth': 20, 'min_child_weight': 0.1761256971883075, 'subsample': 0.5486283079475982, 'colsample_bytree': 0.5593957041515202, 'gamma': 0.07333074896479416, 'reg_alpha': 0.3148210241875046, 'reg_lambda': 0.7505767484313048}. Best is trial 355 with value: 0.031237053151983718.
[I 2025-08-01 09:52:16,192] Trial 550 finished with value: 0.06482777887223848 and parameters: {'min_abs_corr': 0.005244978147113727, 'max_pair_corr': 0.9743223939590295, 'n_estimators': 904, 'learning_rate': 0.021122746388417563, 'max_depth': 19, 'min_child_weight': 8.746043533748335, 'subsample': 0.5654726242690297, 'colsample_bytree': 0.5952133160183285, 'gamma': 0.3792404157545729, 'reg_alpha': 0.21843355954374527, 'reg_lambda': 1.416214644966273}. Best is trial 355 with value: 0.031237053151983718.
[I 2025-08-01 09:52:17,697] Trial 551 finished with value: 0.09986911394407519 and parameters: {'min_abs_corr': 0.030109534478713833, 'max_pair_corr': 0.9712712352658984, 'n_estimators': 856, 'learning_rate': 0.014706392063972092, 'max_depth': 20, 'min_child_weight': 0.08117406825884327, 'subsample': 0.5403885900060986, 'colsample_bytree': 0.6134030553191198, 'gamma': 1.6363450524415284, 'reg_alpha': 0.459905157965108, 'reg_lambda': 1.274348125552326}. Best is trial 355 with value: 0.031237053151983718.
[I 2025-08-01 09:52:20,154] Trial 552 finished with value: 0.04741599366293812 and parameters: {'min_abs_corr': 0.021812274157864377, 'max_pair_corr': 0.9646847032121493, 'n_estimators': 921, 'learning_rate': 0.01277019589049032, 'max_depth': 19, 'min_child_weight': 0.24159114477183552, 'subsample': 0.5731893138556536, 'colsample_bytree': 0.5764000761549497, 'gamma': 0.08499180230805593, 'reg_alpha': 0.09470039377725983, 'reg_lambda': 0.8944598205950047}. Best is trial 355 with value: 0.031237053151983718.
[I 2025-08-01 09:52:21,906] Trial 553 finished with value: 0.07310132774478285 and parameters: {'min_abs_corr': 0.025860611255752713, 'max_pair_corr': 0.9749837401720417, 'n_estimators': 961, 'learning_rate': 0.02711870975196038, 'max_depth': 20, 'min_child_weight': 0.12670381166934716, 'subsample': 0.5580249981994033, 'colsample_bytree': 0.5551703770267544, 'gamma': 0.20108935869339337, 'reg_alpha': 2.8023811488315364, 'reg_lambda': 1.1491693449029334}. Best is trial 355 with value: 0.031237053151983718.
[I 2025-08-01 09:52:23,305] Trial 554 finished with value: 0.10957653372775181 and parameters: {'min_abs_corr': 0.053318669299571936, 'max_pair_corr': 0.9729468698874171, 'n_estimators': 885, 'learning_rate': 0.018489512471326693, 'max_depth': 19, 'min_child_weight': 0.18611325143716925, 'subsample': 0.5858020295592767, 'colsample_bytree': 0.5722763077408908, 'gamma': 3.8481242563927025, 'reg_alpha': 0.17722893976284693, 'reg_lambda': 1.4874884761473832}. Best is trial 355 with value: 0.031237053151983718.
[I 2025-08-01 09:52:24,896] Trial 555 finished with value: 0.048196354792124085 and parameters: {'min_abs_corr': 0.09996016451036595, 'max_pair_corr': 0.911218745098888, 'n_estimators': 834, 'learning_rate': 0.010544947936399878, 'max_depth': 20, 'min_child_weight': 0.14353354127470885, 'subsample': 0.5194295499111854, 'colsample_bytree': 0.5865556417068786, 'gamma': 0.08480158431874915, 'reg_alpha': 0.0012245441306474674, 'reg_lambda': 1.4547094796593376}. Best is trial 355 with value: 0.031237053151983718.
[I 2025-08-01 09:52:34,073] Trial 556 finished with value: 0.03150225055034458 and parameters: {'min_abs_corr': 0.02377668622730825, 'max_pair_corr': 0.9694870935112637, 'n_estimators': 877, 'learning_rate': 0.01604478690955736, 'max_depth': 19, 'min_child_weight': 0.09395248571910854, 'subsample': 0.5373026102010334, 'colsample_bytree': 0.557288736700613, 'gamma': 0.00030559530876958876, 'reg_alpha': 0.08685266315835695, 'reg_lambda': 1.381358780901192}. Best is trial 355 with value: 0.031237053151983718.
[I 2025-08-01 09:52:35,694] Trial 557 finished with value: 0.06111055309578678 and parameters: {'min_abs_corr': 0.08244577451101026, 'max_pair_corr': 0.9679506572397513, 'n_estimators': 933, 'learning_rate': 0.01659887964240387, 'max_depth': 19, 'min_child_weight': 0.08768849332486423, 'subsample': 0.532418115537773, 'colsample_bytree': 0.5535031129284889, 'gamma': 0.2972538126040311, 'reg_alpha': 0.09614523809302652, 'reg_lambda': 1.3545900295454762}. Best is trial 355 with value: 0.031237053151983718.
[I 2025-08-01 09:52:40,233] Trial 558 finished with value: 0.03416341869203727 and parameters: {'min_abs_corr': 0.028018250801349384, 'max_pair_corr': 0.9693570050721917, 'n_estimators': 908, 'learning_rate': 0.01879231987280089, 'max_depth': 19, 'min_child_weight': 0.09885936985197634, 'subsample': 0.5462759156795447, 'colsample_bytree': 0.5503014173850218, 'gamma': 0.0043784317005826166, 'reg_alpha': 0.0026621207324470236, 'reg_lambda': 1.2074204051904476}. Best is trial 355 with value: 0.031237053151983718.
[I 2025-08-01 09:52:41,910] Trial 559 finished with value: 0.0546071103228822 and parameters: {'min_abs_corr': 0.025952717717035154, 'max_pair_corr': 0.9665229094989123, 'n_estimators': 809, 'learning_rate': 0.025053952222495537, 'max_depth': 19, 'min_child_weight': 0.07809939235517693, 'subsample': 0.5389426332832092, 'colsample_bytree': 0.570022450913104, 'gamma': 0.1777134015877864, 'reg_alpha': 0.0934573105451922, 'reg_lambda': 1.329364598985979}. Best is trial 355 with value: 0.031237053151983718.
[I 2025-08-01 09:52:44,093] Trial 560 finished with value: 0.049264563782291264 and parameters: {'min_abs_corr': 0.024062071801438538, 'max_pair_corr': 0.9718778532578873, 'n_estimators': 883, 'learning_rate': 0.015532762303219254, 'max_depth': 19, 'min_child_weight': 0.10721688798322339, 'subsample': 0.5341220638516436, 'colsample_bytree': 0.5992790153872991, 'gamma': 0.08847711360036116, 'reg_alpha': 0.2508219464218544, 'reg_lambda': 0.9863033519166498}. Best is trial 355 with value: 0.031237053151983718.
[I 2025-08-01 09:52:45,570] Trial 561 finished with value: 0.05212271522703364 and parameters: {'min_abs_corr': 0.03183422221588938, 'max_pair_corr': 0.9698388465884635, 'n_estimators': 854, 'learning_rate': 0.21733217961838772, 'max_depth': 20, 'min_child_weight': 0.11917780608380135, 'subsample': 0.550915927174635, 'colsample_bytree': 0.5787134001230897, 'gamma': 0.16916793191214155, 'reg_alpha': 0.0027937830467664347, 'reg_lambda': 1.3804923629200092}. Best is trial 355 with value: 0.031237053151983718.
[I 2025-08-01 09:52:47,772] Trial 562 finished with value: 0.04797410087758781 and parameters: {'min_abs_corr': 0.028670959353009364, 'max_pair_corr': 0.9682993499381586, 'n_estimators': 1018, 'learning_rate': 0.017112507774133666, 'max_depth': 19, 'min_child_weight': 0.0894162781400958, 'subsample': 0.526591770586579, 'colsample_bytree': 0.5474748805654192, 'gamma': 0.08470485991185552, 'reg_alpha': 0.15830540703907092, 'reg_lambda': 1.4943417918111548}. Best is trial 355 with value: 0.031237053151983718.
[I 2025-08-01 09:52:49,344] Trial 563 finished with value: 0.05909459312849306 and parameters: {'min_abs_corr': 0.07125704389312035, 'max_pair_corr': 0.9708005810302706, 'n_estimators': 942, 'learning_rate': 0.023248685397275592, 'max_depth': 20, 'min_child_weight': 0.13230444258959745, 'subsample': 0.5476232280458275, 'colsample_bytree': 0.5657478418222599, 'gamma': 0.2528260344607408, 'reg_alpha': 0.09054277088784746, 'reg_lambda': 1.078987702930498}. Best is trial 355 with value: 0.031237053151983718.
[I 2025-08-01 09:52:51,233] Trial 564 finished with value: 0.047495377489410615 and parameters: {'min_abs_corr': 0.026863567700531728, 'max_pair_corr': 0.9738302497793416, 'n_estimators': 754, 'learning_rate': 0.021197892404193848, 'max_depth': 19, 'min_child_weight': 0.10529353368000924, 'subsample': 0.5129549789848814, 'colsample_bytree': 0.5889205300605519, 'gamma': 0.08494609526962305, 'reg_alpha': 0.22167815160396642, 'reg_lambda': 1.2469988822251479}. Best is trial 355 with value: 0.031237053151983718.
[I 2025-08-01 09:52:54,879] Trial 565 finished with value: 0.036401946479317826 and parameters: {'min_abs_corr': 0.0246768209319586, 'max_pair_corr': 0.9722660200822936, 'n_estimators': 914, 'learning_rate': 0.014748560533129005, 'max_depth': 18, 'min_child_weight': 0.07384044680596379, 'subsample': 0.5389229877192586, 'colsample_bytree': 0.558003709373455, 'gamma': 0.012517511056230349, 'reg_alpha': 0.10901344093885884, 'reg_lambda': 1.422276566828661}. Best is trial 355 with value: 0.031237053151983718.
[I 2025-08-01 09:53:01,428] Trial 566 finished with value: 0.0326193765643982 and parameters: {'min_abs_corr': 0.020424753618050018, 'max_pair_corr': 0.9661368098296782, 'n_estimators': 975, 'learning_rate': 0.013820097353424652, 'max_depth': 19, 'min_child_weight': 0.15543961440075882, 'subsample': 0.5587717036876045, 'colsample_bytree': 0.621801914440038, 'gamma': 0.002589609885821611, 'reg_alpha': 0.0007321755029422183, 'reg_lambda': 1.5446844840386795}. Best is trial 355 with value: 0.031237053151983718.
[I 2025-08-01 09:53:02,968] Trial 567 finished with value: 0.09561282090451795 and parameters: {'min_abs_corr': 0.02287590534001387, 'max_pair_corr': 0.9741296340789964, 'n_estimators': 842, 'learning_rate': 0.019129022909902958, 'max_depth': 20, 'min_child_weight': 0.1806657113144633, 'subsample': 0.5257237779495965, 'colsample_bytree': 0.5776069439563355, 'gamma': 1.4211190369162359, 'reg_alpha': 0.3381374654081516, 'reg_lambda': 1.1764339350709956}. Best is trial 355 with value: 0.031237053151983718.
[I 2025-08-01 09:53:04,912] Trial 568 finished with value: 0.055172439744145006 and parameters: {'min_abs_corr': 0.025972109230631223, 'max_pair_corr': 0.9699019377666767, 'n_estimators': 879, 'learning_rate': 0.01699732751886932, 'max_depth': 19, 'min_child_weight': 0.12454196367253889, 'subsample': 0.5675704770754864, 'colsample_bytree': 0.6057386462634736, 'gamma': 0.17879382181176678, 'reg_alpha': 0.1674511829796883, 'reg_lambda': 1.4613227465409204}. Best is trial 355 with value: 0.031237053151983718.
[I 2025-08-01 09:53:09,167] Trial 569 finished with value: 0.05547435687170303 and parameters: {'min_abs_corr': 0.029618329632752505, 'max_pair_corr': 0.9640244203343031, 'n_estimators': 899, 'learning_rate': 0.012948339734574047, 'max_depth': 20, 'min_child_weight': 0.15217861249465645, 'subsample': 0.515102170570461, 'colsample_bytree': 0.5455260324570633, 'gamma': 0.0008719837963546055, 'reg_alpha': 3.6691199090031446, 'reg_lambda': 1.3277899286689925}. Best is trial 355 with value: 0.031237053151983718.
[I 2025-08-01 09:53:10,734] Trial 570 finished with value: 0.05338315949257723 and parameters: {'min_abs_corr': 0.024833566398740608, 'max_pair_corr': 0.9714242930668231, 'n_estimators': 802, 'learning_rate': 0.020366283739413533, 'max_depth': 18, 'min_child_weight': 0.09608168109781125, 'subsample': 0.5443487950557693, 'colsample_bytree': 0.42548618577076913, 'gamma': 0.1558727078352485, 'reg_alpha': 0.09201393174907577, 'reg_lambda': 1.5651783933550376}. Best is trial 355 with value: 0.031237053151983718.
[I 2025-08-01 09:53:16,608] Trial 571 finished with value: 0.03341720438414554 and parameters: {'min_abs_corr': 0.02749272719273426, 'max_pair_corr': 0.9756698449122857, 'n_estimators': 943, 'learning_rate': 0.015481507786731862, 'max_depth': 20, 'min_child_weight': 0.1754849216142274, 'subsample': 0.5545965104958159, 'colsample_bytree': 0.5660961240774212, 'gamma': 0.0014156179457441211, 'reg_alpha': 0.26223573866829064, 'reg_lambda': 1.0791364796417389}. Best is trial 355 with value: 0.031237053151983718.
[I 2025-08-01 09:53:18,170] Trial 572 finished with value: 0.06296564759374539 and parameters: {'min_abs_corr': 0.02172124450287858, 'max_pair_corr': 0.9682307635690862, 'n_estimators': 860, 'learning_rate': 0.018021058516631334, 'max_depth': 18, 'min_child_weight': 0.11882920872230479, 'subsample': 0.531547664363806, 'colsample_bytree': 0.5507025443126804, 'gamma': 0.32704461240557936, 'reg_alpha': 0.0842378152455961, 'reg_lambda': 1.2648911975717023}. Best is trial 355 with value: 0.031237053151983718.
[I 2025-08-01 09:53:20,135] Trial 573 finished with value: 0.05329351183355089 and parameters: {'min_abs_corr': 0.02350175534446332, 'max_pair_corr': 0.9755558970499107, 'n_estimators': 911, 'learning_rate': 0.014657794352385645, 'max_depth': 19, 'min_child_weight': 0.004264650560362762, 'subsample': 0.5220563917115101, 'colsample_bytree': 0.595538966372552, 'gamma': 0.14853290810121464, 'reg_alpha': 0.1963062199309007, 'reg_lambda': 1.3720679007053187}. Best is trial 355 with value: 0.031237053151983718.
[I 2025-08-01 09:53:22,169] Trial 574 finished with value: 0.06005551161438386 and parameters: {'min_abs_corr': 0.027433891177159025, 'max_pair_corr': 0.9741594773919674, 'n_estimators': 786, 'learning_rate': 0.012060808407256133, 'max_depth': 19, 'min_child_weight': 0.1429802576208915, 'subsample': 0.5369087889599138, 'colsample_bytree': 0.5831108886136912, 'gamma': 0.26475276436949463, 'reg_alpha': 0.0858085907495351, 'reg_lambda': 1.4914162572587035}. Best is trial 355 with value: 0.031237053151983718.
[I 2025-08-01 09:53:24,169] Trial 575 finished with value: 0.05047318218780712 and parameters: {'min_abs_corr': 0.019582386207629712, 'max_pair_corr': 0.9731843102839376, 'n_estimators': 688, 'learning_rate': 0.016942352831508554, 'max_depth': 20, 'min_child_weight': 0.22074109726472926, 'subsample': 0.5083464593837489, 'colsample_bytree': 0.5616377324831505, 'gamma': 0.07942180476785522, 'reg_alpha': 0.39336702998390777, 'reg_lambda': 4.898588914112943}. Best is trial 355 with value: 0.031237053151983718.
[I 2025-08-01 09:53:31,285] Trial 576 finished with value: 0.03446216028127539 and parameters: {'min_abs_corr': 0.030443681749246103, 'max_pair_corr': 0.9705841207455731, 'n_estimators': 875, 'learning_rate': 0.00846942346664391, 'max_depth': 18, 'min_child_weight': 0.008305316099722333, 'subsample': 0.5831073158172153, 'colsample_bytree': 0.547215910417592, 'gamma': 0.0020877145168108754, 'reg_alpha': 0.27745227021364727, 'reg_lambda': 1.5524987870576727}. Best is trial 355 with value: 0.031237053151983718.
[I 2025-08-01 09:53:32,406] Trial 577 finished with value: 0.05488078454285714 and parameters: {'min_abs_corr': 0.025418247534130623, 'max_pair_corr': 0.9758601019520541, 'n_estimators': 326, 'learning_rate': 0.02264763951821528, 'max_depth': 20, 'min_child_weight': 0.07227856311639612, 'subsample': 0.5700560734657829, 'colsample_bytree': 0.5730177602239681, 'gamma': 0.17384107973602558, 'reg_alpha': 0.1646010458083817, 'reg_lambda': 1.1737126937740159}. Best is trial 355 with value: 0.031237053151983718.
[I 2025-08-01 09:53:42,997] Trial 578 finished with value: 0.031479842254792 and parameters: {'min_abs_corr': 0.023212616433803217, 'max_pair_corr': 0.9652249348073534, 'n_estimators': 831, 'learning_rate': 0.01366855649011196, 'max_depth': 19, 'min_child_weight': 0.20177559865318404, 'subsample': 0.5496311337245483, 'colsample_bytree': 0.5382879524742326, 'gamma': 0.00035327165152486927, 'reg_alpha': 0.005055121660145014, 'reg_lambda': 1.4241007170170914}. Best is trial 355 with value: 0.031237053151983718.
[I 2025-08-01 09:53:45,024] Trial 579 finished with value: 0.049333732395791446 and parameters: {'min_abs_corr': 0.019952541930978666, 'max_pair_corr': 0.967164787158606, 'n_estimators': 815, 'learning_rate': 0.013250366927312495, 'max_depth': 20, 'min_child_weight': 0.2447106159673739, 'subsample': 0.5244201651197091, 'colsample_bytree': 0.5404743240481492, 'gamma': 0.10567602051035653, 'reg_alpha': 0.005787808318899745, 'reg_lambda': 1.5925244527722922}. Best is trial 355 with value: 0.031237053151983718.
[I 2025-08-01 09:53:46,735] Trial 580 finished with value: 0.07019703794912596 and parameters: {'min_abs_corr': 0.021987181536715965, 'max_pair_corr': 0.9643586742484007, 'n_estimators': 830, 'learning_rate': 0.011642822261910745, 'max_depth': 18, 'min_child_weight': 0.18398788037445105, 'subsample': 0.5003200847130845, 'colsample_bytree': 0.5115172789784739, 'gamma': 0.4614822716639504, 'reg_alpha': 0.17347886563642884, 'reg_lambda': 1.3162162232592758}. Best is trial 355 with value: 0.031237053151983718.
[I 2025-08-01 09:53:48,883] Trial 581 finished with value: 0.057296353215674015 and parameters: {'min_abs_corr': 0.022648772036699003, 'max_pair_corr': 0.9635814720293884, 'n_estimators': 782, 'learning_rate': 0.010214758621786665, 'max_depth': 19, 'min_child_weight': 0.21730784272541911, 'subsample': 0.5406626308046174, 'colsample_bytree': 0.5290773438184898, 'gamma': 0.20907868723113193, 'reg_alpha': 0.08999383870002027, 'reg_lambda': 0.6891326601796297}. Best is trial 355 with value: 0.031237053151983718.
[I 2025-08-01 09:53:54,373] Trial 582 finished with value: 0.03379593603230574 and parameters: {'min_abs_corr': 0.01867937388838822, 'max_pair_corr': 0.9650460862220019, 'n_estimators': 848, 'learning_rate': 0.013769599211317044, 'max_depth': 20, 'min_child_weight': 0.1917853330097102, 'subsample': 0.5501044584162055, 'colsample_bytree': 0.5386684172567531, 'gamma': 0.0021060659673275504, 'reg_alpha': 0.2751220192459319, 'reg_lambda': 1.645402755135045}. Best is trial 355 with value: 0.031237053151983718.
[I 2025-08-01 09:53:56,459] Trial 583 finished with value: 0.049450217920141704 and parameters: {'min_abs_corr': 0.026948023114771093, 'max_pair_corr': 0.9650939080351397, 'n_estimators': 818, 'learning_rate': 0.012547435576151983, 'max_depth': 19, 'min_child_weight': 0.23740345703827484, 'subsample': 0.5132391517176562, 'colsample_bytree': 0.5055652716895903, 'gamma': 0.10299366330862253, 'reg_alpha': 0.0015812158091393284, 'reg_lambda': 1.4417366671417593}. Best is trial 355 with value: 0.031237053151983718.
[I 2025-08-01 09:53:58,588] Trial 584 finished with value: 0.060709496908976666 and parameters: {'min_abs_corr': 0.028960631962975103, 'max_pair_corr': 0.9669555972712434, 'n_estimators': 852, 'learning_rate': 0.009084702748343368, 'max_depth': 18, 'min_child_weight': 0.25750974007912514, 'subsample': 0.5323526762395719, 'colsample_bytree': 0.5401973139154664, 'gamma': 0.2427842278580279, 'reg_alpha': 0.16109488323713828, 'reg_lambda': 4.542877080616245}. Best is trial 355 with value: 0.031237053151983718.
[I 2025-08-01 09:54:00,568] Trial 585 finished with value: 0.04861742654240322 and parameters: {'min_abs_corr': 0.009225731616128965, 'max_pair_corr': 0.9681319461215039, 'n_estimators': 774, 'learning_rate': 0.016341988361531626, 'max_depth': 19, 'min_child_weight': 0.15837637844726932, 'subsample': 0.5494419203582102, 'colsample_bytree': 0.5226193497140407, 'gamma': 0.09578264570863303, 'reg_alpha': 0.0894395864153703, 'reg_lambda': 0.9736907784784921}. Best is trial 355 with value: 0.031237053151983718.
[I 2025-08-01 09:54:02,029] Trial 586 finished with value: 0.06576684720540513 and parameters: {'min_abs_corr': 0.023719354253227427, 'max_pair_corr': 0.9697467417839333, 'n_estimators': 752, 'learning_rate': 0.011475477377787235, 'max_depth': 20, 'min_child_weight': 0.1929428371876446, 'subsample': 0.5194901971722894, 'colsample_bytree': 0.5531046136216645, 'gamma': 0.3312438449233358, 'reg_alpha': 0.33711196458894516, 'reg_lambda': 1.545914536745349}. Best is trial 355 with value: 0.031237053151983718.
[I 2025-08-01 09:54:04,144] Trial 587 finished with value: 0.05428177508594253 and parameters: {'min_abs_corr': 0.02074373479033677, 'max_pair_corr': 0.9665120003145966, 'n_estimators': 977, 'learning_rate': 0.019390016659571362, 'max_depth': 20, 'min_child_weight': 0.2875035147834174, 'subsample': 0.5417953484774627, 'colsample_bytree': 0.8584467918705421, 'gamma': 0.1595283442543234, 'reg_alpha': 0.2118651255747715, 'reg_lambda': 1.6879272975535666}. Best is trial 355 with value: 0.031237053151983718.
[I 2025-08-01 09:54:06,937] Trial 588 finished with value: 0.047744317996440425 and parameters: {'min_abs_corr': 0.0317782716882614, 'max_pair_corr': 0.9692207329579822, 'n_estimators': 822, 'learning_rate': 0.014141465912373238, 'max_depth': 18, 'min_child_weight': 0.10756577073170533, 'subsample': 0.5560260588126043, 'colsample_bytree': 0.9826406287328506, 'gamma': 0.09320051784236533, 'reg_alpha': 0.00289351699953036, 'reg_lambda': 1.50935760079566}. Best is trial 355 with value: 0.031237053151983718.
[I 2025-08-01 09:54:08,645] Trial 589 finished with value: 0.050003608605073545 and parameters: {'min_abs_corr': 0.025971505683843557, 'max_pair_corr': 0.9681861755153421, 'n_estimators': 864, 'learning_rate': 0.24578773571500956, 'max_depth': 19, 'min_child_weight': 0.16319510524316358, 'subsample': 0.5102358022597439, 'colsample_bytree': 0.5289008234814896, 'gamma': 0.0038612250345522034, 'reg_alpha': 2.6767052275161936, 'reg_lambda': 1.2228491114247426}. Best is trial 355 with value: 0.031237053151983718.
[I 2025-08-01 09:54:10,253] Trial 590 finished with value: 0.04888487255091907 and parameters: {'min_abs_corr': 0.022941498641571564, 'max_pair_corr': 0.9624117550460941, 'n_estimators': 799, 'learning_rate': 0.02145193820618196, 'max_depth': 20, 'min_child_weight': 0.13216782796812945, 'subsample': 0.5246308018649265, 'colsample_bytree': 0.48707428971139627, 'gamma': 0.09067769249625426, 'reg_alpha': 0.0933196673625574, 'reg_lambda': 1.3072675476664901}. Best is trial 355 with value: 0.031237053151983718.
