[I 2025-08-01 09:48:19,567] Trial 465 finished with value: 0.056922860415358635 and parameters: {'min_abs_corr': 0.020642582989209988, 'max_pair_corr': 0.9506877178316314, 'n_estimators': 919, 'learning_rate': 0.04426867500107234, 'max_depth': 14, 'min_child_weight': 0.14030755271749876, 'subsample': 0.5563924667285917, 'colsample_bytree': 0.8011524120287565, 'gamma': 0.22922933775540336, 'reg_alpha': 0.08929655630790256, 'reg_lambda': 1.6110999708783702}. Best is trial 355 with value: 0.031237053151983718.
[I 2025-08-01 09:48:21,261] Trial 466 finished with value: 0.10948522435001365 and parameters: {'min_abs_corr': 0.02752028592612743, 'max_pair_corr': 0.9566182449083329, 'n_estimators': 882, 'learning_rate': 0.04308860990812103, 'max_depth': 14, 'min_child_weight': 0.3808635338512538, 'subsample': 0.5567806762267846, 'colsample_bytree': 0.6968851805487388, 'gamma': 2.563630284096103, 'reg_alpha': 3.433155240005338, 'reg_lambda': 1.7225606929731518}. Best is trial 355 with value: 0.031237053151983718.
[I 2025-08-01 09:48:23,513] Trial 467 finished with value: 0.06572858054748829 and parameters: {'min_abs_corr': 0.02375149578653779, 'max_pair_corr': 0.9535456686128031, 'n_estimators': 1214, 'learning_rate': 0.05692403293783705, 'max_depth': 16, 'min_child_weight': 0.26911104856924517, 'subsample': 0.5481452821553308, 'colsample_bytree': 0.7389985755305103, 'gamma': 0.09208017734770604, 'reg_alpha': 2.922004544244267, 'reg_lambda': 3.5492151467470534}. Best is trial 355 with value: 0.031237053151983718.
[I 2025-08-01 09:48:25,260] Trial 468 finished with value: 0.10961686969310218 and parameters: {'min_abs_corr': 0.02120395592537733, 'max_pair_corr': 0.9588351466851218, 'n_estimators': 854, 'learning_rate': 0.03479591626507733, 'max_depth': 15, 'min_child_weight': 0.11433875404766097, 'subsample': 0.567177901927958, 'colsample_bytree': 0.7576568291432783, 'gamma': 3.131544135576767, 'reg_alpha': 0.173877771131427, 'reg_lambda': 1.8120117908540174}. Best is trial 355 with value: 0.031237053151983718.
[I 2025-08-01 09:48:27,180] Trial 469 finished with value: 0.06386618329149514 and parameters: {'min_abs_corr': 0.02553207570821449, 'max_pair_corr': 0.9564723464246196, 'n_estimators': 914, 'learning_rate': 0.042938808139809374, 'max_depth': 16, 'min_child_weight': 0.20506204530606223, 'subsample': 0.5983405350298716, 'colsample_bytree': 0.7495881766821973, 'gamma': 0.38778199150474, 'reg_alpha': 0.08726030405477811, 'reg_lambda': 1.9052839538838735}. Best is trial 355 with value: 0.031237053151983718.
[I 2025-08-01 09:48:28,640] Trial 470 finished with value: 0.1017143927885001 and parameters: {'min_abs_corr': 0.09034823000438665, 'max_pair_corr': 0.9610830916432386, 'n_estimators': 985, 'learning_rate': 0.03381732454824033, 'max_depth': 14, 'min_child_weight': 0.14869113644072438, 'subsample': 0.8726442423241234, 'colsample_bytree': 0.8424186837085172, 'gamma': 2.330616468655897, 'reg_alpha': 0.18195518551236037, 'reg_lambda': 1.504783984180794}. Best is trial 355 with value: 0.031237053151983718.
[I 2025-08-01 09:48:30,410] Trial 471 finished with value: 0.05334390463351546 and parameters: {'min_abs_corr': 0.019330574460768826, 'max_pair_corr': 0.954368261055662, 'n_estimators': 888, 'learning_rate': 0.04741419915362284, 'max_depth': 15, 'min_child_weight': 0.3114109649375126, 'subsample': 0.5280884599724874, 'colsample_bytree': 0.7145400126117287, 'gamma': 0.16078224369361094, 'reg_alpha': 0.0018892425821846208, 'reg_lambda': 1.6804728009476089}. Best is trial 355 with value: 0.031237053151983718.
[I 2025-08-01 09:48:31,508] Trial 472 finished with value: 0.04593662930850369 and parameters: {'min_abs_corr': 0.022247163113842613, 'max_pair_corr': 0.9545464826427694, 'n_estimators': 354, 'learning_rate': 0.037179883970454124, 'max_depth': 13, 'min_child_weight': 0.1744621987690368, 'subsample': 0.8569236878320605, 'colsample_bytree': 0.6827795989551678, 'gamma': 0.0823742915305516, 'reg_alpha': 0.09571025779739556, 'reg_lambda': 1.8034583071285915}. Best is trial 355 with value: 0.031237053151983718.
[I 2025-08-01 09:48:35,280] Trial 473 finished with value: 0.03364424832355329 and parameters: {'min_abs_corr': 0.029435089061358593, 'max_pair_corr': 0.9595435938555492, 'n_estimators': 945, 'learning_rate': 0.044837594627617695, 'max_depth': 16, 'min_child_weight': 0.08756433615997426, 'subsample': 0.6069805747758352, 'colsample_bytree': 0.8247135230414645, 'gamma': 0.0013339025958267118, 'reg_alpha': 0.25636125857061554, 'reg_lambda': 1.4306246187170333}. Best is trial 355 with value: 0.031237053151983718.
[I 2025-08-01 09:48:39,606] Trial 474 finished with value: 0.03150924555940414 and parameters: {'min_abs_corr': 0.027272918217725445, 'max_pair_corr': 0.9584246076951515, 'n_estimators': 1234, 'learning_rate': 0.06952106285187903, 'max_depth': 20, 'min_child_weight': 1.058087096229577, 'subsample': 0.5519294889803883, 'colsample_bytree': 0.5351148326213062, 'gamma': 0.00026169447499206806, 'reg_alpha': 0.00459138830250605, 'reg_lambda': 1.6261460839487705}. Best is trial 355 with value: 0.031237053151983718.
[I 2025-08-01 09:48:41,965] Trial 475 finished with value: 0.07576178312213547 and parameters: {'min_abs_corr': 0.03156741256081883, 'max_pair_corr': 0.9580989434864221, 'n_estimators': 1179, 'learning_rate': 0.06376235053187443, 'max_depth': 20, 'min_child_weight': 1.1401599189474205, 'subsample': 0.8401389212817861, 'colsample_bytree': 0.8614415184097701, 'gamma': 0.28188810223716027, 'reg_alpha': 3.8738467555233718, 'reg_lambda': 1.8642926502068269}. Best is trial 355 with value: 0.031237053151983718.
[I 2025-08-01 09:48:44,108] Trial 476 finished with value: 0.05400916657567415 and parameters: {'min_abs_corr': 0.026787920585824666, 'max_pair_corr': 0.9581948842389356, 'n_estimators': 1248, 'learning_rate': 0.16071677623009073, 'max_depth': 20, 'min_child_weight': 1.9953069936118142, 'subsample': 0.5359059036300299, 'colsample_bytree': 0.5346742063271137, 'gamma': 0.1828027243901324, 'reg_alpha': 0.001477003071065428, 'reg_lambda': 1.9349368362575026}. Best is trial 355 with value: 0.031237053151983718.
[I 2025-08-01 09:48:46,711] Trial 477 finished with value: 0.04919575709326788 and parameters: {'min_abs_corr': 0.028392055850129508, 'max_pair_corr': 0.9519719607040015, 'n_estimators': 1230, 'learning_rate': 0.009460890681343037, 'max_depth': 20, 'min_child_weight': 2.4786216907434966, 'subsample': 0.5209325764741338, 'colsample_bytree': 0.5230636688108405, 'gamma': 0.09017280608569771, 'reg_alpha': 0.15787610671629482, 'reg_lambda': 1.7323671479804308}. Best is trial 355 with value: 0.031237053151983718.
[I 2025-08-01 09:48:49,274] Trial 478 finished with value: 0.0562703839548961 and parameters: {'min_abs_corr': 0.029721978103609447, 'max_pair_corr': 0.9449878158015377, 'n_estimators': 1218, 'learning_rate': 0.013090375983286261, 'max_depth': 20, 'min_child_weight': 1.3659470011492822, 'subsample': 0.6208917831143879, 'colsample_bytree': 0.5501685898004112, 'gamma': 0.2222405280390807, 'reg_alpha': 0.002479201505885334, 'reg_lambda': 1.646862442118565}. Best is trial 355 with value: 0.031237053151983718.
[I 2025-08-01 09:48:51,326] Trial 479 finished with value: 0.07256064232404581 and parameters: {'min_abs_corr': 0.02718922648168924, 'max_pair_corr': 0.9573685695995465, 'n_estimators': 1198, 'learning_rate': 0.0390501330052919, 'max_depth': 20, 'min_child_weight': 0.9377353607847247, 'subsample': 0.8125693688277561, 'colsample_bytree': 0.5353972909724507, 'gamma': 0.5321292349612299, 'reg_alpha': 1.092337991731676, 'reg_lambda': 1.5355736358368732}. Best is trial 355 with value: 0.031237053151983718.
[I 2025-08-01 09:48:54,421] Trial 480 finished with value: 0.03404547561166553 and parameters: {'min_abs_corr': 0.02361199453976842, 'max_pair_corr': 0.956216745353934, 'n_estimators': 1245, 'learning_rate': 0.0805968194138045, 'max_depth': 20, 'min_child_weight': 0.7777205535772871, 'subsample': 0.506318303104649, 'colsample_bytree': 0.7871692956448145, 'gamma': 0.0015658363844884826, 'reg_alpha': 0.19732401373764255, 'reg_lambda': 1.8112911043275624}. Best is trial 355 with value: 0.031237053151983718.
[I 2025-08-01 09:48:56,543] Trial 481 finished with value: 0.04875698774501197 and parameters: {'min_abs_corr': 0.025842720887850622, 'max_pair_corr': 0.9523249524554861, 'n_estimators': 1289, 'learning_rate': 0.08066946684050434, 'max_depth': 16, 'min_child_weight': 0.47409621134422464, 'subsample': 0.5317342620001795, 'colsample_bytree': 0.5534310440867025, 'gamma': 0.10895037589192726, 'reg_alpha': 0.002775141387988442, 'reg_lambda': 1.952111691635259}. Best is trial 355 with value: 0.031237053151983718.
[I 2025-08-01 09:48:57,545] Trial 482 finished with value: 0.052666901029086596 and parameters: {'min_abs_corr': 0.0208982296816951, 'max_pair_corr': 0.9399450524641934, 'n_estimators': 485, 'learning_rate': 0.10578653629182677, 'max_depth': 20, 'min_child_weight': 0.2524976501129598, 'subsample': 0.5184452266904911, 'colsample_bytree': 0.5189387125033053, 'gamma': 0.16229142657301568, 'reg_alpha': 0.09650320425096398, 'reg_lambda': 4.6818924374175}. Best is trial 355 with value: 0.031237053151983718.
[I 2025-08-01 09:49:02,304] Trial 483 finished with value: 0.032314981858875595 and parameters: {'min_abs_corr': 0.02825544064812037, 'max_pair_corr': 0.9591877576483006, 'n_estimators': 1240, 'learning_rate': 0.09504741900443753, 'max_depth': 20, 'min_child_weight': 0.3099940149402374, 'subsample': 0.6115280438252608, 'colsample_bytree': 0.534652630787811, 'gamma': 6.727816316644123e-05, 'reg_alpha': 0.002248234898786463, 'reg_lambda': 2.029984194554221}. Best is trial 355 with value: 0.031237053151983718.
[I 2025-08-01 09:49:04,383] Trial 484 finished with value: 0.060152359465115116 and parameters: {'min_abs_corr': 0.02887242880878823, 'max_pair_corr': 0.9596471968563999, 'n_estimators': 1326, 'learning_rate': 0.11137830131930014, 'max_depth': 20, 'min_child_weight': 1.036594040540082, 'subsample': 0.6073420890563427, 'colsample_bytree': 0.5265259224477944, 'gamma': 0.3045221972815878, 'reg_alpha': 0.2544992226992956, 'reg_lambda': 2.00063993840404}. Best is trial 355 with value: 0.031237053151983718.
[I 2025-08-01 09:49:06,614] Trial 485 finished with value: 0.04746361837330797 and parameters: {'min_abs_corr': 0.027206552898720295, 'max_pair_corr': 0.9614771858979464, 'n_estimators': 1265, 'learning_rate': 0.07183465147127542, 'max_depth': 16, 'min_child_weight': 2.0326905861204283, 'subsample': 0.613630072638964, 'colsample_bytree': 0.537248483709846, 'gamma': 0.0920914767727475, 'reg_alpha': 0.14850975155428078, 'reg_lambda': 0.006739314533461327}. Best is trial 355 with value: 0.031237053151983718.
[I 2025-08-01 09:49:08,852] Trial 486 finished with value: 0.046700308649980454 and parameters: {'min_abs_corr': 0.030820279375113092, 'max_pair_corr': 0.9555548765740127, 'n_estimators': 1235, 'learning_rate': 0.0884349142986615, 'max_depth': 15, 'min_child_weight': 1.6196756609805465, 'subsample': 0.6050092100093929, 'colsample_bytree': 0.5113414729628296, 'gamma': 0.09059374914774104, 'reg_alpha': 0.08994589941974279, 'reg_lambda': 2.065894304301888}. Best is trial 355 with value: 0.031237053151983718.
[I 2025-08-01 09:49:10,993] Trial 487 finished with value: 0.1091543917151863 and parameters: {'min_abs_corr': 0.03050563060433953, 'max_pair_corr': 0.9642632073428015, 'n_estimators': 1271, 'learning_rate': 0.02988115128747767, 'max_depth': 16, 'min_child_weight': 0.35716999856338144, 'subsample': 0.5956573005752283, 'colsample_bytree': 0.5241779388630499, 'gamma': 2.7658043040840323, 'reg_alpha': 0.25421448086231585, 'reg_lambda': 1.8779334848989497}. Best is trial 355 with value: 0.031237053151983718.
[I 2025-08-01 09:49:17,141] Trial 488 finished with value: 0.033367542341853726 and parameters: {'min_abs_corr': 0.018001883999498158, 'max_pair_corr': 0.9603089193472237, 'n_estimators': 1299, 'learning_rate': 0.012173604373710475, 'max_depth': 20, 'min_child_weight': 0.2942246464599567, 'subsample': 0.6189936173103053, 'colsample_bytree': 0.5355651779433225, 'gamma': 0.003119082503756077, 'reg_alpha': 0.15950426968385809, 'reg_lambda': 1.7257122187700815}. Best is trial 355 with value: 0.031237053151983718.
[I 2025-08-01 09:49:19,319] Trial 489 finished with value: 0.05689658554382443 and parameters: {'min_abs_corr': 0.02717226908923829, 'max_pair_corr': 0.9546532290520611, 'n_estimators': 1248, 'learning_rate': 0.0753900427278589, 'max_depth': 20, 'min_child_weight': 0.40820433317206967, 'subsample': 0.6285312952031186, 'colsample_bytree': 0.561790001470303, 'gamma': 0.25034749734437156, 'reg_alpha': 0.08479281777055109, 'reg_lambda': 1.9731785254287928}. Best is trial 355 with value: 0.031237053151983718.
[I 2025-08-01 09:49:21,130] Trial 490 finished with value: 0.05300811605168811 and parameters: {'min_abs_corr': 0.023148231204503527, 'max_pair_corr': 0.9570811686196811, 'n_estimators': 1219, 'learning_rate': 0.15733736623642014, 'max_depth': 16, 'min_child_weight': 0.33819523439492916, 'subsample': 0.5962496250771137, 'colsample_bytree': 0.4367011491418376, 'gamma': 0.16659203581032378, 'reg_alpha': 0.1884282592492419, 'reg_lambda': 1.7856843368268815}. Best is trial 355 with value: 0.031237053151983718.
[I 2025-08-01 09:49:22,442] Trial 491 finished with value: 0.046481456747242376 and parameters: {'min_abs_corr': 0.028369049114326545, 'max_pair_corr': 0.960314272472479, 'n_estimators': 858, 'learning_rate': 0.10430991810619017, 'max_depth': 20, 'min_child_weight': 0.5337180227452296, 'subsample': 0.6148744232125855, 'colsample_bytree': 0.5047412103051302, 'gamma': 0.08312307351281979, 'reg_alpha': 0.0016159109531350274, 'reg_lambda': 4.885474232502581}. Best is trial 355 with value: 0.031237053151983718.
[I 2025-08-01 09:49:24,579] Trial 492 finished with value: 0.05375614589156006 and parameters: {'min_abs_corr': 0.031840765301653126, 'max_pair_corr': 0.9537950957963622, 'n_estimators': 1269, 'learning_rate': 0.1394719262282371, 'max_depth': 15, 'min_child_weight': 0.2609577959779314, 'subsample': 0.5771710960739498, 'colsample_bytree': 0.5196547579013574, 'gamma': 0.17343373083467148, 'reg_alpha': 0.32321059197595087, 'reg_lambda': 1.3745181566810505}. Best is trial 355 with value: 0.031237053151983718.
[I 2025-08-01 09:49:26,661] Trial 493 finished with value: 0.055542352976641715 and parameters: {'min_abs_corr': 0.049257598628635595, 'max_pair_corr': 0.9571556788819103, 'n_estimators': 841, 'learning_rate': 0.010314522030056191, 'max_depth': 16, 'min_child_weight': 0.6475277080502292, 'subsample': 0.6269917414714233, 'colsample_bytree': 0.5420555820725199, 'gamma': 0.0827766266128421, 'reg_alpha': 1.3256173077040874, 'reg_lambda': 2.0896845663088106}. Best is trial 355 with value: 0.031237053151983718.
[I 2025-08-01 09:49:31,141] Trial 494 finished with value: 0.0331540591004276 and parameters: {'min_abs_corr': 0.025359013741914863, 'max_pair_corr': 0.9587108715685964, 'n_estimators': 569, 'learning_rate': 0.0148810283720404, 'max_depth': 20, 'min_child_weight': 0.23474864836588058, 'subsample': 0.6325963433009476, 'colsample_bytree': 0.5633396339103971, 'gamma': 0.0028073447790142162, 'reg_alpha': 0.07652892874922762, 'reg_lambda': 1.6675811741522502}. Best is trial 355 with value: 0.031237053151983718.
[I 2025-08-01 09:49:32,851] Trial 495 finished with value: 0.057629524718219395 and parameters: {'min_abs_corr': 0.022097922766577273, 'max_pair_corr': 0.9584889249865344, 'n_estimators': 967, 'learning_rate': 0.09171958898196049, 'max_depth': 15, 'min_child_weight': 0.40297856463688775, 'subsample': 0.5464034787238762, 'colsample_bytree': 0.529318297926178, 'gamma': 0.23043095557217924, 'reg_alpha': 0.23787469891943952, 'reg_lambda': 1.900213248862349}. Best is trial 355 with value: 0.031237053151983718.
[I 2025-08-01 09:49:34,477] Trial 496 finished with value: 0.06265328722217703 and parameters: {'min_abs_corr': 0.019912825792067407, 'max_pair_corr': 0.9558549997160082, 'n_estimators': 925, 'learning_rate': 0.1184800253583577, 'max_depth': 17, 'min_child_weight': 0.21138791021728692, 'subsample': 0.6136416786855297, 'colsample_bytree': 0.5094990404337905, 'gamma': 0.38326668168484673, 'reg_alpha': 0.0036982262124936605, 'reg_lambda': 1.799933775206374}. Best is trial 355 with value: 0.031237053151983718.
[I 2025-08-01 09:49:36,358] Trial 497 finished with value: 0.047850816792446044 and parameters: {'min_abs_corr': 0.07526008515401261, 'max_pair_corr': 0.9501941746488752, 'n_estimators': 1234, 'learning_rate': 0.09476037346973043, 'max_depth': 16, 'min_child_weight': 0.30548090073018297, 'subsample': 0.6000265126759411, 'colsample_bytree': 0.5473523962498774, 'gamma': 0.10530919396343932, 'reg_alpha': 0.14727657698680374, 'reg_lambda': 1.5515095863005204}. Best is trial 355 with value: 0.031237053151983718.
[I 2025-08-01 09:49:38,126] Trial 498 finished with value: 0.05583468545171688 and parameters: {'min_abs_corr': 0.02486262520245549, 'max_pair_corr': 0.9584496532022962, 'n_estimators': 804, 'learning_rate': 0.01672693276096271, 'max_depth': 20, 'min_child_weight': 0.3790057517279323, 'subsample': 0.6390217170371736, 'colsample_bytree': 0.49559378440163565, 'gamma': 0.1767763900340578, 'reg_alpha': 0.3455771193831659, 'reg_lambda': 2.047860413603658}. Best is trial 355 with value: 0.031237053151983718.
[I 2025-08-01 09:49:40,635] Trial 499 finished with value: 0.03444490726893257 and parameters: {'min_abs_corr': 0.026570999907474194, 'max_pair_corr': 0.9474223095082275, 'n_estimators': 1284, 'learning_rate': 0.1343976887871951, 'max_depth': 16, 'min_child_weight': 0.48343630026018647, 'subsample': 0.6214019663448861, 'colsample_bytree': 0.4664345978276852, 'gamma': 0.003526897582182519, 'reg_alpha': 0.0010826491395948565, 'reg_lambda': 1.6361578475414928}. Best is trial 355 with value: 0.031237053151983718.
[I 2025-08-01 09:49:42,414] Trial 500 finished with value: 0.10958435033155108 and parameters: {'min_abs_corr': 0.02948767489211889, 'max_pair_corr': 0.9899338862606276, 'n_estimators': 863, 'learning_rate': 0.012158506109874576, 'max_depth': 20, 'min_child_weight': 0.2759967506843155, 'subsample': 0.7034055329536053, 'colsample_bytree': 0.5188952729247601, 'gamma': 4.768151869613105, 'reg_alpha': 0.15716908578002842, 'reg_lambda': 1.9181144098088068}. Best is trial 355 with value: 0.031237053151983718.
[I 2025-08-01 09:49:45,834] Trial 501 finished with value: 0.047493812184453796 and parameters: {'min_abs_corr': 0.02333495037428562, 'max_pair_corr': 0.9658308469187376, 'n_estimators': 904, 'learning_rate': 0.007111682044117324, 'max_depth': 15, 'min_child_weight': 0.02274637873084526, 'subsample': 0.9786457494960058, 'colsample_bytree': 0.6079544480520304, 'gamma': 0.09110181359180701, 'reg_alpha': 0.09539074174963538, 'reg_lambda': 1.7217441090525962}. Best is trial 355 with value: 0.031237053151983718.
[I 2025-08-01 09:49:52,078] Trial 502 finished with value: 0.034788417720518834 and parameters: {'min_abs_corr': 0.01837664497707508, 'max_pair_corr': 0.961077827782954, 'n_estimators': 1337, 'learning_rate': 0.011148982810545075, 'max_depth': 17, 'min_child_weight': 0.21837157272695204, 'subsample': 0.7658821219110981, 'colsample_bytree': 0.5716653472972525, 'gamma': 0.004241252818082939, 'reg_alpha': 0.2640080227271621, 'reg_lambda': 2.1723057115814006}. Best is trial 355 with value: 0.031237053151983718.
[I 2025-08-01 09:49:53,413] Trial 503 finished with value: 0.05958030921562611 and parameters: {'min_abs_corr': 0.028050634869543015, 'max_pair_corr': 0.9492360872073845, 'n_estimators': 782, 'learning_rate': 0.12569671949101568, 'max_depth': 16, 'min_child_weight': 0.7607589706230313, 'subsample': 0.754733304612377, 'colsample_bytree': 0.6616698437061801, 'gamma': 0.31944659532664554, 'reg_alpha': 0.002588731566786129, 'reg_lambda': 1.5031687716405484}. Best is trial 355 with value: 0.031237053151983718.
[I 2025-08-01 09:49:55,319] Trial 504 finished with value: 0.10348904299192307 and parameters: {'min_abs_corr': 0.02491426493667044, 'max_pair_corr': 0.9529394820744426, 'n_estimators': 1200, 'learning_rate': 0.00893863051123301, 'max_depth': 19, 'min_child_weight': 0.31188522253627743, 'subsample': 0.5881569704150107, 'colsample_bytree': 0.5553356104092538, 'gamma': 1.9901994090058597, 'reg_alpha': 0.2035564738112868, 'reg_lambda': 3.3648680245141276}. Best is trial 355 with value: 0.031237053151983718.
[I 2025-08-01 09:49:56,363] Trial 505 finished with value: 0.05567188613874517 and parameters: {'min_abs_corr': 0.02221442632018399, 'max_pair_corr': 0.9633444851004919, 'n_estimators': 291, 'learning_rate': 0.01420524784467113, 'max_depth': 17, 'min_child_weight': 0.0106407335439655, 'subsample': 0.6526211860785036, 'colsample_bytree': 0.5326139298164367, 'gamma': 0.18483069284265574, 'reg_alpha': 0.10076606851523542, 'reg_lambda': 1.8257938986898843}. Best is trial 355 with value: 0.031237053151983718.
[I 2025-08-01 09:49:57,774] Trial 506 finished with value: 0.10956714392993709 and parameters: {'min_abs_corr': 0.020509725158517123, 'max_pair_corr': 0.9424456383205881, 'n_estimators': 939, 'learning_rate': 0.06450286128172049, 'max_depth': 20, 'min_child_weight': 0.002965270837125535, 'subsample': 0.637491007817862, 'colsample_bytree': 0.5394432399718262, 'gamma': 4.433536542842741, 'reg_alpha': 0.15600259328972194, 'reg_lambda': 1.9614874946865766}. Best is trial 355 with value: 0.031237053151983718.
