[I 2025-08-01 10:09:58,900] Trial 885 finished with value: 0.08583869480271886 and parameters: {'min_abs_corr': 0.024029077175789407, 'max_pair_corr': 0.9809758857956641, 'n_estimators': 782, 'learning_rate': 0.006360668691775825, 'max_depth': 20, 'min_child_weight': 0.12562252164367693, 'subsample': 0.5355437936034059, 'colsample_bytree': 0.471837104158997, 'gamma': 0.2729256400402907, 'reg_alpha': 3.456669187498946, 'reg_lambda': 2.1178382733147787}. Best is trial 355 with value: 0.031237053151983718.
[I 2025-08-01 10:10:00,278] Trial 886 finished with value: 0.06138583276555486 and parameters: {'min_abs_corr': 0.06312832186222768, 'max_pair_corr': 0.9211712955259518, 'n_estimators': 868, 'learning_rate': 0.016200654261009924, 'max_depth': 12, 'min_child_weight': 0.18591866754760172, 'subsample': 0.517096827108207, 'colsample_bytree': 0.44686055041683337, 'gamma': 0.0962544490954305, 'reg_alpha': 1.6303044512421272, 'reg_lambda': 1.5761793822487182}. Best is trial 355 with value: 0.031237053151983718.
[I 2025-08-01 10:10:01,614] Trial 887 finished with value: 0.10954656149995286 and parameters: {'min_abs_corr': 0.0570811013645517, 'max_pair_corr': 0.9768637115921373, 'n_estimators': 833, 'learning_rate': 0.009052413330264587, 'max_depth': 17, 'min_child_weight': 0.27532428840588924, 'subsample': 0.5419552217864918, 'colsample_bytree': 0.5046804891324689, 'gamma': 4.826108034819183, 'reg_alpha': 0.08632788073666396, 'reg_lambda': 1.7221796975838777}. Best is trial 355 with value: 0.031237053151983718.
[I 2025-08-01 10:10:03,516] Trial 888 finished with value: 0.059598282657713275 and parameters: {'min_abs_corr': 0.026360217842777176, 'max_pair_corr': 0.9845611761884671, 'n_estimators': 763, 'learning_rate': 0.010109681872361232, 'max_depth': 19, 'min_child_weight': 0.09422455322492261, 'subsample': 0.5011496285207514, 'colsample_bytree': 0.42129168874896505, 'gamma': 0.2353533423777568, 'reg_alpha': 0.18346894027522587, 'reg_lambda': 1.8769074706193565}. Best is trial 355 with value: 0.031237053151983718.
[I 2025-08-01 10:10:12,617] Trial 889 finished with value: 0.031980353534077396 and parameters: {'min_abs_corr': 0.02894780994622364, 'max_pair_corr': 0.9794528807761579, 'n_estimators': 1074, 'learning_rate': 0.013869654082399523, 'max_depth': 16, 'min_child_weight': 0.13128697241480414, 'subsample': 0.6439983224774912, 'colsample_bytree': 0.48671222675212666, 'gamma': 0.0009106318465974506, 'reg_alpha': 0.003730178257221211, 'reg_lambda': 1.6791161622099249}. Best is trial 355 with value: 0.031237053151983718.
[I 2025-08-01 10:10:21,011] Trial 890 finished with value: 0.03271929386605465 and parameters: {'min_abs_corr': 0.03198985878662921, 'max_pair_corr': 0.9789143455360119, 'n_estimators': 807, 'learning_rate': 0.014340765669813642, 'max_depth': 15, 'min_child_weight': 0.11778294612504099, 'subsample': 0.6532580937276089, 'colsample_bytree': 0.49333716899945945, 'gamma': 0.0005423736119081492, 'reg_alpha': 0.08758322671407281, 'reg_lambda': 2.3251877393052136}. Best is trial 355 with value: 0.031237053151983718.
[I 2025-08-01 10:10:22,660] Trial 891 finished with value: 0.051276593201064355 and parameters: {'min_abs_corr': 0.03025473022152301, 'max_pair_corr': 0.9775332266063698, 'n_estimators': 785, 'learning_rate': 0.01780486026720568, 'max_depth': 16, 'min_child_weight': 1.532415222427123, 'subsample': 0.6578852023129484, 'colsample_bytree': 0.48857228688844057, 'gamma': 0.1462189479546173, 'reg_alpha': 0.0830526068519216, 'reg_lambda': 1.6568313340155676}. Best is trial 355 with value: 0.031237053151983718.
[I 2025-08-01 10:10:25,954] Trial 892 finished with value: 0.05589557895826151 and parameters: {'min_abs_corr': 0.028961487691635073, 'max_pair_corr': 0.9751161325936211, 'n_estimators': 823, 'learning_rate': 0.015960934666120617, 'max_depth': 16, 'min_child_weight': 0.08310949901366171, 'subsample': 0.6448153113657679, 'colsample_bytree': 0.505243937494423, 'gamma': 0.003529249604453137, 'reg_alpha': 4.116803032380808, 'reg_lambda': 2.1742403576095173}. Best is trial 355 with value: 0.031237053151983718.
[I 2025-08-01 10:10:48,446] Trial 893 finished with value: 0.031942988716380835 and parameters: {'min_abs_corr': 0.03372255002891679, 'max_pair_corr': 0.9793918944867753, 'n_estimators': 1091, 'learning_rate': 0.013886520571006587, 'max_depth': 16, 'min_child_weight': 0.12851768042856138, 'subsample': 0.6535178469244299, 'colsample_bytree': 0.4863986402654059, 'gamma': 2.847909523638148e-05, 'reg_alpha': 0.004895692759837266, 'reg_lambda': 4.784697081556119}. Best is trial 355 with value: 0.031237053151983718.
[I 2025-08-01 10:10:50,746] Trial 894 finished with value: 0.05372583548072868 and parameters: {'min_abs_corr': 0.036013814146355384, 'max_pair_corr': 0.9786149930180551, 'n_estimators': 1094, 'learning_rate': 0.014040192784319014, 'max_depth': 15, 'min_child_weight': 0.13742121258588433, 'subsample': 0.6689714294528684, 'colsample_bytree': 0.4886226273701489, 'gamma': 0.17614345463713627, 'reg_alpha': 0.08251986408454334, 'reg_lambda': 4.764646138399982}. Best is trial 355 with value: 0.031237053151983718.
[I 2025-08-01 10:10:53,348] Trial 895 finished with value: 0.047279592621459664 and parameters: {'min_abs_corr': 0.03395973816800217, 'max_pair_corr': 0.9798335167034274, 'n_estimators': 1108, 'learning_rate': 0.013650169027533667, 'max_depth': 16, 'min_child_weight': 0.15259758197766848, 'subsample': 0.6469087684908393, 'colsample_bytree': 0.48406785841563904, 'gamma': 0.09138753812550521, 'reg_alpha': 0.007797778923880241, 'reg_lambda': 4.662586905276578}. Best is trial 355 with value: 0.031237053151983718.
[I 2025-08-01 10:10:54,992] Trial 896 finished with value: 0.10831519060252862 and parameters: {'min_abs_corr': 0.030782404514983416, 'max_pair_corr': 0.9385364936285595, 'n_estimators': 1101, 'learning_rate': 0.015747440037682664, 'max_depth': 15, 'min_child_weight': 0.09754522601918589, 'subsample': 0.6556066011781552, 'colsample_bytree': 0.4988362385877434, 'gamma': 2.5851423387885064, 'reg_alpha': 0.0024063863433401262, 'reg_lambda': 4.766915034551554}. Best is trial 355 with value: 0.031237053151983718.
[I 2025-08-01 10:10:57,037] Trial 897 finished with value: 0.0634023376133219 and parameters: {'min_abs_corr': 0.03423966621359683, 'max_pair_corr': 0.9780144271378814, 'n_estimators': 1097, 'learning_rate': 0.014625079674602616, 'max_depth': 16, 'min_child_weight': 0.13042634898499783, 'subsample': 0.6672874822418059, 'colsample_bytree': 0.5017038030468288, 'gamma': 0.3662057929857768, 'reg_alpha': 0.1922332851598119, 'reg_lambda': 4.7875033940567535}. Best is trial 355 with value: 0.031237053151983718.
[I 2025-08-01 10:11:06,259] Trial 898 finished with value: 0.03204036380244886 and parameters: {'min_abs_corr': 0.03306950510325601, 'max_pair_corr': 0.9763535131468328, 'n_estimators': 1068, 'learning_rate': 0.020121686903230865, 'max_depth': 16, 'min_child_weight': 0.10489459783233444, 'subsample': 0.6815250252513243, 'colsample_bytree': 0.4835718393235409, 'gamma': 0.00036752884960796536, 'reg_alpha': 0.004291253890870987, 'reg_lambda': 4.764097536354604}. Best is trial 355 with value: 0.031237053151983718.
[I 2025-08-01 10:11:08,376] Trial 899 finished with value: 0.05568445908835068 and parameters: {'min_abs_corr': 0.03537976134676294, 'max_pair_corr': 0.976345444572592, 'n_estimators': 1071, 'learning_rate': 0.021367304594433794, 'max_depth': 15, 'min_child_weight': 0.06388900646906671, 'subsample': 0.6749018008939106, 'colsample_bytree': 0.48858729411118546, 'gamma': 0.2335456328079227, 'reg_alpha': 0.0022106253933292567, 'reg_lambda': 4.662315556546256}. Best is trial 355 with value: 0.031237053151983718.
[I 2025-08-01 10:11:10,620] Trial 900 finished with value: 0.04879354427857953 and parameters: {'min_abs_corr': 0.03136096493510967, 'max_pair_corr': 0.9759624684181905, 'n_estimators': 1021, 'learning_rate': 0.020063153187622165, 'max_depth': 16, 'min_child_weight': 0.07330825182264002, 'subsample': 0.7030922638871908, 'colsample_bytree': 0.5080976151685018, 'gamma': 0.11226503561031952, 'reg_alpha': 0.13645554839621038, 'reg_lambda': 4.4877626749256585}. Best is trial 355 with value: 0.031237053151983718.
[I 2025-08-01 10:11:12,787] Trial 901 finished with value: 0.04691293423327107 and parameters: {'min_abs_corr': 0.032443608615322334, 'max_pair_corr': 0.9738998528642785, 'n_estimators': 1025, 'learning_rate': 0.022132194540777052, 'max_depth': 15, 'min_child_weight': 0.09023145748659851, 'subsample': 0.6635303113832317, 'colsample_bytree': 0.5143911040581897, 'gamma': 0.09216943316528865, 'reg_alpha': 0.0001400476559666275, 'reg_lambda': 4.794770277952861}. Best is trial 355 with value: 0.031237053151983718.
[I 2025-08-01 10:11:15,020] Trial 902 finished with value: 0.05221010080004316 and parameters: {'min_abs_corr': 0.03210832656059199, 'max_pair_corr': 0.9750270272797527, 'n_estimators': 1121, 'learning_rate': 0.018431853700614745, 'max_depth': 16, 'min_child_weight': 0.09812582003491242, 'subsample': 0.6601335732603573, 'colsample_bytree': 0.4933688021026898, 'gamma': 0.16656020038690544, 'reg_alpha': 0.0025597876071520084, 'reg_lambda': 4.577070029552831}. Best is trial 355 with value: 0.031237053151983718.
[I 2025-08-01 10:11:17,166] Trial 903 finished with value: 0.04718955766517745 and parameters: {'min_abs_corr': 0.03257785507626638, 'max_pair_corr': 0.9773048827951173, 'n_estimators': 1009, 'learning_rate': 0.020527003462164944, 'max_depth': 5, 'min_child_weight': 0.04621374338527473, 'subsample': 0.6801807249010414, 'colsample_bytree': 0.4748691057078547, 'gamma': 0.0906377177415602, 'reg_alpha': 0.1435696270194798, 'reg_lambda': 4.858706146838315}. Best is trial 355 with value: 0.031237053151983718.
[I 2025-08-01 10:11:19,252] Trial 904 finished with value: 0.05766377390183129 and parameters: {'min_abs_corr': 0.03978124356282192, 'max_pair_corr': 0.9754447341421283, 'n_estimators': 1166, 'learning_rate': 0.01798386121899172, 'max_depth': 16, 'min_child_weight': 0.07850635573844768, 'subsample': 0.6850440290545001, 'colsample_bytree': 0.5225312196886703, 'gamma': 0.2639052158410164, 'reg_alpha': 0.09691644609945066, 'reg_lambda': 4.87920143305475}. Best is trial 355 with value: 0.031237053151983718.
[I 2025-08-01 10:11:21,238] Trial 905 finished with value: 0.04635608324884757 and parameters: {'min_abs_corr': 0.03546880553880374, 'max_pair_corr': 0.9780826202370354, 'n_estimators': 1072, 'learning_rate': 0.02406240250532792, 'max_depth': 16, 'min_child_weight': 0.11295375865348023, 'subsample': 0.6835743569356121, 'colsample_bytree': 0.48114160326393834, 'gamma': 0.08659963791267011, 'reg_alpha': 0.09908285349643352, 'reg_lambda': 4.640126715335044}. Best is trial 355 with value: 0.031237053151983718.
[I 2025-08-01 10:11:23,327] Trial 906 finished with value: 0.05385208339656272 and parameters: {'min_abs_corr': 0.029492891430235472, 'max_pair_corr': 0.9740381830335578, 'n_estimators': 1062, 'learning_rate': 0.01950256483611898, 'max_depth': 15, 'min_child_weight': 0.10907336777501936, 'subsample': 0.6492576462451436, 'colsample_bytree': 0.49346819698978106, 'gamma': 0.17900630425399233, 'reg_alpha': 0.24072468112757098, 'reg_lambda': 2.342148681949878}. Best is trial 355 with value: 0.031237053151983718.
[I 2025-08-01 10:11:25,703] Trial 907 finished with value: 0.047273466981507334 and parameters: {'min_abs_corr': 0.03342818008315166, 'max_pair_corr': 0.9793435963316166, 'n_estimators': 1055, 'learning_rate': 0.017266579169565692, 'max_depth': 16, 'min_child_weight': 1.0713848301129494, 'subsample': 0.6583212223964118, 'colsample_bytree': 0.4983945137079608, 'gamma': 0.0871027454341834, 'reg_alpha': 0.08839029274682275, 'reg_lambda': 4.734287641406747}. Best is trial 355 with value: 0.031237053151983718.
[I 2025-08-01 10:11:31,560] Trial 908 finished with value: 0.032785221959246234 and parameters: {'min_abs_corr': 0.028791193397062924, 'max_pair_corr': 0.9771686642819839, 'n_estimators': 1083, 'learning_rate': 0.023181970314518012, 'max_depth': 16, 'min_child_weight': 0.1531025561333019, 'subsample': 0.6775142268370722, 'colsample_bytree': 0.5108047938953466, 'gamma': 0.0008640521112413457, 'reg_alpha': 0.1941193289234982, 'reg_lambda': 4.992979604534724}. Best is trial 355 with value: 0.031237053151983718.
[I 2025-08-01 10:11:33,316] Trial 909 finished with value: 0.06325217069566694 and parameters: {'min_abs_corr': 0.0365408585139023, 'max_pair_corr': 0.9732442927691217, 'n_estimators': 1074, 'learning_rate': 0.028712918595172027, 'max_depth': 16, 'min_child_weight': 0.001447857881324511, 'subsample': 0.6930812893344104, 'colsample_bytree': 0.5306129088216806, 'gamma': 0.3819101072363926, 'reg_alpha': 0.08383867027568048, 'reg_lambda': 4.844178108885885}. Best is trial 355 with value: 0.031237053151983718.
[I 2025-08-01 10:11:39,005] Trial 910 finished with value: 0.033966206073459314 and parameters: {'min_abs_corr': 0.029760790673320443, 'max_pair_corr': 0.9771148139325, 'n_estimators': 1088, 'learning_rate': 0.015828977641651226, 'max_depth': 15, 'min_child_weight': 0.06108151480852694, 'subsample': 0.6720769887192639, 'colsample_bytree': 0.4806682843794726, 'gamma': 0.0014424605073035726, 'reg_alpha': 0.3206501412758468, 'reg_lambda': 1.9509839917795737}. Best is trial 355 with value: 0.031237053151983718.
[I 2025-08-01 10:11:41,176] Trial 911 finished with value: 0.05730846057550658 and parameters: {'min_abs_corr': 0.0308899024942383, 'max_pair_corr': 0.980057794171617, 'n_estimators': 1060, 'learning_rate': 0.018981519420934394, 'max_depth': 16, 'min_child_weight': 0.08287394649617734, 'subsample': 0.6434312592163932, 'colsample_bytree': 0.5479580811874604, 'gamma': 0.25964262173837127, 'reg_alpha': 0.001934333222654433, 'reg_lambda': 4.663579373055424}. Best is trial 355 with value: 0.031237053151983718.
[I 2025-08-01 10:11:47,178] Trial 912 finished with value: 0.032655212705681134 and parameters: {'min_abs_corr': 0.02838749024052363, 'max_pair_corr': 0.975331297142393, 'n_estimators': 448, 'learning_rate': 0.016943358407966323, 'max_depth': 16, 'min_child_weight': 0.12326722456051582, 'subsample': 0.6602543315150827, 'colsample_bytree': 0.5182129753710314, 'gamma': 0.0011448110237859703, 'reg_alpha': 0.0008737823985123155, 'reg_lambda': 4.544317030821937}. Best is trial 355 with value: 0.031237053151983718.
[I 2025-08-01 10:11:49,308] Trial 913 finished with value: 0.09926164945079766 and parameters: {'min_abs_corr': 0.034232410472144835, 'max_pair_corr': 0.979066485880435, 'n_estimators': 1156, 'learning_rate': 0.020626915813165496, 'max_depth': 16, 'min_child_weight': 0.10113712452460116, 'subsample': 0.7107325020877768, 'colsample_bytree': 0.5342297909934846, 'gamma': 0.7600455622971377, 'reg_alpha': 4.45841432287845, 'reg_lambda': 4.936625201406318}. Best is trial 355 with value: 0.031237053151983718.
[I 2025-08-01 10:11:51,549] Trial 914 finished with value: 0.05297739104909317 and parameters: {'min_abs_corr': 0.028069551325172797, 'max_pair_corr': 0.9725785224691681, 'n_estimators': 1049, 'learning_rate': 0.017178414144354618, 'max_depth': 16, 'min_child_weight': 0.16561393384549083, 'subsample': 0.6406441665756543, 'colsample_bytree': 0.502606552556788, 'gamma': 0.15020043853926415, 'reg_alpha': 0.19756734098373235, 'reg_lambda': 4.913958988840926}. Best is trial 355 with value: 0.031237053151983718.
[I 2025-08-01 10:11:53,808] Trial 915 finished with value: 0.05203272695565039 and parameters: {'min_abs_corr': 0.030101631092293222, 'max_pair_corr': 0.9767095232950253, 'n_estimators': 1056, 'learning_rate': 0.01530417036165527, 'max_depth': 15, 'min_child_weight': 0.13242815842000116, 'subsample': 0.6639570423516838, 'colsample_bytree': 0.4854068962364846, 'gamma': 0.15840870209281907, 'reg_alpha': 0.003859376613195685, 'reg_lambda': 4.6033129009294775}. Best is trial 355 with value: 0.031237053151983718.
[I 2025-08-01 10:12:00,069] Trial 916 finished with value: 0.03333835293489053 and parameters: {'min_abs_corr': 0.09562379572557658, 'max_pair_corr': 0.9793752550690107, 'n_estimators': 1430, 'learning_rate': 0.01815796861826873, 'max_depth': 16, 'min_child_weight': 0.07310387354152724, 'subsample': 0.6463454856403112, 'colsample_bytree': 0.4765999367125542, 'gamma': 0.0011373634917907342, 'reg_alpha': 0.14467133901450185, 'reg_lambda': 4.751382389126598}. Best is trial 355 with value: 0.031237053151983718.
[I 2025-08-01 10:12:02,791] Trial 917 finished with value: 0.047193282698397065 and parameters: {'min_abs_corr': 0.027350182345798946, 'max_pair_corr': 0.97519867562784, 'n_estimators': 1082, 'learning_rate': 0.013612789909930605, 'max_depth': 16, 'min_child_weight': 0.009136333437394258, 'subsample': 0.6557350091939149, 'colsample_bytree': 0.5432360034255032, 'gamma': 0.09797706250068043, 'reg_alpha': 0.001804464788603531, 'reg_lambda': 4.726443016777378}. Best is trial 355 with value: 0.031237053151983718.
[I 2025-08-01 10:12:04,880] Trial 918 finished with value: 0.05641333186876253 and parameters: {'min_abs_corr': 0.03775941227280088, 'max_pair_corr': 0.9802367140364581, 'n_estimators': 1104, 'learning_rate': 0.01601173552985812, 'max_depth': 15, 'min_child_weight': 0.09757887886173909, 'subsample': 0.7784714016841056, 'colsample_bytree': 0.515802301854319, 'gamma': 0.2369459429038218, 'reg_alpha': 0.14669871097274031, 'reg_lambda': 4.833662312549093}. Best is trial 355 with value: 0.031237053151983718.
[I 2025-08-01 10:12:10,524] Trial 919 finished with value: 0.0336799249388365 and parameters: {'min_abs_corr': 0.027826857436732168, 'max_pair_corr': 0.9781532414416141, 'n_estimators': 1039, 'learning_rate': 0.020226952741295243, 'max_depth': 16, 'min_child_weight': 0.6630337583760356, 'subsample': 0.6495648056247668, 'colsample_bytree': 0.49429260103564054, 'gamma': 0.001790730307389239, 'reg_alpha': 0.25485604953732977, 'reg_lambda': 4.890970729403146}. Best is trial 355 with value: 0.031237053151983718.
[I 2025-08-01 10:12:13,206] Trial 920 finished with value: 0.04954141417134026 and parameters: {'min_abs_corr': 0.03087501498415717, 'max_pair_corr': 0.9739970072400671, 'n_estimators': 1032, 'learning_rate': 0.01446400416037325, 'max_depth': 16, 'min_child_weight': 0.17738550115857224, 'subsample': 0.5495841971650293, 'colsample_bytree': 0.5554616381128317, 'gamma': 0.10583740038725498, 'reg_alpha': 0.09795346314166073, 'reg_lambda': 4.62123547884858}. Best is trial 355 with value: 0.031237053151983718.
[I 2025-08-01 10:12:15,211] Trial 921 finished with value: 0.060321165391505525 and parameters: {'min_abs_corr': 0.026874818939133772, 'max_pair_corr': 0.9769226469907578, 'n_estimators': 1060, 'learning_rate': 0.02570232350909794, 'max_depth': 19, 'min_child_weight': 0.12193619385384408, 'subsample': 0.6359247022598914, 'colsample_bytree': 0.5312838171188147, 'gamma': 0.3159304753597456, 'reg_alpha': 0.001037627271696706, 'reg_lambda': 4.460315075880512}. Best is trial 355 with value: 0.031237053151983718.
[I 2025-08-01 10:12:17,245] Trial 922 finished with value: 0.05388136265736011 and parameters: {'min_abs_corr': 0.026211568021872314, 'max_pair_corr': 0.9518865456658842, 'n_estimators': 1105, 'learning_rate': 0.013122132089025094, 'max_depth': 16, 'min_child_weight': 0.5238095475790563, 'subsample': 0.6723477269983157, 'colsample_bytree': 0.5054932773431982, 'gamma': 0.1777956053026645, 'reg_alpha': 0.000665888813484233, 'reg_lambda': 4.7727371722137795}. Best is trial 355 with value: 0.031237053151983718.
[I 2025-08-01 10:12:19,564] Trial 923 finished with value: 0.0482298833066157 and parameters: {'min_abs_corr': 0.0283883405567986, 'max_pair_corr': 0.9783555334844446, 'n_estimators': 1047, 'learning_rate': 0.01657228558185796, 'max_depth': 15, 'min_child_weight': 0.15322018224377892, 'subsample': 0.6531070073373221, 'colsample_bytree': 0.5469283598811766, 'gamma': 0.09631920077551528, 'reg_alpha': 0.16955299700120136, 'reg_lambda': 4.94542438268405}. Best is trial 355 with value: 0.031237053151983718.
[I 2025-08-01 10:12:25,225] Trial 924 finished with value: 0.03387037527760125 and parameters: {'min_abs_corr': 0.03813533317949679, 'max_pair_corr': 0.9188132178609745, 'n_estimators': 1040, 'learning_rate': 0.018564990796076198, 'max_depth': 19, 'min_child_weight': 0.08494945733302592, 'subsample': 0.7210942283598709, 'colsample_bytree': 0.47593233066493645, 'gamma': 0.000490995567075086, 'reg_alpha': 0.31858612356419613, 'reg_lambda': 4.703035032547751}. Best is trial 355 with value: 0.031237053151983718.
[I 2025-08-01 10:12:27,678] Trial 925 finished with value: 0.05629786018144889 and parameters: {'min_abs_corr': 0.025555311546462966, 'max_pair_corr': 0.9805777290666929, 'n_estimators': 744, 'learning_rate': 0.014032713100564637, 'max_depth': 20, 'min_child_weight': 0.05746616192568548, 'subsample': 0.6422984354444865, 'colsample_bytree': 0.9955825463568644, 'gamma': 0.22193347984292772, 'reg_alpha': 0.09315128320673241, 'reg_lambda': 4.791525853092009}. Best is trial 355 with value: 0.031237053151983718.
[I 2025-08-01 10:12:30,567] Trial 926 finished with value: 0.047439267245613315 and parameters: {'min_abs_corr': 0.03217737817921827, 'max_pair_corr': 0.9732296347126423, 'n_estimators': 1116, 'learning_rate': 0.01521046985853381, 'max_depth': 15, 'min_child_weight': 0.11379003545810082, 'subsample': 0.690047138414975, 'colsample_bytree': 0.5221212261291382, 'gamma': 0.08703267247481901, 'reg_alpha': 0.17122999934380279, 'reg_lambda': 4.886340292070415}. Best is trial 355 with value: 0.031237053151983718.
