[I 2025-08-01 09:42:05,009] Trial 339 finished with value: 0.10682401373602968 and parameters: {'min_abs_corr': 0.020362332272365013, 'max_pair_corr': 0.9877802444075117, 'n_estimators': 803, 'learning_rate': 0.01922856226969728, 'max_depth': 17, 'min_child_weight': 0.221485628961454, 'subsample': 0.6552022949976246, 'colsample_bytree': 0.5279267771974026, 'gamma': 2.4621291497707873, 'reg_alpha': 0.339882926089619, 'reg_lambda': 1.929687483886778}. Best is trial 252 with value: 0.03172415209124509.
[I 2025-08-01 09:42:07,470] Trial 340 finished with value: 0.06064174987061144 and parameters: {'min_abs_corr': 0.016222524180007334, 'max_pair_corr': 0.9794961482150045, 'n_estimators': 977, 'learning_rate': 0.008180675571862696, 'max_depth': 18, 'min_child_weight': 0.2584097379570328, 'subsample': 0.8106322233072715, 'colsample_bytree': 0.48545382893219485, 'gamma': 0.3300297683408227, 'reg_alpha': 0.09736577530402243, 'reg_lambda': 2.0842200907923183}. Best is trial 252 with value: 0.03172415209124509.
[I 2025-08-01 09:42:15,942] Trial 341 finished with value: 0.03366556937858375 and parameters: {'min_abs_corr': 0.02372918287078756, 'max_pair_corr': 0.9848991372010224, 'n_estimators': 698, 'learning_rate': 0.01106666048416988, 'max_depth': 18, 'min_child_weight': 0.13443898509334679, 'subsample': 0.615224791108338, 'colsample_bytree': 0.7581467655122727, 'gamma': 0.0023959153235805063, 'reg_alpha': 0.17677833538391263, 'reg_lambda': 1.8234097766038733}. Best is trial 252 with value: 0.03172415209124509.
[I 2025-08-01 09:42:17,874] Trial 342 finished with value: 0.05299021998658796 and parameters: {'min_abs_corr': 0.017839462835306893, 'max_pair_corr': 0.9815175546187942, 'n_estimators': 921, 'learning_rate': 0.02279067981054192, 'max_depth': 16, 'min_child_weight': 0.1811964447594794, 'subsample': 0.5884010306982538, 'colsample_bytree': 0.5393041985904841, 'gamma': 0.17823005366013953, 'reg_alpha': 0.00041013225088866456, 'reg_lambda': 2.0274699531502693}. Best is trial 252 with value: 0.03172415209124509.
[I 2025-08-01 09:42:20,018] Trial 343 finished with value: 0.05016761626364841 and parameters: {'min_abs_corr': 0.021634034057448535, 'max_pair_corr': 0.9774027205667057, 'n_estimators': 945, 'learning_rate': 0.013765352359299935, 'max_depth': 17, 'min_child_weight': 0.11453011901870087, 'subsample': 0.5123877075139429, 'colsample_bytree': 0.5576989786020459, 'gamma': 0.10178377589074299, 'reg_alpha': 0.24971680636683796, 'reg_lambda': 1.6735283235920277}. Best is trial 252 with value: 0.03172415209124509.
[I 2025-08-01 09:42:21,510] Trial 344 finished with value: 0.09994325899699326 and parameters: {'min_abs_corr': 0.01983092759606237, 'max_pair_corr': 0.9789087210837204, 'n_estimators': 863, 'learning_rate': 0.009965155744177293, 'max_depth': 18, 'min_child_weight': 0.28868677586365626, 'subsample': 0.6360174613900434, 'colsample_bytree': 0.5098514715962555, 'gamma': 1.7243063087334332, 'reg_alpha': 0.4470178341671396, 'reg_lambda': 2.2341013927092894}. Best is trial 252 with value: 0.03172415209124509.
[I 2025-08-01 09:42:23,533] Trial 345 finished with value: 0.05351082952219124 and parameters: {'min_abs_corr': 0.02365455924919287, 'max_pair_corr': 0.9818375767456424, 'n_estimators': 898, 'learning_rate': 0.01699997900850335, 'max_depth': 17, 'min_child_weight': 0.16166435912298746, 'subsample': 0.644801787529002, 'colsample_bytree': 0.5650830379368066, 'gamma': 0.17782005083772706, 'reg_alpha': 0.11751962394220551, 'reg_lambda': 1.9354406272066498}. Best is trial 252 with value: 0.03172415209124509.
[I 2025-08-01 09:42:25,584] Trial 346 finished with value: 0.05830611321987613 and parameters: {'min_abs_corr': 0.014385561670410857, 'max_pair_corr': 0.9831117350909989, 'n_estimators': 876, 'learning_rate': 0.015947420428158676, 'max_depth': 17, 'min_child_weight': 0.011493187840015741, 'subsample': 0.6218787365792574, 'colsample_bytree': 0.532627708072099, 'gamma': 0.09592097401186593, 'reg_alpha': 1.666229910563467, 'reg_lambda': 1.7719579316540948}. Best is trial 252 with value: 0.03172415209124509.
[I 2025-08-01 09:42:27,639] Trial 347 finished with value: 0.05856278438915694 and parameters: {'min_abs_corr': 0.02215393896846649, 'max_pair_corr': 0.9766807117709062, 'n_estimators': 824, 'learning_rate': 0.008695054754397444, 'max_depth': 15, 'min_child_weight': 0.18099895956527443, 'subsample': 0.6007957645773235, 'colsample_bytree': 0.5472713766742593, 'gamma': 0.219526916256735, 'reg_alpha': 0.3440031329457081, 'reg_lambda': 2.1506371049489204}. Best is trial 252 with value: 0.03172415209124509.
[I 2025-08-01 09:42:30,032] Trial 348 finished with value: 0.047314486490233 and parameters: {'min_abs_corr': 0.01695043228843989, 'max_pair_corr': 0.9857202373467413, 'n_estimators': 631, 'learning_rate': 0.012713828585104201, 'max_depth': 16, 'min_child_weight': 0.12938955812309502, 'subsample': 0.5648361031161254, 'colsample_bytree': 0.5665135143870527, 'gamma': 0.08307509295596825, 'reg_alpha': 0.09153108583109884, 'reg_lambda': 2.3951426991299427}. Best is trial 252 with value: 0.03172415209124509.
[I 2025-08-01 09:42:32,314] Trial 349 finished with value: 0.060869383679945446 and parameters: {'min_abs_corr': 0.009762229141342539, 'max_pair_corr': 0.9841789348923073, 'n_estimators': 956, 'learning_rate': 0.011504904917345165, 'max_depth': 18, 'min_child_weight': 0.21347995800645994, 'subsample': 0.6099183993840308, 'colsample_bytree': 0.5430291319522775, 'gamma': 0.2908272354285389, 'reg_alpha': 0.2233863725790016, 'reg_lambda': 1.6070177885588466}. Best is trial 252 with value: 0.03172415209124509.
[I 2025-08-01 09:42:39,030] Trial 350 finished with value: 0.03512623935732342 and parameters: {'min_abs_corr': 0.044428530849005506, 'max_pair_corr': 0.9802160369519956, 'n_estimators': 848, 'learning_rate': 0.006499298151492351, 'max_depth': 17, 'min_child_weight': 0.35735474814874785, 'subsample': 0.6694722947427603, 'colsample_bytree': 0.4720642084202695, 'gamma': 0.008777303621863262, 'reg_alpha': 0.0037005805181329066, 'reg_lambda': 1.911372294346466}. Best is trial 252 with value: 0.03172415209124509.
[I 2025-08-01 09:42:40,771] Trial 351 finished with value: 0.10958167848959754 and parameters: {'min_abs_corr': 0.02463106346556569, 'max_pair_corr': 0.9784562909883786, 'n_estimators': 914, 'learning_rate': 0.014369799378298825, 'max_depth': 18, 'min_child_weight': 0.2698692305904206, 'subsample': 0.6300260340062631, 'colsample_bytree': 0.5522236283753851, 'gamma': 3.7023355410482583, 'reg_alpha': 0.1618995162573222, 'reg_lambda': 2.3059953457939995}. Best is trial 252 with value: 0.03172415209124509.
[I 2025-08-01 09:42:43,178] Trial 352 finished with value: 0.05383536678470289 and parameters: {'min_abs_corr': 0.01845073361433318, 'max_pair_corr': 0.9811069754829445, 'n_estimators': 898, 'learning_rate': 0.010148134926724348, 'max_depth': 16, 'min_child_weight': 0.1325913682243637, 'subsample': 0.5811093762463775, 'colsample_bytree': 0.5202038454973649, 'gamma': 0.15292933541601123, 'reg_alpha': 0.3080462276211663, 'reg_lambda': 1.4739453211323799}. Best is trial 252 with value: 0.03172415209124509.
[I 2025-08-01 09:42:49,289] Trial 353 finished with value: 0.03278286209536989 and parameters: {'min_abs_corr': 0.02583625174164113, 'max_pair_corr': 0.9760721680088985, 'n_estimators': 827, 'learning_rate': 0.013158778100140591, 'max_depth': 17, 'min_child_weight': 0.4354438380688871, 'subsample': 0.6473263013928435, 'colsample_bytree': 0.5313109774998328, 'gamma': 0.0021577616198081954, 'reg_alpha': 0.09084169260212598, 'reg_lambda': 2.0325964778378274}. Best is trial 252 with value: 0.03172415209124509.
[I 2025-08-01 09:42:51,290] Trial 354 finished with value: 0.0469207103848934 and parameters: {'min_abs_corr': 0.02634647276006824, 'max_pair_corr': 0.9756672657830806, 'n_estimators': 778, 'learning_rate': 0.016159017634675598, 'max_depth': 17, 'min_child_weight': 0.6369402806948559, 'subsample': 0.6512028534082384, 'colsample_bytree': 0.526146473513516, 'gamma': 0.09135086868966459, 'reg_alpha': 0.08943082583310683, 'reg_lambda': 2.049401258103702}. Best is trial 252 with value: 0.03172415209124509.
[I 2025-08-01 09:42:58,848] Trial 355 finished with value: 0.031237053151983718 and parameters: {'min_abs_corr': 0.02469607123185709, 'max_pair_corr': 0.9765258784312683, 'n_estimators': 808, 'learning_rate': 0.018559315094703873, 'max_depth': 18, 'min_child_weight': 0.39041165618832446, 'subsample': 0.5012744044493825, 'colsample_bytree': 0.5061402619533621, 'gamma': 0.0008404092201526913, 'reg_alpha': 0.0009046924166755399, 'reg_lambda': 4.709567771393921}. Best is trial 355 with value: 0.031237053151983718.
[I 2025-08-01 09:43:07,688] Trial 356 finished with value: 0.03134603926494141 and parameters: {'min_abs_corr': 0.025273577529558226, 'max_pair_corr': 0.976270466811886, 'n_estimators': 811, 'learning_rate': 0.01985798349952014, 'max_depth': 18, 'min_child_weight': 0.5320939863717848, 'subsample': 0.5004100987369426, 'colsample_bytree': 0.5010573014712529, 'gamma': 0.0002260277151108197, 'reg_alpha': 0.06569485675462071, 'reg_lambda': 4.841805471234114}. Best is trial 355 with value: 0.031237053151983718.
[I 2025-08-01 09:43:09,428] Trial 357 finished with value: 0.05892607797678031 and parameters: {'min_abs_corr': 0.02503145728247424, 'max_pair_corr': 0.9762803112820879, 'n_estimators': 763, 'learning_rate': 0.02547079926214072, 'max_depth': 18, 'min_child_weight': 0.3114286307579905, 'subsample': 0.5022185107722085, 'colsample_bytree': 0.49217247499468353, 'gamma': 0.25096225628958413, 'reg_alpha': 0.011440911686010363, 'reg_lambda': 4.746193224710208}. Best is trial 355 with value: 0.031237053151983718.
[I 2025-08-01 09:43:11,151] Trial 358 finished with value: 0.053019360810374436 and parameters: {'min_abs_corr': 0.02540527852231734, 'max_pair_corr': 0.9756655876146694, 'n_estimators': 795, 'learning_rate': 0.021238348884648765, 'max_depth': 18, 'min_child_weight': 0.5278373700191331, 'subsample': 0.5001190975164332, 'colsample_bytree': 0.7323469011486938, 'gamma': 0.15588798619880462, 'reg_alpha': 0.0046227833452806, 'reg_lambda': 4.8264211193781525}. Best is trial 355 with value: 0.031237053151983718.
[I 2025-08-01 09:43:12,689] Trial 359 finished with value: 0.06875515820217816 and parameters: {'min_abs_corr': 0.02647356448070732, 'max_pair_corr': 0.9770242282626215, 'n_estimators': 825, 'learning_rate': 0.01920849691276502, 'max_depth': 18, 'min_child_weight': 0.6453745225615369, 'subsample': 0.5246581876415302, 'colsample_bytree': 0.513191018043152, 'gamma': 0.45155906352395914, 'reg_alpha': 0.09882102590480688, 'reg_lambda': 4.580418860079662}. Best is trial 355 with value: 0.031237053151983718.
[I 2025-08-01 09:43:20,981] Trial 360 finished with value: 0.031526707556598296 and parameters: {'min_abs_corr': 0.024892045936816126, 'max_pair_corr': 0.9779926453494939, 'n_estimators': 808, 'learning_rate': 0.019094259800393247, 'max_depth': 18, 'min_child_weight': 0.4543635177197091, 'subsample': 0.5156677174253648, 'colsample_bytree': 0.5039341352182428, 'gamma': 0.0004089372953792773, 'reg_alpha': 5.543949792875813e-05, 'reg_lambda': 2.2559071370082093}. Best is trial 355 with value: 0.031237053151983718.
[I 2025-08-01 09:43:22,615] Trial 361 finished with value: 0.04826841743585242 and parameters: {'min_abs_corr': 0.024367804060074362, 'max_pair_corr': 0.9773690028796, 'n_estimators': 810, 'learning_rate': 0.022028303966126202, 'max_depth': 18, 'min_child_weight': 0.8604567438765673, 'subsample': 0.5120368244898236, 'colsample_bytree': 0.4946183653119148, 'gamma': 0.0983889268546548, 'reg_alpha': 0.008631354120905967, 'reg_lambda': 4.697907229918053}. Best is trial 355 with value: 0.031237053151983718.
[I 2025-08-01 09:43:24,240] Trial 362 finished with value: 0.05461450497506408 and parameters: {'min_abs_corr': 0.027049860053871857, 'max_pair_corr': 0.9778100402526327, 'n_estimators': 781, 'learning_rate': 0.019795287539456332, 'max_depth': 18, 'min_child_weight': 0.4391596948436554, 'subsample': 0.5230423671473358, 'colsample_bytree': 0.4798074960768806, 'gamma': 0.16798401428081705, 'reg_alpha': 0.08718404118576391, 'reg_lambda': 4.876197321998981}. Best is trial 355 with value: 0.031237053151983718.
[I 2025-08-01 09:43:25,502] Trial 363 finished with value: 0.09347783697253323 and parameters: {'min_abs_corr': 0.02367157453425068, 'max_pair_corr': 0.9498093743887625, 'n_estimators': 820, 'learning_rate': 0.0227342920041871, 'max_depth': 18, 'min_child_weight': 0.6701593397510637, 'subsample': 0.5097374188724448, 'colsample_bytree': 0.5069318143965907, 'gamma': 1.346655510707562, 'reg_alpha': 0.004397693067022229, 'reg_lambda': 4.421166823130417}. Best is trial 355 with value: 0.031237053151983718.
[I 2025-08-01 09:43:27,021] Trial 364 finished with value: 0.06230517609589563 and parameters: {'min_abs_corr': 0.026404770729260525, 'max_pair_corr': 0.9750363556151921, 'n_estimators': 801, 'learning_rate': 0.017619092185287705, 'max_depth': 18, 'min_child_weight': 0.55174163378357, 'subsample': 0.5097170696269863, 'colsample_bytree': 0.4986046707138587, 'gamma': 0.3167485535655998, 'reg_alpha': 0.0935587017203616, 'reg_lambda': 2.3026033337236993}. Best is trial 355 with value: 0.031237053151983718.
[I 2025-08-01 09:43:28,922] Trial 365 finished with value: 0.04691691142022664 and parameters: {'min_abs_corr': 0.02506983333032734, 'max_pair_corr': 0.9786901836398286, 'n_estimators': 764, 'learning_rate': 0.03004644866521168, 'max_depth': 18, 'min_child_weight': 0.41726770800095236, 'subsample': 0.5190384775890132, 'colsample_bytree': 0.5047666499292989, 'gamma': 0.08353955763417285, 'reg_alpha': 0.09307305750220173, 'reg_lambda': 2.4177309363695625}. Best is trial 355 with value: 0.031237053151983718.
[I 2025-08-01 09:43:30,803] Trial 366 finished with value: 0.047508597162282805 and parameters: {'min_abs_corr': 0.028142232103451972, 'max_pair_corr': 0.9743805632441075, 'n_estimators': 702, 'learning_rate': 0.018471005444223792, 'max_depth': 18, 'min_child_weight': 0.43466093012610213, 'subsample': 0.5309495107409988, 'colsample_bytree': 0.4851988386628455, 'gamma': 0.08860611517851293, 'reg_alpha': 0.0019300938996207745, 'reg_lambda': 4.933739562300595}. Best is trial 355 with value: 0.031237053151983718.
[I 2025-08-01 09:43:35,512] Trial 367 finished with value: 0.03321275546950696 and parameters: {'min_abs_corr': 0.022392652569887858, 'max_pair_corr': 0.9765507927546673, 'n_estimators': 831, 'learning_rate': 0.019935062743188067, 'max_depth': 18, 'min_child_weight': 0.5455698031554558, 'subsample': 0.500236282807625, 'colsample_bytree': 0.5134898870954994, 'gamma': 0.0019794848743082526, 'reg_alpha': 0.2253990626910157, 'reg_lambda': 2.240941072462597}. Best is trial 355 with value: 0.031237053151983718.
[I 2025-08-01 09:43:37,340] Trial 368 finished with value: 0.057782521792149044 and parameters: {'min_abs_corr': 0.02297526586566531, 'max_pair_corr': 0.9765240307352743, 'n_estimators': 838, 'learning_rate': 0.02048509981002148, 'max_depth': 18, 'min_child_weight': 0.9655858588058979, 'subsample': 0.5086289318487611, 'colsample_bytree': 0.5118133369777319, 'gamma': 0.21176594586091668, 'reg_alpha': 0.2509632601085604, 'reg_lambda': 4.964807597402702}. Best is trial 355 with value: 0.031237053151983718.
[I 2025-08-01 09:43:39,211] Trial 369 finished with value: 0.048407541812974575 and parameters: {'min_abs_corr': 0.025214294905661055, 'max_pair_corr': 0.9755256361632909, 'n_estimators': 849, 'learning_rate': 0.019774878315999233, 'max_depth': 18, 'min_child_weight': 0.4909766578706396, 'subsample': 0.5001607916341824, 'colsample_bytree': 0.5011602613664062, 'gamma': 0.08859268141231956, 'reg_alpha': 0.14851873452559525, 'reg_lambda': 2.212756295669739}. Best is trial 355 with value: 0.031237053151983718.
[I 2025-08-01 09:43:40,448] Trial 370 finished with value: 0.060766778263232867 and parameters: {'min_abs_corr': 0.029621913136028067, 'max_pair_corr': 0.9788242967847335, 'n_estimators': 506, 'learning_rate': 0.025250332112293068, 'max_depth': 18, 'min_child_weight': 0.6000550092091728, 'subsample': 0.5162296493693362, 'colsample_bytree': 0.517040153719747, 'gamma': 0.1827419535905185, 'reg_alpha': 0.9063290312928651, 'reg_lambda': 2.4440159985132475}. Best is trial 355 with value: 0.031237053151983718.
[I 2025-08-01 09:43:44,961] Trial 371 finished with value: 0.03374468895589121 and parameters: {'min_abs_corr': 0.027282681740458874, 'max_pair_corr': 0.977125658132217, 'n_estimators': 821, 'learning_rate': 0.022228568699490598, 'max_depth': 18, 'min_child_weight': 0.5013946337881203, 'subsample': 0.5006456179792843, 'colsample_bytree': 0.49114681425218426, 'gamma': 0.0015330819985642208, 'reg_alpha': 0.2606100986215735, 'reg_lambda': 2.2885133224953234}. Best is trial 355 with value: 0.031237053151983718.
[I 2025-08-01 09:43:46,507] Trial 372 finished with value: 0.05919150961858932 and parameters: {'min_abs_corr': 0.023667976257432156, 'max_pair_corr': 0.9739338007250267, 'n_estimators': 868, 'learning_rate': 0.0176290551590076, 'max_depth': 19, 'min_child_weight': 0.7556027637614025, 'subsample': 0.5414990831403373, 'colsample_bytree': 0.4695354491132385, 'gamma': 0.25887057421211324, 'reg_alpha': 0.07904264873319108, 'reg_lambda': 3.876831633138753}. Best is trial 355 with value: 0.031237053151983718.
[I 2025-08-01 09:43:49,630] Trial 373 finished with value: 0.04110591056724218 and parameters: {'min_abs_corr': 0.02644058880988413, 'max_pair_corr': 0.980046056610716, 'n_estimators': 844, 'learning_rate': 0.027542824587764244, 'max_depth': 17, 'min_child_weight': 0.3642747165113534, 'subsample': 0.5193737683158633, 'colsample_bytree': 0.5094565986199554, 'gamma': 0.0034482184916356426, 'reg_alpha': 1.1945794200494215, 'reg_lambda': 4.734728079560766}. Best is trial 355 with value: 0.031237053151983718.
[I 2025-08-01 09:43:50,931] Trial 374 finished with value: 0.05062762654694033 and parameters: {'min_abs_corr': 0.022893567031731715, 'max_pair_corr': 0.9783821479847534, 'n_estimators': 410, 'learning_rate': 0.017761684496487, 'max_depth': 19, 'min_child_weight': 0.5397986308244648, 'subsample': 0.5026767199825584, 'colsample_bytree': 0.5214354162196869, 'gamma': 0.10389323432628736, 'reg_alpha': 0.1757212766381147, 'reg_lambda': 2.5284615575284457}. Best is trial 355 with value: 0.031237053151983718.
[I 2025-08-01 09:43:59,193] Trial 375 finished with value: 0.03299918404660686 and parameters: {'min_abs_corr': 0.01257305544052966, 'max_pair_corr': 0.9757713980173923, 'n_estimators': 1264, 'learning_rate': 0.02347137910433226, 'max_depth': 18, 'min_child_weight': 0.45284624900946974, 'subsample': 0.5114233115459346, 'colsample_bytree': 0.48703740979079146, 'gamma': 0.00022120332659249405, 'reg_alpha': 0.37388836925908964, 'reg_lambda': 2.1732180652228568}. Best is trial 355 with value: 0.031237053151983718.
[I 2025-08-01 09:44:01,467] Trial 376 finished with value: 0.05601229400621575 and parameters: {'min_abs_corr': 0.024940540477748185, 'max_pair_corr': 0.9739119730223095, 'n_estimators': 1282, 'learning_rate': 0.02133903218635248, 'max_depth': 17, 'min_child_weight': 1.3536660961114793, 'subsample': 0.5121546660081515, 'colsample_bytree': 0.4845427514586072, 'gamma': 0.16948467014232904, 'reg_alpha': 0.4939231077665992, 'reg_lambda': 2.2183666976419207}. Best is trial 355 with value: 0.031237053151983718.
[I 2025-08-01 09:44:03,687] Trial 377 finished with value: 0.0646913065069401 and parameters: {'min_abs_corr': 0.011334752662293605, 'max_pair_corr': 0.9756424033245241, 'n_estimators': 1304, 'learning_rate': 0.022423780155198216, 'max_depth': 20, 'min_child_weight': 0.47233037654493343, 'subsample': 0.5281780248161729, 'colsample_bytree': 0.45914433371226726, 'gamma': 0.34575656992894616, 'reg_alpha': 0.4090464045488129, 'reg_lambda': 2.159813455925219}. Best is trial 355 with value: 0.031237053151983718.
[I 2025-08-01 09:44:05,919] Trial 378 finished with value: 0.05224519396131777 and parameters: {'min_abs_corr': 0.012432818251633056, 'max_pair_corr': 0.9726186814221484, 'n_estimators': 1239, 'learning_rate': 0.032978037307784085, 'max_depth': 18, 'min_child_weight': 0.6367232802269513, 'subsample': 0.5194200347362596, 'colsample_bytree': 0.47583152944248724, 'gamma': 0.10063545575058792, 'reg_alpha': 0.6292718225864132, 'reg_lambda': 2.352059813730574}. Best is trial 355 with value: 0.031237053151983718.
[I 2025-08-01 09:44:10,510] Trial 379 finished with value: 0.034186926004207766 and parameters: {'min_abs_corr': 0.02930004551152219, 'max_pair_corr': 0.9715531601395935, 'n_estimators': 1291, 'learning_rate': 0.027285997395677355, 'max_depth': 19, 'min_child_weight': 0.4694986386148351, 'subsample': 0.5376836428792738, 'colsample_bytree': 0.5054638026407833, 'gamma': 0.001690736966638814, 'reg_alpha': 0.3458844861302701, 'reg_lambda': 2.3013570478433882}. Best is trial 355 with value: 0.031237053151983718.
[I 2025-08-01 09:44:12,599] Trial 380 finished with value: 0.06064722416671246 and parameters: {'min_abs_corr': 0.008136009063551917, 'max_pair_corr': 0.9761599061691972, 'n_estimators': 1254, 'learning_rate': 0.02013767230665931, 'max_depth': 11, 'min_child_weight': 0.3863420750789844, 'subsample': 0.5098166902625554, 'colsample_bytree': 0.4949960551887424, 'gamma': 0.2321081194725158, 'reg_alpha': 0.5525850322032348, 'reg_lambda': 2.173646213479656}. Best is trial 355 with value: 0.031237053151983718.
