[I 2025-08-01 10:07:48,908] Trial 843 finished with value: 0.0621624835567197 and parameters: {'min_abs_corr': 0.025580121861203578, 'max_pair_corr': 0.9898942512304509, 'n_estimators': 752, 'learning_rate': 0.011389883139516698, 'max_depth': 11, 'min_child_weight': 0.11982885519869628, 'subsample': 0.5219663872000685, 'colsample_bytree': 0.6472089047684494, 'gamma': 0.30400467647252954, 'reg_alpha': 0.16583280336581052, 'reg_lambda': 1.727066728100357}. Best is trial 355 with value: 0.031237053151983718.
[I 2025-08-01 10:07:58,593] Trial 844 finished with value: 0.03301747571560402 and parameters: {'min_abs_corr': 0.0564565503509594, 'max_pair_corr': 0.9873248855812626, 'n_estimators': 789, 'learning_rate': 0.006244757880098375, 'max_depth': 7, 'min_child_weight': 0.05690069304038609, 'subsample': 0.5268491254061123, 'colsample_bytree': 0.5150831874483723, 'gamma': 0.002020598805573835, 'reg_alpha': 0.0018391338037591076, 'reg_lambda': 1.897230663459501}. Best is trial 355 with value: 0.031237053151983718.
[I 2025-08-01 10:08:10,509] Trial 845 finished with value: 0.0326630843187401 and parameters: {'min_abs_corr': 0.023024369033276194, 'max_pair_corr': 0.9861920557225445, 'n_estimators': 632, 'learning_rate': 0.013352639362340725, 'max_depth': 17, 'min_child_weight': 0.0690049075680551, 'subsample': 0.6383209718633499, 'colsample_bytree': 0.5360987983536188, 'gamma': 0.00011709053784225912, 'reg_alpha': 0.10433110647095506, 'reg_lambda': 1.736427994673488}. Best is trial 355 with value: 0.031237053151983718.
[I 2025-08-01 10:08:12,165] Trial 846 finished with value: 0.05413288229380604 and parameters: {'min_abs_corr': 0.06339540644764542, 'max_pair_corr': 0.9867632654624766, 'n_estimators': 793, 'learning_rate': 0.015157093342278152, 'max_depth': 8, 'min_child_weight': 0.12892777216766618, 'subsample': 0.5567884981752359, 'colsample_bytree': 0.47992596852736596, 'gamma': 0.16312017396168343, 'reg_alpha': 0.2323015754667025, 'reg_lambda': 2.0832733694614274}. Best is trial 355 with value: 0.031237053151983718.
[I 2025-08-01 10:08:14,233] Trial 847 finished with value: 0.0548110919420204 and parameters: {'min_abs_corr': 0.019893436497012966, 'max_pair_corr': 0.9855475900191627, 'n_estimators': 745, 'learning_rate': 0.009756987946761496, 'max_depth': 9, 'min_child_weight': 0.09605195985801201, 'subsample': 0.5161136787175014, 'colsample_bytree': 0.41480275053153276, 'gamma': 0.16864367724307203, 'reg_alpha': 0.09368395938305213, 'reg_lambda': 1.9746282854511215}. Best is trial 355 with value: 0.031237053151983718.
[I 2025-08-01 10:08:16,968] Trial 848 finished with value: 0.05033889908010471 and parameters: {'min_abs_corr': 0.021635113390283893, 'max_pair_corr': 0.9899717767070755, 'n_estimators': 806, 'learning_rate': 0.011522938428818628, 'max_depth': 9, 'min_child_weight': 0.12784855787477548, 'subsample': 0.5479124032706456, 'colsample_bytree': 0.5001308711666141, 'gamma': 0.09615191318142234, 'reg_alpha': 0.3157647575094006, 'reg_lambda': 1.8300050753878558}. Best is trial 355 with value: 0.031237053151983718.
[I 2025-08-01 10:08:19,109] Trial 849 finished with value: 0.0586239241247577 and parameters: {'min_abs_corr': 0.025028855325463777, 'max_pair_corr': 0.9899326250194161, 'n_estimators': 773, 'learning_rate': 0.016985437263232237, 'max_depth': 16, 'min_child_weight': 0.4461761700965074, 'subsample': 0.5342532463680372, 'colsample_bytree': 0.5551986352246673, 'gamma': 0.25856949223726416, 'reg_alpha': 0.0014502005600592104, 'reg_lambda': 2.1829515854202586}. Best is trial 355 with value: 0.031237053151983718.
[I 2025-08-01 10:08:21,255] Trial 850 finished with value: 0.046898874897996726 and parameters: {'min_abs_corr': 0.05947432493681175, 'max_pair_corr': 0.9846769184382982, 'n_estimators': 712, 'learning_rate': 0.013854545761956686, 'max_depth': 17, 'min_child_weight': 0.1450483177216213, 'subsample': 0.5911813430969376, 'colsample_bytree': 0.5242343058356478, 'gamma': 0.08964176694072613, 'reg_alpha': 0.001685113036143613, 'reg_lambda': 0.6960581905089094}. Best is trial 355 with value: 0.031237053151983718.
[I 2025-08-01 10:08:27,064] Trial 851 finished with value: 0.03585160452461106 and parameters: {'min_abs_corr': 0.02352072780882966, 'max_pair_corr': 0.9899712314388655, 'n_estimators': 813, 'learning_rate': 0.005568466686773285, 'max_depth': 4, 'min_child_weight': 0.0859277945996401, 'subsample': 0.6631675174379035, 'colsample_bytree': 0.4616185511719563, 'gamma': 0.0028232279191108866, 'reg_alpha': 0.1718560484194051, 'reg_lambda': 1.6459079247752675}. Best is trial 355 with value: 0.031237053151983718.
[I 2025-08-01 10:08:29,235] Trial 852 finished with value: 0.060247418266885955 and parameters: {'min_abs_corr': 0.026382918660855875, 'max_pair_corr': 0.9869803657950124, 'n_estimators': 729, 'learning_rate': 0.008648371178818687, 'max_depth': 11, 'min_child_weight': 0.11488801542087508, 'subsample': 0.50814070305439, 'colsample_bytree': 0.4275309675223024, 'gamma': 0.19165555850074575, 'reg_alpha': 0.5665222033018027, 'reg_lambda': 0.8532814177607008}. Best is trial 355 with value: 0.031237053151983718.
[I 2025-08-01 10:08:31,971] Trial 853 finished with value: 0.049705507939521734 and parameters: {'min_abs_corr': 0.021299428617898478, 'max_pair_corr': 0.9881124591705562, 'n_estimators': 772, 'learning_rate': 0.007053799662431617, 'max_depth': 8, 'min_child_weight': 0.06433520727839442, 'subsample': 0.6018758208608292, 'colsample_bytree': 0.48809431610257603, 'gamma': 0.11007953657360896, 'reg_alpha': 0.09636806839154176, 'reg_lambda': 1.6957048604308718}. Best is trial 355 with value: 0.031237053151983718.
[I 2025-08-01 10:08:33,581] Trial 854 finished with value: 0.06515606567412591 and parameters: {'min_abs_corr': 0.06191782491528186, 'max_pair_corr': 0.9820290929182894, 'n_estimators': 809, 'learning_rate': 0.012290319248434836, 'max_depth': 12, 'min_child_weight': 0.3435397336628876, 'subsample': 0.5401191249005697, 'colsample_bytree': 0.5699229267969779, 'gamma': 0.3749835625387118, 'reg_alpha': 0.18067229258329612, 'reg_lambda': 0.48670366606835624}. Best is trial 355 with value: 0.031237053151983718.
[I 2025-08-01 10:08:36,296] Trial 855 finished with value: 0.04668939542219242 and parameters: {'min_abs_corr': 0.026451148612189404, 'max_pair_corr': 0.9838723304539078, 'n_estimators': 1033, 'learning_rate': 0.010405455086257306, 'max_depth': 17, 'min_child_weight': 0.20892484063029798, 'subsample': 0.5710787768218181, 'colsample_bytree': 0.5430942331123038, 'gamma': 0.080950064296355, 'reg_alpha': 0.09939358589480334, 'reg_lambda': 0.920902205903067}. Best is trial 355 with value: 0.031237053151983718.
[I 2025-08-01 10:08:37,558] Trial 856 finished with value: 0.060832081786919824 and parameters: {'min_abs_corr': 0.016331497641862057, 'max_pair_corr': 0.9612833529027288, 'n_estimators': 568, 'learning_rate': 0.016175878975669366, 'max_depth': 16, 'min_child_weight': 0.10231519885973413, 'subsample': 0.5264158439605239, 'colsample_bytree': 0.5118510727377938, 'gamma': 0.24501374810100585, 'reg_alpha': 0.2779439908330049, 'reg_lambda': 4.881010776226885}. Best is trial 355 with value: 0.031237053151983718.
[I 2025-08-01 10:08:43,111] Trial 857 finished with value: 0.049546383912724576 and parameters: {'min_abs_corr': 0.05694567230268505, 'max_pair_corr': 0.9779182627424978, 'n_estimators': 789, 'learning_rate': 0.00928275741506406, 'max_depth': 17, 'min_child_weight': 2.1826744861348435, 'subsample': 0.6501464284054571, 'colsample_bytree': 0.5607292396958236, 'gamma': 0.0004178950521565193, 'reg_alpha': 2.9082779507939898, 'reg_lambda': 0.7403370682162749}. Best is trial 355 with value: 0.031237053151983718.
[I 2025-08-01 10:08:52,830] Trial 858 finished with value: 0.03141486294035299 and parameters: {'min_abs_corr': 0.023880153595559523, 'max_pair_corr': 0.9801098464510909, 'n_estimators': 836, 'learning_rate': 0.014276459864725246, 'max_depth': 18, 'min_child_weight': 0.14223149700078394, 'subsample': 0.5165920410826443, 'colsample_bytree': 0.4525387508107717, 'gamma': 0.0004903522985894828, 'reg_alpha': 0.002838003795722245, 'reg_lambda': 1.9409836046244031}. Best is trial 355 with value: 0.031237053151983718.
[I 2025-08-01 10:08:54,294] Trial 859 finished with value: 0.0983702341249125 and parameters: {'min_abs_corr': 0.018934793535312217, 'max_pair_corr': 0.9795840686422782, 'n_estimators': 839, 'learning_rate': 0.016889832010648476, 'max_depth': 3, 'min_child_weight': 0.24549697031903744, 'subsample': 0.6990541878090918, 'colsample_bytree': 0.4453495713984991, 'gamma': 1.8408142962156928, 'reg_alpha': 0.1612799787813636, 'reg_lambda': 1.8379128589367035}. Best is trial 355 with value: 0.031237053151983718.
[I 2025-08-01 10:08:56,155] Trial 860 finished with value: 0.054677788847499985 and parameters: {'min_abs_corr': 0.022745072982802265, 'max_pair_corr': 0.9797688573955808, 'n_estimators': 840, 'learning_rate': 0.015497737119422945, 'max_depth': 18, 'min_child_weight': 0.17095518560445758, 'subsample': 0.5185874246729028, 'colsample_bytree': 0.45074131401789713, 'gamma': 0.18162261458984955, 'reg_alpha': 0.11029147416249288, 'reg_lambda': 1.9446037033372492}. Best is trial 355 with value: 0.031237053151983718.
[I 2025-08-01 10:08:58,390] Trial 861 finished with value: 0.05046442451653861 and parameters: {'min_abs_corr': 0.027205237570228417, 'max_pair_corr': 0.9779905784166493, 'n_estimators': 835, 'learning_rate': 0.014365617688975693, 'max_depth': 17, 'min_child_weight': 0.1531154520319214, 'subsample': 0.5099816982850545, 'colsample_bytree': 0.4396852136989351, 'gamma': 0.09353326550082092, 'reg_alpha': 0.3645821089614474, 'reg_lambda': 2.0291149983908747}. Best is trial 355 with value: 0.031237053151983718.
[I 2025-08-01 10:08:59,631] Trial 862 finished with value: 0.0603687747992106 and parameters: {'min_abs_corr': 0.024726610470291913, 'max_pair_corr': 0.9809424545942814, 'n_estimators': 227, 'learning_rate': 0.008079491639825359, 'max_depth': 16, 'min_child_weight': 0.1955579622583031, 'subsample': 0.5069250513004234, 'colsample_bytree': 0.46343934569658696, 'gamma': 0.15856464353274735, 'reg_alpha': 0.0006469648229663061, 'reg_lambda': 2.114460938664088}. Best is trial 355 with value: 0.031237053151983718.
[I 2025-08-01 10:09:01,440] Trial 863 finished with value: 0.048263035888171046 and parameters: {'min_abs_corr': 0.0206683457172619, 'max_pair_corr': 0.9786220354476691, 'n_estimators': 818, 'learning_rate': 0.017893215079449992, 'max_depth': 10, 'min_child_weight': 0.1442203221347973, 'subsample': 0.5165415846495592, 'colsample_bytree': 0.4547340879208935, 'gamma': 0.08393674281137883, 'reg_alpha': 0.2346303387048998, 'reg_lambda': 1.8888263571731319}. Best is trial 355 with value: 0.031237053151983718.
[I 2025-08-01 10:09:03,459] Trial 864 finished with value: 0.06274485862455488 and parameters: {'min_abs_corr': 0.029013809641898997, 'max_pair_corr': 0.9759639343951965, 'n_estimators': 851, 'learning_rate': 0.006664871559715881, 'max_depth': 17, 'min_child_weight': 0.5239541435844869, 'subsample': 0.5156888221092233, 'colsample_bytree': 0.43252035579328285, 'gamma': 0.3072253924729837, 'reg_alpha': 0.08792149853199172, 'reg_lambda': 1.9275101710651124}. Best is trial 355 with value: 0.031237053151983718.
[I 2025-08-01 10:09:05,506] Trial 865 finished with value: 0.04818406500894383 and parameters: {'min_abs_corr': 0.058523746326909154, 'max_pair_corr': 0.981504482670795, 'n_estimators': 859, 'learning_rate': 0.014551587111390532, 'max_depth': 15, 'min_child_weight': 0.2341042662409226, 'subsample': 0.5245438502092549, 'colsample_bytree': 0.46496342659131545, 'gamma': 0.08302298520256689, 'reg_alpha': 0.18787770675123963, 'reg_lambda': 2.052757830477204}. Best is trial 355 with value: 0.031237053151983718.
[I 2025-08-01 10:09:07,528] Trial 866 finished with value: 0.05557699033042725 and parameters: {'min_abs_corr': 0.05429615466496297, 'max_pair_corr': 0.9791746109782751, 'n_estimators': 817, 'learning_rate': 0.007667798032527021, 'max_depth': 18, 'min_child_weight': 0.2959706569124077, 'subsample': 0.5011720206859082, 'colsample_bytree': 0.4715976456781434, 'gamma': 0.1777121582207681, 'reg_alpha': 0.08452398092456921, 'reg_lambda': 1.7605419999613994}. Best is trial 355 with value: 0.031237053151983718.
[I 2025-08-01 10:09:09,467] Trial 867 finished with value: 0.05127442799981809 and parameters: {'min_abs_corr': 0.025475652773742172, 'max_pair_corr': 0.9119464118878867, 'n_estimators': 799, 'learning_rate': 0.01144261010946622, 'max_depth': 17, 'min_child_weight': 0.1315534801661574, 'subsample': 0.5094628056851902, 'colsample_bytree': 0.4443251203587423, 'gamma': 0.08840135207116545, 'reg_alpha': 0.25850227503467044, 'reg_lambda': 1.8294596680879267}. Best is trial 355 with value: 0.031237053151983718.
[I 2025-08-01 10:09:11,490] Trial 868 finished with value: 0.05524277125747986 and parameters: {'min_abs_corr': 0.02259724541591907, 'max_pair_corr': 0.981841372670778, 'n_estimators': 831, 'learning_rate': 0.016525233140206264, 'max_depth': 16, 'min_child_weight': 0.19465112371455975, 'subsample': 0.5284905264924061, 'colsample_bytree': 0.47729794227851746, 'gamma': 0.19058652576765006, 'reg_alpha': 0.08896443734716003, 'reg_lambda': 2.2263979446771986}. Best is trial 355 with value: 0.031237053151983718.
[I 2025-08-01 10:09:17,233] Trial 869 finished with value: 0.0331001277633719 and parameters: {'min_abs_corr': 0.027597043997542016, 'max_pair_corr': 0.976363310499541, 'n_estimators': 861, 'learning_rate': 0.012933977090594746, 'max_depth': 18, 'min_child_weight': 0.1699692526566729, 'subsample': 0.5169247549786979, 'colsample_bytree': 0.45400890235390884, 'gamma': 0.002040074864787483, 'reg_alpha': 0.17688634183126442, 'reg_lambda': 1.9624701851658957}. Best is trial 355 with value: 0.031237053151983718.
[I 2025-08-01 10:09:19,203] Trial 870 finished with value: 0.05960765390926474 and parameters: {'min_abs_corr': 0.017912365196278514, 'max_pair_corr': 0.9803242042176402, 'n_estimators': 807, 'learning_rate': 0.010492461539743893, 'max_depth': 11, 'min_child_weight': 0.1304778054422402, 'subsample': 0.5304483937669573, 'colsample_bytree': 0.43170031696798783, 'gamma': 0.2652362750209958, 'reg_alpha': 0.003340478895487879, 'reg_lambda': 1.7587422306930662}. Best is trial 355 with value: 0.031237053151983718.
[I 2025-08-01 10:09:20,894] Trial 871 finished with value: 0.04979802173845252 and parameters: {'min_abs_corr': 0.06585824525262947, 'max_pair_corr': 0.9769138466747549, 'n_estimators': 832, 'learning_rate': 0.009000937605378736, 'max_depth': 2, 'min_child_weight': 0.6229218270850225, 'subsample': 0.5214824031202007, 'colsample_bytree': 0.4176767652517834, 'gamma': 0.08334107732064891, 'reg_alpha': 0.09679065901287691, 'reg_lambda': 2.0888386761213065}. Best is trial 355 with value: 0.031237053151983718.
[I 2025-08-01 10:09:23,132] Trial 872 finished with value: 0.0496281418884822 and parameters: {'min_abs_corr': 0.02422280990090891, 'max_pair_corr': 0.9826685376687615, 'n_estimators': 878, 'learning_rate': 0.015050371995393257, 'max_depth': 17, 'min_child_weight': 0.4194401968119151, 'subsample': 0.5000078449555443, 'colsample_bytree': 0.4872408420049863, 'gamma': 0.08797194535237673, 'reg_alpha': 0.3350347307713509, 'reg_lambda': 1.6378307091943802}. Best is trial 355 with value: 0.031237053151983718.
[I 2025-08-01 10:09:24,538] Trial 873 finished with value: 0.06739630014926275 and parameters: {'min_abs_corr': 0.06151563893560475, 'max_pair_corr': 0.9784336564036181, 'n_estimators': 787, 'learning_rate': 0.01754202064766705, 'max_depth': 18, 'min_child_weight': 0.25916355412965447, 'subsample': 0.5359812880658933, 'colsample_bytree': 0.47339608377729925, 'gamma': 0.45680807984028055, 'reg_alpha': 0.0008844444216883364, 'reg_lambda': 1.8858592478328557}. Best is trial 355 with value: 0.031237053151983718.
[I 2025-08-01 10:09:26,538] Trial 874 finished with value: 0.05543032571788216 and parameters: {'min_abs_corr': 0.022067997173274498, 'max_pair_corr': 0.9808259743559444, 'n_estimators': 858, 'learning_rate': 0.013388191559871683, 'max_depth': 15, 'min_child_weight': 0.345348629762966, 'subsample': 0.5089645546723942, 'colsample_bytree': 0.4969131916586966, 'gamma': 0.1794120576389951, 'reg_alpha': 0.17863381524851657, 'reg_lambda': 1.5966563549010315}. Best is trial 355 with value: 0.031237053151983718.
[I 2025-08-01 10:09:28,912] Trial 875 finished with value: 0.04814248863973436 and parameters: {'min_abs_corr': 0.025833627133434244, 'max_pair_corr': 0.9830854931537769, 'n_estimators': 824, 'learning_rate': 0.012050148540853811, 'max_depth': 18, 'min_child_weight': 0.14835496581027716, 'subsample': 0.5253437031774285, 'colsample_bytree': 0.45572319844114356, 'gamma': 0.0879866429556568, 'reg_alpha': 0.09582300270302423, 'reg_lambda': 2.18140577756586}. Best is trial 355 with value: 0.031237053151983718.
[I 2025-08-01 10:09:30,619] Trial 876 finished with value: 0.06342942716438708 and parameters: {'min_abs_corr': 0.01982413993130756, 'max_pair_corr': 0.9767571121090297, 'n_estimators': 784, 'learning_rate': 0.009606561478940154, 'max_depth': 17, 'min_child_weight': 0.08513253256803255, 'subsample': 0.5375707482594514, 'colsample_bytree': 0.4364529997641879, 'gamma': 0.31466217561090526, 'reg_alpha': 0.2478409405539115, 'reg_lambda': 1.7755013877501087}. Best is trial 355 with value: 0.031237053151983718.
[I 2025-08-01 10:09:33,231] Trial 877 finished with value: 0.053179277708605865 and parameters: {'min_abs_corr': 0.030440822290222897, 'max_pair_corr': 0.9795976558157595, 'n_estimators': 893, 'learning_rate': 0.007478338916204259, 'max_depth': 17, 'min_child_weight': 0.18194660738974427, 'subsample': 0.7301199772220966, 'colsample_bytree': 0.5292850730943913, 'gamma': 0.17749431203576438, 'reg_alpha': 0.08910910173794753, 'reg_lambda': 2.020048495364058}. Best is trial 355 with value: 0.031237053151983718.
[I 2025-08-01 10:09:38,525] Trial 878 finished with value: 0.03481739309291024 and parameters: {'min_abs_corr': 0.059591526113002946, 'max_pair_corr': 0.9501113825253681, 'n_estimators': 813, 'learning_rate': 0.01566450799173734, 'max_depth': 16, 'min_child_weight': 0.792581723930068, 'subsample': 0.5198441681944251, 'colsample_bytree': 0.41062271650676446, 'gamma': 0.0003985489258950521, 'reg_alpha': 0.42518644282907414, 'reg_lambda': 3.784878617598902}. Best is trial 355 with value: 0.031237053151983718.
[I 2025-08-01 10:09:39,947] Trial 879 finished with value: 0.1053616937922659 and parameters: {'min_abs_corr': 0.028002375101491894, 'max_pair_corr': 0.9746651856548765, 'n_estimators': 850, 'learning_rate': 0.018500580809368086, 'max_depth': 19, 'min_child_weight': 0.11471495562800277, 'subsample': 0.513435446469804, 'colsample_bytree': 0.4825642004572386, 'gamma': 2.072964979067895, 'reg_alpha': 0.16840162494779223, 'reg_lambda': 1.6878556820160235}. Best is trial 355 with value: 0.031237053151983718.
[I 2025-08-01 10:09:42,050] Trial 880 finished with value: 0.0539636039524239 and parameters: {'min_abs_corr': 0.023431685787669583, 'max_pair_corr': 0.982194602357089, 'n_estimators': 770, 'learning_rate': 0.01067541876875287, 'max_depth': 7, 'min_child_weight': 0.2194330770983407, 'subsample': 0.533651071473637, 'colsample_bytree': 0.4991396641802199, 'gamma': 0.16529357972141756, 'reg_alpha': 0.08651579387209948, 'reg_lambda': 2.2681727289911615}. Best is trial 355 with value: 0.031237053151983718.
[I 2025-08-01 10:09:45,412] Trial 881 finished with value: 0.047778075361355976 and parameters: {'min_abs_corr': 0.02577592353057493, 'max_pair_corr': 0.9846408284119581, 'n_estimators': 803, 'learning_rate': 0.0056371473346064965, 'max_depth': 20, 'min_child_weight': 0.03671000012754685, 'subsample': 0.5433086930254529, 'colsample_bytree': 0.46346213160904504, 'gamma': 0.08468373026440155, 'reg_alpha': 0.004861320303018238, 'reg_lambda': 1.9625805004482277}. Best is trial 355 with value: 0.031237053151983718.
[I 2025-08-01 10:09:49,958] Trial 882 finished with value: 0.03452880163594056 and parameters: {'min_abs_corr': 0.015244632651819781, 'max_pair_corr': 0.9605358276284308, 'n_estimators': 982, 'learning_rate': 0.01410745039161275, 'max_depth': 9, 'min_child_weight': 0.15415883632121638, 'subsample': 0.6319029475671154, 'colsample_bytree': 0.5124317013140404, 'gamma': 0.004206735546581705, 'reg_alpha': 0.27357659342675006, 'reg_lambda': 1.5431925285352728}. Best is trial 355 with value: 0.031237053151983718.
[I 2025-08-01 10:09:51,469] Trial 883 finished with value: 0.09846577705955228 and parameters: {'min_abs_corr': 0.055692900375077334, 'max_pair_corr': 0.9833715634924265, 'n_estimators': 846, 'learning_rate': 0.008259836149106347, 'max_depth': 18, 'min_child_weight': 0.1018949051111529, 'subsample': 0.5254332850847945, 'colsample_bytree': 0.5395257844916889, 'gamma': 1.5105535266674797, 'reg_alpha': 0.19676983998665032, 'reg_lambda': 2.424553835483344}. Best is trial 355 with value: 0.031237053151983718.
[I 2025-08-01 10:09:57,106] Trial 884 finished with value: 0.03374660585482029 and parameters: {'min_abs_corr': 0.021114913417323293, 'max_pair_corr': 0.9781748888795181, 'n_estimators': 890, 'learning_rate': 0.012270559712333415, 'max_depth': 18, 'min_child_weight': 0.07297441407038649, 'subsample': 0.5083929809773582, 'colsample_bytree': 0.5216651335504162, 'gamma': 0.0046844331412963895, 'reg_alpha': 0.0017786113907502033, 'reg_lambda': 1.820738474451793}. Best is trial 355 with value: 0.031237053151983718.
