[I 2025-08-01 09:44:14,499] Trial 381 finished with value: 0.048741747381547414 and parameters: {'min_abs_corr': 0.009669800459142692, 'max_pair_corr': 0.9744936619997979, 'n_estimators': 741, 'learning_rate': 0.01671162537168613, 'max_depth': 18, 'min_child_weight': 0.6905996784760356, 'subsample': 0.5011445638669678, 'colsample_bytree': 0.48869769155581166, 'gamma': 0.09381017525195821, 'reg_alpha': 0.08217250185882642, 'reg_lambda': 2.41110627523031}. Best is trial 355 with value: 0.031237053151983718.
[I 2025-08-01 09:44:16,479] Trial 382 finished with value: 0.05184396100346057 and parameters: {'min_abs_corr': 0.026126477951392203, 'max_pair_corr': 0.9769684081255465, 'n_estimators': 810, 'learning_rate': 0.01862493134016091, 'max_depth': 20, 'min_child_weight': 0.557162650403606, 'subsample': 0.8473056508992788, 'colsample_bytree': 0.833413539070517, 'gamma': 0.173791871981432, 'reg_alpha': 0.0006185388747709589, 'reg_lambda': 2.148151959670266}. Best is trial 355 with value: 0.031237053151983718.
[I 2025-08-01 09:44:18,925] Trial 383 finished with value: 0.04927953490129092 and parameters: {'min_abs_corr': 0.027672999982254358, 'max_pair_corr': 0.9780738012557668, 'n_estimators': 1275, 'learning_rate': 0.02477497206985356, 'max_depth': 17, 'min_child_weight': 0.3381933867620184, 'subsample': 0.5150180512303199, 'colsample_bytree': 0.4420898766821428, 'gamma': 0.09279248617466916, 'reg_alpha': 0.298198820858339, 'reg_lambda': 1.3033426768316345}. Best is trial 355 with value: 0.031237053151983718.
[I 2025-08-01 09:44:20,694] Trial 384 finished with value: 0.0603220225556441 and parameters: {'min_abs_corr': 0.022736279377198083, 'max_pair_corr': 0.9801211093966467, 'n_estimators': 791, 'learning_rate': 0.015254213365994399, 'max_depth': 19, 'min_child_weight': 0.9242004777383499, 'subsample': 0.5238848555678747, 'colsample_bytree': 0.46745632853935376, 'gamma': 0.2648820539870979, 'reg_alpha': 0.25826557218333585, 'reg_lambda': 2.8473495935844566}. Best is trial 355 with value: 0.031237053151983718.
[I 2025-08-01 09:44:23,314] Trial 385 finished with value: 0.04716010732308618 and parameters: {'min_abs_corr': 0.030310466675612418, 'max_pair_corr': 0.975364282442496, 'n_estimators': 1261, 'learning_rate': 0.023423685890907788, 'max_depth': 17, 'min_child_weight': 0.31932441196861855, 'subsample': 0.6568746875982296, 'colsample_bytree': 0.5004457675223626, 'gamma': 0.09279591518729677, 'reg_alpha': 0.10411765956893176, 'reg_lambda': 0.962122872663923}. Best is trial 355 with value: 0.031237053151983718.
[I 2025-08-01 09:44:25,279] Trial 386 finished with value: 0.054387255490393235 and parameters: {'min_abs_corr': 0.013251782844554544, 'max_pair_corr': 0.9733020788132863, 'n_estimators': 839, 'learning_rate': 0.019492642187628837, 'max_depth': 20, 'min_child_weight': 0.43201450103195493, 'subsample': 0.6500517485817151, 'colsample_bytree': 0.5349874671975096, 'gamma': 0.1850583178526386, 'reg_alpha': 0.1768930742808356, 'reg_lambda': 2.2652730671523478}. Best is trial 355 with value: 0.031237053151983718.
[I 2025-08-01 09:44:27,294] Trial 387 finished with value: 0.06649707209934738 and parameters: {'min_abs_corr': 0.02126469922446331, 'max_pair_corr': 0.9780347737441956, 'n_estimators': 598, 'learning_rate': 0.00560743164540767, 'max_depth': 18, 'min_child_weight': 0.42335057517151026, 'subsample': 0.5317978821728515, 'colsample_bytree': 0.4809760624153777, 'gamma': 0.1009615852727269, 'reg_alpha': 1.9932437932571492, 'reg_lambda': 2.6252722782074116}. Best is trial 355 with value: 0.031237053151983718.
[I 2025-08-01 09:44:36,191] Trial 388 finished with value: 0.03389389864415322 and parameters: {'min_abs_corr': 0.02462149535386824, 'max_pair_corr': 0.9809130496201562, 'n_estimators': 864, 'learning_rate': 0.014658108731895932, 'max_depth': 17, 'min_child_weight': 0.5611086369445687, 'subsample': 0.6447487936198741, 'colsample_bytree': 0.5140681981124433, 'gamma': 0.00036255430692000407, 'reg_alpha': 0.39480856543767184, 'reg_lambda': 2.407015116158951}. Best is trial 355 with value: 0.031237053151983718.
[I 2025-08-01 09:44:38,015] Trial 389 finished with value: 0.06465502482613447 and parameters: {'min_abs_corr': 0.019963957074158073, 'max_pair_corr': 0.9708076953701771, 'n_estimators': 878, 'learning_rate': 0.01684447586319364, 'max_depth': 19, 'min_child_weight': 0.10590691969508735, 'subsample': 0.671124391765209, 'colsample_bytree': 0.5369603177354845, 'gamma': 0.4095163195221216, 'reg_alpha': 0.1026254234366213, 'reg_lambda': 2.1401278449651824}. Best is trial 355 with value: 0.031237053151983718.
[I 2025-08-01 09:44:41,315] Trial 390 finished with value: 0.050540238725101605 and parameters: {'min_abs_corr': 0.02715475843316342, 'max_pair_corr': 0.9765169820780938, 'n_estimators': 771, 'learning_rate': 0.029436253217929316, 'max_depth': 20, 'min_child_weight': 0.7411068836936158, 'subsample': 0.5010132328076862, 'colsample_bytree': 0.4518933792204868, 'gamma': 0.0002905755311254609, 'reg_alpha': 3.0445680312390766, 'reg_lambda': 2.243238718111618}. Best is trial 355 with value: 0.031237053151983718.
[I 2025-08-01 09:44:43,037] Trial 391 finished with value: 0.08958621370661152 and parameters: {'min_abs_corr': 0.02839871202474593, 'max_pair_corr': 0.9790570449599572, 'n_estimators': 1012, 'learning_rate': 0.021429529734118533, 'max_depth': 18, 'min_child_weight': 0.33128956419979816, 'subsample': 0.5191196258931903, 'colsample_bytree': 0.5019837090738858, 'gamma': 1.1213113654492655, 'reg_alpha': 0.24839823048000936, 'reg_lambda': 2.336616092285903}. Best is trial 355 with value: 0.031237053151983718.
[I 2025-08-01 09:44:45,066] Trial 392 finished with value: 0.05162374157662704 and parameters: {'min_abs_corr': 0.02387241962591026, 'max_pair_corr': 0.9809458972611792, 'n_estimators': 824, 'learning_rate': 0.016933862412907168, 'max_depth': 18, 'min_child_weight': 0.275600576239125, 'subsample': 0.8673868502173261, 'colsample_bytree': 0.5218590976728863, 'gamma': 0.16593081355259257, 'reg_alpha': 0.009501181665636956, 'reg_lambda': 4.81536942530369}. Best is trial 355 with value: 0.031237053151983718.
[I 2025-08-01 09:44:46,635] Trial 393 finished with value: 0.05980964848795739 and parameters: {'min_abs_corr': 0.02518076459962676, 'max_pair_corr': 0.9749171065750224, 'n_estimators': 844, 'learning_rate': 0.023653373605445786, 'max_depth': 17, 'min_child_weight': 0.4169904573020063, 'subsample': 0.5118981557605834, 'colsample_bytree': 0.5362463758662124, 'gamma': 0.2714646556180434, 'reg_alpha': 0.16434668970762445, 'reg_lambda': 1.5168013159695939}. Best is trial 355 with value: 0.031237053151983718.
[I 2025-08-01 09:44:49,992] Trial 394 finished with value: 0.050966136238837535 and parameters: {'min_abs_corr': 0.031058902776479942, 'max_pair_corr': 0.9824990447598884, 'n_estimators': 1223, 'learning_rate': 0.0060119971860935215, 'max_depth': 19, 'min_child_weight': 0.4978733153581769, 'subsample': 0.5001027941114047, 'colsample_bytree': 0.5168808762203349, 'gamma': 0.09157155910608493, 'reg_alpha': 0.33775827185466434, 'reg_lambda': 2.0961828531577082}. Best is trial 355 with value: 0.031237053151983718.
[I 2025-08-01 09:45:01,644] Trial 395 finished with value: 0.032114683780981826 and parameters: {'min_abs_corr': 0.022036332872266806, 'max_pair_corr': 0.9777029882095114, 'n_estimators': 797, 'learning_rate': 0.007392360213622715, 'max_depth': 20, 'min_child_weight': 0.006858132138668391, 'subsample': 0.6367107768622718, 'colsample_bytree': 0.48609925913611945, 'gamma': 0.0010424132261359158, 'reg_alpha': 0.0033114773060947795, 'reg_lambda': 1.6617364551498297}. Best is trial 355 with value: 0.031237053151983718.
[I 2025-08-01 09:45:03,687] Trial 396 finished with value: 0.05529479027507994 and parameters: {'min_abs_corr': 0.022024222013032987, 'max_pair_corr': 0.9730143517596386, 'n_estimators': 790, 'learning_rate': 0.007421360035426488, 'max_depth': 17, 'min_child_weight': 0.004613806154977405, 'subsample': 0.6397944163092003, 'colsample_bytree': 0.47149856481128527, 'gamma': 0.17952753725730106, 'reg_alpha': 0.10463947925937392, 'reg_lambda': 1.7140365195738172}. Best is trial 355 with value: 0.031237053151983718.
[I 2025-08-01 09:45:06,091] Trial 397 finished with value: 0.04825906802153453 and parameters: {'min_abs_corr': 0.01996310173302803, 'max_pair_corr': 0.9763263569129798, 'n_estimators': 811, 'learning_rate': 0.008425763571956095, 'max_depth': 18, 'min_child_weight': 0.005370947185019729, 'subsample': 0.6321253035588391, 'colsample_bytree': 0.4841012514141125, 'gamma': 0.08703036484730073, 'reg_alpha': 0.23814333834598553, 'reg_lambda': 1.598080225121524}. Best is trial 355 with value: 0.031237053151983718.
[I 2025-08-01 09:45:13,136] Trial 398 finished with value: 0.033393974540535255 and parameters: {'min_abs_corr': 0.022779851640623835, 'max_pair_corr': 0.97835582421536, 'n_estimators': 767, 'learning_rate': 0.009538101067734958, 'max_depth': 20, 'min_child_weight': 0.2750278726705833, 'subsample': 0.6575302886202055, 'colsample_bytree': 0.4917560144403545, 'gamma': 0.0037201906987159136, 'reg_alpha': 0.000503935438968095, 'reg_lambda': 1.3795134422866504}. Best is trial 355 with value: 0.031237053151983718.
[I 2025-08-01 09:45:14,675] Trial 399 finished with value: 0.0633857459290004 and parameters: {'min_abs_corr': 0.021151068940480442, 'max_pair_corr': 0.9771647072812427, 'n_estimators': 826, 'learning_rate': 0.013664937626064275, 'max_depth': 19, 'min_child_weight': 0.012931634829025412, 'subsample': 0.645763389798165, 'colsample_bytree': 0.4883408491542487, 'gamma': 0.32183678524629916, 'reg_alpha': 0.4572939576351498, 'reg_lambda': 1.631525313884413}. Best is trial 355 with value: 0.031237053151983718.
[I 2025-08-01 09:45:16,920] Trial 400 finished with value: 0.052879335507280925 and parameters: {'min_abs_corr': 0.02396259676449678, 'max_pair_corr': 0.9747146594140478, 'n_estimators': 871, 'learning_rate': 0.007231707438293305, 'max_depth': 17, 'min_child_weight': 0.35068440118170857, 'subsample': 0.7979773029299893, 'colsample_bytree': 0.5025925356656986, 'gamma': 0.16564284540552968, 'reg_alpha': 0.17136771774625636, 'reg_lambda': 1.7312070081242659}. Best is trial 355 with value: 0.031237053151983718.
[I 2025-08-01 09:45:25,118] Trial 401 finished with value: 0.03485250366559044 and parameters: {'min_abs_corr': 0.014907042768727157, 'max_pair_corr': 0.9719979513437043, 'n_estimators': 805, 'learning_rate': 0.008120006234038149, 'max_depth': 18, 'min_child_weight': 0.00821501359800977, 'subsample': 0.6267495640486795, 'colsample_bytree': 0.4684816955084922, 'gamma': 0.0012630943126870622, 'reg_alpha': 0.29985737790172495, 'reg_lambda': 1.82478627657554}. Best is trial 355 with value: 0.031237053151983718.
[I 2025-08-01 09:45:27,310] Trial 402 finished with value: 0.05098269510022772 and parameters: {'min_abs_corr': 0.019157131857269964, 'max_pair_corr': 0.9790531548619331, 'n_estimators': 757, 'learning_rate': 0.009524963217106023, 'max_depth': 19, 'min_child_weight': 0.5986249930731481, 'subsample': 0.6362001253998519, 'colsample_bytree': 0.5093017555672851, 'gamma': 0.13319486813937065, 'reg_alpha': 0.08697602371780003, 'reg_lambda': 1.4957112407398419}. Best is trial 355 with value: 0.031237053151983718.
[I 2025-08-01 09:45:34,933] Trial 403 finished with value: 0.03254853347445961 and parameters: {'min_abs_corr': 0.011573681629991735, 'max_pair_corr': 0.9763882822863037, 'n_estimators': 907, 'learning_rate': 0.01903742101763714, 'max_depth': 14, 'min_child_weight': 0.13013300895542013, 'subsample': 0.5108446104701634, 'colsample_bytree': 0.5271918304798059, 'gamma': 0.0003711135259975439, 'reg_alpha': 0.19032143709833585, 'reg_lambda': 1.6381071717710334}. Best is trial 355 with value: 0.031237053151983718.
[I 2025-08-01 09:45:36,761] Trial 404 finished with value: 0.05868283192529997 and parameters: {'min_abs_corr': 0.009727683988503384, 'max_pair_corr': 0.9759079352308788, 'n_estimators': 863, 'learning_rate': 0.01870046950067009, 'max_depth': 14, 'min_child_weight': 0.11806854669405954, 'subsample': 0.5137575791977175, 'colsample_bytree': 0.5278083482297949, 'gamma': 0.2381324581776784, 'reg_alpha': 0.1831228628823708, 'reg_lambda': 1.5626593386615562}. Best is trial 355 with value: 0.031237053151983718.
[I 2025-08-01 09:45:38,441] Trial 405 finished with value: 0.07970370488246194 and parameters: {'min_abs_corr': 0.011979580708759738, 'max_pair_corr': 0.9742231126211918, 'n_estimators': 839, 'learning_rate': 0.023853405952321154, 'max_depth': 20, 'min_child_weight': 0.10248478775928047, 'subsample': 0.6975309402919344, 'colsample_bytree': 0.5414740463899035, 'gamma': 0.8998514994277096, 'reg_alpha': 0.09173415392242709, 'reg_lambda': 1.6536829001674687}. Best is trial 355 with value: 0.031237053151983718.
[I 2025-08-01 09:45:40,545] Trial 406 finished with value: 0.049102376737173305 and parameters: {'min_abs_corr': 0.006113953403155394, 'max_pair_corr': 0.9772925661808095, 'n_estimators': 895, 'learning_rate': 0.020316030935328206, 'max_depth': 16, 'min_child_weight': 0.1322926118869296, 'subsample': 0.5084880870606289, 'colsample_bytree': 0.5287844857399923, 'gamma': 0.08848712954117448, 'reg_alpha': 0.21920518058217947, 'reg_lambda': 3.6742039203218653}. Best is trial 355 with value: 0.031237053151983718.
[I 2025-08-01 09:45:42,196] Trial 407 finished with value: 0.0473126102973028 and parameters: {'min_abs_corr': 0.011637964183119196, 'max_pair_corr': 0.976493778162792, 'n_estimators': 653, 'learning_rate': 0.019733821646892673, 'max_depth': 13, 'min_child_weight': 0.09304210228602458, 'subsample': 0.5255378720939999, 'colsample_bytree': 0.47949019490145517, 'gamma': 0.0933436650445498, 'reg_alpha': 0.0032036235203184993, 'reg_lambda': 1.7351550302100227}. Best is trial 355 with value: 0.031237053151983718.
[I 2025-08-01 09:45:44,470] Trial 408 finished with value: 0.05470241612464695 and parameters: {'min_abs_corr': 0.011054518117757144, 'max_pair_corr': 0.9693691283980099, 'n_estimators': 1264, 'learning_rate': 0.01111242679765754, 'max_depth': 19, 'min_child_weight': 0.14090793763468468, 'subsample': 0.7728938220267921, 'colsample_bytree': 0.45770275333681015, 'gamma': 0.19277682013058323, 'reg_alpha': 0.10126314486614388, 'reg_lambda': 4.994041902623587}. Best is trial 355 with value: 0.031237053151983718.
[I 2025-08-01 09:45:46,459] Trial 409 finished with value: 0.04785144391761603 and parameters: {'min_abs_corr': 0.01342111292520578, 'max_pair_corr': 0.9727600608781063, 'n_estimators': 713, 'learning_rate': 0.017396515491266428, 'max_depth': 14, 'min_child_weight': 0.010156843124676466, 'subsample': 0.6535283459264745, 'colsample_bytree': 0.49798703113927617, 'gamma': 0.08484197098508349, 'reg_alpha': 0.17193279011395302, 'reg_lambda': 1.4321613422117772}. Best is trial 355 with value: 0.031237053151983718.
[I 2025-08-01 09:45:48,140] Trial 410 finished with value: 0.06111145318835254 and parameters: {'min_abs_corr': 0.009203296985394592, 'max_pair_corr': 0.9747050107698755, 'n_estimators': 800, 'learning_rate': 0.05127120149436354, 'max_depth': 11, 'min_child_weight': 0.1070008643646629, 'subsample': 0.6672951424146446, 'colsample_bytree': 0.5464371842140282, 'gamma': 0.33929091756058005, 'reg_alpha': 0.26310817126422814, 'reg_lambda': 1.222719291946229}. Best is trial 355 with value: 0.031237053151983718.
[I 2025-08-01 09:45:50,786] Trial 411 finished with value: 0.05476578235907055 and parameters: {'min_abs_corr': 0.025858077458683508, 'max_pair_corr': 0.9043554045207353, 'n_estimators': 1312, 'learning_rate': 0.008917602910149312, 'max_depth': 10, 'min_child_weight': 0.23116648731864614, 'subsample': 0.6853810327884756, 'colsample_bytree': 0.5172531932765827, 'gamma': 0.1689238155541389, 'reg_alpha': 0.0861073917649487, 'reg_lambda': 1.5977469109816267}. Best is trial 355 with value: 0.031237053151983718.
[I 2025-08-01 09:45:59,070] Trial 412 finished with value: 0.04332550504459954 and parameters: {'min_abs_corr': 0.014548317292505872, 'max_pair_corr': 0.9783032971016777, 'n_estimators': 741, 'learning_rate': 0.0067000944586238596, 'max_depth': 20, 'min_child_weight': 0.14846968652384618, 'subsample': 0.6258589473827918, 'colsample_bytree': 0.5313478670496699, 'gamma': 0.0007572591459825807, 'reg_alpha': 1.4541808769377496, 'reg_lambda': 1.7665991574241489}. Best is trial 355 with value: 0.031237053151983718.
[I 2025-08-01 09:46:01,189] Trial 413 finished with value: 0.046125212288929796 and parameters: {'min_abs_corr': 0.024432900246800802, 'max_pair_corr': 0.9797777524130387, 'n_estimators': 828, 'learning_rate': 0.024086775487426198, 'max_depth': 18, 'min_child_weight': 0.11295142343195425, 'subsample': 0.6449778709290176, 'colsample_bytree': 0.544843760687391, 'gamma': 0.08931039991103613, 'reg_alpha': 0.00010328844619891808, 'reg_lambda': 1.6576679282639257}. Best is trial 355 with value: 0.031237053151983718.
[I 2025-08-01 09:46:07,861] Trial 414 finished with value: 0.033886590276987594 and parameters: {'min_abs_corr': 0.0075327011073380796, 'max_pair_corr': 0.9768828148081822, 'n_estimators': 779, 'learning_rate': 0.012520326133747015, 'max_depth': 18, 'min_child_weight': 0.015700444320286455, 'subsample': 0.7871857862521849, 'colsample_bytree': 0.5554847247304637, 'gamma': 0.0024143443501399553, 'reg_alpha': 0.16352389653859448, 'reg_lambda': 1.4440194207278665}. Best is trial 355 with value: 0.031237053151983718.
[I 2025-08-01 09:46:09,677] Trial 415 finished with value: 0.059313167330578065 and parameters: {'min_abs_corr': 0.02632730530781452, 'max_pair_corr': 0.9751525147270526, 'n_estimators': 904, 'learning_rate': 0.021459853795117417, 'max_depth': 20, 'min_child_weight': 0.20368159713949835, 'subsample': 0.5090777586120265, 'colsample_bytree': 0.49834734573839906, 'gamma': 0.2371109061484938, 'reg_alpha': 0.27443957459072926, 'reg_lambda': 1.864131828594247}. Best is trial 355 with value: 0.031237053151983718.
[I 2025-08-01 09:46:11,174] Trial 416 finished with value: 0.06882521160544086 and parameters: {'min_abs_corr': 0.04703293721929882, 'max_pair_corr': 0.9796075199445412, 'n_estimators': 857, 'learning_rate': 0.29344682107456604, 'max_depth': 19, 'min_child_weight': 0.14033940111812448, 'subsample': 0.6374348688136937, 'colsample_bytree': 0.5158774538914459, 'gamma': 0.09651936185654422, 'reg_alpha': 4.351347690668264, 'reg_lambda': 4.63280021597865}. Best is trial 355 with value: 0.031237053151983718.
[I 2025-08-01 09:46:12,864] Trial 417 finished with value: 0.0588341996777057 and parameters: {'min_abs_corr': 0.022387959513483695, 'max_pair_corr': 0.9707176952261863, 'n_estimators': 879, 'learning_rate': 0.011034546816675742, 'max_depth': 18, 'min_child_weight': 0.0875255094121124, 'subsample': 0.6251479054291548, 'colsample_bytree': 0.4845215771949442, 'gamma': 0.25200797854674106, 'reg_alpha': 0.09641621831686523, 'reg_lambda': 1.0706338115511462}. Best is trial 355 with value: 0.031237053151983718.
[I 2025-08-01 09:46:14,434] Trial 418 finished with value: 0.037633189440196786 and parameters: {'min_abs_corr': 0.023697303114468223, 'max_pair_corr': 0.9779299918133629, 'n_estimators': 815, 'learning_rate': 0.2077734267018918, 'max_depth': 16, 'min_child_weight': 0.23026003793730165, 'subsample': 0.6622166596708917, 'colsample_bytree': 0.524892664465851, 'gamma': 0.00430519868296207, 'reg_alpha': 0.18784336129049858, 'reg_lambda': 4.504967302580823}. Best is trial 355 with value: 0.031237053151983718.
[I 2025-08-01 09:46:16,217] Trial 419 finished with value: 0.053123786959462474 and parameters: {'min_abs_corr': 0.020943078949443635, 'max_pair_corr': 0.9730219350255296, 'n_estimators': 845, 'learning_rate': 0.027354303691966685, 'max_depth': 17, 'min_child_weight': 0.16642070987800395, 'subsample': 0.8364610176954074, 'colsample_bytree': 0.5618252640221869, 'gamma': 0.15730746740376422, 'reg_alpha': 0.3875590489410623, 'reg_lambda': 1.5683274503048013}. Best is trial 355 with value: 0.031237053151983718.
[I 2025-08-01 09:46:23,388] Trial 420 finished with value: 0.032143914768520035 and parameters: {'min_abs_corr': 0.02739889542450534, 'max_pair_corr': 0.95296505663433, 'n_estimators': 912, 'learning_rate': 0.01636027019151131, 'max_depth': 15, 'min_child_weight': 0.29189308173307316, 'subsample': 0.5227537460483072, 'colsample_bytree': 0.5379666353140501, 'gamma': 0.0005959854409127995, 'reg_alpha': 0.09296126742577039, 'reg_lambda': 2.225465943879387}. Best is trial 355 with value: 0.031237053151983718.
[I 2025-08-01 09:46:25,717] Trial 421 finished with value: 0.04892523612200119 and parameters: {'min_abs_corr': 0.028238006055966124, 'max_pair_corr': 0.9866535872336286, 'n_estimators': 919, 'learning_rate': 0.015634489314044757, 'max_depth': 15, 'min_child_weight': 0.27679409961357915, 'subsample': 0.5277294493948994, 'colsample_bytree': 0.5367457635355413, 'gamma': 0.10178090072303957, 'reg_alpha': 0.09768901711023523, 'reg_lambda': 1.7627691394022744}. Best is trial 355 with value: 0.031237053151983718.
[I 2025-08-01 09:46:27,966] Trial 422 finished with value: 0.053478751815839144 and parameters: {'min_abs_corr': 0.02661818190379942, 'max_pair_corr': 0.9808995911357321, 'n_estimators': 961, 'learning_rate': 0.013196449880121268, 'max_depth': 16, 'min_child_weight': 0.29439699192334806, 'subsample': 0.5190244264541353, 'colsample_bytree': 0.5500442909300498, 'gamma': 0.1729338140478476, 'reg_alpha': 0.004009245899737668, 'reg_lambda': 2.5338413035650698}. Best is trial 355 with value: 0.031237053151983718.
