[I 2025-08-01 09:33:04,620] Trial 212 finished with value: 0.03591632961324928 and parameters: {'min_abs_corr': 0.03038891474580009, 'max_pair_corr': 0.9777718321344185, 'n_estimators': 1227, 'learning_rate': 0.003535954300238318, 'max_depth': 20, 'min_child_weight': 0.10795155265133875, 'subsample': 0.7435937233960173, 'colsample_bytree': 0.5916990170374554, 'gamma': 0.010610063622858152, 'reg_alpha': 0.09049688876723498, 'reg_lambda': 0.009853543592067235}. Best is trial 198 with value: 0.032503195741021014.
[I 2025-08-01 09:33:06,584] Trial 213 finished with value: 0.09348232146372497 and parameters: {'min_abs_corr': 0.025633059164267558, 'max_pair_corr': 0.9728759347480787, 'n_estimators': 1169, 'learning_rate': 0.0043177005750068475, 'max_depth': 19, 'min_child_weight': 0.06487593249642122, 'subsample': 0.7777913787053412, 'colsample_bytree': 0.549794315012325, 'gamma': 1.5412102448924194, 'reg_alpha': 0.19372738958720556, 'reg_lambda': 0.24487615613088404}. Best is trial 198 with value: 0.032503195741021014.
[I 2025-08-01 09:33:10,476] Trial 214 finished with value: 0.04920989779855538 and parameters: {'min_abs_corr': 0.02767636798650931, 'max_pair_corr': 0.9760531701117778, 'n_estimators': 1299, 'learning_rate': 0.005194176186496286, 'max_depth': 20, 'min_child_weight': 0.13681006143392377, 'subsample': 0.7309413818540719, 'colsample_bytree': 0.5688988432675602, 'gamma': 0.10094276798920915, 'reg_alpha': 0.31951259092020007, 'reg_lambda': 0.3704195518609835}. Best is trial 198 with value: 0.032503195741021014.
[I 2025-08-01 09:33:12,564] Trial 215 finished with value: 0.10954711030914369 and parameters: {'min_abs_corr': 0.024096744309560453, 'max_pair_corr': 0.974423691510493, 'n_estimators': 1261, 'learning_rate': 0.003821213848363149, 'max_depth': 20, 'min_child_weight': 0.07780099522903558, 'subsample': 0.751843785875037, 'colsample_bytree': 0.5845921393125396, 'gamma': 3.9301824609223175, 'reg_alpha': 0.06371781923711908, 'reg_lambda': 0.10559725709602902}. Best is trial 198 with value: 0.032503195741021014.
[I 2025-08-01 09:33:24,685] Trial 216 finished with value: 0.03581937765898639 and parameters: {'min_abs_corr': 0.029644454257158382, 'max_pair_corr': 0.9775701438747185, 'n_estimators': 1206, 'learning_rate': 0.003207609813863312, 'max_depth': 19, 'min_child_weight': 0.15906033149439092, 'subsample': 0.7070990455732372, 'colsample_bytree': 0.5553687670518059, 'gamma': 0.005622001164099352, 'reg_alpha': 0.18030262363427016, 'reg_lambda': 0.24388206148772268}. Best is trial 198 with value: 0.032503195741021014.
[I 2025-08-01 09:33:28,756] Trial 217 finished with value: 0.05352387402691403 and parameters: {'min_abs_corr': 0.031809766226629684, 'max_pair_corr': 0.9729054275552336, 'n_estimators': 1141, 'learning_rate': 0.004188330709433691, 'max_depth': 20, 'min_child_weight': 0.09134340671717124, 'subsample': 0.9187702964990743, 'colsample_bytree': 0.5954961442479911, 'gamma': 0.18017341522592603, 'reg_alpha': 0.10097941671718079, 'reg_lambda': 0.16745425952817192}. Best is trial 198 with value: 0.032503195741021014.
[I 2025-08-01 09:33:32,210] Trial 218 finished with value: 0.0495578738767674 and parameters: {'min_abs_corr': 0.027530214137795248, 'max_pair_corr': 0.9754174564721726, 'n_estimators': 768, 'learning_rate': 0.0047282329781445365, 'max_depth': 19, 'min_child_weight': 0.07012593009420096, 'subsample': 0.7202553214248091, 'colsample_bytree': 0.5441658875857082, 'gamma': 0.09491422116326236, 'reg_alpha': 0.3245949387284261, 'reg_lambda': 0.42206403321723307}. Best is trial 198 with value: 0.032503195741021014.
[I 2025-08-01 09:33:35,071] Trial 219 finished with value: 0.059492286298758745 and parameters: {'min_abs_corr': 0.022015381873654663, 'max_pair_corr': 0.9797649726065777, 'n_estimators': 1112, 'learning_rate': 0.0034103351254012966, 'max_depth': 20, 'min_child_weight': 48.77861283434593, 'subsample': 0.7382894289477494, 'colsample_bytree': 0.6073290539014908, 'gamma': 0.27206951971310667, 'reg_alpha': 0.0021478338490597826, 'reg_lambda': 0.0014471617547510557}. Best is trial 198 with value: 0.032503195741021014.
[I 2025-08-01 09:33:38,819] Trial 220 finished with value: 0.04838660574812231 and parameters: {'min_abs_corr': 0.03666204870234531, 'max_pair_corr': 0.9713575503942296, 'n_estimators': 1169, 'learning_rate': 0.005388261908418218, 'max_depth': 19, 'min_child_weight': 0.11509522954810689, 'subsample': 0.9300096586840486, 'colsample_bytree': 0.5729149302288418, 'gamma': 0.09576037573503154, 'reg_alpha': 0.23645312483059347, 'reg_lambda': 0.32660857262561455}. Best is trial 198 with value: 0.032503195741021014.
[I 2025-08-01 09:33:45,269] Trial 221 finished with value: 0.04648096396042053 and parameters: {'min_abs_corr': 0.033510573089399795, 'max_pair_corr': 0.97232828193378, 'n_estimators': 1233, 'learning_rate': 0.0029823781324811727, 'max_depth': 20, 'min_child_weight': 0.05088706659155276, 'subsample': 0.952297780539406, 'colsample_bytree': 0.6252405588920305, 'gamma': 0.08225353930121523, 'reg_alpha': 0.09106376883906307, 'reg_lambda': 0.09464680704736586}. Best is trial 198 with value: 0.032503195741021014.
[I 2025-08-01 09:33:49,045] Trial 222 finished with value: 0.05345868746958506 and parameters: {'min_abs_corr': 0.025750555176572248, 'max_pair_corr': 0.9735949198043521, 'n_estimators': 1083, 'learning_rate': 0.0038615386624495183, 'max_depth': 19, 'min_child_weight': 0.08435545431177792, 'subsample': 0.9130660824246247, 'colsample_bytree': 0.6132285869458969, 'gamma': 0.178262760734217, 'reg_alpha': 0.17734738795198687, 'reg_lambda': 0.20460941422957452}. Best is trial 198 with value: 0.032503195741021014.
[I 2025-08-01 09:34:00,726] Trial 223 finished with value: 0.03446252148749877 and parameters: {'min_abs_corr': 0.028934529434097706, 'max_pair_corr': 0.9765743479434796, 'n_estimators': 1198, 'learning_rate': 0.004526712321671471, 'max_depth': 20, 'min_child_weight': 0.061747426349745685, 'subsample': 0.9445595181995668, 'colsample_bytree': 0.5853643838738641, 'gamma': 0.0061012288804524716, 'reg_alpha': 0.07455367921044856, 'reg_lambda': 0.449011981808463}. Best is trial 198 with value: 0.032503195741021014.
[I 2025-08-01 09:34:10,298] Trial 224 finished with value: 0.035897774945554045 and parameters: {'min_abs_corr': 0.02824991819100805, 'max_pair_corr': 0.9767112896484369, 'n_estimators': 1206, 'learning_rate': 0.004482326162966183, 'max_depth': 20, 'min_child_weight': 0.06554831390899885, 'subsample': 0.9426381409068895, 'colsample_bytree': 0.5847559735866336, 'gamma': 0.01015526124075842, 'reg_alpha': 0.11342407188524493, 'reg_lambda': 0.45331826300471717}. Best is trial 198 with value: 0.032503195741021014.
[I 2025-08-01 09:34:17,855] Trial 225 finished with value: 0.03548886705223509 and parameters: {'min_abs_corr': 0.030975259966661988, 'max_pair_corr': 0.975059471142301, 'n_estimators': 1187, 'learning_rate': 0.006070373279758595, 'max_depth': 20, 'min_child_weight': 0.05593248911303964, 'subsample': 0.9271873899754407, 'colsample_bytree': 0.5626911087200209, 'gamma': 0.006970440474556781, 'reg_alpha': 0.23611067169446825, 'reg_lambda': 0.3179745915262993}. Best is trial 198 with value: 0.032503195741021014.
[I 2025-08-01 09:34:30,003] Trial 226 finished with value: 0.03455661658788744 and parameters: {'min_abs_corr': 0.029671809437457716, 'max_pair_corr': 0.9785659422197966, 'n_estimators': 1153, 'learning_rate': 0.00464537898318935, 'max_depth': 20, 'min_child_weight': 0.10409579764236895, 'subsample': 0.9012743750849317, 'colsample_bytree': 0.5762991231859977, 'gamma': 0.006459513037887897, 'reg_alpha': 0.005168773950464639, 'reg_lambda': 2.332067083091812}. Best is trial 198 with value: 0.032503195741021014.
[I 2025-08-01 09:34:33,350] Trial 227 finished with value: 0.051870107369784466 and parameters: {'min_abs_corr': 0.03353588444341745, 'max_pair_corr': 0.9792870409968467, 'n_estimators': 1126, 'learning_rate': 0.0048169883499244144, 'max_depth': 19, 'min_child_weight': 0.11713442554567768, 'subsample': 0.8972380267280605, 'colsample_bytree': 0.5794259437545165, 'gamma': 0.17444015682496436, 'reg_alpha': 0.011274200720543942, 'reg_lambda': 0.17883991897825008}. Best is trial 198 with value: 0.032503195741021014.
[I 2025-08-01 09:34:49,419] Trial 228 finished with value: 0.03329051178245866 and parameters: {'min_abs_corr': 0.02926696248867152, 'max_pair_corr': 0.9814642266329342, 'n_estimators': 1149, 'learning_rate': 0.0052494173117661564, 'max_depth': 20, 'min_child_weight': 0.044557458832314524, 'subsample': 0.91013195957822, 'colsample_bytree': 0.5570343471421826, 'gamma': 0.002323165535581662, 'reg_alpha': 0.0014622811653817458, 'reg_lambda': 2.320242485310859}. Best is trial 198 with value: 0.032503195741021014.
[I 2025-08-01 09:34:53,072] Trial 229 finished with value: 0.048443487900614424 and parameters: {'min_abs_corr': 0.030462264051077083, 'max_pair_corr': 0.9827412785504415, 'n_estimators': 1143, 'learning_rate': 0.005255228556871781, 'max_depth': 19, 'min_child_weight': 0.04006008414606491, 'subsample': 0.9023198250794217, 'colsample_bytree': 0.5351069057213724, 'gamma': 0.11072093895403638, 'reg_alpha': 0.07136922778780422, 'reg_lambda': 2.3429203527989824}. Best is trial 198 with value: 0.032503195741021014.
[I 2025-08-01 09:34:56,687] Trial 230 finished with value: 0.058361436300141276 and parameters: {'min_abs_corr': 0.02893198770424818, 'max_pair_corr': 0.9812538911936276, 'n_estimators': 1107, 'learning_rate': 0.004163184794623455, 'max_depth': 20, 'min_child_weight': 0.045153447260545175, 'subsample': 0.8883928115925507, 'colsample_bytree': 0.5944707390602015, 'gamma': 0.2720343742147183, 'reg_alpha': 0.16380537461747852, 'reg_lambda': 2.1507755911007793}. Best is trial 198 with value: 0.032503195741021014.
[I 2025-08-01 09:35:11,523] Trial 231 finished with value: 0.03293098337861676 and parameters: {'min_abs_corr': 0.024774493206218266, 'max_pair_corr': 0.9778630087453715, 'n_estimators': 1163, 'learning_rate': 0.004623192301468281, 'max_depth': 20, 'min_child_weight': 0.09850771866389194, 'subsample': 0.5041177986990445, 'colsample_bytree': 0.5507614424472256, 'gamma': 0.0024276333365015044, 'reg_alpha': 0.0016871061224007858, 'reg_lambda': 2.2744618037663065}. Best is trial 198 with value: 0.032503195741021014.
[I 2025-08-01 09:35:23,159] Trial 232 finished with value: 0.03371881323037987 and parameters: {'min_abs_corr': 0.025870747690266, 'max_pair_corr': 0.978483651700777, 'n_estimators': 1156, 'learning_rate': 0.005293354590528801, 'max_depth': 20, 'min_child_weight': 0.062139031371827795, 'subsample': 0.6268759412818211, 'colsample_bytree': 0.5481437491773866, 'gamma': 0.005189519688936459, 'reg_alpha': 0.002683533467892346, 'reg_lambda': 2.3192549397713504}. Best is trial 198 with value: 0.032503195741021014.
[I 2025-08-01 09:35:25,359] Trial 233 finished with value: 0.10457585335510426 and parameters: {'min_abs_corr': 0.024460041058309026, 'max_pair_corr': 0.9787844388918527, 'n_estimators': 1164, 'learning_rate': 0.005899516659370073, 'max_depth': 20, 'min_child_weight': 0.06288880148697563, 'subsample': 0.5174014613000367, 'colsample_bytree': 0.5502362433397693, 'gamma': 1.9553496255011722, 'reg_alpha': 0.023315775210938906, 'reg_lambda': 2.4804710208548224}. Best is trial 198 with value: 0.032503195741021014.
[I 2025-08-01 09:35:30,240] Trial 234 finished with value: 0.048710949983651816 and parameters: {'min_abs_corr': 0.026015541044214552, 'max_pair_corr': 0.9812329282741442, 'n_estimators': 1189, 'learning_rate': 0.0043496953392637185, 'max_depth': 19, 'min_child_weight': 0.09547527681846255, 'subsample': 0.6911518802036535, 'colsample_bytree': 0.5433070204517797, 'gamma': 0.10598785393641649, 'reg_alpha': 0.028944643707602854, 'reg_lambda': 2.5600416028963187}. Best is trial 198 with value: 0.032503195741021014.
[I 2025-08-01 09:35:34,969] Trial 235 finished with value: 0.04827923467518257 and parameters: {'min_abs_corr': 0.02375940114747344, 'max_pair_corr': 0.9789853809191534, 'n_estimators': 1152, 'learning_rate': 0.00399734388570854, 'max_depth': 20, 'min_child_weight': 0.06848486010281644, 'subsample': 0.9214107412591849, 'colsample_bytree': 0.5728900915386748, 'gamma': 0.10907258740605057, 'reg_alpha': 0.01881382304028721, 'reg_lambda': 2.2333887700283146}. Best is trial 198 with value: 0.032503195741021014.
[I 2025-08-01 09:35:38,096] Trial 236 finished with value: 0.0557260115197703 and parameters: {'min_abs_corr': 0.026616894430415355, 'max_pair_corr': 0.9765831555403386, 'n_estimators': 1214, 'learning_rate': 0.005116571547582697, 'max_depth': 19, 'min_child_weight': 0.08009522526978692, 'subsample': 0.6154451901310719, 'colsample_bytree': 0.5270992685143212, 'gamma': 0.18956904332600122, 'reg_alpha': 0.16721213597294182, 'reg_lambda': 2.38502914986794}. Best is trial 198 with value: 0.032503195741021014.
[I 2025-08-01 09:35:41,679] Trial 237 finished with value: 0.04848917643560893 and parameters: {'min_abs_corr': 0.02206689573894433, 'max_pair_corr': 0.9219857907453102, 'n_estimators': 1096, 'learning_rate': 0.004601079868899579, 'max_depth': 20, 'min_child_weight': 0.05618997520325406, 'subsample': 0.5451751636945747, 'colsample_bytree': 0.5580485291204622, 'gamma': 0.08317439387051004, 'reg_alpha': 0.014913684458977075, 'reg_lambda': 2.2320512034634037}. Best is trial 198 with value: 0.032503195741021014.
[I 2025-08-01 09:35:48,945] Trial 238 finished with value: 0.03309855549058178 and parameters: {'min_abs_corr': 0.028861132774200268, 'max_pair_corr': 0.9777031674738711, 'n_estimators': 1127, 'learning_rate': 0.0133383468009392, 'max_depth': 18, 'min_child_weight': 0.13920286534111687, 'subsample': 0.644930025386663, 'colsample_bytree': 0.5804045802650922, 'gamma': 0.001486421888081965, 'reg_alpha': 0.18248790917714366, 'reg_lambda': 2.0288646368889434}. Best is trial 198 with value: 0.032503195741021014.
[I 2025-08-01 09:35:53,215] Trial 239 finished with value: 0.03584625798751932 and parameters: {'min_abs_corr': 0.028193236155696307, 'max_pair_corr': 0.9840970623290498, 'n_estimators': 1126, 'learning_rate': 0.014768392630005575, 'max_depth': 18, 'min_child_weight': 0.16593359550928904, 'subsample': 0.5990221982292132, 'colsample_bytree': 0.5786759073921661, 'gamma': 0.011177377345187627, 'reg_alpha': 0.11286932028882997, 'reg_lambda': 2.358853926391926}. Best is trial 198 with value: 0.032503195741021014.
[I 2025-08-01 09:35:55,554] Trial 240 finished with value: 0.05612526671757737 and parameters: {'min_abs_corr': 0.02934284520473097, 'max_pair_corr': 0.9805961194109244, 'n_estimators': 1041, 'learning_rate': 0.013024832877010855, 'max_depth': 18, 'min_child_weight': 0.1411990519777851, 'subsample': 0.6437581353132704, 'colsample_bytree': 0.564895956669394, 'gamma': 0.20700506315034353, 'reg_alpha': 0.2227806872120539, 'reg_lambda': 2.0609500471590523}. Best is trial 198 with value: 0.032503195741021014.
[I 2025-08-01 09:36:06,188] Trial 241 finished with value: 0.0319496128909363 and parameters: {'min_abs_corr': 0.025250050742940074, 'max_pair_corr': 0.9776111138445067, 'n_estimators': 551, 'learning_rate': 0.011184732914667221, 'max_depth': 19, 'min_child_weight': 0.09415109046639758, 'subsample': 0.6500902164721435, 'colsample_bytree': 0.5916726662915353, 'gamma': 0.0005414544756485837, 'reg_alpha': 0.006846879074628972, 'reg_lambda': 2.3310131717042974}. Best is trial 241 with value: 0.0319496128909363.
[I 2025-08-01 09:36:11,560] Trial 242 finished with value: 0.03386047181343751 and parameters: {'min_abs_corr': 0.025256890569366718, 'max_pair_corr': 0.9775764197850139, 'n_estimators': 1149, 'learning_rate': 0.017383435603016643, 'max_depth': 19, 'min_child_weight': 0.10121367664637484, 'subsample': 0.6609210656285157, 'colsample_bytree': 0.5909355108934768, 'gamma': 0.004711434340952781, 'reg_alpha': 0.10141870762332997, 'reg_lambda': 2.341084366166383}. Best is trial 241 with value: 0.0319496128909363.
[I 2025-08-01 09:36:13,321] Trial 243 finished with value: 0.048174527085365695 and parameters: {'min_abs_corr': 0.025162991766455024, 'max_pair_corr': 0.9776178742977072, 'n_estimators': 631, 'learning_rate': 0.016800335832177195, 'max_depth': 19, 'min_child_weight': 0.10074364059089407, 'subsample': 0.6554931096596478, 'colsample_bytree': 0.5953123292565328, 'gamma': 0.10468357467618596, 'reg_alpha': 0.09076708830993804, 'reg_lambda': 2.3082395865091856}. Best is trial 241 with value: 0.0319496128909363.
[I 2025-08-01 09:36:14,729] Trial 244 finished with value: 0.05020178661498068 and parameters: {'min_abs_corr': 0.023296313208475132, 'max_pair_corr': 0.9798796449830232, 'n_estimators': 236, 'learning_rate': 0.012800554769377795, 'max_depth': 18, 'min_child_weight': 0.13499315429946773, 'subsample': 0.6390178825598176, 'colsample_bytree': 0.5846558810207203, 'gamma': 0.10552057827324794, 'reg_alpha': 0.016423866025298058, 'reg_lambda': 2.3642880149578427}. Best is trial 241 with value: 0.0319496128909363.
[I 2025-08-01 09:36:21,530] Trial 245 finished with value: 0.03387894427694715 and parameters: {'min_abs_corr': 0.020742983546395945, 'max_pair_corr': 0.9790162455945172, 'n_estimators': 1151, 'learning_rate': 0.01111890566692136, 'max_depth': 15, 'min_child_weight': 0.10215368895608312, 'subsample': 0.6592151524395617, 'colsample_bytree': 0.587753829212163, 'gamma': 0.005496804869574673, 'reg_alpha': 0.0009385044794268998, 'reg_lambda': 2.4889148558653025}. Best is trial 241 with value: 0.0319496128909363.
[I 2025-08-01 09:36:24,505] Trial 246 finished with value: 0.05254389264155559 and parameters: {'min_abs_corr': 0.020606232603026013, 'max_pair_corr': 0.9782108263514221, 'n_estimators': 1149, 'learning_rate': 0.0108084502536395, 'max_depth': 15, 'min_child_weight': 0.19943662401661383, 'subsample': 0.636527271528119, 'colsample_bytree': 0.5970219075574015, 'gamma': 0.16386348425614794, 'reg_alpha': 0.014031962353295097, 'reg_lambda': 2.417469458704084}. Best is trial 241 with value: 0.0319496128909363.
[I 2025-08-01 09:36:27,789] Trial 247 finished with value: 0.04727859644068263 and parameters: {'min_abs_corr': 0.018678326681048865, 'max_pair_corr': 0.9827088679220319, 'n_estimators': 1113, 'learning_rate': 0.009322255712922677, 'max_depth': 18, 'min_child_weight': 0.12179687771790687, 'subsample': 0.6669674212502195, 'colsample_bytree': 0.5840228116309162, 'gamma': 0.09007777769549584, 'reg_alpha': 0.11590255622146592, 'reg_lambda': 2.5347469165421406}. Best is trial 241 with value: 0.0319496128909363.
[I 2025-08-01 09:36:30,536] Trial 248 finished with value: 0.04677906587114345 and parameters: {'min_abs_corr': 0.025069055523027114, 'max_pair_corr': 0.98090894927097, 'n_estimators': 1077, 'learning_rate': 0.0116442791175325, 'max_depth': 19, 'min_child_weight': 0.10367269614906956, 'subsample': 0.6511694016156314, 'colsample_bytree': 0.591141722959549, 'gamma': 0.09113899726454738, 'reg_alpha': 0.008227301234478845, 'reg_lambda': 2.1190407865074277}. Best is trial 241 with value: 0.0319496128909363.
[I 2025-08-01 09:36:38,023] Trial 249 finished with value: 0.033507712939256834 and parameters: {'min_abs_corr': 0.022254743120344877, 'max_pair_corr': 0.9790163633971297, 'n_estimators': 1132, 'learning_rate': 0.010270087531246747, 'max_depth': 17, 'min_child_weight': 0.16202012538434973, 'subsample': 0.6185348137790092, 'colsample_bytree': 0.548689359767503, 'gamma': 0.0028927021220742366, 'reg_alpha': 0.13656296419320782, 'reg_lambda': 2.0135060508486102}. Best is trial 241 with value: 0.0319496128909363.
[I 2025-08-01 09:36:39,092] Trial 250 finished with value: 0.1092677972098012 and parameters: {'min_abs_corr': 0.01977403838932286, 'max_pair_corr': 0.9792495075197128, 'n_estimators': 455, 'learning_rate': 0.0200515790177489, 'max_depth': 16, 'min_child_weight': 0.15711922297548653, 'subsample': 0.6062148944691059, 'colsample_bytree': 0.5377272638811988, 'gamma': 2.9592574869692534, 'reg_alpha': 0.0009375163912853784, 'reg_lambda': 2.4506720900124517}. Best is trial 241 with value: 0.0319496128909363.
[I 2025-08-01 09:36:45,135] Trial 251 finished with value: 0.03493051019489973 and parameters: {'min_abs_corr': 0.02249211165852128, 'max_pair_corr': 0.9781478193350654, 'n_estimators': 1143, 'learning_rate': 0.010544113591404485, 'max_depth': 18, 'min_child_weight': 0.1883382301788568, 'subsample': 0.6629216968009506, 'colsample_bytree': 0.5490174406060784, 'gamma': 0.006903537602216486, 'reg_alpha': 0.11346089099678222, 'reg_lambda': 2.6775948388193327}. Best is trial 241 with value: 0.0319496128909363.
[I 2025-08-01 09:37:00,811] Trial 252 finished with value: 0.03172415209124509 and parameters: {'min_abs_corr': 0.024080289417924526, 'max_pair_corr': 0.9815490680894812, 'n_estimators': 1116, 'learning_rate': 0.01340913995369531, 'max_depth': 16, 'min_child_weight': 0.14217623619026623, 'subsample': 0.6233964724484795, 'colsample_bytree': 0.5525688058553924, 'gamma': 9.785298496320328e-05, 'reg_alpha': 0.12886832421712469, 'reg_lambda': 2.0153139758955234}. Best is trial 252 with value: 0.03172415209124509.
[I 2025-08-01 09:37:02,796] Trial 253 finished with value: 0.05589566707589455 and parameters: {'min_abs_corr': 0.02387821959426723, 'max_pair_corr': 0.9820846708984069, 'n_estimators': 1101, 'learning_rate': 0.016508517504669123, 'max_depth': 16, 'min_child_weight': 0.15728759806069534, 'subsample': 0.627522402465906, 'colsample_bytree': 0.5166874577108957, 'gamma': 0.2162969215278113, 'reg_alpha': 0.17319732043900954, 'reg_lambda': 1.8671946423039019}. Best is trial 252 with value: 0.03172415209124509.
