[I 2025-08-01 09:37:04,437] Trial 254 finished with value: 0.05409384464209693 and parameters: {'min_abs_corr': 0.016656130882812356, 'max_pair_corr': 0.9834412092852588, 'n_estimators': 537, 'learning_rate': 0.013047829494201827, 'max_depth': 17, 'min_child_weight': 0.04708828009441177, 'subsample': 0.6291939079634096, 'colsample_bytree': 0.5338315480488535, 'gamma': 0.1713474552724087, 'reg_alpha': 0.1452896347023328, 'reg_lambda': 1.9963408955162263}. Best is trial 252 with value: 0.03172415209124509.
[I 2025-08-01 09:37:06,840] Trial 255 finished with value: 0.04848046936397462 and parameters: {'min_abs_corr': 0.020821559534422388, 'max_pair_corr': 0.9310798945259399, 'n_estimators': 1124, 'learning_rate': 0.014287624612252376, 'max_depth': 16, 'min_child_weight': 0.2123835802056946, 'subsample': 0.6804625843167382, 'colsample_bytree': 0.5510740002999471, 'gamma': 0.09835494719163011, 'reg_alpha': 0.12216093641669884, 'reg_lambda': 1.969298603687316}. Best is trial 252 with value: 0.03172415209124509.
[I 2025-08-01 09:37:16,150] Trial 256 finished with value: 0.03268170413357924 and parameters: {'min_abs_corr': 0.022582520779183615, 'max_pair_corr': 0.9802852625871058, 'n_estimators': 876, 'learning_rate': 0.01132425739791515, 'max_depth': 17, 'min_child_weight': 0.2462544026667894, 'subsample': 0.64255843115884, 'colsample_bytree': 0.5621743329611175, 'gamma': 0.0008370816705798549, 'reg_alpha': 0.17781089172352388, 'reg_lambda': 2.19503584309536}. Best is trial 252 with value: 0.03172415209124509.
[I 2025-08-01 09:37:18,019] Trial 257 finished with value: 0.05782504003063903 and parameters: {'min_abs_corr': 0.021634952559410097, 'max_pair_corr': 0.9812520713759558, 'n_estimators': 917, 'learning_rate': 0.011665104048810446, 'max_depth': 16, 'min_child_weight': 0.1861774081038712, 'subsample': 0.6190893603447591, 'colsample_bytree': 0.5445703078267051, 'gamma': 0.23746782554864074, 'reg_alpha': 0.17330153650144858, 'reg_lambda': 2.1937788182315607}. Best is trial 252 with value: 0.03172415209124509.
[I 2025-08-01 09:37:20,522] Trial 258 finished with value: 0.05336525663226608 and parameters: {'min_abs_corr': 0.02378040467403989, 'max_pair_corr': 0.9841641304002416, 'n_estimators': 886, 'learning_rate': 0.00972270154676113, 'max_depth': 17, 'min_child_weight': 0.23431259661010792, 'subsample': 0.6454914823957068, 'colsample_bytree': 0.5576139690520634, 'gamma': 0.14973142456410485, 'reg_alpha': 0.3307103999634662, 'reg_lambda': 2.0652138915900973}. Best is trial 252 with value: 0.03172415209124509.
[I 2025-08-01 09:37:29,849] Trial 259 finished with value: 0.03316010507972804 and parameters: {'min_abs_corr': 0.025429513919436365, 'max_pair_corr': 0.9812279144525686, 'n_estimators': 717, 'learning_rate': 0.01185221990221787, 'max_depth': 17, 'min_child_weight': 0.1344925910845795, 'subsample': 0.6309699019789107, 'colsample_bytree': 0.5275206419209976, 'gamma': 0.0005322318870323883, 'reg_alpha': 0.19835086323639833, 'reg_lambda': 2.2745592921310704}. Best is trial 252 with value: 0.03172415209124509.
[I 2025-08-01 09:37:32,582] Trial 260 finished with value: 0.04940913003856704 and parameters: {'min_abs_corr': 0.01977472979583738, 'max_pair_corr': 0.980698988422647, 'n_estimators': 1069, 'learning_rate': 0.014105827350659843, 'max_depth': 17, 'min_child_weight': 0.29727073623333833, 'subsample': 0.6279646226209037, 'colsample_bytree': 0.5318555324784817, 'gamma': 0.1053882662357336, 'reg_alpha': 0.2454531700165674, 'reg_lambda': 2.1676082932986938}. Best is trial 252 with value: 0.03172415209124509.
[I 2025-08-01 09:37:33,941] Trial 261 finished with value: 0.10958759073015989 and parameters: {'min_abs_corr': 0.022266700541470043, 'max_pair_corr': 0.9854040226879459, 'n_estimators': 769, 'learning_rate': 0.011794511643494583, 'max_depth': 15, 'min_child_weight': 0.1284658879885438, 'subsample': 0.6073056888460671, 'colsample_bytree': 0.5687381586880392, 'gamma': 4.910680080293725, 'reg_alpha': 0.16465354449356828, 'reg_lambda': 2.28297044471134}. Best is trial 252 with value: 0.03172415209124509.
[I 2025-08-01 09:37:35,614] Trial 262 finished with value: 0.06459535303488959 and parameters: {'min_abs_corr': 0.025418878994839987, 'max_pair_corr': 0.9279432119362538, 'n_estimators': 728, 'learning_rate': 0.00829425573315849, 'max_depth': 17, 'min_child_weight': 0.24135982475310788, 'subsample': 0.6484925281889183, 'colsample_bytree': 0.5494931146374716, 'gamma': 0.30082536938625215, 'reg_alpha': 0.3704524824528727, 'reg_lambda': 2.078605287328733}. Best is trial 252 with value: 0.03172415209124509.
[I 2025-08-01 09:37:37,799] Trial 263 finished with value: 0.04882262656954545 and parameters: {'min_abs_corr': 0.024381745956867328, 'max_pair_corr': 0.9822568129782457, 'n_estimators': 560, 'learning_rate': 0.01089222641744753, 'max_depth': 17, 'min_child_weight': 0.13382217273681815, 'subsample': 0.6676572457035977, 'colsample_bytree': 0.5617519263911864, 'gamma': 0.09734920778881977, 'reg_alpha': 0.1888358536401315, 'reg_lambda': 2.25154537704958}. Best is trial 252 with value: 0.03172415209124509.
[I 2025-08-01 09:37:39,401] Trial 264 finished with value: 0.05579374303822502 and parameters: {'min_abs_corr': 0.02259662151037914, 'max_pair_corr': 0.9797174575682264, 'n_estimators': 322, 'learning_rate': 0.008983113905214894, 'max_depth': 18, 'min_child_weight': 0.16243658347587656, 'subsample': 0.6382194749846599, 'colsample_bytree': 0.5401786284179614, 'gamma': 0.1741252625360674, 'reg_alpha': 0.10161941322608735, 'reg_lambda': 2.599676855916878}. Best is trial 252 with value: 0.03172415209124509.
[I 2025-08-01 09:37:43,729] Trial 265 finished with value: 0.04351408795300194 and parameters: {'min_abs_corr': 0.026253193112641474, 'max_pair_corr': 0.9795858019973153, 'n_estimators': 977, 'learning_rate': 0.012788754627952746, 'max_depth': 17, 'min_child_weight': 0.12297566341849006, 'subsample': 0.5830797845672127, 'colsample_bytree': 0.5557224474481874, 'gamma': 0.006387854031829175, 'reg_alpha': 1.3408921911513245, 'reg_lambda': 2.485886732607753}. Best is trial 252 with value: 0.03172415209124509.
[I 2025-08-01 09:37:44,651] Trial 266 finished with value: 0.061525421393584565 and parameters: {'min_abs_corr': 0.017788557823546908, 'max_pair_corr': 0.9093836773395747, 'n_estimators': 399, 'learning_rate': 0.015993644770000145, 'max_depth': 16, 'min_child_weight': 2.81295015376444, 'subsample': 0.6572231388125096, 'colsample_bytree': 0.5694575063197769, 'gamma': 0.2443266334739223, 'reg_alpha': 0.31382143656822914, 'reg_lambda': 2.155498695167056}. Best is trial 252 with value: 0.03172415209124509.
[I 2025-08-01 09:37:46,973] Trial 267 finished with value: 0.04856157154263488 and parameters: {'min_abs_corr': 0.025284938173135346, 'max_pair_corr': 0.9775054577035774, 'n_estimators': 815, 'learning_rate': 0.009857393832062536, 'max_depth': 18, 'min_child_weight': 0.09296303557816446, 'subsample': 0.622741874541457, 'colsample_bytree': 0.5243551571904103, 'gamma': 0.10037132247167092, 'reg_alpha': 0.09980191033825671, 'reg_lambda': 2.7576851162442826}. Best is trial 252 with value: 0.03172415209124509.
[I 2025-08-01 09:37:53,864] Trial 268 finished with value: 0.033619134368395455 and parameters: {'min_abs_corr': 0.02055363824016452, 'max_pair_corr': 0.982287928672612, 'n_estimators': 944, 'learning_rate': 0.011216381834356142, 'max_depth': 17, 'min_child_weight': 0.1706285444278617, 'subsample': 0.6359813219948899, 'colsample_bytree': 0.5700656320414601, 'gamma': 0.0028433504935316575, 'reg_alpha': 0.20538942691146675, 'reg_lambda': 1.8624434906063865}. Best is trial 252 with value: 0.03172415209124509.
[I 2025-08-01 09:38:04,182] Trial 269 finished with value: 0.032542997507885335 and parameters: {'min_abs_corr': 0.018972298881322857, 'max_pair_corr': 0.9833016744317761, 'n_estimators': 880, 'learning_rate': 0.01158418392692713, 'max_depth': 17, 'min_child_weight': 0.1947821731802419, 'subsample': 0.6296764347761085, 'colsample_bytree': 0.5758159230108707, 'gamma': 0.0008403270063255201, 'reg_alpha': 0.08948504613077296, 'reg_lambda': 1.9146084638021807}. Best is trial 252 with value: 0.03172415209124509.
[I 2025-08-01 09:38:06,772] Trial 270 finished with value: 0.053752501739192396 and parameters: {'min_abs_corr': 0.019956642717248264, 'max_pair_corr': 0.9835131534757343, 'n_estimators': 964, 'learning_rate': 0.010827859558528257, 'max_depth': 17, 'min_child_weight': 0.29888587981203235, 'subsample': 0.6343519874851974, 'colsample_bytree': 0.6028563306918353, 'gamma': 0.1640888740084345, 'reg_alpha': 0.20793636539431726, 'reg_lambda': 1.778928129865565}. Best is trial 252 with value: 0.03172415209124509.
[I 2025-08-01 09:38:09,426] Trial 271 finished with value: 0.04803605223935632 and parameters: {'min_abs_corr': 0.014762986851732485, 'max_pair_corr': 0.9871110447557486, 'n_estimators': 879, 'learning_rate': 0.013993831788120574, 'max_depth': 17, 'min_child_weight': 0.18838184293824398, 'subsample': 0.6151342949498725, 'colsample_bytree': 0.5783578437228547, 'gamma': 0.08458656786715614, 'reg_alpha': 0.2920598225029647, 'reg_lambda': 1.8787695907172437}. Best is trial 252 with value: 0.03172415209124509.
[I 2025-08-01 09:38:11,464] Trial 272 finished with value: 0.06310924465764044 and parameters: {'min_abs_corr': 0.017978025336965932, 'max_pair_corr': 0.9853704947711476, 'n_estimators': 860, 'learning_rate': 0.011682407060239495, 'max_depth': 16, 'min_child_weight': 0.2513148760427554, 'subsample': 0.6455588387705524, 'colsample_bytree': 0.5900120595230564, 'gamma': 0.36752393238557085, 'reg_alpha': 0.0961081190599621, 'reg_lambda': 2.047511848301039}. Best is trial 252 with value: 0.03172415209124509.
[I 2025-08-01 09:38:12,991] Trial 273 finished with value: 0.10246302962348733 and parameters: {'min_abs_corr': 0.021203251091781807, 'max_pair_corr': 0.9820214770888026, 'n_estimators': 937, 'learning_rate': 0.00929681518183896, 'max_depth': 17, 'min_child_weight': 0.18101482207350156, 'subsample': 0.6791395440986766, 'colsample_bytree': 0.5744067916151994, 'gamma': 2.162701900365899, 'reg_alpha': 0.013098987750311248, 'reg_lambda': 1.9138728517483303}. Best is trial 252 with value: 0.03172415209124509.
[I 2025-08-01 09:38:17,865] Trial 274 finished with value: 0.03310429769117697 and parameters: {'min_abs_corr': 0.019185737856010972, 'max_pair_corr': 0.9815336559655408, 'n_estimators': 838, 'learning_rate': 0.019897662920968274, 'max_depth': 17, 'min_child_weight': 0.15638421013878995, 'subsample': 0.6335381809136016, 'colsample_bytree': 0.5435317370800172, 'gamma': 0.0036288641343769383, 'reg_alpha': 0.004943394484370808, 'reg_lambda': 1.6948943302277522}. Best is trial 252 with value: 0.03172415209124509.
[I 2025-08-01 09:38:19,570] Trial 275 finished with value: 0.05829938026855071 and parameters: {'min_abs_corr': 0.013656530603626855, 'max_pair_corr': 0.9815563434282133, 'n_estimators': 680, 'learning_rate': 0.020398792050680715, 'max_depth': 17, 'min_child_weight': 0.14561519858624303, 'subsample': 0.6331957232749773, 'colsample_bytree': 0.5424915214328864, 'gamma': 0.278348541749591, 'reg_alpha': 0.004347210996834716, 'reg_lambda': 1.6734540611804047}. Best is trial 252 with value: 0.03172415209124509.
[I 2025-08-01 09:38:25,491] Trial 276 finished with value: 0.0335111344132575 and parameters: {'min_abs_corr': 0.016845973795154887, 'max_pair_corr': 0.9833153493894137, 'n_estimators': 856, 'learning_rate': 0.015348146600388218, 'max_depth': 17, 'min_child_weight': 0.21977844962563278, 'subsample': 0.6093634843772148, 'colsample_bytree': 0.5284018254650645, 'gamma': 0.002490540951900432, 'reg_alpha': 0.1823285925631346, 'reg_lambda': 1.9505990552802395}. Best is trial 252 with value: 0.03172415209124509.
[I 2025-08-01 09:38:27,186] Trial 277 finished with value: 0.054640937915972375 and parameters: {'min_abs_corr': 0.017468165692439492, 'max_pair_corr': 0.9842584653098126, 'n_estimators': 848, 'learning_rate': 0.02173163299317994, 'max_depth': 16, 'min_child_weight': 0.234049387370246, 'subsample': 0.6092897572624517, 'colsample_bytree': 0.5171284989639534, 'gamma': 0.1746044701831547, 'reg_alpha': 0.32014224351425885, 'reg_lambda': 1.9447394346618854}. Best is trial 252 with value: 0.03172415209124509.
[I 2025-08-01 09:38:35,502] Trial 278 finished with value: 0.03288710142633587 and parameters: {'min_abs_corr': 0.015727642840176345, 'max_pair_corr': 0.9829315911124104, 'n_estimators': 889, 'learning_rate': 0.01838940898079825, 'max_depth': 17, 'min_child_weight': 0.34128307759462856, 'subsample': 0.5928362136446734, 'colsample_bytree': 0.5332661339153181, 'gamma': 0.00047658022736731106, 'reg_alpha': 0.21071941836789476, 'reg_lambda': 1.7673456900601172}. Best is trial 252 with value: 0.03172415209124509.
[I 2025-08-01 09:38:37,630] Trial 279 finished with value: 0.0493992954004822 and parameters: {'min_abs_corr': 0.015949028328968242, 'max_pair_corr': 0.9866882804414704, 'n_estimators': 881, 'learning_rate': 0.01850896425370393, 'max_depth': 17, 'min_child_weight': 0.19376393562563907, 'subsample': 0.595707957654092, 'colsample_bytree': 0.5038775997252957, 'gamma': 0.10388631119875906, 'reg_alpha': 0.23239763352838866, 'reg_lambda': 1.6438821424956649}. Best is trial 252 with value: 0.03172415209124509.
[I 2025-08-01 09:38:39,837] Trial 280 finished with value: 0.055958627355326786 and parameters: {'min_abs_corr': 0.014236644478207296, 'max_pair_corr': 0.9833213936658664, 'n_estimators': 910, 'learning_rate': 0.016860673738201732, 'max_depth': 17, 'min_child_weight': 0.30483328364410345, 'subsample': 0.6238808697169389, 'colsample_bytree': 0.5237726158473444, 'gamma': 0.18795088769809687, 'reg_alpha': 0.4113149797371383, 'reg_lambda': 1.7253691781867355}. Best is trial 252 with value: 0.03172415209124509.
[I 2025-08-01 09:38:41,679] Trial 281 finished with value: 0.04815161646853845 and parameters: {'min_abs_corr': 0.010727135687714526, 'max_pair_corr': 0.9850109023194962, 'n_estimators': 849, 'learning_rate': 0.026117440162597778, 'max_depth': 13, 'min_child_weight': 0.369519737010758, 'subsample': 0.6164228022480601, 'colsample_bytree': 0.5302667222112427, 'gamma': 0.09680234766251351, 'reg_alpha': 0.20748926005706012, 'reg_lambda': 1.7964368085161249}. Best is trial 252 with value: 0.03172415209124509.
[I 2025-08-01 09:38:48,443] Trial 282 finished with value: 0.033814373553000994 and parameters: {'min_abs_corr': 0.018501500988662073, 'max_pair_corr': 0.9817638775878164, 'n_estimators': 938, 'learning_rate': 0.015283003952319487, 'max_depth': 17, 'min_child_weight': 0.44154492016993885, 'subsample': 0.5514704956591001, 'colsample_bytree': 0.5372434875199525, 'gamma': 0.0010574000820237693, 'reg_alpha': 0.3475012989117052, 'reg_lambda': 1.9947756465397704}. Best is trial 252 with value: 0.03172415209124509.
[I 2025-08-01 09:38:57,121] Trial 283 finished with value: 0.03323949490585017 and parameters: {'min_abs_corr': 0.018827171945375597, 'max_pair_corr': 0.9828640293836576, 'n_estimators': 937, 'learning_rate': 0.014991174770655136, 'max_depth': 17, 'min_child_weight': 0.4105323362333108, 'subsample': 0.5412076015840949, 'colsample_bytree': 0.5129228461335644, 'gamma': 0.0004517202667513069, 'reg_alpha': 0.3566600900932506, 'reg_lambda': 1.9997546194380635}. Best is trial 252 with value: 0.03172415209124509.
[I 2025-08-01 09:38:58,854] Trial 284 finished with value: 0.06358101132177638 and parameters: {'min_abs_corr': 0.01880972654957585, 'max_pair_corr': 0.9825873796137596, 'n_estimators': 933, 'learning_rate': 0.017833476345662996, 'max_depth': 17, 'min_child_weight': 0.5047421143792956, 'subsample': 0.5266754868667821, 'colsample_bytree': 0.5050032668126617, 'gamma': 0.30490491613775395, 'reg_alpha': 0.4698070884854091, 'reg_lambda': 1.8411445214190716}. Best is trial 252 with value: 0.03172415209124509.
[I 2025-08-01 09:39:01,012] Trial 285 finished with value: 0.05127802541884154 and parameters: {'min_abs_corr': 0.012954057506536939, 'max_pair_corr': 0.9842561391290992, 'n_estimators': 889, 'learning_rate': 0.015798968992672743, 'max_depth': 17, 'min_child_weight': 0.46338943697510904, 'subsample': 0.5050636903066376, 'colsample_bytree': 0.5125038889257719, 'gamma': 0.10534980813331461, 'reg_alpha': 0.3785098648348965, 'reg_lambda': 1.9602426683189265}. Best is trial 252 with value: 0.03172415209124509.
[I 2025-08-01 09:39:02,974] Trial 286 finished with value: 0.05774347863550929 and parameters: {'min_abs_corr': 0.01664288071157138, 'max_pair_corr': 0.9819189802433307, 'n_estimators': 951, 'learning_rate': 0.015362574094191119, 'max_depth': 16, 'min_child_weight': 0.38335717540836456, 'subsample': 0.5604564487405367, 'colsample_bytree': 0.5308801120876044, 'gamma': 0.21498124021964876, 'reg_alpha': 0.3152416736996055, 'reg_lambda': 2.0180829170862706}. Best is trial 252 with value: 0.03172415209124509.
[I 2025-08-01 09:39:05,007] Trial 287 finished with value: 0.05002003823766954 and parameters: {'min_abs_corr': 0.01879728824344032, 'max_pair_corr': 0.9886630654719178, 'n_estimators': 906, 'learning_rate': 0.01831533809446927, 'max_depth': 17, 'min_child_weight': 0.8224101143642696, 'subsample': 0.5869021984391107, 'colsample_bytree': 0.48240481406898944, 'gamma': 0.09641499847804584, 'reg_alpha': 0.3781562792446598, 'reg_lambda': 2.130405119990471}. Best is trial 252 with value: 0.03172415209124509.
[I 2025-08-01 09:39:11,627] Trial 288 finished with value: 0.03427474810261886 and parameters: {'min_abs_corr': 0.015807044646886866, 'max_pair_corr': 0.9860725987164676, 'n_estimators': 839, 'learning_rate': 0.015163077001478257, 'max_depth': 17, 'min_child_weight': 0.3671224069049174, 'subsample': 0.5522845723892985, 'colsample_bytree': 0.5367988076183045, 'gamma': 0.0016326769437297653, 'reg_alpha': 0.25885163599896766, 'reg_lambda': 1.8724281508612415}. Best is trial 252 with value: 0.03172415209124509.
[I 2025-08-01 09:39:13,531] Trial 289 finished with value: 0.05551709064750334 and parameters: {'min_abs_corr': 0.01896075983437634, 'max_pair_corr': 0.9810862461194223, 'n_estimators': 930, 'learning_rate': 0.024164225249694436, 'max_depth': 17, 'min_child_weight': 0.7051232194555631, 'subsample': 0.592474541826363, 'colsample_bytree': 0.5218313878573535, 'gamma': 0.17139516407597497, 'reg_alpha': 0.506647017407254, 'reg_lambda': 2.0364036602517364}. Best is trial 252 with value: 0.03172415209124509.
[I 2025-08-01 09:39:15,559] Trial 290 finished with value: 0.0494389191486375 and parameters: {'min_abs_corr': 0.016876838019270778, 'max_pair_corr': 0.9833533491312816, 'n_estimators': 804, 'learning_rate': 0.019914442967873175, 'max_depth': 16, 'min_child_weight': 0.2555304792112844, 'subsample': 0.5348219890880258, 'colsample_bytree': 0.5410398519388091, 'gamma': 0.09917366461136867, 'reg_alpha': 0.19143059636921364, 'reg_lambda': 2.136054544233501}. Best is trial 252 with value: 0.03172415209124509.
[I 2025-08-01 09:39:16,937] Trial 291 finished with value: 0.09094681187673713 and parameters: {'min_abs_corr': 0.021758851706467935, 'max_pair_corr': 0.9807309351869493, 'n_estimators': 863, 'learning_rate': 0.017336636823529032, 'max_depth': 17, 'min_child_weight': 0.6013519832534012, 'subsample': 0.575117074918337, 'colsample_bytree': 0.5475876715011658, 'gamma': 1.2419176968469063, 'reg_alpha': 0.2948674612309433, 'reg_lambda': 2.286302887391349}. Best is trial 252 with value: 0.03172415209124509.
[I 2025-08-01 09:39:18,806] Trial 292 finished with value: 0.05901269740778507 and parameters: {'min_abs_corr': 0.019961727788944377, 'max_pair_corr': 0.9828295167113927, 'n_estimators': 894, 'learning_rate': 0.01418339827217807, 'max_depth': 17, 'min_child_weight': 0.28980978245923705, 'subsample': 0.606423976644644, 'colsample_bytree': 0.498384260679243, 'gamma': 0.2648340688085274, 'reg_alpha': 0.1541061377891192, 'reg_lambda': 1.9666365389945089}. Best is trial 252 with value: 0.03172415209124509.
[I 2025-08-01 09:39:20,512] Trial 293 finished with value: 0.10953661094183076 and parameters: {'min_abs_corr': 0.015433039435951774, 'max_pair_corr': 0.9809644710111132, 'n_estimators': 988, 'learning_rate': 0.013316800726164221, 'max_depth': 16, 'min_child_weight': 0.4542494959759318, 'subsample': 0.5066305808516262, 'colsample_bytree': 0.5318155978940898, 'gamma': 2.827700491043165, 'reg_alpha': 0.22511996358696262, 'reg_lambda': 2.241746840721708}. Best is trial 252 with value: 0.03172415209124509.
[I 2025-08-01 09:39:24,780] Trial 294 finished with value: 0.03517122996404518 and parameters: {'min_abs_corr': 0.022337082467362608, 'max_pair_corr': 0.9857845135838365, 'n_estimators': 643, 'learning_rate': 0.021063555975697857, 'max_depth': 18, 'min_child_weight': 0.21673380754971092, 'subsample': 0.6305827884811281, 'colsample_bytree': 0.5136058379140354, 'gamma': 0.0021631180936761227, 'reg_alpha': 0.39069214956207166, 'reg_lambda': 1.758821353340219}. Best is trial 252 with value: 0.03172415209124509.
[I 2025-08-01 09:39:26,536] Trial 295 finished with value: 0.07119474150458416 and parameters: {'min_abs_corr': 0.01773010907077677, 'max_pair_corr': 0.9800643577517726, 'n_estimators': 726, 'learning_rate': 0.016035536967018912, 'max_depth': 17, 'min_child_weight': 0.3368784361602207, 'subsample': 0.6395400381320627, 'colsample_bytree': 0.5499370651771324, 'gamma': 0.09516256463925399, 'reg_alpha': 4.019445176083696, 'reg_lambda': 1.4496555548098544}. Best is trial 252 with value: 0.03172415209124509.
[I 2025-08-01 09:39:29,084] Trial 296 finished with value: 0.05411569703952198 and parameters: {'min_abs_corr': 0.020224436742612217, 'max_pair_corr': 0.9833242574345415, 'n_estimators': 949, 'learning_rate': 0.012794743222859293, 'max_depth': 17, 'min_child_weight': 0.17130572801057245, 'subsample': 0.6214379131409239, 'colsample_bytree': 0.5275042084050094, 'gamma': 0.18384743915586843, 'reg_alpha': 0.1285167150249354, 'reg_lambda': 1.892522889610997}. Best is trial 252 with value: 0.03172415209124509.
